Command: python -u main.py adidas-retail-eda-data-visualization
Started: Sun Mar 29 17:18:24 UTC 2026
Annotated notebook saved to /home/sahilbhatia/pandax/dias_notebooks/saisandeepjallepalli/adidas-retail-eda-data-visualization/src/cell_exec_info.ipynb
Executing code: import sys, os
%load_ext ElasticNotebook
from elastic.core.common.pandas import compare_df, convert_col
import pickle
import cudf
Executing code: %%RecordEventWithColumnInfo
from pathlib import Path
# This Python 3 environment comes with many helpful analytics libraries installed
# It is defined by the kaggle/python Docker image: https://github.com/kaggle/docker-python
# For example, here's several helpful packages to load

import numpy as np # linear algebra
import os
from utils.benchmarks import BENCHMARKS_TO_PATHS
if "IREWR_WITH_MODIN" in os.environ and os.environ["IREWR_WITH_MODIN"] == "True":
    import os
    os.environ["MODIN_ENGINE"] = "ray"
    import ray
    ray.init(num_cpus=int(os.environ['MODIN_CPUS']), runtime_env={'env_vars': {'__MODIN_AUTOIMPORT_PANDAS__': '1'}})
    import modin.pandas as pd
else:
    import pandas as pd
import matplotlib.pyplot as plt
import seaborn as sns
import time
sns.set()

# Input data files are available in the read-only "../input/" directory
# For example, running this (by clicking run or pressing Shift+Enter) will list all files under the input directory

import os
for dirname, _, filenames in os.walk('/kaggle/input'):
    for filename in filenames:
        print(os.path.join(dirname, filename))

# You can write up to 20GB to the current directory (/kaggle/working/) that gets preserved as output when you create a version using "Save & Run All" 
# You can also write temporary files to /kaggle/temp/, but they won't be saved outside of the current session
Executing code: %%RecordEventWithColumnInfo
### cell 0 ###

benchmark_name = "adidas-retail-eda-data-visualization"
df = pd.read_csv(Path(BENCHMARKS_TO_PATHS[benchmark_name]).parent / "input" / "adidas-us-retail-products-dataset" / "adidas.csv")
factor = 10
df = pd.concat([df]*factor)
df.info()
Executing code: %%RecordEventWithColumnInfo
### cell 1 ###

# First 5 records in the DataFrame

df.head()
Executing code: %%RecordEventWithColumnInfo
### cell 2 ###

# Checking for Null Values in the DataFrame

df.isna().sum()

# There 16 Null Values for Original_price Column
Executing code: %%RecordEventWithColumnInfo
### cell 3 ###

# Shape of the DataFrame

df.shape
Executing code: %%RecordEventWithColumnInfo
### cell 4 ###

# Information about the DataFrame

df.info()
Executing code: %%RecordEventWithColumnInfo
### cell 5 ###

# Correlation Between Columns

df.corr(numeric_only=True)
Executing code: %%RecordEventWithColumnInfo
### cell 6 ###

# Statistical informtion about the DataFrame

df.describe().T
Executing code: %%RecordEventWithColumnInfo
### cell 7 ###

# The Percentage of Missing Values in the 'original_price' Column

100 * (df['original_price'].isna().sum() / len(df))

# As the percntage of Null Records is less than 5%, hence dropping the Null record Rows
Executing code: %%RecordEventWithColumnInfo
### cell 8 ###

# Dropping Null Values in the DataFrame

df.dropna(inplace=True, axis=0)
Executing code: %%RecordEventWithColumnInfo
### cell 9 ###

# Checking for Null Values in the DataFrame

df.isna().sum()
Executing code: %%RecordEventWithColumnInfo
### cell 10 ###

# Dropping 'currency' column as all records have 'USD' as currency
# Dropping 'source' column as all records have 'adidas United States' as value
# Dropping 'brand', 'country', 'language' columns as all records have same value

df.drop([ 'brand', 'country', 'language', 'source_website', 'images', 'crawled_at', 'url', 'sku', 'currency','source', 'description'], axis=1, inplace=True)
Executing code: %%RecordEventWithColumnInfo
### cell 11 ###

# First 5 records in the DataFrame

df.head()
Executing code: %%RecordEventWithColumnInfo
### cell 12 ###

# Removing '$' from the DataFrame

df['original_price'] = df['original_price'].str.split('$')
df['original_price'] = df['original_price'].str[1]
Executing code: %%RecordEventWithColumnInfo
### cell 13 ###

# First 5 records in the DataFrame

df.head()
Executing code: %%RecordEventWithColumnInfo
### cell 14 ###

# Shape of the DataFrame

df.shape
Executing code: %%RecordEventWithColumnInfo
### cell 15 ###

# Checking the Data Types for the columns

df.dtypes
Executing code: %%RecordEventWithColumnInfo
### cell 16 ###

# Creating 'Category' Column

df['Category'] = df['breadcrumbs'].str.split("/")
df['Category'] = df['Category'].str[0]
Executing code: %%RecordEventWithColumnInfo
### cell 17 ###

# Creating 'Product Type' Column

df['Product_Type'] = df['breadcrumbs'].str.split("/")
df['Product_Type'] = df['Product_Type'].str[1]
Executing code: %%RecordEventWithColumnInfo
### cell 18 ###

# Droping 'breadcrumbs' Column

df.drop(['breadcrumbs', 'category'], axis=1, inplace=True)
Executing code: %%RecordEventWithColumnInfo
### cell 19 ###

# Changing the DataType of 'original_price' from object to int64

df['original_price'] = df['original_price'].astype('int64')
Executing code: %%RecordEventWithColumnInfo
### cell 20 ###

# Checking the Data Types for the columns

df.dtypes
Executing code: %%RecordEventWithColumnInfo
### cell 21 ###

# No.of Unique Products in the DataFrame

df['name'].nunique()
Executing code: %%RecordEventWithColumnInfo
### cell 22 ###

# Top 10 - Products sold in the DataFrame

df['name'].value_counts()[:10]
Executing code: %%RecordEventWithColumnInfo
### cell 23 ###

# Top 5 - Products sold in the DataFrame


df['name'].value_counts()[:5]
Executing code: %%RecordEventWithColumnInfo
### cell 24 ###

# No.of Unique selling price in the DataFrame

df['selling_price'].nunique()
Executing code: %%RecordEventWithColumnInfo
### cell 25 ###

# Top 15 - Products interms of similar selling price in the DataFrame

df['selling_price'].value_counts()[:15]
Executing code: %%RecordEventWithColumnInfo
### cell 26 ###

# Top 5 - Products interms of similar selling price in the DataFrame

df['selling_price'].value_counts()[:5]
Executing code: %%RecordEventWithColumnInfo
### cell 27 ###

# Maximum Selling Price

print("The Maximun Selling Price is:",df['selling_price'].max(),"USD")
Executing code: %%RecordEventWithColumnInfo
### cell 28 ###

# Minimum Selling Price

print("The Minimum Selling Price is:",df['selling_price'].min(),"USD")
Executing code: %%RecordEventWithColumnInfo
### cell 29 ###

# Average Selling Price

print("The Average Selling Price is:",round(df['selling_price'].mean(),2),"USD")
Executing code: %%RecordEventWithColumnInfo
### cell 30 ###

# Top 10 - Highest Selling Prices in USD

set(df['selling_price'].sort_values(ascending=False)[:30].values)
Executing code: %%RecordEventWithColumnInfo
### cell 31 ###

# Top 10 - Least Selling Prices in USD

set(df['selling_price'].sort_values()[:40].values)
Executing code: %%RecordEventWithColumnInfo
### cell 32 ###

# No.of Unique original price in the DataFrame

df['original_price'].nunique()
Executing code: %%RecordEventWithColumnInfo
### cell 33 ###

# Top 15 - Products interms of similar original price in the DataFrame

df['original_price'].value_counts()[:15]
Executing code: %%RecordEventWithColumnInfo
### cell 34 ###

# Top 5 - Products interms of similar origial price in the DataFrame

df['original_price'].value_counts()[:5]
Executing code: %%RecordEventWithColumnInfo
### cell 35 ###

# Maximum Original Price

print("The Maximun Original Price is:",df['original_price'].max(),"USD")
Executing code: %%RecordEventWithColumnInfo
### cell 36 ###

# Minimum Original Price

print("The Minimum Original Price is:",df['original_price'].min(),"USD")
Executing code: %%RecordEventWithColumnInfo
### cell 37 ###

# Average Original Price

print("The Average Original Price is:",round(df['original_price'].mean(),2),"USD")
Executing code: %%RecordEventWithColumnInfo
### cell 38 ###

# Top 10 - Highest Original Prices in USD

set(df['original_price'].sort_values(ascending=False)[:80].values)
Executing code: %%RecordEventWithColumnInfo
### cell 39 ###

# Top 10 - Least Original Prices in USD

set(df['original_price'].sort_values().values[:100])
Executing code: %%RecordEventWithColumnInfo
### cell 40 ###

# Calculating Discount

df['Discount'] = df['original_price'] - df['selling_price']
Executing code: %%RecordEventWithColumnInfo
### cell 41 ###

# No.of Unique Discount in the DataFrame

df['Discount'].nunique()
Executing code: %%RecordEventWithColumnInfo
### cell 42 ###

# Top 15 - Highest Discount Amount in the DataFrame

list(set(df['Discount'].unique()))[-15::]
Executing code: %%RecordEventWithColumnInfo
### cell 43 ###

# Top 15 - Least Discount Amount in the DataFrame

list(set(df['Discount'].unique()))[:15]
Executing code: %%RecordEventWithColumnInfo
### cell 44 ###

# Top 15 - Most Given Discount Amount in the DataFrame

df['Discount'].value_counts()[:15]
Executing code: %%RecordEventWithColumnInfo
### cell 45 ###

# Top 5 - Most Given Discount Amount in the DataFrame

df['Discount'].value_counts()[:5]
Executing code: %%RecordEventWithColumnInfo
### cell 46 ###

# Top 15 - Most Given Discount Amount in the DataFrame

labels = df['Discount'].value_counts().head(15).index
_ = df['Discount'].value_counts().head(15).values
Executing code: %%RecordEventWithColumnInfo
### cell 47 ###

# Calculating Discount percentage(%)

df['Discount(%)'] = round(((df['original_price'] - df['selling_price']) / (df['original_price']))*100,2)
Executing code: %%RecordEventWithColumnInfo
### cell 48 ###

# No.of Unique Discount Percentage(%) in the DataFrame

df['Discount(%)'].nunique()
Executing code: %%RecordEventWithColumnInfo
### cell 49 ###

# Top 15 - Highest Discount Percentage(%) in the DataFrame

top_discount_percnet = list(set(df['Discount(%)'].unique()))
top_discount_percnet.sort(reverse=True)
print(top_discount_percnet[:15])
Executing code: %%RecordEventWithColumnInfo
### cell 50 ###

# Top 15 - Least Discount Percentage(%) in the DataFrame

least_discount_percnet = list(set(df['Discount(%)'].unique()))
least_discount_percnet.sort(reverse=False)
print(least_discount_percnet[:15])
Executing code: %%RecordEventWithColumnInfo
### cell 51 ###

# Top 15 - Most Given Discount Percentage(%) in the DataFrame

df['Discount(%)'].value_counts().head(15)
Executing code: %%RecordEventWithColumnInfo
### cell 52 ###

# Top 5 - Most Given Discount Percentage in the DataFrame

df['Discount(%)'].value_counts().head(5)
Executing code: %%RecordEventWithColumnInfo
### cell 53 ###

# Top 15 - Most Given Discount Percentage in the DataFrame

labels = df['Discount(%)'].value_counts().head(15).index
_=df['Discount(%)'].value_counts().head(15).values
Executing code: %%RecordEventWithColumnInfo
### cell 54 ###

# Unique colors in the DataFrame

df['color'].unique()
Executing code: %%RecordEventWithColumnInfo
### cell 55 ###

# No.of Unique colors in the DataFrame

df['color'].nunique()
Executing code: %%RecordEventWithColumnInfo
### cell 56 ###

# No.of Products for each Color

df['color'].value_counts()
Executing code: %%RecordEventWithColumnInfo
### cell 57 ###

# No.of Products for each Color

labels = df['color'].value_counts().index
_ = x=df['color'].value_counts().values
Executing code: %%RecordEventWithColumnInfo
### cell 58 ###

# Popular Color in Kids Category

df.groupby(['Category','color']).size()['Kids']
Executing code: %%RecordEventWithColumnInfo
### cell 59 ###

# Popular Color in Womens Category

df.groupby(['Category','color']).size()['Women']
Executing code: %%RecordEventWithColumnInfo
### cell 60 ###

# Popular Color in Mens Category

df.groupby(['Category','color']).size()['Men']
Executing code: %%RecordEventWithColumnInfo
### cell 61 ###

# Unique Availability values in the DataFrame

df['availability'].unique()
Executing code: %%RecordEventWithColumnInfo
### cell 62 ###

# No.of Unique Availability values in the DataFrame

df['availability'].nunique()
Executing code: %%RecordEventWithColumnInfo
### cell 63 ###

# No.of Products according to Avaialability

df['availability'].value_counts()
Executing code: %%RecordEventWithColumnInfo
### cell 64 ###

# Unique Product Type values in the DataFrame

df['Product_Type'].unique()
Executing code: %%RecordEventWithColumnInfo
### cell 65 ###

# No.of Unique Product Type values in the DataFrame

df['Product_Type'].nunique()
Executing code: %%RecordEventWithColumnInfo
### cell 66 ###

# No.of Products according to Product Type

df['Product_Type'].value_counts()
Executing code: %%RecordEventWithColumnInfo
### cell 67 ###

# No.of Products according to Product Type

df['Product_Type'].value_counts()
Executing code: %%RecordEventWithColumnInfo
### cell 68 ###

# No.of Products according to Product Type

labels = df['Product_Type'].value_counts().index
_ = df['Product_Type'].value_counts().values
Executing code: %%RecordEventWithColumnInfo
### cell 69 ###

df.groupby(['Product_Type', 'Category']).max()['selling_price']
Executing code: %%RecordEventWithColumnInfo
### cell 70 ###

df.groupby(['Product_Type', 'Category']).min()['selling_price']
Executing code: %%RecordEventWithColumnInfo
### cell 71 ###

df.groupby(['Product_Type', 'Category']).mean(numeric_only=True)['selling_price']
Executing code: %%RecordEventWithColumnInfo
### cell 72 ###

# Unique Category values in the DataFrame

df['Category'].unique()
Executing code: %%RecordEventWithColumnInfo
### cell 73 ###

# No.of Unique Category values in the DataFrame

df['Category'].nunique()
Executing code: %%RecordEventWithColumnInfo
### cell 74 ###

# No.of Products according to Category

df['Category'].value_counts()
Executing code: %%RecordEventWithColumnInfo
### cell 75 ###

# Top-5 Products according to Category

df['Category'].value_counts().head(5)
Executing code: %%RecordEventWithColumnInfo
### cell 76 ###

# Top-5 Products according to Category

labels = df['Category'].value_counts().head(5).index
_ = df['Category'].value_counts().head(5).values
Executing code: %%RecordEventWithColumnInfo
### cell 77 ###

# Unique 'Average Rating'in the DataFrame

df['average_rating'].unique()
Executing code: %%RecordEventWithColumnInfo
### cell 78 ###

# No.of Unique 'Average Rating'in the DataFrame

df['average_rating'].nunique()
Executing code: %%RecordEventWithColumnInfo
### cell 79 ###

# No.of time particular Average Rating Provided

df['average_rating'].value_counts()
Executing code: %%RecordEventWithColumnInfo
### cell 80 ###

# Top 5 - Average Rating Provided

df['average_rating'].value_counts().head(5)
Executing code: %%RecordEventWithColumnInfo
### cell 81 ###

# Top 5 - Average Rating Provided

labels = df['average_rating'].value_counts().head(5).index
_ = df['average_rating'].value_counts().head(5).values
Executing code: %%RecordEventWithColumnInfo
### cell 82 ###

# Maxmimum Average Rating

df['average_rating'].max()
Executing code: %%RecordEventWithColumnInfo
### cell 83 ###

# Minimum Average Rating

df['average_rating'].min()
Executing code: %%RecordEventWithColumnInfo
### cell 84 ###

# Mean Average Rating

round(df['average_rating'].mean(),2)
Executing code: %%RecordEventWithColumnInfo
### cell 85 ###

# Maximum Average Rating across 'Product Type' and 'Category'

df.groupby(['Product_Type', 'Category']).max()['average_rating']
Executing code: %%RecordEventWithColumnInfo
### cell 86 ###

# Minimum Average Rating across 'Product Type' and 'Category'

df.groupby(['Product_Type', 'Category']).min()['average_rating']
Executing code: %%RecordEventWithColumnInfo
### cell 87 ###

# No.of Unique 'Reviews Count' in the DataFrame

df['reviews_count'].nunique()
Executing code: %%RecordEventWithColumnInfo
### cell 88 ###

# Top 10 - 'Reviews Count' and no.of particular 'Reviews Count' occurances

df['reviews_count'].value_counts().head(10)
Executing code: %%RecordEventWithColumnInfo
### cell 89 ###

# Top 5 - 'Reviews Count' and no.of particular 'Reviews Count' occurances

df['average_rating'].value_counts().head(5)
Executing code: %%RecordEventWithColumnInfo
### cell 90 ###

# Maxmimum 'Reviews Count'

df['reviews_count'].max()
Executing code: %%RecordEventWithColumnInfo
### cell 91 ###

# Minimum 'Reviews Count'

df['reviews_count'].min()
Executing code: %%RecordEventWithColumnInfo
### cell 92 ###

# Mean 'Reviews Count'

round(df['reviews_count'].mean(),2)
Executing code: %%RecordEventWithColumnInfo
### cell 93 ###

# Maximum 'Reviews Count' across 'Product Type' and 'Category'

df.groupby(['Product_Type', 'Category']).max()['reviews_count']
Executing code: %%RecordEventWithColumnInfo
### cell 94 ###

# Minimum Reviews Count' across 'Product Type' and 'Category'

df.groupby(['Product_Type', 'Category']).min()['reviews_count']
Executing code: %%RecordEventWithColumnInfo
### cell 95 ###

df.shape
Executing code: %PrintCellInfo cell_exec_info
Executing code: %reset -f
Executing code: %reload_ext ElasticNotebook
Ran small notebook to get cell exec info in 7.095303297042847 seconds
Getting cudf profile information...
Annotated notebook saved to /home/sahilbhatia/pandax/dias_notebooks/saisandeepjallepalli/adidas-retail-eda-data-visualization/src/cudf_profile.ipynb
Error getting cudf profile info: Execution failed in cell %%RecordEvent
%%cudf.pandas.profile
### cell 19 ###

# Changing the DataType of 'original_price' from object to int64

df['original_price'] = df['original_price'].astype('int64'): cannot convert float NaN to integer
Status: FAILED (exit 1)
Finished: Sun Mar 29 17:25:16 UTC 2026

