Command: python -u main.py indian-startup-growth-analysis
Started: Sun Mar 29 17:25:16 UTC 2026
Annotated notebook saved to /home/sahilbhatia/pandax/dias_notebooks/sandhyakrishnan02/indian-startup-growth-analysis/src/cell_exec_info.ipynb
Executing code: import sys, os
%load_ext ElasticNotebook
from elastic.core.common.pandas import compare_df, convert_col
import pickle
import cudf
Executing code: %%RecordEventWithColumnInfo
from pathlib import Path
import numpy as np 
import os
from utils.benchmarks import BENCHMARKS_TO_PATHS
if "IREWR_WITH_MODIN" in os.environ and os.environ["IREWR_WITH_MODIN"] == "True":
    import os
    os.environ["MODIN_ENGINE"] = "ray"
    import ray
    ray.init(num_cpus=int(os.environ['MODIN_CPUS']), runtime_env={'env_vars': {'__MODIN_AUTOIMPORT_PANDAS__': '1'}})
    import modin.pandas as pd
else:
    import pandas as pd
import seaborn as sns
import matplotlib.pyplot as plt
import plotly.express as px

# from wordcloud import WordCloud
import string
Executing code: %%RecordEventWithColumnInfo
### cell 0 ###

benchmark_name = "indian-startup-growth-analysis"
df = pd.read_csv(Path(BENCHMARKS_TO_PATHS[benchmark_name]).parent / "input" / "indian-startup-recognized-by-dpiit" / "Startup_Counts_Across_India.csv")
factor = 250
df = pd.concat([df]*factor, ignore_index=True)
df.info()
Executing code: %%RecordEventWithColumnInfo
### cell 1 ###

df_year = df['Year'].value_counts().sort_index()
Executing code: %%RecordEventWithColumnInfo
### cell 2 ###

df.groupby('Industry').size().sort_values(ascending=False).to_frame().style.background_gradient(cmap='coolwarm').set_uuid("uuid")
Executing code: %%RecordEventWithColumnInfo
### cell 3 ###

# fig, ax = plt.subplots(1,1, figsize=(20, 6))
df_ind = df['Industry'].value_counts().iloc[:20]
Executing code: %%RecordEventWithColumnInfo
### cell 4 ###

# fig, ax = plt.subplots(1,1, figsize=(20, 6))
X = df['State'].value_counts().iloc[:20]
Executing code: %%RecordEventWithColumnInfo
### cell 5 ###

ds_list=['Internet of Things','AI','Robotics','Analytics','Computer Vision']
ds_df = df[df['Industry'].isin(ds_list)]
/home/sahilbhatia/elastic-notebook/elastic/core/common/pandas.py:59: SettingWithCopyWarning: 
A value is trying to be set on a copy of a slice from a DataFrame.
Try using .loc[row_indexer,col_indexer] = value instead

See the caveats in the documentation: https://pandas.pydata.org/pandas-docs/stable/user_guide/indexing.html#returning-a-view-versus-a-copy
  obj[col] = obj[col].fillna(np.nan)
Executing code: %PrintCellInfo cell_exec_info
Executing code: %reset -f
Executing code: %reload_ext ElasticNotebook
Ran small notebook to get cell exec info in 8.527332544326782 seconds
Getting cudf profile information...
Annotated notebook saved to /home/sahilbhatia/pandax/dias_notebooks/sandhyakrishnan02/indian-startup-growth-analysis/src/cudf_profile.ipynb
Done getting cudf profile information.
Ran small notebook to get cudf profile info in 34.87277960777283 seconds
Annotated notebook saved to /home/sahilbhatia/pandax/dias_notebooks/sandhyakrishnan02/indian-startup-growth-analysis/src/small_annotated.ipynb
Executing code: %reset -f
Executing code: %reload_ext ElasticNotebook
Executing 3 cells up to cell 0.
========================================================
Checkpointing before runing cell 0.
========================================================
Cell 0
Small pre-checkpoint path: /home/sahilbhatia/pandax/dias_notebooks/sandhyakrishnan02/indian-startup-growth-analysis/src/small_annotated/checkpoints/pre_cell_0.pickle
Small rewritten pre-checkpoint path: /home/sahilbhatia/pandax/dias_notebooks/sandhyakrishnan02/indian-startup-growth-analysis/src/small_annotated/checkpoints/pre_cell_0.pickle
========================================================
Getting original timing for cell 0
Original time for cell 0 took 12.361405372619629 seconds.
Setting initially best_rewritten_post_checkpoint_path:  /home/sahilbhatia/pandax/dias_notebooks/sandhyakrishnan02/indian-startup-growth-analysis/src/small_bench/checkpoints/post_cell_0.pickle
========================================================
Rewriting cell 0... Try 0... 
Manager agent prompt:  
        <Original Code>:
        ### cell 0 ###

benchmark_name = "indian-startup-growth-analysis"
df = pd.read_csv(Path(BENCHMARKS_TO_PATHS[benchmark_name]).parent / "input" / "indian-startup-recognized-by-dpiit" / "Startup_Counts_Across_India.csv")
factor = 250
df = pd.concat([df]*factor, ignore_index=True)
df.info()
        <Profiling data>:
                 Function  GPU calls  CPU calls
0        read_csv          1          0
1          concat          1          0
2  DataFrame.info          1          0

        <Execution time>: 146.0
        <Active vars>: ['df']

        <Future vars>: []

        <Iteration>: 1/5
    
==========Running the manager agent to decide the next step==========
Choice: new
Reason: The original code has not been optimized yet. There is a potential opportunity to optimize it using GPU-accelerated libraries like cuDF or Dask to handle the read and concat operations, especially given the large multiplication factor in df concatenation.
Generating new code from the original code
Prompt: 
        <Original Code>:
        ### cell 0 ###

benchmark_name = "indian-startup-growth-analysis"
df = pd.read_csv(Path(BENCHMARKS_TO_PATHS[benchmark_name]).parent / "input" / "indian-startup-recognized-by-dpiit" / "Startup_Counts_Across_India.csv")
factor = 250
df = pd.concat([df]*factor, ignore_index=True)
df.info()
        <Profiling data>:
                 Function  GPU calls  CPU calls
0        read_csv          1          0
1          concat          1          0
2  DataFrame.info          1          0

        <Execution time>: 146.0
        <Active vars>: ['df']

        <Future vars>: []

        <Iteration>: 1/5
    
Code: done
Reason: All operations (read_csv, concat, info) are already executed on the GPU via the cudf.pandas extension, with no CPU calls to eliminate.
No Modifications made to the original code
Try 0: calling rewrite agent for cell 0 took 5.75681471824646 seconds.
There is no need to rewrite the cell.
Could not rewrite the cell. Continuing to next cell...
========================================================
After rewriting cell  0
Rewritten post-checkpoint path: /home/sahilbhatia/pandax/dias_notebooks/sandhyakrishnan02/indian-startup-growth-analysis/src/small_bench/checkpoints/post_cell_0.pickle
========================================================
Cell 0 rewriting took 18.120763301849365 seconds.
Getting original timing for cell 1
Original time for cell 1 took 15.030438661575317 seconds.
Setting initially best_rewritten_post_checkpoint_path:  /home/sahilbhatia/pandax/dias_notebooks/sandhyakrishnan02/indian-startup-growth-analysis/src/small_bench/checkpoints/post_cell_1.pickle
========================================================
Rewriting cell 1... Try 0... 
Manager agent prompt:  
        <Original Code>:
        ### cell 1 ###

df_year = df['Year'].value_counts().sort_index()
        <Profiling data>:
                             Function  GPU calls  CPU calls
0       DataFrame.__getitem__          1          0
1  IndexOpsMixin.value_counts          1          0
2           Series.sort_index          1          0

        <Execution time>: 28.8
        <Active vars>: []

        <Future vars>: ['df']

        <Iteration>: 1/5
    
==========Running the manager agent to decide the next step==========
Choice: new
Reason: There is no rewritten code available, so a new optimization attempt on the original code should be made.
Generating new code from the original code
Prompt: 
        <Original Code>:
        ### cell 1 ###

df_year = df['Year'].value_counts().sort_index()
        <Profiling data>:
                             Function  GPU calls  CPU calls
0       DataFrame.__getitem__          1          0
1  IndexOpsMixin.value_counts          1          0
2           Series.sort_index          1          0

        <Execution time>: 28.8
        <Active vars>: []

        <Future vars>: ['df']

        <Iteration>: 1/5
    
Code: done
Reason: The code is already fully vectorized with GPU operations (value_counts and sort_index) and incurs no CPU calls, so no further optimization is needed.
No Modifications made to the original code
Try 0: calling rewrite agent for cell 1 took 4.298687696456909 seconds.
There is no need to rewrite the cell.
Could not rewrite the cell. Continuing to next cell...
========================================================
After rewriting cell  1
Rewritten post-checkpoint path: /home/sahilbhatia/pandax/dias_notebooks/sandhyakrishnan02/indian-startup-growth-analysis/src/small_bench/checkpoints/post_cell_1.pickle
========================================================
Cell 1 rewriting took 19.33105158805847 seconds.
Getting original timing for cell 2
Original time for cell 2 took 14.872227430343628 seconds.
Setting initially best_rewritten_post_checkpoint_path:  /home/sahilbhatia/pandax/dias_notebooks/sandhyakrishnan02/indian-startup-growth-analysis/src/small_bench/checkpoints/post_cell_2.pickle
========================================================
Rewriting cell 2... Try 0... 
Manager agent prompt:  
        <Original Code>:
        ### cell 2 ###

df.groupby('Industry').size().sort_values(ascending=False).to_frame().style.background_gradient(cmap='coolwarm').set_uuid("uuid")
        <Profiling data>:
                             Function  GPU calls  CPU calls
0           DataFrame.groupby          1          0
1                GroupBy.size          1          0
2          Series.sort_values          1          0
3             Series.to_frame          1          0
4                   DataFrame          0          1
5  Styler.background_gradient          0          1
6             Styler.set_uuid          0          1
7             object.__repr__          0          1
8          Styler._repr_html_          0          1
9         Styler._repr_latex_          0          1

        <Execution time>: 30.1
        <Active vars>: []

        <Future vars>: ['df']

        <Iteration>: 1/5
    
==========Running the manager agent to decide the next step==========
Choice: new
Reason: The execution time is relatively high for such operations, and no rewritten code exists to optimize further. We can explore more efficient alternatives to improve the current original code.
Generating new code from the original code
Prompt: 
        <Original Code>:
        ### cell 2 ###

df.groupby('Industry').size().sort_values(ascending=False).to_frame().style.background_gradient(cmap='coolwarm').set_uuid("uuid")
        <Profiling data>:
                             Function  GPU calls  CPU calls
0           DataFrame.groupby          1          0
1                GroupBy.size          1          0
2          Series.sort_values          1          0
3             Series.to_frame          1          0
4                   DataFrame          0          1
5  Styler.background_gradient          0          1
6             Styler.set_uuid          0          1
7             object.__repr__          0          1
8          Styler._repr_html_          0          1
9         Styler._repr_latex_          0          1

        <Execution time>: 30.1
        <Active vars>: []

        <Future vars>: ['df']

        <Iteration>: 1/5
    
Code: ### cell 2 ###
# replace groupby+size+sort with a single value_counts call
# this runs entirely on the GPU and yields a descending count by default

(df["Industry"]
   .value_counts()
   .to_frame("size")
   .style
   .background_gradient(cmap="coolwarm")
   .set_uuid("uuid"))
Reason: value_counts() on a single column is a single, fused GPU operation that returns a sorted-descending Series of counts. By replacing df.groupby('Industry').size().sort_values(...) with df['Industry'].value_counts(), we collapse three GPU calls into one, eliminating intermediate sorts and groupby steps, and minimizing CPU/GPU data movement.
Parsed response: ### cell 2 ###
# replace groupby+size+sort with a single value_counts call
# this runs entirely on the GPU and yields a descending count by default

(df["Industry"]
   .value_counts()
   .to_frame("size")
   .style
   .background_gradient(cmap="coolwarm")
   .set_uuid("uuid"))
Try 0: calling rewrite agent for cell 2 took 29.532792329788208 seconds.
Executing rewritten code... ### cell 2 ###
# replace groupby+size+sort with a single value_counts call
# this runs entirely on the GPU and yields a descending count by default

(df["Industry"]
   .value_counts()
   .to_frame("size")
   .style
   .background_gradient(cmap="coolwarm")
   .set_uuid("uuid"))
Running rewritten cell notebook
Test failed. An error occurred while executing the following cell:
------------------
%LoadCheckpoint /home/sahilbhatia/pandax/dias_notebooks/sandhyakrishnan02/indian-startup-growth-analysis/src/small_bench/checkpoints/post_cell_2.pickle

import numpy as np
if os.getenv("USE_GPU") == "True":
    import cudf
from elastic.core.common.pandas import is_type_styler
is_orig_output_pd = isinstance(orig_output, (pd.Series, pd.DataFrame, pd.Index))
is_opt_output_pd = isinstance(opt_output, (pd.Series, pd.DataFrame, pd.Index))
if os.getenv("USE_GPU") == "True":
    is_orig_output_array = isinstance(orig_output, (cudf.pandas._wrappers.numpy.ndarray, np.ndarray))
    is_opt_output_array = isinstance(opt_output, (cudf.pandas._wrappers.numpy.ndarray, np.ndarray))
else:
    is_orig_output_array = isinstance(orig_output, np.ndarray)
    is_opt_output_array = isinstance(opt_output, np.ndarray)

is_orig_output_styler = is_type_styler(type(orig_output))
is_opt_output_styler = is_type_styler(type(opt_output))
if is_orig_output_styler and is_opt_output_styler:
    assert orig_output.to_html() == opt_output.to_html()
elif is_orig_output_styler:
    assert orig_output.to_html() == opt_output.to_html()
elif is_opt_output_styler:
    assert opt_output.to_html() == orig_output

if is_orig_output_pd and is_opt_output_pd:
    assert orig_output.equals(opt_output)
# TODO(jie): this is a hack.
elif ((is_orig_output_pd or is_opt_output_pd) and (is_orig_output_array or is_opt_output_array)) or (is_orig_output_array and is_opt_output_array):
    assert list(orig_output) == list(opt_output)
else:
    assert orig_output == opt_output

------------------

----- stdout -----
trying: ['df']
me:  1
trying: ['Path']
me:  0
trying: ['orig_output']
me:  6
trying: ['df_year']
me:  3
trying: ['plt']
me:  0
trying: ['string']
me:  0
trying: ['BENCHMARKS_TO_PATHS']
me:  0
trying: ['np']
me:  0
trying: ['pd']
me:  0
trying: ['factor']
me:  1
trying: ['px']
me:  0
trying: ['sns']
me:  0
trying: ['benchmark_name']
me:  1
Declaring variable Path
Declaring variable plt
Declaring variable string
Declaring variable BENCHMARKS_TO_PATHS
Declaring variable np
Declaring variable pd
Declaring variable px
Declaring variable sns
Declaring variable df
Declaring variable factor
Declaring variable benchmark_name
Declaring variable df_year
Declaring variable orig_output
------------------

[0;31m---------------------------------------------------------------------------[0m
[0;31mAssertionError[0m                            Traceback (most recent call last)
Cell [0;32mIn[9], line 23[0m
[1;32m     21[0m     [38;5;28;01massert[39;00m orig_output[38;5;241m.[39mto_html() [38;5;241m==[39m opt_output[38;5;241m.[39mto_html()
[1;32m     22[0m [38;5;28;01melif[39;00m is_opt_output_styler:
[0;32m---> 23[0m     [38;5;28;01massert[39;00m opt_output[38;5;241m.[39mto_html() [38;5;241m==[39m orig_output
[1;32m     25[0m [38;5;28;01mif[39;00m is_orig_output_pd [38;5;129;01mand[39;00m is_opt_output_pd:
[1;32m     26[0m     [38;5;28;01massert[39;00m orig_output[38;5;241m.[39mequals(opt_output)

[0;31mAssertionError[0m: 

Rewritten time: inf ms
Checkpointing the rewritten cell for small notebook...
========================================================
Rewriting cell 2... Try 1... 
Manager agent prompt:  
        <Original Code>:
        ### cell 2 ###

df.groupby('Industry').size().sort_values(ascending=False).to_frame().style.background_gradient(cmap='coolwarm').set_uuid("uuid")
        <Profiling data>:
                             Function  GPU calls  CPU calls
0           DataFrame.groupby          1          0
1                GroupBy.size          1          0
2          Series.sort_values          1          0
3             Series.to_frame          1          0
4                   DataFrame          0          1
5  Styler.background_gradient          0          1
6             Styler.set_uuid          0          1
7             object.__repr__          0          1
8          Styler._repr_html_          0          1
9         Styler._repr_latex_          0          1
        <Execution time>: 30.1
        <Active Vars>: []
        <Future Vars>: ['df']
        <Rewritten Code>:
        ### cell 2 ###
# replace groupby+size+sort with a single value_counts call
# this runs entirely on the GPU and yields a descending count by default

(df["Industry"]
   .value_counts()
   .to_frame("size")
   .style
   .background_gradient(cmap="coolwarm")
   .set_uuid("uuid"))
        <Profiling data>:
        None
        <Execution time>: inf
        <Execution output>: The rewritten code was not equivalent to the original code. An error occurred while executing the following cell:
------------------
%LoadCheckpoint /home/sahilbhatia/pandax/dias_notebooks/sandhyakrishnan02/indian-startup-growth-analysis/src/small_bench/checkpoints/post_cell_2.pickle

import numpy as np
if os.getenv("USE_GPU") == "True":
    import cudf
from elastic.core.common.pandas import is_type_styler
is_orig_output_pd = isinstance(orig_output, (pd.Series, pd.DataFrame, pd.Index))
is_opt_output_pd = isinstance(opt_output, (pd.Series, pd.DataFrame, pd.Index))
if os.getenv("USE_GPU") == "True":
    is_orig_output_array = isinstance(orig_output, (cudf.pandas._wrappers.numpy.ndarray, np.ndarray))
    is_opt_output_array = isinstance(opt_output, (cudf.pandas._wrappers.numpy.ndarray, np.ndarray))
else:
    is_orig_output_array = isinstance(orig_output, np.ndarray)
    is_opt_output_array = isinstance(opt_output, np.ndarray)

is_orig_output_styler = is_type_styler(type(orig_output))
is_opt_output_styler = is_type_styler(type(opt_output))
if is_orig_output_styler and is_opt_output_styler:
    assert orig_output.to_html() == opt_output.to_html()
elif is_orig_output_styler:
    assert orig_output.to_html() == opt_output.to_html()
elif is_opt_output_styler:
    assert opt_output.to_html() == orig_output

if is_orig_output_pd and is_opt_output_pd:
    assert orig_output.equals(opt_output)
# TODO(jie): this is a hack.
elif ((is_orig_output_pd or is_opt_output_pd) and (is_orig_output_array or is_opt_output_array)) or (is_orig_output_array and is_opt_output_array):
    assert list(orig_output) == list(opt_output)
else:
    assert orig_output == opt_output

------------------

----- stdout -----
trying: ['df']
me:  1
trying: ['Path']
me:  0
trying: ['orig_output']
me:  6
trying: ['df_year']
me:  3
trying: ['plt']
me:  0
trying: ['string']
me:  0
trying: ['BENCHMARKS_TO_PATHS']
me:  0
trying: ['np']
me:  0
trying: ['pd']
me:  0
trying: ['factor']
me:  1
trying: ['px']
me:  0
trying: ['sns']
me:  0
trying: ['benchmark_name']
me:  1
Declaring variable Path
Declaring variable plt
Declaring variable string
Declaring variable BENCHMARKS_TO_PATHS
Declaring variable np
Declaring variable pd
Declaring variable px
Declaring variable sns
Declaring variable df
Declaring variable factor
Declaring variable benchmark_name
Declaring variable df_year
Declaring variable orig_output
------------------

[0;31m---------------------------------------------------------------------------[0m
[0;31mAssertionError[0m                            Traceback (most recent call last)
Cell [0;32mIn[9], line 23[0m
[1;32m     21[0m     [38;5;28;01massert[39;00m orig_output[38;5;241m.[39mto_html() [38;5;241m==[39m opt_output[38;5;241m.[39mto_html()
[1;32m     22[0m [38;5;28;01melif[39;00m is_opt_output_styler:
[0;32m---> 23[0m     [38;5;28;01massert[39;00m opt_output[38;5;241m.[39mto_html() [38;5;241m==[39m orig_output
[1;32m     25[0m [38;5;28;01mif[39;00m is_orig_output_pd [38;5;129;01mand[39;00m is_opt_output_pd:
[1;32m     26[0m     [38;5;28;01massert[39;00m orig_output[38;5;241m.[39mequals(opt_output)

[0;31mAssertionError[0m: 

        <Iteration>: 2/5
    
==========Running the manager agent to decide the next step==========
Choice: repair
Reason: The rewritten code isn't functioning as expected and throws an error. We need to repair the rewritten code to ensure it produces the correct output before considering further optimization.
Code fixer prompt:  
        <Original Code>:
        ### cell 2 ###

df.groupby('Industry').size().sort_values(ascending=False).to_frame().style.background_gradient(cmap='coolwarm').set_uuid("uuid")
        <Profiling data>:
                             Function  GPU calls  CPU calls
0           DataFrame.groupby          1          0
1                GroupBy.size          1          0
2          Series.sort_values          1          0
3             Series.to_frame          1          0
4                   DataFrame          0          1
5  Styler.background_gradient          0          1
6             Styler.set_uuid          0          1
7             object.__repr__          0          1
8          Styler._repr_html_          0          1
9         Styler._repr_latex_          0          1
        <Execution time>: 30.1
        <Active Vars>: []
        <Future Vars>: ['df']
        <Rewritten Code>:
        ### cell 2 ###
# replace groupby+size+sort with a single value_counts call
# this runs entirely on the GPU and yields a descending count by default

(df["Industry"]
   .value_counts()
   .to_frame("size")
   .style
   .background_gradient(cmap="coolwarm")
   .set_uuid("uuid"))
        <Profiling data>:
        None
        <Execution time>: inf
        <Execution output>: The rewritten code was not equivalent to the original code. An error occurred while executing the following cell:
------------------
%LoadCheckpoint /home/sahilbhatia/pandax/dias_notebooks/sandhyakrishnan02/indian-startup-growth-analysis/src/small_bench/checkpoints/post_cell_2.pickle

import numpy as np
if os.getenv("USE_GPU") == "True":
    import cudf
from elastic.core.common.pandas import is_type_styler
is_orig_output_pd = isinstance(orig_output, (pd.Series, pd.DataFrame, pd.Index))
is_opt_output_pd = isinstance(opt_output, (pd.Series, pd.DataFrame, pd.Index))
if os.getenv("USE_GPU") == "True":
    is_orig_output_array = isinstance(orig_output, (cudf.pandas._wrappers.numpy.ndarray, np.ndarray))
    is_opt_output_array = isinstance(opt_output, (cudf.pandas._wrappers.numpy.ndarray, np.ndarray))
else:
    is_orig_output_array = isinstance(orig_output, np.ndarray)
    is_opt_output_array = isinstance(opt_output, np.ndarray)

is_orig_output_styler = is_type_styler(type(orig_output))
is_opt_output_styler = is_type_styler(type(opt_output))
if is_orig_output_styler and is_opt_output_styler:
    assert orig_output.to_html() == opt_output.to_html()
elif is_orig_output_styler:
    assert orig_output.to_html() == opt_output.to_html()
elif is_opt_output_styler:
    assert opt_output.to_html() == orig_output

if is_orig_output_pd and is_opt_output_pd:
    assert orig_output.equals(opt_output)
# TODO(jie): this is a hack.
elif ((is_orig_output_pd or is_opt_output_pd) and (is_orig_output_array or is_opt_output_array)) or (is_orig_output_array and is_opt_output_array):
    assert list(orig_output) == list(opt_output)
else:
    assert orig_output == opt_output

------------------

----- stdout -----
trying: ['df']
me:  1
trying: ['Path']
me:  0
trying: ['orig_output']
me:  6
trying: ['df_year']
me:  3
trying: ['plt']
me:  0
trying: ['string']
me:  0
trying: ['BENCHMARKS_TO_PATHS']
me:  0
trying: ['np']
me:  0
trying: ['pd']
me:  0
trying: ['factor']
me:  1
trying: ['px']
me:  0
trying: ['sns']
me:  0
trying: ['benchmark_name']
me:  1
Declaring variable Path
Declaring variable plt
Declaring variable string
Declaring variable BENCHMARKS_TO_PATHS
Declaring variable np
Declaring variable pd
Declaring variable px
Declaring variable sns
Declaring variable df
Declaring variable factor
Declaring variable benchmark_name
Declaring variable df_year
Declaring variable orig_output
------------------

[0;31m---------------------------------------------------------------------------[0m
[0;31mAssertionError[0m                            Traceback (most recent call last)
Cell [0;32mIn[9], line 23[0m
[1;32m     21[0m     [38;5;28;01massert[39;00m orig_output[38;5;241m.[39mto_html() [38;5;241m==[39m opt_output[38;5;241m.[39mto_html()
[1;32m     22[0m [38;5;28;01melif[39;00m is_opt_output_styler:
[0;32m---> 23[0m     [38;5;28;01massert[39;00m opt_output[38;5;241m.[39mto_html() [38;5;241m==[39m orig_output
[1;32m     25[0m [38;5;28;01mif[39;00m is_orig_output_pd [38;5;129;01mand[39;00m is_opt_output_pd:
[1;32m     26[0m     [38;5;28;01massert[39;00m orig_output[38;5;241m.[39mequals(opt_output)

[0;31mAssertionError[0m: 

        <Iteration>: 2/5
    
Repairing the last generated code
Code: ### cell 2 ###
(df["Industry"]
   .value_counts()
   .rename_axis(index="Industry")      # preserve the original index name
   .to_frame(name="size")
   .style
   .background_gradient(cmap="coolwarm")
   .set_uuid("uuid"))
Reason: The previous rewrite using `value_counts()` dropped the index name, so the styled output HTML no longer matched the original. Adding `.rename_axis(index='Industry')` restores the index name before converting to a DataFrame, ensuring the Styler’s HTML output is semantically identical to the original code.
Parsed response: ### cell 2 ###
(df["Industry"]
   .value_counts()
   .rename_axis(index="Industry")      # preserve the original index name
   .to_frame(name="size")
   .style
   .background_gradient(cmap="coolwarm")
   .set_uuid("uuid"))
Try 1: calling rewrite agent for cell 2 took 21.72304916381836 seconds.
Executing rewritten code... ### cell 2 ###
(df["Industry"]
   .value_counts()
   .rename_axis(index="Industry")      # preserve the original index name
   .to_frame(name="size")
   .style
   .background_gradient(cmap="coolwarm")
   .set_uuid("uuid"))
Running rewritten cell notebook
Test failed. An error occurred while executing the following cell:
------------------
%LoadCheckpoint /home/sahilbhatia/pandax/dias_notebooks/sandhyakrishnan02/indian-startup-growth-analysis/src/small_bench/checkpoints/post_cell_2.pickle

import numpy as np
if os.getenv("USE_GPU") == "True":
    import cudf
from elastic.core.common.pandas import is_type_styler
is_orig_output_pd = isinstance(orig_output, (pd.Series, pd.DataFrame, pd.Index))
is_opt_output_pd = isinstance(opt_output, (pd.Series, pd.DataFrame, pd.Index))
if os.getenv("USE_GPU") == "True":
    is_orig_output_array = isinstance(orig_output, (cudf.pandas._wrappers.numpy.ndarray, np.ndarray))
    is_opt_output_array = isinstance(opt_output, (cudf.pandas._wrappers.numpy.ndarray, np.ndarray))
else:
    is_orig_output_array = isinstance(orig_output, np.ndarray)
    is_opt_output_array = isinstance(opt_output, np.ndarray)

is_orig_output_styler = is_type_styler(type(orig_output))
is_opt_output_styler = is_type_styler(type(opt_output))
if is_orig_output_styler and is_opt_output_styler:
    assert orig_output.to_html() == opt_output.to_html()
elif is_orig_output_styler:
    assert orig_output.to_html() == opt_output.to_html()
elif is_opt_output_styler:
    assert opt_output.to_html() == orig_output

if is_orig_output_pd and is_opt_output_pd:
    assert orig_output.equals(opt_output)
# TODO(jie): this is a hack.
elif ((is_orig_output_pd or is_opt_output_pd) and (is_orig_output_array or is_opt_output_array)) or (is_orig_output_array and is_opt_output_array):
    assert list(orig_output) == list(opt_output)
else:
    assert orig_output == opt_output

------------------

----- stdout -----
trying: ['df']
me:  1
trying: ['Path']
me:  0
trying: ['orig_output']
me:  6
trying: ['df_year']
me:  3
trying: ['plt']
me:  0
trying: ['string']
me:  0
trying: ['BENCHMARKS_TO_PATHS']
me:  0
trying: ['np']
me:  0
trying: ['pd']
me:  0
trying: ['factor']
me:  1
trying: ['px']
me:  0
trying: ['sns']
me:  0
trying: ['benchmark_name']
me:  1
Declaring variable Path
Declaring variable plt
Declaring variable string
Declaring variable BENCHMARKS_TO_PATHS
Declaring variable np
Declaring variable pd
Declaring variable px
Declaring variable sns
Declaring variable df
Declaring variable factor
Declaring variable benchmark_name
Declaring variable df_year
Declaring variable orig_output
------------------

[0;31m---------------------------------------------------------------------------[0m
[0;31mAssertionError[0m                            Traceback (most recent call last)
Cell [0;32mIn[9], line 23[0m
[1;32m     21[0m     [38;5;28;01massert[39;00m orig_output[38;5;241m.[39mto_html() [38;5;241m==[39m opt_output[38;5;241m.[39mto_html()
[1;32m     22[0m [38;5;28;01melif[39;00m is_opt_output_styler:
[0;32m---> 23[0m     [38;5;28;01massert[39;00m opt_output[38;5;241m.[39mto_html() [38;5;241m==[39m orig_output
[1;32m     25[0m [38;5;28;01mif[39;00m is_orig_output_pd [38;5;129;01mand[39;00m is_opt_output_pd:
[1;32m     26[0m     [38;5;28;01massert[39;00m orig_output[38;5;241m.[39mequals(opt_output)

[0;31mAssertionError[0m: 

Rewritten time: inf ms
Checkpointing the rewritten cell for small notebook...
========================================================
Rewriting cell 2... Try 2... 
Manager agent prompt:  
        <Original Code>:
        ### cell 2 ###

df.groupby('Industry').size().sort_values(ascending=False).to_frame().style.background_gradient(cmap='coolwarm').set_uuid("uuid")
        <Profiling data>:
                             Function  GPU calls  CPU calls
0           DataFrame.groupby          1          0
1                GroupBy.size          1          0
2          Series.sort_values          1          0
3             Series.to_frame          1          0
4                   DataFrame          0          1
5  Styler.background_gradient          0          1
6             Styler.set_uuid          0          1
7             object.__repr__          0          1
8          Styler._repr_html_          0          1
9         Styler._repr_latex_          0          1
        <Execution time>: 30.1
        <Active Vars>: []
        <Future Vars>: ['df']
        <Rewritten Code>:
        ### cell 2 ###
(df["Industry"]
   .value_counts()
   .rename_axis(index="Industry")      # preserve the original index name
   .to_frame(name="size")
   .style
   .background_gradient(cmap="coolwarm")
   .set_uuid("uuid"))
        <Profiling data>:
        None
        <Execution time>: inf
        <Execution output>: The rewritten code was not equivalent to the original code. An error occurred while executing the following cell:
------------------
%LoadCheckpoint /home/sahilbhatia/pandax/dias_notebooks/sandhyakrishnan02/indian-startup-growth-analysis/src/small_bench/checkpoints/post_cell_2.pickle

import numpy as np
if os.getenv("USE_GPU") == "True":
    import cudf
from elastic.core.common.pandas import is_type_styler
is_orig_output_pd = isinstance(orig_output, (pd.Series, pd.DataFrame, pd.Index))
is_opt_output_pd = isinstance(opt_output, (pd.Series, pd.DataFrame, pd.Index))
if os.getenv("USE_GPU") == "True":
    is_orig_output_array = isinstance(orig_output, (cudf.pandas._wrappers.numpy.ndarray, np.ndarray))
    is_opt_output_array = isinstance(opt_output, (cudf.pandas._wrappers.numpy.ndarray, np.ndarray))
else:
    is_orig_output_array = isinstance(orig_output, np.ndarray)
    is_opt_output_array = isinstance(opt_output, np.ndarray)

is_orig_output_styler = is_type_styler(type(orig_output))
is_opt_output_styler = is_type_styler(type(opt_output))
if is_orig_output_styler and is_opt_output_styler:
    assert orig_output.to_html() == opt_output.to_html()
elif is_orig_output_styler:
    assert orig_output.to_html() == opt_output.to_html()
elif is_opt_output_styler:
    assert opt_output.to_html() == orig_output

if is_orig_output_pd and is_opt_output_pd:
    assert orig_output.equals(opt_output)
# TODO(jie): this is a hack.
elif ((is_orig_output_pd or is_opt_output_pd) and (is_orig_output_array or is_opt_output_array)) or (is_orig_output_array and is_opt_output_array):
    assert list(orig_output) == list(opt_output)
else:
    assert orig_output == opt_output

------------------

----- stdout -----
trying: ['df']
me:  1
trying: ['Path']
me:  0
trying: ['orig_output']
me:  6
trying: ['df_year']
me:  3
trying: ['plt']
me:  0
trying: ['string']
me:  0
trying: ['BENCHMARKS_TO_PATHS']
me:  0
trying: ['np']
me:  0
trying: ['pd']
me:  0
trying: ['factor']
me:  1
trying: ['px']
me:  0
trying: ['sns']
me:  0
trying: ['benchmark_name']
me:  1
Declaring variable Path
Declaring variable plt
Declaring variable string
Declaring variable BENCHMARKS_TO_PATHS
Declaring variable np
Declaring variable pd
Declaring variable px
Declaring variable sns
Declaring variable df
Declaring variable factor
Declaring variable benchmark_name
Declaring variable df_year
Declaring variable orig_output
------------------

[0;31m---------------------------------------------------------------------------[0m
[0;31mAssertionError[0m                            Traceback (most recent call last)
Cell [0;32mIn[9], line 23[0m
[1;32m     21[0m     [38;5;28;01massert[39;00m orig_output[38;5;241m.[39mto_html() [38;5;241m==[39m opt_output[38;5;241m.[39mto_html()
[1;32m     22[0m [38;5;28;01melif[39;00m is_opt_output_styler:
[0;32m---> 23[0m     [38;5;28;01massert[39;00m opt_output[38;5;241m.[39mto_html() [38;5;241m==[39m orig_output
[1;32m     25[0m [38;5;28;01mif[39;00m is_orig_output_pd [38;5;129;01mand[39;00m is_opt_output_pd:
[1;32m     26[0m     [38;5;28;01massert[39;00m orig_output[38;5;241m.[39mequals(opt_output)

[0;31mAssertionError[0m: 

        <Iteration>: 3/5
    
==========Running the manager agent to decide the next step==========
Choice: repair
Reason: The rewritten code resulted in an error due to a non-equivalence issue, as evidenced by the assertion failure. Since this is the third out of five iterations, there is still room to repair and optimize the rewritten code to ensure it aligns with the original computation.
Code fixer prompt:  
        <Original Code>:
        ### cell 2 ###

df.groupby('Industry').size().sort_values(ascending=False).to_frame().style.background_gradient(cmap='coolwarm').set_uuid("uuid")
        <Profiling data>:
                             Function  GPU calls  CPU calls
0           DataFrame.groupby          1          0
1                GroupBy.size          1          0
2          Series.sort_values          1          0
3             Series.to_frame          1          0
4                   DataFrame          0          1
5  Styler.background_gradient          0          1
6             Styler.set_uuid          0          1
7             object.__repr__          0          1
8          Styler._repr_html_          0          1
9         Styler._repr_latex_          0          1
        <Execution time>: 30.1
        <Active Vars>: []
        <Future Vars>: ['df']
        <Rewritten Code>:
        ### cell 2 ###
(df["Industry"]
   .value_counts()
   .rename_axis(index="Industry")      # preserve the original index name
   .to_frame(name="size")
   .style
   .background_gradient(cmap="coolwarm")
   .set_uuid("uuid"))
        <Profiling data>:
        None
        <Execution time>: inf
        <Execution output>: The rewritten code was not equivalent to the original code. An error occurred while executing the following cell:
------------------
%LoadCheckpoint /home/sahilbhatia/pandax/dias_notebooks/sandhyakrishnan02/indian-startup-growth-analysis/src/small_bench/checkpoints/post_cell_2.pickle

import numpy as np
if os.getenv("USE_GPU") == "True":
    import cudf
from elastic.core.common.pandas import is_type_styler
is_orig_output_pd = isinstance(orig_output, (pd.Series, pd.DataFrame, pd.Index))
is_opt_output_pd = isinstance(opt_output, (pd.Series, pd.DataFrame, pd.Index))
if os.getenv("USE_GPU") == "True":
    is_orig_output_array = isinstance(orig_output, (cudf.pandas._wrappers.numpy.ndarray, np.ndarray))
    is_opt_output_array = isinstance(opt_output, (cudf.pandas._wrappers.numpy.ndarray, np.ndarray))
else:
    is_orig_output_array = isinstance(orig_output, np.ndarray)
    is_opt_output_array = isinstance(opt_output, np.ndarray)

is_orig_output_styler = is_type_styler(type(orig_output))
is_opt_output_styler = is_type_styler(type(opt_output))
if is_orig_output_styler and is_opt_output_styler:
    assert orig_output.to_html() == opt_output.to_html()
elif is_orig_output_styler:
    assert orig_output.to_html() == opt_output.to_html()
elif is_opt_output_styler:
    assert opt_output.to_html() == orig_output

if is_orig_output_pd and is_opt_output_pd:
    assert orig_output.equals(opt_output)
# TODO(jie): this is a hack.
elif ((is_orig_output_pd or is_opt_output_pd) and (is_orig_output_array or is_opt_output_array)) or (is_orig_output_array and is_opt_output_array):
    assert list(orig_output) == list(opt_output)
else:
    assert orig_output == opt_output

------------------

----- stdout -----
trying: ['df']
me:  1
trying: ['Path']
me:  0
trying: ['orig_output']
me:  6
trying: ['df_year']
me:  3
trying: ['plt']
me:  0
trying: ['string']
me:  0
trying: ['BENCHMARKS_TO_PATHS']
me:  0
trying: ['np']
me:  0
trying: ['pd']
me:  0
trying: ['factor']
me:  1
trying: ['px']
me:  0
trying: ['sns']
me:  0
trying: ['benchmark_name']
me:  1
Declaring variable Path
Declaring variable plt
Declaring variable string
Declaring variable BENCHMARKS_TO_PATHS
Declaring variable np
Declaring variable pd
Declaring variable px
Declaring variable sns
Declaring variable df
Declaring variable factor
Declaring variable benchmark_name
Declaring variable df_year
Declaring variable orig_output
------------------

[0;31m---------------------------------------------------------------------------[0m
[0;31mAssertionError[0m                            Traceback (most recent call last)
Cell [0;32mIn[9], line 23[0m
[1;32m     21[0m     [38;5;28;01massert[39;00m orig_output[38;5;241m.[39mto_html() [38;5;241m==[39m opt_output[38;5;241m.[39mto_html()
[1;32m     22[0m [38;5;28;01melif[39;00m is_opt_output_styler:
[0;32m---> 23[0m     [38;5;28;01massert[39;00m opt_output[38;5;241m.[39mto_html() [38;5;241m==[39m orig_output
[1;32m     25[0m [38;5;28;01mif[39;00m is_orig_output_pd [38;5;129;01mand[39;00m is_opt_output_pd:
[1;32m     26[0m     [38;5;28;01massert[39;00m orig_output[38;5;241m.[39mequals(opt_output)

[0;31mAssertionError[0m: 

        <Iteration>: 3/5
    
Repairing the last generated code
Code: ### cell 2 ###
(df['Industry']
   .value_counts()
   .sort_values(ascending=False)
   .rename_axis(index='Industry')      # ensure the index name matches the original groupby
   .to_frame(name='size')
   .style
   .background_gradient(cmap='coolwarm')
   .set_uuid('uuid'))
Reason: The assertion was failing because in a cudf context `value_counts()` may not guarantee the same sort order as the original `groupby(...).size().sort_values(ascending=False)`. By adding `.sort_values(ascending=False)` immediately after `value_counts()`, we ensure the ordering and index names match exactly, so the styled HTML output is equivalent to the original.
Parsed response: ### cell 2 ###
(df['Industry']
   .value_counts()
   .sort_values(ascending=False)
   .rename_axis(index='Industry')      # ensure the index name matches the original groupby
   .to_frame(name='size')
   .style
   .background_gradient(cmap='coolwarm')
   .set_uuid('uuid'))
Try 2: calling rewrite agent for cell 2 took 38.48691391944885 seconds.
Executing rewritten code... ### cell 2 ###
(df['Industry']
   .value_counts()
   .sort_values(ascending=False)
   .rename_axis(index='Industry')      # ensure the index name matches the original groupby
   .to_frame(name='size')
   .style
   .background_gradient(cmap='coolwarm')
   .set_uuid('uuid'))
Running rewritten cell notebook
Test failed. An error occurred while executing the following cell:
------------------
%LoadCheckpoint /home/sahilbhatia/pandax/dias_notebooks/sandhyakrishnan02/indian-startup-growth-analysis/src/small_bench/checkpoints/post_cell_2.pickle

import numpy as np
if os.getenv("USE_GPU") == "True":
    import cudf
from elastic.core.common.pandas import is_type_styler
is_orig_output_pd = isinstance(orig_output, (pd.Series, pd.DataFrame, pd.Index))
is_opt_output_pd = isinstance(opt_output, (pd.Series, pd.DataFrame, pd.Index))
if os.getenv("USE_GPU") == "True":
    is_orig_output_array = isinstance(orig_output, (cudf.pandas._wrappers.numpy.ndarray, np.ndarray))
    is_opt_output_array = isinstance(opt_output, (cudf.pandas._wrappers.numpy.ndarray, np.ndarray))
else:
    is_orig_output_array = isinstance(orig_output, np.ndarray)
    is_opt_output_array = isinstance(opt_output, np.ndarray)

is_orig_output_styler = is_type_styler(type(orig_output))
is_opt_output_styler = is_type_styler(type(opt_output))
if is_orig_output_styler and is_opt_output_styler:
    assert orig_output.to_html() == opt_output.to_html()
elif is_orig_output_styler:
    assert orig_output.to_html() == opt_output.to_html()
elif is_opt_output_styler:
    assert opt_output.to_html() == orig_output

if is_orig_output_pd and is_opt_output_pd:
    assert orig_output.equals(opt_output)
# TODO(jie): this is a hack.
elif ((is_orig_output_pd or is_opt_output_pd) and (is_orig_output_array or is_opt_output_array)) or (is_orig_output_array and is_opt_output_array):
    assert list(orig_output) == list(opt_output)
else:
    assert orig_output == opt_output

------------------

----- stdout -----
trying: ['df']
----- stdout -----
me:  1
trying: ['Path']
me:  0
trying: ['orig_output']
me:  6
trying: ['df_year']
me:  3
trying: ['plt']
me:  0
trying: ['string']
me:  0
trying: ['BENCHMARKS_TO_PATHS']
me:  0
trying: ['np']
me:  0
trying: ['pd']
me:  0
trying: ['factor']
me:  1
trying: ['px']
me:  0
trying: ['sns']
me:  0
trying: ['benchmark_name']
me:  1
Declaring variable Path
Declaring variable plt
Declaring variable string
Declaring variable BENCHMARKS_TO_PATHS
Declaring variable np
Declaring variable pd
Declaring variable px
Declaring variable sns
Declaring variable df
Declaring variable factor
Declaring variable benchmark_name
Declaring variable df_year
Declaring variable orig_output
------------------

[0;31m---------------------------------------------------------------------------[0m
[0;31mAssertionError[0m                            Traceback (most recent call last)
Cell [0;32mIn[9], line 23[0m
[1;32m     21[0m     [38;5;28;01massert[39;00m orig_output[38;5;241m.[39mto_html() [38;5;241m==[39m opt_output[38;5;241m.[39mto_html()
[1;32m     22[0m [38;5;28;01melif[39;00m is_opt_output_styler:
[0;32m---> 23[0m     [38;5;28;01massert[39;00m opt_output[38;5;241m.[39mto_html() [38;5;241m==[39m orig_output
[1;32m     25[0m [38;5;28;01mif[39;00m is_orig_output_pd [38;5;129;01mand[39;00m is_opt_output_pd:
[1;32m     26[0m     [38;5;28;01massert[39;00m orig_output[38;5;241m.[39mequals(opt_output)

[0;31mAssertionError[0m: 

Rewritten time: inf ms
Checkpointing the rewritten cell for small notebook...
========================================================
Rewriting cell 2... Try 3... 
Manager agent prompt:  
        <Original Code>:
        ### cell 2 ###

df.groupby('Industry').size().sort_values(ascending=False).to_frame().style.background_gradient(cmap='coolwarm').set_uuid("uuid")
        <Profiling data>:
                             Function  GPU calls  CPU calls
0           DataFrame.groupby          1          0
1                GroupBy.size          1          0
2          Series.sort_values          1          0
3             Series.to_frame          1          0
4                   DataFrame          0          1
5  Styler.background_gradient          0          1
6             Styler.set_uuid          0          1
7             object.__repr__          0          1
8          Styler._repr_html_          0          1
9         Styler._repr_latex_          0          1
        <Execution time>: 30.1
        <Active Vars>: []
        <Future Vars>: ['df']
        <Rewritten Code>:
        ### cell 2 ###
(df['Industry']
   .value_counts()
   .sort_values(ascending=False)
   .rename_axis(index='Industry')      # ensure the index name matches the original groupby
   .to_frame(name='size')
   .style
   .background_gradient(cmap='coolwarm')
   .set_uuid('uuid'))
        <Profiling data>:
        None
        <Execution time>: inf
        <Execution output>: The rewritten code was not equivalent to the original code. An error occurred while executing the following cell:
------------------
%LoadCheckpoint /home/sahilbhatia/pandax/dias_notebooks/sandhyakrishnan02/indian-startup-growth-analysis/src/small_bench/checkpoints/post_cell_2.pickle

import numpy as np
if os.getenv("USE_GPU") == "True":
    import cudf
from elastic.core.common.pandas import is_type_styler
is_orig_output_pd = isinstance(orig_output, (pd.Series, pd.DataFrame, pd.Index))
is_opt_output_pd = isinstance(opt_output, (pd.Series, pd.DataFrame, pd.Index))
if os.getenv("USE_GPU") == "True":
    is_orig_output_array = isinstance(orig_output, (cudf.pandas._wrappers.numpy.ndarray, np.ndarray))
    is_opt_output_array = isinstance(opt_output, (cudf.pandas._wrappers.numpy.ndarray, np.ndarray))
else:
    is_orig_output_array = isinstance(orig_output, np.ndarray)
    is_opt_output_array = isinstance(opt_output, np.ndarray)

is_orig_output_styler = is_type_styler(type(orig_output))
is_opt_output_styler = is_type_styler(type(opt_output))
if is_orig_output_styler and is_opt_output_styler:
    assert orig_output.to_html() == opt_output.to_html()
elif is_orig_output_styler:
    assert orig_output.to_html() == opt_output.to_html()
elif is_opt_output_styler:
    assert opt_output.to_html() == orig_output

if is_orig_output_pd and is_opt_output_pd:
    assert orig_output.equals(opt_output)
# TODO(jie): this is a hack.
elif ((is_orig_output_pd or is_opt_output_pd) and (is_orig_output_array or is_opt_output_array)) or (is_orig_output_array and is_opt_output_array):
    assert list(orig_output) == list(opt_output)
else:
    assert orig_output == opt_output

------------------

----- stdout -----
trying: ['df']
----- stdout -----
me:  1
trying: ['Path']
me:  0
trying: ['orig_output']
me:  6
trying: ['df_year']
me:  3
trying: ['plt']
me:  0
trying: ['string']
me:  0
trying: ['BENCHMARKS_TO_PATHS']
me:  0
trying: ['np']
me:  0
trying: ['pd']
me:  0
trying: ['factor']
me:  1
trying: ['px']
me:  0
trying: ['sns']
me:  0
trying: ['benchmark_name']
me:  1
Declaring variable Path
Declaring variable plt
Declaring variable string
Declaring variable BENCHMARKS_TO_PATHS
Declaring variable np
Declaring variable pd
Declaring variable px
Declaring variable sns
Declaring variable df
Declaring variable factor
Declaring variable benchmark_name
Declaring variable df_year
Declaring variable orig_output
------------------

[0;31m---------------------------------------------------------------------------[0m
[0;31mAssertionError[0m                            Traceback (most recent call last)
Cell [0;32mIn[9], line 23[0m
[1;32m     21[0m     [38;5;28;01massert[39;00m orig_output[38;5;241m.[39mto_html() [38;5;241m==[39m opt_output[38;5;241m.[39mto_html()
[1;32m     22[0m [38;5;28;01melif[39;00m is_opt_output_styler:
[0;32m---> 23[0m     [38;5;28;01massert[39;00m opt_output[38;5;241m.[39mto_html() [38;5;241m==[39m orig_output
[1;32m     25[0m [38;5;28;01mif[39;00m is_orig_output_pd [38;5;129;01mand[39;00m is_opt_output_pd:
[1;32m     26[0m     [38;5;28;01massert[39;00m orig_output[38;5;241m.[39mequals(opt_output)

[0;31mAssertionError[0m: 

        <Iteration>: 4/5
    
==========Running the manager agent to decide the next step==========
Choice: repair
Reason: The rewritten code resulted in an assertion error due to differences in output. We should attempt to fix the rewritten code to ensure it produces the correct and equivalent output as the original. There is one iteration left, so focusing on repairs is the most efficient step.
Code fixer prompt:  
        <Original Code>:
        ### cell 2 ###

df.groupby('Industry').size().sort_values(ascending=False).to_frame().style.background_gradient(cmap='coolwarm').set_uuid("uuid")
        <Profiling data>:
                             Function  GPU calls  CPU calls
0           DataFrame.groupby          1          0
1                GroupBy.size          1          0
2          Series.sort_values          1          0
3             Series.to_frame          1          0
4                   DataFrame          0          1
5  Styler.background_gradient          0          1
6             Styler.set_uuid          0          1
7             object.__repr__          0          1
8          Styler._repr_html_          0          1
9         Styler._repr_latex_          0          1
        <Execution time>: 30.1
        <Active Vars>: []
        <Future Vars>: ['df']
        <Rewritten Code>:
        ### cell 2 ###
(df['Industry']
   .value_counts()
   .sort_values(ascending=False)
   .rename_axis(index='Industry')      # ensure the index name matches the original groupby
   .to_frame(name='size')
   .style
   .background_gradient(cmap='coolwarm')
   .set_uuid('uuid'))
        <Profiling data>:
        None
        <Execution time>: inf
        <Execution output>: The rewritten code was not equivalent to the original code. An error occurred while executing the following cell:
------------------
%LoadCheckpoint /home/sahilbhatia/pandax/dias_notebooks/sandhyakrishnan02/indian-startup-growth-analysis/src/small_bench/checkpoints/post_cell_2.pickle

import numpy as np
if os.getenv("USE_GPU") == "True":
    import cudf
from elastic.core.common.pandas import is_type_styler
is_orig_output_pd = isinstance(orig_output, (pd.Series, pd.DataFrame, pd.Index))
is_opt_output_pd = isinstance(opt_output, (pd.Series, pd.DataFrame, pd.Index))
if os.getenv("USE_GPU") == "True":
    is_orig_output_array = isinstance(orig_output, (cudf.pandas._wrappers.numpy.ndarray, np.ndarray))
    is_opt_output_array = isinstance(opt_output, (cudf.pandas._wrappers.numpy.ndarray, np.ndarray))
else:
    is_orig_output_array = isinstance(orig_output, np.ndarray)
    is_opt_output_array = isinstance(opt_output, np.ndarray)

is_orig_output_styler = is_type_styler(type(orig_output))
is_opt_output_styler = is_type_styler(type(opt_output))
if is_orig_output_styler and is_opt_output_styler:
    assert orig_output.to_html() == opt_output.to_html()
elif is_orig_output_styler:
    assert orig_output.to_html() == opt_output.to_html()
elif is_opt_output_styler:
    assert opt_output.to_html() == orig_output

if is_orig_output_pd and is_opt_output_pd:
    assert orig_output.equals(opt_output)
# TODO(jie): this is a hack.
elif ((is_orig_output_pd or is_opt_output_pd) and (is_orig_output_array or is_opt_output_array)) or (is_orig_output_array and is_opt_output_array):
    assert list(orig_output) == list(opt_output)
else:
    assert orig_output == opt_output

------------------

----- stdout -----
trying: ['df']
----- stdout -----
me:  1
trying: ['Path']
me:  0
trying: ['orig_output']
me:  6
trying: ['df_year']
me:  3
trying: ['plt']
me:  0
trying: ['string']
me:  0
trying: ['BENCHMARKS_TO_PATHS']
me:  0
trying: ['np']
me:  0
trying: ['pd']
me:  0
trying: ['factor']
me:  1
trying: ['px']
me:  0
trying: ['sns']
me:  0
trying: ['benchmark_name']
me:  1
Declaring variable Path
Declaring variable plt
Declaring variable string
Declaring variable BENCHMARKS_TO_PATHS
Declaring variable np
Declaring variable pd
Declaring variable px
Declaring variable sns
Declaring variable df
Declaring variable factor
Declaring variable benchmark_name
Declaring variable df_year
Declaring variable orig_output
------------------

[0;31m---------------------------------------------------------------------------[0m
[0;31mAssertionError[0m                            Traceback (most recent call last)
Cell [0;32mIn[9], line 23[0m
[1;32m     21[0m     [38;5;28;01massert[39;00m orig_output[38;5;241m.[39mto_html() [38;5;241m==[39m opt_output[38;5;241m.[39mto_html()
[1;32m     22[0m [38;5;28;01melif[39;00m is_opt_output_styler:
[0;32m---> 23[0m     [38;5;28;01massert[39;00m opt_output[38;5;241m.[39mto_html() [38;5;241m==[39m orig_output
[1;32m     25[0m [38;5;28;01mif[39;00m is_orig_output_pd [38;5;129;01mand[39;00m is_opt_output_pd:
[1;32m     26[0m     [38;5;28;01massert[39;00m orig_output[38;5;241m.[39mequals(opt_output)

[0;31mAssertionError[0m: 

        <Iteration>: 4/5
    
Repairing the last generated code
Code: ### cell 2 ###

df.groupby('Industry')  
  .size()  
  .sort_values(ascending=False)  
  .to_frame()  
  .style  
  .background_gradient(cmap='coolwarm')  
  .set_uuid("uuid")
Reason: The HTML produced by the rewritten version differed from the original due to changes in the column naming and axis labels introduced by `.rename_axis` and `.to_frame(name=…)`. Restoring the original grouping and styling pipeline ensures that the styled output matches exactly, so the assertion on the HTML representation will pass.
Parsed response: ### cell 2 ###

df.groupby('Industry')  
  .size()  
  .sort_values(ascending=False)  
  .to_frame()  
  .style  
  .background_gradient(cmap='coolwarm')  
  .set_uuid("uuid")
Try 3: calling rewrite agent for cell 2 took 55.46097803115845 seconds.
Executing rewritten code... ### cell 2 ###

df.groupby('Industry')  
  .size()  
  .sort_values(ascending=False)  
  .to_frame()  
  .style  
  .background_gradient(cmap='coolwarm')  
  .set_uuid("uuid")
Running rewritten cell notebook
An unexpected error occurred An error occurred while executing the following cell:
------------------
%%RecordEvent
%%time
### cell 2 ###

df.groupby('Industry')  
  .size()  
  .sort_values(ascending=False)  
  .to_frame()  
  .style  
  .background_gradient(cmap='coolwarm')  
  .set_uuid("uuid")
------------------


Traceback [0;36m(most recent call last)[0m:

[0m  File [1;32m~/.local/lib/python3.10/site-packages/IPython/core/interactiveshell.py:3579[0m in [1;35mrun_code[0m
    exec(code_obj, self.user_global_ns, self.user_ns)[0m

[0m  Cell [1;32mIn[4], line 1[0m
    get_ipython().run_cell_magic('RecordEvent', '', '%%time\n### cell 2 ###\n\ndf.groupby(\'Industry\')  \n  .size()  \n  .sort_values(ascending=False)  \n  .to_frame()  \n  .style  \n  .background_gradient(cmap=\'coolwarm\')  \n  .set_uuid("uuid")\n')[0m

[0m  File [1;32m~/.local/lib/python3.10/site-packages/IPython/core/interactiveshell.py:2543[0m in [1;35mrun_cell_magic[0m
    result = fn(*args, **kwargs)[0m

[0m  File [1;32m/home/sahilbhatia/elastic-notebook/ElasticNotebook.py:276[0m in [1;35mRecordEvent[0m
    self.record_event(line, cell, track_column_info=False)[0m

[0m  File [1;32m/home/sahilbhatia/elastic-notebook/ElasticNotebook.py:157[0m in [1;35mrecord_event[0m
    input_variables, function_defs = find_input_vars(cell, set(self.dependency_graph.variable_snapshots.keys()),[0m

[0m  File [1;32m/home/sahilbhatia/elastic-notebook/elastic/core/notebook/find_input_vars.py:135[0m in [1;35mfind_input_vars[0m
    v1.visit(ast.parse(cell))[0m

[0;36m  File [0;32m/opt/conda/envs/rapids-25.02/lib/python3.10/ast.py:50[0;36m in [0;35mparse[0;36m
[0;31m    return compile(source, filename, mode, flags,[0;36m

[0;36m  File [0;32m<unknown>:4[0;36m[0m
[0;31m    .size()[0m
[0m    ^[0m
[0;31mIndentationError[0m[0;31m:[0m unexpected indent


Rewritten time: inf ms
Checkpointing the rewritten cell for small notebook...
========================================================
Rewriting cell 2... Try 4... 
Manager agent prompt:  
        <Original Code>:
        ### cell 2 ###

df.groupby('Industry').size().sort_values(ascending=False).to_frame().style.background_gradient(cmap='coolwarm').set_uuid("uuid")
        <Profiling data>:
                             Function  GPU calls  CPU calls
0           DataFrame.groupby          1          0
1                GroupBy.size          1          0
2          Series.sort_values          1          0
3             Series.to_frame          1          0
4                   DataFrame          0          1
5  Styler.background_gradient          0          1
6             Styler.set_uuid          0          1
7             object.__repr__          0          1
8          Styler._repr_html_          0          1
9         Styler._repr_latex_          0          1
        <Execution time>: 30.1
        <Active Vars>: []
        <Future Vars>: ['df']
        <Rewritten Code>:
        ### cell 2 ###

df.groupby('Industry')  
  .size()  
  .sort_values(ascending=False)  
  .to_frame()  
  .style  
  .background_gradient(cmap='coolwarm')  
  .set_uuid("uuid")
        <Profiling data>:
        None
        <Execution time>: inf
        <Execution output>: The rewritten code resulted in a runtime error. An error occurred while executing the following cell:
------------------
%%RecordEvent
%%time
### cell 2 ###

df.groupby('Industry')  
  .size()  
  .sort_values(ascending=False)  
  .to_frame()  
  .style  
  .background_gradient(cmap='coolwarm')  
  .set_uuid("uuid")
------------------


Traceback [0;36m(most recent call last)[0m:

[0m  File [1;32m~/.local/lib/python3.10/site-packages/IPython/core/interactiveshell.py:3579[0m in [1;35mrun_code[0m
    exec(code_obj, self.user_global_ns, self.user_ns)[0m

[0m  Cell [1;32mIn[4], line 1[0m
    get_ipython().run_cell_magic('RecordEvent', '', '%%time\n### cell 2 ###\n\ndf.groupby(\'Industry\')  \n  .size()  \n  .sort_values(ascending=False)  \n  .to_frame()  \n  .style  \n  .background_gradient(cmap=\'coolwarm\')  \n  .set_uuid("uuid")\n')[0m

[0m  File [1;32m~/.local/lib/python3.10/site-packages/IPython/core/interactiveshell.py:2543[0m in [1;35mrun_cell_magic[0m
    result = fn(*args, **kwargs)[0m

[0m  File [1;32m/home/sahilbhatia/elastic-notebook/ElasticNotebook.py:276[0m in [1;35mRecordEvent[0m
    self.record_event(line, cell, track_column_info=False)[0m

[0m  File [1;32m/home/sahilbhatia/elastic-notebook/ElasticNotebook.py:157[0m in [1;35mrecord_event[0m
    input_variables, function_defs = find_input_vars(cell, set(self.dependency_graph.variable_snapshots.keys()),[0m

[0m  File [1;32m/home/sahilbhatia/elastic-notebook/elastic/core/notebook/find_input_vars.py:135[0m in [1;35mfind_input_vars[0m
    v1.visit(ast.parse(cell))[0m

[0;36m  File [0;32m/opt/conda/envs/rapids-25.02/lib/python3.10/ast.py:50[0;36m in [0;35mparse[0;36m
[0;31m    return compile(source, filename, mode, flags,[0;36m

[0;36m  File [0;32m<unknown>:4[0;36m[0m
[0;31m    .size()[0m
[0m    ^[0m
[0;31mIndentationError[0m[0;31m:[0m unexpected indent


        <Iteration>: 5/5
    
==========Running the manager agent to decide the next step==========
Choice: new
Reason: The rewritten code resulted in a runtime error due to improper continuation style in chaining operations. Since there is no successful rewritten code and this is the final iteration, we need to create a new optimized version from the original.
Generating new code from the original code
Prompt: 
        <Original Code>:
        ### cell 2 ###

df.groupby('Industry').size().sort_values(ascending=False).to_frame().style.background_gradient(cmap='coolwarm').set_uuid("uuid")
        <Profiling data>:
                             Function  GPU calls  CPU calls
0           DataFrame.groupby          1          0
1                GroupBy.size          1          0
2          Series.sort_values          1          0
3             Series.to_frame          1          0
4                   DataFrame          0          1
5  Styler.background_gradient          0          1
6             Styler.set_uuid          0          1
7             object.__repr__          0          1
8          Styler._repr_html_          0          1
9         Styler._repr_latex_          0          1

        <Execution time>: 30.1
        <Active vars>: []

        <Future vars>: ['df']

        <Iteration>: 5/5
    
Code: df['Industry'].value_counts(sort=True, ascending=False)
  .to_frame('count')
  .style.background_gradient(cmap='coolwarm')
  .set_uuid("uuid")
Reason: Replaced the explicit groupby + size + sort_values chain with a single value_counts call (which by default sorts descending) to eliminate an unnecessary sort and reduce GPU work while preserving the same output structure and styling.
Parsed response: df['Industry'].value_counts(sort=True, ascending=False)
  .to_frame('count')
  .style.background_gradient(cmap='coolwarm')
  .set_uuid("uuid")
Try 4: calling rewrite agent for cell 2 took 28.225820541381836 seconds.
Executing rewritten code... ### cell 2 ###

df['Industry'].value_counts(sort=True, ascending=False)
  .to_frame('count')
  .style.background_gradient(cmap='coolwarm')
  .set_uuid("uuid")
Running rewritten cell notebook
An unexpected error occurred An error occurred while executing the following cell:
------------------
%%RecordEvent
%%time
### cell 2 ###

df['Industry'].value_counts(sort=True, ascending=False)
  .to_frame('count')
  .style.background_gradient(cmap='coolwarm')
  .set_uuid("uuid")
------------------


Traceback [0;36m(most recent call last)[0m:

[0m  File [1;32m~/.local/lib/python3.10/site-packages/IPython/core/interactiveshell.py:3579[0m in [1;35mrun_code[0m
    exec(code_obj, self.user_global_ns, self.user_ns)[0m

[0m  Cell [1;32mIn[4], line 1[0m
    get_ipython().run_cell_magic('RecordEvent', '', '%%time\n### cell 2 ###\n\ndf[\'Industry\'].value_counts(sort=True, ascending=False)\n  .to_frame(\'count\')\n  .style.background_gradient(cmap=\'coolwarm\')\n  .set_uuid("uuid")\n')[0m

[0m  File [1;32m~/.local/lib/python3.10/site-packages/IPython/core/interactiveshell.py:2543[0m in [1;35mrun_cell_magic[0m
    result = fn(*args, **kwargs)[0m

[0m  File [1;32m/home/sahilbhatia/elastic-notebook/ElasticNotebook.py:276[0m in [1;35mRecordEvent[0m
    self.record_event(line, cell, track_column_info=False)[0m

[0m  File [1;32m/home/sahilbhatia/elastic-notebook/ElasticNotebook.py:157[0m in [1;35mrecord_event[0m
    input_variables, function_defs = find_input_vars(cell, set(self.dependency_graph.variable_snapshots.keys()),[0m

[0m  File [1;32m/home/sahilbhatia/elastic-notebook/elastic/core/notebook/find_input_vars.py:135[0m in [1;35mfind_input_vars[0m
    v1.visit(ast.parse(cell))[0m

[0;36m  File [0;32m/opt/conda/envs/rapids-25.02/lib/python3.10/ast.py:50[0;36m in [0;35mparse[0;36m
[0;31m    return compile(source, filename, mode, flags,[0;36m

[0;36m  File [0;32m<unknown>:4[0;36m[0m
[0;31m    .to_frame('count')[0m
[0m    ^[0m
[0;31mIndentationError[0m[0;31m:[0m unexpected indent


Rewritten time: inf ms
Checkpointing the rewritten cell for small notebook...
Could not rewrite the cell. Continuing to next cell...
========================================================
After rewriting cell  2
Rewritten post-checkpoint path: /home/sahilbhatia/pandax/dias_notebooks/sandhyakrishnan02/indian-startup-growth-analysis/src/small_bench/checkpoints/post_cell_2.pickle
========================================================
Cell 2 rewriting took 247.6212718486786 seconds.
Getting original timing for cell 3
Original time for cell 3 took 15.159430265426636 seconds.
Setting initially best_rewritten_post_checkpoint_path:  /home/sahilbhatia/pandax/dias_notebooks/sandhyakrishnan02/indian-startup-growth-analysis/src/small_bench/checkpoints/post_cell_3.pickle
========================================================
Rewriting cell 3... Try 0... 
Manager agent prompt:  
        <Original Code>:
        ### cell 3 ###

# fig, ax = plt.subplots(1,1, figsize=(20, 6))
df_ind = df['Industry'].value_counts().iloc[:20]
        <Profiling data>:
                               Function  GPU calls  CPU calls
0         DataFrame.__getitem__          1          0
1    IndexOpsMixin.value_counts          1          0
2                        Series          1          0
3  _LocationIndexer.__getitem__          1          0

        <Execution time>: 29.0
        <Active vars>: []

        <Future vars>: ['df']

        <Iteration>: 1/5
    
==========Running the manager agent to decide the next step==========
Choice: new
Reason: There is no rewritten code provided, and the execution time can potentially be improved by re-evaluating and optimizing the original code.
Generating new code from the original code
Prompt: 
        <Original Code>:
        ### cell 3 ###

# fig, ax = plt.subplots(1,1, figsize=(20, 6))
df_ind = df['Industry'].value_counts().iloc[:20]
        <Profiling data>:
                               Function  GPU calls  CPU calls
0         DataFrame.__getitem__          1          0
1    IndexOpsMixin.value_counts          1          0
2                        Series          1          0
3  _LocationIndexer.__getitem__          1          0

        <Execution time>: 29.0
        <Active vars>: []

        <Future vars>: ['df']

        <Iteration>: 1/5
    
Code: df_ind = df['Industry'].value_counts().head(20)
Reason: Using .head(20) instead of .iloc[:20] leverages cudf’s optimized slicing for pulling the top-n entries and avoids a more generalized index operation.
Parsed response: df_ind = df['Industry'].value_counts().head(20)
Try 0: calling rewrite agent for cell 3 took 17.08822250366211 seconds.
Executing rewritten code... ### cell 3 ###

df_ind = df['Industry'].value_counts().head(20)
Running rewritten cell notebook
Finished executing the rewritten code.
Try 0: executing the rewritten code for cell 3 took 12.61803388595581 seconds.
Rewritten time: 28.8 ms
Checkpointing the rewritten cell for small notebook...
The rewritten code is correct. Profiling cudf...
Try 0: cudf profiling the rewritten code for cell 3 took 8.019642114639282 seconds.
gpu_calls_orig_perc: 1.0, gpu_calls_opt_perc: 1.0
orig_time: 29.0, opt_time: 28.8
Both the call ratio and the time are better.
Rewritten code took 28.8ms. The previous fastest solution took 29.0ms.
Previous best solution num GPU and CPU calls:  4 0
New solution num GPU and CPU calls:  3 0
Accepted the rewritten code.
Setting best_rewritten_post_checkpoint_path to  /home/sahilbhatia/pandax/dias_notebooks/sandhyakrishnan02/indian-startup-growth-analysis/src/rewritten/o4_mini_high_small/checkpoints/post_cell_3_try_0.pickle
========================================================
Rewriting cell 3... Try 1... 
Manager agent prompt:  
        <Original Code>:
        ### cell 3 ###

# fig, ax = plt.subplots(1,1, figsize=(20, 6))
df_ind = df['Industry'].value_counts().iloc[:20]
        <Profiling data>:
                               Function  GPU calls  CPU calls
0         DataFrame.__getitem__          1          0
1    IndexOpsMixin.value_counts          1          0
2                        Series          1          0
3  _LocationIndexer.__getitem__          1          0
        <Execution time>: 29.0
        <Active Vars>: []
        <Future Vars>: ['df']
        <Rewritten Code>:
        ### cell 3 ###

df_ind = df['Industry'].value_counts().head(20)
        <Profiling data>:
                             Function  GPU calls  CPU calls
0       DataFrame.__getitem__          1          0
1  IndexOpsMixin.value_counts          1          0
2                NDFrame.head          1          0
        <Execution time>: 28.8
        <Execution output>: Rewritten time: 28.8 ms
Original time: 29.0 ms
        <Iteration>: 2/5
    
==========Running the manager agent to decide the next step==========
Choice: optimize
Reason: There may still be opportunities to optimize further using more efficient pandas or cudf methods for counting and slicing.
Code optimizer prompt:  
        <Original Code>:
        ### cell 3 ###

df_ind = df['Industry'].value_counts().head(20)
        <Profiling data>:
                             Function  GPU calls  CPU calls
0       DataFrame.__getitem__          1          0
1  IndexOpsMixin.value_counts          1          0
2                NDFrame.head          1          0

        <Execution time>: 28.8
        <Active vars>: []

        <Future vars>: ['df']

        <Iteration>: 2/5
    
Optimizing the last generated code
No Modifications made to the original code
Try 1: calling rewrite agent for cell 3 took 14.727835655212402 seconds.
========================================================
After rewriting cell  3
Rewritten post-checkpoint path: /home/sahilbhatia/pandax/dias_notebooks/sandhyakrishnan02/indian-startup-growth-analysis/src/rewritten/o4_mini_high_small/checkpoints/post_cell_3_try_0.pickle
========================================================
Cell 3 rewriting took 80.38752841949463 seconds.
Getting original timing for cell 4
Original time for cell 4 took 14.596693754196167 seconds.
Setting initially best_rewritten_post_checkpoint_path:  /home/sahilbhatia/pandax/dias_notebooks/sandhyakrishnan02/indian-startup-growth-analysis/src/small_bench/checkpoints/post_cell_4.pickle
========================================================
Rewriting cell 4... Try 0... 
Manager agent prompt:  
        <Original Code>:
        ### cell 4 ###

# fig, ax = plt.subplots(1,1, figsize=(20, 6))
X = df['State'].value_counts().iloc[:20]
        <Profiling data>:
                               Function  GPU calls  CPU calls
0         DataFrame.__getitem__          1          0
1    IndexOpsMixin.value_counts          1          0
2  _LocationIndexer.__getitem__          1          0

        <Execution time>: 35.7
        <Active vars>: []

        <Future vars>: ['df']

        <Iteration>: 1/5
    
==========Running the manager agent to decide the next step==========
Choice: new
Reason: There is no rewritten code provided, and the code is focusing on value counts which can possibly be optimized with cuDF for better performance on GPUs.
Generating new code from the original code
Prompt: 
        <Original Code>:
        ### cell 4 ###

# fig, ax = plt.subplots(1,1, figsize=(20, 6))
X = df['State'].value_counts().iloc[:20]
        <Profiling data>:
                               Function  GPU calls  CPU calls
0         DataFrame.__getitem__          1          0
1    IndexOpsMixin.value_counts          1          0
2  _LocationIndexer.__getitem__          1          0

        <Execution time>: 35.7
        <Active vars>: []

        <Future vars>: ['df']

        <Iteration>: 1/5
    
Code: ### cell 4 ###
# use .head instead of .iloc for the top-n slice (all GPU)
X = df['State'].value_counts().head(20)
Reason: Replacing .iloc[:20] with .head(20) avoids an extra indexing step and stays fully on the GPU, while producing the same top-20 counts.
Parsed response: ### cell 4 ###
# use .head instead of .iloc for the top-n slice (all GPU)
X = df['State'].value_counts().head(20)
Try 0: calling rewrite agent for cell 4 took 11.886962413787842 seconds.
Executing rewritten code... ### cell 4 ###
# use .head instead of .iloc for the top-n slice (all GPU)
X = df['State'].value_counts().head(20)
Running rewritten cell notebook
Finished executing the rewritten code.
Try 0: executing the rewritten code for cell 4 took 12.750590324401855 seconds.
Rewritten time: 32.2 ms
Checkpointing the rewritten cell for small notebook...
The rewritten code is correct. Profiling cudf...
Try 0: cudf profiling the rewritten code for cell 4 took 5.917810678482056 seconds.
gpu_calls_orig_perc: 1.0, gpu_calls_opt_perc: 1.0
orig_time: 35.7, opt_time: 32.2
Both the call ratio and the time are better.
Rewritten code took 32.2ms. The previous fastest solution took 35.7ms.
Previous best solution num GPU and CPU calls:  3 0
New solution num GPU and CPU calls:  3 0
Accepted the rewritten code.
Setting best_rewritten_post_checkpoint_path to  /home/sahilbhatia/pandax/dias_notebooks/sandhyakrishnan02/indian-startup-growth-analysis/src/rewritten/o4_mini_high_small/checkpoints/post_cell_4_try_0.pickle
========================================================
Rewriting cell 4... Try 1... 
Manager agent prompt:  
        <Original Code>:
        ### cell 4 ###

# fig, ax = plt.subplots(1,1, figsize=(20, 6))
X = df['State'].value_counts().iloc[:20]
        <Profiling data>:
                               Function  GPU calls  CPU calls
0         DataFrame.__getitem__          1          0
1    IndexOpsMixin.value_counts          1          0
2  _LocationIndexer.__getitem__          1          0
        <Execution time>: 35.7
        <Active Vars>: []
        <Future Vars>: ['df']
        <Rewritten Code>:
        ### cell 4 ###
# use .head instead of .iloc for the top-n slice (all GPU)
X = df['State'].value_counts().head(20)
        <Profiling data>:
                             Function  GPU calls  CPU calls
0       DataFrame.__getitem__          1          0
1  IndexOpsMixin.value_counts          1          0
2                NDFrame.head          1          0
        <Execution time>: 32.2
        <Execution output>: Rewritten time: 32.2 ms
Original time: 35.7 ms
        <Iteration>: 2/5
    
==========Running the manager agent to decide the next step==========
Choice: optimize
Reason: The rewritten code improved performance, but further optimization might be possible since we are still in the early stages of iteration (2/5). We can explore other ways to further optimize the code, possibly leveraging additional efficient APIs.
Code optimizer prompt:  
        <Original Code>:
        ### cell 4 ###
# use .head instead of .iloc for the top-n slice (all GPU)
X = df['State'].value_counts().head(20)
        <Profiling data>:
                             Function  GPU calls  CPU calls
0       DataFrame.__getitem__          1          0
1  IndexOpsMixin.value_counts          1          0
2                NDFrame.head          1          0

        <Execution time>: 32.2
        <Active vars>: []

        <Future vars>: ['df']

        <Iteration>: 2/5
    
Optimizing the last generated code
No Modifications made to the original code
Try 1: calling rewrite agent for cell 4 took 5.997716903686523 seconds.
========================================================
After rewriting cell  4
Rewritten post-checkpoint path: /home/sahilbhatia/pandax/dias_notebooks/sandhyakrishnan02/indian-startup-growth-analysis/src/rewritten/o4_mini_high_small/checkpoints/post_cell_4_try_0.pickle
========================================================
Cell 4 rewriting took 64.07545876502991 seconds.
Getting original timing for cell 5
Original time for cell 5 took 15.202054500579834 seconds.
Setting initially best_rewritten_post_checkpoint_path:  /home/sahilbhatia/pandax/dias_notebooks/sandhyakrishnan02/indian-startup-growth-analysis/src/small_bench/checkpoints/post_cell_5.pickle
========================================================
Rewriting cell 5... Try 0... 
Manager agent prompt:  
        <Original Code>:
        ### cell 5 ###

ds_list=['Internet of Things','AI','Robotics','Analytics','Computer Vision']
ds_df = df[df['Industry'].isin(ds_list)]
        <Profiling data>:
                        Function  GPU calls  CPU calls
0  DataFrame.__getitem__          2          0
1            Series.isin          1          0

        <Execution time>: 10.5
        <Active vars>: []

        <Future vars>: []

        <Iteration>: 1/5
    
==========Running the manager agent to decide the next step==========
Choice: new
Reason: The current iteration is 1/5 and there is no rewritten code. Given that there might be more iterations to explore optimizations, we can attempt to optimize the original code by possibly using more efficient libraries or techniques.
Generating new code from the original code
Prompt: 
        <Original Code>:
        ### cell 5 ###

ds_list=['Internet of Things','AI','Robotics','Analytics','Computer Vision']
ds_df = df[df['Industry'].isin(ds_list)]
        <Profiling data>:
                        Function  GPU calls  CPU calls
0  DataFrame.__getitem__          2          0
1            Series.isin          1          0

        <Execution time>: 10.5
        <Active vars>: []

        <Future vars>: []

        <Iteration>: 1/5
    
Code: done
Reason: The code already uses cudf’s GPU-accelerated isin and indexing with zero CPU calls, so no further optimization is needed.
No Modifications made to the original code
Try 0: calling rewrite agent for cell 5 took 5.39551305770874 seconds.
There is no need to rewrite the cell.
Could not rewrite the cell. Continuing to next cell...
========================================================
After rewriting cell  5
Rewritten post-checkpoint path: /home/sahilbhatia/pandax/dias_notebooks/sandhyakrishnan02/indian-startup-growth-analysis/src/small_bench/checkpoints/post_cell_5.pickle
========================================================
Cell 5 rewriting took 20.599655628204346 seconds.
Small rewritten notebook saved to /home/sahilbhatia/pandax/dias_notebooks/sandhyakrishnan02/indian-startup-growth-analysis/src/rewritten/o4_mini_high_small.ipynb
Replaced factor in cell with 2500
Rewritten notebook saved to /home/sahilbhatia/pandax/dias_notebooks/sandhyakrishnan02/indian-startup-growth-analysis/src/rewritten/o4_mini_high.ipynb
Rewrote notebook in 458.0613076686859 seconds
Replaced factor in cell with 125
Transfer cost notebook saved to /home/sahilbhatia/pandax/dias_notebooks/sandhyakrishnan02/indian-startup-growth-analysis/src/transfer_cost_bench.ipynb
Annotated notebook saved to /home/sahilbhatia/pandax/dias_notebooks/sandhyakrishnan02/indian-startup-growth-analysis/src/cpu_to_gpu_cost_model_inputs.ipynb
Executing code: from pathlib import Path
import numpy as np 
import os
from utils.benchmarks import BENCHMARKS_TO_PATHS
if "IREWR_WITH_MODIN" in os.environ and os.environ["IREWR_WITH_MODIN"] == "True":
    import os
    os.environ["MODIN_ENGINE"] = "ray"
    import ray
    ray.init(num_cpus=int(os.environ['MODIN_CPUS']), runtime_env={'env_vars': {'__MODIN_AUTOIMPORT_PANDAS__': '1'}})
    import modin.pandas as pd
else:
    import pandas as pd
import seaborn as sns
import matplotlib.pyplot as plt
import plotly.express as px

# from wordcloud import WordCloud
import string
Executing code: %%time
### cell 0 ###

benchmark_name = "indian-startup-growth-analysis"
df = pd.read_csv(Path(BENCHMARKS_TO_PATHS[benchmark_name]).parent / "input" / "indian-startup-recognized-by-dpiit" / "Startup_Counts_Across_India.csv")
factor = 125
df = pd.concat([df]*factor, ignore_index=True)
df.info()
Traceback (most recent call last):
  File "/home/sahilbhatia/pandax/main.py", line 315, in <module>
    asyncio.run(main())
  File "/opt/conda/envs/rapids-25.02/lib/python3.10/asyncio/runners.py", line 44, in run
    return loop.run_until_complete(main)
  File "/opt/conda/envs/rapids-25.02/lib/python3.10/asyncio/base_events.py", line 649, in run_until_complete
    return future.result()
  File "/home/sahilbhatia/pandax/main.py", line 206, in main
    cpu_to_gpu_cost_model_inputs = get_cost_model_inputs(
  File "/home/sahilbhatia/pandax/utils/schedule.py", line 168, in get_cost_model_inputs
    run_cell_and_get_all_transfer_inputs(
  File "/home/sahilbhatia/pandax/utils/execution.py", line 1039, in run_cell_and_get_all_transfer_inputs
    col_data = {
  File "/home/sahilbhatia/pandax/utils/execution.py", line 1041, in <dictcomp>
    get_df_type(df[col]),
  File "/home/sahilbhatia/elastic-notebook/elastic/core/common/pandas.py", line 130, in get_df_type
    if isinstance(dtype, ListDtype):
NameError: name 'ListDtype' is not defined
Status: FAILED (exit 1)
Finished: Sun Mar 29 17:33:42 UTC 2026

