Command: python -u main.py retail-supermarket-store-analysis
Started: Sun Mar 29 17:05:53 UTC 2026
Annotated notebook saved to /home/sahilbhatia/pandax/dias_notebooks/roopacalistus/retail-supermarket-store-analysis/src/cell_exec_info.ipynb
Executing code: import sys, os
%load_ext ElasticNotebook
from elastic.core.common.pandas import compare_df, convert_col
import pickle
import cudf
Executing code: %%RecordEventWithColumnInfo
from pathlib import Path
import matplotlib.pyplot as plt
import seaborn as sns
import os
from utils.benchmarks import BENCHMARKS_TO_PATHS
if "IREWR_WITH_MODIN" in os.environ and os.environ["IREWR_WITH_MODIN"] == "True":
    import os
    os.environ["MODIN_ENGINE"] = "ray"
    import ray
    ray.init(num_cpus=int(os.environ['MODIN_CPUS']), runtime_env={'env_vars': {'__MODIN_AUTOIMPORT_PANDAS__': '1'}})
    import modin.pandas as pd
else:
    import pandas as pd
Executing code: %%RecordEventWithColumnInfo
### cell 0 ###

benchmark_name = "retail-supermarket-store-analysis"
data = pd.read_csv(Path(BENCHMARKS_TO_PATHS[benchmark_name]).parent / "input" / "superstore" / "SampleSuperstore.csv")
factor = 8
data = pd.concat([data]*factor)
data.info()
Executing code: %%RecordEventWithColumnInfo
### cell 1 ###

data.head()
Executing code: %%RecordEventWithColumnInfo
### cell 2 ###

data.info()
Executing code: %%RecordEventWithColumnInfo
### cell 3 ###

data.duplicated().sum()
Executing code: %%RecordEventWithColumnInfo
### cell 4 ###

data.info()
Executing code: %%RecordEventWithColumnInfo
### cell 5 ###

data.drop(["Postal Code"], axis=1,inplace= True)
Executing code: %%RecordEventWithColumnInfo
### cell 6 ###

data.info()
Executing code: %%RecordEventWithColumnInfo
### cell 7 ###

data.corr(numeric_only=True)
Executing code: %%RecordEventWithColumnInfo
### cell 8 ###

data["Ship Mode"].value_counts()
Executing code: %%RecordEventWithColumnInfo
### cell 9 ###

data["Segment"].value_counts()
Executing code: %%RecordEventWithColumnInfo
### cell 10 ###

data["Category"].value_counts()
Executing code: %%RecordEventWithColumnInfo
### cell 11 ###

data["Sub-Category"].value_counts()
Executing code: %%RecordEventWithColumnInfo
### cell 12 ###

st_profit=data.groupby(["State"])["Profit"].sum().nlargest(20)
Executing code: %%RecordEventWithColumnInfo
### cell 13 ###

st_profit
Executing code: %%RecordEventWithColumnInfo
### cell 14 ###

data1= data.groupby("State")[["Sales","Profit"]].sum().sort_values(by="Sales", ascending=False)
Executing code: %%RecordEventWithColumnInfo
### cell 15 ###

data1= data.groupby("Region")[["Sales","Profit"]].sum().sort_values(by="Sales", ascending=False)
Executing code: %PrintCellInfo cell_exec_info
Executing code: %reset -f
Executing code: %reload_ext ElasticNotebook
Ran small notebook to get cell exec info in 7.135902166366577 seconds
Getting cudf profile information...
Annotated notebook saved to /home/sahilbhatia/pandax/dias_notebooks/roopacalistus/retail-supermarket-store-analysis/src/cudf_profile.ipynb
Done getting cudf profile information.
Ran small notebook to get cudf profile info in 52.203383445739746 seconds
Annotated notebook saved to /home/sahilbhatia/pandax/dias_notebooks/roopacalistus/retail-supermarket-store-analysis/src/small_annotated.ipynb
Executing code: %reset -f
Executing code: %reload_ext ElasticNotebook
Executing 3 cells up to cell 0.
========================================================
Checkpointing before runing cell 0.
========================================================
Cell 0
Small pre-checkpoint path: /home/sahilbhatia/pandax/dias_notebooks/roopacalistus/retail-supermarket-store-analysis/src/small_annotated/checkpoints/pre_cell_0.pickle
Small rewritten pre-checkpoint path: /home/sahilbhatia/pandax/dias_notebooks/roopacalistus/retail-supermarket-store-analysis/src/small_annotated/checkpoints/pre_cell_0.pickle
========================================================
Getting original timing for cell 0
Original time for cell 0 took 9.091961145401001 seconds.
Setting initially best_rewritten_post_checkpoint_path:  /home/sahilbhatia/pandax/dias_notebooks/roopacalistus/retail-supermarket-store-analysis/src/small_bench/checkpoints/post_cell_0.pickle
========================================================
Rewriting cell 0... Try 0... 
Manager agent prompt:  
        <Original Code>:
        ### cell 0 ###

benchmark_name = "retail-supermarket-store-analysis"
data = pd.read_csv(Path(BENCHMARKS_TO_PATHS[benchmark_name]).parent / "input" / "superstore" / "SampleSuperstore.csv")
factor = 8
data = pd.concat([data]*factor)
data.info()
        <Profiling data>:
                 Function  GPU calls  CPU calls
0        read_csv          1          0
1          concat          1          0
2  DataFrame.info          1          0

        <Execution time>: 111.0
        <Active vars>: ['data']

        <Future vars>: []

        <Iteration>: 1/5
    
==========Running the manager agent to decide the next step==========
Choice: new
Reason: The code currently reads and concatenates a CSV file, which can be optimized using cuDF for better performance on GPU. Since the current iteration is 1/5, there's an opportunity to explore these optimizations in subsequent iterations.
Generating new code from the original code
Prompt: 
        <Original Code>:
        ### cell 0 ###

benchmark_name = "retail-supermarket-store-analysis"
data = pd.read_csv(Path(BENCHMARKS_TO_PATHS[benchmark_name]).parent / "input" / "superstore" / "SampleSuperstore.csv")
factor = 8
data = pd.concat([data]*factor)
data.info()
        <Profiling data>:
                 Function  GPU calls  CPU calls
0        read_csv          1          0
1          concat          1          0
2  DataFrame.info          1          0

        <Execution time>: 111.0
        <Active vars>: ['data']

        <Future vars>: []

        <Iteration>: 1/5
    
Code: done
Reason: The operations (read_csv, concat, info) are already GPU-accelerated under the cudf.pandas extension, and there is no further vectorization or data-movement optimization necessary in this cell.
No Modifications made to the original code
Try 0: calling rewrite agent for cell 0 took 8.951011657714844 seconds.
There is no need to rewrite the cell.
Could not rewrite the cell. Continuing to next cell...
========================================================
After rewriting cell  0
Rewritten post-checkpoint path: /home/sahilbhatia/pandax/dias_notebooks/roopacalistus/retail-supermarket-store-analysis/src/small_bench/checkpoints/post_cell_0.pickle
========================================================
Cell 0 rewriting took 18.045042753219604 seconds.
Getting original timing for cell 1
Original time for cell 1 took 12.02601432800293 seconds.
Setting initially best_rewritten_post_checkpoint_path:  /home/sahilbhatia/pandax/dias_notebooks/roopacalistus/retail-supermarket-store-analysis/src/small_bench/checkpoints/post_cell_1.pickle
========================================================
Rewriting cell 1... Try 0... 
Manager agent prompt:  
        <Original Code>:
        ### cell 1 ###

data.head()
        <Profiling data>:
                     Function  GPU calls  CPU calls
0        NDFrame.head          1          0
1  DataFrame.__repr__          1          0

        <Execution time>: 5.1
        <Active vars>: []

        <Future vars>: ['data']

        <Iteration>: 1/5
    
==========Running the manager agent to decide the next step==========
Choice: done
Reason: The current operation is a head() call, which is primarily for inspection. No meaningful optimization is possible.
Code is already optimized
Try 0: calling rewrite agent for cell 1 took 0.8790223598480225 seconds.
There is no need to rewrite the cell.
Could not rewrite the cell. Continuing to next cell...
========================================================
After rewriting cell  1
Rewritten post-checkpoint path: /home/sahilbhatia/pandax/dias_notebooks/roopacalistus/retail-supermarket-store-analysis/src/small_bench/checkpoints/post_cell_1.pickle
========================================================
Cell 1 rewriting took 12.906976699829102 seconds.
Getting original timing for cell 2
Original time for cell 2 took 9.447219371795654 seconds.
Setting initially best_rewritten_post_checkpoint_path:  /home/sahilbhatia/pandax/dias_notebooks/roopacalistus/retail-supermarket-store-analysis/src/small_bench/checkpoints/post_cell_2.pickle
========================================================
Rewriting cell 2... Try 0... 
Manager agent prompt:  
        <Original Code>:
        ### cell 2 ###

data.info()
        <Profiling data>:
                 Function  GPU calls  CPU calls
0  DataFrame.info          1          0

        <Execution time>: 9.54
        <Active vars>: []

        <Future vars>: ['data']

        <Iteration>: 1/5
    
==========Running the manager agent to decide the next step==========
Choice: done
Reason: The primary purpose of the code is debugging or printing with `data.info()`, which cannot be meaningfully optimized.
Code is already optimized
Try 0: calling rewrite agent for cell 2 took 1.3685479164123535 seconds.
There is no need to rewrite the cell.
Could not rewrite the cell. Continuing to next cell...
========================================================
After rewriting cell  2
Rewritten post-checkpoint path: /home/sahilbhatia/pandax/dias_notebooks/roopacalistus/retail-supermarket-store-analysis/src/small_bench/checkpoints/post_cell_2.pickle
========================================================
Cell 2 rewriting took 10.817649364471436 seconds.
Getting original timing for cell 3
Original time for cell 3 took 11.027327060699463 seconds.
Setting initially best_rewritten_post_checkpoint_path:  /home/sahilbhatia/pandax/dias_notebooks/roopacalistus/retail-supermarket-store-analysis/src/small_bench/checkpoints/post_cell_3.pickle
========================================================
Rewriting cell 3... Try 0... 
Manager agent prompt:  
        <Original Code>:
        ### cell 3 ###

data.duplicated().sum()
        <Profiling data>:
                       Function  GPU calls  CPU calls
0  DataFrame.duplicated          1          0
1            Series.sum          1          0

        <Execution time>: 8.05
        <Active vars>: []

        <Future vars>: ['data']

        <Iteration>: 1/5
    
==========Running the manager agent to decide the next step==========
Choice: new
Reason: There is no rewritten code provided, and given the profiling information, we should try to optimize the original code further in the remaining iterations.
Generating new code from the original code
Prompt: 
        <Original Code>:
        ### cell 3 ###

data.duplicated().sum()
        <Profiling data>:
                       Function  GPU calls  CPU calls
0  DataFrame.duplicated          1          0
1            Series.sum          1          0

        <Execution time>: 8.05
        <Active vars>: []

        <Future vars>: ['data']

        <Iteration>: 1/5
    
Code: done
Reason: The operation is already fully executed on the GPU (no CPU calls) and uses vectorized cudf methods. There is no further optimization possible for this simple duplicate count.
No Modifications made to the original code
Try 0: calling rewrite agent for cell 3 took 13.965462684631348 seconds.
There is no need to rewrite the cell.
Could not rewrite the cell. Continuing to next cell...
========================================================
After rewriting cell  3
Rewritten post-checkpoint path: /home/sahilbhatia/pandax/dias_notebooks/roopacalistus/retail-supermarket-store-analysis/src/small_bench/checkpoints/post_cell_3.pickle
========================================================
Cell 3 rewriting took 24.995177030563354 seconds.
Getting original timing for cell 4
Original time for cell 4 took 9.173245906829834 seconds.
Setting initially best_rewritten_post_checkpoint_path:  /home/sahilbhatia/pandax/dias_notebooks/roopacalistus/retail-supermarket-store-analysis/src/small_bench/checkpoints/post_cell_4.pickle
========================================================
Rewriting cell 4... Try 0... 
Manager agent prompt:  
        <Original Code>:
        ### cell 4 ###

data.info()
        <Profiling data>:
                 Function  GPU calls  CPU calls
0  DataFrame.info          1          0

        <Execution time>: 10.3
        <Active vars>: []

        <Future vars>: ['data']

        <Iteration>: 1/5
    
==========Running the manager agent to decide the next step==========
Choice: done
Reason: The code is using .info() for debugging or data inspection, which cannot be meaningfully optimized.
Code is already optimized
Try 0: calling rewrite agent for cell 4 took 1.2505593299865723 seconds.
There is no need to rewrite the cell.
Could not rewrite the cell. Continuing to next cell...
========================================================
After rewriting cell  4
Rewritten post-checkpoint path: /home/sahilbhatia/pandax/dias_notebooks/roopacalistus/retail-supermarket-store-analysis/src/small_bench/checkpoints/post_cell_4.pickle
========================================================
Cell 4 rewriting took 10.425857305526733 seconds.
Getting original timing for cell 5
Original time for cell 5 took 9.466148138046265 seconds.
Setting initially best_rewritten_post_checkpoint_path:  /home/sahilbhatia/pandax/dias_notebooks/roopacalistus/retail-supermarket-store-analysis/src/small_bench/checkpoints/post_cell_5.pickle
========================================================
Rewriting cell 5... Try 0... 
Manager agent prompt:  
        <Original Code>:
        ### cell 5 ###

data.drop(["Postal Code"], axis=1,inplace= True)
        <Profiling data>:
                 Function  GPU calls  CPU calls
0  DataFrame.drop          1          0

        <Execution time>: 0.268
        <Active vars>: ['data']

        <Future vars>: []

        <Iteration>: 1/5
    
==========Running the manager agent to decide the next step==========
Choice: new
Reason: The current operation is using a standard DataFrame method. Since it is the first iteration, we should attempt to optimize it by utilizing more efficient data manipulation libraries or methods available.
Generating new code from the original code
Prompt: 
        <Original Code>:
        ### cell 5 ###

data.drop(["Postal Code"], axis=1,inplace= True)
        <Profiling data>:
                 Function  GPU calls  CPU calls
0  DataFrame.drop          1          0

        <Execution time>: 0.268
        <Active vars>: ['data']

        <Future vars>: []

        <Iteration>: 1/5
    
Code: del data['Postal Code']
Reason: Using del to remove a column modifies the DataFrame in place without triggering an extra GPU kernel launch for drop, reducing overhead and execution time.
Parsed response: del data['Postal Code']
Try 0: calling rewrite agent for cell 5 took 7.876512050628662 seconds.
Executing rewritten code... ### cell 5 ###

del data['Postal Code']
Running rewritten cell notebook
Finished executing the rewritten code.
Try 0: executing the rewritten code for cell 5 took 9.51371455192566 seconds.
Rewritten time: 0.20500000000000002 ms
Checkpointing the rewritten cell for small notebook...
The rewritten code is correct. Profiling cudf...
Try 0: cudf profiling the rewritten code for cell 5 took 5.755217552185059 seconds.
gpu_calls_orig_perc: 1.0, gpu_calls_opt_perc: 1.0
orig_time: 0.268, opt_time: 0.20500000000000002
Both the call ratio and the time are better.
Rewritten code took 0.20500000000000002ms. The previous fastest solution took 0.268ms.
Previous best solution num GPU and CPU calls:  1 0
New solution num GPU and CPU calls:  1 0
Accepted the rewritten code.
Setting best_rewritten_post_checkpoint_path to  /home/sahilbhatia/pandax/dias_notebooks/roopacalistus/retail-supermarket-store-analysis/src/rewritten/o4_mini_high_small/checkpoints/post_cell_5_try_0.pickle
========================================================
Rewriting cell 5... Try 1... 
Manager agent prompt:  
        <Original Code>:
        ### cell 5 ###

data.drop(["Postal Code"], axis=1,inplace= True)
        <Profiling data>:
                 Function  GPU calls  CPU calls
0  DataFrame.drop          1          0
        <Execution time>: 0.268
        <Active Vars>: ['data']
        <Future Vars>: []
        <Rewritten Code>:
        ### cell 5 ###

del data['Postal Code']
        <Profiling data>:
                      Function  GPU calls  CPU calls
0  NDFrame.__delitem__          1          0
        <Execution time>: 0.20500000000000002
        <Execution output>: Rewritten time: 0.20500000000000002 ms
Original time: 0.268 ms
        <Iteration>: 2/5
    
==========Running the manager agent to decide the next step==========
Choice: optimize
Reason: There may still be more efficient alternatives that could potentially reduce execution time even further.
Code optimizer prompt:  
        <Original Code>:
        ### cell 5 ###

del data['Postal Code']
        <Profiling data>:
                      Function  GPU calls  CPU calls
0  NDFrame.__delitem__          1          0

        <Execution time>: 0.20500000000000002
        <Active vars>: ['data']

        <Future vars>: []

        <Iteration>: 2/5
    
Optimizing the last generated code
No Modifications made to the original code
Try 1: calling rewrite agent for cell 5 took 7.5550878047943115 seconds.
========================================================
After rewriting cell  5
Rewritten post-checkpoint path: /home/sahilbhatia/pandax/dias_notebooks/roopacalistus/retail-supermarket-store-analysis/src/rewritten/o4_mini_high_small/checkpoints/post_cell_5_try_0.pickle
========================================================
Cell 5 rewriting took 49.3498158454895 seconds.
Getting original timing for cell 6
Original time for cell 6 took 8.94451093673706 seconds.
Setting initially best_rewritten_post_checkpoint_path:  /home/sahilbhatia/pandax/dias_notebooks/roopacalistus/retail-supermarket-store-analysis/src/small_bench/checkpoints/post_cell_6.pickle
========================================================
Rewriting cell 6... Try 0... 
Manager agent prompt:  
        <Original Code>:
        ### cell 6 ###

data.info()
        <Profiling data>:
                 Function  GPU calls  CPU calls
0  DataFrame.info          1          0

        <Execution time>: 13.4
        <Active vars>: []

        <Future vars>: ['data']

        <Iteration>: 1/5
    
==========Running the manager agent to decide the next step==========
Choice: done
Reason: The code is primarily for debugging using `.info()`, and no further optimization is meaningful.
Code is already optimized
Try 0: calling rewrite agent for cell 6 took 0.7696778774261475 seconds.
There is no need to rewrite the cell.
Could not rewrite the cell. Continuing to next cell...
========================================================
After rewriting cell  6
Rewritten post-checkpoint path: /home/sahilbhatia/pandax/dias_notebooks/roopacalistus/retail-supermarket-store-analysis/src/small_bench/checkpoints/post_cell_6.pickle
========================================================
Cell 6 rewriting took 9.716039419174194 seconds.
Getting original timing for cell 7
Original time for cell 7 took 9.12715744972229 seconds.
Setting initially best_rewritten_post_checkpoint_path:  /home/sahilbhatia/pandax/dias_notebooks/roopacalistus/retail-supermarket-store-analysis/src/small_bench/checkpoints/post_cell_7.pickle
========================================================
Rewriting cell 7... Try 0... 
Manager agent prompt:  
        <Original Code>:
        ### cell 7 ###

data.corr(numeric_only=True)
        <Profiling data>:
                     Function  GPU calls  CPU calls
0      DataFrame.corr          0          1
1  DataFrame.__repr__          1          0

        <Execution time>: 34.7
        <Active vars>: []

        <Future vars>: ['data']

        <Iteration>: 1/5
    
==========Running the manager agent to decide the next step==========
Choice: new
Reason: The code involves a correlation computation using pandas, and there are likely optimizations possible by using cuDF or other libraries to accelerate this operation on GPUs. Since it's the first iteration, we can explore alternative implementations.
Generating new code from the original code
Prompt: 
        <Original Code>:
        ### cell 7 ###

data.corr(numeric_only=True)
        <Profiling data>:
                     Function  GPU calls  CPU calls
0      DataFrame.corr          0          1
1  DataFrame.__repr__          1          0

        <Execution time>: 34.7
        <Active vars>: []

        <Future vars>: ['data']

        <Iteration>: 1/5
    
Code: data.select_dtypes(include='number').corr()
Reason: cuDF’s DataFrame.corr doesn’t support the `numeric_only` argument and was falling back to pandas on the CPU. By first filtering to numeric columns with `select_dtypes` (GPU‐accelerated) and then calling `corr()`, we stay entirely on the GPU.
Parsed response: data.select_dtypes(include='number').corr()
Try 0: calling rewrite agent for cell 7 took 24.440635204315186 seconds.
Executing rewritten code... ### cell 7 ###

data.select_dtypes(include='number').corr()
Running rewritten cell notebook
Test failed. An error occurred while executing the following cell:
------------------
%LoadCheckpoint /home/sahilbhatia/pandax/dias_notebooks/roopacalistus/retail-supermarket-store-analysis/src/small_bench/checkpoints/post_cell_7.pickle

import numpy as np
if os.getenv("USE_GPU") == "True":
    import cudf
from elastic.core.common.pandas import is_type_styler
is_orig_output_pd = isinstance(orig_output, (pd.Series, pd.DataFrame, pd.Index))
is_opt_output_pd = isinstance(opt_output, (pd.Series, pd.DataFrame, pd.Index))
if os.getenv("USE_GPU") == "True":
    is_orig_output_array = isinstance(orig_output, (cudf.pandas._wrappers.numpy.ndarray, np.ndarray))
    is_opt_output_array = isinstance(opt_output, (cudf.pandas._wrappers.numpy.ndarray, np.ndarray))
else:
    is_orig_output_array = isinstance(orig_output, np.ndarray)
    is_opt_output_array = isinstance(opt_output, np.ndarray)

is_orig_output_styler = is_type_styler(type(orig_output))
is_opt_output_styler = is_type_styler(type(opt_output))
if is_orig_output_styler and is_opt_output_styler:
    assert orig_output.to_html() == opt_output.to_html()
elif is_orig_output_styler:
    assert orig_output.to_html() == opt_output.to_html()
elif is_opt_output_styler:
    assert opt_output.to_html() == orig_output

if is_orig_output_pd and is_opt_output_pd:
    assert orig_output.equals(opt_output)
# TODO(jie): this is a hack.
elif ((is_orig_output_pd or is_opt_output_pd) and (is_orig_output_array or is_opt_output_array)) or (is_orig_output_array and is_opt_output_array):
    assert list(orig_output) == list(opt_output)
else:
    assert orig_output == opt_output

------------------

----- stdout -----
trying: ['BENCHMARKS_TO_PATHS']
me:  0
trying: ['benchmark_name']
me:  1
trying: ['factor']
me:  1
trying: ['orig_output']
me:  16
trying: ['pd']
me:  0
trying: ['sns']
me:  0
trying: ['data']
me:  11
trying: ['plt']
me:  0
trying: ['Path']
me:  0
Declaring variable BENCHMARKS_TO_PATHS
Declaring variable pd
Declaring variable sns
Declaring variable plt
Declaring variable Path
Declaring variable benchmark_name
Declaring variable factor
Declaring variable data
Declaring variable orig_output
------------------

[0;31m---------------------------------------------------------------------------[0m
[0;31mAssertionError[0m                            Traceback (most recent call last)
Cell [0;32mIn[9], line 26[0m
[1;32m     23[0m     [38;5;28;01massert[39;00m opt_output[38;5;241m.[39mto_html() [38;5;241m==[39m orig_output
[1;32m     25[0m [38;5;28;01mif[39;00m is_orig_output_pd [38;5;129;01mand[39;00m is_opt_output_pd:
[0;32m---> 26[0m     [38;5;28;01massert[39;00m orig_output[38;5;241m.[39mequals(opt_output)
[1;32m     27[0m [38;5;66;03m# TODO(jie): this is a hack.[39;00m
[1;32m     28[0m [38;5;28;01melif[39;00m ((is_orig_output_pd [38;5;129;01mor[39;00m is_opt_output_pd) [38;5;129;01mand[39;00m (is_orig_output_array [38;5;129;01mor[39;00m is_opt_output_array)) [38;5;129;01mor[39;00m (is_orig_output_array [38;5;129;01mand[39;00m is_opt_output_array):

[0;31mAssertionError[0m: 

Rewritten time: inf ms
Checkpointing the rewritten cell for small notebook...
========================================================
Rewriting cell 7... Try 1... 
Manager agent prompt:  
        <Original Code>:
        ### cell 7 ###

data.corr(numeric_only=True)
        <Profiling data>:
                     Function  GPU calls  CPU calls
0      DataFrame.corr          0          1
1  DataFrame.__repr__          1          0
        <Execution time>: 34.7
        <Active Vars>: []
        <Future Vars>: ['data']
        <Rewritten Code>:
        ### cell 7 ###

data.select_dtypes(include='number').corr()
        <Profiling data>:
        None
        <Execution time>: inf
        <Execution output>: The rewritten code was not equivalent to the original code. An error occurred while executing the following cell:
------------------
%LoadCheckpoint /home/sahilbhatia/pandax/dias_notebooks/roopacalistus/retail-supermarket-store-analysis/src/small_bench/checkpoints/post_cell_7.pickle

import numpy as np
if os.getenv("USE_GPU") == "True":
    import cudf
from elastic.core.common.pandas import is_type_styler
is_orig_output_pd = isinstance(orig_output, (pd.Series, pd.DataFrame, pd.Index))
is_opt_output_pd = isinstance(opt_output, (pd.Series, pd.DataFrame, pd.Index))
if os.getenv("USE_GPU") == "True":
    is_orig_output_array = isinstance(orig_output, (cudf.pandas._wrappers.numpy.ndarray, np.ndarray))
    is_opt_output_array = isinstance(opt_output, (cudf.pandas._wrappers.numpy.ndarray, np.ndarray))
else:
    is_orig_output_array = isinstance(orig_output, np.ndarray)
    is_opt_output_array = isinstance(opt_output, np.ndarray)

is_orig_output_styler = is_type_styler(type(orig_output))
is_opt_output_styler = is_type_styler(type(opt_output))
if is_orig_output_styler and is_opt_output_styler:
    assert orig_output.to_html() == opt_output.to_html()
elif is_orig_output_styler:
    assert orig_output.to_html() == opt_output.to_html()
elif is_opt_output_styler:
    assert opt_output.to_html() == orig_output

if is_orig_output_pd and is_opt_output_pd:
    assert orig_output.equals(opt_output)
# TODO(jie): this is a hack.
elif ((is_orig_output_pd or is_opt_output_pd) and (is_orig_output_array or is_opt_output_array)) or (is_orig_output_array and is_opt_output_array):
    assert list(orig_output) == list(opt_output)
else:
    assert orig_output == opt_output

------------------

----- stdout -----
trying: ['BENCHMARKS_TO_PATHS']
me:  0
trying: ['benchmark_name']
me:  1
trying: ['factor']
me:  1
trying: ['orig_output']
me:  16
trying: ['pd']
me:  0
trying: ['sns']
me:  0
trying: ['data']
me:  11
trying: ['plt']
me:  0
trying: ['Path']
me:  0
Declaring variable BENCHMARKS_TO_PATHS
Declaring variable pd
Declaring variable sns
Declaring variable plt
Declaring variable Path
Declaring variable benchmark_name
Declaring variable factor
Declaring variable data
Declaring variable orig_output
------------------

[0;31m---------------------------------------------------------------------------[0m
[0;31mAssertionError[0m                            Traceback (most recent call last)
Cell [0;32mIn[9], line 26[0m
[1;32m     23[0m     [38;5;28;01massert[39;00m opt_output[38;5;241m.[39mto_html() [38;5;241m==[39m orig_output
[1;32m     25[0m [38;5;28;01mif[39;00m is_orig_output_pd [38;5;129;01mand[39;00m is_opt_output_pd:
[0;32m---> 26[0m     [38;5;28;01massert[39;00m orig_output[38;5;241m.[39mequals(opt_output)
[1;32m     27[0m [38;5;66;03m# TODO(jie): this is a hack.[39;00m
[1;32m     28[0m [38;5;28;01melif[39;00m ((is_orig_output_pd [38;5;129;01mor[39;00m is_opt_output_pd) [38;5;129;01mand[39;00m (is_orig_output_array [38;5;129;01mor[39;00m is_opt_output_array)) [38;5;129;01mor[39;00m (is_orig_output_array [38;5;129;01mand[39;00m is_opt_output_array):

[0;31mAssertionError[0m: 

        <Iteration>: 2/5
    
==========Running the manager agent to decide the next step==========
Choice: repair
Reason: The rewritten code produced an error, indicating that it is not functionally equivalent to the original. Since the rewritten code is repairable, the next step should be to attempt to fix these errors.
Code fixer prompt:  
        <Original Code>:
        ### cell 7 ###

data.corr(numeric_only=True)
        <Profiling data>:
                     Function  GPU calls  CPU calls
0      DataFrame.corr          0          1
1  DataFrame.__repr__          1          0
        <Execution time>: 34.7
        <Active Vars>: []
        <Future Vars>: ['data']
        <Rewritten Code>:
        ### cell 7 ###

data.select_dtypes(include='number').corr()
        <Profiling data>:
        None
        <Execution time>: inf
        <Execution output>: The rewritten code was not equivalent to the original code. An error occurred while executing the following cell:
------------------
%LoadCheckpoint /home/sahilbhatia/pandax/dias_notebooks/roopacalistus/retail-supermarket-store-analysis/src/small_bench/checkpoints/post_cell_7.pickle

import numpy as np
if os.getenv("USE_GPU") == "True":
    import cudf
from elastic.core.common.pandas import is_type_styler
is_orig_output_pd = isinstance(orig_output, (pd.Series, pd.DataFrame, pd.Index))
is_opt_output_pd = isinstance(opt_output, (pd.Series, pd.DataFrame, pd.Index))
if os.getenv("USE_GPU") == "True":
    is_orig_output_array = isinstance(orig_output, (cudf.pandas._wrappers.numpy.ndarray, np.ndarray))
    is_opt_output_array = isinstance(opt_output, (cudf.pandas._wrappers.numpy.ndarray, np.ndarray))
else:
    is_orig_output_array = isinstance(orig_output, np.ndarray)
    is_opt_output_array = isinstance(opt_output, np.ndarray)

is_orig_output_styler = is_type_styler(type(orig_output))
is_opt_output_styler = is_type_styler(type(opt_output))
if is_orig_output_styler and is_opt_output_styler:
    assert orig_output.to_html() == opt_output.to_html()
elif is_orig_output_styler:
    assert orig_output.to_html() == opt_output.to_html()
elif is_opt_output_styler:
    assert opt_output.to_html() == orig_output

if is_orig_output_pd and is_opt_output_pd:
    assert orig_output.equals(opt_output)
# TODO(jie): this is a hack.
elif ((is_orig_output_pd or is_opt_output_pd) and (is_orig_output_array or is_opt_output_array)) or (is_orig_output_array and is_opt_output_array):
    assert list(orig_output) == list(opt_output)
else:
    assert orig_output == opt_output

------------------

----- stdout -----
trying: ['BENCHMARKS_TO_PATHS']
me:  0
trying: ['benchmark_name']
me:  1
trying: ['factor']
me:  1
trying: ['orig_output']
me:  16
trying: ['pd']
me:  0
trying: ['sns']
me:  0
trying: ['data']
me:  11
trying: ['plt']
me:  0
trying: ['Path']
me:  0
Declaring variable BENCHMARKS_TO_PATHS
Declaring variable pd
Declaring variable sns
Declaring variable plt
Declaring variable Path
Declaring variable benchmark_name
Declaring variable factor
Declaring variable data
Declaring variable orig_output
------------------

[0;31m---------------------------------------------------------------------------[0m
[0;31mAssertionError[0m                            Traceback (most recent call last)
Cell [0;32mIn[9], line 26[0m
[1;32m     23[0m     [38;5;28;01massert[39;00m opt_output[38;5;241m.[39mto_html() [38;5;241m==[39m orig_output
[1;32m     25[0m [38;5;28;01mif[39;00m is_orig_output_pd [38;5;129;01mand[39;00m is_opt_output_pd:
[0;32m---> 26[0m     [38;5;28;01massert[39;00m orig_output[38;5;241m.[39mequals(opt_output)
[1;32m     27[0m [38;5;66;03m# TODO(jie): this is a hack.[39;00m
[1;32m     28[0m [38;5;28;01melif[39;00m ((is_orig_output_pd [38;5;129;01mor[39;00m is_opt_output_pd) [38;5;129;01mand[39;00m (is_orig_output_array [38;5;129;01mor[39;00m is_opt_output_array)) [38;5;129;01mor[39;00m (is_orig_output_array [38;5;129;01mand[39;00m is_opt_output_array):

[0;31mAssertionError[0m: 

        <Iteration>: 2/5
    
Repairing the last generated code
Code: ### cell 7 ###
# Manually filter to exactly the same dtypes that pandas.corr(numeric_only=True) would include
# (i.e. all numeric and boolean columns), then call .corr() to hit the GPU path in cudf
data.select_dtypes(include=['number','bool']).corr()
Reason: The original `data.corr(numeric_only=True)` fell back to the CPU implementation because cudf does not yet support the `numeric_only` argument on its GPU path. By explicitly selecting both numeric and boolean columns (which is exactly what pandas’ `numeric_only=True` would keep) and then calling `.corr()`, we trigger cudf’s GPU-accelerated correlation under the hood while producing the same result as the original call.
Parsed response: ### cell 7 ###
# Manually filter to exactly the same dtypes that pandas.corr(numeric_only=True) would include
# (i.e. all numeric and boolean columns), then call .corr() to hit the GPU path in cudf
data.select_dtypes(include=['number','bool']).corr()
Try 1: calling rewrite agent for cell 7 took 50.69847321510315 seconds.
Executing rewritten code... ### cell 7 ###
# Manually filter to exactly the same dtypes that pandas.corr(numeric_only=True) would include
# (i.e. all numeric and boolean columns), then call .corr() to hit the GPU path in cudf
data.select_dtypes(include=['number','bool']).corr()
Running rewritten cell notebook
Test failed. An error occurred while executing the following cell:
------------------
%LoadCheckpoint /home/sahilbhatia/pandax/dias_notebooks/roopacalistus/retail-supermarket-store-analysis/src/small_bench/checkpoints/post_cell_7.pickle

import numpy as np
if os.getenv("USE_GPU") == "True":
    import cudf
from elastic.core.common.pandas import is_type_styler
is_orig_output_pd = isinstance(orig_output, (pd.Series, pd.DataFrame, pd.Index))
is_opt_output_pd = isinstance(opt_output, (pd.Series, pd.DataFrame, pd.Index))
if os.getenv("USE_GPU") == "True":
    is_orig_output_array = isinstance(orig_output, (cudf.pandas._wrappers.numpy.ndarray, np.ndarray))
    is_opt_output_array = isinstance(opt_output, (cudf.pandas._wrappers.numpy.ndarray, np.ndarray))
else:
    is_orig_output_array = isinstance(orig_output, np.ndarray)
    is_opt_output_array = isinstance(opt_output, np.ndarray)

is_orig_output_styler = is_type_styler(type(orig_output))
is_opt_output_styler = is_type_styler(type(opt_output))
if is_orig_output_styler and is_opt_output_styler:
    assert orig_output.to_html() == opt_output.to_html()
elif is_orig_output_styler:
    assert orig_output.to_html() == opt_output.to_html()
elif is_opt_output_styler:
    assert opt_output.to_html() == orig_output

if is_orig_output_pd and is_opt_output_pd:
    assert orig_output.equals(opt_output)
# TODO(jie): this is a hack.
elif ((is_orig_output_pd or is_opt_output_pd) and (is_orig_output_array or is_opt_output_array)) or (is_orig_output_array and is_opt_output_array):
    assert list(orig_output) == list(opt_output)
else:
    assert orig_output == opt_output

------------------

----- stdout -----
trying: ['BENCHMARKS_TO_PATHS']
me:  0
trying: ['benchmark_name']
me:  1
trying: ['factor']
me:  1
trying: ['orig_output']
me:  16
trying: ['pd']
me:  0
trying: ['sns']
me:  0
trying: ['data']
me:  11
trying: ['plt']
me:  0
trying: ['Path']
me:  0
Declaring variable BENCHMARKS_TO_PATHS
Declaring variable pd
Declaring variable sns
Declaring variable plt
Declaring variable Path
Declaring variable benchmark_name
Declaring variable factor
Declaring variable data
Declaring variable orig_output
------------------

[0;31m---------------------------------------------------------------------------[0m
[0;31mAssertionError[0m                            Traceback (most recent call last)
Cell [0;32mIn[9], line 26[0m
[1;32m     23[0m     [38;5;28;01massert[39;00m opt_output[38;5;241m.[39mto_html() [38;5;241m==[39m orig_output
[1;32m     25[0m [38;5;28;01mif[39;00m is_orig_output_pd [38;5;129;01mand[39;00m is_opt_output_pd:
[0;32m---> 26[0m     [38;5;28;01massert[39;00m orig_output[38;5;241m.[39mequals(opt_output)
[1;32m     27[0m [38;5;66;03m# TODO(jie): this is a hack.[39;00m
[1;32m     28[0m [38;5;28;01melif[39;00m ((is_orig_output_pd [38;5;129;01mor[39;00m is_opt_output_pd) [38;5;129;01mand[39;00m (is_orig_output_array [38;5;129;01mor[39;00m is_opt_output_array)) [38;5;129;01mor[39;00m (is_orig_output_array [38;5;129;01mand[39;00m is_opt_output_array):

[0;31mAssertionError[0m: 

Rewritten time: inf ms
Checkpointing the rewritten cell for small notebook...
========================================================
Rewriting cell 7... Try 2... 
Manager agent prompt:  
        <Original Code>:
        ### cell 7 ###

data.corr(numeric_only=True)
        <Profiling data>:
                     Function  GPU calls  CPU calls
0      DataFrame.corr          0          1
1  DataFrame.__repr__          1          0
        <Execution time>: 34.7
        <Active Vars>: []
        <Future Vars>: ['data']
        <Rewritten Code>:
        ### cell 7 ###
# Manually filter to exactly the same dtypes that pandas.corr(numeric_only=True) would include
# (i.e. all numeric and boolean columns), then call .corr() to hit the GPU path in cudf
data.select_dtypes(include=['number','bool']).corr()
        <Profiling data>:
        None
        <Execution time>: inf
        <Execution output>: The rewritten code was not equivalent to the original code. An error occurred while executing the following cell:
------------------
%LoadCheckpoint /home/sahilbhatia/pandax/dias_notebooks/roopacalistus/retail-supermarket-store-analysis/src/small_bench/checkpoints/post_cell_7.pickle

import numpy as np
if os.getenv("USE_GPU") == "True":
    import cudf
from elastic.core.common.pandas import is_type_styler
is_orig_output_pd = isinstance(orig_output, (pd.Series, pd.DataFrame, pd.Index))
is_opt_output_pd = isinstance(opt_output, (pd.Series, pd.DataFrame, pd.Index))
if os.getenv("USE_GPU") == "True":
    is_orig_output_array = isinstance(orig_output, (cudf.pandas._wrappers.numpy.ndarray, np.ndarray))
    is_opt_output_array = isinstance(opt_output, (cudf.pandas._wrappers.numpy.ndarray, np.ndarray))
else:
    is_orig_output_array = isinstance(orig_output, np.ndarray)
    is_opt_output_array = isinstance(opt_output, np.ndarray)

is_orig_output_styler = is_type_styler(type(orig_output))
is_opt_output_styler = is_type_styler(type(opt_output))
if is_orig_output_styler and is_opt_output_styler:
    assert orig_output.to_html() == opt_output.to_html()
elif is_orig_output_styler:
    assert orig_output.to_html() == opt_output.to_html()
elif is_opt_output_styler:
    assert opt_output.to_html() == orig_output

if is_orig_output_pd and is_opt_output_pd:
    assert orig_output.equals(opt_output)
# TODO(jie): this is a hack.
elif ((is_orig_output_pd or is_opt_output_pd) and (is_orig_output_array or is_opt_output_array)) or (is_orig_output_array and is_opt_output_array):
    assert list(orig_output) == list(opt_output)
else:
    assert orig_output == opt_output

------------------

----- stdout -----
trying: ['BENCHMARKS_TO_PATHS']
me:  0
trying: ['benchmark_name']
me:  1
trying: ['factor']
me:  1
trying: ['orig_output']
me:  16
trying: ['pd']
me:  0
trying: ['sns']
me:  0
trying: ['data']
me:  11
trying: ['plt']
me:  0
trying: ['Path']
me:  0
Declaring variable BENCHMARKS_TO_PATHS
Declaring variable pd
Declaring variable sns
Declaring variable plt
Declaring variable Path
Declaring variable benchmark_name
Declaring variable factor
Declaring variable data
Declaring variable orig_output
------------------

[0;31m---------------------------------------------------------------------------[0m
[0;31mAssertionError[0m                            Traceback (most recent call last)
Cell [0;32mIn[9], line 26[0m
[1;32m     23[0m     [38;5;28;01massert[39;00m opt_output[38;5;241m.[39mto_html() [38;5;241m==[39m orig_output
[1;32m     25[0m [38;5;28;01mif[39;00m is_orig_output_pd [38;5;129;01mand[39;00m is_opt_output_pd:
[0;32m---> 26[0m     [38;5;28;01massert[39;00m orig_output[38;5;241m.[39mequals(opt_output)
[1;32m     27[0m [38;5;66;03m# TODO(jie): this is a hack.[39;00m
[1;32m     28[0m [38;5;28;01melif[39;00m ((is_orig_output_pd [38;5;129;01mor[39;00m is_opt_output_pd) [38;5;129;01mand[39;00m (is_orig_output_array [38;5;129;01mor[39;00m is_opt_output_array)) [38;5;129;01mor[39;00m (is_orig_output_array [38;5;129;01mand[39;00m is_opt_output_array):

[0;31mAssertionError[0m: 

        <Iteration>: 3/5
    
==========Running the manager agent to decide the next step==========
Choice: repair
Reason: The rewritten code is not equivalent to the original, and we're in iteration 3 of 5. It's worth attempting to repair it to achieve equivalency before considering a new approach.
Code fixer prompt:  
        <Original Code>:
        ### cell 7 ###

data.corr(numeric_only=True)
        <Profiling data>:
                     Function  GPU calls  CPU calls
0      DataFrame.corr          0          1
1  DataFrame.__repr__          1          0
        <Execution time>: 34.7
        <Active Vars>: []
        <Future Vars>: ['data']
        <Rewritten Code>:
        ### cell 7 ###
# Manually filter to exactly the same dtypes that pandas.corr(numeric_only=True) would include
# (i.e. all numeric and boolean columns), then call .corr() to hit the GPU path in cudf
data.select_dtypes(include=['number','bool']).corr()
        <Profiling data>:
        None
        <Execution time>: inf
        <Execution output>: The rewritten code was not equivalent to the original code. An error occurred while executing the following cell:
------------------
%LoadCheckpoint /home/sahilbhatia/pandax/dias_notebooks/roopacalistus/retail-supermarket-store-analysis/src/small_bench/checkpoints/post_cell_7.pickle

import numpy as np
if os.getenv("USE_GPU") == "True":
    import cudf
from elastic.core.common.pandas import is_type_styler
is_orig_output_pd = isinstance(orig_output, (pd.Series, pd.DataFrame, pd.Index))
is_opt_output_pd = isinstance(opt_output, (pd.Series, pd.DataFrame, pd.Index))
if os.getenv("USE_GPU") == "True":
    is_orig_output_array = isinstance(orig_output, (cudf.pandas._wrappers.numpy.ndarray, np.ndarray))
    is_opt_output_array = isinstance(opt_output, (cudf.pandas._wrappers.numpy.ndarray, np.ndarray))
else:
    is_orig_output_array = isinstance(orig_output, np.ndarray)
    is_opt_output_array = isinstance(opt_output, np.ndarray)

is_orig_output_styler = is_type_styler(type(orig_output))
is_opt_output_styler = is_type_styler(type(opt_output))
if is_orig_output_styler and is_opt_output_styler:
    assert orig_output.to_html() == opt_output.to_html()
elif is_orig_output_styler:
    assert orig_output.to_html() == opt_output.to_html()
elif is_opt_output_styler:
    assert opt_output.to_html() == orig_output

if is_orig_output_pd and is_opt_output_pd:
    assert orig_output.equals(opt_output)
# TODO(jie): this is a hack.
elif ((is_orig_output_pd or is_opt_output_pd) and (is_orig_output_array or is_opt_output_array)) or (is_orig_output_array and is_opt_output_array):
    assert list(orig_output) == list(opt_output)
else:
    assert orig_output == opt_output

------------------

----- stdout -----
trying: ['BENCHMARKS_TO_PATHS']
me:  0
trying: ['benchmark_name']
me:  1
trying: ['factor']
me:  1
trying: ['orig_output']
me:  16
trying: ['pd']
me:  0
trying: ['sns']
me:  0
trying: ['data']
me:  11
trying: ['plt']
me:  0
trying: ['Path']
me:  0
Declaring variable BENCHMARKS_TO_PATHS
Declaring variable pd
Declaring variable sns
Declaring variable plt
Declaring variable Path
Declaring variable benchmark_name
Declaring variable factor
Declaring variable data
Declaring variable orig_output
------------------

[0;31m---------------------------------------------------------------------------[0m
[0;31mAssertionError[0m                            Traceback (most recent call last)
Cell [0;32mIn[9], line 26[0m
[1;32m     23[0m     [38;5;28;01massert[39;00m opt_output[38;5;241m.[39mto_html() [38;5;241m==[39m orig_output
[1;32m     25[0m [38;5;28;01mif[39;00m is_orig_output_pd [38;5;129;01mand[39;00m is_opt_output_pd:
[0;32m---> 26[0m     [38;5;28;01massert[39;00m orig_output[38;5;241m.[39mequals(opt_output)
[1;32m     27[0m [38;5;66;03m# TODO(jie): this is a hack.[39;00m
[1;32m     28[0m [38;5;28;01melif[39;00m ((is_orig_output_pd [38;5;129;01mor[39;00m is_opt_output_pd) [38;5;129;01mand[39;00m (is_orig_output_array [38;5;129;01mor[39;00m is_opt_output_array)) [38;5;129;01mor[39;00m (is_orig_output_array [38;5;129;01mand[39;00m is_opt_output_array):

[0;31mAssertionError[0m: 

        <Iteration>: 3/5
    
Repairing the last generated code
Code: ### cell 7 ###
# Rely on cudf’s built-in, GPU-accelerated corr() (its default behavior matches pandas.corr(numeric_only=True))
data.corr()
Reason: By dropping the numeric_only parameter and calling corr() directly, we invoke cudf’s GPU implementation, which by default computes the pairwise correlation over all numeric columns—exactly the same semantics as pandas.corr(numeric_only=True). This eliminates the extra select_dtypes step, reduces CPU–GPU data movement, and restores equivalence to the original output.
Parsed response: ### cell 7 ###
# Rely on cudf’s built-in, GPU-accelerated corr() (its default behavior matches pandas.corr(numeric_only=True))
data.corr()
Try 2: calling rewrite agent for cell 7 took 16.013896226882935 seconds.
Executing rewritten code... ### cell 7 ###
# Rely on cudf’s built-in, GPU-accelerated corr() (its default behavior matches pandas.corr(numeric_only=True))
data.corr()
Running rewritten cell notebook
An unexpected error occurred Execution failed in cell %%RecordEvent
%%time
### cell 7 ###
# Rely on cudf’s built-in, GPU-accelerated corr() (its default behavior matches pandas.corr(numeric_only=True))
data.corr(): could not convert string to float: 'Second Class'
Rewritten time: inf ms
Checkpointing the rewritten cell for small notebook...
========================================================
Rewriting cell 7... Try 3... 
Manager agent prompt:  
        <Original Code>:
        ### cell 7 ###

data.corr(numeric_only=True)
        <Profiling data>:
                     Function  GPU calls  CPU calls
0      DataFrame.corr          0          1
1  DataFrame.__repr__          1          0
        <Execution time>: 34.7
        <Active Vars>: []
        <Future Vars>: ['data']
        <Rewritten Code>:
        ### cell 7 ###
# Rely on cudf’s built-in, GPU-accelerated corr() (its default behavior matches pandas.corr(numeric_only=True))
data.corr()
        <Profiling data>:
        None
        <Execution time>: inf
        <Execution output>: The rewritten code resulted in a runtime error. Execution failed in cell %%RecordEvent
%%time
### cell 7 ###
# Rely on cudf’s built-in, GPU-accelerated corr() (its default behavior matches pandas.corr(numeric_only=True))
data.corr(): could not convert string to float: 'Second Class'
        <Iteration>: 4/5
    
==========Running the manager agent to decide the next step==========
Choice: repair
Reason: The rewritten code using cudf's corr() resulted in a runtime error. It's necessary to address the data type issue causing the error before attempting further optimization.
Code fixer prompt:  
        <Original Code>:
        ### cell 7 ###

data.corr(numeric_only=True)
        <Profiling data>:
                     Function  GPU calls  CPU calls
0      DataFrame.corr          0          1
1  DataFrame.__repr__          1          0
        <Execution time>: 34.7
        <Active Vars>: []
        <Future Vars>: ['data']
        <Rewritten Code>:
        ### cell 7 ###
# Rely on cudf’s built-in, GPU-accelerated corr() (its default behavior matches pandas.corr(numeric_only=True))
data.corr()
        <Profiling data>:
        None
        <Execution time>: inf
        <Execution output>: The rewritten code resulted in a runtime error. Execution failed in cell %%RecordEvent
%%time
### cell 7 ###
# Rely on cudf’s built-in, GPU-accelerated corr() (its default behavior matches pandas.corr(numeric_only=True))
data.corr(): could not convert string to float: 'Second Class'
        <Iteration>: 4/5
    
Repairing the last generated code
Code: ### cell 7 ###
# Compute correlation on numeric columns only using GPU
numeric_df = data.select_dtypes(include=['number'])
numeric_df.corr()
Reason: cudf’s DataFrame.corr() doesn’t support the numeric_only parameter and will error on non-numeric columns, so we first filter to numeric dtypes and then call corr() to keep the entire operation on the GPU.
Parsed response: ### cell 7 ###
# Compute correlation on numeric columns only using GPU
numeric_df = data.select_dtypes(include=['number'])
numeric_df.corr()
Try 3: calling rewrite agent for cell 7 took 11.686661958694458 seconds.
Executing rewritten code... ### cell 7 ###
# Compute correlation on numeric columns only using GPU
numeric_df = data.select_dtypes(include=['number'])
numeric_df.corr()
Running rewritten cell notebook
Test failed. An error occurred while executing the following cell:
------------------
%LoadCheckpoint /home/sahilbhatia/pandax/dias_notebooks/roopacalistus/retail-supermarket-store-analysis/src/small_bench/checkpoints/post_cell_7.pickle

import numpy as np
if os.getenv("USE_GPU") == "True":
    import cudf
from elastic.core.common.pandas import is_type_styler
is_orig_output_pd = isinstance(orig_output, (pd.Series, pd.DataFrame, pd.Index))
is_opt_output_pd = isinstance(opt_output, (pd.Series, pd.DataFrame, pd.Index))
if os.getenv("USE_GPU") == "True":
    is_orig_output_array = isinstance(orig_output, (cudf.pandas._wrappers.numpy.ndarray, np.ndarray))
    is_opt_output_array = isinstance(opt_output, (cudf.pandas._wrappers.numpy.ndarray, np.ndarray))
else:
    is_orig_output_array = isinstance(orig_output, np.ndarray)
    is_opt_output_array = isinstance(opt_output, np.ndarray)

is_orig_output_styler = is_type_styler(type(orig_output))
is_opt_output_styler = is_type_styler(type(opt_output))
if is_orig_output_styler and is_opt_output_styler:
    assert orig_output.to_html() == opt_output.to_html()
elif is_orig_output_styler:
    assert orig_output.to_html() == opt_output.to_html()
elif is_opt_output_styler:
    assert opt_output.to_html() == orig_output

if is_orig_output_pd and is_opt_output_pd:
    assert orig_output.equals(opt_output)
# TODO(jie): this is a hack.
elif ((is_orig_output_pd or is_opt_output_pd) and (is_orig_output_array or is_opt_output_array)) or (is_orig_output_array and is_opt_output_array):
    assert list(orig_output) == list(opt_output)
else:
    assert orig_output == opt_output

------------------

----- stdout -----
trying: ['BENCHMARKS_TO_PATHS']
me:  0
trying: ['benchmark_name']
me:  1
trying: ['factor']
me:  1
trying: ['orig_output']
me:  16
trying: ['pd']
me:  0
trying: ['sns']
me:  0
trying: ['data']
me:  11
trying: ['plt']
me:  0
trying: ['Path']
me:  0
Declaring variable BENCHMARKS_TO_PATHS
Declaring variable pd
Declaring variable sns
Declaring variable plt
Declaring variable Path
Declaring variable benchmark_name
Declaring variable factor
Declaring variable data
Declaring variable orig_output
------------------

[0;31m---------------------------------------------------------------------------[0m
[0;31mAssertionError[0m                            Traceback (most recent call last)
Cell [0;32mIn[9], line 26[0m
[1;32m     23[0m     [38;5;28;01massert[39;00m opt_output[38;5;241m.[39mto_html() [38;5;241m==[39m orig_output
[1;32m     25[0m [38;5;28;01mif[39;00m is_orig_output_pd [38;5;129;01mand[39;00m is_opt_output_pd:
[0;32m---> 26[0m     [38;5;28;01massert[39;00m orig_output[38;5;241m.[39mequals(opt_output)
[1;32m     27[0m [38;5;66;03m# TODO(jie): this is a hack.[39;00m
[1;32m     28[0m [38;5;28;01melif[39;00m ((is_orig_output_pd [38;5;129;01mor[39;00m is_opt_output_pd) [38;5;129;01mand[39;00m (is_orig_output_array [38;5;129;01mor[39;00m is_opt_output_array)) [38;5;129;01mor[39;00m (is_orig_output_array [38;5;129;01mand[39;00m is_opt_output_array):

[0;31mAssertionError[0m: 

Rewritten time: inf ms
Checkpointing the rewritten cell for small notebook...
========================================================
Rewriting cell 7... Try 4... 
Manager agent prompt:  
        <Original Code>:
        ### cell 7 ###

data.corr(numeric_only=True)
        <Profiling data>:
                     Function  GPU calls  CPU calls
0      DataFrame.corr          0          1
1  DataFrame.__repr__          1          0
        <Execution time>: 34.7
        <Active Vars>: []
        <Future Vars>: ['data']
        <Rewritten Code>:
        ### cell 7 ###
# Compute correlation on numeric columns only using GPU
numeric_df = data.select_dtypes(include=['number'])
numeric_df.corr()
        <Profiling data>:
        None
        <Execution time>: inf
        <Execution output>: The rewritten code was not equivalent to the original code. An error occurred while executing the following cell:
------------------
%LoadCheckpoint /home/sahilbhatia/pandax/dias_notebooks/roopacalistus/retail-supermarket-store-analysis/src/small_bench/checkpoints/post_cell_7.pickle

import numpy as np
if os.getenv("USE_GPU") == "True":
    import cudf
from elastic.core.common.pandas import is_type_styler
is_orig_output_pd = isinstance(orig_output, (pd.Series, pd.DataFrame, pd.Index))
is_opt_output_pd = isinstance(opt_output, (pd.Series, pd.DataFrame, pd.Index))
if os.getenv("USE_GPU") == "True":
    is_orig_output_array = isinstance(orig_output, (cudf.pandas._wrappers.numpy.ndarray, np.ndarray))
    is_opt_output_array = isinstance(opt_output, (cudf.pandas._wrappers.numpy.ndarray, np.ndarray))
else:
    is_orig_output_array = isinstance(orig_output, np.ndarray)
    is_opt_output_array = isinstance(opt_output, np.ndarray)

is_orig_output_styler = is_type_styler(type(orig_output))
is_opt_output_styler = is_type_styler(type(opt_output))
if is_orig_output_styler and is_opt_output_styler:
    assert orig_output.to_html() == opt_output.to_html()
elif is_orig_output_styler:
    assert orig_output.to_html() == opt_output.to_html()
elif is_opt_output_styler:
    assert opt_output.to_html() == orig_output

if is_orig_output_pd and is_opt_output_pd:
    assert orig_output.equals(opt_output)
# TODO(jie): this is a hack.
elif ((is_orig_output_pd or is_opt_output_pd) and (is_orig_output_array or is_opt_output_array)) or (is_orig_output_array and is_opt_output_array):
    assert list(orig_output) == list(opt_output)
else:
    assert orig_output == opt_output

------------------

----- stdout -----
trying: ['BENCHMARKS_TO_PATHS']
me:  0
trying: ['benchmark_name']
me:  1
trying: ['factor']
me:  1
trying: ['orig_output']
me:  16
trying: ['pd']
me:  0
trying: ['sns']
me:  0
trying: ['data']
me:  11
trying: ['plt']
me:  0
trying: ['Path']
me:  0
Declaring variable BENCHMARKS_TO_PATHS
Declaring variable pd
Declaring variable sns
Declaring variable plt
Declaring variable Path
Declaring variable benchmark_name
Declaring variable factor
Declaring variable data
Declaring variable orig_output
------------------

[0;31m---------------------------------------------------------------------------[0m
[0;31mAssertionError[0m                            Traceback (most recent call last)
Cell [0;32mIn[9], line 26[0m
[1;32m     23[0m     [38;5;28;01massert[39;00m opt_output[38;5;241m.[39mto_html() [38;5;241m==[39m orig_output
[1;32m     25[0m [38;5;28;01mif[39;00m is_orig_output_pd [38;5;129;01mand[39;00m is_opt_output_pd:
[0;32m---> 26[0m     [38;5;28;01massert[39;00m orig_output[38;5;241m.[39mequals(opt_output)
[1;32m     27[0m [38;5;66;03m# TODO(jie): this is a hack.[39;00m
[1;32m     28[0m [38;5;28;01melif[39;00m ((is_orig_output_pd [38;5;129;01mor[39;00m is_opt_output_pd) [38;5;129;01mand[39;00m (is_orig_output_array [38;5;129;01mor[39;00m is_opt_output_array)) [38;5;129;01mor[39;00m (is_orig_output_array [38;5;129;01mand[39;00m is_opt_output_array):

[0;31mAssertionError[0m: 

        <Iteration>: 5/5
    
==========Running the manager agent to decide the next step==========
Choice: new
Reason: The rewritten code didn't execute successfully and there's an error in the output validation. Since we are on the last iteration, it's best to attempt a new optimization of the original code.
Generating new code from the original code
Prompt: 
        <Original Code>:
        ### cell 7 ###

data.corr(numeric_only=True)
        <Profiling data>:
                     Function  GPU calls  CPU calls
0      DataFrame.corr          0          1
1  DataFrame.__repr__          1          0

        <Execution time>: 34.7
        <Active vars>: []

        <Future vars>: ['data']

        <Iteration>: 5/5
    
Code: # Compute correlation matrix using GPU-accelerated vectorized ops
# 1. Select numeric columns (numeric_only=True)
num_cols = data.select_dtypes(include=["number"]).columns
x = data[num_cols]
# 2. Center the data
x_centered = x - x.mean()
# 3. Compute covariance matrix via matrix multiplication
cov = x_centered.T.dot(x_centered) / (len(x_centered) - 1)
# 4. Compute standard deviations
std = x.std()
# 5. Normalize covariance to get correlation
corr = cov.div(std, axis=0).div(std, axis=1)
# 6. Display
corr
Reason: cudf’s DataFrame.corr currently falls back to CPU, incurring a CPU call and high execution time. By expressing the correlation calculation as a series of vectorized GPU operations (mean, subtraction, dot for covariance, and elementwise division), we eliminate the CPU-bound corr implementation and leverage fast GPU matrix multiplication, reducing overall runtime.
Parsed response: # Compute correlation matrix using GPU-accelerated vectorized ops
# 1. Select numeric columns (numeric_only=True)
num_cols = data.select_dtypes(include=["number"]).columns
x = data[num_cols]
# 2. Center the data
x_centered = x - x.mean()
# 3. Compute covariance matrix via matrix multiplication
cov = x_centered.T.dot(x_centered) / (len(x_centered) - 1)
# 4. Compute standard deviations
std = x.std()
# 5. Normalize covariance to get correlation
corr = cov.div(std, axis=0).div(std, axis=1)
# 6. Display
corr
Try 4: calling rewrite agent for cell 7 took 18.418614625930786 seconds.
Executing rewritten code... ### cell 7 ###

# Compute correlation matrix using GPU-accelerated vectorized ops
# 1. Select numeric columns (numeric_only=True)
num_cols = data.select_dtypes(include=["number"]).columns
x = data[num_cols]
# 2. Center the data
x_centered = x - x.mean()
# 3. Compute covariance matrix via matrix multiplication
cov = x_centered.T.dot(x_centered) / (len(x_centered) - 1)
# 4. Compute standard deviations
std = x.std()
# 5. Normalize covariance to get correlation
corr = cov.div(std, axis=0).div(std, axis=1)
# 6. Display
corr
Running rewritten cell notebook
Finished executing the rewritten code.
Try 4: executing the rewritten code for cell 7 took 30.897461891174316 seconds.
Rewritten time: 22000.0 ms
Checkpointing the rewritten cell for small notebook...
The rewritten code is correct. Profiling cudf...
Try 4: cudf profiling the rewritten code for cell 7 took 78.25414633750916 seconds.
gpu_calls_orig_perc: 0.5, gpu_calls_opt_perc: 0.7692307692307693
orig_time: 34.7, opt_time: 22000.0
Ratio improves.
Improvement in percentage does not make up for the slowdown.
Rewritten code took 22000.0ms. The previous fastest solution took 34.7ms.
Previous best solution num GPU and CPU calls:  1 1
New solution num GPU and CPU calls:  10 3
Could not rewrite the cell. Continuing to next cell...
========================================================
After rewriting cell  7
Rewritten post-checkpoint path: /home/sahilbhatia/pandax/dias_notebooks/roopacalistus/retail-supermarket-store-analysis/src/small_bench/checkpoints/post_cell_7.pickle
========================================================
Cell 7 rewriting took 308.0677387714386 seconds.
Getting original timing for cell 8
Original time for cell 8 took 9.267972946166992 seconds.
Setting initially best_rewritten_post_checkpoint_path:  /home/sahilbhatia/pandax/dias_notebooks/roopacalistus/retail-supermarket-store-analysis/src/small_bench/checkpoints/post_cell_8.pickle
========================================================
Rewriting cell 8... Try 0... 
Manager agent prompt:  
        <Original Code>:
        ### cell 8 ###

data["Ship Mode"].value_counts()
        <Profiling data>:
                             Function  GPU calls  CPU calls
0       DataFrame.__getitem__          1          0
1  IndexOpsMixin.value_counts          1          0
2             Series.__repr__          1          0
3        NDFrame._repr_latex_          0          1

        <Execution time>: 37.3
        <Active vars>: []

        <Future vars>: ['data']

        <Iteration>: 1/5
    
==========Running the manager agent to decide the next step==========
Choice: new
Reason: The code uses value_counts, which can be optimized for performance. Since this is the first iteration and no rewritten code exists, attempt to optimize the original code.
Generating new code from the original code
Prompt: 
        <Original Code>:
        ### cell 8 ###

data["Ship Mode"].value_counts()
        <Profiling data>:
                             Function  GPU calls  CPU calls
0       DataFrame.__getitem__          1          0
1  IndexOpsMixin.value_counts          1          0
2             Series.__repr__          1          0
3        NDFrame._repr_latex_          0          1

        <Execution time>: 37.3
        <Active vars>: []

        <Future vars>: ['data']

        <Iteration>: 1/5
    
Code: done
Reason: The snippet already uses vectorized cudf operations (`__getitem__` and `value_counts`) on the GPU. There are no loops or unnecessary CPU operations to eliminate, so no changes are needed.
No Modifications made to the original code
Try 0: calling rewrite agent for cell 8 took 9.31406831741333 seconds.
There is no need to rewrite the cell.
Could not rewrite the cell. Continuing to next cell...
========================================================
After rewriting cell  8
Rewritten post-checkpoint path: /home/sahilbhatia/pandax/dias_notebooks/roopacalistus/retail-supermarket-store-analysis/src/small_bench/checkpoints/post_cell_8.pickle
========================================================
Cell 8 rewriting took 18.584141492843628 seconds.
Getting original timing for cell 9
Original time for cell 9 took 9.173903226852417 seconds.
Setting initially best_rewritten_post_checkpoint_path:  /home/sahilbhatia/pandax/dias_notebooks/roopacalistus/retail-supermarket-store-analysis/src/small_bench/checkpoints/post_cell_9.pickle
========================================================
Rewriting cell 9... Try 0... 
Manager agent prompt:  
        <Original Code>:
        ### cell 9 ###

data["Segment"].value_counts()
        <Profiling data>:
                             Function  GPU calls  CPU calls
0       DataFrame.__getitem__          1          0
1  IndexOpsMixin.value_counts          1          0
2             Series.__repr__          1          0
3        NDFrame._repr_latex_          0          1

        <Execution time>: 44.2
        <Active vars>: []

        <Future vars>: ['data']

        <Iteration>: 1/5
    
==========Running the manager agent to decide the next step==========
Choice: new
Reason: The current code executes a simple operation that can potentially be optimized further by exploring alternatives or using GPU equivalents if available. Since it's the first iteration, we have several opportunities to improve it.
Generating new code from the original code
Prompt: 
        <Original Code>:
        ### cell 9 ###

data["Segment"].value_counts()
        <Profiling data>:
                             Function  GPU calls  CPU calls
0       DataFrame.__getitem__          1          0
1  IndexOpsMixin.value_counts          1          0
2             Series.__repr__          1          0
3        NDFrame._repr_latex_          0          1

        <Execution time>: 44.2
        <Active vars>: []

        <Future vars>: ['data']

        <Iteration>: 1/5
    
Code: done
Reason: The value_counts call is already GPU-accelerated via cudf’s pandas API and there are no CPU-bound loops or data transfers to optimize further.
No Modifications made to the original code
Try 0: calling rewrite agent for cell 9 took 6.0580034255981445 seconds.
There is no need to rewrite the cell.
Could not rewrite the cell. Continuing to next cell...
========================================================
After rewriting cell  9
Rewritten post-checkpoint path: /home/sahilbhatia/pandax/dias_notebooks/roopacalistus/retail-supermarket-store-analysis/src/small_bench/checkpoints/post_cell_9.pickle
========================================================
Cell 9 rewriting took 15.234127521514893 seconds.
Getting original timing for cell 10
Original time for cell 10 took 9.274242162704468 seconds.
Setting initially best_rewritten_post_checkpoint_path:  /home/sahilbhatia/pandax/dias_notebooks/roopacalistus/retail-supermarket-store-analysis/src/small_bench/checkpoints/post_cell_10.pickle
========================================================
Rewriting cell 10... Try 0... 
Manager agent prompt:  
        <Original Code>:
        ### cell 10 ###

data["Category"].value_counts()
        <Profiling data>:
                             Function  GPU calls  CPU calls
0       DataFrame.__getitem__          1          0
1  IndexOpsMixin.value_counts          1          0
2             Series.__repr__          1          0
3        NDFrame._repr_latex_          0          1

        <Execution time>: 44.3
        <Active vars>: []

        <Future vars>: ['data']

        <Iteration>: 1/5
    
==========Running the manager agent to decide the next step==========
Choice: new
Reason: The original code could potentially be optimized. There is no rewritten code available, so the best option is to generate a new optimized version of the code for better performance.
Generating new code from the original code
Prompt: 
        <Original Code>:
        ### cell 10 ###

data["Category"].value_counts()
        <Profiling data>:
                             Function  GPU calls  CPU calls
0       DataFrame.__getitem__          1          0
1  IndexOpsMixin.value_counts          1          0
2             Series.__repr__          1          0
3        NDFrame._repr_latex_          0          1

        <Execution time>: 44.3
        <Active vars>: []

        <Future vars>: ['data']

        <Iteration>: 1/5
    
Code: done
Reason: The operation is already executed on the GPU (value_counts uses GPU calls only), so no changes are needed.
No Modifications made to the original code
Try 0: calling rewrite agent for cell 10 took 3.173614740371704 seconds.
There is no need to rewrite the cell.
Could not rewrite the cell. Continuing to next cell...
========================================================
After rewriting cell  10
Rewritten post-checkpoint path: /home/sahilbhatia/pandax/dias_notebooks/roopacalistus/retail-supermarket-store-analysis/src/small_bench/checkpoints/post_cell_10.pickle
========================================================
Cell 10 rewriting took 12.449771881103516 seconds.
Getting original timing for cell 11
Original time for cell 11 took 9.008612394332886 seconds.
Setting initially best_rewritten_post_checkpoint_path:  /home/sahilbhatia/pandax/dias_notebooks/roopacalistus/retail-supermarket-store-analysis/src/small_bench/checkpoints/post_cell_11.pickle
========================================================
Rewriting cell 11... Try 0... 
Manager agent prompt:  
        <Original Code>:
        ### cell 11 ###

data["Sub-Category"].value_counts()
        <Profiling data>:
                             Function  GPU calls  CPU calls
0       DataFrame.__getitem__          1          0
1  IndexOpsMixin.value_counts          1          0
2             Series.__repr__          1          0
3        NDFrame._repr_latex_          0          1

        <Execution time>: 34.9
        <Active vars>: []

        <Future vars>: ['data']

        <Iteration>: 1/5
    
==========Running the manager agent to decide the next step==========
Choice: new
Reason: The current code can be optimized further despite already using cudf. We can explore implementing alternative, more efficient cudf APIs or methodologies to reduce execution time.
Generating new code from the original code
Prompt: 
        <Original Code>:
        ### cell 11 ###

data["Sub-Category"].value_counts()
        <Profiling data>:
                             Function  GPU calls  CPU calls
0       DataFrame.__getitem__          1          0
1  IndexOpsMixin.value_counts          1          0
2             Series.__repr__          1          0
3        NDFrame._repr_latex_          0          1

        <Execution time>: 34.9
        <Active vars>: []

        <Future vars>: ['data']

        <Iteration>: 1/5
    
Code: done
Reason: The `value_counts` call on the cudf-backed Series is already executed on the GPU, with no CPU-bound operations apart from the display repr. No further optimization is required.
No Modifications made to the original code
Try 0: calling rewrite agent for cell 11 took 4.134943008422852 seconds.
There is no need to rewrite the cell.
Could not rewrite the cell. Continuing to next cell...
========================================================
After rewriting cell  11
Rewritten post-checkpoint path: /home/sahilbhatia/pandax/dias_notebooks/roopacalistus/retail-supermarket-store-analysis/src/small_bench/checkpoints/post_cell_11.pickle
========================================================
Cell 11 rewriting took 13.145456075668335 seconds.
Getting original timing for cell 12
Original time for cell 12 took 9.163723230361938 seconds.
Setting initially best_rewritten_post_checkpoint_path:  /home/sahilbhatia/pandax/dias_notebooks/roopacalistus/retail-supermarket-store-analysis/src/small_bench/checkpoints/post_cell_12.pickle
========================================================
Rewriting cell 12... Try 0... 
Manager agent prompt:  
        <Original Code>:
        ### cell 12 ###

st_profit=data.groupby(["State"])["Profit"].sum().nlargest(20)
        <Profiling data>:
                               Function  GPU calls  CPU calls
0             DataFrame.groupby          1          0
1  DataFrameGroupBy.__getitem__          1          0
2                   GroupBy.sum          1          0
3               Series.nlargest          1          0

        <Execution time>: 29.4
        <Active vars>: ['st_profit']

        <Future vars>: ['data']

        <Iteration>: 1/5
    
==========Running the manager agent to decide the next step==========
Choice: new
Reason: Since there's no rewritten code provided, we can try optimizing the original code by exploring GPU-specific libraries or alternative methods to increase efficiency, especially given that we have multiple iterations left to improve performance.
Generating new code from the original code
Prompt: 
        <Original Code>:
        ### cell 12 ###

st_profit=data.groupby(["State"])["Profit"].sum().nlargest(20)
        <Profiling data>:
                               Function  GPU calls  CPU calls
0             DataFrame.groupby          1          0
1  DataFrameGroupBy.__getitem__          1          0
2                   GroupBy.sum          1          0
3               Series.nlargest          1          0

        <Execution time>: 29.4
        <Active vars>: ['st_profit']

        <Future vars>: ['data']

        <Iteration>: 1/5
    
Code: st_profit = data.groupby("State", sort=False)["Profit"].sum().nlargest(20)
Reason: By passing sort=False to groupby we avoid an extra sort of the grouping keys, reducing unnecessary work on the GPU. Since the original used only GPU-backed operations and had no CPU overhead, no further changes were needed.
Parsed response: st_profit = data.groupby("State", sort=False)["Profit"].sum().nlargest(20)
Try 0: calling rewrite agent for cell 12 took 15.466711282730103 seconds.
Executing rewritten code... ### cell 12 ###

st_profit = data.groupby("State", sort=False)["Profit"].sum().nlargest(20)
Running rewritten cell notebook
Finished executing the rewritten code.
Try 0: executing the rewritten code for cell 12 took 8.855351448059082 seconds.
Rewritten time: 36.6 ms
Checkpointing the rewritten cell for small notebook...
The rewritten code is correct. Profiling cudf...
Try 0: cudf profiling the rewritten code for cell 12 took 5.865718126296997 seconds.
gpu_calls_orig_perc: 1.0, gpu_calls_opt_perc: 1.0
orig_time: 29.4, opt_time: 36.6
Ratio improves.
Improvement in percentage does not make up for the slowdown.
Rewritten code took 36.6ms. The previous fastest solution took 29.4ms.
Previous best solution num GPU and CPU calls:  4 0
New solution num GPU and CPU calls:  4 0
========================================================
Rewriting cell 12... Try 1... 
Manager agent prompt:  
        <Original Code>:
        ### cell 12 ###

st_profit=data.groupby(["State"])["Profit"].sum().nlargest(20)
        <Profiling data>:
                               Function  GPU calls  CPU calls
0             DataFrame.groupby          1          0
1  DataFrameGroupBy.__getitem__          1          0
2                   GroupBy.sum          1          0
3               Series.nlargest          1          0
        <Execution time>: 29.4
        <Active Vars>: ['st_profit']
        <Future Vars>: ['data']
        <Rewritten Code>:
        ### cell 12 ###

st_profit = data.groupby("State", sort=False)["Profit"].sum().nlargest(20)
        <Profiling data>:
                               Function  GPU calls  CPU calls
0             DataFrame.groupby          1          0
1  DataFrameGroupBy.__getitem__          1          0
2                   GroupBy.sum          1          0
3               Series.nlargest          1          0
        <Execution time>: 36.6
        <Execution output>: Rewritten time: 36.6 ms
Original time: 29.4 ms
        <Iteration>: 2/5
    
==========Running the manager agent to decide the next step==========
Choice: optimize
Reason: The rewritten code actually increased the execution time compared to the original code. Since there are more iterations left, we should attempt further optimization, such as checking for alternative libraries or methods that could potentially improve performance over the current rewrite.
Code optimizer prompt:  
        <Original Code>:
        ### cell 12 ###

st_profit = data.groupby("State", sort=False)["Profit"].sum().nlargest(20)
        <Profiling data>:
                               Function  GPU calls  CPU calls
0             DataFrame.groupby          1          0
1  DataFrameGroupBy.__getitem__          1          0
2                   GroupBy.sum          1          0
3               Series.nlargest          1          0

        <Execution time>: 36.6
        <Active vars>: ['st_profit']

        <Future vars>: ['data']

        <Iteration>: 2/5
    
Optimizing the last generated code
No Modifications made to the original code
Try 1: calling rewrite agent for cell 12 took 5.277153730392456 seconds.
Could not rewrite the cell. Continuing to next cell...
========================================================
After rewriting cell  12
Rewritten post-checkpoint path: /home/sahilbhatia/pandax/dias_notebooks/roopacalistus/retail-supermarket-store-analysis/src/small_bench/checkpoints/post_cell_12.pickle
========================================================
Cell 12 rewriting took 55.66770601272583 seconds.
Getting original timing for cell 13
Original time for cell 13 took 9.03812289237976 seconds.
Setting initially best_rewritten_post_checkpoint_path:  /home/sahilbhatia/pandax/dias_notebooks/roopacalistus/retail-supermarket-store-analysis/src/small_bench/checkpoints/post_cell_13.pickle
========================================================
Rewriting cell 13... Try 0... 
Manager agent prompt:  
        <Original Code>:
        ### cell 13 ###

st_profit
        <Profiling data>:
                       Function  GPU calls  CPU calls
0       Series.__repr__          1          0
1  NDFrame._repr_latex_          0          1

        <Execution time>: 0.00596
        <Active vars>: []

        <Future vars>: ['data']

        <Iteration>: 1/5
    
==========Running the manager agent to decide the next step==========
Choice: done
Reason: The code seems primarily for displaying the 'st_profit' variable, which is a debugging or checking operation. It doesn't need optimization.
Code is already optimized
Try 0: calling rewrite agent for cell 13 took 0.7945961952209473 seconds.
There is no need to rewrite the cell.
Could not rewrite the cell. Continuing to next cell...
========================================================
After rewriting cell  13
Rewritten post-checkpoint path: /home/sahilbhatia/pandax/dias_notebooks/roopacalistus/retail-supermarket-store-analysis/src/small_bench/checkpoints/post_cell_13.pickle
========================================================
Cell 13 rewriting took 9.834675550460815 seconds.
Getting original timing for cell 14
Original time for cell 14 took 9.29183053970337 seconds.
Setting initially best_rewritten_post_checkpoint_path:  /home/sahilbhatia/pandax/dias_notebooks/roopacalistus/retail-supermarket-store-analysis/src/small_bench/checkpoints/post_cell_14.pickle
========================================================
Rewriting cell 14... Try 0... 
Manager agent prompt:  
        <Original Code>:
        ### cell 14 ###

data1= data.groupby("State")[["Sales","Profit"]].sum().sort_values(by="Sales", ascending=False)
        <Profiling data>:
                               Function  GPU calls  CPU calls
0             DataFrame.groupby          1          0
1  DataFrameGroupBy.__getitem__          1          0
2                   GroupBy.sum          1          0
3         DataFrame.sort_values          1          0

        <Execution time>: 34.5
        <Active vars>: []

        <Future vars>: ['data']

        <Iteration>: 1/5
    
==========Running the manager agent to decide the next step==========
Choice: new
Reason: There is no rewritten code available. We'll attempt to optimize the original code.
Generating new code from the original code
Prompt: 
        <Original Code>:
        ### cell 14 ###

data1= data.groupby("State")[["Sales","Profit"]].sum().sort_values(by="Sales", ascending=False)
        <Profiling data>:
                               Function  GPU calls  CPU calls
0             DataFrame.groupby          1          0
1  DataFrameGroupBy.__getitem__          1          0
2                   GroupBy.sum          1          0
3         DataFrame.sort_values          1          0

        <Execution time>: 34.5
        <Active vars>: []

        <Future vars>: ['data']

        <Iteration>: 1/5
    
Code: data1 = data.groupby("State", sort=False)[["Sales","Profit"]]
             .sum()
             .sort_values(by="Sales", ascending=False)
Reason: By default cudf will sort the group keys before aggregating, but since you immediately re-sort by Sales, you can skip the internal sort (sort=False). This avoids an unnecessary GPU sort on the grouping keys and speeds up the groupby operation.
Parsed response: data1 = data.groupby("State", sort=False)[["Sales","Profit"]]
             .sum()
             .sort_values(by="Sales", ascending=False)
Try 0: calling rewrite agent for cell 14 took 37.13916039466858 seconds.
Executing rewritten code... ### cell 14 ###

data1 = data.groupby("State", sort=False)[["Sales","Profit"]]
             .sum()
             .sort_values(by="Sales", ascending=False)
Running rewritten cell notebook
An unexpected error occurred An error occurred while executing the following cell:
------------------
%%RecordEvent
%%time
### cell 14 ###

data1 = data.groupby("State", sort=False)[["Sales","Profit"]]
             .sum()
             .sort_values(by="Sales", ascending=False)
------------------


Traceback [0;36m(most recent call last)[0m:

[0m  File [1;32m~/.local/lib/python3.10/site-packages/IPython/core/interactiveshell.py:3579[0m in [1;35mrun_code[0m
    exec(code_obj, self.user_global_ns, self.user_ns)[0m

[0m  Cell [1;32mIn[4], line 1[0m
    get_ipython().run_cell_magic('RecordEvent', '', '%%time\n### cell 14 ###\n\ndata1 = data.groupby("State", sort=False)[["Sales","Profit"]]\n             .sum()\n             .sort_values(by="Sales", ascending=False)\n')[0m

[0m  File [1;32m~/.local/lib/python3.10/site-packages/IPython/core/interactiveshell.py:2543[0m in [1;35mrun_cell_magic[0m
    result = fn(*args, **kwargs)[0m

[0m  File [1;32m/home/sahilbhatia/elastic-notebook/ElasticNotebook.py:276[0m in [1;35mRecordEvent[0m
    self.record_event(line, cell, track_column_info=False)[0m

[0m  File [1;32m/home/sahilbhatia/elastic-notebook/ElasticNotebook.py:157[0m in [1;35mrecord_event[0m
    input_variables, function_defs = find_input_vars(cell, set(self.dependency_graph.variable_snapshots.keys()),[0m

[0m  File [1;32m/home/sahilbhatia/elastic-notebook/elastic/core/notebook/find_input_vars.py:135[0m in [1;35mfind_input_vars[0m
    v1.visit(ast.parse(cell))[0m

[0;36m  File [0;32m/opt/conda/envs/rapids-25.02/lib/python3.10/ast.py:50[0;36m in [0;35mparse[0;36m
[0;31m    return compile(source, filename, mode, flags,[0;36m

[0;36m  File [0;32m<unknown>:4[0;36m[0m
[0;31m    .sum()[0m
[0m    ^[0m
[0;31mIndentationError[0m[0;31m:[0m unexpected indent


Rewritten time: inf ms
Checkpointing the rewritten cell for small notebook...
========================================================
Rewriting cell 14... Try 1... 
Manager agent prompt:  
        <Original Code>:
        ### cell 14 ###

data1= data.groupby("State")[["Sales","Profit"]].sum().sort_values(by="Sales", ascending=False)
        <Profiling data>:
                               Function  GPU calls  CPU calls
0             DataFrame.groupby          1          0
1  DataFrameGroupBy.__getitem__          1          0
2                   GroupBy.sum          1          0
3         DataFrame.sort_values          1          0
        <Execution time>: 34.5
        <Active Vars>: []
        <Future Vars>: ['data']
        <Rewritten Code>:
        ### cell 14 ###

data1 = data.groupby("State", sort=False)[["Sales","Profit"]]
             .sum()
             .sort_values(by="Sales", ascending=False)
        <Profiling data>:
        None
        <Execution time>: inf
        <Execution output>: The rewritten code resulted in a runtime error. An error occurred while executing the following cell:
------------------
%%RecordEvent
%%time
### cell 14 ###

data1 = data.groupby("State", sort=False)[["Sales","Profit"]]
             .sum()
             .sort_values(by="Sales", ascending=False)
------------------


Traceback [0;36m(most recent call last)[0m:

[0m  File [1;32m~/.local/lib/python3.10/site-packages/IPython/core/interactiveshell.py:3579[0m in [1;35mrun_code[0m
    exec(code_obj, self.user_global_ns, self.user_ns)[0m

[0m  Cell [1;32mIn[4], line 1[0m
    get_ipython().run_cell_magic('RecordEvent', '', '%%time\n### cell 14 ###\n\ndata1 = data.groupby("State", sort=False)[["Sales","Profit"]]\n             .sum()\n             .sort_values(by="Sales", ascending=False)\n')[0m

[0m  File [1;32m~/.local/lib/python3.10/site-packages/IPython/core/interactiveshell.py:2543[0m in [1;35mrun_cell_magic[0m
    result = fn(*args, **kwargs)[0m

[0m  File [1;32m/home/sahilbhatia/elastic-notebook/ElasticNotebook.py:276[0m in [1;35mRecordEvent[0m
    self.record_event(line, cell, track_column_info=False)[0m

[0m  File [1;32m/home/sahilbhatia/elastic-notebook/ElasticNotebook.py:157[0m in [1;35mrecord_event[0m
    input_variables, function_defs = find_input_vars(cell, set(self.dependency_graph.variable_snapshots.keys()),[0m

[0m  File [1;32m/home/sahilbhatia/elastic-notebook/elastic/core/notebook/find_input_vars.py:135[0m in [1;35mfind_input_vars[0m
    v1.visit(ast.parse(cell))[0m

[0;36m  File [0;32m/opt/conda/envs/rapids-25.02/lib/python3.10/ast.py:50[0;36m in [0;35mparse[0;36m
[0;31m    return compile(source, filename, mode, flags,[0;36m

[0;36m  File [0;32m<unknown>:4[0;36m[0m
[0;31m    .sum()[0m
[0m    ^[0m
[0;31mIndentationError[0m[0;31m:[0m unexpected indent


        <Iteration>: 2/5
    
==========Running the manager agent to decide the next step==========
Choice: repair
Reason: The rewritten code has an indentation error causing a runtime error. It needs to be fixed for proper execution.
Code fixer prompt:  
        <Original Code>:
        ### cell 14 ###

data1= data.groupby("State")[["Sales","Profit"]].sum().sort_values(by="Sales", ascending=False)
        <Profiling data>:
                               Function  GPU calls  CPU calls
0             DataFrame.groupby          1          0
1  DataFrameGroupBy.__getitem__          1          0
2                   GroupBy.sum          1          0
3         DataFrame.sort_values          1          0
        <Execution time>: 34.5
        <Active Vars>: []
        <Future Vars>: ['data']
        <Rewritten Code>:
        ### cell 14 ###

data1 = data.groupby("State", sort=False)[["Sales","Profit"]]
             .sum()
             .sort_values(by="Sales", ascending=False)
        <Profiling data>:
        None
        <Execution time>: inf
        <Execution output>: The rewritten code resulted in a runtime error. An error occurred while executing the following cell:
------------------
%%RecordEvent
%%time
### cell 14 ###

data1 = data.groupby("State", sort=False)[["Sales","Profit"]]
             .sum()
             .sort_values(by="Sales", ascending=False)
------------------


Traceback [0;36m(most recent call last)[0m:

[0m  File [1;32m~/.local/lib/python3.10/site-packages/IPython/core/interactiveshell.py:3579[0m in [1;35mrun_code[0m
    exec(code_obj, self.user_global_ns, self.user_ns)[0m

[0m  Cell [1;32mIn[4], line 1[0m
    get_ipython().run_cell_magic('RecordEvent', '', '%%time\n### cell 14 ###\n\ndata1 = data.groupby("State", sort=False)[["Sales","Profit"]]\n             .sum()\n             .sort_values(by="Sales", ascending=False)\n')[0m

[0m  File [1;32m~/.local/lib/python3.10/site-packages/IPython/core/interactiveshell.py:2543[0m in [1;35mrun_cell_magic[0m
    result = fn(*args, **kwargs)[0m

[0m  File [1;32m/home/sahilbhatia/elastic-notebook/ElasticNotebook.py:276[0m in [1;35mRecordEvent[0m
    self.record_event(line, cell, track_column_info=False)[0m

[0m  File [1;32m/home/sahilbhatia/elastic-notebook/ElasticNotebook.py:157[0m in [1;35mrecord_event[0m
    input_variables, function_defs = find_input_vars(cell, set(self.dependency_graph.variable_snapshots.keys()),[0m

[0m  File [1;32m/home/sahilbhatia/elastic-notebook/elastic/core/notebook/find_input_vars.py:135[0m in [1;35mfind_input_vars[0m
    v1.visit(ast.parse(cell))[0m

[0;36m  File [0;32m/opt/conda/envs/rapids-25.02/lib/python3.10/ast.py:50[0;36m in [0;35mparse[0;36m
[0;31m    return compile(source, filename, mode, flags,[0;36m

[0;36m  File [0;32m<unknown>:4[0;36m[0m
[0;31m    .sum()[0m
[0m    ^[0m
[0;31mIndentationError[0m[0;31m:[0m unexpected indent


        <Iteration>: 2/5
    
Repairing the last generated code
Code: ### cell 14 ###
# Use parentheses to allow multi‐line chaining without indentation errors

data1 = (
    data.groupby("State", sort=False)[["Sales", "Profit"]]
        .sum()
        .sort_values(by="Sales", ascending=False)
)
Reason: The previous rewrite introduced a line‐break without wrapping the expression in parentheses, causing an IndentationError. By enclosing the chained calls in parentheses, we can format the code across multiple lines correctly. No logic has been changed: we still group by 'State' (with sort=False for cudf performance), sum the 'Sales' and 'Profit' columns, and sort descending by 'Sales' in a single GPU‐accelerated pipeline.
Parsed response: ### cell 14 ###
# Use parentheses to allow multi‐line chaining without indentation errors

data1 = (
    data.groupby("State", sort=False)[["Sales", "Profit"]]
        .sum()
        .sort_values(by="Sales", ascending=False)
)
Try 1: calling rewrite agent for cell 14 took 10.48501706123352 seconds.
Executing rewritten code... ### cell 14 ###
# Use parentheses to allow multi‐line chaining without indentation errors

data1 = (
    data.groupby("State", sort=False)[["Sales", "Profit"]]
        .sum()
        .sort_values(by="Sales", ascending=False)
)
Running rewritten cell notebook
Finished executing the rewritten code.
Try 1: executing the rewritten code for cell 14 took 8.714107275009155 seconds.
Rewritten time: 32.7 ms
Checkpointing the rewritten cell for small notebook...
The rewritten code is correct. Profiling cudf...
Try 1: cudf profiling the rewritten code for cell 14 took 8.020476579666138 seconds.
gpu_calls_orig_perc: 1.0, gpu_calls_opt_perc: 1.0
orig_time: 34.5, opt_time: 32.7
Both the call ratio and the time are better.
Rewritten code took 32.7ms. The previous fastest solution took 34.5ms.
Previous best solution num GPU and CPU calls:  4 0
New solution num GPU and CPU calls:  4 0
Accepted the rewritten code.
Setting best_rewritten_post_checkpoint_path to  /home/sahilbhatia/pandax/dias_notebooks/roopacalistus/retail-supermarket-store-analysis/src/rewritten/o4_mini_high_small/checkpoints/post_cell_14_try_1.pickle
========================================================
Rewriting cell 14... Try 2... 
Manager agent prompt:  
        <Original Code>:
        ### cell 14 ###

data1= data.groupby("State")[["Sales","Profit"]].sum().sort_values(by="Sales", ascending=False)
        <Profiling data>:
                               Function  GPU calls  CPU calls
0             DataFrame.groupby          1          0
1  DataFrameGroupBy.__getitem__          1          0
2                   GroupBy.sum          1          0
3         DataFrame.sort_values          1          0
        <Execution time>: 34.5
        <Active Vars>: []
        <Future Vars>: ['data']
        <Rewritten Code>:
        ### cell 14 ###
# Use parentheses to allow multi‐line chaining without indentation errors

data1 = (
    data.groupby("State", sort=False)[["Sales", "Profit"]]
        .sum()
        .sort_values(by="Sales", ascending=False)
)
        <Profiling data>:
                               Function  GPU calls  CPU calls
0             DataFrame.groupby          1          0
1  DataFrameGroupBy.__getitem__          1          0
2                   GroupBy.sum          1          0
3         DataFrame.sort_values          1          0
        <Execution time>: 32.7
        <Execution output>: Rewritten time: 32.7 ms
Original time: 34.5 ms
        <Iteration>: 3/5
    
==========Running the manager agent to decide the next step==========
Choice: optimize
Reason: Although the rewritten code uses parentheses to improve readability, there are potential optimizations, such as exploring efficient alternatives or parallel computing libraries like Dask or RAPIDS to speed up the process further.
Code optimizer prompt:  
        <Original Code>:
        ### cell 14 ###
# Use parentheses to allow multi‐line chaining without indentation errors

data1 = (
    data.groupby("State", sort=False)[["Sales", "Profit"]]
        .sum()
        .sort_values(by="Sales", ascending=False)
)
        <Profiling data>:
                               Function  GPU calls  CPU calls
0             DataFrame.groupby          1          0
1  DataFrameGroupBy.__getitem__          1          0
2                   GroupBy.sum          1          0
3         DataFrame.sort_values          1          0

        <Execution time>: 32.7
        <Active vars>: []

        <Future vars>: ['data']

        <Iteration>: 3/5
    
Optimizing the last generated code
No Modifications made to the original code
Try 2: calling rewrite agent for cell 14 took 6.110241413116455 seconds.
========================================================
After rewriting cell  14
Rewritten post-checkpoint path: /home/sahilbhatia/pandax/dias_notebooks/roopacalistus/retail-supermarket-store-analysis/src/rewritten/o4_mini_high_small/checkpoints/post_cell_14_try_1.pickle
========================================================
Cell 14 rewriting took 96.65126323699951 seconds.
Getting original timing for cell 15
Original time for cell 15 took 9.273167133331299 seconds.
Setting initially best_rewritten_post_checkpoint_path:  /home/sahilbhatia/pandax/dias_notebooks/roopacalistus/retail-supermarket-store-analysis/src/small_bench/checkpoints/post_cell_15.pickle
========================================================
Rewriting cell 15... Try 0... 
Manager agent prompt:  
        <Original Code>:
        ### cell 15 ###

data1= data.groupby("Region")[["Sales","Profit"]].sum().sort_values(by="Sales", ascending=False)
        <Profiling data>:
                               Function  GPU calls  CPU calls
0             DataFrame.groupby          1          0
1  DataFrameGroupBy.__getitem__          1          0
2                   GroupBy.sum          1          0
3         DataFrame.sort_values          1          0

        <Execution time>: 36.7
        <Active vars>: []

        <Future vars>: []

        <Iteration>: 1/5
    
==========Running the manager agent to decide the next step==========
Choice: new
Reason: The code has not been rewritten yet. We'll attempt to generate an optimized version of the original code using alternative APIs or approaches.
Generating new code from the original code
Prompt: 
        <Original Code>:
        ### cell 15 ###

data1= data.groupby("Region")[["Sales","Profit"]].sum().sort_values(by="Sales", ascending=False)
        <Profiling data>:
                               Function  GPU calls  CPU calls
0             DataFrame.groupby          1          0
1  DataFrameGroupBy.__getitem__          1          0
2                   GroupBy.sum          1          0
3         DataFrame.sort_values          1          0

        <Execution time>: 36.7
        <Active vars>: []

        <Future vars>: []

        <Iteration>: 1/5
    
Code: done
Reason: The operation is already fully GPU-accelerated and uses vectorized groupby, aggregation, and sort with no CPU calls. No further optimization is needed.
No Modifications made to the original code
Try 0: calling rewrite agent for cell 15 took 4.253886699676514 seconds.
There is no need to rewrite the cell.
Could not rewrite the cell. Continuing to next cell...
========================================================
After rewriting cell  15
Rewritten post-checkpoint path: /home/sahilbhatia/pandax/dias_notebooks/roopacalistus/retail-supermarket-store-analysis/src/small_bench/checkpoints/post_cell_15.pickle
========================================================
Cell 15 rewriting took 13.528856039047241 seconds.
Small rewritten notebook saved to /home/sahilbhatia/pandax/dias_notebooks/roopacalistus/retail-supermarket-store-analysis/src/rewritten/o4_mini_high_small.ipynb
Replaced factor in cell with 800
Rewritten notebook saved to /home/sahilbhatia/pandax/dias_notebooks/roopacalistus/retail-supermarket-store-analysis/src/rewritten/o4_mini_high.ipynb
Rewrote notebook in 687.4374630451202 seconds
Replaced factor in cell with 100
Transfer cost notebook saved to /home/sahilbhatia/pandax/dias_notebooks/roopacalistus/retail-supermarket-store-analysis/src/transfer_cost_bench.ipynb
Annotated notebook saved to /home/sahilbhatia/pandax/dias_notebooks/roopacalistus/retail-supermarket-store-analysis/src/cpu_to_gpu_cost_model_inputs.ipynb
Executing code: from pathlib import Path
import matplotlib.pyplot as plt
import seaborn as sns
import os
from utils.benchmarks import BENCHMARKS_TO_PATHS
if "IREWR_WITH_MODIN" in os.environ and os.environ["IREWR_WITH_MODIN"] == "True":
    import os
    os.environ["MODIN_ENGINE"] = "ray"
    import ray
    ray.init(num_cpus=int(os.environ['MODIN_CPUS']), runtime_env={'env_vars': {'__MODIN_AUTOIMPORT_PANDAS__': '1'}})
    import modin.pandas as pd
else:
    import pandas as pd
Executing code: %%time
### cell 0 ###

benchmark_name = "retail-supermarket-store-analysis"
data = pd.read_csv(Path(BENCHMARKS_TO_PATHS[benchmark_name]).parent / "input" / "superstore" / "SampleSuperstore.csv")
factor = 100
data = pd.concat([data]*factor)
data.info()
Traceback (most recent call last):
  File "/home/sahilbhatia/pandax/main.py", line 315, in <module>
    asyncio.run(main())
  File "/opt/conda/envs/rapids-25.02/lib/python3.10/asyncio/runners.py", line 44, in run
    return loop.run_until_complete(main)
  File "/opt/conda/envs/rapids-25.02/lib/python3.10/asyncio/base_events.py", line 649, in run_until_complete
    return future.result()
  File "/home/sahilbhatia/pandax/main.py", line 206, in main
    cpu_to_gpu_cost_model_inputs = get_cost_model_inputs(
  File "/home/sahilbhatia/pandax/utils/schedule.py", line 168, in get_cost_model_inputs
    run_cell_and_get_all_transfer_inputs(
  File "/home/sahilbhatia/pandax/utils/execution.py", line 1039, in run_cell_and_get_all_transfer_inputs
    col_data = {
  File "/home/sahilbhatia/pandax/utils/execution.py", line 1041, in <dictcomp>
    get_df_type(df[col]),
  File "/home/sahilbhatia/elastic-notebook/elastic/core/common/pandas.py", line 130, in get_df_type
    if isinstance(dtype, ListDtype):
NameError: name 'ListDtype' is not defined
Status: FAILED (exit 1)
Finished: Sun Mar 29 17:18:24 UTC 2026

