Command: python -u main.py feedback3-eda-hf-custom-trainer-sift
Started: Sun Mar 29 02:38:14 AM PDT 2026
Annotated notebook saved to /scratch/jieq/pandax/dias_notebooks/lextoumbourou/feedback3-eda-hf-custom-trainer-sift/src/cell_exec_info.ipynb
Executing code: import sys, os
%load_ext ElasticNotebook
from elastic.core.common.pandas import compare_df, convert_col
import pickle
Executing code: %%RecordEventWithColumnInfo
from pathlib import Path
import numpy as np
import os
from utils.benchmarks import BENCHMARKS_TO_PATHS

if "IREWR_WITH_MODIN" in os.environ and os.environ["IREWR_WITH_MODIN"] == "True":
    import os

    os.environ["MODIN_ENGINE"] = "ray"
    import ray

    ray.init(
        num_cpus=int(os.environ["MODIN_CPUS"]),
        runtime_env={"env_vars": {"__MODIN_AUTOIMPORT_PANDAS__": "1"}},
    )
    import modin.pandas as pd
else:
    import pandas as pd
import time
Executing code: %%RecordEventWithColumnInfo
### cell 0 ###

benchmark_name = "feedback3-eda-hf-custom-trainer-sift"
train_df = pd.read_csv(
    Path(BENCHMARKS_TO_PATHS[benchmark_name]).parent / "input" / "feedback-prize-english-language-learning" / "train.csv"
)
test_df = pd.read_csv(
    Path(BENCHMARKS_TO_PATHS[benchmark_name]).parent / "input" / "feedback-prize-english-language-learning" / "test.csv"
)

factor = 10
train_df = pd.concat([train_df] * factor)
test_df = pd.concat([test_df] * factor)
train_df.info()
Executing code: %%RecordEventWithColumnInfo
### cell 1 ###

train_df.head()
Executing code: %%RecordEventWithColumnInfo
### cell 2 ###

test_df.head()
Executing code: %%RecordEventWithColumnInfo
### cell 3 ###

len(train_df), len(test_df)
Executing code: %%RecordEventWithColumnInfo
### cell 4 ###

LABEL_COLUMNS = [
    "cohesion",
    "syntax",
    "vocabulary",
    "phraseology",
    "grammar",
    "conventions",
]
Executing code: %%RecordEventWithColumnInfo
### cell 5 ###

texts = train_df.sample(frac=1, random_state=420).head(4)
Executing code: %%RecordEventWithColumnInfo
### cell 6 ###

train_df["total_score"] = train_df[LABEL_COLUMNS].sum(axis=1)
lowest_df = train_df.sort_values("total_score").head(4)
Executing code: %%RecordEventWithColumnInfo
### cell 7 ###

train_df["total_score"] = train_df[LABEL_COLUMNS].sum(axis=1)
highest_df = train_df.sort_values("total_score", ascending=False).head(4)
Executing code: %%RecordEventWithColumnInfo
### cell 8 ###

train_df["word_count"] = train_df.full_text.apply(lambda x: len(x.split()))
Executing code: %%RecordEventWithColumnInfo
### cell 9 ###

train_df["word_count"].mean()
Executing code: %%RecordEventWithColumnInfo
### cell 10 ###

train_df["word_count"].max()
Executing code: %PrintCellInfo cell_exec_info
Executing code: %reset -f
Executing code: %reload_ext ElasticNotebook
Ran small notebook to get cell exec info in 3.2371697425842285 seconds
Getting cudf profile information...
Annotated notebook saved to /scratch/jieq/pandax/dias_notebooks/lextoumbourou/feedback3-eda-hf-custom-trainer-sift/src/cudf_profile.ipynb
Error getting cudf profile info: Execution failed in cell %%RecordEvent
%%cudf.pandas.profile
### cell 6 ###

train_df["total_score"] = train_df[LABEL_COLUMNS].sum(axis=1)
lowest_df = train_df.sort_values("total_score").head(4): can only concatenate str (not "int") to str
Status: FAILED (exit 1)
Finished: Sun Mar 29 02:39:40 AM PDT 2026

