Command: python -u main.py environmental-vs-ai-startups-india-eda
Started: Sun Mar 29 02:33:14 AM PDT 2026
Annotated notebook saved to /scratch/jieq/pandax/dias_notebooks/kkhandekar/environmental-vs-ai-startups-india-eda/src/cell_exec_info.ipynb
Executing code: import sys, os
%load_ext ElasticNotebook
from elastic.core.common.pandas import compare_df, convert_col
import pickle
Executing code: %%RecordEventWithColumnInfo
from pathlib import Path
import numpy as np  # linear algebra
import os
from utils.benchmarks import BENCHMARKS_TO_PATHS

if "IREWR_WITH_MODIN" in os.environ and os.environ["IREWR_WITH_MODIN"] == "True":
    import os

    os.environ["MODIN_ENGINE"] = "ray"
    import ray

    ray.init(
        num_cpus=int(os.environ["MODIN_CPUS"]),
        runtime_env={"env_vars": {"__MODIN_AUTOIMPORT_PANDAS__": "1"}},
    )
    import modin.pandas as pd
else:
    import pandas as pd

# Visualisation
import plotly.express as px
import plotly.graph_objects as go
from plotly.subplots import make_subplots
import time
Executing code: %%RecordEventWithColumnInfo
### cell 0 ###

benchmark_name = "environmental-vs-ai-startups-india-eda"
# load & cleanup
file = Path(BENCHMARKS_TO_PATHS[benchmark_name]).parent / "input" / "indian-startup-recognized-by-dpiit" / "Startup_Counts_Across_India.csv"
df = pd.read_csv(file)
factor = 30
df = pd.concat([df] * factor)
df.info()
Executing code: %%RecordEventWithColumnInfo
### cell 1 ###

df.drop("S No.", axis=1, inplace=True)
df.dropna(inplace=True)
df.reset_index(inplace=True, drop=True)

# view
df.head()
Executing code: %%RecordEventWithColumnInfo
### cell 2 ###

# Industry sub-categories for environmental & AI startups
env = ["Agriculture", "Green Technology", "Renewable Energy", "Waste Management"]
ai = ["AI", "Robotics", "Computer Vision"]

# combined df - environmental & AI startups only
df_ea = df.loc[(df["Industry"].isin(env)) | (df["Industry"].isin(ai))].reset_index(
    drop=True, inplace=False
)


# custom function to set Main Industry
def set_MainIndustry(ind):
    if ind in env:
        return "ENV"
    else:
        return "AI"


# adding a new column
df_ea["MainIndustry"] = df_ea.Industry.apply(lambda x: set_MainIndustry(x))

# basic stats
print(
    f"A total of {df_ea.shape[0]} startups were started in India between 2016 & 2022, out of which {df_ea.groupby('MainIndustry').size()['ENV']} are environmental related & {df_ea.groupby('MainIndustry').size()['AI']} are AI startups."
)
Executing code: %PrintCellInfo cell_exec_info
Executing code: %reset -f
Executing code: %reload_ext ElasticNotebook
Ran small notebook to get cell exec info in 2.131107807159424 seconds
Getting cudf profile information...
Annotated notebook saved to /scratch/jieq/pandax/dias_notebooks/kkhandekar/environmental-vs-ai-startups-india-eda/src/cudf_profile.ipynb
Done getting cudf profile information.
Ran small notebook to get cudf profile info in 14.798018455505371 seconds
Annotated notebook saved to /scratch/jieq/pandax/dias_notebooks/kkhandekar/environmental-vs-ai-startups-india-eda/src/small_annotated.ipynb
Executing code: %reset -f
Executing code: %reload_ext ElasticNotebook
Executing 3 cells up to cell 0.
========================================================
Checkpointing before runing cell 0.
========================================================
Cell 0
Small pre-checkpoint path: /scratch/jieq/pandax/dias_notebooks/kkhandekar/environmental-vs-ai-startups-india-eda/src/small_annotated/checkpoints/pre_cell_0.pickle
Small rewritten pre-checkpoint path: /scratch/jieq/pandax/dias_notebooks/kkhandekar/environmental-vs-ai-startups-india-eda/src/small_annotated/checkpoints/pre_cell_0.pickle
========================================================
Getting original timing for cell 0
Original time for cell 0 took 8.739911079406738 seconds.
Setting initially best_rewritten_post_checkpoint_path:  /scratch/jieq/pandax/dias_notebooks/kkhandekar/environmental-vs-ai-startups-india-eda/src/small_bench/checkpoints/post_cell_0.pickle
========================================================
Rewriting cell 0... Try 0... 
Manager agent prompt:  
        <Original Code>:
        ### cell 0 ###

benchmark_name = "environmental-vs-ai-startups-india-eda"
# load & cleanup
file = Path(BENCHMARKS_TO_PATHS[benchmark_name]).parent / "input" / "indian-startup-recognized-by-dpiit" / "Startup_Counts_Across_India.csv"
df = pd.read_csv(file)
factor = 30
df = pd.concat([df] * factor)
df.info()
        <Profiling data>:
                 Function  GPU calls  CPU calls
0        read_csv          1          0
1          concat          1          0
2  DataFrame.info          1          0

        <Execution time>: 1310.0
        <Active vars>: ['df']

        <Future vars>: []

        <Iteration>: 1/5
    
==========Running the manager agent to decide the next step==========
Choice: new
Reason: The execution time is notably high, likely due to the large DataFrame created by concatenation. As there is no rewritten code, and optimization tools such as cuDF or Dask are not implemented, we should optimally rewrite it to leverage more efficient libraries.
Generating new code from the original code
Prompt: 
        <Original Code>:
        ### cell 0 ###

benchmark_name = "environmental-vs-ai-startups-india-eda"
# load & cleanup
file = Path(BENCHMARKS_TO_PATHS[benchmark_name]).parent / "input" / "indian-startup-recognized-by-dpiit" / "Startup_Counts_Across_India.csv"
df = pd.read_csv(file)
factor = 30
df = pd.concat([df] * factor)
df.info()
        <Profiling data>:
                 Function  GPU calls  CPU calls
0        read_csv          1          0
1          concat          1          0
2  DataFrame.info          1          0

        <Execution time>: 1310.0
        <Active vars>: ['df']

        <Future vars>: []

        <Iteration>: 1/5
    
Code: benchmark_name = "environmental-vs-ai-startups-india-eda"
# load & cleanup
file = Path(BENCHMARKS_TO_PATHS[benchmark_name]).parent / \
       "input" / "indian-startup-recognized-by-dpiit" / \
       "Startup_Counts_Across_India.csv"
factor = 30
df = pd.read_csv(file)
# use GPU‐optimized repeat instead of concatenating a list of the same DataFrame
df = df.repeat(factor)
df.info()
Reason: Replaced pd.concat([df] * factor) with the GPU‐accelerated DataFrame.repeat(factor) to avoid building a large Python list and leverage a single vectorized GPU kernel for row repetition.
Parsed response: benchmark_name = "environmental-vs-ai-startups-india-eda"
# load & cleanup
file = Path(BENCHMARKS_TO_PATHS[benchmark_name]).parent / \
       "input" / "indian-startup-recognized-by-dpiit" / \
       "Startup_Counts_Across_India.csv"
factor = 30
df = pd.read_csv(file)
# use GPU‐optimized repeat instead of concatenating a list of the same DataFrame
df = df.repeat(factor)
df.info()
Try 0: calling rewrite agent for cell 0 took 13.939748525619507 seconds.
Executing rewritten code... ### cell 0 ###

benchmark_name = "environmental-vs-ai-startups-india-eda"
# load & cleanup
file = Path(BENCHMARKS_TO_PATHS[benchmark_name]).parent / \
       "input" / "indian-startup-recognized-by-dpiit" / \
       "Startup_Counts_Across_India.csv"
factor = 30
df = pd.read_csv(file)
# use GPU‐optimized repeat instead of concatenating a list of the same DataFrame
df = df.repeat(factor)
df.info()
Running rewritten cell notebook
An unexpected error occurred Execution failed in cell %%RecordEvent
%%time
### cell 0 ###

benchmark_name = "environmental-vs-ai-startups-india-eda"
# load & cleanup
file = Path(BENCHMARKS_TO_PATHS[benchmark_name]).parent / \
       "input" / "indian-startup-recognized-by-dpiit" / \
       "Startup_Counts_Across_India.csv"
factor = 30
df = pd.read_csv(file)
# use GPU‐optimized repeat instead of concatenating a list of the same DataFrame
df = df.repeat(factor)
df.info(): 'DataFrame' object has no attribute 'repeat'
Rewritten time: inf ms
Checkpointing the rewritten cell for small notebook...
========================================================
Rewriting cell 0... Try 1... 
Manager agent prompt:  
        <Original Code>:
        ### cell 0 ###

benchmark_name = "environmental-vs-ai-startups-india-eda"
# load & cleanup
file = Path(BENCHMARKS_TO_PATHS[benchmark_name]).parent / "input" / "indian-startup-recognized-by-dpiit" / "Startup_Counts_Across_India.csv"
df = pd.read_csv(file)
factor = 30
df = pd.concat([df] * factor)
df.info()
        <Profiling data>:
                 Function  GPU calls  CPU calls
0        read_csv          1          0
1          concat          1          0
2  DataFrame.info          1          0
        <Execution time>: 1310.0
        <Active Vars>: ['df']
        <Future Vars>: []
        <Rewritten Code>:
        ### cell 0 ###

benchmark_name = "environmental-vs-ai-startups-india-eda"
# load & cleanup
file = Path(BENCHMARKS_TO_PATHS[benchmark_name]).parent / \
       "input" / "indian-startup-recognized-by-dpiit" / \
       "Startup_Counts_Across_India.csv"
factor = 30
df = pd.read_csv(file)
# use GPU‐optimized repeat instead of concatenating a list of the same DataFrame
df = df.repeat(factor)
df.info()
        <Profiling data>:
        None
        <Execution time>: inf
        <Execution output>: The rewritten code resulted in a runtime error. Execution failed in cell %%RecordEvent
%%time
### cell 0 ###

benchmark_name = "environmental-vs-ai-startups-india-eda"
# load & cleanup
file = Path(BENCHMARKS_TO_PATHS[benchmark_name]).parent / \
       "input" / "indian-startup-recognized-by-dpiit" / \
       "Startup_Counts_Across_India.csv"
factor = 30
df = pd.read_csv(file)
# use GPU‐optimized repeat instead of concatenating a list of the same DataFrame
df = df.repeat(factor)
df.info(): 'DataFrame' object has no attribute 'repeat'
        <Iteration>: 2/5
    
==========Running the manager agent to decide the next step==========
Choice: new
Reason: The rewritten code resulted in a runtime error due to the incorrect use of the 'repeat' function which does not exist for a DataFrame. We need to ignore the rewritten code and optimize the original code again.
Generating new code from the original code
Prompt: 
        <Original Code>:
        ### cell 0 ###

benchmark_name = "environmental-vs-ai-startups-india-eda"
# load & cleanup
file = Path(BENCHMARKS_TO_PATHS[benchmark_name]).parent / "input" / "indian-startup-recognized-by-dpiit" / "Startup_Counts_Across_India.csv"
df = pd.read_csv(file)
factor = 30
df = pd.concat([df] * factor)
df.info()
        <Profiling data>:
                 Function  GPU calls  CPU calls
0        read_csv          1          0
1          concat          1          0
2  DataFrame.info          1          0

        <Execution time>: 1310.0
        <Active vars>: ['df']

        <Future vars>: []

        <Iteration>: 2/5
    
Code: ### cell 0 ###
benchmark_name = "environmental-vs-ai-startups-india-eda"
file = (
    Path(BENCHMARKS_TO_PATHS[benchmark_name])
    .parent
    / "input"
    / "indian-startup-recognized-by-dpiit"
    / "Startup_Counts_Across_India.csv"
)
df = pd.read_csv(file)
factor = 30
# use a vectorized repeat on the index instead of concat to replicate the rows
df = df.loc[df.index.repeat(factor)].reset_index(drop=True)
df.info()
Reason: Replaced the Python-level pd.concat([df] * factor) with a single GPU‐accelerated index.repeat followed by loc to replicate rows. This avoids the overhead of building a list of DataFrames and merging them, cutting down on intermediate allocations and improving performance under cudf.
Parsed response: ### cell 0 ###
benchmark_name = "environmental-vs-ai-startups-india-eda"
file = (
    Path(BENCHMARKS_TO_PATHS[benchmark_name])
    .parent
    / "input"
    / "indian-startup-recognized-by-dpiit"
    / "Startup_Counts_Across_India.csv"
)
df = pd.read_csv(file)
factor = 30
# use a vectorized repeat on the index instead of concat to replicate the rows
df = df.loc[df.index.repeat(factor)].reset_index(drop=True)
df.info()
Try 1: calling rewrite agent for cell 0 took 10.860178709030151 seconds.
Executing rewritten code... ### cell 0 ###
benchmark_name = "environmental-vs-ai-startups-india-eda"
file = (
    Path(BENCHMARKS_TO_PATHS[benchmark_name])
    .parent
    / "input"
    / "indian-startup-recognized-by-dpiit"
    / "Startup_Counts_Across_India.csv"
)
df = pd.read_csv(file)
factor = 30
# use a vectorized repeat on the index instead of concat to replicate the rows
df = df.loc[df.index.repeat(factor)].reset_index(drop=True)
df.info()
Running rewritten cell notebook
An unexpected error occurred An error occurred while executing the following cell:
------------------
df_opt = df
%LoadCheckpoint /scratch/jieq/pandax/dias_notebooks/kkhandekar/environmental-vs-ai-startups-india-eda/src/small_bench/checkpoints/post_cell_0.pickle
assert compare_df(df_opt, df)

import numpy as np
if os.getenv("USE_GPU") == "True":
    import cudf
from elastic.core.common.pandas import is_type_styler
is_orig_output_pd = isinstance(orig_output, (pd.Series, pd.DataFrame, pd.Index))
is_opt_output_pd = isinstance(opt_output, (pd.Series, pd.DataFrame, pd.Index))
if os.getenv("USE_GPU") == "True":
    is_orig_output_array = isinstance(orig_output, (cudf.pandas._wrappers.numpy.ndarray, np.ndarray))
    is_opt_output_array = isinstance(opt_output, (cudf.pandas._wrappers.numpy.ndarray, np.ndarray))
else:
    is_orig_output_array = isinstance(orig_output, np.ndarray)
    is_opt_output_array = isinstance(opt_output, np.ndarray)

is_orig_output_styler = is_type_styler(type(orig_output))
is_opt_output_styler = is_type_styler(type(opt_output))
if is_orig_output_styler and is_opt_output_styler:
    assert orig_output.to_html() == opt_output.to_html()
elif is_orig_output_styler:
    assert orig_output.to_html() == opt_output.to_html()
elif is_opt_output_styler:
    assert opt_output.to_html() == orig_output

if is_orig_output_pd and is_opt_output_pd:
    assert orig_output.equals(opt_output)
# TODO(jie): this is a hack.
elif ((is_orig_output_pd or is_opt_output_pd) and (is_orig_output_array or is_opt_output_array)) or (is_orig_output_array and is_opt_output_array):
    assert list(orig_output) == list(opt_output)
else:
    assert orig_output == opt_output

------------------

----- stdout -----
trying: ['df']
me:  1
trying: ['benchmark_name']
me:  1
trying: ['Path']
me:  0
trying: ['file']
me:  1
trying: ['px']
me:  0
trying: ['factor']
me:  1
trying: ['go']
me:  0
trying: ['time']
me:  0
trying: ['make_subplots']
me:  0
trying: ['orig_output']
me:  2
trying: ['pd']
me:  0
trying: ['np']
me:  0
trying: ['BENCHMARKS_TO_PATHS']
me:  0
Declaring variable Path
Declaring variable px
Declaring variable go
Declaring variable time
Declaring variable make_subplots
Declaring variable pd
Declaring variable np
Declaring variable BENCHMARKS_TO_PATHS
Declaring variable df
Declaring variable benchmark_name
Declaring variable file
Declaring variable factor
Declaring variable orig_output
------------------

[0;31m---------------------------------------------------------------------------[0m
[0;31mValueError[0m                                Traceback (most recent call last)
Cell [0;32mIn[9], line 3[0m
[1;32m      1[0m df_opt [38;5;241m=[39m df
[1;32m      2[0m get_ipython()[38;5;241m.[39mrun_line_magic([38;5;124m'[39m[38;5;124mLoadCheckpoint[39m[38;5;124m'[39m, [38;5;124m'[39m[38;5;124m/scratch/jieq/pandax/dias_notebooks/kkhandekar/environmental-vs-ai-startups-india-eda/src/small_bench/checkpoints/post_cell_0.pickle[39m[38;5;124m'[39m)
[0;32m----> 3[0m [38;5;28;01massert[39;00m [43mcompare_df[49m[43m([49m[43mdf_opt[49m[43m,[49m[43m [49m[43mdf[49m[43m)[49m
[1;32m      5[0m [38;5;28;01mimport[39;00m[38;5;250m [39m[38;5;21;01mnumpy[39;00m[38;5;250m [39m[38;5;28;01mas[39;00m[38;5;250m [39m[38;5;21;01mnp[39;00m
[1;32m      6[0m [38;5;28;01mif[39;00m os[38;5;241m.[39mgetenv([38;5;124m"[39m[38;5;124mUSE_GPU[39m[38;5;124m"[39m) [38;5;241m==[39m [38;5;124m"[39m[38;5;124mTrue[39m[38;5;124m"[39m:

File [0;32m/scratch/jieq/elastic-notebook/elastic/core/common/pandas.py:121[0m, in [0;36mcompare_df[0;34m(df1, df2)[0m
[1;32m    119[0m         [38;5;28;01mraise[39;00m [38;5;167;01mValueError[39;00m([38;5;124mf[39m[38;5;124m"[39m[38;5;124mData type mismatch: Rewritten code is [39m[38;5;132;01m{[39;00mdf1[38;5;241m.[39mdtype[38;5;132;01m}[39;00m[38;5;124m and original code is [39m[38;5;132;01m{[39;00mdf2[38;5;241m.[39mdtype[38;5;132;01m}[39;00m[38;5;124m"[39m)
[1;32m    120[0m [38;5;28;01mif[39;00m hash_obj(df1[38;5;241m.[39mvalues) [38;5;241m!=[39m hash_obj(df2[38;5;241m.[39mvalues):
[0;32m--> 121[0m     [38;5;28;01mraise[39;00m [38;5;167;01mValueError[39;00m([38;5;124mf[39m[38;5;124m"[39m[38;5;124mContent of df1 and df2 do not match[39m[38;5;124m"[39m)
[1;32m    123[0m [38;5;28;01mif[39;00m hash_obj(df1[38;5;241m.[39mindex[38;5;241m.[39mvalues) [38;5;241m!=[39m hash_obj(df2[38;5;241m.[39mindex[38;5;241m.[39mvalues):
[1;32m    124[0m     [38;5;28;01mraise[39;00m [38;5;167;01mValueError[39;00m([38;5;124m"[39m[38;5;124mIndex of df1 and df2 do not match[39m[38;5;124m"[39m)

[0;31mValueError[0m: Content of df1 and df2 do not match

Rewritten time: inf ms
Checkpointing the rewritten cell for small notebook...
========================================================
Rewriting cell 0... Try 2... 
Manager agent prompt:  
        <Original Code>:
        ### cell 0 ###

benchmark_name = "environmental-vs-ai-startups-india-eda"
# load & cleanup
file = Path(BENCHMARKS_TO_PATHS[benchmark_name]).parent / "input" / "indian-startup-recognized-by-dpiit" / "Startup_Counts_Across_India.csv"
df = pd.read_csv(file)
factor = 30
df = pd.concat([df] * factor)
df.info()
        <Profiling data>:
                 Function  GPU calls  CPU calls
0        read_csv          1          0
1          concat          1          0
2  DataFrame.info          1          0
        <Execution time>: 1310.0
        <Active Vars>: ['df']
        <Future Vars>: []
        <Rewritten Code>:
        ### cell 0 ###
benchmark_name = "environmental-vs-ai-startups-india-eda"
file = (
    Path(BENCHMARKS_TO_PATHS[benchmark_name])
    .parent
    / "input"
    / "indian-startup-recognized-by-dpiit"
    / "Startup_Counts_Across_India.csv"
)
df = pd.read_csv(file)
factor = 30
# use a vectorized repeat on the index instead of concat to replicate the rows
df = df.loc[df.index.repeat(factor)].reset_index(drop=True)
df.info()
        <Profiling data>:
        None
        <Execution time>: inf
        <Execution output>: The rewritten code resulted in a runtime error. An error occurred while executing the following cell:
------------------
df_opt = df
%LoadCheckpoint /scratch/jieq/pandax/dias_notebooks/kkhandekar/environmental-vs-ai-startups-india-eda/src/small_bench/checkpoints/post_cell_0.pickle
assert compare_df(df_opt, df)

import numpy as np
if os.getenv("USE_GPU") == "True":
    import cudf
from elastic.core.common.pandas import is_type_styler
is_orig_output_pd = isinstance(orig_output, (pd.Series, pd.DataFrame, pd.Index))
is_opt_output_pd = isinstance(opt_output, (pd.Series, pd.DataFrame, pd.Index))
if os.getenv("USE_GPU") == "True":
    is_orig_output_array = isinstance(orig_output, (cudf.pandas._wrappers.numpy.ndarray, np.ndarray))
    is_opt_output_array = isinstance(opt_output, (cudf.pandas._wrappers.numpy.ndarray, np.ndarray))
else:
    is_orig_output_array = isinstance(orig_output, np.ndarray)
    is_opt_output_array = isinstance(opt_output, np.ndarray)

is_orig_output_styler = is_type_styler(type(orig_output))
is_opt_output_styler = is_type_styler(type(opt_output))
if is_orig_output_styler and is_opt_output_styler:
    assert orig_output.to_html() == opt_output.to_html()
elif is_orig_output_styler:
    assert orig_output.to_html() == opt_output.to_html()
elif is_opt_output_styler:
    assert opt_output.to_html() == orig_output

if is_orig_output_pd and is_opt_output_pd:
    assert orig_output.equals(opt_output)
# TODO(jie): this is a hack.
elif ((is_orig_output_pd or is_opt_output_pd) and (is_orig_output_array or is_opt_output_array)) or (is_orig_output_array and is_opt_output_array):
    assert list(orig_output) == list(opt_output)
else:
    assert orig_output == opt_output

------------------

----- stdout -----
trying: ['df']
me:  1
trying: ['benchmark_name']
me:  1
trying: ['Path']
me:  0
trying: ['file']
me:  1
trying: ['px']
me:  0
trying: ['factor']
me:  1
trying: ['go']
me:  0
trying: ['time']
me:  0
trying: ['make_subplots']
me:  0
trying: ['orig_output']
me:  2
trying: ['pd']
me:  0
trying: ['np']
me:  0
trying: ['BENCHMARKS_TO_PATHS']
me:  0
Declaring variable Path
Declaring variable px
Declaring variable go
Declaring variable time
Declaring variable make_subplots
Declaring variable pd
Declaring variable np
Declaring variable BENCHMARKS_TO_PATHS
Declaring variable df
Declaring variable benchmark_name
Declaring variable file
Declaring variable factor
Declaring variable orig_output
------------------

[0;31m---------------------------------------------------------------------------[0m
[0;31mValueError[0m                                Traceback (most recent call last)
Cell [0;32mIn[9], line 3[0m
[1;32m      1[0m df_opt [38;5;241m=[39m df
[1;32m      2[0m get_ipython()[38;5;241m.[39mrun_line_magic([38;5;124m'[39m[38;5;124mLoadCheckpoint[39m[38;5;124m'[39m, [38;5;124m'[39m[38;5;124m/scratch/jieq/pandax/dias_notebooks/kkhandekar/environmental-vs-ai-startups-india-eda/src/small_bench/checkpoints/post_cell_0.pickle[39m[38;5;124m'[39m)
[0;32m----> 3[0m [38;5;28;01massert[39;00m [43mcompare_df[49m[43m([49m[43mdf_opt[49m[43m,[49m[43m [49m[43mdf[49m[43m)[49m
[1;32m      5[0m [38;5;28;01mimport[39;00m[38;5;250m [39m[38;5;21;01mnumpy[39;00m[38;5;250m [39m[38;5;28;01mas[39;00m[38;5;250m [39m[38;5;21;01mnp[39;00m
[1;32m      6[0m [38;5;28;01mif[39;00m os[38;5;241m.[39mgetenv([38;5;124m"[39m[38;5;124mUSE_GPU[39m[38;5;124m"[39m) [38;5;241m==[39m [38;5;124m"[39m[38;5;124mTrue[39m[38;5;124m"[39m:

File [0;32m/scratch/jieq/elastic-notebook/elastic/core/common/pandas.py:121[0m, in [0;36mcompare_df[0;34m(df1, df2)[0m
[1;32m    119[0m         [38;5;28;01mraise[39;00m [38;5;167;01mValueError[39;00m([38;5;124mf[39m[38;5;124m"[39m[38;5;124mData type mismatch: Rewritten code is [39m[38;5;132;01m{[39;00mdf1[38;5;241m.[39mdtype[38;5;132;01m}[39;00m[38;5;124m and original code is [39m[38;5;132;01m{[39;00mdf2[38;5;241m.[39mdtype[38;5;132;01m}[39;00m[38;5;124m"[39m)
[1;32m    120[0m [38;5;28;01mif[39;00m hash_obj(df1[38;5;241m.[39mvalues) [38;5;241m!=[39m hash_obj(df2[38;5;241m.[39mvalues):
[0;32m--> 121[0m     [38;5;28;01mraise[39;00m [38;5;167;01mValueError[39;00m([38;5;124mf[39m[38;5;124m"[39m[38;5;124mContent of df1 and df2 do not match[39m[38;5;124m"[39m)
[1;32m    123[0m [38;5;28;01mif[39;00m hash_obj(df1[38;5;241m.[39mindex[38;5;241m.[39mvalues) [38;5;241m!=[39m hash_obj(df2[38;5;241m.[39mindex[38;5;241m.[39mvalues):
[1;32m    124[0m     [38;5;28;01mraise[39;00m [38;5;167;01mValueError[39;00m([38;5;124m"[39m[38;5;124mIndex of df1 and df2 do not match[39m[38;5;124m"[39m)

[0;31mValueError[0m: Content of df1 and df2 do not match

        <Iteration>: 3/5
    
==========Running the manager agent to decide the next step==========
Choice: repair
Reason: The rewritten code results in a runtime error. We should fix the rewritten code before attempting further optimization.
Code fixer prompt:  
        <Original Code>:
        ### cell 0 ###

benchmark_name = "environmental-vs-ai-startups-india-eda"
# load & cleanup
file = Path(BENCHMARKS_TO_PATHS[benchmark_name]).parent / "input" / "indian-startup-recognized-by-dpiit" / "Startup_Counts_Across_India.csv"
df = pd.read_csv(file)
factor = 30
df = pd.concat([df] * factor)
df.info()
        <Profiling data>:
                 Function  GPU calls  CPU calls
0        read_csv          1          0
1          concat          1          0
2  DataFrame.info          1          0
        <Execution time>: 1310.0
        <Active Vars>: ['df']
        <Future Vars>: []
        <Rewritten Code>:
        ### cell 0 ###
benchmark_name = "environmental-vs-ai-startups-india-eda"
file = (
    Path(BENCHMARKS_TO_PATHS[benchmark_name])
    .parent
    / "input"
    / "indian-startup-recognized-by-dpiit"
    / "Startup_Counts_Across_India.csv"
)
df = pd.read_csv(file)
factor = 30
# use a vectorized repeat on the index instead of concat to replicate the rows
df = df.loc[df.index.repeat(factor)].reset_index(drop=True)
df.info()
        <Profiling data>:
        None
        <Execution time>: inf
        <Execution output>: The rewritten code resulted in a runtime error. An error occurred while executing the following cell:
------------------
df_opt = df
%LoadCheckpoint /scratch/jieq/pandax/dias_notebooks/kkhandekar/environmental-vs-ai-startups-india-eda/src/small_bench/checkpoints/post_cell_0.pickle
assert compare_df(df_opt, df)

import numpy as np
if os.getenv("USE_GPU") == "True":
    import cudf
from elastic.core.common.pandas import is_type_styler
is_orig_output_pd = isinstance(orig_output, (pd.Series, pd.DataFrame, pd.Index))
is_opt_output_pd = isinstance(opt_output, (pd.Series, pd.DataFrame, pd.Index))
if os.getenv("USE_GPU") == "True":
    is_orig_output_array = isinstance(orig_output, (cudf.pandas._wrappers.numpy.ndarray, np.ndarray))
    is_opt_output_array = isinstance(opt_output, (cudf.pandas._wrappers.numpy.ndarray, np.ndarray))
else:
    is_orig_output_array = isinstance(orig_output, np.ndarray)
    is_opt_output_array = isinstance(opt_output, np.ndarray)

is_orig_output_styler = is_type_styler(type(orig_output))
is_opt_output_styler = is_type_styler(type(opt_output))
if is_orig_output_styler and is_opt_output_styler:
    assert orig_output.to_html() == opt_output.to_html()
elif is_orig_output_styler:
    assert orig_output.to_html() == opt_output.to_html()
elif is_opt_output_styler:
    assert opt_output.to_html() == orig_output

if is_orig_output_pd and is_opt_output_pd:
    assert orig_output.equals(opt_output)
# TODO(jie): this is a hack.
elif ((is_orig_output_pd or is_opt_output_pd) and (is_orig_output_array or is_opt_output_array)) or (is_orig_output_array and is_opt_output_array):
    assert list(orig_output) == list(opt_output)
else:
    assert orig_output == opt_output

------------------

----- stdout -----
trying: ['df']
me:  1
trying: ['benchmark_name']
me:  1
trying: ['Path']
me:  0
trying: ['file']
me:  1
trying: ['px']
me:  0
trying: ['factor']
me:  1
trying: ['go']
me:  0
trying: ['time']
me:  0
trying: ['make_subplots']
me:  0
trying: ['orig_output']
me:  2
trying: ['pd']
me:  0
trying: ['np']
me:  0
trying: ['BENCHMARKS_TO_PATHS']
me:  0
Declaring variable Path
Declaring variable px
Declaring variable go
Declaring variable time
Declaring variable make_subplots
Declaring variable pd
Declaring variable np
Declaring variable BENCHMARKS_TO_PATHS
Declaring variable df
Declaring variable benchmark_name
Declaring variable file
Declaring variable factor
Declaring variable orig_output
------------------

[0;31m---------------------------------------------------------------------------[0m
[0;31mValueError[0m                                Traceback (most recent call last)
Cell [0;32mIn[9], line 3[0m
[1;32m      1[0m df_opt [38;5;241m=[39m df
[1;32m      2[0m get_ipython()[38;5;241m.[39mrun_line_magic([38;5;124m'[39m[38;5;124mLoadCheckpoint[39m[38;5;124m'[39m, [38;5;124m'[39m[38;5;124m/scratch/jieq/pandax/dias_notebooks/kkhandekar/environmental-vs-ai-startups-india-eda/src/small_bench/checkpoints/post_cell_0.pickle[39m[38;5;124m'[39m)
[0;32m----> 3[0m [38;5;28;01massert[39;00m [43mcompare_df[49m[43m([49m[43mdf_opt[49m[43m,[49m[43m [49m[43mdf[49m[43m)[49m
[1;32m      5[0m [38;5;28;01mimport[39;00m[38;5;250m [39m[38;5;21;01mnumpy[39;00m[38;5;250m [39m[38;5;28;01mas[39;00m[38;5;250m [39m[38;5;21;01mnp[39;00m
[1;32m      6[0m [38;5;28;01mif[39;00m os[38;5;241m.[39mgetenv([38;5;124m"[39m[38;5;124mUSE_GPU[39m[38;5;124m"[39m) [38;5;241m==[39m [38;5;124m"[39m[38;5;124mTrue[39m[38;5;124m"[39m:

File [0;32m/scratch/jieq/elastic-notebook/elastic/core/common/pandas.py:121[0m, in [0;36mcompare_df[0;34m(df1, df2)[0m
[1;32m    119[0m         [38;5;28;01mraise[39;00m [38;5;167;01mValueError[39;00m([38;5;124mf[39m[38;5;124m"[39m[38;5;124mData type mismatch: Rewritten code is [39m[38;5;132;01m{[39;00mdf1[38;5;241m.[39mdtype[38;5;132;01m}[39;00m[38;5;124m and original code is [39m[38;5;132;01m{[39;00mdf2[38;5;241m.[39mdtype[38;5;132;01m}[39;00m[38;5;124m"[39m)
[1;32m    120[0m [38;5;28;01mif[39;00m hash_obj(df1[38;5;241m.[39mvalues) [38;5;241m!=[39m hash_obj(df2[38;5;241m.[39mvalues):
[0;32m--> 121[0m     [38;5;28;01mraise[39;00m [38;5;167;01mValueError[39;00m([38;5;124mf[39m[38;5;124m"[39m[38;5;124mContent of df1 and df2 do not match[39m[38;5;124m"[39m)
[1;32m    123[0m [38;5;28;01mif[39;00m hash_obj(df1[38;5;241m.[39mindex[38;5;241m.[39mvalues) [38;5;241m!=[39m hash_obj(df2[38;5;241m.[39mindex[38;5;241m.[39mvalues):
[1;32m    124[0m     [38;5;28;01mraise[39;00m [38;5;167;01mValueError[39;00m([38;5;124m"[39m[38;5;124mIndex of df1 and df2 do not match[39m[38;5;124m"[39m)

[0;31mValueError[0m: Content of df1 and df2 do not match

        <Iteration>: 3/5
    
Repairing the last generated code
Code: ### cell 0 ###
benchmark_name = "environmental-vs-ai-startups-india-eda"
file = (
    Path(BENCHMARKS_TO_PATHS[benchmark_name])
    .parent
    / "input"
    / "indian-startup-recognized-by-dpiit"
    / "Startup_Counts_Across_India.csv"
)
# read into a cudf-backed DataFrame via pandas API
df = pd.read_csv(file)
factor = 30
# vectorized row duplication using iloc + index.repeat preserves both values and duplicate indices exactly
df = df.iloc[df.index.repeat(factor)]
# mirror original call
df.info()
Reason: Replacing the concat (or loc+reset_index) with iloc on a repeated index list replicates rows in a single GPU operation and keeps the duplicated index labels so that both the data and index match the original `pd.concat([df]*factor)` output, satisfying the assertion.
Parsed response: ### cell 0 ###
benchmark_name = "environmental-vs-ai-startups-india-eda"
file = (
    Path(BENCHMARKS_TO_PATHS[benchmark_name])
    .parent
    / "input"
    / "indian-startup-recognized-by-dpiit"
    / "Startup_Counts_Across_India.csv"
)
# read into a cudf-backed DataFrame via pandas API
df = pd.read_csv(file)
factor = 30
# vectorized row duplication using iloc + index.repeat preserves both values and duplicate indices exactly
df = df.iloc[df.index.repeat(factor)]
# mirror original call
df.info()
Try 2: calling rewrite agent for cell 0 took 32.81073021888733 seconds.
Executing rewritten code... ### cell 0 ###
benchmark_name = "environmental-vs-ai-startups-india-eda"
file = (
    Path(BENCHMARKS_TO_PATHS[benchmark_name])
    .parent
    / "input"
    / "indian-startup-recognized-by-dpiit"
    / "Startup_Counts_Across_India.csv"
)
# read into a cudf-backed DataFrame via pandas API
df = pd.read_csv(file)
factor = 30
# vectorized row duplication using iloc + index.repeat preserves both values and duplicate indices exactly
df = df.iloc[df.index.repeat(factor)]
# mirror original call
df.info()
Running rewritten cell notebook
An unexpected error occurred An error occurred while executing the following cell:
------------------
df_opt = df
%LoadCheckpoint /scratch/jieq/pandax/dias_notebooks/kkhandekar/environmental-vs-ai-startups-india-eda/src/small_bench/checkpoints/post_cell_0.pickle
assert compare_df(df_opt, df)

import numpy as np
if os.getenv("USE_GPU") == "True":
    import cudf
from elastic.core.common.pandas import is_type_styler
is_orig_output_pd = isinstance(orig_output, (pd.Series, pd.DataFrame, pd.Index))
is_opt_output_pd = isinstance(opt_output, (pd.Series, pd.DataFrame, pd.Index))
if os.getenv("USE_GPU") == "True":
    is_orig_output_array = isinstance(orig_output, (cudf.pandas._wrappers.numpy.ndarray, np.ndarray))
    is_opt_output_array = isinstance(opt_output, (cudf.pandas._wrappers.numpy.ndarray, np.ndarray))
else:
    is_orig_output_array = isinstance(orig_output, np.ndarray)
    is_opt_output_array = isinstance(opt_output, np.ndarray)

is_orig_output_styler = is_type_styler(type(orig_output))
is_opt_output_styler = is_type_styler(type(opt_output))
if is_orig_output_styler and is_opt_output_styler:
    assert orig_output.to_html() == opt_output.to_html()
elif is_orig_output_styler:
    assert orig_output.to_html() == opt_output.to_html()
elif is_opt_output_styler:
    assert opt_output.to_html() == orig_output

if is_orig_output_pd and is_opt_output_pd:
    assert orig_output.equals(opt_output)
# TODO(jie): this is a hack.
elif ((is_orig_output_pd or is_opt_output_pd) and (is_orig_output_array or is_opt_output_array)) or (is_orig_output_array and is_opt_output_array):
    assert list(orig_output) == list(opt_output)
else:
    assert orig_output == opt_output

------------------

----- stdout -----
trying: ['df']
me:  1
trying: ['benchmark_name']
me:  1
trying: ['Path']
me:  0
trying: ['file']
me:  1
trying: ['px']
me:  0
trying: ['factor']
me:  1
trying: ['go']
me:  0
trying: ['time']
me:  0
trying: ['make_subplots']
me:  0
trying: ['orig_output']
me:  2
trying: ['pd']
me:  0
trying: ['np']
me:  0
trying: ['BENCHMARKS_TO_PATHS']
me:  0
Declaring variable Path
Declaring variable px
Declaring variable go
Declaring variable time
Declaring variable make_subplots
Declaring variable pd
Declaring variable np
Declaring variable BENCHMARKS_TO_PATHS
Declaring variable df
Declaring variable benchmark_name
Declaring variable file
Declaring variable factor
Declaring variable orig_output
------------------

[0;31m---------------------------------------------------------------------------[0m
[0;31mValueError[0m                                Traceback (most recent call last)
Cell [0;32mIn[9], line 3[0m
[1;32m      1[0m df_opt [38;5;241m=[39m df
[1;32m      2[0m get_ipython()[38;5;241m.[39mrun_line_magic([38;5;124m'[39m[38;5;124mLoadCheckpoint[39m[38;5;124m'[39m, [38;5;124m'[39m[38;5;124m/scratch/jieq/pandax/dias_notebooks/kkhandekar/environmental-vs-ai-startups-india-eda/src/small_bench/checkpoints/post_cell_0.pickle[39m[38;5;124m'[39m)
[0;32m----> 3[0m [38;5;28;01massert[39;00m [43mcompare_df[49m[43m([49m[43mdf_opt[49m[43m,[49m[43m [49m[43mdf[49m[43m)[49m
[1;32m      5[0m [38;5;28;01mimport[39;00m[38;5;250m [39m[38;5;21;01mnumpy[39;00m[38;5;250m [39m[38;5;28;01mas[39;00m[38;5;250m [39m[38;5;21;01mnp[39;00m
[1;32m      6[0m [38;5;28;01mif[39;00m os[38;5;241m.[39mgetenv([38;5;124m"[39m[38;5;124mUSE_GPU[39m[38;5;124m"[39m) [38;5;241m==[39m [38;5;124m"[39m[38;5;124mTrue[39m[38;5;124m"[39m:

File [0;32m/scratch/jieq/elastic-notebook/elastic/core/common/pandas.py:121[0m, in [0;36mcompare_df[0;34m(df1, df2)[0m
[1;32m    119[0m         [38;5;28;01mraise[39;00m [38;5;167;01mValueError[39;00m([38;5;124mf[39m[38;5;124m"[39m[38;5;124mData type mismatch: Rewritten code is [39m[38;5;132;01m{[39;00mdf1[38;5;241m.[39mdtype[38;5;132;01m}[39;00m[38;5;124m and original code is [39m[38;5;132;01m{[39;00mdf2[38;5;241m.[39mdtype[38;5;132;01m}[39;00m[38;5;124m"[39m)
[1;32m    120[0m [38;5;28;01mif[39;00m hash_obj(df1[38;5;241m.[39mvalues) [38;5;241m!=[39m hash_obj(df2[38;5;241m.[39mvalues):
[0;32m--> 121[0m     [38;5;28;01mraise[39;00m [38;5;167;01mValueError[39;00m([38;5;124mf[39m[38;5;124m"[39m[38;5;124mContent of df1 and df2 do not match[39m[38;5;124m"[39m)
[1;32m    123[0m [38;5;28;01mif[39;00m hash_obj(df1[38;5;241m.[39mindex[38;5;241m.[39mvalues) [38;5;241m!=[39m hash_obj(df2[38;5;241m.[39mindex[38;5;241m.[39mvalues):
[1;32m    124[0m     [38;5;28;01mraise[39;00m [38;5;167;01mValueError[39;00m([38;5;124m"[39m[38;5;124mIndex of df1 and df2 do not match[39m[38;5;124m"[39m)

[0;31mValueError[0m: Content of df1 and df2 do not match

Rewritten time: inf ms
Checkpointing the rewritten cell for small notebook...
========================================================
Rewriting cell 0... Try 3... 
Manager agent prompt:  
        <Original Code>:
        ### cell 0 ###

benchmark_name = "environmental-vs-ai-startups-india-eda"
# load & cleanup
file = Path(BENCHMARKS_TO_PATHS[benchmark_name]).parent / "input" / "indian-startup-recognized-by-dpiit" / "Startup_Counts_Across_India.csv"
df = pd.read_csv(file)
factor = 30
df = pd.concat([df] * factor)
df.info()
        <Profiling data>:
                 Function  GPU calls  CPU calls
0        read_csv          1          0
1          concat          1          0
2  DataFrame.info          1          0
        <Execution time>: 1310.0
        <Active Vars>: ['df']
        <Future Vars>: []
        <Rewritten Code>:
        ### cell 0 ###
benchmark_name = "environmental-vs-ai-startups-india-eda"
file = (
    Path(BENCHMARKS_TO_PATHS[benchmark_name])
    .parent
    / "input"
    / "indian-startup-recognized-by-dpiit"
    / "Startup_Counts_Across_India.csv"
)
# read into a cudf-backed DataFrame via pandas API
df = pd.read_csv(file)
factor = 30
# vectorized row duplication using iloc + index.repeat preserves both values and duplicate indices exactly
df = df.iloc[df.index.repeat(factor)]
# mirror original call
df.info()
        <Profiling data>:
        None
        <Execution time>: inf
        <Execution output>: The rewritten code resulted in a runtime error. An error occurred while executing the following cell:
------------------
df_opt = df
%LoadCheckpoint /scratch/jieq/pandax/dias_notebooks/kkhandekar/environmental-vs-ai-startups-india-eda/src/small_bench/checkpoints/post_cell_0.pickle
assert compare_df(df_opt, df)

import numpy as np
if os.getenv("USE_GPU") == "True":
    import cudf
from elastic.core.common.pandas import is_type_styler
is_orig_output_pd = isinstance(orig_output, (pd.Series, pd.DataFrame, pd.Index))
is_opt_output_pd = isinstance(opt_output, (pd.Series, pd.DataFrame, pd.Index))
if os.getenv("USE_GPU") == "True":
    is_orig_output_array = isinstance(orig_output, (cudf.pandas._wrappers.numpy.ndarray, np.ndarray))
    is_opt_output_array = isinstance(opt_output, (cudf.pandas._wrappers.numpy.ndarray, np.ndarray))
else:
    is_orig_output_array = isinstance(orig_output, np.ndarray)
    is_opt_output_array = isinstance(opt_output, np.ndarray)

is_orig_output_styler = is_type_styler(type(orig_output))
is_opt_output_styler = is_type_styler(type(opt_output))
if is_orig_output_styler and is_opt_output_styler:
    assert orig_output.to_html() == opt_output.to_html()
elif is_orig_output_styler:
    assert orig_output.to_html() == opt_output.to_html()
elif is_opt_output_styler:
    assert opt_output.to_html() == orig_output

if is_orig_output_pd and is_opt_output_pd:
    assert orig_output.equals(opt_output)
# TODO(jie): this is a hack.
elif ((is_orig_output_pd or is_opt_output_pd) and (is_orig_output_array or is_opt_output_array)) or (is_orig_output_array and is_opt_output_array):
    assert list(orig_output) == list(opt_output)
else:
    assert orig_output == opt_output

------------------

----- stdout -----
trying: ['df']
me:  1
trying: ['benchmark_name']
me:  1
trying: ['Path']
me:  0
trying: ['file']
me:  1
trying: ['px']
me:  0
trying: ['factor']
me:  1
trying: ['go']
me:  0
trying: ['time']
me:  0
trying: ['make_subplots']
me:  0
trying: ['orig_output']
me:  2
trying: ['pd']
me:  0
trying: ['np']
me:  0
trying: ['BENCHMARKS_TO_PATHS']
me:  0
Declaring variable Path
Declaring variable px
Declaring variable go
Declaring variable time
Declaring variable make_subplots
Declaring variable pd
Declaring variable np
Declaring variable BENCHMARKS_TO_PATHS
Declaring variable df
Declaring variable benchmark_name
Declaring variable file
Declaring variable factor
Declaring variable orig_output
------------------

[0;31m---------------------------------------------------------------------------[0m
[0;31mValueError[0m                                Traceback (most recent call last)
Cell [0;32mIn[9], line 3[0m
[1;32m      1[0m df_opt [38;5;241m=[39m df
[1;32m      2[0m get_ipython()[38;5;241m.[39mrun_line_magic([38;5;124m'[39m[38;5;124mLoadCheckpoint[39m[38;5;124m'[39m, [38;5;124m'[39m[38;5;124m/scratch/jieq/pandax/dias_notebooks/kkhandekar/environmental-vs-ai-startups-india-eda/src/small_bench/checkpoints/post_cell_0.pickle[39m[38;5;124m'[39m)
[0;32m----> 3[0m [38;5;28;01massert[39;00m [43mcompare_df[49m[43m([49m[43mdf_opt[49m[43m,[49m[43m [49m[43mdf[49m[43m)[49m
[1;32m      5[0m [38;5;28;01mimport[39;00m[38;5;250m [39m[38;5;21;01mnumpy[39;00m[38;5;250m [39m[38;5;28;01mas[39;00m[38;5;250m [39m[38;5;21;01mnp[39;00m
[1;32m      6[0m [38;5;28;01mif[39;00m os[38;5;241m.[39mgetenv([38;5;124m"[39m[38;5;124mUSE_GPU[39m[38;5;124m"[39m) [38;5;241m==[39m [38;5;124m"[39m[38;5;124mTrue[39m[38;5;124m"[39m:

File [0;32m/scratch/jieq/elastic-notebook/elastic/core/common/pandas.py:121[0m, in [0;36mcompare_df[0;34m(df1, df2)[0m
[1;32m    119[0m         [38;5;28;01mraise[39;00m [38;5;167;01mValueError[39;00m([38;5;124mf[39m[38;5;124m"[39m[38;5;124mData type mismatch: Rewritten code is [39m[38;5;132;01m{[39;00mdf1[38;5;241m.[39mdtype[38;5;132;01m}[39;00m[38;5;124m and original code is [39m[38;5;132;01m{[39;00mdf2[38;5;241m.[39mdtype[38;5;132;01m}[39;00m[38;5;124m"[39m)
[1;32m    120[0m [38;5;28;01mif[39;00m hash_obj(df1[38;5;241m.[39mvalues) [38;5;241m!=[39m hash_obj(df2[38;5;241m.[39mvalues):
[0;32m--> 121[0m     [38;5;28;01mraise[39;00m [38;5;167;01mValueError[39;00m([38;5;124mf[39m[38;5;124m"[39m[38;5;124mContent of df1 and df2 do not match[39m[38;5;124m"[39m)
[1;32m    123[0m [38;5;28;01mif[39;00m hash_obj(df1[38;5;241m.[39mindex[38;5;241m.[39mvalues) [38;5;241m!=[39m hash_obj(df2[38;5;241m.[39mindex[38;5;241m.[39mvalues):
[1;32m    124[0m     [38;5;28;01mraise[39;00m [38;5;167;01mValueError[39;00m([38;5;124m"[39m[38;5;124mIndex of df1 and df2 do not match[39m[38;5;124m"[39m)

[0;31mValueError[0m: Content of df1 and df2 do not match

        <Iteration>: 4/5
    
==========Running the manager agent to decide the next step==========
Choice: repair
Reason: The rewritten code resulted in a runtime error indicating a mismatch in content between the original and rewritten DataFrames. Since there is one iteration left, it's best to attempt to fix the errors in the rewritten code rather than starting anew.
Code fixer prompt:  
        <Original Code>:
        ### cell 0 ###

benchmark_name = "environmental-vs-ai-startups-india-eda"
# load & cleanup
file = Path(BENCHMARKS_TO_PATHS[benchmark_name]).parent / "input" / "indian-startup-recognized-by-dpiit" / "Startup_Counts_Across_India.csv"
df = pd.read_csv(file)
factor = 30
df = pd.concat([df] * factor)
df.info()
        <Profiling data>:
                 Function  GPU calls  CPU calls
0        read_csv          1          0
1          concat          1          0
2  DataFrame.info          1          0
        <Execution time>: 1310.0
        <Active Vars>: ['df']
        <Future Vars>: []
        <Rewritten Code>:
        ### cell 0 ###
benchmark_name = "environmental-vs-ai-startups-india-eda"
file = (
    Path(BENCHMARKS_TO_PATHS[benchmark_name])
    .parent
    / "input"
    / "indian-startup-recognized-by-dpiit"
    / "Startup_Counts_Across_India.csv"
)
# read into a cudf-backed DataFrame via pandas API
df = pd.read_csv(file)
factor = 30
# vectorized row duplication using iloc + index.repeat preserves both values and duplicate indices exactly
df = df.iloc[df.index.repeat(factor)]
# mirror original call
df.info()
        <Profiling data>:
        None
        <Execution time>: inf
        <Execution output>: The rewritten code resulted in a runtime error. An error occurred while executing the following cell:
------------------
df_opt = df
%LoadCheckpoint /scratch/jieq/pandax/dias_notebooks/kkhandekar/environmental-vs-ai-startups-india-eda/src/small_bench/checkpoints/post_cell_0.pickle
assert compare_df(df_opt, df)

import numpy as np
if os.getenv("USE_GPU") == "True":
    import cudf
from elastic.core.common.pandas import is_type_styler
is_orig_output_pd = isinstance(orig_output, (pd.Series, pd.DataFrame, pd.Index))
is_opt_output_pd = isinstance(opt_output, (pd.Series, pd.DataFrame, pd.Index))
if os.getenv("USE_GPU") == "True":
    is_orig_output_array = isinstance(orig_output, (cudf.pandas._wrappers.numpy.ndarray, np.ndarray))
    is_opt_output_array = isinstance(opt_output, (cudf.pandas._wrappers.numpy.ndarray, np.ndarray))
else:
    is_orig_output_array = isinstance(orig_output, np.ndarray)
    is_opt_output_array = isinstance(opt_output, np.ndarray)

is_orig_output_styler = is_type_styler(type(orig_output))
is_opt_output_styler = is_type_styler(type(opt_output))
if is_orig_output_styler and is_opt_output_styler:
    assert orig_output.to_html() == opt_output.to_html()
elif is_orig_output_styler:
    assert orig_output.to_html() == opt_output.to_html()
elif is_opt_output_styler:
    assert opt_output.to_html() == orig_output

if is_orig_output_pd and is_opt_output_pd:
    assert orig_output.equals(opt_output)
# TODO(jie): this is a hack.
elif ((is_orig_output_pd or is_opt_output_pd) and (is_orig_output_array or is_opt_output_array)) or (is_orig_output_array and is_opt_output_array):
    assert list(orig_output) == list(opt_output)
else:
    assert orig_output == opt_output

------------------

----- stdout -----
trying: ['df']
me:  1
trying: ['benchmark_name']
me:  1
trying: ['Path']
me:  0
trying: ['file']
me:  1
trying: ['px']
me:  0
trying: ['factor']
me:  1
trying: ['go']
me:  0
trying: ['time']
me:  0
trying: ['make_subplots']
me:  0
trying: ['orig_output']
me:  2
trying: ['pd']
me:  0
trying: ['np']
me:  0
trying: ['BENCHMARKS_TO_PATHS']
me:  0
Declaring variable Path
Declaring variable px
Declaring variable go
Declaring variable time
Declaring variable make_subplots
Declaring variable pd
Declaring variable np
Declaring variable BENCHMARKS_TO_PATHS
Declaring variable df
Declaring variable benchmark_name
Declaring variable file
Declaring variable factor
Declaring variable orig_output
------------------

[0;31m---------------------------------------------------------------------------[0m
[0;31mValueError[0m                                Traceback (most recent call last)
Cell [0;32mIn[9], line 3[0m
[1;32m      1[0m df_opt [38;5;241m=[39m df
[1;32m      2[0m get_ipython()[38;5;241m.[39mrun_line_magic([38;5;124m'[39m[38;5;124mLoadCheckpoint[39m[38;5;124m'[39m, [38;5;124m'[39m[38;5;124m/scratch/jieq/pandax/dias_notebooks/kkhandekar/environmental-vs-ai-startups-india-eda/src/small_bench/checkpoints/post_cell_0.pickle[39m[38;5;124m'[39m)
[0;32m----> 3[0m [38;5;28;01massert[39;00m [43mcompare_df[49m[43m([49m[43mdf_opt[49m[43m,[49m[43m [49m[43mdf[49m[43m)[49m
[1;32m      5[0m [38;5;28;01mimport[39;00m[38;5;250m [39m[38;5;21;01mnumpy[39;00m[38;5;250m [39m[38;5;28;01mas[39;00m[38;5;250m [39m[38;5;21;01mnp[39;00m
[1;32m      6[0m [38;5;28;01mif[39;00m os[38;5;241m.[39mgetenv([38;5;124m"[39m[38;5;124mUSE_GPU[39m[38;5;124m"[39m) [38;5;241m==[39m [38;5;124m"[39m[38;5;124mTrue[39m[38;5;124m"[39m:

File [0;32m/scratch/jieq/elastic-notebook/elastic/core/common/pandas.py:121[0m, in [0;36mcompare_df[0;34m(df1, df2)[0m
[1;32m    119[0m         [38;5;28;01mraise[39;00m [38;5;167;01mValueError[39;00m([38;5;124mf[39m[38;5;124m"[39m[38;5;124mData type mismatch: Rewritten code is [39m[38;5;132;01m{[39;00mdf1[38;5;241m.[39mdtype[38;5;132;01m}[39;00m[38;5;124m and original code is [39m[38;5;132;01m{[39;00mdf2[38;5;241m.[39mdtype[38;5;132;01m}[39;00m[38;5;124m"[39m)
[1;32m    120[0m [38;5;28;01mif[39;00m hash_obj(df1[38;5;241m.[39mvalues) [38;5;241m!=[39m hash_obj(df2[38;5;241m.[39mvalues):
[0;32m--> 121[0m     [38;5;28;01mraise[39;00m [38;5;167;01mValueError[39;00m([38;5;124mf[39m[38;5;124m"[39m[38;5;124mContent of df1 and df2 do not match[39m[38;5;124m"[39m)
[1;32m    123[0m [38;5;28;01mif[39;00m hash_obj(df1[38;5;241m.[39mindex[38;5;241m.[39mvalues) [38;5;241m!=[39m hash_obj(df2[38;5;241m.[39mindex[38;5;241m.[39mvalues):
[1;32m    124[0m     [38;5;28;01mraise[39;00m [38;5;167;01mValueError[39;00m([38;5;124m"[39m[38;5;124mIndex of df1 and df2 do not match[39m[38;5;124m"[39m)

[0;31mValueError[0m: Content of df1 and df2 do not match

        <Iteration>: 4/5
    
Repairing the last generated code
Code: ### cell 0 ###
benchmark_name = "environmental-vs-ai-startups-india-eda"
file = (
    Path(BENCHMARKS_TO_PATHS[benchmark_name])
    .parent
    / "input"
    / "indian-startup-recognized-by-dpiit"
    / "Startup_Counts_Across_India.csv"
)
# read into a cudf-backed DataFrame via pandas API
df = pd.read_csv(file)
factor = 30
# revert to pd.concat to preserve original row order and duplicate indices exactly
df = pd.concat([df] * factor)
# mirror original call
df.info()
Reason: Using df.iloc[df.index.repeat(factor)] changed the row ordering (grouping by original row instead of stacking full copies), so compare_df fails. Reverting to pd.concat([df] * factor) exactly matches the original concat behavior and satisfies the assertion.
Parsed response: ### cell 0 ###
benchmark_name = "environmental-vs-ai-startups-india-eda"
file = (
    Path(BENCHMARKS_TO_PATHS[benchmark_name])
    .parent
    / "input"
    / "indian-startup-recognized-by-dpiit"
    / "Startup_Counts_Across_India.csv"
)
# read into a cudf-backed DataFrame via pandas API
df = pd.read_csv(file)
factor = 30
# revert to pd.concat to preserve original row order and duplicate indices exactly
df = pd.concat([df] * factor)
# mirror original call
df.info()
Try 3: calling rewrite agent for cell 0 took 17.350347757339478 seconds.
Executing rewritten code... ### cell 0 ###
benchmark_name = "environmental-vs-ai-startups-india-eda"
file = (
    Path(BENCHMARKS_TO_PATHS[benchmark_name])
    .parent
    / "input"
    / "indian-startup-recognized-by-dpiit"
    / "Startup_Counts_Across_India.csv"
)
# read into a cudf-backed DataFrame via pandas API
df = pd.read_csv(file)
factor = 30
# revert to pd.concat to preserve original row order and duplicate indices exactly
df = pd.concat([df] * factor)
# mirror original call
df.info()
Running rewritten cell notebook
Finished executing the rewritten code.
Try 3: executing the rewritten code for cell 0 took 8.525044918060303 seconds.
Rewritten time: 1310.0 ms
Checkpointing the rewritten cell for small notebook...
The rewritten code is correct. Profiling cudf...
Try 3: cudf profiling the rewritten code for cell 0 took 6.711694717407227 seconds.
gpu_calls_orig_perc: 1.0, gpu_calls_opt_perc: 1.0
orig_time: 1310.0, opt_time: 1310.0
Both the call ratio and the time are better.
Rewritten code took 1310.0ms. The previous fastest solution took 1310.0ms.
Previous best solution num GPU and CPU calls:  3 0
New solution num GPU and CPU calls:  3 0
Accepted the rewritten code.
Setting best_rewritten_post_checkpoint_path to  /scratch/jieq/pandax/dias_notebooks/kkhandekar/environmental-vs-ai-startups-india-eda/src/rewritten/o4_mini_high_small/checkpoints/post_cell_0_try_3.pickle
========================================================
Rewriting cell 0... Try 4... 
Manager agent prompt:  
        <Original Code>:
        ### cell 0 ###

benchmark_name = "environmental-vs-ai-startups-india-eda"
# load & cleanup
file = Path(BENCHMARKS_TO_PATHS[benchmark_name]).parent / "input" / "indian-startup-recognized-by-dpiit" / "Startup_Counts_Across_India.csv"
df = pd.read_csv(file)
factor = 30
df = pd.concat([df] * factor)
df.info()
        <Profiling data>:
                 Function  GPU calls  CPU calls
0        read_csv          1          0
1          concat          1          0
2  DataFrame.info          1          0
        <Execution time>: 1310.0
        <Active Vars>: ['df']
        <Future Vars>: []
        <Rewritten Code>:
        ### cell 0 ###
benchmark_name = "environmental-vs-ai-startups-india-eda"
file = (
    Path(BENCHMARKS_TO_PATHS[benchmark_name])
    .parent
    / "input"
    / "indian-startup-recognized-by-dpiit"
    / "Startup_Counts_Across_India.csv"
)
# read into a cudf-backed DataFrame via pandas API
df = pd.read_csv(file)
factor = 30
# revert to pd.concat to preserve original row order and duplicate indices exactly
df = pd.concat([df] * factor)
# mirror original call
df.info()
        <Profiling data>:
                 Function  GPU calls  CPU calls
0        read_csv          1          0
1          concat          1          0
2  DataFrame.info          1          0
        <Execution time>: 1310.0
        <Execution output>: Rewritten time: 1310.0 ms
Original time: 1310.0 ms
        <Iteration>: 5/5
    
==========Running the manager agent to decide the next step==========
Choice: done
Reason: The rewritten code matches the original execution time, indicating that further optimization will not reduce the time. Additionally, the purpose of the code in providing information with `df.info()` limits optimization opportunities.
Code is already optimized
Try 4: calling rewrite agent for cell 0 took 1.0126864910125732 seconds.
========================================================
After rewriting cell  0
Rewritten post-checkpoint path: /scratch/jieq/pandax/dias_notebooks/kkhandekar/environmental-vs-ai-startups-india-eda/src/rewritten/o4_mini_high_small/checkpoints/post_cell_0_try_3.pickle
========================================================
Cell 0 rewriting took 136.02403807640076 seconds.
Getting original timing for cell 1
Original time for cell 1 took 7.704029560089111 seconds.
Setting initially best_rewritten_post_checkpoint_path:  /scratch/jieq/pandax/dias_notebooks/kkhandekar/environmental-vs-ai-startups-india-eda/src/small_bench/checkpoints/post_cell_1.pickle
========================================================
Rewriting cell 1... Try 0... 
Manager agent prompt:  
        <Original Code>:
        ### cell 1 ###

df.drop("S No.", axis=1, inplace=True)
df.dropna(inplace=True)
df.reset_index(inplace=True, drop=True)

# view
df.head()
        <Profiling data>:
                        Function  GPU calls  CPU calls
0         DataFrame.drop          1          0
1       DataFrame.dropna          1          0
2  DataFrame.reset_index          1          0
3           NDFrame.head          1          0
4     DataFrame.__repr__          1          0

        <Execution time>: 2.39
        <Active vars>: ['df']

        <Future vars>: []

        <Iteration>: 1/5
    
==========Running the manager agent to decide the next step==========
Choice: new
Reason: The current code doesn't use any GPU acceleration or specific optimization techniques beyond basic Pandas operations. We should try to optimize the original code for potential performance improvements, especially considering there are multiple iterations left.
Generating new code from the original code
Prompt: 
        <Original Code>:
        ### cell 1 ###

df.drop("S No.", axis=1, inplace=True)
df.dropna(inplace=True)
df.reset_index(inplace=True, drop=True)

# view
df.head()
        <Profiling data>:
                        Function  GPU calls  CPU calls
0         DataFrame.drop          1          0
1       DataFrame.dropna          1          0
2  DataFrame.reset_index          1          0
3           NDFrame.head          1          0
4     DataFrame.__repr__          1          0

        <Execution time>: 2.39
        <Active vars>: ['df']

        <Future vars>: []

        <Iteration>: 1/5
    
Code: done
Reason: All operations (drop, dropna, reset_index, head) are already executed on the GPU via cudf.pandas, and there are no CPU-bound steps to optimize in this cell.
No Modifications made to the original code
Try 0: calling rewrite agent for cell 1 took 4.797574281692505 seconds.
There is no need to rewrite the cell.
Could not rewrite the cell. Continuing to next cell...
========================================================
After rewriting cell  1
Rewritten post-checkpoint path: /scratch/jieq/pandax/dias_notebooks/kkhandekar/environmental-vs-ai-startups-india-eda/src/small_bench/checkpoints/post_cell_1.pickle
========================================================
Cell 1 rewriting took 12.504687786102295 seconds.
Getting original timing for cell 2
Original time for cell 2 took 7.9248948097229 seconds.
Setting initially best_rewritten_post_checkpoint_path:  /scratch/jieq/pandax/dias_notebooks/kkhandekar/environmental-vs-ai-startups-india-eda/src/small_bench/checkpoints/post_cell_2.pickle
========================================================
Rewriting cell 2... Try 0... 
Manager agent prompt:  
        <Original Code>:
        ### cell 2 ###

# Industry sub-categories for environmental & AI startups
env = ["Agriculture", "Green Technology", "Renewable Energy", "Waste Management"]
ai = ["AI", "Robotics", "Computer Vision"]

# combined df - environmental & AI startups only
df_ea = df.loc[(df["Industry"].isin(env)) | (df["Industry"].isin(ai))].reset_index(
    drop=True, inplace=False
)


# custom function to set Main Industry
def set_MainIndustry(ind):
    if ind in env:
        return "ENV"
    else:
        return "AI"


# adding a new column
df_ea["MainIndustry"] = df_ea.Industry.apply(lambda x: set_MainIndustry(x))

# basic stats
print(
    f"A total of {df_ea.shape[0]} startups were started in India between 2016 & 2022, out of which {df_ea.groupby('MainIndustry').size()['ENV']} are environmental related & {df_ea.groupby('MainIndustry').size()['AI']} are AI startups."
)
        <Profiling data>:
                                Function  GPU calls  CPU calls
0          DataFrame.__getitem__          2          0
1                    Series.isin          2          0
2                OpsMixin.__or__          1          0
3   _LocationIndexer.__getitem__          1          0
4          DataFrame.reset_index          1          0
5            NDFrame.__getattr__          1          0
6                   Series.apply          0          1
7          DataFrame.__setitem__          1          0
8                      DataFrame          1          0
9              DataFrame.groupby          2          0
10                  GroupBy.size          2          0
11            Series.__getitem__          2          0

        <Execution time>: 428.0
        <Active vars>: []

        <Future vars>: []

        <Iteration>: 1/5
    
==========Running the manager agent to decide the next step==========
Choice: new
Reason: There is no rewritten code and opportunities for optimization exist in the original code. We should attempt optimization by possibly using libraries or more efficient methods.
Generating new code from the original code
Prompt: 
        <Original Code>:
        ### cell 2 ###

# Industry sub-categories for environmental & AI startups
env = ["Agriculture", "Green Technology", "Renewable Energy", "Waste Management"]
ai = ["AI", "Robotics", "Computer Vision"]

# combined df - environmental & AI startups only
df_ea = df.loc[(df["Industry"].isin(env)) | (df["Industry"].isin(ai))].reset_index(
    drop=True, inplace=False
)


# custom function to set Main Industry
def set_MainIndustry(ind):
    if ind in env:
        return "ENV"
    else:
        return "AI"


# adding a new column
df_ea["MainIndustry"] = df_ea.Industry.apply(lambda x: set_MainIndustry(x))

# basic stats
print(
    f"A total of {df_ea.shape[0]} startups were started in India between 2016 & 2022, out of which {df_ea.groupby('MainIndustry').size()['ENV']} are environmental related & {df_ea.groupby('MainIndustry').size()['AI']} are AI startups."
)
        <Profiling data>:
                                Function  GPU calls  CPU calls
0          DataFrame.__getitem__          2          0
1                    Series.isin          2          0
2                OpsMixin.__or__          1          0
3   _LocationIndexer.__getitem__          1          0
4          DataFrame.reset_index          1          0
5            NDFrame.__getattr__          1          0
6                   Series.apply          0          1
7          DataFrame.__setitem__          1          0
8                      DataFrame          1          0
9              DataFrame.groupby          2          0
10                  GroupBy.size          2          0
11            Series.__getitem__          2          0

        <Execution time>: 428.0
        <Active vars>: []

        <Future vars>: []

        <Iteration>: 1/5
    
Code: # Industry sub-categories for environmental & AI startups
env = ["Agriculture", "Green Technology", "Renewable Energy", "Waste Management"]
ai  = ["AI", "Robotics", "Computer Vision"]

# combined df - environmental & AI startups only
df_ea = df.loc[
    df["Industry"].isin(env) | df["Industry"].isin(ai)
].reset_index(drop=True)

# build MainIndustry column with GPU‐native operations
mask_env = df_ea["Industry"].isin(env)
# initialize all as AI, then overwrite env entries
df_ea["MainIndustry"] = "AI"
df_ea.loc[mask_env, "MainIndustry"] = "ENV"

# basic stats via vectorized sums rather than groupby
total     = int(df_ea.shape[0])
env_count = int(mask_env.sum())
ai_count  = total - env_count
print(
    f"A total of {total} startups were started in India between 2016 & 2022, "
    f"out of which {env_count} are environmental related & {ai_count} are AI startups."
)
Reason: Removed the Python-level apply by constructing a boolean mask on the GPU and using .loc assignment (both cudf operations). Replaced the groupby/size calls with simple mask.sum() calls to compute counts more efficiently and entirely on the GPU.
Parsed response: # Industry sub-categories for environmental & AI startups
env = ["Agriculture", "Green Technology", "Renewable Energy", "Waste Management"]
ai  = ["AI", "Robotics", "Computer Vision"]

# combined df - environmental & AI startups only
df_ea = df.loc[
    df["Industry"].isin(env) | df["Industry"].isin(ai)
].reset_index(drop=True)

# build MainIndustry column with GPU‐native operations
mask_env = df_ea["Industry"].isin(env)
# initialize all as AI, then overwrite env entries
df_ea["MainIndustry"] = "AI"
df_ea.loc[mask_env, "MainIndustry"] = "ENV"

# basic stats via vectorized sums rather than groupby
total     = int(df_ea.shape[0])
env_count = int(mask_env.sum())
ai_count  = total - env_count
print(
    f"A total of {total} startups were started in India between 2016 & 2022, "
    f"out of which {env_count} are environmental related & {ai_count} are AI startups."
)
Try 0: calling rewrite agent for cell 2 took 14.650470733642578 seconds.
Executing rewritten code... ### cell 2 ###

# Industry sub-categories for environmental & AI startups
env = ["Agriculture", "Green Technology", "Renewable Energy", "Waste Management"]
ai  = ["AI", "Robotics", "Computer Vision"]

# combined df - environmental & AI startups only
df_ea = df.loc[
    df["Industry"].isin(env) | df["Industry"].isin(ai)
].reset_index(drop=True)

# build MainIndustry column with GPU‐native operations
mask_env = df_ea["Industry"].isin(env)
# initialize all as AI, then overwrite env entries
df_ea["MainIndustry"] = "AI"
df_ea.loc[mask_env, "MainIndustry"] = "ENV"

# basic stats via vectorized sums rather than groupby
total     = int(df_ea.shape[0])
env_count = int(mask_env.sum())
ai_count  = total - env_count
print(
    f"A total of {total} startups were started in India between 2016 & 2022, "
    f"out of which {env_count} are environmental related & {ai_count} are AI startups."
)
Running rewritten cell notebook
Finished executing the rewritten code.
Try 0: executing the rewritten code for cell 2 took 7.483128070831299 seconds.
Rewritten time: 84.8 ms
Checkpointing the rewritten cell for small notebook...
The rewritten code is correct. Profiling cudf...
Try 0: cudf profiling the rewritten code for cell 2 took 5.353084325790405 seconds.
gpu_calls_orig_perc: 0.9411764705882353, gpu_calls_opt_perc: 1.0
orig_time: 428.0, opt_time: 84.8
Both the call ratio and the time are better.
Rewritten code took 84.8ms. The previous fastest solution took 428.0ms.
Previous best solution num GPU and CPU calls:  16 1
New solution num GPU and CPU calls:  14 0
Accepted the rewritten code.
Setting best_rewritten_post_checkpoint_path to  /scratch/jieq/pandax/dias_notebooks/kkhandekar/environmental-vs-ai-startups-india-eda/src/rewritten/o4_mini_high_small/checkpoints/post_cell_2_try_0.pickle
========================================================
Rewriting cell 2... Try 1... 
Manager agent prompt:  
        <Original Code>:
        ### cell 2 ###

# Industry sub-categories for environmental & AI startups
env = ["Agriculture", "Green Technology", "Renewable Energy", "Waste Management"]
ai = ["AI", "Robotics", "Computer Vision"]

# combined df - environmental & AI startups only
df_ea = df.loc[(df["Industry"].isin(env)) | (df["Industry"].isin(ai))].reset_index(
    drop=True, inplace=False
)


# custom function to set Main Industry
def set_MainIndustry(ind):
    if ind in env:
        return "ENV"
    else:
        return "AI"


# adding a new column
df_ea["MainIndustry"] = df_ea.Industry.apply(lambda x: set_MainIndustry(x))

# basic stats
print(
    f"A total of {df_ea.shape[0]} startups were started in India between 2016 & 2022, out of which {df_ea.groupby('MainIndustry').size()['ENV']} are environmental related & {df_ea.groupby('MainIndustry').size()['AI']} are AI startups."
)
        <Profiling data>:
                                Function  GPU calls  CPU calls
0          DataFrame.__getitem__          2          0
1                    Series.isin          2          0
2                OpsMixin.__or__          1          0
3   _LocationIndexer.__getitem__          1          0
4          DataFrame.reset_index          1          0
5            NDFrame.__getattr__          1          0
6                   Series.apply          0          1
7          DataFrame.__setitem__          1          0
8                      DataFrame          1          0
9              DataFrame.groupby          2          0
10                  GroupBy.size          2          0
11            Series.__getitem__          2          0
        <Execution time>: 428.0
        <Active Vars>: []
        <Future Vars>: []
        <Rewritten Code>:
        ### cell 2 ###

# Industry sub-categories for environmental & AI startups
env = ["Agriculture", "Green Technology", "Renewable Energy", "Waste Management"]
ai  = ["AI", "Robotics", "Computer Vision"]

# combined df - environmental & AI startups only
df_ea = df.loc[
    df["Industry"].isin(env) | df["Industry"].isin(ai)
].reset_index(drop=True)

# build MainIndustry column with GPU‐native operations
mask_env = df_ea["Industry"].isin(env)
# initialize all as AI, then overwrite env entries
df_ea["MainIndustry"] = "AI"
df_ea.loc[mask_env, "MainIndustry"] = "ENV"

# basic stats via vectorized sums rather than groupby
total     = int(df_ea.shape[0])
env_count = int(mask_env.sum())
ai_count  = total - env_count
print(
    f"A total of {total} startups were started in India between 2016 & 2022, "
    f"out of which {env_count} are environmental related & {ai_count} are AI startups."
)
        <Profiling data>:
                               Function  GPU calls  CPU calls
0                     DataFrame          2          0
1         DataFrame.__getitem__          3          0
2                   Series.isin          3          0
3               OpsMixin.__or__          1          0
4  _LocationIndexer.__getitem__          1          0
5         DataFrame.reset_index          1          0
6         DataFrame.__setitem__          1          0
7  _LocationIndexer.__setitem__          1          0
8                    Series.sum          1          0
        <Execution time>: 84.8
        <Execution output>: Rewritten time: 84.8 ms
Original time: 428.0 ms
        <Iteration>: 2/5
    
==========Running the manager agent to decide the next step==========
Choice: optimize
Reason: There is a rewritten code that significantly improves execution time. Despite these improvements, further optimization opportunities might exist, such as ensuring the use of GPU-native functions and efficient memory operations, as well as exploring more efficient libraries or functions. Since there are still three iterations left, it's feasible to explore further optimization.
Code optimizer prompt:  
        <Original Code>:
        ### cell 2 ###

# Industry sub-categories for environmental & AI startups
env = ["Agriculture", "Green Technology", "Renewable Energy", "Waste Management"]
ai  = ["AI", "Robotics", "Computer Vision"]

# combined df - environmental & AI startups only
df_ea = df.loc[
    df["Industry"].isin(env) | df["Industry"].isin(ai)
].reset_index(drop=True)

# build MainIndustry column with GPU‐native operations
mask_env = df_ea["Industry"].isin(env)
# initialize all as AI, then overwrite env entries
df_ea["MainIndustry"] = "AI"
df_ea.loc[mask_env, "MainIndustry"] = "ENV"

# basic stats via vectorized sums rather than groupby
total     = int(df_ea.shape[0])
env_count = int(mask_env.sum())
ai_count  = total - env_count
print(
    f"A total of {total} startups were started in India between 2016 & 2022, "
    f"out of which {env_count} are environmental related & {ai_count} are AI startups."
)
        <Profiling data>:
                               Function  GPU calls  CPU calls
0                     DataFrame          2          0
1         DataFrame.__getitem__          3          0
2                   Series.isin          3          0
3               OpsMixin.__or__          1          0
4  _LocationIndexer.__getitem__          1          0
5         DataFrame.reset_index          1          0
6         DataFrame.__setitem__          1          0
7  _LocationIndexer.__setitem__          1          0
8                    Series.sum          1          0

        <Execution time>: 84.8
        <Active vars>: []

        <Future vars>: []

        <Iteration>: 2/5
    
Optimizing the last generated code
Parsed response: # Industry sub-categories for environmental & AI startups
env = ["Agriculture", "Green Technology", "Renewable Energy", "Waste Management"]
ai  = ["AI", "Robotics", "Computer Vision"]

# filter in one GPU‐native isin call, then reset index
ea_cats = env + ai
df_ea = df[df["Industry"].isin(ea_cats)].reset_index(drop=True)

# build MainIndustry via a single vectorized map
mapping = {**{cat: "ENV" for cat in env}, **{cat: "AI" for cat in ai}}
df_ea["MainIndustry"] = df_ea["Industry"].map(mapping)

# compute stats with GPU‐native operations
total     = int(df_ea.shape[0])
mask_env  = df_ea["MainIndustry"] == "ENV"
env_count = int(mask_env.sum())
ai_count  = total - env_count

print(
    f"A total of {total} startups were started in India between 2016 & 2022, "
    f"out of which {env_count} are environmental related & {ai_count} are AI startups."
)
Try 1: calling rewrite agent for cell 2 took 26.465211868286133 seconds.
Executing rewritten code... ### cell 2 ###

# Industry sub-categories for environmental & AI startups
env = ["Agriculture", "Green Technology", "Renewable Energy", "Waste Management"]
ai  = ["AI", "Robotics", "Computer Vision"]

# filter in one GPU‐native isin call, then reset index
ea_cats = env + ai
df_ea = df[df["Industry"].isin(ea_cats)].reset_index(drop=True)

# build MainIndustry via a single vectorized map
mapping = {**{cat: "ENV" for cat in env}, **{cat: "AI" for cat in ai}}
df_ea["MainIndustry"] = df_ea["Industry"].map(mapping)

# compute stats with GPU‐native operations
total     = int(df_ea.shape[0])
mask_env  = df_ea["MainIndustry"] == "ENV"
env_count = int(mask_env.sum())
ai_count  = total - env_count

print(
    f"A total of {total} startups were started in India between 2016 & 2022, "
    f"out of which {env_count} are environmental related & {ai_count} are AI startups."
)
Running rewritten cell notebook
Finished executing the rewritten code.
Try 1: executing the rewritten code for cell 2 took 7.168942451477051 seconds.
Rewritten time: 91.4 ms
Checkpointing the rewritten cell for small notebook...
The rewritten code is correct. Profiling cudf...
Try 1: cudf profiling the rewritten code for cell 2 took 5.570180654525757 seconds.
gpu_calls_orig_perc: 1.0, gpu_calls_opt_perc: 0.9090909090909091
orig_time: 84.8, opt_time: 91.4
Both the call ratio and the time are worse.
Rewritten code took 91.4ms. The previous fastest solution took 428.0ms.
Previous best solution num GPU and CPU calls:  14 0
New solution num GPU and CPU calls:  10 1
========================================================
Rewriting cell 2... Try 2... 
Manager agent prompt:  
        <Original Code>:
        ### cell 2 ###

# Industry sub-categories for environmental & AI startups
env = ["Agriculture", "Green Technology", "Renewable Energy", "Waste Management"]
ai = ["AI", "Robotics", "Computer Vision"]

# combined df - environmental & AI startups only
df_ea = df.loc[(df["Industry"].isin(env)) | (df["Industry"].isin(ai))].reset_index(
    drop=True, inplace=False
)


# custom function to set Main Industry
def set_MainIndustry(ind):
    if ind in env:
        return "ENV"
    else:
        return "AI"


# adding a new column
df_ea["MainIndustry"] = df_ea.Industry.apply(lambda x: set_MainIndustry(x))

# basic stats
print(
    f"A total of {df_ea.shape[0]} startups were started in India between 2016 & 2022, out of which {df_ea.groupby('MainIndustry').size()['ENV']} are environmental related & {df_ea.groupby('MainIndustry').size()['AI']} are AI startups."
)
        <Profiling data>:
                                Function  GPU calls  CPU calls
0          DataFrame.__getitem__          2          0
1                    Series.isin          2          0
2                OpsMixin.__or__          1          0
3   _LocationIndexer.__getitem__          1          0
4          DataFrame.reset_index          1          0
5            NDFrame.__getattr__          1          0
6                   Series.apply          0          1
7          DataFrame.__setitem__          1          0
8                      DataFrame          1          0
9              DataFrame.groupby          2          0
10                  GroupBy.size          2          0
11            Series.__getitem__          2          0
        <Execution time>: 428.0
        <Active Vars>: []
        <Future Vars>: []
        <Rewritten Code>:
        ### cell 2 ###

# Industry sub-categories for environmental & AI startups
env = ["Agriculture", "Green Technology", "Renewable Energy", "Waste Management"]
ai  = ["AI", "Robotics", "Computer Vision"]

# filter in one GPU‐native isin call, then reset index
ea_cats = env + ai
df_ea = df[df["Industry"].isin(ea_cats)].reset_index(drop=True)

# build MainIndustry via a single vectorized map
mapping = {**{cat: "ENV" for cat in env}, **{cat: "AI" for cat in ai}}
df_ea["MainIndustry"] = df_ea["Industry"].map(mapping)

# compute stats with GPU‐native operations
total     = int(df_ea.shape[0])
mask_env  = df_ea["MainIndustry"] == "ENV"
env_count = int(mask_env.sum())
ai_count  = total - env_count

print(
    f"A total of {total} startups were started in India between 2016 & 2022, "
    f"out of which {env_count} are environmental related & {ai_count} are AI startups."
)
        <Profiling data>:
                        Function  GPU calls  CPU calls
0  DataFrame.__getitem__          4          0
1            Series.isin          1          0
2  DataFrame.reset_index          1          0
3             Series.map          0          1
4  DataFrame.__setitem__          1          0
5              DataFrame          1          0
6        OpsMixin.__eq__          1          0
7             Series.sum          1          0
        <Execution time>: 91.4
        <Execution output>: Rewritten time: 91.4 ms
Original time: 428.0 ms
        <Iteration>: 3/5
    
==========Running the manager agent to decide the next step==========
Choice: optimize
Reason: The rewritten code has significantly improved execution time by using a vectorized approach and a mapping for setting 'MainIndustry'. However, as there are 2 iterations left, there might still be potential for further optimizations or alternative approaches, particularly focusing on simplifying the logic or exploring more efficient GPU operations.
Code optimizer prompt:  
        <Original Code>:
        ### cell 2 ###

# Industry sub-categories for environmental & AI startups
env = ["Agriculture", "Green Technology", "Renewable Energy", "Waste Management"]
ai  = ["AI", "Robotics", "Computer Vision"]

# filter in one GPU‐native isin call, then reset index
ea_cats = env + ai
df_ea = df[df["Industry"].isin(ea_cats)].reset_index(drop=True)

# build MainIndustry via a single vectorized map
mapping = {**{cat: "ENV" for cat in env}, **{cat: "AI" for cat in ai}}
df_ea["MainIndustry"] = df_ea["Industry"].map(mapping)

# compute stats with GPU‐native operations
total     = int(df_ea.shape[0])
mask_env  = df_ea["MainIndustry"] == "ENV"
env_count = int(mask_env.sum())
ai_count  = total - env_count

print(
    f"A total of {total} startups were started in India between 2016 & 2022, "
    f"out of which {env_count} are environmental related & {ai_count} are AI startups."
)
        <Profiling data>:
                        Function  GPU calls  CPU calls
0  DataFrame.__getitem__          4          0
1            Series.isin          1          0
2  DataFrame.reset_index          1          0
3             Series.map          0          1
4  DataFrame.__setitem__          1          0
5              DataFrame          1          0
6        OpsMixin.__eq__          1          0
7             Series.sum          1          0

        <Execution time>: 91.4
        <Active vars>: []

        <Future vars>: []

        <Iteration>: 3/5
    
Optimizing the last generated code
Parsed response: ### cell 2 (optimized for cudf)

# Industry sub-categories for environmental & AI startups
env = ["Agriculture", "Green Technology", "Renewable Energy", "Waste Management"]
ai  = ["AI", "Robotics", "Computer Vision"]
ea_cats = env + ai

# 1) one GPU-native isin + reset_index
df_ea = df[df["Industry"].isin(ea_cats)].reset_index(drop=True)

# 2) single boolean mask for ENV vs AI
mask_env = df_ea["Industry"].isin(env)

# 3) vectorized assignment without CPU map
#    default to "AI", then overwrite ENV where mask_env is True
df_ea["MainIndustry"] = "AI"
df_ea.loc[mask_env, "MainIndustry"] = "ENV"

# 4) stats with GPU-native ops
total     = int(df_ea.shape[0])
env_count = int(mask_env.sum())
ai_count  = total - env_count

print(
    f"A total of {total} startups were started in India between 2016 & 2022, "
    f"out of which {env_count} are environmental related & {ai_count} are AI startups."
)
Try 2: calling rewrite agent for cell 2 took 13.980674982070923 seconds.
Executing rewritten code... ### cell 2 ###

### cell 2 (optimized for cudf)

# Industry sub-categories for environmental & AI startups
env = ["Agriculture", "Green Technology", "Renewable Energy", "Waste Management"]
ai  = ["AI", "Robotics", "Computer Vision"]
ea_cats = env + ai

# 1) one GPU-native isin + reset_index
df_ea = df[df["Industry"].isin(ea_cats)].reset_index(drop=True)

# 2) single boolean mask for ENV vs AI
mask_env = df_ea["Industry"].isin(env)

# 3) vectorized assignment without CPU map
#    default to "AI", then overwrite ENV where mask_env is True
df_ea["MainIndustry"] = "AI"
df_ea.loc[mask_env, "MainIndustry"] = "ENV"

# 4) stats with GPU-native ops
total     = int(df_ea.shape[0])
env_count = int(mask_env.sum())
ai_count  = total - env_count

print(
    f"A total of {total} startups were started in India between 2016 & 2022, "
    f"out of which {env_count} are environmental related & {ai_count} are AI startups."
)
Running rewritten cell notebook
Finished executing the rewritten code.
Try 2: executing the rewritten code for cell 2 took 7.1805572509765625 seconds.
Rewritten time: 83.2 ms
Checkpointing the rewritten cell for small notebook...
The rewritten code is correct. Profiling cudf...
Try 2: cudf profiling the rewritten code for cell 2 took 5.468405723571777 seconds.
gpu_calls_orig_perc: 1.0, gpu_calls_opt_perc: 1.0
orig_time: 84.8, opt_time: 83.2
Both the call ratio and the time are better.
Rewritten code took 83.2ms. The previous fastest solution took 428.0ms.
Previous best solution num GPU and CPU calls:  14 0
New solution num GPU and CPU calls:  11 0
Accepted the rewritten code.
Setting best_rewritten_post_checkpoint_path to  /scratch/jieq/pandax/dias_notebooks/kkhandekar/environmental-vs-ai-startups-india-eda/src/rewritten/o4_mini_high_small/checkpoints/post_cell_2_try_2.pickle
========================================================
Rewriting cell 2... Try 3... 
Manager agent prompt:  
        <Original Code>:
        ### cell 2 ###

# Industry sub-categories for environmental & AI startups
env = ["Agriculture", "Green Technology", "Renewable Energy", "Waste Management"]
ai = ["AI", "Robotics", "Computer Vision"]

# combined df - environmental & AI startups only
df_ea = df.loc[(df["Industry"].isin(env)) | (df["Industry"].isin(ai))].reset_index(
    drop=True, inplace=False
)


# custom function to set Main Industry
def set_MainIndustry(ind):
    if ind in env:
        return "ENV"
    else:
        return "AI"


# adding a new column
df_ea["MainIndustry"] = df_ea.Industry.apply(lambda x: set_MainIndustry(x))

# basic stats
print(
    f"A total of {df_ea.shape[0]} startups were started in India between 2016 & 2022, out of which {df_ea.groupby('MainIndustry').size()['ENV']} are environmental related & {df_ea.groupby('MainIndustry').size()['AI']} are AI startups."
)
        <Profiling data>:
                                Function  GPU calls  CPU calls
0          DataFrame.__getitem__          2          0
1                    Series.isin          2          0
2                OpsMixin.__or__          1          0
3   _LocationIndexer.__getitem__          1          0
4          DataFrame.reset_index          1          0
5            NDFrame.__getattr__          1          0
6                   Series.apply          0          1
7          DataFrame.__setitem__          1          0
8                      DataFrame          1          0
9              DataFrame.groupby          2          0
10                  GroupBy.size          2          0
11            Series.__getitem__          2          0
        <Execution time>: 428.0
        <Active Vars>: []
        <Future Vars>: []
        <Rewritten Code>:
        ### cell 2 ###

### cell 2 (optimized for cudf)

# Industry sub-categories for environmental & AI startups
env = ["Agriculture", "Green Technology", "Renewable Energy", "Waste Management"]
ai  = ["AI", "Robotics", "Computer Vision"]
ea_cats = env + ai

# 1) one GPU-native isin + reset_index
df_ea = df[df["Industry"].isin(ea_cats)].reset_index(drop=True)

# 2) single boolean mask for ENV vs AI
mask_env = df_ea["Industry"].isin(env)

# 3) vectorized assignment without CPU map
#    default to "AI", then overwrite ENV where mask_env is True
df_ea["MainIndustry"] = "AI"
df_ea.loc[mask_env, "MainIndustry"] = "ENV"

# 4) stats with GPU-native ops
total     = int(df_ea.shape[0])
env_count = int(mask_env.sum())
ai_count  = total - env_count

print(
    f"A total of {total} startups were started in India between 2016 & 2022, "
    f"out of which {env_count} are environmental related & {ai_count} are AI startups."
)
        <Profiling data>:
                               Function  GPU calls  CPU calls
0         DataFrame.__getitem__          3          0
1                   Series.isin          2          0
2         DataFrame.reset_index          1          0
3         DataFrame.__setitem__          1          0
4                     DataFrame          2          0
5  _LocationIndexer.__setitem__          1          0
6                    Series.sum          1          0
        <Execution time>: 83.2
        <Execution output>: Rewritten time: 83.2 ms
Original time: 428.0 ms
        <Iteration>: 4/5
    
==========Running the manager agent to decide the next step==========
Choice: done
Reason: The rewritten code with cudf optimizations is already highly efficient, achieving a significant reduction in execution time from 428.0 ms to 83.2 ms and effectively utilizing GPU-native operations. There are no evident further optimizations needed.
Code is already optimized
Try 3: calling rewrite agent for cell 2 took 0.9990127086639404 seconds.
========================================================
After rewriting cell  2
Rewritten post-checkpoint path: /scratch/jieq/pandax/dias_notebooks/kkhandekar/environmental-vs-ai-startups-india-eda/src/rewritten/o4_mini_high_small/checkpoints/post_cell_2_try_2.pickle
========================================================
Cell 2 rewriting took 123.95010924339294 seconds.
Small rewritten notebook saved to /scratch/jieq/pandax/dias_notebooks/kkhandekar/environmental-vs-ai-startups-india-eda/src/rewritten/o4_mini_high_small.ipynb
Replaced factor in cell with 3000
Rewritten notebook saved to /scratch/jieq/pandax/dias_notebooks/kkhandekar/environmental-vs-ai-startups-india-eda/src/rewritten/o4_mini_high.ipynb
Rewrote notebook in 279.4745366573334 seconds
Replaced factor in cell with 150
Transfer cost notebook saved to /scratch/jieq/pandax/dias_notebooks/kkhandekar/environmental-vs-ai-startups-india-eda/src/transfer_cost_bench.ipynb
Annotated notebook saved to /scratch/jieq/pandax/dias_notebooks/kkhandekar/environmental-vs-ai-startups-india-eda/src/cpu_to_gpu_cost_model_inputs.ipynb
Executing code: from pathlib import Path
import numpy as np  # linear algebra
import os
from utils.benchmarks import BENCHMARKS_TO_PATHS

if "IREWR_WITH_MODIN" in os.environ and os.environ["IREWR_WITH_MODIN"] == "True":
    import os

    os.environ["MODIN_ENGINE"] = "ray"
    import ray

    ray.init(
        num_cpus=int(os.environ["MODIN_CPUS"]),
        runtime_env={"env_vars": {"__MODIN_AUTOIMPORT_PANDAS__": "1"}},
    )
    import modin.pandas as pd
else:
    import pandas as pd

# Visualisation
import plotly.express as px
import plotly.graph_objects as go
from plotly.subplots import make_subplots
import time
Executing code: %%time
### cell 0 ###

benchmark_name = "environmental-vs-ai-startups-india-eda"
# load & cleanup
file = Path(BENCHMARKS_TO_PATHS[benchmark_name]).parent / "input" / "indian-startup-recognized-by-dpiit" / "Startup_Counts_Across_India.csv"
df = pd.read_csv(file)
factor = 150
df = pd.concat([df] * factor)
df.info()
Traceback (most recent call last):
  File "/scratch/jieq/pandax/main.py", line 315, in <module>
    asyncio.run(main())
  File "/scratch/jieq/conda-envs/rapids-26.02/lib/python3.10/asyncio/runners.py", line 44, in run
    return loop.run_until_complete(main)
  File "/scratch/jieq/conda-envs/rapids-26.02/lib/python3.10/asyncio/base_events.py", line 649, in run_until_complete
    return future.result()
  File "/scratch/jieq/pandax/main.py", line 206, in main
    cpu_to_gpu_cost_model_inputs = get_cost_model_inputs(
  File "/scratch/jieq/pandax/utils/schedule.py", line 168, in get_cost_model_inputs
    run_cell_and_get_all_transfer_inputs(
  File "/scratch/jieq/pandax/utils/execution.py", line 1039, in run_cell_and_get_all_transfer_inputs
    col_data = {
  File "/scratch/jieq/pandax/utils/execution.py", line 1041, in <dictcomp>
    get_df_type(df[col]),
  File "/scratch/jieq/elastic-notebook/elastic/core/common/pandas.py", line 130, in get_df_type
    if isinstance(dtype, ListDtype):
NameError: name 'ListDtype' is not defined
Status: FAILED (exit 1)
Finished: Sun Mar 29 02:38:14 AM PDT 2026

