Command: python -u main.py netflix-data-visualization --disable_scheduling
Started: Mon Mar 30 01:28:21 UTC 2026
Loaded cell exec info from /home/sahilbhatia/pandax/dias_notebooks/joshuaswords/netflix-data-visualization/src/intermediate/cell_exec_info.pkl
Loaded cuDF profile info from /home/sahilbhatia/pandax/dias_notebooks/joshuaswords/netflix-data-visualization/src/intermediate/cudf_profile_info.pkl
Annotated notebook saved to /home/sahilbhatia/pandax/dias_notebooks/joshuaswords/netflix-data-visualization/src/small_annotated.ipynb
Executing code: %reset -f
Executing code: %reload_ext ElasticNotebook
Executing 4 cells up to cell 0.
========================================================
Checkpointing before runing cell 0.
========================================================
Cell 0
Small pre-checkpoint path: /home/sahilbhatia/pandax/dias_notebooks/joshuaswords/netflix-data-visualization/src/small_annotated/checkpoints/pre_cell_0.pickle
Small rewritten pre-checkpoint path: /home/sahilbhatia/pandax/dias_notebooks/joshuaswords/netflix-data-visualization/src/small_annotated/checkpoints/pre_cell_0.pickle
========================================================
Getting original timing for cell 0
Original time for cell 0 took 20.031656742095947 seconds.
Setting initially best_rewritten_post_checkpoint_path:  /home/sahilbhatia/pandax/dias_notebooks/joshuaswords/netflix-data-visualization/src/small_bench/checkpoints/post_cell_0.pickle
========================================================
Rewriting cell 0... Try 0... 
Manager agent prompt:  
        <Original Code>:
        ### cell 0 ###

benchmark_name = "netflix-data-visualization"
df = pd.read_csv(
    Path(BENCHMARKS_TO_PATHS[benchmark_name]).parent / "input" / "netflix-shows" / "netflix_titles.csv"
)
factor = 50
df_cell6 = pd.concat([df] * factor, ignore_index=True)
df.head(3)
        <Profiling data>:
                     Function  GPU calls  CPU calls
0            read_csv          1          0
1              concat          1          0
2        NDFrame.head          1          0
3  DataFrame.__repr__          1          0

        <Execution time>: 110.0
        <Active vars>: ['df_cell6', 'df']

        <Future vars>: []

        <Iteration>: 1/5
    
==========Running the manager agent to decide the next step==========
Choice: new
Reason: The original code can be optimized further, especially around reading the CSV and concatenating the DataFrame using libraries like `cudf` or better parallel processing techniques. Additionally, this is just the first iteration, so there are more opportunities to refine it.
Generating new code from the original code
Prompt: 
        <Original Code>:
        ### cell 0 ###

benchmark_name = "netflix-data-visualization"
df = pd.read_csv(
    Path(BENCHMARKS_TO_PATHS[benchmark_name]).parent / "input" / "netflix-shows" / "netflix_titles.csv"
)
factor = 50
df_cell6 = pd.concat([df] * factor, ignore_index=True)
df.head(3)
        <Profiling data>:
                     Function  GPU calls  CPU calls
0            read_csv          1          0
1              concat          1          0
2        NDFrame.head          1          0
3  DataFrame.__repr__          1          0

        <Execution time>: 110.0
        <Active vars>: ['df_cell6', 'df']

        <Future vars>: []

        <Iteration>: 1/5
    
Traceback (most recent call last):
  File "/home/sahilbhatia/pandax/main.py", line 315, in <module>
    asyncio.run(main())
  File "/opt/conda/envs/rapids-25.02/lib/python3.10/asyncio/runners.py", line 44, in run
    return loop.run_until_complete(main)
  File "/opt/conda/envs/rapids-25.02/lib/python3.10/asyncio/base_events.py", line 636, in run_until_complete
    self.run_forever()
  File "/opt/conda/envs/rapids-25.02/lib/python3.10/asyncio/base_events.py", line 603, in run_forever
    self._run_once()
  File "/opt/conda/envs/rapids-25.02/lib/python3.10/asyncio/base_events.py", line 1871, in _run_once
    event_list = self._selector.select(timeout)
  File "/opt/conda/envs/rapids-25.02/lib/python3.10/selectors.py", line 469, in select
    fd_event_list = self._selector.poll(timeout, max_ev)
KeyboardInterrupt
