Command: python -u main.py adidas-retail-eda-data-visualization
Started: Sun Mar 29 06:03:47 PM PDT 2026
Annotated notebook saved to /scratch/jieq/pandax/dias_notebooks/saisandeepjallepalli/adidas-retail-eda-data-visualization/src/cell_exec_info.ipynb
Executing code: import sys, os
%load_ext ElasticNotebook
from elastic.core.common.pandas import compare_df, convert_col
import pickle
Executing code: %%RecordEventWithColumnInfo
from pathlib import Path
# This Python 3 environment comes with many helpful analytics libraries installed
# It is defined by the kaggle/python Docker image: https://github.com/kaggle/docker-python
# For example, here's several helpful packages to load

import numpy as np # linear algebra
import os
from utils.benchmarks import BENCHMARKS_TO_PATHS
if "IREWR_WITH_MODIN" in os.environ and os.environ["IREWR_WITH_MODIN"] == "True":
    import os
    os.environ["MODIN_ENGINE"] = "ray"
    import ray
    ray.init(num_cpus=int(os.environ['MODIN_CPUS']), runtime_env={'env_vars': {'__MODIN_AUTOIMPORT_PANDAS__': '1'}})
    import modin.pandas as pd
else:
    import pandas as pd
import matplotlib.pyplot as plt
import seaborn as sns
import time
sns.set()

# Input data files are available in the read-only "../input/" directory
# For example, running this (by clicking run or pressing Shift+Enter) will list all files under the input directory

import os
for dirname, _, filenames in os.walk('/kaggle/input'):
    for filename in filenames:
        print(os.path.join(dirname, filename))

# You can write up to 20GB to the current directory (/kaggle/working/) that gets preserved as output when you create a version using "Save & Run All" 
# You can also write temporary files to /kaggle/temp/, but they won't be saved outside of the current session
Executing code: %%RecordEventWithColumnInfo
### cell 0 ###

benchmark_name = "adidas-retail-eda-data-visualization"
df = pd.read_csv(Path(BENCHMARKS_TO_PATHS[benchmark_name]).parent / "input" / "adidas-us-retail-products-dataset" / "adidas.csv")
factor = 10
df = pd.concat([df]*factor)
df.info()
Executing code: %%RecordEventWithColumnInfo
### cell 1 ###

# First 5 records in the DataFrame

df.head()
Executing code: %%RecordEventWithColumnInfo
### cell 2 ###

# Checking for Null Values in the DataFrame

df.isna().sum()

# There 16 Null Values for Original_price Column
Executing code: %%RecordEventWithColumnInfo
### cell 3 ###

# Shape of the DataFrame

df.shape
Executing code: %%RecordEventWithColumnInfo
### cell 4 ###

# Information about the DataFrame

df.info()
Executing code: %%RecordEventWithColumnInfo
### cell 5 ###

# Correlation Between Columns

df.corr(numeric_only=True)
Executing code: %%RecordEventWithColumnInfo
### cell 6 ###

# Statistical informtion about the DataFrame

df.describe().T
Executing code: %%RecordEventWithColumnInfo
### cell 7 ###

# The Percentage of Missing Values in the 'original_price' Column

100 * (df['original_price'].isna().sum() / len(df))

# As the percntage of Null Records is less than 5%, hence dropping the Null record Rows
Executing code: %%RecordEventWithColumnInfo
### cell 8 ###

# Dropping Null Values in the DataFrame

df.dropna(inplace=True, axis=0)
Executing code: %%RecordEventWithColumnInfo
### cell 9 ###

# Checking for Null Values in the DataFrame

df.isna().sum()
Executing code: %%RecordEventWithColumnInfo
### cell 10 ###

# Dropping 'currency' column as all records have 'USD' as currency
# Dropping 'source' column as all records have 'adidas United States' as value
# Dropping 'brand', 'country', 'language' columns as all records have same value

df.drop([ 'brand', 'country', 'language', 'source_website', 'images', 'crawled_at', 'url', 'sku', 'currency','source', 'description'], axis=1, inplace=True)
Executing code: %%RecordEventWithColumnInfo
### cell 11 ###

# First 5 records in the DataFrame

df.head()
Executing code: %%RecordEventWithColumnInfo
### cell 12 ###

# Removing '$' from the DataFrame

df['original_price'] = df['original_price'].str.split('$')
df['original_price'] = df['original_price'].str[1]
Executing code: %%RecordEventWithColumnInfo
### cell 13 ###

# First 5 records in the DataFrame

df.head()
Executing code: %%RecordEventWithColumnInfo
### cell 14 ###

# Shape of the DataFrame

df.shape
Executing code: %%RecordEventWithColumnInfo
### cell 15 ###

# Checking the Data Types for the columns

df.dtypes
Executing code: %%RecordEventWithColumnInfo
### cell 16 ###

# Creating 'Category' Column

df['Category'] = df['breadcrumbs'].str.split("/")
df['Category'] = df['Category'].str[0]
Executing code: %%RecordEventWithColumnInfo
### cell 17 ###

# Creating 'Product Type' Column

df['Product_Type'] = df['breadcrumbs'].str.split("/")
df['Product_Type'] = df['Product_Type'].str[1]
Executing code: %%RecordEventWithColumnInfo
### cell 18 ###

# Droping 'breadcrumbs' Column

df.drop(['breadcrumbs', 'category'], axis=1, inplace=True)
Executing code: %%RecordEventWithColumnInfo
### cell 19 ###

# Changing the DataType of 'original_price' from object to int64

df['original_price'] = df['original_price'].astype('int64')
Executing code: %%RecordEventWithColumnInfo
### cell 20 ###

# Checking the Data Types for the columns

df.dtypes
Executing code: %%RecordEventWithColumnInfo
### cell 21 ###

# No.of Unique Products in the DataFrame

df['name'].nunique()
Executing code: %%RecordEventWithColumnInfo
### cell 22 ###

# Top 10 - Products sold in the DataFrame

df['name'].value_counts()[:10]
Executing code: %%RecordEventWithColumnInfo
### cell 23 ###

# Top 5 - Products sold in the DataFrame


df['name'].value_counts()[:5]
Executing code: %%RecordEventWithColumnInfo
### cell 24 ###

# No.of Unique selling price in the DataFrame

df['selling_price'].nunique()
Executing code: %%RecordEventWithColumnInfo
### cell 25 ###

# Top 15 - Products interms of similar selling price in the DataFrame

df['selling_price'].value_counts()[:15]
Executing code: %%RecordEventWithColumnInfo
### cell 26 ###

# Top 5 - Products interms of similar selling price in the DataFrame

df['selling_price'].value_counts()[:5]
Executing code: %%RecordEventWithColumnInfo
### cell 27 ###

# Maximum Selling Price

print("The Maximun Selling Price is:",df['selling_price'].max(),"USD")
Executing code: %%RecordEventWithColumnInfo
### cell 28 ###

# Minimum Selling Price

print("The Minimum Selling Price is:",df['selling_price'].min(),"USD")
Executing code: %%RecordEventWithColumnInfo
### cell 29 ###

# Average Selling Price

print("The Average Selling Price is:",round(df['selling_price'].mean(),2),"USD")
Executing code: %%RecordEventWithColumnInfo
### cell 30 ###

# Top 10 - Highest Selling Prices in USD

set(df['selling_price'].sort_values(ascending=False)[:30].values)
Executing code: %%RecordEventWithColumnInfo
### cell 31 ###

# Top 10 - Least Selling Prices in USD

set(df['selling_price'].sort_values()[:40].values)
Executing code: %%RecordEventWithColumnInfo
### cell 32 ###

# No.of Unique original price in the DataFrame

df['original_price'].nunique()
Executing code: %%RecordEventWithColumnInfo
### cell 33 ###

# Top 15 - Products interms of similar original price in the DataFrame

df['original_price'].value_counts()[:15]
Executing code: %%RecordEventWithColumnInfo
### cell 34 ###

# Top 5 - Products interms of similar origial price in the DataFrame

df['original_price'].value_counts()[:5]
Executing code: %%RecordEventWithColumnInfo
### cell 35 ###

# Maximum Original Price

print("The Maximun Original Price is:",df['original_price'].max(),"USD")
Executing code: %%RecordEventWithColumnInfo
### cell 36 ###

# Minimum Original Price

print("The Minimum Original Price is:",df['original_price'].min(),"USD")
Executing code: %%RecordEventWithColumnInfo
### cell 37 ###

# Average Original Price

print("The Average Original Price is:",round(df['original_price'].mean(),2),"USD")
Executing code: %%RecordEventWithColumnInfo
### cell 38 ###

# Top 10 - Highest Original Prices in USD

set(df['original_price'].sort_values(ascending=False)[:80].values)
Executing code: %%RecordEventWithColumnInfo
### cell 39 ###

# Top 10 - Least Original Prices in USD

set(df['original_price'].sort_values().values[:100])
Executing code: %%RecordEventWithColumnInfo
### cell 40 ###

# Calculating Discount

df['Discount'] = df['original_price'] - df['selling_price']
Executing code: %%RecordEventWithColumnInfo
### cell 41 ###

# No.of Unique Discount in the DataFrame

df['Discount'].nunique()
Executing code: %%RecordEventWithColumnInfo
### cell 42 ###

# Top 15 - Highest Discount Amount in the DataFrame

list(set(df['Discount'].unique()))[-15::]
Executing code: %%RecordEventWithColumnInfo
### cell 43 ###

# Top 15 - Least Discount Amount in the DataFrame

list(set(df['Discount'].unique()))[:15]
Executing code: %%RecordEventWithColumnInfo
### cell 44 ###

# Top 15 - Most Given Discount Amount in the DataFrame

df['Discount'].value_counts()[:15]
Executing code: %%RecordEventWithColumnInfo
### cell 45 ###

# Top 5 - Most Given Discount Amount in the DataFrame

df['Discount'].value_counts()[:5]
Executing code: %%RecordEventWithColumnInfo
### cell 46 ###

# Top 15 - Most Given Discount Amount in the DataFrame

labels = df['Discount'].value_counts().head(15).index
_ = df['Discount'].value_counts().head(15).values
Executing code: %%RecordEventWithColumnInfo
### cell 47 ###

# Calculating Discount percentage(%)

df['Discount(%)'] = round(((df['original_price'] - df['selling_price']) / (df['original_price']))*100,2)
Executing code: %%RecordEventWithColumnInfo
### cell 48 ###

# No.of Unique Discount Percentage(%) in the DataFrame

df['Discount(%)'].nunique()
Executing code: %%RecordEventWithColumnInfo
### cell 49 ###

# Top 15 - Highest Discount Percentage(%) in the DataFrame

top_discount_percnet = list(set(df['Discount(%)'].unique()))
top_discount_percnet.sort(reverse=True)
print(top_discount_percnet[:15])
Executing code: %%RecordEventWithColumnInfo
### cell 50 ###

# Top 15 - Least Discount Percentage(%) in the DataFrame

least_discount_percnet = list(set(df['Discount(%)'].unique()))
least_discount_percnet.sort(reverse=False)
print(least_discount_percnet[:15])
Executing code: %%RecordEventWithColumnInfo
### cell 51 ###

# Top 15 - Most Given Discount Percentage(%) in the DataFrame

df['Discount(%)'].value_counts().head(15)
Executing code: %%RecordEventWithColumnInfo
### cell 52 ###

# Top 5 - Most Given Discount Percentage in the DataFrame

df['Discount(%)'].value_counts().head(5)
Executing code: %%RecordEventWithColumnInfo
### cell 53 ###

# Top 15 - Most Given Discount Percentage in the DataFrame

labels = df['Discount(%)'].value_counts().head(15).index
_=df['Discount(%)'].value_counts().head(15).values
Executing code: %%RecordEventWithColumnInfo
### cell 54 ###

# Unique colors in the DataFrame

df['color'].unique()
Executing code: %%RecordEventWithColumnInfo
### cell 55 ###

# No.of Unique colors in the DataFrame

df['color'].nunique()
Executing code: %%RecordEventWithColumnInfo
### cell 56 ###

# No.of Products for each Color

df['color'].value_counts()
Executing code: %%RecordEventWithColumnInfo
### cell 57 ###

# No.of Products for each Color

labels = df['color'].value_counts().index
_ = x=df['color'].value_counts().values
Executing code: %%RecordEventWithColumnInfo
### cell 58 ###

# Popular Color in Kids Category

df.groupby(['Category','color']).size()['Kids']
Executing code: %%RecordEventWithColumnInfo
### cell 59 ###

# Popular Color in Womens Category

df.groupby(['Category','color']).size()['Women']
Executing code: %%RecordEventWithColumnInfo
### cell 60 ###

# Popular Color in Mens Category

df.groupby(['Category','color']).size()['Men']
Executing code: %%RecordEventWithColumnInfo
### cell 61 ###

# Unique Availability values in the DataFrame

df['availability'].unique()
Executing code: %%RecordEventWithColumnInfo
### cell 62 ###

# No.of Unique Availability values in the DataFrame

df['availability'].nunique()
Executing code: %%RecordEventWithColumnInfo
### cell 63 ###

# No.of Products according to Avaialability

df['availability'].value_counts()
Executing code: %%RecordEventWithColumnInfo
### cell 64 ###

# Unique Product Type values in the DataFrame

df['Product_Type'].unique()
Executing code: %%RecordEventWithColumnInfo
### cell 65 ###

# No.of Unique Product Type values in the DataFrame

df['Product_Type'].nunique()
Executing code: %%RecordEventWithColumnInfo
### cell 66 ###

# No.of Products according to Product Type

df['Product_Type'].value_counts()
Executing code: %%RecordEventWithColumnInfo
### cell 67 ###

# No.of Products according to Product Type

df['Product_Type'].value_counts()
Executing code: %%RecordEventWithColumnInfo
### cell 68 ###

# No.of Products according to Product Type

labels = df['Product_Type'].value_counts().index
_ = df['Product_Type'].value_counts().values
Executing code: %%RecordEventWithColumnInfo
### cell 69 ###

df.groupby(['Product_Type', 'Category']).max()['selling_price']
Executing code: %%RecordEventWithColumnInfo
### cell 70 ###

df.groupby(['Product_Type', 'Category']).min()['selling_price']
Executing code: %%RecordEventWithColumnInfo
### cell 71 ###

df.groupby(['Product_Type', 'Category']).mean(numeric_only=True)['selling_price']
Executing code: %%RecordEventWithColumnInfo
### cell 72 ###

# Unique Category values in the DataFrame

df['Category'].unique()
Executing code: %%RecordEventWithColumnInfo
### cell 73 ###

# No.of Unique Category values in the DataFrame

df['Category'].nunique()
Executing code: %%RecordEventWithColumnInfo
### cell 74 ###

# No.of Products according to Category

df['Category'].value_counts()
Executing code: %%RecordEventWithColumnInfo
### cell 75 ###

# Top-5 Products according to Category

df['Category'].value_counts().head(5)
Executing code: %%RecordEventWithColumnInfo
### cell 76 ###

# Top-5 Products according to Category

labels = df['Category'].value_counts().head(5).index
_ = df['Category'].value_counts().head(5).values
Executing code: %%RecordEventWithColumnInfo
### cell 77 ###

# Unique 'Average Rating'in the DataFrame

df['average_rating'].unique()
Executing code: %%RecordEventWithColumnInfo
### cell 78 ###

# No.of Unique 'Average Rating'in the DataFrame

df['average_rating'].nunique()
Executing code: %%RecordEventWithColumnInfo
### cell 79 ###

# No.of time particular Average Rating Provided

df['average_rating'].value_counts()
Executing code: %%RecordEventWithColumnInfo
### cell 80 ###

# Top 5 - Average Rating Provided

df['average_rating'].value_counts().head(5)
Executing code: %%RecordEventWithColumnInfo
### cell 81 ###

# Top 5 - Average Rating Provided

labels = df['average_rating'].value_counts().head(5).index
_ = df['average_rating'].value_counts().head(5).values
Executing code: %%RecordEventWithColumnInfo
### cell 82 ###

# Maxmimum Average Rating

df['average_rating'].max()
Executing code: %%RecordEventWithColumnInfo
### cell 83 ###

# Minimum Average Rating

df['average_rating'].min()
Executing code: %%RecordEventWithColumnInfo
### cell 84 ###

# Mean Average Rating

round(df['average_rating'].mean(),2)
Executing code: %%RecordEventWithColumnInfo
### cell 85 ###

# Maximum Average Rating across 'Product Type' and 'Category'

df.groupby(['Product_Type', 'Category']).max()['average_rating']
Executing code: %%RecordEventWithColumnInfo
### cell 86 ###

# Minimum Average Rating across 'Product Type' and 'Category'

df.groupby(['Product_Type', 'Category']).min()['average_rating']
Executing code: %%RecordEventWithColumnInfo
### cell 87 ###

# No.of Unique 'Reviews Count' in the DataFrame

df['reviews_count'].nunique()
Executing code: %%RecordEventWithColumnInfo
### cell 88 ###

# Top 10 - 'Reviews Count' and no.of particular 'Reviews Count' occurances

df['reviews_count'].value_counts().head(10)
Executing code: %%RecordEventWithColumnInfo
### cell 89 ###

# Top 5 - 'Reviews Count' and no.of particular 'Reviews Count' occurances

df['average_rating'].value_counts().head(5)
Executing code: %%RecordEventWithColumnInfo
### cell 90 ###

# Maxmimum 'Reviews Count'

df['reviews_count'].max()
Executing code: %%RecordEventWithColumnInfo
### cell 91 ###

# Minimum 'Reviews Count'

df['reviews_count'].min()
Executing code: %%RecordEventWithColumnInfo
### cell 92 ###

# Mean 'Reviews Count'

round(df['reviews_count'].mean(),2)
Executing code: %%RecordEventWithColumnInfo
### cell 93 ###

# Maximum 'Reviews Count' across 'Product Type' and 'Category'

df.groupby(['Product_Type', 'Category']).max()['reviews_count']
Executing code: %%RecordEventWithColumnInfo
### cell 94 ###

# Minimum Reviews Count' across 'Product Type' and 'Category'

df.groupby(['Product_Type', 'Category']).min()['reviews_count']
Executing code: %%RecordEventWithColumnInfo
### cell 95 ###

df.shape
Executing code: %PrintCellInfo cell_exec_info
Executing code: %reset -f
Executing code: %reload_ext ElasticNotebook
Ran small notebook to get cell exec info in 3.86014723777771 seconds
Getting cudf profile information...
Annotated notebook saved to /scratch/jieq/pandax/dias_notebooks/saisandeepjallepalli/adidas-retail-eda-data-visualization/src/cudf_profile.ipynb
Done getting cudf profile information.
Ran small notebook to get cudf profile info in 224.309467792511 seconds
Annotated notebook saved to /scratch/jieq/pandax/dias_notebooks/saisandeepjallepalli/adidas-retail-eda-data-visualization/src/small_annotated.ipynb
Executing code: %reset -f
Executing code: %reload_ext ElasticNotebook
Executing 3 cells up to cell 0.
========================================================
Checkpointing before runing cell 0.
========================================================
Cell 0
Small pre-checkpoint path: /scratch/jieq/pandax/dias_notebooks/saisandeepjallepalli/adidas-retail-eda-data-visualization/src/small_annotated/checkpoints/pre_cell_0.pickle
Small rewritten pre-checkpoint path: /scratch/jieq/pandax/dias_notebooks/saisandeepjallepalli/adidas-retail-eda-data-visualization/src/small_annotated/checkpoints/pre_cell_0.pickle
========================================================
Getting original timing for cell 0
Original time for cell 0 took 15.981305599212646 seconds.
Setting initially best_rewritten_post_checkpoint_path:  /scratch/jieq/pandax/dias_notebooks/saisandeepjallepalli/adidas-retail-eda-data-visualization/src/small_bench/checkpoints/post_cell_0.pickle
========================================================
Rewriting cell 0... Try 0... 
Manager agent prompt:  
        <Original Code>:
        ### cell 0 ###

benchmark_name = "adidas-retail-eda-data-visualization"
df = pd.read_csv(Path(BENCHMARKS_TO_PATHS[benchmark_name]).parent / "input" / "adidas-us-retail-products-dataset" / "adidas.csv")
factor = 10
df = pd.concat([df]*factor)
df.info()
        <Profiling data>:
                 Function  GPU calls  CPU calls
0        read_csv          1          0
1          concat          1          0
2  DataFrame.info          1          0

        <Execution time>: 1320.0
        <Active vars>: ['df']

        <Future vars>: []

        <Iteration>: 1/5
    
==========Running the manager agent to decide the next step==========
Choice: new
Reason: This is the first iteration and there's no rewritten code yet. We need to generate optimized code for the original version, especially targeting the read and concatenation operations that are currently time-consuming.
Generating new code from the original code
Prompt: 
        <Original Code>:
        ### cell 0 ###

benchmark_name = "adidas-retail-eda-data-visualization"
df = pd.read_csv(Path(BENCHMARKS_TO_PATHS[benchmark_name]).parent / "input" / "adidas-us-retail-products-dataset" / "adidas.csv")
factor = 10
df = pd.concat([df]*factor)
df.info()
        <Profiling data>:
                 Function  GPU calls  CPU calls
0        read_csv          1          0
1          concat          1          0
2  DataFrame.info          1          0

        <Execution time>: 1320.0
        <Active vars>: ['df']

        <Future vars>: []

        <Iteration>: 1/5
    
Code: ### cell 0 ###

benchmark_name = "adidas-retail-eda-data-visualization"
csv_path = Path(BENCHMARKS_TO_PATHS[benchmark_name]).parent / "input" / "adidas-us-retail-products-dataset" / "adidas.csv"
df = pd.read_csv(csv_path)
factor = 10
# replicate rows by repeating the index instead of concatenating multiple copies
df = df.loc[df.index.repeat(factor)].reset_index(drop=True)
df.info()
Reason: Using df.index.repeat with reset_index avoids the overhead of concatenating a list of DataFrames, providing a single-vectorized GPU operation for row replication.
Parsed response: ### cell 0 ###

benchmark_name = "adidas-retail-eda-data-visualization"
csv_path = Path(BENCHMARKS_TO_PATHS[benchmark_name]).parent / "input" / "adidas-us-retail-products-dataset" / "adidas.csv"
df = pd.read_csv(csv_path)
factor = 10
# replicate rows by repeating the index instead of concatenating multiple copies
df = df.loc[df.index.repeat(factor)].reset_index(drop=True)
df.info()
Try 0: calling rewrite agent for cell 0 took 16.775381565093994 seconds.
Executing rewritten code... ### cell 0 ###

benchmark_name = "adidas-retail-eda-data-visualization"
csv_path = Path(BENCHMARKS_TO_PATHS[benchmark_name]).parent / "input" / "adidas-us-retail-products-dataset" / "adidas.csv"
df = pd.read_csv(csv_path)
factor = 10
# replicate rows by repeating the index instead of concatenating multiple copies
df = df.loc[df.index.repeat(factor)].reset_index(drop=True)
df.info()
Running rewritten cell notebook
An unexpected error occurred An error occurred while executing the following cell:
------------------
df_opt = df
%LoadCheckpoint /scratch/jieq/pandax/dias_notebooks/saisandeepjallepalli/adidas-retail-eda-data-visualization/src/small_bench/checkpoints/post_cell_0.pickle
assert compare_df(df_opt, df)

import numpy as np
if os.getenv("USE_GPU") == "True":
    import cudf
from elastic.core.common.pandas import is_type_styler
is_orig_output_pd = isinstance(orig_output, (pd.Series, pd.DataFrame, pd.Index))
is_opt_output_pd = isinstance(opt_output, (pd.Series, pd.DataFrame, pd.Index))
if os.getenv("USE_GPU") == "True":
    is_orig_output_array = isinstance(orig_output, (cudf.pandas._wrappers.numpy.ndarray, np.ndarray))
    is_opt_output_array = isinstance(opt_output, (cudf.pandas._wrappers.numpy.ndarray, np.ndarray))
else:
    is_orig_output_array = isinstance(orig_output, np.ndarray)
    is_opt_output_array = isinstance(opt_output, np.ndarray)

is_orig_output_styler = is_type_styler(type(orig_output))
is_opt_output_styler = is_type_styler(type(opt_output))
if is_orig_output_styler and is_opt_output_styler:
    assert orig_output.to_html() == opt_output.to_html()
elif is_orig_output_styler:
    assert orig_output.to_html() == opt_output.to_html()
elif is_opt_output_styler:
    assert opt_output.to_html() == orig_output

if is_orig_output_pd and is_opt_output_pd:
    assert orig_output.equals(opt_output)
# TODO(jie): this is a hack.
elif ((is_orig_output_pd or is_opt_output_pd) and (is_orig_output_array or is_opt_output_array)) or (is_orig_output_array and is_opt_output_array):
    assert list(orig_output) == list(opt_output)
else:
    assert orig_output == opt_output

------------------

----- stdout -----
trying: ['Path']
me:  0
trying: ['sns']
me:  0
trying: ['time']
me:  0
trying: ['plt']
me:  0
trying: ['df']
me:  2
trying: ['benchmark_name']
me:  1
trying: ['pd']
me:  0
trying: ['BENCHMARKS_TO_PATHS']
me:  0
trying: ['np']
me:  0
trying: ['factor']
me:  1
trying: ['orig_output']
me:  2
Declaring variable Path
Declaring variable sns
Declaring variable time
Declaring variable plt
Declaring variable pd
Declaring variable BENCHMARKS_TO_PATHS
Declaring variable np
Declaring variable benchmark_name
Declaring variable factor
Declaring variable df
Declaring variable orig_output
------------------

[0;31m---------------------------------------------------------------------------[0m
[0;31mValueError[0m                                Traceback (most recent call last)
Cell [0;32mIn[9], line 3[0m
[1;32m      1[0m df_opt [38;5;241m=[39m df
[1;32m      2[0m get_ipython()[38;5;241m.[39mrun_line_magic([38;5;124m'[39m[38;5;124mLoadCheckpoint[39m[38;5;124m'[39m, [38;5;124m'[39m[38;5;124m/scratch/jieq/pandax/dias_notebooks/saisandeepjallepalli/adidas-retail-eda-data-visualization/src/small_bench/checkpoints/post_cell_0.pickle[39m[38;5;124m'[39m)
[0;32m----> 3[0m [38;5;28;01massert[39;00m [43mcompare_df[49m[43m([49m[43mdf_opt[49m[43m,[49m[43m [49m[43mdf[49m[43m)[49m
[1;32m      5[0m [38;5;28;01mimport[39;00m[38;5;250m [39m[38;5;21;01mnumpy[39;00m[38;5;250m [39m[38;5;28;01mas[39;00m[38;5;250m [39m[38;5;21;01mnp[39;00m
[1;32m      6[0m [38;5;28;01mif[39;00m os[38;5;241m.[39mgetenv([38;5;124m"[39m[38;5;124mUSE_GPU[39m[38;5;124m"[39m) [38;5;241m==[39m [38;5;124m"[39m[38;5;124mTrue[39m[38;5;124m"[39m:

File [0;32m/scratch/jieq/elastic-notebook/elastic/core/common/pandas.py:143[0m, in [0;36mcompare_df[0;34m(df1, df2)[0m
[1;32m    141[0m         [38;5;28;01mraise[39;00m [38;5;167;01mValueError[39;00m([38;5;124mf[39m[38;5;124m"[39m[38;5;124mData type mismatch: Rewritten code is [39m[38;5;132;01m{[39;00mdf1[38;5;241m.[39mdtype[38;5;132;01m}[39;00m[38;5;124m and original code is [39m[38;5;132;01m{[39;00mdf2[38;5;241m.[39mdtype[38;5;132;01m}[39;00m[38;5;124m"[39m)
[1;32m    142[0m [38;5;28;01mif[39;00m hash_obj(df1[38;5;241m.[39mvalues) [38;5;241m!=[39m hash_obj(df2[38;5;241m.[39mvalues):
[0;32m--> 143[0m     [38;5;28;01mraise[39;00m [38;5;167;01mValueError[39;00m([38;5;124mf[39m[38;5;124m"[39m[38;5;124mContent of df1 and df2 do not match[39m[38;5;124m"[39m)
[1;32m    145[0m [38;5;28;01mif[39;00m hash_obj(df1[38;5;241m.[39mindex[38;5;241m.[39mvalues) [38;5;241m!=[39m hash_obj(df2[38;5;241m.[39mindex[38;5;241m.[39mvalues):
[1;32m    146[0m     [38;5;28;01mraise[39;00m [38;5;167;01mValueError[39;00m([38;5;124m"[39m[38;5;124mIndex of df1 and df2 do not match[39m[38;5;124m"[39m)

[0;31mValueError[0m: Content of df1 and df2 do not match

Rewritten time: inf ms
Checkpointing the rewritten cell for small notebook...
========================================================
Rewriting cell 0... Try 1... 
Manager agent prompt:  
        <Original Code>:
        ### cell 0 ###

benchmark_name = "adidas-retail-eda-data-visualization"
df = pd.read_csv(Path(BENCHMARKS_TO_PATHS[benchmark_name]).parent / "input" / "adidas-us-retail-products-dataset" / "adidas.csv")
factor = 10
df = pd.concat([df]*factor)
df.info()
        <Profiling data>:
                 Function  GPU calls  CPU calls
0        read_csv          1          0
1          concat          1          0
2  DataFrame.info          1          0
        <Execution time>: 1320.0
        <Active Vars>: ['df']
        <Future Vars>: []
        <Rewritten Code>:
        ### cell 0 ###

benchmark_name = "adidas-retail-eda-data-visualization"
csv_path = Path(BENCHMARKS_TO_PATHS[benchmark_name]).parent / "input" / "adidas-us-retail-products-dataset" / "adidas.csv"
df = pd.read_csv(csv_path)
factor = 10
# replicate rows by repeating the index instead of concatenating multiple copies
df = df.loc[df.index.repeat(factor)].reset_index(drop=True)
df.info()
        <Profiling data>:
        None
        <Execution time>: inf
        <Execution output>: The rewritten code resulted in a runtime error. An error occurred while executing the following cell:
------------------
df_opt = df
%LoadCheckpoint /scratch/jieq/pandax/dias_notebooks/saisandeepjallepalli/adidas-retail-eda-data-visualization/src/small_bench/checkpoints/post_cell_0.pickle
assert compare_df(df_opt, df)

import numpy as np
if os.getenv("USE_GPU") == "True":
    import cudf
from elastic.core.common.pandas import is_type_styler
is_orig_output_pd = isinstance(orig_output, (pd.Series, pd.DataFrame, pd.Index))
is_opt_output_pd = isinstance(opt_output, (pd.Series, pd.DataFrame, pd.Index))
if os.getenv("USE_GPU") == "True":
    is_orig_output_array = isinstance(orig_output, (cudf.pandas._wrappers.numpy.ndarray, np.ndarray))
    is_opt_output_array = isinstance(opt_output, (cudf.pandas._wrappers.numpy.ndarray, np.ndarray))
else:
    is_orig_output_array = isinstance(orig_output, np.ndarray)
    is_opt_output_array = isinstance(opt_output, np.ndarray)

is_orig_output_styler = is_type_styler(type(orig_output))
is_opt_output_styler = is_type_styler(type(opt_output))
if is_orig_output_styler and is_opt_output_styler:
    assert orig_output.to_html() == opt_output.to_html()
elif is_orig_output_styler:
    assert orig_output.to_html() == opt_output.to_html()
elif is_opt_output_styler:
    assert opt_output.to_html() == orig_output

if is_orig_output_pd and is_opt_output_pd:
    assert orig_output.equals(opt_output)
# TODO(jie): this is a hack.
elif ((is_orig_output_pd or is_opt_output_pd) and (is_orig_output_array or is_opt_output_array)) or (is_orig_output_array and is_opt_output_array):
    assert list(orig_output) == list(opt_output)
else:
    assert orig_output == opt_output

------------------

----- stdout -----
trying: ['Path']
me:  0
trying: ['sns']
me:  0
trying: ['time']
me:  0
trying: ['plt']
me:  0
trying: ['df']
me:  2
trying: ['benchmark_name']
me:  1
trying: ['pd']
me:  0
trying: ['BENCHMARKS_TO_PATHS']
me:  0
trying: ['np']
me:  0
trying: ['factor']
me:  1
trying: ['orig_output']
me:  2
Declaring variable Path
Declaring variable sns
Declaring variable time
Declaring variable plt
Declaring variable pd
Declaring variable BENCHMARKS_TO_PATHS
Declaring variable np
Declaring variable benchmark_name
Declaring variable factor
Declaring variable df
Declaring variable orig_output
------------------

[0;31m---------------------------------------------------------------------------[0m
[0;31mValueError[0m                                Traceback (most recent call last)
Cell [0;32mIn[9], line 3[0m
[1;32m      1[0m df_opt [38;5;241m=[39m df
[1;32m      2[0m get_ipython()[38;5;241m.[39mrun_line_magic([38;5;124m'[39m[38;5;124mLoadCheckpoint[39m[38;5;124m'[39m, [38;5;124m'[39m[38;5;124m/scratch/jieq/pandax/dias_notebooks/saisandeepjallepalli/adidas-retail-eda-data-visualization/src/small_bench/checkpoints/post_cell_0.pickle[39m[38;5;124m'[39m)
[0;32m----> 3[0m [38;5;28;01massert[39;00m [43mcompare_df[49m[43m([49m[43mdf_opt[49m[43m,[49m[43m [49m[43mdf[49m[43m)[49m
[1;32m      5[0m [38;5;28;01mimport[39;00m[38;5;250m [39m[38;5;21;01mnumpy[39;00m[38;5;250m [39m[38;5;28;01mas[39;00m[38;5;250m [39m[38;5;21;01mnp[39;00m
[1;32m      6[0m [38;5;28;01mif[39;00m os[38;5;241m.[39mgetenv([38;5;124m"[39m[38;5;124mUSE_GPU[39m[38;5;124m"[39m) [38;5;241m==[39m [38;5;124m"[39m[38;5;124mTrue[39m[38;5;124m"[39m:

File [0;32m/scratch/jieq/elastic-notebook/elastic/core/common/pandas.py:143[0m, in [0;36mcompare_df[0;34m(df1, df2)[0m
[1;32m    141[0m         [38;5;28;01mraise[39;00m [38;5;167;01mValueError[39;00m([38;5;124mf[39m[38;5;124m"[39m[38;5;124mData type mismatch: Rewritten code is [39m[38;5;132;01m{[39;00mdf1[38;5;241m.[39mdtype[38;5;132;01m}[39;00m[38;5;124m and original code is [39m[38;5;132;01m{[39;00mdf2[38;5;241m.[39mdtype[38;5;132;01m}[39;00m[38;5;124m"[39m)
[1;32m    142[0m [38;5;28;01mif[39;00m hash_obj(df1[38;5;241m.[39mvalues) [38;5;241m!=[39m hash_obj(df2[38;5;241m.[39mvalues):
[0;32m--> 143[0m     [38;5;28;01mraise[39;00m [38;5;167;01mValueError[39;00m([38;5;124mf[39m[38;5;124m"[39m[38;5;124mContent of df1 and df2 do not match[39m[38;5;124m"[39m)
[1;32m    145[0m [38;5;28;01mif[39;00m hash_obj(df1[38;5;241m.[39mindex[38;5;241m.[39mvalues) [38;5;241m!=[39m hash_obj(df2[38;5;241m.[39mindex[38;5;241m.[39mvalues):
[1;32m    146[0m     [38;5;28;01mraise[39;00m [38;5;167;01mValueError[39;00m([38;5;124m"[39m[38;5;124mIndex of df1 and df2 do not match[39m[38;5;124m"[39m)

[0;31mValueError[0m: Content of df1 and df2 do not match

        <Iteration>: 2/5
    
==========Running the manager agent to decide the next step==========
Choice: repair
Reason: There is a rewritten code that resulted in a runtime error due to mismatch in content between df1 and df2. We should repair this to ensure functionality.
Code fixer prompt:  
        <Original Code>:
        ### cell 0 ###

benchmark_name = "adidas-retail-eda-data-visualization"
df = pd.read_csv(Path(BENCHMARKS_TO_PATHS[benchmark_name]).parent / "input" / "adidas-us-retail-products-dataset" / "adidas.csv")
factor = 10
df = pd.concat([df]*factor)
df.info()
        <Profiling data>:
                 Function  GPU calls  CPU calls
0        read_csv          1          0
1          concat          1          0
2  DataFrame.info          1          0
        <Execution time>: 1320.0
        <Active Vars>: ['df']
        <Future Vars>: []
        <Rewritten Code>:
        ### cell 0 ###

benchmark_name = "adidas-retail-eda-data-visualization"
csv_path = Path(BENCHMARKS_TO_PATHS[benchmark_name]).parent / "input" / "adidas-us-retail-products-dataset" / "adidas.csv"
df = pd.read_csv(csv_path)
factor = 10
# replicate rows by repeating the index instead of concatenating multiple copies
df = df.loc[df.index.repeat(factor)].reset_index(drop=True)
df.info()
        <Profiling data>:
        None
        <Execution time>: inf
        <Execution output>: The rewritten code resulted in a runtime error. An error occurred while executing the following cell:
------------------
df_opt = df
%LoadCheckpoint /scratch/jieq/pandax/dias_notebooks/saisandeepjallepalli/adidas-retail-eda-data-visualization/src/small_bench/checkpoints/post_cell_0.pickle
assert compare_df(df_opt, df)

import numpy as np
if os.getenv("USE_GPU") == "True":
    import cudf
from elastic.core.common.pandas import is_type_styler
is_orig_output_pd = isinstance(orig_output, (pd.Series, pd.DataFrame, pd.Index))
is_opt_output_pd = isinstance(opt_output, (pd.Series, pd.DataFrame, pd.Index))
if os.getenv("USE_GPU") == "True":
    is_orig_output_array = isinstance(orig_output, (cudf.pandas._wrappers.numpy.ndarray, np.ndarray))
    is_opt_output_array = isinstance(opt_output, (cudf.pandas._wrappers.numpy.ndarray, np.ndarray))
else:
    is_orig_output_array = isinstance(orig_output, np.ndarray)
    is_opt_output_array = isinstance(opt_output, np.ndarray)

is_orig_output_styler = is_type_styler(type(orig_output))
is_opt_output_styler = is_type_styler(type(opt_output))
if is_orig_output_styler and is_opt_output_styler:
    assert orig_output.to_html() == opt_output.to_html()
elif is_orig_output_styler:
    assert orig_output.to_html() == opt_output.to_html()
elif is_opt_output_styler:
    assert opt_output.to_html() == orig_output

if is_orig_output_pd and is_opt_output_pd:
    assert orig_output.equals(opt_output)
# TODO(jie): this is a hack.
elif ((is_orig_output_pd or is_opt_output_pd) and (is_orig_output_array or is_opt_output_array)) or (is_orig_output_array and is_opt_output_array):
    assert list(orig_output) == list(opt_output)
else:
    assert orig_output == opt_output

------------------

----- stdout -----
trying: ['Path']
me:  0
trying: ['sns']
me:  0
trying: ['time']
me:  0
trying: ['plt']
me:  0
trying: ['df']
me:  2
trying: ['benchmark_name']
me:  1
trying: ['pd']
me:  0
trying: ['BENCHMARKS_TO_PATHS']
me:  0
trying: ['np']
me:  0
trying: ['factor']
me:  1
trying: ['orig_output']
me:  2
Declaring variable Path
Declaring variable sns
Declaring variable time
Declaring variable plt
Declaring variable pd
Declaring variable BENCHMARKS_TO_PATHS
Declaring variable np
Declaring variable benchmark_name
Declaring variable factor
Declaring variable df
Declaring variable orig_output
------------------

[0;31m---------------------------------------------------------------------------[0m
[0;31mValueError[0m                                Traceback (most recent call last)
Cell [0;32mIn[9], line 3[0m
[1;32m      1[0m df_opt [38;5;241m=[39m df
[1;32m      2[0m get_ipython()[38;5;241m.[39mrun_line_magic([38;5;124m'[39m[38;5;124mLoadCheckpoint[39m[38;5;124m'[39m, [38;5;124m'[39m[38;5;124m/scratch/jieq/pandax/dias_notebooks/saisandeepjallepalli/adidas-retail-eda-data-visualization/src/small_bench/checkpoints/post_cell_0.pickle[39m[38;5;124m'[39m)
[0;32m----> 3[0m [38;5;28;01massert[39;00m [43mcompare_df[49m[43m([49m[43mdf_opt[49m[43m,[49m[43m [49m[43mdf[49m[43m)[49m
[1;32m      5[0m [38;5;28;01mimport[39;00m[38;5;250m [39m[38;5;21;01mnumpy[39;00m[38;5;250m [39m[38;5;28;01mas[39;00m[38;5;250m [39m[38;5;21;01mnp[39;00m
[1;32m      6[0m [38;5;28;01mif[39;00m os[38;5;241m.[39mgetenv([38;5;124m"[39m[38;5;124mUSE_GPU[39m[38;5;124m"[39m) [38;5;241m==[39m [38;5;124m"[39m[38;5;124mTrue[39m[38;5;124m"[39m:

File [0;32m/scratch/jieq/elastic-notebook/elastic/core/common/pandas.py:143[0m, in [0;36mcompare_df[0;34m(df1, df2)[0m
[1;32m    141[0m         [38;5;28;01mraise[39;00m [38;5;167;01mValueError[39;00m([38;5;124mf[39m[38;5;124m"[39m[38;5;124mData type mismatch: Rewritten code is [39m[38;5;132;01m{[39;00mdf1[38;5;241m.[39mdtype[38;5;132;01m}[39;00m[38;5;124m and original code is [39m[38;5;132;01m{[39;00mdf2[38;5;241m.[39mdtype[38;5;132;01m}[39;00m[38;5;124m"[39m)
[1;32m    142[0m [38;5;28;01mif[39;00m hash_obj(df1[38;5;241m.[39mvalues) [38;5;241m!=[39m hash_obj(df2[38;5;241m.[39mvalues):
[0;32m--> 143[0m     [38;5;28;01mraise[39;00m [38;5;167;01mValueError[39;00m([38;5;124mf[39m[38;5;124m"[39m[38;5;124mContent of df1 and df2 do not match[39m[38;5;124m"[39m)
[1;32m    145[0m [38;5;28;01mif[39;00m hash_obj(df1[38;5;241m.[39mindex[38;5;241m.[39mvalues) [38;5;241m!=[39m hash_obj(df2[38;5;241m.[39mindex[38;5;241m.[39mvalues):
[1;32m    146[0m     [38;5;28;01mraise[39;00m [38;5;167;01mValueError[39;00m([38;5;124m"[39m[38;5;124mIndex of df1 and df2 do not match[39m[38;5;124m"[39m)

[0;31mValueError[0m: Content of df1 and df2 do not match

        <Iteration>: 2/5
    
Repairing the last generated code
Code: ### cell 0 ###

benchmark_name = "adidas-retail-eda-data-visualization"
csv_path = Path(BENCHMARKS_TO_PATHS[benchmark_name]).parent / "input" / "adidas-us-retail-products-dataset" / "adidas.csv"
# read_csv is already GPUŌĆÉaccelerated via cudf.pandas
df = pd.read_csv(csv_path)
factor = 10
# replicate the entire DataFrame factor times on the GPU, preserving original block order and index
df = pd.concat([df] * factor)
# this concat is a single GPU operation under cudf.pandas
df.info()
Reason: The use of df.index.repeat() changed the replication pattern (it repeated each row in a group rather than repeating the full block of rows), so the resulting DataFrame did not match the original concatenation. Reverting to pd.concat([df] * factor) preserves the exact block-wise ordering and duplicated index of the original DataFrame while still executing on the GPU via cudf.pandas.
Parsed response: ### cell 0 ###

benchmark_name = "adidas-retail-eda-data-visualization"
csv_path = Path(BENCHMARKS_TO_PATHS[benchmark_name]).parent / "input" / "adidas-us-retail-products-dataset" / "adidas.csv"
# read_csv is already GPUŌĆÉaccelerated via cudf.pandas
df = pd.read_csv(csv_path)
factor = 10
# replicate the entire DataFrame factor times on the GPU, preserving original block order and index
df = pd.concat([df] * factor)
# this concat is a single GPU operation under cudf.pandas
df.info()
Try 1: calling rewrite agent for cell 0 took 26.21236276626587 seconds.
Executing rewritten code... ### cell 0 ###

benchmark_name = "adidas-retail-eda-data-visualization"
csv_path = Path(BENCHMARKS_TO_PATHS[benchmark_name]).parent / "input" / "adidas-us-retail-products-dataset" / "adidas.csv"
# read_csv is already GPUŌĆÉaccelerated via cudf.pandas
df = pd.read_csv(csv_path)
factor = 10
# replicate the entire DataFrame factor times on the GPU, preserving original block order and index
df = pd.concat([df] * factor)
# this concat is a single GPU operation under cudf.pandas
df.info()
Running rewritten cell notebook
Finished executing the rewritten code.
Try 1: executing the rewritten code for cell 0 took 16.039536237716675 seconds.
Rewritten time: 1210.0 ms
Checkpointing the rewritten cell for small notebook...
The rewritten code is correct. Profiling cudf...
Try 1: cudf profiling the rewritten code for cell 0 took 14.03382420539856 seconds.
gpu_calls_orig_perc: 1.0, gpu_calls_opt_perc: 1.0
orig_time: 1320.0, opt_time: 1210.0
Both the call ratio and the time are better.
Rewritten code took 1210.0ms. The previous fastest solution took 1320.0ms.
Previous best solution num GPU and CPU calls:  3 0
New solution num GPU and CPU calls:  3 0
Accepted the rewritten code.
Setting best_rewritten_post_checkpoint_path to  /scratch/jieq/pandax/dias_notebooks/saisandeepjallepalli/adidas-retail-eda-data-visualization/src/rewritten/o4_mini_high_small/checkpoints/post_cell_0_try_1.pickle
========================================================
Rewriting cell 0... Try 2... 
Manager agent prompt:  
        <Original Code>:
        ### cell 0 ###

benchmark_name = "adidas-retail-eda-data-visualization"
df = pd.read_csv(Path(BENCHMARKS_TO_PATHS[benchmark_name]).parent / "input" / "adidas-us-retail-products-dataset" / "adidas.csv")
factor = 10
df = pd.concat([df]*factor)
df.info()
        <Profiling data>:
                 Function  GPU calls  CPU calls
0        read_csv          1          0
1          concat          1          0
2  DataFrame.info          1          0
        <Execution time>: 1320.0
        <Active Vars>: ['df']
        <Future Vars>: []
        <Rewritten Code>:
        ### cell 0 ###

benchmark_name = "adidas-retail-eda-data-visualization"
csv_path = Path(BENCHMARKS_TO_PATHS[benchmark_name]).parent / "input" / "adidas-us-retail-products-dataset" / "adidas.csv"
# read_csv is already GPUŌĆÉaccelerated via cudf.pandas
df = pd.read_csv(csv_path)
factor = 10
# replicate the entire DataFrame factor times on the GPU, preserving original block order and index
df = pd.concat([df] * factor)
# this concat is a single GPU operation under cudf.pandas
df.info()
        <Profiling data>:
                 Function  GPU calls  CPU calls
0        read_csv          1          0
1          concat          1          0
2  DataFrame.info          1          0
        <Execution time>: 1210.0
        <Execution output>: Rewritten time: 1210.0 ms
Original time: 1320.0 ms
        <Iteration>: 3/5
    
==========Running the manager agent to decide the next step==========
Choice: done
Reason: The rewritten code has already optimized the use of `read_csv` and `concat` via GPU acceleration. The function `df.info()` is primarily for debugging and can't be optimized meaningfully.
Code is already optimized
Try 2: calling rewrite agent for cell 0 took 0.8827440738677979 seconds.
========================================================
After rewriting cell  0
Rewritten post-checkpoint path: /scratch/jieq/pandax/dias_notebooks/saisandeepjallepalli/adidas-retail-eda-data-visualization/src/rewritten/o4_mini_high_small/checkpoints/post_cell_0_try_1.pickle
========================================================
Cell 0 rewriting took 122.03754091262817 seconds.
Getting original timing for cell 1
Original time for cell 1 took 14.695862770080566 seconds.
Setting initially best_rewritten_post_checkpoint_path:  /scratch/jieq/pandax/dias_notebooks/saisandeepjallepalli/adidas-retail-eda-data-visualization/src/small_bench/checkpoints/post_cell_1.pickle
========================================================
Rewriting cell 1... Try 0... 
Manager agent prompt:  
        <Original Code>:
        ### cell 1 ###

# First 5 records in the DataFrame

df.head()
        <Profiling data>:
                     Function  GPU calls  CPU calls
0        NDFrame.head          0          1
1  DataFrame.__repr__          0          1

        <Execution time>: 3.65
        <Active vars>: []

        <Future vars>: ['df']

        <Iteration>: 1/5
    
==========Running the manager agent to decide the next step==========
Choice: done
Reason: The code is using the `.head()` method, which is primarily for debugging or displaying the first few records. It is not suitable for optimization.
Code is already optimized
Try 0: calling rewrite agent for cell 1 took 2.0733273029327393 seconds.
There is no need to rewrite the cell.
Could not rewrite the cell. Continuing to next cell...
========================================================
After rewriting cell  1
Rewritten post-checkpoint path: /scratch/jieq/pandax/dias_notebooks/saisandeepjallepalli/adidas-retail-eda-data-visualization/src/small_bench/checkpoints/post_cell_1.pickle
========================================================
Cell 1 rewriting took 16.77275037765503 seconds.
Getting original timing for cell 2
Original time for cell 2 took 15.015567302703857 seconds.
Setting initially best_rewritten_post_checkpoint_path:  /scratch/jieq/pandax/dias_notebooks/saisandeepjallepalli/adidas-retail-eda-data-visualization/src/small_bench/checkpoints/post_cell_2.pickle
========================================================
Rewriting cell 2... Try 0... 
Manager agent prompt:  
        <Original Code>:
        ### cell 2 ###

# Checking for Null Values in the DataFrame

df.isna().sum()

# There 16 Null Values for Original_price Column
        <Profiling data>:
                       Function  GPU calls  CPU calls
0        DataFrame.isna          0          1
1         DataFrame.sum          0          1
2       Series.__repr__          1          0
3  NDFrame._repr_latex_          0          1

        <Execution time>: 8.85
        <Active vars>: []

        <Future vars>: ['df']

        <Iteration>: 1/5
    
==========Running the manager agent to decide the next step==========
Choice: done
Reason: The code's primary purpose is to check for null values, which is primarily for debugging and information purposes. Hence, it is already optimal given its intent.
Code is already optimized
Try 0: calling rewrite agent for cell 2 took 0.9976587295532227 seconds.
There is no need to rewrite the cell.
Could not rewrite the cell. Continuing to next cell...
========================================================
After rewriting cell  2
Rewritten post-checkpoint path: /scratch/jieq/pandax/dias_notebooks/saisandeepjallepalli/adidas-retail-eda-data-visualization/src/small_bench/checkpoints/post_cell_2.pickle
========================================================
Cell 2 rewriting took 16.016945600509644 seconds.
Getting original timing for cell 3
