Running: python main.py /home/dias-benchmarks/notebooks/josecode1/billionaires-statistics-2023/src/bench.ipynb /home/dias-benchmarks/notebooks/josecode1/billionaires-statistics-2023/src/small_bench.ipynb
Annotated notebook saved to /home/dias-benchmarks/notebooks/josecode1/billionaires-statistics-2023/src/cell_exec_info.ipynb
Executing code: import sys, os
sys.path.insert(0, os.path.abspath('/home/ElasticNotebook'))
%load_ext ElasticNotebook
from elastic.core.common.pandas import compare_df
import pickle
import cudf
Executing code: %%RecordEventWithColumnInfo
# This Python 3 environment comes with many helpful analytics libraries installed
# It is defined by the kaggle/python Docker image: https://github.com/kaggle/docker-python
# For example, here's several helpful packages to load
# %load_ext cudf.pandas
import numpy as np # linear algebra
import os
if "IREWR_WITH_MODIN" in os.environ and os.environ["IREWR_WITH_MODIN"] == "True":
    # STEFANOS: Import Modin Pandas
    import os
    os.environ["MODIN_ENGINE"] = "ray"
    import ray
    ray.init(num_cpus=int(os.environ['MODIN_CPUS']), runtime_env={'env_vars': {'__MODIN_AUTOIMPORT_PANDAS__': '1'}})
    import modin.pandas as pd
else:
    # STEFANOS: Import regular Pandas
    import pandas as pd
import seaborn as sns
import matplotlib.pyplot as plt
import time
# You can write up to 20GB to the current directory (/kaggle/working/) that gets preserved as output when you create a version using "Save & Run All"
# You can also write temporary files to /kaggle/temp/, but they won't be saved outside of the current session
Executing code: %%RecordEventWithColumnInfo
### cell 0 ###

data = pd.read_csv("/home/dias-benchmarks/notebooks/josecode1/billionaires-statistics-2023/input/Billionaires Statistics Dataset.csv", index_col="rank")
Executing code: %%RecordEventWithColumnInfo
### cell 1 ###

factor = 8
data = pd.concat([data]*factor, ignore_index=True)
data.info()
Executing code: %%RecordEventWithColumnInfo
### cell 2 ###

data.head(5)
Executing code: %%RecordEventWithColumnInfo
### cell 3 ###

data.describe()
Executing code: %%RecordEventWithColumnInfo
### cell 4 ###

country_names =data["country"].value_counts() #List of how many billionaires there are in the country
Executing code: %%RecordEventWithColumnInfo
### cell 5 ###

country_names
Executing code: %%RecordEventWithColumnInfo
### cell 6 ###

data_100 = data.loc[:100,["finalWorth","category","country"]]

Executing code: %%RecordEventWithColumnInfo
### cell 7 ###

data_100_category = data_100["category"].value_counts()
Executing code: %%RecordEventWithColumnInfo
### cell 8 ###

data_usa = data[data["country"]== "United States"] #We focus on billionaires based in United States

Executing code: %%RecordEventWithColumnInfo
### cell 9 ###

data_usa_category = data_usa["category"].value_counts()
data_usa_category
Executing code: %%RecordEventWithColumnInfo
### cell 10 ###

data_usa_city = data_usa["city"].value_counts()
print(data_usa_city)
data_usa_city.info()
Executing code: %%RecordEventWithColumnInfo
### cell 11 ###

data.head(5)
Executing code: %%RecordEventWithColumnInfo
### cell 12 ###

category_list = list(data.category.unique())
category_list
Executing code: %%RecordEventWithColumnInfo
### cell 13 ###

data.finalWorth = data.finalWorth.astype(float)
worth_average = []
for i in category_list:
    x = data[data['category']==i]
    worth_ratio = sum(x.finalWorth)/len(x)
    worth_average.append(worth_ratio)
data2 = pd.DataFrame({'category_list': category_list,'worth_average':worth_average})
new_index = (data2['worth_average'].sort_values(ascending=False)).index.values
new_data = data2.reindex(new_index)
Executing code: %%RecordEventWithColumnInfo
### cell 14 ###

# data3 =data.dropna(axis="index",how="any",inplace=False) # ı created new df because so many nan values was exist
#for cudf doesnt return the same df
data3 = data.dropna(axis=0, how="any", subset=data.columns)
Executing code: %%RecordEventWithColumnInfo
### cell 15 ###

data3.head()
Executing code: %%RecordEventWithColumnInfo
### cell 16 ###

data3.info() #in the new df we have 238 rows for each column
Executing code: %%RecordEventWithColumnInfo
### cell 17 ###

data3.countryOfCitizenship.unique()  # and 238 billionaires in usa, others deleted.
Executing code: %PrintCellInfo cell_exec_info
Executing code: %reset -f
Executing code: %reload_ext ElasticNotebook
Ran small notebook to get cell exec info in 6.004082679748535 seconds
Annotated notebook saved to /home/dias-benchmarks/notebooks/josecode1/billionaires-statistics-2023/src/cpu_to_gpu_cost_model_inputs.ipynb
Executing code: import sys, os
sys.path.insert(0, os.path.abspath('/home/ElasticNotebook'))
%load_ext ElasticNotebook
from elastic.core.common.pandas import compare_df
import pickle
import cudf
Executing code: # This Python 3 environment comes with many helpful analytics libraries installed
# It is defined by the kaggle/python Docker image: https://github.com/kaggle/docker-python
# For example, here's several helpful packages to load
# %load_ext cudf.pandas
import numpy as np # linear algebra
import os
if "IREWR_WITH_MODIN" in os.environ and os.environ["IREWR_WITH_MODIN"] == "True":
    # STEFANOS: Import Modin Pandas
    import os
    os.environ["MODIN_ENGINE"] = "ray"
    import ray
    ray.init(num_cpus=int(os.environ['MODIN_CPUS']), runtime_env={'env_vars': {'__MODIN_AUTOIMPORT_PANDAS__': '1'}})
    import modin.pandas as pd
else:
    # STEFANOS: Import regular Pandas
    import pandas as pd
import seaborn as sns
import matplotlib.pyplot as plt
import time
# You can write up to 20GB to the current directory (/kaggle/working/) that gets preserved as output when you create a version using "Save & Run All"
# You can also write temporary files to /kaggle/temp/, but they won't be saved outside of the current session
Executing code: %%time
### cell 0 ###

data = pd.read_csv("/home/dias-benchmarks/notebooks/josecode1/billionaires-statistics-2023/input/Billionaires Statistics Dataset.csv", index_col="rank")
memory size of country: 193302
memory size of country: 42240
<class 'pandas.core.series.Series'>
Index: 2640 entries, 1 to 2540
Series name: country
Non-Null Count  Dtype
--------------  -----
2602 non-null   object
dtypes: object(1)
memory usage: 41.2+ KB
info:  None
Executing code: %%time
### cell 1 ###

factor = 800
data = pd.concat([data]*factor, ignore_index=True)
data.info()
memory size of country: 137745728
memory size of country: 16896128
<class 'pandas.core.series.Series'>
RangeIndex: 2112000 entries, 0 to 2111999
Series name: country
Non-Null Count    Dtype
--------------    -----
2081600 non-null  object
dtypes: object(1)
memory usage: 16.1+ MB
info:  None
Executing code: %%time
### cell 2 ###

data.head(5)
memory size of country: 137745728
memory size of country: 16896128
<class 'pandas.core.series.Series'>
RangeIndex: 2112000 entries, 0 to 2111999
Series name: country
Non-Null Count    Dtype
--------------    -----
2081600 non-null  object
dtypes: object(1)
memory usage: 16.1+ MB
info:  None
Executing code: %%time
### cell 3 ###

data.describe()
Executing code: %%time
### cell 4 ###

country_names =data["country"].value_counts() #List of how many billionaires there are in the country
Executing code: %%time
### cell 5 ###

country_names
Executing code: %%time
### cell 6 ###

data_100 = data.loc[:100,["finalWorth","category","country"]]

Executing code: %%time
### cell 7 ###

data_100_category = data_100["category"].value_counts()
Executing code: %%time
### cell 8 ###

data_usa = data[data["country"]== "United States"] #We focus on billionaires based in United States

Executing code: %%time
### cell 9 ###

data_usa_category = data_usa["category"].value_counts()
data_usa_category
Executing code: %%time
### cell 10 ###

data_usa_city = data_usa["city"].value_counts()
print(data_usa_city)
data_usa_city.info()
memory size of country: 137745728
memory size of country: 16896128
<class 'pandas.core.series.Series'>
RangeIndex: 2112000 entries, 0 to 2111999
Series name: country
Non-Null Count    Dtype
--------------    -----
2081600 non-null  object
dtypes: object(1)
memory usage: 16.1+ MB
info:  None
Executing code: %%time
### cell 11 ###

data.head(5)
Executing code: %%time
### cell 12 ###

category_list = list(data.category.unique())
category_list
Executing code: %%time
### cell 13 ###

data.finalWorth = data.finalWorth.astype(float)
worth_average = []
for i in category_list:
    x = data[data['category']==i]
    worth_ratio = sum(x.finalWorth)/len(x)
    worth_average.append(worth_ratio)
data2 = pd.DataFrame({'category_list': category_list,'worth_average':worth_average})
new_index = (data2['worth_average'].sort_values(ascending=False)).index.values
new_data = data2.reindex(new_index)
memory size of country: 137745728
memory size of country: 16896128
<class 'pandas.core.series.Series'>
RangeIndex: 2112000 entries, 0 to 2111999
Series name: country
Non-Null Count    Dtype
--------------    -----
2081600 non-null  object
dtypes: object(1)
memory usage: 16.1+ MB
info:  None
Executing code: %%time
### cell 14 ###

# data3 =data.dropna(axis="index",how="any",inplace=False) # ı created new df because so many nan values was exist
#for cudf doesnt return the same df
data3 = data.dropna(axis=0, how="any", subset=data.columns)
memory size of country: 14851200
memory size of country: 3046400
<class 'pandas.core.series.Series'>
Index: 190400 entries, 1 to 2111968
Series name: country
Non-Null Count   Dtype
--------------   -----
190400 non-null  object
dtypes: object(1)
memory usage: 2.9+ MB
info:  None
Executing code: %%time
### cell 15 ###

data3.head()
memory size of country: 14851200
memory size of country: 3046400
<class 'pandas.core.series.Series'>
Index: 190400 entries, 1 to 2111968
Series name: country
Non-Null Count   Dtype
--------------   -----
190400 non-null  object
dtypes: object(1)
memory usage: 2.9+ MB
info:  None
Executing code: %%time
### cell 16 ###

data3.info() #in the new df we have 238 rows for each column
Executing code: %%time
### cell 17 ###

data3.countryOfCitizenship.unique()  # and 238 billionaires in usa, others deleted.
Executing code: %reset -f
Executing code: %reload_ext ElasticNotebook
Annotated notebook saved to /home/dias-benchmarks/notebooks/josecode1/billionaires-statistics-2023/src/gpu_to_cpu_cost_model_inputs.ipynb
Executing code: %load_ext cudf.pandas
Executing code: import sys, os
sys.path.insert(0, os.path.abspath('/home/ElasticNotebook'))
%load_ext ElasticNotebook
from elastic.core.common.pandas import compare_df
import pickle
import cudf
Executing code: # This Python 3 environment comes with many helpful analytics libraries installed
# It is defined by the kaggle/python Docker image: https://github.com/kaggle/docker-python
# For example, here's several helpful packages to load
# %load_ext cudf.pandas
import numpy as np # linear algebra
import os
if "IREWR_WITH_MODIN" in os.environ and os.environ["IREWR_WITH_MODIN"] == "True":
    # STEFANOS: Import Modin Pandas
    import os
    os.environ["MODIN_ENGINE"] = "ray"
    import ray
    ray.init(num_cpus=int(os.environ['MODIN_CPUS']), runtime_env={'env_vars': {'__MODIN_AUTOIMPORT_PANDAS__': '1'}})
    import modin.pandas as pd
else:
    # STEFANOS: Import regular Pandas
    import pandas as pd
import seaborn as sns
import matplotlib.pyplot as plt
import time
# You can write up to 20GB to the current directory (/kaggle/working/) that gets preserved as output when you create a version using "Save & Run All"
# You can also write temporary files to /kaggle/temp/, but they won't be saved outside of the current session
Executing code: %%time
### cell 0 ###

data = pd.read_csv("/home/dias-benchmarks/notebooks/josecode1/billionaires-statistics-2023/input/Billionaires Statistics Dataset.csv", index_col="rank")
memory size of country: 54720
memory size of country: 54720
<class 'pandas.core.series.Series'>
Index: 2640 entries, 1 to 2540
Series name: country
Non-Null Count  Dtype
--------------  -----
2602 non-null   object
dtypes: object(1)
memory usage: 41.2+ KB
info:  None
Executing code: %%time
### cell 1 ###

factor = 800
data = pd.concat([data]*factor, ignore_index=True)
data.info()
memory size of country: 26833604
memory size of country: 26833604
<class 'pandas.core.series.Series'>
RangeIndex: 2112000 entries, 0 to 2111999
Series name: country
Non-Null Count    Dtype
--------------    -----
2081600 non-null  object
dtypes: object(1)
memory usage: 16.1+ MB
info:  None
Executing code: %%time
### cell 2 ###

data.head(5)
memory size of country: 26833604
memory size of country: 26833604
<class 'pandas.core.series.Series'>
RangeIndex: 2112000 entries, 0 to 2111999
Series name: country
Non-Null Count    Dtype
--------------    -----
2081600 non-null  object
dtypes: object(1)
memory usage: 16.1+ MB
info:  None
Executing code: %%time
### cell 3 ###

data.describe()
Executing code: %%time
### cell 4 ###

country_names =data["country"].value_counts() #List of how many billionaires there are in the country
Executing code: %%time
### cell 5 ###

country_names
Executing code: %%time
### cell 6 ###

data_100 = data.loc[:100,["finalWorth","category","country"]]

Executing code: %%time
### cell 7 ###

data_100_category = data_100["category"].value_counts()
Executing code: %%time
### cell 8 ###

data_usa = data[data["country"]== "United States"] #We focus on billionaires based in United States

Executing code: %%time
### cell 9 ###

data_usa_category = data_usa["category"].value_counts()
data_usa_category
Executing code: %%time
### cell 10 ###

data_usa_city = data_usa["city"].value_counts()
print(data_usa_city)
data_usa_city.info()
memory size of country: 26833604
memory size of country: 26833604
<class 'pandas.core.series.Series'>
RangeIndex: 2112000 entries, 0 to 2111999
Series name: country
Non-Null Count    Dtype
--------------    -----
2081600 non-null  object
dtypes: object(1)
memory usage: 16.1+ MB
info:  None
Executing code: %%time
### cell 11 ###

data.head(5)
Executing code: %%time
### cell 12 ###

category_list = list(data.category.unique())
category_list
Executing code: %%time
### cell 13 ###

data.finalWorth = data.finalWorth.astype(float)
worth_average = []
for i in category_list:
    x = data[data['category']==i]
    worth_ratio = sum(x.finalWorth)/len(x)
    worth_average.append(worth_ratio)
data2 = pd.DataFrame({'category_list': category_list,'worth_average':worth_average})
new_index = (data2['worth_average'].sort_values(ascending=False)).index.values
new_data = data2.reindex(new_index)
memory size of country: 26833604
memory size of country: 26833604
<class 'pandas.core.series.Series'>
RangeIndex: 2112000 entries, 0 to 2111999
Series name: country
Non-Null Count    Dtype
--------------    -----
2081600 non-null  object
dtypes: object(1)
memory usage: 16.1+ MB
info:  None
Executing code: %%time
### cell 14 ###

# data3 =data.dropna(axis="index",how="any",inplace=False) # ı created new df because so many nan values was exist
#for cudf doesnt return the same df
data3 = data.dropna(axis=0, how="any", subset=data.columns)
memory size of country: 4760004
memory size of country: 4760004
<class 'pandas.core.series.Series'>
Index: 190400 entries, 1 to 2111968
Series name: country
Non-Null Count   Dtype
--------------   -----
190400 non-null  object
dtypes: object(1)
memory usage: 2.9+ MB
info:  None
Executing code: %%time
### cell 15 ###

data3.head()
memory size of country: 4760004
memory size of country: 4760004
<class 'pandas.core.series.Series'>
Index: 190400 entries, 1 to 2111968
Series name: country
Non-Null Count   Dtype
--------------   -----
190400 non-null  object
dtypes: object(1)
memory usage: 2.9+ MB
info:  None
Executing code: %%time
### cell 16 ###

data3.info() #in the new df we have 238 rows for each column
Executing code: %%time
### cell 17 ###

data3.countryOfCitizenship.unique()  # and 238 billionaires in usa, others deleted.
Executing code: %reset -f
Executing code: %reload_ext ElasticNotebook
Getting CPU to GPU transfer times
Annotated notebook saved to /home/dias-benchmarks/notebooks/josecode1/billionaires-statistics-2023/src/cpu_to_gpu_transfer_times.ipynb
Finished getting CPU to GPU transfer times
Getting GPU to CPU transfer times
Annotated notebook saved to /home/dias-benchmarks/notebooks/josecode1/billionaires-statistics-2023/src/gpu_to_cpu_transfer_times.ipynb
Finished getting GPU to CPU transfer times
cell index 0
input transfer inputs []
output transfer inputs [CostModelInput(df_name='data', df_type=<DFType.MIXED: 'mixed'>, rows=2640, cols=34, is_series=False, col_data={'finalWorth': (<DFType.NUMBER: 'number'>, 42240, 42240), 'category': (<DFType.OBJECT: 'object'>, 207543, 67627), 'personName': (<DFType.OBJECT: 'object'>, 210782, 70409), 'age': (<DFType.FLOAT: 'float'>, 42240, 42624), 'country': (<DFType.OBJECT: 'object'>, 193302, 54720), 'city': (<DFType.OBJECT: 'object'>, 190500, 52515), 'source': (<DFType.OBJECT: 'object'>, 204989, 65004), 'industries': (<DFType.OBJECT: 'object'>, 207543, 67627), 'countryOfCitizenship': (<DFType.OBJECT: 'object'>, 193798, 53882), 'organization': (<DFType.OBJECT: 'object'>, 119088, 37363), 'selfMade': (<DFType.STRING: 'string'>, 23760, 23760), 'status': (<DFType.OBJECT: 'object'>, 175741, 35825), 'gender': (<DFType.OBJECT: 'object'>, 174240, 34324), 'birthDate': (<DFType.OBJECT: 'object'>, 204945, 67313), 'lastName': (<DFType.OBJECT: 'object'>, 188223, 47964), 'firstName': (<DFType.OBJECT: 'object'>, 188334, 48763), 'title': (<DFType.OBJECT: 'object'>, 118372, 36365), 'date': (<DFType.OBJECT: 'object'>, 205920, 66004), 'state': (<DFType.OBJECT: 'object'>, 130701, 38344), 'residenceStateRegion': (<DFType.OBJECT: 'object'>, 128667, 36460), 'birthYear': (<DFType.FLOAT: 'float'>, 42240, 42624), 'birthMonth': (<DFType.FLOAT: 'float'>, 42240, 42624), 'birthDay': (<DFType.FLOAT: 'float'>, 42240, 42624), 'cpi_country': (<DFType.FLOAT: 'float'>, 42240, 42624), 'cpi_change_country': (<DFType.FLOAT: 'float'>, 42240, 42624), 'gdp_country': (<DFType.OBJECT: 'object'>, 214905, 79473), 'gross_tertiary_education_enrollment': (<DFType.FLOAT: 'float'>, 42240, 42624), 'gross_primary_education_enrollment_country': (<DFType.FLOAT: 'float'>, 42240, 42624), 'life_expectancy_country': (<DFType.FLOAT: 'float'>, 42240, 42624), 'tax_revenue_country_country': (<DFType.FLOAT: 'float'>, 42240, 42624), 'total_tax_rate_country': (<DFType.FLOAT: 'float'>, 42240, 42624), 'population_country': (<DFType.FLOAT: 'float'>, 42240, 42624), 'latitude_country': (<DFType.FLOAT: 'float'>, 42240, 42624), 'longitude_country': (<DFType.FLOAT: 'float'>, 42240, 42624)}, col_names=['finalWorth', 'category', 'personName', 'age', 'country', 'city', 'source', 'industries', 'countryOfCitizenship', 'organization', 'selfMade', 'status', 'gender', 'birthDate', 'lastName', 'firstName', 'title', 'date', 'state', 'residenceStateRegion', 'birthYear', 'birthMonth', 'birthDay', 'cpi_country', 'cpi_change_country', 'gdp_country', 'gross_tertiary_education_enrollment', 'gross_primary_education_enrollment_country', 'life_expectancy_country', 'tax_revenue_country_country', 'total_tax_rate_country', 'population_country', 'latitude_country', 'longitude_country'], cpu_to_gpu_col_transfer_times={'finalWorth': 1.76, 'category': 9.39, 'personName': 2.5, 'age': 4.5, 'country': 3.69, 'city': 4.12, 'source': 3.26, 'industries': 2.7, 'countryOfCitizenship': 2.89, 'organization': 2.77, 'selfMade': 2.48, 'status': 2.81, 'gender': 2.59, 'birthDate': 2.84, 'lastName': 2.66, 'firstName': 2.84, 'title': 2.75, 'date': 2.91, 'state': 2.97, 'residenceStateRegion': 2.79, 'birthYear': 3.2, 'birthMonth': 3.36, 'birthDay': 3.16, 'cpi_country': 2.99, 'cpi_change_country': 3.4, 'gdp_country': 2.49, 'gross_tertiary_education_enrollment': 2.84, 'gross_primary_education_enrollment_country': 3.09, 'life_expectancy_country': 2.82, 'tax_revenue_country_country': 2.89, 'total_tax_rate_country': 2.9, 'population_country': 3.05, 'latitude_country': 3.13, 'longitude_country': 2.95}, gpu_to_cpu_col_transfer_times={'finalWorth': 7.21, 'category': 14.2, 'personName': 8.34, 'age': 4.84, 'country': 7.08, 'city': 6.99, 'source': 6.69, 'industries': 7.74, 'countryOfCitizenship': 6.22, 'organization': 7.09, 'selfMade': 5.0, 'status': 6.12, 'gender': 6.29, 'birthDate': 8.03, 'lastName': 7.0, 'firstName': 7.23, 'title': 7.18, 'date': 6.29, 'state': 6.44, 'residenceStateRegion': 6.81, 'birthYear': 4.23, 'birthMonth': 4.02, 'birthDay': 4.48, 'cpi_country': 4.65, 'cpi_change_country': 4.1, 'gdp_country': 7.34, 'gross_tertiary_education_enrollment': 4.27, 'gross_primary_education_enrollment_country': 4.26, 'life_expectancy_country': 4.9, 'tax_revenue_country_country': 4.49, 'total_tax_rate_country': 4.69, 'population_country': 4.73, 'latitude_country': 4.3, 'longitude_country': 4.26}, cpu_to_gpu_transfer_time=None, gpu_to_cpu_transfer_time=None)]
cell index 1
input transfer inputs [CostModelInput(df_name='data', df_type=<DFType.MIXED: 'mixed'>, rows=2640, cols=34, is_series=False, col_data={'finalWorth': (<DFType.NUMBER: 'number'>, 42240, 42240), 'category': (<DFType.OBJECT: 'object'>, 207543, 67627), 'personName': (<DFType.OBJECT: 'object'>, 210782, 70409), 'age': (<DFType.FLOAT: 'float'>, 42240, 42624), 'country': (<DFType.OBJECT: 'object'>, 193302, 54720), 'city': (<DFType.OBJECT: 'object'>, 190500, 52515), 'source': (<DFType.OBJECT: 'object'>, 204989, 65004), 'industries': (<DFType.OBJECT: 'object'>, 207543, 67627), 'countryOfCitizenship': (<DFType.OBJECT: 'object'>, 193798, 53882), 'organization': (<DFType.OBJECT: 'object'>, 119088, 37363), 'selfMade': (<DFType.STRING: 'string'>, 23760, 23760), 'status': (<DFType.OBJECT: 'object'>, 175741, 35825), 'gender': (<DFType.OBJECT: 'object'>, 174240, 34324), 'birthDate': (<DFType.OBJECT: 'object'>, 204945, 67313), 'lastName': (<DFType.OBJECT: 'object'>, 188223, 47964), 'firstName': (<DFType.OBJECT: 'object'>, 188334, 48763), 'title': (<DFType.OBJECT: 'object'>, 118372, 36365), 'date': (<DFType.OBJECT: 'object'>, 205920, 66004), 'state': (<DFType.OBJECT: 'object'>, 130701, 38344), 'residenceStateRegion': (<DFType.OBJECT: 'object'>, 128667, 36460), 'birthYear': (<DFType.FLOAT: 'float'>, 42240, 42624), 'birthMonth': (<DFType.FLOAT: 'float'>, 42240, 42624), 'birthDay': (<DFType.FLOAT: 'float'>, 42240, 42624), 'cpi_country': (<DFType.FLOAT: 'float'>, 42240, 42624), 'cpi_change_country': (<DFType.FLOAT: 'float'>, 42240, 42624), 'gdp_country': (<DFType.OBJECT: 'object'>, 214905, 79473), 'gross_tertiary_education_enrollment': (<DFType.FLOAT: 'float'>, 42240, 42624), 'gross_primary_education_enrollment_country': (<DFType.FLOAT: 'float'>, 42240, 42624), 'life_expectancy_country': (<DFType.FLOAT: 'float'>, 42240, 42624), 'tax_revenue_country_country': (<DFType.FLOAT: 'float'>, 42240, 42624), 'total_tax_rate_country': (<DFType.FLOAT: 'float'>, 42240, 42624), 'population_country': (<DFType.FLOAT: 'float'>, 42240, 42624), 'latitude_country': (<DFType.FLOAT: 'float'>, 42240, 42624), 'longitude_country': (<DFType.FLOAT: 'float'>, 42240, 42624)}, col_names=['finalWorth', 'category', 'personName', 'age', 'country', 'city', 'source', 'industries', 'countryOfCitizenship', 'organization', 'selfMade', 'status', 'gender', 'birthDate', 'lastName', 'firstName', 'title', 'date', 'state', 'residenceStateRegion', 'birthYear', 'birthMonth', 'birthDay', 'cpi_country', 'cpi_change_country', 'gdp_country', 'gross_tertiary_education_enrollment', 'gross_primary_education_enrollment_country', 'life_expectancy_country', 'tax_revenue_country_country', 'total_tax_rate_country', 'population_country', 'latitude_country', 'longitude_country'], cpu_to_gpu_col_transfer_times={'finalWorth': 1.47, 'category': 2.88, 'personName': 2.95, 'age': 3.14, 'country': 2.93, 'city': 2.9, 'source': 3.32, 'industries': 3.24, 'countryOfCitizenship': 3.05, 'organization': 3.19, 'selfMade': 1.97, 'status': 2.59, 'gender': 2.79, 'birthDate': 2.75, 'lastName': 3.02, 'firstName': 2.46, 'title': 2.33, 'date': 2.43, 'state': 2.54, 'residenceStateRegion': 2.44, 'birthYear': 4.12, 'birthMonth': 3.56, 'birthDay': 3.63, 'cpi_country': 3.73, 'cpi_change_country': 3.65, 'gdp_country': 3.86, 'gross_tertiary_education_enrollment': 3.4, 'gross_primary_education_enrollment_country': 3.63, 'life_expectancy_country': 3.65, 'tax_revenue_country_country': 3.45, 'total_tax_rate_country': 3.07, 'population_country': 3.19, 'latitude_country': 2.78, 'longitude_country': 2.75}, gpu_to_cpu_col_transfer_times={'finalWorth': 4.84, 'category': 7.23, 'personName': 7.01, 'age': 4.66, 'country': 6.42, 'city': 6.51, 'source': 7.18, 'industries': 6.68, 'countryOfCitizenship': 6.54, 'organization': 6.8, 'selfMade': 4.35, 'status': 6.26, 'gender': 6.72, 'birthDate': 7.12, 'lastName': 6.51, 'firstName': 8.34, 'title': 6.54, 'date': 6.71, 'state': 7.0, 'residenceStateRegion': 6.83, 'birthYear': 4.63, 'birthMonth': 4.93, 'birthDay': 4.04, 'cpi_country': 4.75, 'cpi_change_country': 5.1, 'gdp_country': 6.77, 'gross_tertiary_education_enrollment': 4.7, 'gross_primary_education_enrollment_country': 4.45, 'life_expectancy_country': 4.16, 'tax_revenue_country_country': 4.23, 'total_tax_rate_country': 4.54, 'population_country': 4.19, 'latitude_country': 4.29, 'longitude_country': 4.62}, cpu_to_gpu_transfer_time=None, gpu_to_cpu_transfer_time=None)]
output transfer inputs [CostModelInput(df_name='data', df_type=<DFType.MIXED: 'mixed'>, rows=2112000, cols=34, is_series=False, col_data={'finalWorth': (<DFType.NUMBER: 'number'>, 16896128, 16896000), 'category': (<DFType.OBJECT: 'object'>, 149138528, 37202404), 'personName': (<DFType.OBJECT: 'object'>, 151729728, 39428004), 'age': (<DFType.FLOAT: 'float'>, 16896128, 17160000), 'country': (<DFType.OBJECT: 'object'>, 137745728, 26833604), 'city': (<DFType.OBJECT: 'object'>, 135504128, 25069604), 'source': (<DFType.OBJECT: 'object'>, 147095328, 35104004), 'industries': (<DFType.OBJECT: 'object'>, 149138528, 37202404), 'countryOfCitizenship': (<DFType.OBJECT: 'object'>, 138142528, 26206404), 'organization': (<DFType.OBJECT: 'object'>, 78374528, 12948004), 'selfMade': (<DFType.STRING: 'string'>, 2112128, 2112000), 'status': (<DFType.OBJECT: 'object'>, 123696928, 11760804), 'gender': (<DFType.OBJECT: 'object'>, 122496128, 10560004), 'birthDate': (<DFType.OBJECT: 'object'>, 147060128, 36908004), 'lastName': (<DFType.OBJECT: 'object'>, 133682528, 21472004), 'firstName': (<DFType.OBJECT: 'object'>, 133771328, 22068004), 'title': (<DFType.OBJECT: 'object'>, 77801728, 12149604), 'date': (<DFType.OBJECT: 'object'>, 147840128, 35904004), 'state': (<DFType.OBJECT: 'object'>, 87664928, 13732804), 'residenceStateRegion': (<DFType.OBJECT: 'object'>, 86037728, 12225604), 'birthYear': (<DFType.FLOAT: 'float'>, 16896128, 17160000), 'birthMonth': (<DFType.FLOAT: 'float'>, 16896128, 17160000), 'birthDay': (<DFType.FLOAT: 'float'>, 16896128, 17160000), 'cpi_country': (<DFType.FLOAT: 'float'>, 16896128, 17160000), 'cpi_change_country': (<DFType.FLOAT: 'float'>, 16896128, 17160000), 'gdp_country': (<DFType.OBJECT: 'object'>, 155028128, 46636004), 'gross_tertiary_education_enrollment': (<DFType.FLOAT: 'float'>, 16896128, 17160000), 'gross_primary_education_enrollment_country': (<DFType.FLOAT: 'float'>, 16896128, 17160000), 'life_expectancy_country': (<DFType.FLOAT: 'float'>, 16896128, 17160000), 'tax_revenue_country_country': (<DFType.FLOAT: 'float'>, 16896128, 17160000), 'total_tax_rate_country': (<DFType.FLOAT: 'float'>, 16896128, 17160000), 'population_country': (<DFType.FLOAT: 'float'>, 16896128, 17160000), 'latitude_country': (<DFType.FLOAT: 'float'>, 16896128, 17160000), 'longitude_country': (<DFType.FLOAT: 'float'>, 16896128, 17160000)}, col_names=['finalWorth', 'category', 'personName', 'age', 'country', 'city', 'source', 'industries', 'countryOfCitizenship', 'organization', 'selfMade', 'status', 'gender', 'birthDate', 'lastName', 'firstName', 'title', 'date', 'state', 'residenceStateRegion', 'birthYear', 'birthMonth', 'birthDay', 'cpi_country', 'cpi_change_country', 'gdp_country', 'gross_tertiary_education_enrollment', 'gross_primary_education_enrollment_country', 'life_expectancy_country', 'tax_revenue_country_country', 'total_tax_rate_country', 'population_country', 'latitude_country', 'longitude_country'], cpu_to_gpu_col_transfer_times={'finalWorth': 26.3, 'category': 255.0, 'personName': 218.0, 'age': 7.17, 'country': 166.0, 'city': 178.0, 'source': 172.0, 'industries': 168.0, 'countryOfCitizenship': 166.0, 'organization': 124.0, 'selfMade': 3.95, 'status': 138.0, 'gender': 139.0, 'birthDate': 174.0, 'lastName': 162.0, 'firstName': 151.0, 'title': 139.0, 'date': 156.0, 'state': 149.0, 'residenceStateRegion': 144.0, 'birthYear': 7.86, 'birthMonth': 7.43, 'birthDay': 7.32, 'cpi_country': 7.33, 'cpi_change_country': 7.08, 'gdp_country': 194.0, 'gross_tertiary_education_enrollment': 7.06, 'gross_primary_education_enrollment_country': 6.75, 'life_expectancy_country': 6.6, 'tax_revenue_country_country': 6.8, 'total_tax_rate_country': 6.64, 'population_country': 6.69, 'latitude_country': 6.61, 'longitude_country': 6.43}, gpu_to_cpu_col_transfer_times={'finalWorth': 181.0, 'category': 730.0, 'personName': 714.0, 'age': 70.4, 'country': 711.0, 'city': 704.0, 'source': 696.0, 'industries': 689.0, 'countryOfCitizenship': 701.0, 'organization': 605.0, 'selfMade': 232.0, 'status': 625.0, 'gender': 619.0, 'birthDate': 729.0, 'lastName': 669.0, 'firstName': 666.0, 'title': 575.0, 'date': 715.0, 'state': 590.0, 'residenceStateRegion': 605.0, 'birthYear': 58.4, 'birthMonth': 79.8, 'birthDay': 44.0, 'cpi_country': 44.4, 'cpi_change_country': 45.1, 'gdp_country': 732.0, 'gross_tertiary_education_enrollment': 42.9, 'gross_primary_education_enrollment_country': 43.1, 'life_expectancy_country': 67.5, 'tax_revenue_country_country': 50.5, 'total_tax_rate_country': 42.2, 'population_country': 41.6, 'latitude_country': 50.8, 'longitude_country': 41.9}, cpu_to_gpu_transfer_time=None, gpu_to_cpu_transfer_time=None)]
cell index 2
input transfer inputs [CostModelInput(df_name='data', df_type=<DFType.MIXED: 'mixed'>, rows=2112000, cols=34, is_series=False, col_data={'finalWorth': (<DFType.NUMBER: 'number'>, 16896128, 16896000), 'category': (<DFType.OBJECT: 'object'>, 149138528, 37202404), 'personName': (<DFType.OBJECT: 'object'>, 151729728, 39428004), 'age': (<DFType.FLOAT: 'float'>, 16896128, 17160000), 'country': (<DFType.OBJECT: 'object'>, 137745728, 26833604), 'city': (<DFType.OBJECT: 'object'>, 135504128, 25069604), 'source': (<DFType.OBJECT: 'object'>, 147095328, 35104004), 'industries': (<DFType.OBJECT: 'object'>, 149138528, 37202404), 'countryOfCitizenship': (<DFType.OBJECT: 'object'>, 138142528, 26206404), 'organization': (<DFType.OBJECT: 'object'>, 78374528, 12948004), 'selfMade': (<DFType.STRING: 'string'>, 2112128, 2112000), 'status': (<DFType.OBJECT: 'object'>, 123696928, 11760804), 'gender': (<DFType.OBJECT: 'object'>, 122496128, 10560004), 'birthDate': (<DFType.OBJECT: 'object'>, 147060128, 36908004), 'lastName': (<DFType.OBJECT: 'object'>, 133682528, 21472004), 'firstName': (<DFType.OBJECT: 'object'>, 133771328, 22068004), 'title': (<DFType.OBJECT: 'object'>, 77801728, 12149604), 'date': (<DFType.OBJECT: 'object'>, 147840128, 35904004), 'state': (<DFType.OBJECT: 'object'>, 87664928, 13732804), 'residenceStateRegion': (<DFType.OBJECT: 'object'>, 86037728, 12225604), 'birthYear': (<DFType.FLOAT: 'float'>, 16896128, 17160000), 'birthMonth': (<DFType.FLOAT: 'float'>, 16896128, 17160000), 'birthDay': (<DFType.FLOAT: 'float'>, 16896128, 17160000), 'cpi_country': (<DFType.FLOAT: 'float'>, 16896128, 17160000), 'cpi_change_country': (<DFType.FLOAT: 'float'>, 16896128, 17160000), 'gdp_country': (<DFType.OBJECT: 'object'>, 155028128, 46636004), 'gross_tertiary_education_enrollment': (<DFType.FLOAT: 'float'>, 16896128, 17160000), 'gross_primary_education_enrollment_country': (<DFType.FLOAT: 'float'>, 16896128, 17160000), 'life_expectancy_country': (<DFType.FLOAT: 'float'>, 16896128, 17160000), 'tax_revenue_country_country': (<DFType.FLOAT: 'float'>, 16896128, 17160000), 'total_tax_rate_country': (<DFType.FLOAT: 'float'>, 16896128, 17160000), 'population_country': (<DFType.FLOAT: 'float'>, 16896128, 17160000), 'latitude_country': (<DFType.FLOAT: 'float'>, 16896128, 17160000), 'longitude_country': (<DFType.FLOAT: 'float'>, 16896128, 17160000)}, col_names=['finalWorth', 'category', 'personName', 'age', 'country', 'city', 'source', 'industries', 'countryOfCitizenship', 'organization', 'selfMade', 'status', 'gender', 'birthDate', 'lastName', 'firstName', 'title', 'date', 'state', 'residenceStateRegion', 'birthYear', 'birthMonth', 'birthDay', 'cpi_country', 'cpi_change_country', 'gdp_country', 'gross_tertiary_education_enrollment', 'gross_primary_education_enrollment_country', 'life_expectancy_country', 'tax_revenue_country_country', 'total_tax_rate_country', 'population_country', 'latitude_country', 'longitude_country'], cpu_to_gpu_col_transfer_times={'finalWorth': 4.25, 'category': 167.0, 'personName': 166.0, 'age': 7.05, 'country': 164.0, 'city': 161.0, 'source': 176.0, 'industries': 171.0, 'countryOfCitizenship': 163.0, 'organization': 123.0, 'selfMade': 1.69, 'status': 159.0, 'gender': 141.0, 'birthDate': 157.0, 'lastName': 153.0, 'firstName': 150.0, 'title': 124.0, 'date': 157.0, 'state': 145.0, 'residenceStateRegion': 149.0, 'birthYear': 7.01, 'birthMonth': 6.69, 'birthDay': 6.52, 'cpi_country': 6.83, 'cpi_change_country': 6.7, 'gdp_country': 186.0, 'gross_tertiary_education_enrollment': 6.97, 'gross_primary_education_enrollment_country': 6.85, 'life_expectancy_country': 6.69, 'tax_revenue_country_country': 6.84, 'total_tax_rate_country': 6.92, 'population_country': 7.0, 'latitude_country': 7.48, 'longitude_country': 6.84}, gpu_to_cpu_col_transfer_times={'finalWorth': 37.6, 'category': 684.0, 'personName': 731.0, 'age': 43.5, 'country': 670.0, 'city': 666.0, 'source': 692.0, 'industries': 717.0, 'countryOfCitizenship': 669.0, 'organization': 554.0, 'selfMade': 18.3, 'status': 647.0, 'gender': 617.0, 'birthDate': 670.0, 'lastName': 661.0, 'firstName': 698.0, 'title': 564.0, 'date': 656.0, 'state': 585.0, 'residenceStateRegion': 629.0, 'birthYear': 43.7, 'birthMonth': 41.7, 'birthDay': 42.6, 'cpi_country': 51.3, 'cpi_change_country': 42.6, 'gdp_country': 726.0, 'gross_tertiary_education_enrollment': 43.8, 'gross_primary_education_enrollment_country': 50.3, 'life_expectancy_country': 42.4, 'tax_revenue_country_country': 41.6, 'total_tax_rate_country': 41.5, 'population_country': 42.3, 'latitude_country': 41.8, 'longitude_country': 41.6}, cpu_to_gpu_transfer_time=None, gpu_to_cpu_transfer_time=None)]
output transfer inputs []
cell index 3
input transfer inputs [CostModelInput(df_name='data', df_type=<DFType.MIXED: 'mixed'>, rows=2112000, cols=34, is_series=False, col_data={'finalWorth': (<DFType.NUMBER: 'number'>, 16896128, 16896000), 'category': (<DFType.OBJECT: 'object'>, 149138528, 37202404), 'personName': (<DFType.OBJECT: 'object'>, 151729728, 39428004), 'age': (<DFType.FLOAT: 'float'>, 16896128, 17160000), 'country': (<DFType.OBJECT: 'object'>, 137745728, 26833604), 'city': (<DFType.OBJECT: 'object'>, 135504128, 25069604), 'source': (<DFType.OBJECT: 'object'>, 147095328, 35104004), 'industries': (<DFType.OBJECT: 'object'>, 149138528, 37202404), 'countryOfCitizenship': (<DFType.OBJECT: 'object'>, 138142528, 26206404), 'organization': (<DFType.OBJECT: 'object'>, 78374528, 12948004), 'selfMade': (<DFType.STRING: 'string'>, 2112128, 2112000), 'status': (<DFType.OBJECT: 'object'>, 123696928, 11760804), 'gender': (<DFType.OBJECT: 'object'>, 122496128, 10560004), 'birthDate': (<DFType.OBJECT: 'object'>, 147060128, 36908004), 'lastName': (<DFType.OBJECT: 'object'>, 133682528, 21472004), 'firstName': (<DFType.OBJECT: 'object'>, 133771328, 22068004), 'title': (<DFType.OBJECT: 'object'>, 77801728, 12149604), 'date': (<DFType.OBJECT: 'object'>, 147840128, 35904004), 'state': (<DFType.OBJECT: 'object'>, 87664928, 13732804), 'residenceStateRegion': (<DFType.OBJECT: 'object'>, 86037728, 12225604), 'birthYear': (<DFType.FLOAT: 'float'>, 16896128, 17160000), 'birthMonth': (<DFType.FLOAT: 'float'>, 16896128, 17160000), 'birthDay': (<DFType.FLOAT: 'float'>, 16896128, 17160000), 'cpi_country': (<DFType.FLOAT: 'float'>, 16896128, 17160000), 'cpi_change_country': (<DFType.FLOAT: 'float'>, 16896128, 17160000), 'gdp_country': (<DFType.OBJECT: 'object'>, 155028128, 46636004), 'gross_tertiary_education_enrollment': (<DFType.FLOAT: 'float'>, 16896128, 17160000), 'gross_primary_education_enrollment_country': (<DFType.FLOAT: 'float'>, 16896128, 17160000), 'life_expectancy_country': (<DFType.FLOAT: 'float'>, 16896128, 17160000), 'tax_revenue_country_country': (<DFType.FLOAT: 'float'>, 16896128, 17160000), 'total_tax_rate_country': (<DFType.FLOAT: 'float'>, 16896128, 17160000), 'population_country': (<DFType.FLOAT: 'float'>, 16896128, 17160000), 'latitude_country': (<DFType.FLOAT: 'float'>, 16896128, 17160000), 'longitude_country': (<DFType.FLOAT: 'float'>, 16896128, 17160000)}, col_names=['finalWorth', 'category', 'personName', 'age', 'country', 'city', 'source', 'industries', 'countryOfCitizenship', 'organization', 'selfMade', 'status', 'gender', 'birthDate', 'lastName', 'firstName', 'title', 'date', 'state', 'residenceStateRegion', 'birthYear', 'birthMonth', 'birthDay', 'cpi_country', 'cpi_change_country', 'gdp_country', 'gross_tertiary_education_enrollment', 'gross_primary_education_enrollment_country', 'life_expectancy_country', 'tax_revenue_country_country', 'total_tax_rate_country', 'population_country', 'latitude_country', 'longitude_country'], cpu_to_gpu_col_transfer_times={'finalWorth': 5.0, 'category': 168.0, 'personName': 179.0, 'age': 6.82, 'country': 161.0, 'city': 152.0, 'source': 165.0, 'industries': 165.0, 'countryOfCitizenship': 163.0, 'organization': 127.0, 'selfMade': 1.64, 'status': 138.0, 'gender': 138.0, 'birthDate': 157.0, 'lastName': 156.0, 'firstName': 148.0, 'title': 145.0, 'date': 183.0, 'state': 154.0, 'residenceStateRegion': 144.0, 'birthYear': 6.96, 'birthMonth': 6.92, 'birthDay': 6.81, 'cpi_country': 6.68, 'cpi_change_country': 6.7, 'gdp_country': 186.0, 'gross_tertiary_education_enrollment': 7.2, 'gross_primary_education_enrollment_country': 6.83, 'life_expectancy_country': 6.75, 'tax_revenue_country_country': 6.81, 'total_tax_rate_country': 6.9, 'population_country': 7.24, 'latitude_country': 6.89, 'longitude_country': 7.55}, gpu_to_cpu_col_transfer_times={'finalWorth': 37.8, 'category': 678.0, 'personName': 710.0, 'age': 42.8, 'country': 700.0, 'city': 682.0, 'source': 728.0, 'industries': 695.0, 'countryOfCitizenship': 672.0, 'organization': 666.0, 'selfMade': 50.0, 'status': 679.0, 'gender': 639.0, 'birthDate': 683.0, 'lastName': 707.0, 'firstName': 658.0, 'title': 554.0, 'date': 656.0, 'state': 632.0, 'residenceStateRegion': 587.0, 'birthYear': 43.7, 'birthMonth': 42.3, 'birthDay': 56.9, 'cpi_country': 41.7, 'cpi_change_country': 41.8, 'gdp_country': 729.0, 'gross_tertiary_education_enrollment': 51.9, 'gross_primary_education_enrollment_country': 43.8, 'life_expectancy_country': 42.7, 'tax_revenue_country_country': 42.8, 'total_tax_rate_country': 41.9, 'population_country': 41.4, 'latitude_country': 41.3, 'longitude_country': 54.8}, cpu_to_gpu_transfer_time=None, gpu_to_cpu_transfer_time=None)]
output transfer inputs []
cell index 4
input transfer inputs [CostModelInput(df_name='data', df_type=<DFType.OBJECT: 'object'>, rows=2112000, cols=1, is_series=False, col_data={'country': (<DFType.OBJECT: 'object'>, 137745728, 26833604)}, col_names=['country'], cpu_to_gpu_col_transfer_times={'country': 267.0}, gpu_to_cpu_col_transfer_times={'country': 681.0}, cpu_to_gpu_transfer_time=None, gpu_to_cpu_transfer_time=None)]
output transfer inputs [CostModelInput(df_name='country_names', df_type=<DFType.NUMBER: 'number'>, rows=78, cols=1, is_series=True, col_data={'': (<DFType.NUMBER: 'number'>, 5720, 1590)}, col_names=None, cpu_to_gpu_col_transfer_times=None, gpu_to_cpu_col_transfer_times=None, cpu_to_gpu_transfer_time=2.52, gpu_to_cpu_transfer_time=0.00644)]
cell index 5
input transfer inputs [CostModelInput(df_name='country_names', df_type=<DFType.NUMBER: 'number'>, rows=78, cols=1, is_series=True, col_data={'': (<DFType.NUMBER: 'number'>, 5720, 1590)}, col_names=None, cpu_to_gpu_col_transfer_times=None, gpu_to_cpu_col_transfer_times=None, cpu_to_gpu_transfer_time=2.29, gpu_to_cpu_transfer_time=0.00596)]
output transfer inputs []
cell index 6
input transfer inputs [CostModelInput(df_name='data', df_type=<DFType.NUMBER: 'number'>, rows=2112000, cols=3, is_series=False, col_data={'category': (<DFType.OBJECT: 'object'>, 149138528, 37202404), 'finalWorth': (<DFType.NUMBER: 'number'>, 16896128, 16896000), 'country': (<DFType.OBJECT: 'object'>, 137745728, 26833604)}, col_names=['category', 'finalWorth', 'country'], cpu_to_gpu_col_transfer_times={'category': 249.0, 'finalWorth': 5.24, 'country': 251.0}, gpu_to_cpu_col_transfer_times={'category': 912.0, 'finalWorth': 45.2, 'country': 708.0}, cpu_to_gpu_transfer_time=None, gpu_to_cpu_transfer_time=None)]
output transfer inputs [CostModelInput(df_name='data_100', df_type=<DFType.NUMBER: 'number'>, rows=101, cols=3, is_series=False, col_data={'finalWorth': (<DFType.NUMBER: 'number'>, 936, 808), 'category': (<DFType.OBJECT: 'object'>, 7268, 1791), 'country': (<DFType.OBJECT: 'object'>, 6848, 1435)}, col_names=['finalWorth', 'category', 'country'], cpu_to_gpu_col_transfer_times={'finalWorth': 1.02, 'category': 1.49, 'country': 1.54}, gpu_to_cpu_col_transfer_times={'finalWorth': 4.0, 'category': 19.2, 'country': 9.44}, cpu_to_gpu_transfer_time=None, gpu_to_cpu_transfer_time=None)]
cell index 7
input transfer inputs [CostModelInput(df_name='data_100', df_type=<DFType.OBJECT: 'object'>, rows=101, cols=1, is_series=False, col_data={'category': (<DFType.OBJECT: 'object'>, 7268, 1791)}, col_names=['category'], cpu_to_gpu_col_transfer_times={'category': 0.998}, gpu_to_cpu_col_transfer_times={'category': 11.4}, cpu_to_gpu_transfer_time=None, gpu_to_cpu_transfer_time=None)]
output transfer inputs []
cell index 8
input transfer inputs [CostModelInput(df_name='data', df_type=<DFType.OBJECT: 'object'>, rows=2112000, cols=1, is_series=False, col_data={'country': (<DFType.OBJECT: 'object'>, 137745728, 26833604)}, col_names=['country'], cpu_to_gpu_col_transfer_times={'country': 249.0}, gpu_to_cpu_col_transfer_times={'country': 891.0}, cpu_to_gpu_transfer_time=None, gpu_to_cpu_transfer_time=None)]
output transfer inputs [CostModelInput(df_name='data_usa', df_type=<DFType.MIXED: 'mixed'>, rows=603200, cols=34, is_series=False, col_data={'finalWorth': (<DFType.NUMBER: 'number'>, 9651200, 9651200), 'category': (<DFType.OBJECT: 'object'>, 47775200, 15805604), 'personName': (<DFType.OBJECT: 'object'>, 47716000, 15710404), 'age': (<DFType.FLOAT: 'float'>, 9651200, 9651200), 'country': (<DFType.OBJECT: 'object'>, 47049600, 15080004), 'city': (<DFType.OBJECT: 'object'>, 44600000, 12785860), 'source': (<DFType.OBJECT: 'object'>, 47048800, 15042404), 'industries': (<DFType.OBJECT: 'object'>, 47775200, 15805604), 'countryOfCitizenship': (<DFType.OBJECT: 'object'>, 46849600, 14880004), 'organization': (<DFType.OBJECT: 'object'>, 32080000, 10427460), 'selfMade': (<DFType.STRING: 'string'>, 5428800, 5428800), 'status': (<DFType.OBJECT: 'object'>, 39978400, 8008804), 'gender': (<DFType.OBJECT: 'object'>, 39811200, 7841604), 'birthDate': (<DFType.OBJECT: 'object'>, 47592800, 15623204), 'lastName': (<DFType.OBJECT: 'object'>, 43151200, 11164004), 'firstName': (<DFType.OBJECT: 'object'>, 42593600, 10721060), 'title': (<DFType.OBJECT: 'object'>, 31900800, 9926660), 'date': (<DFType.OBJECT: 'object'>, 47049600, 15080004), 'state': (<DFType.OBJECT: 'object'>, 44208800, 12334660), 'residenceStateRegion': (<DFType.OBJECT: 'object'>, 42581600, 10827460), 'birthYear': (<DFType.FLOAT: 'float'>, 9651200, 9651200), 'birthMonth': (<DFType.FLOAT: 'float'>, 9651200, 9651200), 'birthDay': (<DFType.FLOAT: 'float'>, 9651200, 9651200), 'cpi_country': (<DFType.FLOAT: 'float'>, 9651200, 9651200), 'cpi_change_country': (<DFType.FLOAT: 'float'>, 9651200, 9651200), 'gdp_country': (<DFType.OBJECT: 'object'>, 51272000, 19302404), 'gross_tertiary_education_enrollment': (<DFType.FLOAT: 'float'>, 9651200, 9651200), 'gross_primary_education_enrollment_country': (<DFType.FLOAT: 'float'>, 9651200, 9651200), 'life_expectancy_country': (<DFType.FLOAT: 'float'>, 9651200, 9651200), 'tax_revenue_country_country': (<DFType.FLOAT: 'float'>, 9651200, 9651200), 'total_tax_rate_country': (<DFType.FLOAT: 'float'>, 9651200, 9651200), 'population_country': (<DFType.FLOAT: 'float'>, 9651200, 9651200), 'latitude_country': (<DFType.FLOAT: 'float'>, 9651200, 9651200), 'longitude_country': (<DFType.FLOAT: 'float'>, 9651200, 9651200)}, col_names=['finalWorth', 'category', 'personName', 'age', 'country', 'city', 'source', 'industries', 'countryOfCitizenship', 'organization', 'selfMade', 'status', 'gender', 'birthDate', 'lastName', 'firstName', 'title', 'date', 'state', 'residenceStateRegion', 'birthYear', 'birthMonth', 'birthDay', 'cpi_country', 'cpi_change_country', 'gdp_country', 'gross_tertiary_education_enrollment', 'gross_primary_education_enrollment_country', 'life_expectancy_country', 'tax_revenue_country_country', 'total_tax_rate_country', 'population_country', 'latitude_country', 'longitude_country'], cpu_to_gpu_col_transfer_times={'finalWorth': 8.7, 'category': 82.0, 'personName': 73.6, 'age': 5.61, 'country': 75.2, 'city': 75.5, 'source': 75.3, 'industries': 87.3, 'countryOfCitizenship': 77.9, 'organization': 70.9, 'selfMade': 5.3, 'status': 54.7, 'gender': 76.2, 'birthDate': 83.2, 'lastName': 83.3, 'firstName': 89.8, 'title': 75.0, 'date': 76.5, 'state': 83.8, 'residenceStateRegion': 84.5, 'birthYear': 5.83, 'birthMonth': 6.44, 'birthDay': 6.03, 'cpi_country': 6.01, 'cpi_change_country': 4.69, 'gdp_country': 52.4, 'gross_tertiary_education_enrollment': 6.63, 'gross_primary_education_enrollment_country': 5.83, 'life_expectancy_country': 5.38, 'tax_revenue_country_country': 5.3, 'total_tax_rate_country': 5.29, 'population_country': 5.05, 'latitude_country': 3.99, 'longitude_country': 4.27}, gpu_to_cpu_col_transfer_times={'finalWorth': 30.2, 'category': 215.0, 'personName': 215.0, 'age': 32.2, 'country': 204.0, 'city': 209.0, 'source': 223.0, 'industries': 217.0, 'countryOfCitizenship': 223.0, 'organization': 189.0, 'selfMade': 27.5, 'status': 197.0, 'gender': 197.0, 'birthDate': 219.0, 'lastName': 207.0, 'firstName': 206.0, 'title': 201.0, 'date': 207.0, 'state': 208.0, 'residenceStateRegion': 220.0, 'birthYear': 31.1, 'birthMonth': 26.4, 'birthDay': 26.4, 'cpi_country': 27.8, 'cpi_change_country': 26.2, 'gdp_country': 215.0, 'gross_tertiary_education_enrollment': 27.6, 'gross_primary_education_enrollment_country': 31.0, 'life_expectancy_country': 26.0, 'tax_revenue_country_country': 26.2, 'total_tax_rate_country': 27.3, 'population_country': 26.2, 'latitude_country': 26.2, 'longitude_country': 26.4}, cpu_to_gpu_transfer_time=None, gpu_to_cpu_transfer_time=None)]
cell index 9
input transfer inputs [CostModelInput(df_name='data_usa', df_type=<DFType.OBJECT: 'object'>, rows=603200, cols=1, is_series=False, col_data={'category': (<DFType.OBJECT: 'object'>, 47775200, 15805604)}, col_names=['category'], cpu_to_gpu_col_transfer_times={'category': 52.4}, gpu_to_cpu_col_transfer_times={'category': 215.0}, cpu_to_gpu_transfer_time=None, gpu_to_cpu_transfer_time=None)]
output transfer inputs []
cell index 10
input transfer inputs [CostModelInput(df_name='data_usa', df_type=<DFType.OBJECT: 'object'>, rows=603200, cols=1, is_series=False, col_data={'city': (<DFType.OBJECT: 'object'>, 44600000, 12785860)}, col_names=['city'], cpu_to_gpu_col_transfer_times={'city': 47.3}, gpu_to_cpu_col_transfer_times={'city': 212.0}, cpu_to_gpu_transfer_time=None, gpu_to_cpu_transfer_time=None)]
output transfer inputs []
cell index 11
input transfer inputs [CostModelInput(df_name='data', df_type=<DFType.MIXED: 'mixed'>, rows=2112000, cols=34, is_series=False, col_data={'finalWorth': (<DFType.NUMBER: 'number'>, 16896128, 16896000), 'category': (<DFType.OBJECT: 'object'>, 149138528, 37202404), 'personName': (<DFType.OBJECT: 'object'>, 151729728, 39428004), 'age': (<DFType.FLOAT: 'float'>, 16896128, 17160000), 'country': (<DFType.OBJECT: 'object'>, 137745728, 26833604), 'city': (<DFType.OBJECT: 'object'>, 135504128, 25069604), 'source': (<DFType.OBJECT: 'object'>, 147095328, 35104004), 'industries': (<DFType.OBJECT: 'object'>, 149138528, 37202404), 'countryOfCitizenship': (<DFType.OBJECT: 'object'>, 138142528, 26206404), 'organization': (<DFType.OBJECT: 'object'>, 78374528, 12948004), 'selfMade': (<DFType.STRING: 'string'>, 2112128, 2112000), 'status': (<DFType.OBJECT: 'object'>, 123696928, 11760804), 'gender': (<DFType.OBJECT: 'object'>, 122496128, 10560004), 'birthDate': (<DFType.OBJECT: 'object'>, 147060128, 36908004), 'lastName': (<DFType.OBJECT: 'object'>, 133682528, 21472004), 'firstName': (<DFType.OBJECT: 'object'>, 133771328, 22068004), 'title': (<DFType.OBJECT: 'object'>, 77801728, 12149604), 'date': (<DFType.OBJECT: 'object'>, 147840128, 35904004), 'state': (<DFType.OBJECT: 'object'>, 87664928, 13732804), 'residenceStateRegion': (<DFType.OBJECT: 'object'>, 86037728, 12225604), 'birthYear': (<DFType.FLOAT: 'float'>, 16896128, 17160000), 'birthMonth': (<DFType.FLOAT: 'float'>, 16896128, 17160000), 'birthDay': (<DFType.FLOAT: 'float'>, 16896128, 17160000), 'cpi_country': (<DFType.FLOAT: 'float'>, 16896128, 17160000), 'cpi_change_country': (<DFType.FLOAT: 'float'>, 16896128, 17160000), 'gdp_country': (<DFType.OBJECT: 'object'>, 155028128, 46636004), 'gross_tertiary_education_enrollment': (<DFType.FLOAT: 'float'>, 16896128, 17160000), 'gross_primary_education_enrollment_country': (<DFType.FLOAT: 'float'>, 16896128, 17160000), 'life_expectancy_country': (<DFType.FLOAT: 'float'>, 16896128, 17160000), 'tax_revenue_country_country': (<DFType.FLOAT: 'float'>, 16896128, 17160000), 'total_tax_rate_country': (<DFType.FLOAT: 'float'>, 16896128, 17160000), 'population_country': (<DFType.FLOAT: 'float'>, 16896128, 17160000), 'latitude_country': (<DFType.FLOAT: 'float'>, 16896128, 17160000), 'longitude_country': (<DFType.FLOAT: 'float'>, 16896128, 17160000)}, col_names=['finalWorth', 'category', 'personName', 'age', 'country', 'city', 'source', 'industries', 'countryOfCitizenship', 'organization', 'selfMade', 'status', 'gender', 'birthDate', 'lastName', 'firstName', 'title', 'date', 'state', 'residenceStateRegion', 'birthYear', 'birthMonth', 'birthDay', 'cpi_country', 'cpi_change_country', 'gdp_country', 'gross_tertiary_education_enrollment', 'gross_primary_education_enrollment_country', 'life_expectancy_country', 'tax_revenue_country_country', 'total_tax_rate_country', 'population_country', 'latitude_country', 'longitude_country'], cpu_to_gpu_col_transfer_times={'finalWorth': 4.87, 'category': 167.0, 'personName': 164.0, 'age': 7.27, 'country': 163.0, 'city': 154.0, 'source': 167.0, 'industries': 168.0, 'countryOfCitizenship': 163.0, 'organization': 124.0, 'selfMade': 1.9, 'status': 138.0, 'gender': 140.0, 'birthDate': 167.0, 'lastName': 152.0, 'firstName': 150.0, 'title': 124.0, 'date': 156.0, 'state': 144.0, 'residenceStateRegion': 155.0, 'birthYear': 6.84, 'birthMonth': 6.72, 'birthDay': 6.67, 'cpi_country': 6.68, 'cpi_change_country': 6.32, 'gdp_country': 180.0, 'gross_tertiary_education_enrollment': 6.68, 'gross_primary_education_enrollment_country': 6.6, 'life_expectancy_country': 6.49, 'tax_revenue_country_country': 6.94, 'total_tax_rate_country': 6.43, 'population_country': 6.52, 'latitude_country': 6.61, 'longitude_country': 6.59}, gpu_to_cpu_col_transfer_times={'finalWorth': 36.9, 'category': 695.0, 'personName': 729.0, 'age': 60.3, 'country': 686.0, 'city': 703.0, 'source': 697.0, 'industries': 715.0, 'countryOfCitizenship': 693.0, 'organization': 561.0, 'selfMade': 19.2, 'status': 653.0, 'gender': 620.0, 'birthDate': 688.0, 'lastName': 683.0, 'firstName': 738.0, 'title': 556.0, 'date': 652.0, 'state': 599.0, 'residenceStateRegion': 640.0, 'birthYear': 43.6, 'birthMonth': 42.4, 'birthDay': 54.3, 'cpi_country': 48.3, 'cpi_change_country': 41.6, 'gdp_country': 738.0, 'gross_tertiary_education_enrollment': 68.3, 'gross_primary_education_enrollment_country': 50.4, 'life_expectancy_country': 42.7, 'tax_revenue_country_country': 41.9, 'total_tax_rate_country': 51.9, 'population_country': 41.6, 'latitude_country': 41.7, 'longitude_country': 41.8}, cpu_to_gpu_transfer_time=None, gpu_to_cpu_transfer_time=None)]
output transfer inputs []
cell index 12
input transfer inputs [CostModelInput(df_name='data', df_type=<DFType.OBJECT: 'object'>, rows=2112000, cols=1, is_series=False, col_data={'category': (<DFType.OBJECT: 'object'>, 149138528, 37202404)}, col_names=['category'], cpu_to_gpu_col_transfer_times={'category': 169.0}, gpu_to_cpu_col_transfer_times={'category': 703.0}, cpu_to_gpu_transfer_time=None, gpu_to_cpu_transfer_time=None)]
output transfer inputs []
cell index 13
input transfer inputs [CostModelInput(df_name='data', df_type=<DFType.NUMBER: 'number'>, rows=2112000, cols=2, is_series=False, col_data={'category': (<DFType.OBJECT: 'object'>, 149138528, 37202404), 'finalWorth': (<DFType.NUMBER: 'number'>, 16896128, 16896000)}, col_names=['category', 'finalWorth'], cpu_to_gpu_col_transfer_times={'category': 169.0, 'finalWorth': 4.69}, gpu_to_cpu_col_transfer_times={'category': 683.0, 'finalWorth': 61.9}, cpu_to_gpu_transfer_time=None, gpu_to_cpu_transfer_time=None)]
output transfer inputs [CostModelInput(df_name='data', df_type=<DFType.FLOAT: 'float'>, rows=2112000, cols=34, is_series=False, col_data={'finalWorth': (<DFType.FLOAT: 'float'>, 16896128, 16896000)}, col_names=['finalWorth'], cpu_to_gpu_col_transfer_times={'finalWorth': 6.71}, gpu_to_cpu_col_transfer_times={'finalWorth': 37.6}, cpu_to_gpu_transfer_time=None, gpu_to_cpu_transfer_time=None)]
cell index 14
input transfer inputs [CostModelInput(df_name='data', df_type=<DFType.FLOAT: 'float'>, rows=2112000, cols=34, is_series=False, col_data={'finalWorth': (<DFType.FLOAT: 'float'>, 16896128, 16896000), 'category': (<DFType.OBJECT: 'object'>, 149138528, 37202404), 'personName': (<DFType.OBJECT: 'object'>, 151729728, 39428004), 'age': (<DFType.FLOAT: 'float'>, 16896128, 17160000), 'country': (<DFType.OBJECT: 'object'>, 137745728, 26833604), 'city': (<DFType.OBJECT: 'object'>, 135504128, 25069604), 'source': (<DFType.OBJECT: 'object'>, 147095328, 35104004), 'industries': (<DFType.OBJECT: 'object'>, 149138528, 37202404), 'countryOfCitizenship': (<DFType.OBJECT: 'object'>, 138142528, 26206404), 'organization': (<DFType.OBJECT: 'object'>, 78374528, 12948004), 'selfMade': (<DFType.STRING: 'string'>, 2112128, 2112000), 'status': (<DFType.OBJECT: 'object'>, 123696928, 11760804), 'gender': (<DFType.OBJECT: 'object'>, 122496128, 10560004), 'birthDate': (<DFType.OBJECT: 'object'>, 147060128, 36908004), 'lastName': (<DFType.OBJECT: 'object'>, 133682528, 21472004), 'firstName': (<DFType.OBJECT: 'object'>, 133771328, 22068004), 'title': (<DFType.OBJECT: 'object'>, 77801728, 12149604), 'date': (<DFType.OBJECT: 'object'>, 147840128, 35904004), 'state': (<DFType.OBJECT: 'object'>, 87664928, 13732804), 'residenceStateRegion': (<DFType.OBJECT: 'object'>, 86037728, 12225604), 'birthYear': (<DFType.FLOAT: 'float'>, 16896128, 17160000), 'birthMonth': (<DFType.FLOAT: 'float'>, 16896128, 17160000), 'birthDay': (<DFType.FLOAT: 'float'>, 16896128, 17160000), 'cpi_country': (<DFType.FLOAT: 'float'>, 16896128, 17160000), 'cpi_change_country': (<DFType.FLOAT: 'float'>, 16896128, 17160000), 'gdp_country': (<DFType.OBJECT: 'object'>, 155028128, 46636004), 'gross_tertiary_education_enrollment': (<DFType.FLOAT: 'float'>, 16896128, 17160000), 'gross_primary_education_enrollment_country': (<DFType.FLOAT: 'float'>, 16896128, 17160000), 'life_expectancy_country': (<DFType.FLOAT: 'float'>, 16896128, 17160000), 'tax_revenue_country_country': (<DFType.FLOAT: 'float'>, 16896128, 17160000), 'total_tax_rate_country': (<DFType.FLOAT: 'float'>, 16896128, 17160000), 'population_country': (<DFType.FLOAT: 'float'>, 16896128, 17160000), 'latitude_country': (<DFType.FLOAT: 'float'>, 16896128, 17160000), 'longitude_country': (<DFType.FLOAT: 'float'>, 16896128, 17160000)}, col_names=['finalWorth', 'category', 'personName', 'age', 'country', 'city', 'source', 'industries', 'countryOfCitizenship', 'organization', 'selfMade', 'status', 'gender', 'birthDate', 'lastName', 'firstName', 'title', 'date', 'state', 'residenceStateRegion', 'birthYear', 'birthMonth', 'birthDay', 'cpi_country', 'cpi_change_country', 'gdp_country', 'gross_tertiary_education_enrollment', 'gross_primary_education_enrollment_country', 'life_expectancy_country', 'tax_revenue_country_country', 'total_tax_rate_country', 'population_country', 'latitude_country', 'longitude_country'], cpu_to_gpu_col_transfer_times={'finalWorth': 6.48, 'category': 164.0, 'personName': 165.0, 'age': 6.92, 'country': 162.0, 'city': 152.0, 'source': 166.0, 'industries': 188.0, 'countryOfCitizenship': 163.0, 'organization': 126.0, 'selfMade': 1.98, 'status': 141.0, 'gender': 140.0, 'birthDate': 156.0, 'lastName': 154.0, 'firstName': 157.0, 'title': 125.0, 'date': 158.0, 'state': 146.0, 'residenceStateRegion': 144.0, 'birthYear': 6.99, 'birthMonth': 6.68, 'birthDay': 6.87, 'cpi_country': 6.66, 'cpi_change_country': 6.44, 'gdp_country': 182.0, 'gross_tertiary_education_enrollment': 7.3, 'gross_primary_education_enrollment_country': 6.76, 'life_expectancy_country': 7.81, 'tax_revenue_country_country': 7.61, 'total_tax_rate_country': 7.37, 'population_country': 7.42, 'latitude_country': 8.08, 'longitude_country': 7.24}, gpu_to_cpu_col_transfer_times={'finalWorth': 38.4, 'category': 676.0, 'personName': 709.0, 'age': 42.7, 'country': 695.0, 'city': 676.0, 'source': 696.0, 'industries': 688.0, 'countryOfCitizenship': 722.0, 'organization': 567.0, 'selfMade': 19.3, 'status': 630.0, 'gender': 646.0, 'birthDate': 711.0, 'lastName': 675.0, 'firstName': 707.0, 'title': 644.0, 'date': 651.0, 'state': 584.0, 'residenceStateRegion': 601.0, 'birthYear': 89.4, 'birthMonth': 42.7, 'birthDay': 42.1, 'cpi_country': 55.3, 'cpi_change_country': 53.8, 'gdp_country': 751.0, 'gross_tertiary_education_enrollment': 43.3, 'gross_primary_education_enrollment_country': 69.1, 'life_expectancy_country': 59.4, 'tax_revenue_country_country': 42.2, 'total_tax_rate_country': 41.3, 'population_country': 41.4, 'latitude_country': 42.8, 'longitude_country': 42.6}, cpu_to_gpu_transfer_time=None, gpu_to_cpu_transfer_time=None)]
output transfer inputs [CostModelInput(df_name='data3', df_type=<DFType.FLOAT: 'float'>, rows=190400, cols=34, is_series=False, col_data={'finalWorth': (<DFType.FLOAT: 'float'>, 3046400, 3046400), 'category': (<DFType.OBJECT: 'object'>, 15212000, 5120804), 'personName': (<DFType.OBJECT: 'object'>, 15046400, 4937604), 'age': (<DFType.FLOAT: 'float'>, 3046400, 3046400), 'country': (<DFType.OBJECT: 'object'>, 14851200, 4760004), 'city': (<DFType.OBJECT: 'object'>, 14129600, 4038404), 'source': (<DFType.OBJECT: 'object'>, 14819200, 4728004), 'industries': (<DFType.OBJECT: 'object'>, 15212000, 5120804), 'countryOfCitizenship': (<DFType.OBJECT: 'object'>, 14792000, 4700804), 'organization': (<DFType.OBJECT: 'object'>, 15475200, 5365604), 'selfMade': (<DFType.STRING: 'string'>, 1713600, 1713600), 'status': (<DFType.OBJECT: 'object'>, 12566400, 2475204), 'gender': (<DFType.OBJECT: 'object'>, 12566400, 2475204), 'birthDate': (<DFType.OBJECT: 'object'>, 15032800, 4941604), 'lastName': (<DFType.OBJECT: 'object'>, 13600800, 3492004), 'firstName': (<DFType.OBJECT: 'object'>, 13441600, 3350404), 'title': (<DFType.OBJECT: 'object'>, 14797600, 4706404), 'date': (<DFType.OBJECT: 'object'>, 14851200, 4760004), 'state': (<DFType.OBJECT: 'object'>, 14017600, 3926404), 'residenceStateRegion': (<DFType.OBJECT: 'object'>, 13474400, 3383204), 'birthYear': (<DFType.FLOAT: 'float'>, 3046400, 3046400), 'birthMonth': (<DFType.FLOAT: 'float'>, 3046400, 3046400), 'birthDay': (<DFType.FLOAT: 'float'>, 3046400, 3046400), 'cpi_country': (<DFType.FLOAT: 'float'>, 3046400, 3046400), 'cpi_change_country': (<DFType.FLOAT: 'float'>, 3046400, 3046400), 'gdp_country': (<DFType.OBJECT: 'object'>, 16184000, 6092804), 'gross_tertiary_education_enrollment': (<DFType.FLOAT: 'float'>, 3046400, 3046400), 'gross_primary_education_enrollment_country': (<DFType.FLOAT: 'float'>, 3046400, 3046400), 'life_expectancy_country': (<DFType.FLOAT: 'float'>, 3046400, 3046400), 'tax_revenue_country_country': (<DFType.FLOAT: 'float'>, 3046400, 3046400), 'total_tax_rate_country': (<DFType.FLOAT: 'float'>, 3046400, 3046400), 'population_country': (<DFType.FLOAT: 'float'>, 3046400, 3046400), 'latitude_country': (<DFType.FLOAT: 'float'>, 3046400, 3046400), 'longitude_country': (<DFType.FLOAT: 'float'>, 3046400, 3046400)}, col_names=['finalWorth', 'category', 'personName', 'age', 'country', 'city', 'source', 'industries', 'countryOfCitizenship', 'organization', 'selfMade', 'status', 'gender', 'birthDate', 'lastName', 'firstName', 'title', 'date', 'state', 'residenceStateRegion', 'birthYear', 'birthMonth', 'birthDay', 'cpi_country', 'cpi_change_country', 'gdp_country', 'gross_tertiary_education_enrollment', 'gross_primary_education_enrollment_country', 'life_expectancy_country', 'tax_revenue_country_country', 'total_tax_rate_country', 'population_country', 'latitude_country', 'longitude_country'], cpu_to_gpu_col_transfer_times={'finalWorth': 4.13, 'category': 18.1, 'personName': 17.3, 'age': 3.22, 'country': 16.0, 'city': 16.2, 'source': 17.3, 'industries': 17.9, 'countryOfCitizenship': 16.3, 'organization': 17.9, 'selfMade': 2.49, 'status': 14.8, 'gender': 15.4, 'birthDate': 17.1, 'lastName': 23.0, 'firstName': 16.1, 'title': 17.9, 'date': 16.2, 'state': 16.1, 'residenceStateRegion': 16.2, 'birthYear': 3.31, 'birthMonth': 3.12, 'birthDay': 3.32, 'cpi_country': 3.15, 'cpi_change_country': 3.0, 'gdp_country': 16.9, 'gross_tertiary_education_enrollment': 3.05, 'gross_primary_education_enrollment_country': 3.17, 'life_expectancy_country': 3.21, 'tax_revenue_country_country': 2.98, 'total_tax_rate_country': 3.06, 'population_country': 2.95, 'latitude_country': 2.94, 'longitude_country': 3.11}, gpu_to_cpu_col_transfer_times={'finalWorth': 14.4, 'category': 129.0, 'personName': 105.0, 'age': 12.0, 'country': 72.1, 'city': 69.9, 'source': 129.0, 'industries': 132.0, 'countryOfCitizenship': 123.0, 'organization': 72.1, 'selfMade': 11.4, 'status': 68.3, 'gender': 65.5, 'birthDate': 69.9, 'lastName': 67.5, 'firstName': 67.9, 'title': 69.8, 'date': 67.5, 'state': 70.2, 'residenceStateRegion': 67.1, 'birthYear': 10.5, 'birthMonth': 10.2, 'birthDay': 10.7, 'cpi_country': 10.2, 'cpi_change_country': 10.2, 'gdp_country': 72.3, 'gross_tertiary_education_enrollment': 10.6, 'gross_primary_education_enrollment_country': 10.2, 'life_expectancy_country': 10.4, 'tax_revenue_country_country': 10.5, 'total_tax_rate_country': 10.3, 'population_country': 10.1, 'latitude_country': 10.5, 'longitude_country': 10.5}, cpu_to_gpu_transfer_time=None, gpu_to_cpu_transfer_time=None)]
cell index 15
input transfer inputs [CostModelInput(df_name='data3', df_type=<DFType.FLOAT: 'float'>, rows=190400, cols=34, is_series=False, col_data={'finalWorth': (<DFType.FLOAT: 'float'>, 3046400, 3046400), 'category': (<DFType.OBJECT: 'object'>, 15212000, 5120804), 'personName': (<DFType.OBJECT: 'object'>, 15046400, 4937604), 'age': (<DFType.FLOAT: 'float'>, 3046400, 3046400), 'country': (<DFType.OBJECT: 'object'>, 14851200, 4760004), 'city': (<DFType.OBJECT: 'object'>, 14129600, 4038404), 'source': (<DFType.OBJECT: 'object'>, 14819200, 4728004), 'industries': (<DFType.OBJECT: 'object'>, 15212000, 5120804), 'countryOfCitizenship': (<DFType.OBJECT: 'object'>, 14792000, 4700804), 'organization': (<DFType.OBJECT: 'object'>, 15475200, 5365604), 'selfMade': (<DFType.STRING: 'string'>, 1713600, 1713600), 'status': (<DFType.OBJECT: 'object'>, 12566400, 2475204), 'gender': (<DFType.OBJECT: 'object'>, 12566400, 2475204), 'birthDate': (<DFType.OBJECT: 'object'>, 15032800, 4941604), 'lastName': (<DFType.OBJECT: 'object'>, 13600800, 3492004), 'firstName': (<DFType.OBJECT: 'object'>, 13441600, 3350404), 'title': (<DFType.OBJECT: 'object'>, 14797600, 4706404), 'date': (<DFType.OBJECT: 'object'>, 14851200, 4760004), 'state': (<DFType.OBJECT: 'object'>, 14017600, 3926404), 'residenceStateRegion': (<DFType.OBJECT: 'object'>, 13474400, 3383204), 'birthYear': (<DFType.FLOAT: 'float'>, 3046400, 3046400), 'birthMonth': (<DFType.FLOAT: 'float'>, 3046400, 3046400), 'birthDay': (<DFType.FLOAT: 'float'>, 3046400, 3046400), 'cpi_country': (<DFType.FLOAT: 'float'>, 3046400, 3046400), 'cpi_change_country': (<DFType.FLOAT: 'float'>, 3046400, 3046400), 'gdp_country': (<DFType.OBJECT: 'object'>, 16184000, 6092804), 'gross_tertiary_education_enrollment': (<DFType.FLOAT: 'float'>, 3046400, 3046400), 'gross_primary_education_enrollment_country': (<DFType.FLOAT: 'float'>, 3046400, 3046400), 'life_expectancy_country': (<DFType.FLOAT: 'float'>, 3046400, 3046400), 'tax_revenue_country_country': (<DFType.FLOAT: 'float'>, 3046400, 3046400), 'total_tax_rate_country': (<DFType.FLOAT: 'float'>, 3046400, 3046400), 'population_country': (<DFType.FLOAT: 'float'>, 3046400, 3046400), 'latitude_country': (<DFType.FLOAT: 'float'>, 3046400, 3046400), 'longitude_country': (<DFType.FLOAT: 'float'>, 3046400, 3046400)}, col_names=['finalWorth', 'category', 'personName', 'age', 'country', 'city', 'source', 'industries', 'countryOfCitizenship', 'organization', 'selfMade', 'status', 'gender', 'birthDate', 'lastName', 'firstName', 'title', 'date', 'state', 'residenceStateRegion', 'birthYear', 'birthMonth', 'birthDay', 'cpi_country', 'cpi_change_country', 'gdp_country', 'gross_tertiary_education_enrollment', 'gross_primary_education_enrollment_country', 'life_expectancy_country', 'tax_revenue_country_country', 'total_tax_rate_country', 'population_country', 'latitude_country', 'longitude_country'], cpu_to_gpu_col_transfer_times={'finalWorth': 1.94, 'category': 17.6, 'personName': 17.4, 'age': 3.18, 'country': 16.1, 'city': 16.1, 'source': 17.0, 'industries': 17.2, 'countryOfCitizenship': 15.9, 'organization': 16.6, 'selfMade': 2.14, 'status': 15.0, 'gender': 14.4, 'birthDate': 15.8, 'lastName': 15.7, 'firstName': 15.2, 'title': 16.9, 'date': 15.8, 'state': 16.1, 'residenceStateRegion': 15.8, 'birthYear': 2.85, 'birthMonth': 3.02, 'birthDay': 3.36, 'cpi_country': 3.25, 'cpi_change_country': 3.03, 'gdp_country': 16.3, 'gross_tertiary_education_enrollment': 2.9, 'gross_primary_education_enrollment_country': 2.87, 'life_expectancy_country': 2.88, 'tax_revenue_country_country': 2.87, 'total_tax_rate_country': 2.98, 'population_country': 2.97, 'latitude_country': 2.87, 'longitude_country': 3.23}, gpu_to_cpu_col_transfer_times={'finalWorth': 10.5, 'category': 77.5, 'personName': 70.7, 'age': 10.7, 'country': 68.9, 'city': 70.9, 'source': 70.1, 'industries': 69.8, 'countryOfCitizenship': 71.0, 'organization': 70.2, 'selfMade': 10.4, 'status': 64.5, 'gender': 65.5, 'birthDate': 69.1, 'lastName': 68.2, 'firstName': 72.2, 'title': 76.4, 'date': 68.5, 'state': 67.8, 'residenceStateRegion': 71.1, 'birthYear': 10.5, 'birthMonth': 10.4, 'birthDay': 11.9, 'cpi_country': 10.1, 'cpi_change_country': 10.4, 'gdp_country': 71.5, 'gross_tertiary_education_enrollment': 12.4, 'gross_primary_education_enrollment_country': 10.6, 'life_expectancy_country': 10.5, 'tax_revenue_country_country': 11.1, 'total_tax_rate_country': 9.97, 'population_country': 10.3, 'latitude_country': 10.1, 'longitude_country': 10.6}, cpu_to_gpu_transfer_time=None, gpu_to_cpu_transfer_time=None)]
output transfer inputs []
cell index 16
input transfer inputs [CostModelInput(df_name='data3', df_type=<DFType.FLOAT: 'float'>, rows=190400, cols=34, is_series=False, col_data={'finalWorth': (<DFType.FLOAT: 'float'>, 3046400, 3046400), 'category': (<DFType.OBJECT: 'object'>, 15212000, 5120804), 'personName': (<DFType.OBJECT: 'object'>, 15046400, 4937604), 'age': (<DFType.FLOAT: 'float'>, 3046400, 3046400), 'country': (<DFType.OBJECT: 'object'>, 14851200, 4760004), 'city': (<DFType.OBJECT: 'object'>, 14129600, 4038404), 'source': (<DFType.OBJECT: 'object'>, 14819200, 4728004), 'industries': (<DFType.OBJECT: 'object'>, 15212000, 5120804), 'countryOfCitizenship': (<DFType.OBJECT: 'object'>, 14792000, 4700804), 'organization': (<DFType.OBJECT: 'object'>, 15475200, 5365604), 'selfMade': (<DFType.STRING: 'string'>, 1713600, 1713600), 'status': (<DFType.OBJECT: 'object'>, 12566400, 2475204), 'gender': (<DFType.OBJECT: 'object'>, 12566400, 2475204), 'birthDate': (<DFType.OBJECT: 'object'>, 15032800, 4941604), 'lastName': (<DFType.OBJECT: 'object'>, 13600800, 3492004), 'firstName': (<DFType.OBJECT: 'object'>, 13441600, 3350404), 'title': (<DFType.OBJECT: 'object'>, 14797600, 4706404), 'date': (<DFType.OBJECT: 'object'>, 14851200, 4760004), 'state': (<DFType.OBJECT: 'object'>, 14017600, 3926404), 'residenceStateRegion': (<DFType.OBJECT: 'object'>, 13474400, 3383204), 'birthYear': (<DFType.FLOAT: 'float'>, 3046400, 3046400), 'birthMonth': (<DFType.FLOAT: 'float'>, 3046400, 3046400), 'birthDay': (<DFType.FLOAT: 'float'>, 3046400, 3046400), 'cpi_country': (<DFType.FLOAT: 'float'>, 3046400, 3046400), 'cpi_change_country': (<DFType.FLOAT: 'float'>, 3046400, 3046400), 'gdp_country': (<DFType.OBJECT: 'object'>, 16184000, 6092804), 'gross_tertiary_education_enrollment': (<DFType.FLOAT: 'float'>, 3046400, 3046400), 'gross_primary_education_enrollment_country': (<DFType.FLOAT: 'float'>, 3046400, 3046400), 'life_expectancy_country': (<DFType.FLOAT: 'float'>, 3046400, 3046400), 'tax_revenue_country_country': (<DFType.FLOAT: 'float'>, 3046400, 3046400), 'total_tax_rate_country': (<DFType.FLOAT: 'float'>, 3046400, 3046400), 'population_country': (<DFType.FLOAT: 'float'>, 3046400, 3046400), 'latitude_country': (<DFType.FLOAT: 'float'>, 3046400, 3046400), 'longitude_country': (<DFType.FLOAT: 'float'>, 3046400, 3046400)}, col_names=['finalWorth', 'category', 'personName', 'age', 'country', 'city', 'source', 'industries', 'countryOfCitizenship', 'organization', 'selfMade', 'status', 'gender', 'birthDate', 'lastName', 'firstName', 'title', 'date', 'state', 'residenceStateRegion', 'birthYear', 'birthMonth', 'birthDay', 'cpi_country', 'cpi_change_country', 'gdp_country', 'gross_tertiary_education_enrollment', 'gross_primary_education_enrollment_country', 'life_expectancy_country', 'tax_revenue_country_country', 'total_tax_rate_country', 'population_country', 'latitude_country', 'longitude_country'], cpu_to_gpu_col_transfer_times={'finalWorth': 2.17, 'category': 17.3, 'personName': 16.3, 'age': 2.91, 'country': 16.2, 'city': 16.2, 'source': 16.7, 'industries': 17.3, 'countryOfCitizenship': 15.8, 'organization': 16.9, 'selfMade': 2.11, 'status': 14.2, 'gender': 14.4, 'birthDate': 15.7, 'lastName': 15.7, 'firstName': 15.3, 'title': 17.2, 'date': 15.9, 'state': 16.2, 'residenceStateRegion': 16.1, 'birthYear': 2.98, 'birthMonth': 3.0, 'birthDay': 2.99, 'cpi_country': 2.95, 'cpi_change_country': 3.0, 'gdp_country': 16.8, 'gross_tertiary_education_enrollment': 3.45, 'gross_primary_education_enrollment_country': 2.89, 'life_expectancy_country': 2.87, 'tax_revenue_country_country': 2.84, 'total_tax_rate_country': 3.06, 'population_country': 3.11, 'latitude_country': 3.27, 'longitude_country': 3.02}, gpu_to_cpu_col_transfer_times={'finalWorth': 10.7, 'category': 71.6, 'personName': 70.7, 'age': 12.6, 'country': 67.9, 'city': 67.4, 'source': 72.9, 'industries': 69.3, 'countryOfCitizenship': 73.0, 'organization': 72.0, 'selfMade': 14.1, 'status': 65.8, 'gender': 67.0, 'birthDate': 72.6, 'lastName': 68.3, 'firstName': 68.2, 'title': 72.8, 'date': 70.2, 'state': 69.6, 'residenceStateRegion': 102.0, 'birthYear': 14.0, 'birthMonth': 10.9, 'birthDay': 10.8, 'cpi_country': 11.1, 'cpi_change_country': 11.0, 'gdp_country': 73.2, 'gross_tertiary_education_enrollment': 10.8, 'gross_primary_education_enrollment_country': 12.2, 'life_expectancy_country': 11.0, 'tax_revenue_country_country': 10.6, 'total_tax_rate_country': 10.6, 'population_country': 11.3, 'latitude_country': 11.1, 'longitude_country': 10.3}, cpu_to_gpu_transfer_time=None, gpu_to_cpu_transfer_time=None)]
output transfer inputs []
cell index 17
input transfer inputs [CostModelInput(df_name='data3', df_type=<DFType.OBJECT: 'object'>, rows=190400, cols=1, is_series=False, col_data={'countryOfCitizenship': (<DFType.OBJECT: 'object'>, 14792000, 4700804)}, col_names=['countryOfCitizenship'], cpu_to_gpu_col_transfer_times={'countryOfCitizenship': 16.4}, gpu_to_cpu_col_transfer_times={'countryOfCitizenship': 76.7}, cpu_to_gpu_transfer_time=None, gpu_to_cpu_transfer_time=None)]
output transfer inputs []
✅ Success: /home/dias-benchmarks/notebooks/josecode1/billionaires-statistics-2023/src/bench.ipynb
