Annotated notebook saved to /home/dias-benchmarks/notebooks/lextoumbourou/feedback3-eda-hf-custom-trainer-sift/src/cell_exec_info.ipynb
Executing code: import sys, os
sys.path.insert(0, os.path.abspath('/home/ElasticNotebook'))
%load_ext ElasticNotebook
from elastic.core.common.pandas import compare_df
import pickle
import cudf
Executing code: %%RecordEventWithColumnInfo
import numpy as np
import os
if "IREWR_WITH_MODIN" in os.environ and os.environ["IREWR_WITH_MODIN"] == "True":
    # STEFANOS: Import Modin Pandas
    import os
    os.environ["MODIN_ENGINE"] = "ray"
    import ray
    ray.init(num_cpus=int(os.environ['MODIN_CPUS']), runtime_env={'env_vars': {'__MODIN_AUTOIMPORT_PANDAS__': '1'}})
    import modin.pandas as pd
else:
    # STEFANOS: Import regular Pandas
    import pandas as pd
import time
Executing code: %%RecordEventWithColumnInfo
### cell 0 ###

train_df = pd.read_csv('/home/dias-benchmarks/notebooks/lextoumbourou/feedback3-eda-hf-custom-trainer-sift/input/feedback-prize-english-language-learning/train.csv')
test_df = pd.read_csv('/home/dias-benchmarks/notebooks/lextoumbourou/feedback3-eda-hf-custom-trainer-sift/input/feedback-prize-english-language-learning/test.csv')
Executing code: %%RecordEventWithColumnInfo
### cell 1 ###

factor = 10
if "IREWR_LESS_REPLICATION" in os.environ and os.environ["IREWR_LESS_REPLICATION"] == "True":
    factor = factor//5
train_df = pd.concat([train_df]*factor)
test_df = pd.concat([test_df]*factor)
train_df.info()
Executing code: %%RecordEventWithColumnInfo
### cell 2 ###

train_df.head()
Executing code: %%RecordEventWithColumnInfo
### cell 3 ###

test_df.head()
Executing code: %%RecordEventWithColumnInfo
### cell 4 ###

len(train_df), len(test_df)
Executing code: %%RecordEventWithColumnInfo
### cell 5 ###

LABEL_COLUMNS = ['cohesion', 'syntax', 'vocabulary', 'phraseology', 'grammar', 'conventions']
Executing code: %%RecordEventWithColumnInfo
### cell 6 ###

texts = train_df.sample(frac=1, random_state=420).head(4)
Executing code: %%RecordEventWithColumnInfo
### cell 7 ###

train_df['total_score'] = train_df[LABEL_COLUMNS].sum(axis=1)
lowest_df = train_df.sort_values('total_score').head(4)
Executing code: %%RecordEventWithColumnInfo
### cell 8 ###

train_df['total_score'] = train_df[LABEL_COLUMNS].sum(axis=1)
highest_df = train_df.sort_values('total_score', ascending=False).head(4)
Executing code: %%RecordEventWithColumnInfo
### cell 9 ###


train_df['word_count'] = train_df.full_text.apply(lambda x: len(x.split()))
Executing code: %%RecordEventWithColumnInfo
### cell 10 ###

train_df['word_count'].mean()
Executing code: %%RecordEventWithColumnInfo
### cell 11 ###

train_df['word_count'].max()
Executing code: %PrintCellInfo cell_exec_info
Executing code: %reset -f
Executing code: %reload_ext ElasticNotebook
Ran small notebook to get cell exec info in 6.276212692260742 seconds
Getting cudf profile information...
Annotated notebook saved to /home/dias-benchmarks/notebooks/lextoumbourou/feedback3-eda-hf-custom-trainer-sift/src/cudf_profile.ipynb
Done getting cudf profile information.
Ran small notebook to get cudf profile info in 46.51082634925842 seconds
Annotated notebook saved to /home/dias-benchmarks/notebooks/lextoumbourou/feedback3-eda-hf-custom-trainer-sift/src/annotated.ipynb
Executing code: %reset -f
Executing code: %reload_ext ElasticNotebook
Executing code: %load_ext cudf.pandas
Executing code: import sys, os
sys.path.insert(0, os.path.abspath('/home/ElasticNotebook'))
%load_ext ElasticNotebook
from elastic.core.common.pandas import compare_df
import pickle
import cudf
Executing code: %%RecordEvent
import numpy as np
import os
if "IREWR_WITH_MODIN" in os.environ and os.environ["IREWR_WITH_MODIN"] == "True":
    # STEFANOS: Import Modin Pandas
    import os
    os.environ["MODIN_ENGINE"] = "ray"
    import ray
    ray.init(num_cpus=int(os.environ['MODIN_CPUS']), runtime_env={'env_vars': {'__MODIN_AUTOIMPORT_PANDAS__': '1'}})
    import modin.pandas as pd
else:
    # STEFANOS: Import regular Pandas
    import pandas as pd
import time
Executing code: %Checkpoint /home/dias-benchmarks/notebooks/lextoumbourou/feedback3-eda-hf-custom-trainer-sift/src/annotated/checkpoints/pre_cell_0.pickle
Checkpointing took 0.0005946159362792969 seconds.
========================================================
Cell  0
Rewritten pre-checkpoint path: /home/dias-benchmarks/notebooks/lextoumbourou/feedback3-eda-hf-custom-trainer-sift/src/annotated/checkpoints/pre_cell_0.pickle
Pre-checkpoint path: /home/dias-benchmarks/notebooks/lextoumbourou/feedback3-eda-hf-custom-trainer-sift/src/annotated/checkpoints/pre_cell_0.pickle
========================================================
Getting original timing for cell 0
HAHA original checkpoint path:  /home/dias-benchmarks/notebooks/lextoumbourou/feedback3-eda-hf-custom-trainer-sift/src/annotated/checkpoints/pre_cell_0.pickle
HAHA setting initially best_rewritten_post_checkpoint_path:  /home/dias-benchmarks/notebooks/lextoumbourou/feedback3-eda-hf-custom-trainer-sift/src/annotated/checkpoints/post_cell_0.pickle
========================================================
Rewriting cell 0... Try 0...
Manager agent prompt:
        <Original Code>:
        ### cell 0 ###

train_df = pd.read_csv('/home/dias-benchmarks/notebooks/lextoumbourou/feedback3-eda-hf-custom-trainer-sift/input/feedback-prize-english-language-learning/train.csv')
test_df = pd.read_csv('/home/dias-benchmarks/notebooks/lextoumbourou/feedback3-eda-hf-custom-trainer-sift/input/feedback-prize-english-language-learning/test.csv')
        <Profiling data>:
           Function  GPU calls  CPU calls
0  read_csv          2          0

        <Execution time>: 115.0
        <Active vars>: ['train_df', 'test_df']

        <Future vars>: []

        <Iteration>: 0/3

==========Running the manager agent to decide the next step==========
Choice: new
Reason: The code is in its first iteration, and there are opportunities to optimize the data loading by using GPU-accelerated libraries like `cudf`. This can potentially reduce the execution time significantly.
Generating new code from the original code
Prompt:
        <Original Code>:
        ### cell 0 ###

train_df = pd.read_csv('/home/dias-benchmarks/notebooks/lextoumbourou/feedback3-eda-hf-custom-trainer-sift/input/feedback-prize-english-language-learning/train.csv')
test_df = pd.read_csv('/home/dias-benchmarks/notebooks/lextoumbourou/feedback3-eda-hf-custom-trainer-sift/input/feedback-prize-english-language-learning/test.csv')
        <Profiling data>:
           Function  GPU calls  CPU calls
0  read_csv          2          0

        <Execution time>: 115.0
        <Active vars>: ['train_df', 'test_df']

        <Future vars>: []

        <Iteration>: 0/3

Code: done
Reason: pd.read_csv is already dispatched to GPU via the cudf.pandas extension (GPU calls: 2, CPU calls: 0). No further optimization is needed in this cell.
No Modifications made to the original code
Try 0: calling rewrite agent for cell 0 took 5.961430311203003 seconds.
There is no need to rewrite the cell.
Could not rewrite the cell. Continuing to next cell...
========================================================
After rewriting cell  0
Rewritten pre-checkpoint path: /home/dias-benchmarks/notebooks/lextoumbourou/feedback3-eda-hf-custom-trainer-sift/src/annotated/checkpoints/post_cell_0.pickle
Pre-checkpoint path: /home/dias-benchmarks/notebooks/lextoumbourou/feedback3-eda-hf-custom-trainer-sift/src/annotated/checkpoints/post_cell_0.pickle
========================================================
Cell 0 rewriting took 14.576745748519897 seconds.
Getting original timing for cell 1
HAHA original checkpoint path:  /home/dias-benchmarks/notebooks/lextoumbourou/feedback3-eda-hf-custom-trainer-sift/src/annotated/checkpoints/post_cell_0.pickle
HAHA setting initially best_rewritten_post_checkpoint_path:  /home/dias-benchmarks/notebooks/lextoumbourou/feedback3-eda-hf-custom-trainer-sift/src/annotated/checkpoints/post_cell_1.pickle
========================================================
Rewriting cell 1... Try 0...
Manager agent prompt:
        <Original Code>:
        ### cell 1 ###

factor = 500
if "IREWR_LESS_REPLICATION" in os.environ and os.environ["IREWR_LESS_REPLICATION"] == "True":
    factor = factor//5
train_df = pd.concat([train_df]*factor)
test_df = pd.concat([test_df]*factor)
train_df.info()
        <Profiling data>:
                 Function  GPU calls  CPU calls
0          concat          2          0
1  DataFrame.info          1          0

        <Execution time>: 613.0
        <Active vars>: ['train_df', 'test_df']

        <Future vars>: []

        <Iteration>: 0/3

==========Running the manager agent to decide the next step==========
Choice: new
Reason: The code is in its initial iteration, and there is no rewritten code available. We should aim to optimize the original code, possibly by using more efficient data manipulation techniques or parallel processing options.
Generating new code from the original code
Prompt:
        <Original Code>:
        ### cell 1 ###

factor = 500
if "IREWR_LESS_REPLICATION" in os.environ and os.environ["IREWR_LESS_REPLICATION"] == "True":
    factor = factor//5
train_df = pd.concat([train_df]*factor)
test_df = pd.concat([test_df]*factor)
train_df.info()
        <Profiling data>:
                 Function  GPU calls  CPU calls
0          concat          2          0
1  DataFrame.info          1          0

        <Execution time>: 613.0
        <Active vars>: ['train_df', 'test_df']

        <Future vars>: []

        <Iteration>: 0/3

Code: factor = 500
if os.environ.get("IREWR_LESS_REPLICATION") == "True":
    factor //= 5

# replicate each row factor times via GPU-friendly index.repeat + loc
train_df = train_df.loc[train_df.index.repeat(factor)].reset_index(drop=True)
test_df  = test_df.loc[test_df.index.repeat(factor)].reset_index(drop=True)

train_df.info()
Reason: Replaced expensive pd.concat([df]*factor) (which materializes factor copies) with a single GPU-based gather using index.repeat and loc. This avoids Python-level list construction and multiple concatenations, minimizing data movement and fully leveraging cudf’s vectorized operations.
Parsed response: factor = 500
if os.environ.get("IREWR_LESS_REPLICATION") == "True":
    factor //= 5

# replicate each row factor times via GPU-friendly index.repeat + loc
train_df = train_df.loc[train_df.index.repeat(factor)].reset_index(drop=True)
test_df  = test_df.loc[test_df.index.repeat(factor)].reset_index(drop=True)

train_df.info()
Try 0: calling rewrite agent for cell 1 took 21.65928053855896 seconds.
Executing rewritten code... ### cell 1 ###

factor = 500
if os.environ.get("IREWR_LESS_REPLICATION") == "True":
    factor //= 5

# replicate each row factor times via GPU-friendly index.repeat + loc
train_df = train_df.loc[train_df.index.repeat(factor)].reset_index(drop=True)
test_df  = test_df.loc[test_df.index.repeat(factor)].reset_index(drop=True)

train_df.info()
HAHA rewritten pre-checkpoint path:  /home/dias-benchmarks/notebooks/lextoumbourou/feedback3-eda-hf-custom-trainer-sift/src/annotated/checkpoints/post_cell_0.pickle
Running rewritten cell notebook
An unexpected error occurred An error occurred while executing the following cell:
------------------
train_df_opt = train_df
test_df_opt = test_df
%LoadCheckpoint /home/dias-benchmarks/notebooks/lextoumbourou/feedback3-eda-hf-custom-trainer-sift/src/annotated/checkpoints/post_cell_1.pickle
assert compare_df(train_df_opt, train_df)
assert compare_df(test_df_opt, test_df)

import numpy as np
import cudf
from elastic.core.common.pandas import is_type_styler
is_orig_output_pd = isinstance(orig_output, (pd.Series, pd.DataFrame, pd.Index))
is_opt_output_pd = isinstance(opt_output, (pd.Series, pd.DataFrame, pd.Index))
is_orig_output_array = isinstance(orig_output, (cudf.pandas._wrappers.numpy.ndarray, np.ndarray))
is_opt_output_array = isinstance(opt_output, (cudf.pandas._wrappers.numpy.ndarray, np.ndarray))
is_orig_output_styler = is_type_styler(type(orig_output))
is_opt_output_styler = is_type_styler(type(opt_output))
if is_orig_output_styler and is_opt_output_styler:
    assert orig_output.to_html() == opt_output.to_html()
elif is_orig_output_styler:
    assert orig_output.to_html() == opt_output.to_html()
elif is_opt_output_styler:
    assert opt_output.to_html() == orig_output

if is_orig_output_pd and is_opt_output_pd:
    assert orig_output.equals(opt_output)
# TODO(jie): this is a hack.
elif ((is_orig_output_pd or is_opt_output_pd) and (is_orig_output_array or is_opt_output_array)) or (is_orig_output_array and is_opt_output_array):
    assert list(orig_output) == list(opt_output)
else:
    assert orig_output == opt_output

------------------

----- stdout -----
[[<elastic.core.graph.variable_snapshot.VariableSnapshot object at 0x7f8668d12380>], [<elastic.core.graph.variable_snapshot.VariableSnapshot object at 0x7f8668d124d0>], [<elastic.core.graph.variable_snapshot.VariableSnapshot object at 0x7f8668d12470>], [<elastic.core.graph.variable_snapshot.VariableSnapshot object at 0x7f8668d137c0>], [<elastic.core.graph.variable_snapshot.VariableSnapshot object at 0x7f8668d12320>], [<elastic.core.graph.variable_snapshot.VariableSnapshot object at 0x7f8668d12350>], [<elastic.core.graph.variable_snapshot.VariableSnapshot object at 0x7f8668d124a0>]]
trying: ['factor']
me:  3
trying: ['np']
me:  0
trying: ['pd']
me:  0
trying: ['orig_output']
me:  2
trying: ['test_df']
me:  3
trying: ['train_df']
----- stdout -----
me:  3
trying: ['time']
me:  0
----- stdout -----
Declaring variable np
Declaring variable pd
Declaring variable time
Declaring variable orig_output
Declaring variable factor
Declaring variable test_df
Declaring variable train_df
------------------

[0;31m---------------------------------------------------------------------------[0m
[0;31mValueError[0m                                Traceback (most recent call last)
Cell [0;32mIn [9], line 4[0m
[1;32m      2[0m test_df_opt [38;5;241m=[39m test_df
[1;32m      3[0m get_ipython()[38;5;241m.[39mrun_line_magic([38;5;124m'[39m[38;5;124mLoadCheckpoint[39m[38;5;124m'[39m, [38;5;124m'[39m[38;5;124m/home/dias-benchmarks/notebooks/lextoumbourou/feedback3-eda-hf-custom-trainer-sift/src/annotated/checkpoints/post_cell_1.pickle[39m[38;5;124m'[39m)
[0;32m----> 4[0m [38;5;28;01massert[39;00m [43mcompare_df[49m[43m([49m[43mtrain_df_opt[49m[43m,[49m[43m [49m[43mtrain_df[49m[43m)[49m
[1;32m      5[0m [38;5;28;01massert[39;00m compare_df(test_df_opt, test_df)
[1;32m      7[0m [38;5;28;01mimport[39;00m[38;5;250m [39m[38;5;21;01mnumpy[39;00m[38;5;250m [39m[38;5;28;01mas[39;00m[38;5;250m [39m[38;5;21;01mnp[39;00m

File [0;32m/home/ElasticNotebook/elastic/core/common/pandas.py:94[0m, in [0;36mcompare_df[0;34m(df1, df2)[0m
[1;32m     91[0m         [38;5;28;01mraise[39;00m [38;5;167;01mValueError[39;00m([38;5;124mf[39m[38;5;124m"[39m[38;5;124mData type mismatch: [39m[38;5;132;01m{[39;00mdf1[38;5;241m.[39mdtype[38;5;132;01m}[39;00m[38;5;124m vs [39m[38;5;132;01m{[39;00mdf2[38;5;241m.[39mdtype[38;5;132;01m}[39;00m[38;5;124m"[39m)
[1;32m     93[0m [38;5;28;01mif[39;00m hash_df(df1) [38;5;241m!=[39m hash_df(df2):
[0;32m---> 94[0m     [38;5;28;01mraise[39;00m [38;5;167;01mValueError[39;00m([38;5;124mf[39m[38;5;124m"[39m[38;5;124mContent of df1 and df2 do not match[39m[38;5;124m"[39m)
[1;32m     96[0m [38;5;28;01mreturn[39;00m [38;5;28;01mTrue[39;00m

[0;31mValueError[0m: Content of df1 and df2 do not match

Rewritten time: inf ms
========================================================
Rewriting cell 1... Try 1...
Manager agent prompt:
        <Original Code>:
        ### cell 1 ###

factor = 500
if "IREWR_LESS_REPLICATION" in os.environ and os.environ["IREWR_LESS_REPLICATION"] == "True":
    factor = factor//5
train_df = pd.concat([train_df]*factor)
test_df = pd.concat([test_df]*factor)
train_df.info()
        <Profiling data>:
                 Function  GPU calls  CPU calls
0          concat          2          0
1  DataFrame.info          1          0
        <Execution time>: 613.0
        <Active Vars>: ['train_df', 'test_df']
        <Future Vars>: []
        <Rewritten Code>:
        ### cell 1 ###

factor = 500
if os.environ.get("IREWR_LESS_REPLICATION") == "True":
    factor //= 5

# replicate each row factor times via GPU-friendly index.repeat + loc
train_df = train_df.loc[train_df.index.repeat(factor)].reset_index(drop=True)
test_df  = test_df.loc[test_df.index.repeat(factor)].reset_index(drop=True)

train_df.info()
        <Profiling data>:
        None
        <Execution time>: inf
        <Execution output>: The rewritten code resulted in a runtime error. An error occurred while executing the following cell:
------------------
train_df_opt = train_df
test_df_opt = test_df
%LoadCheckpoint /home/dias-benchmarks/notebooks/lextoumbourou/feedback3-eda-hf-custom-trainer-sift/src/annotated/checkpoints/post_cell_1.pickle
assert compare_df(train_df_opt, train_df)
assert compare_df(test_df_opt, test_df)

import numpy as np
import cudf
from elastic.core.common.pandas import is_type_styler
is_orig_output_pd = isinstance(orig_output, (pd.Series, pd.DataFrame, pd.Index))
is_opt_output_pd = isinstance(opt_output, (pd.Series, pd.DataFrame, pd.Index))
is_orig_output_array = isinstance(orig_output, (cudf.pandas._wrappers.numpy.ndarray, np.ndarray))
is_opt_output_array = isinstance(opt_output, (cudf.pandas._wrappers.numpy.ndarray, np.ndarray))
is_orig_output_styler = is_type_styler(type(orig_output))
is_opt_output_styler = is_type_styler(type(opt_output))
if is_orig_output_styler and is_opt_output_styler:
    assert orig_output.to_html() == opt_output.to_html()
elif is_orig_output_styler:
    assert orig_output.to_html() == opt_output.to_html()
elif is_opt_output_styler:
    assert opt_output.to_html() == orig_output

if is_orig_output_pd and is_opt_output_pd:
    assert orig_output.equals(opt_output)
# TODO(jie): this is a hack.
elif ((is_orig_output_pd or is_opt_output_pd) and (is_orig_output_array or is_opt_output_array)) or (is_orig_output_array and is_opt_output_array):
    assert list(orig_output) == list(opt_output)
else:
    assert orig_output == opt_output

------------------

----- stdout -----
[[<elastic.core.graph.variable_snapshot.VariableSnapshot object at 0x7f8668d12380>], [<elastic.core.graph.variable_snapshot.VariableSnapshot object at 0x7f8668d124d0>], [<elastic.core.graph.variable_snapshot.VariableSnapshot object at 0x7f8668d12470>], [<elastic.core.graph.variable_snapshot.VariableSnapshot object at 0x7f8668d137c0>], [<elastic.core.graph.variable_snapshot.VariableSnapshot object at 0x7f8668d12320>], [<elastic.core.graph.variable_snapshot.VariableSnapshot object at 0x7f8668d12350>], [<elastic.core.graph.variable_snapshot.VariableSnapshot object at 0x7f8668d124a0>]]
trying: ['factor']
me:  3
trying: ['np']
me:  0
trying: ['pd']
me:  0
trying: ['orig_output']
me:  2
trying: ['test_df']
me:  3
trying: ['train_df']
----- stdout -----
me:  3
trying: ['time']
me:  0
----- stdout -----
Declaring variable np
Declaring variable pd
Declaring variable time
Declaring variable orig_output
Declaring variable factor
Declaring variable test_df
Declaring variable train_df
------------------

[0;31m---------------------------------------------------------------------------[0m
[0;31mValueError[0m                                Traceback (most recent call last)
Cell [0;32mIn [9], line 4[0m
[1;32m      2[0m test_df_opt [38;5;241m=[39m test_df
[1;32m      3[0m get_ipython()[38;5;241m.[39mrun_line_magic([38;5;124m'[39m[38;5;124mLoadCheckpoint[39m[38;5;124m'[39m, [38;5;124m'[39m[38;5;124m/home/dias-benchmarks/notebooks/lextoumbourou/feedback3-eda-hf-custom-trainer-sift/src/annotated/checkpoints/post_cell_1.pickle[39m[38;5;124m'[39m)
[0;32m----> 4[0m [38;5;28;01massert[39;00m [43mcompare_df[49m[43m([49m[43mtrain_df_opt[49m[43m,[49m[43m [49m[43mtrain_df[49m[43m)[49m
[1;32m      5[0m [38;5;28;01massert[39;00m compare_df(test_df_opt, test_df)
[1;32m      7[0m [38;5;28;01mimport[39;00m[38;5;250m [39m[38;5;21;01mnumpy[39;00m[38;5;250m [39m[38;5;28;01mas[39;00m[38;5;250m [39m[38;5;21;01mnp[39;00m

File [0;32m/home/ElasticNotebook/elastic/core/common/pandas.py:94[0m, in [0;36mcompare_df[0;34m(df1, df2)[0m
[1;32m     91[0m         [38;5;28;01mraise[39;00m [38;5;167;01mValueError[39;00m([38;5;124mf[39m[38;5;124m"[39m[38;5;124mData type mismatch: [39m[38;5;132;01m{[39;00mdf1[38;5;241m.[39mdtype[38;5;132;01m}[39;00m[38;5;124m vs [39m[38;5;132;01m{[39;00mdf2[38;5;241m.[39mdtype[38;5;132;01m}[39;00m[38;5;124m"[39m)
[1;32m     93[0m [38;5;28;01mif[39;00m hash_df(df1) [38;5;241m!=[39m hash_df(df2):
[0;32m---> 94[0m     [38;5;28;01mraise[39;00m [38;5;167;01mValueError[39;00m([38;5;124mf[39m[38;5;124m"[39m[38;5;124mContent of df1 and df2 do not match[39m[38;5;124m"[39m)
[1;32m     96[0m [38;5;28;01mreturn[39;00m [38;5;28;01mTrue[39;00m

[0;31mValueError[0m: Content of df1 and df2 do not match

        <Iteration>: 1/1

==========Running the manager agent to decide the next step==========
Choice: repair
Reason: The rewritten code resulted in a runtime error, indicating that the attempted optimization has issues. With the current iteration being the last, it's best to attempt to repair the rewritten code.
Code fixer prompt:
        <Original Code>:
        ### cell 1 ###

factor = 500
if "IREWR_LESS_REPLICATION" in os.environ and os.environ["IREWR_LESS_REPLICATION"] == "True":
    factor = factor//5
train_df = pd.concat([train_df]*factor)
test_df = pd.concat([test_df]*factor)
train_df.info()
        <Profiling data>:
                 Function  GPU calls  CPU calls
0          concat          2          0
1  DataFrame.info          1          0
        <Execution time>: 613.0
        <Active Vars>: ['train_df', 'test_df']
        <Future Vars>: []
        <Rewritten Code>:
        ### cell 1 ###

factor = 500
if os.environ.get("IREWR_LESS_REPLICATION") == "True":
    factor //= 5

# replicate each row factor times via GPU-friendly index.repeat + loc
train_df = train_df.loc[train_df.index.repeat(factor)].reset_index(drop=True)
test_df  = test_df.loc[test_df.index.repeat(factor)].reset_index(drop=True)

train_df.info()
        <Profiling data>:
        None
        <Execution time>: inf
        <Execution output>: The rewritten code resulted in a runtime error. An error occurred while executing the following cell:
------------------
train_df_opt = train_df
test_df_opt = test_df
%LoadCheckpoint /home/dias-benchmarks/notebooks/lextoumbourou/feedback3-eda-hf-custom-trainer-sift/src/annotated/checkpoints/post_cell_1.pickle
assert compare_df(train_df_opt, train_df)
assert compare_df(test_df_opt, test_df)

import numpy as np
import cudf
from elastic.core.common.pandas import is_type_styler
is_orig_output_pd = isinstance(orig_output, (pd.Series, pd.DataFrame, pd.Index))
is_opt_output_pd = isinstance(opt_output, (pd.Series, pd.DataFrame, pd.Index))
is_orig_output_array = isinstance(orig_output, (cudf.pandas._wrappers.numpy.ndarray, np.ndarray))
is_opt_output_array = isinstance(opt_output, (cudf.pandas._wrappers.numpy.ndarray, np.ndarray))
is_orig_output_styler = is_type_styler(type(orig_output))
is_opt_output_styler = is_type_styler(type(opt_output))
if is_orig_output_styler and is_opt_output_styler:
    assert orig_output.to_html() == opt_output.to_html()
elif is_orig_output_styler:
    assert orig_output.to_html() == opt_output.to_html()
elif is_opt_output_styler:
    assert opt_output.to_html() == orig_output

if is_orig_output_pd and is_opt_output_pd:
    assert orig_output.equals(opt_output)
# TODO(jie): this is a hack.
elif ((is_orig_output_pd or is_opt_output_pd) and (is_orig_output_array or is_opt_output_array)) or (is_orig_output_array and is_opt_output_array):
    assert list(orig_output) == list(opt_output)
else:
    assert orig_output == opt_output

------------------

----- stdout -----
[[<elastic.core.graph.variable_snapshot.VariableSnapshot object at 0x7f8668d12380>], [<elastic.core.graph.variable_snapshot.VariableSnapshot object at 0x7f8668d124d0>], [<elastic.core.graph.variable_snapshot.VariableSnapshot object at 0x7f8668d12470>], [<elastic.core.graph.variable_snapshot.VariableSnapshot object at 0x7f8668d137c0>], [<elastic.core.graph.variable_snapshot.VariableSnapshot object at 0x7f8668d12320>], [<elastic.core.graph.variable_snapshot.VariableSnapshot object at 0x7f8668d12350>], [<elastic.core.graph.variable_snapshot.VariableSnapshot object at 0x7f8668d124a0>]]
trying: ['factor']
me:  3
trying: ['np']
me:  0
trying: ['pd']
me:  0
trying: ['orig_output']
me:  2
trying: ['test_df']
me:  3
trying: ['train_df']
----- stdout -----
me:  3
trying: ['time']
me:  0
----- stdout -----
Declaring variable np
Declaring variable pd
Declaring variable time
Declaring variable orig_output
Declaring variable factor
Declaring variable test_df
Declaring variable train_df
------------------

[0;31m---------------------------------------------------------------------------[0m
[0;31mValueError[0m                                Traceback (most recent call last)
Cell [0;32mIn [9], line 4[0m
[1;32m      2[0m test_df_opt [38;5;241m=[39m test_df
[1;32m      3[0m get_ipython()[38;5;241m.[39mrun_line_magic([38;5;124m'[39m[38;5;124mLoadCheckpoint[39m[38;5;124m'[39m, [38;5;124m'[39m[38;5;124m/home/dias-benchmarks/notebooks/lextoumbourou/feedback3-eda-hf-custom-trainer-sift/src/annotated/checkpoints/post_cell_1.pickle[39m[38;5;124m'[39m)
[0;32m----> 4[0m [38;5;28;01massert[39;00m [43mcompare_df[49m[43m([49m[43mtrain_df_opt[49m[43m,[49m[43m [49m[43mtrain_df[49m[43m)[49m
[1;32m      5[0m [38;5;28;01massert[39;00m compare_df(test_df_opt, test_df)
[1;32m      7[0m [38;5;28;01mimport[39;00m[38;5;250m [39m[38;5;21;01mnumpy[39;00m[38;5;250m [39m[38;5;28;01mas[39;00m[38;5;250m [39m[38;5;21;01mnp[39;00m

File [0;32m/home/ElasticNotebook/elastic/core/common/pandas.py:94[0m, in [0;36mcompare_df[0;34m(df1, df2)[0m
[1;32m     91[0m         [38;5;28;01mraise[39;00m [38;5;167;01mValueError[39;00m([38;5;124mf[39m[38;5;124m"[39m[38;5;124mData type mismatch: [39m[38;5;132;01m{[39;00mdf1[38;5;241m.[39mdtype[38;5;132;01m}[39;00m[38;5;124m vs [39m[38;5;132;01m{[39;00mdf2[38;5;241m.[39mdtype[38;5;132;01m}[39;00m[38;5;124m"[39m)
[1;32m     93[0m [38;5;28;01mif[39;00m hash_df(df1) [38;5;241m!=[39m hash_df(df2):
[0;32m---> 94[0m     [38;5;28;01mraise[39;00m [38;5;167;01mValueError[39;00m([38;5;124mf[39m[38;5;124m"[39m[38;5;124mContent of df1 and df2 do not match[39m[38;5;124m"[39m)
[1;32m     96[0m [38;5;28;01mreturn[39;00m [38;5;28;01mTrue[39;00m

[0;31mValueError[0m: Content of df1 and df2 do not match

        <Iteration>: 1/1

Repairing the last generated code
Code: ### cell 1 ###

factor = 500
if os.environ.get("IREWR_LESS_REPLICATION") == "True":
    factor //= 5

# replicate the entire DataFrame block-wise (same order and index behavior as pd.concat)
train_df = pd.concat([train_df] * factor)
test_df  = pd.concat([test_df] * factor)

train_df.info()
Reason: Using index.repeat changed both the order of the rows and the index values compared to a block-wise pd.concat. To preserve semantic equivalence (and pass the content equality checks) we revert to pd.concat, which under the cudf.pandas extension executes on the GPU without explicit cudf imports.
Parsed response: ### cell 1 ###

factor = 500
if os.environ.get("IREWR_LESS_REPLICATION") == "True":
    factor //= 5

# replicate the entire DataFrame block-wise (same order and index behavior as pd.concat)
train_df = pd.concat([train_df] * factor)
test_df  = pd.concat([test_df] * factor)

train_df.info()
Try 1: calling rewrite agent for cell 1 took 46.64416980743408 seconds.
Executing rewritten code... ### cell 1 ###

factor = 500
if os.environ.get("IREWR_LESS_REPLICATION") == "True":
    factor //= 5

# replicate the entire DataFrame block-wise (same order and index behavior as pd.concat)
train_df = pd.concat([train_df] * factor)
test_df  = pd.concat([test_df] * factor)

train_df.info()
HAHA rewritten pre-checkpoint path:  /home/dias-benchmarks/notebooks/lextoumbourou/feedback3-eda-hf-custom-trainer-sift/src/annotated/checkpoints/post_cell_0.pickle
Running rewritten cell notebook
Finished executing the rewritten code.
Try 1: executing the rewritten code for cell 1 took 99.51494145393372 seconds.
Rewritten time: 644.0 ms
The rewritten code is correct. Profiling cudf...
HAHA rewritten pre-checkpoint path:  /home/dias-benchmarks/notebooks/lextoumbourou/feedback3-eda-hf-custom-trainer-sift/src/annotated/checkpoints/post_cell_0.pickle
Try 1: cudf profiling the rewritten code for cell 1 took 10.788084745407104 seconds.
gpu_calls_orig_perc: 1.0, gpu_calls_opt_perc: 1.0
orig_time: 613.0, opt_time: 644.0
Ratio improves.
Improvement in percentage does not make up for the slowdown.
Rewritten code took 644.0ms. The previous fastest solution took 613.0ms.
Previous best solution num GPU and CPU calls:  3 0
New solution num GPU and CPU calls:  3 0
Could not rewrite the cell. Continuing to next cell...
========================================================
After rewriting cell  1
Rewritten pre-checkpoint path: /home/dias-benchmarks/notebooks/lextoumbourou/feedback3-eda-hf-custom-trainer-sift/src/annotated/checkpoints/post_cell_1.pickle
Pre-checkpoint path: /home/dias-benchmarks/notebooks/lextoumbourou/feedback3-eda-hf-custom-trainer-sift/src/annotated/checkpoints/post_cell_1.pickle
========================================================
Cell 1 rewriting took 344.0888695716858 seconds.
Getting original timing for cell 2
HAHA original checkpoint path:  /home/dias-benchmarks/notebooks/lextoumbourou/feedback3-eda-hf-custom-trainer-sift/src/annotated/checkpoints/post_cell_1.pickle
HAHA setting initially best_rewritten_post_checkpoint_path:  /home/dias-benchmarks/notebooks/lextoumbourou/feedback3-eda-hf-custom-trainer-sift/src/annotated/checkpoints/post_cell_2.pickle
========================================================
Rewriting cell 2... Try 0...
Manager agent prompt:
        <Original Code>:
        ### cell 2 ###

train_df.head()
        <Profiling data>:
                     Function  GPU calls  CPU calls
0        NDFrame.head          1          0
1  DataFrame.__repr__          1          0

        <Execution time>: 1.52
        <Active vars>: []

        <Future vars>: ['train_df', 'test_df']

        <Iteration>: 0/3

==========Running the manager agent to decide the next step==========
Choice: done
Reason: The primary purpose of this code is for inspection using `.head()`, which cannot be meaningfully optimized.
Code is already optimized
Try 0: calling rewrite agent for cell 2 took 1.554415225982666 seconds.
There is no need to rewrite the cell.
Could not rewrite the cell. Continuing to next cell...
========================================================
After rewriting cell  2
Rewritten pre-checkpoint path: /home/dias-benchmarks/notebooks/lextoumbourou/feedback3-eda-hf-custom-trainer-sift/src/annotated/checkpoints/post_cell_2.pickle
Pre-checkpoint path: /home/dias-benchmarks/notebooks/lextoumbourou/feedback3-eda-hf-custom-trainer-sift/src/annotated/checkpoints/post_cell_2.pickle
========================================================
Cell 2 rewriting took 123.22229814529419 seconds.
Getting original timing for cell 3
HAHA original checkpoint path:  /home/dias-benchmarks/notebooks/lextoumbourou/feedback3-eda-hf-custom-trainer-sift/src/annotated/checkpoints/post_cell_2.pickle
HAHA setting initially best_rewritten_post_checkpoint_path:  /home/dias-benchmarks/notebooks/lextoumbourou/feedback3-eda-hf-custom-trainer-sift/src/annotated/checkpoints/post_cell_3.pickle
========================================================
Rewriting cell 3... Try 0...
Manager agent prompt:
        <Original Code>:
        ### cell 3 ###

test_df.head()
        <Profiling data>:
                     Function  GPU calls  CPU calls
0        NDFrame.head          1          0
1  DataFrame.__repr__          1          0

        <Execution time>: 1.05
        <Active vars>: []

        <Future vars>: ['train_df', 'test_df']

        <Iteration>: 0/3

==========Running the manager agent to decide the next step==========
Choice: done
Reason: The code is performing a simple inspection with `.head()` which is not suitable for optimization.
Code is already optimized
Try 0: calling rewrite agent for cell 3 took 1.389237880706787 seconds.
There is no need to rewrite the cell.
Could not rewrite the cell. Continuing to next cell...
========================================================
After rewriting cell  3
Rewritten pre-checkpoint path: /home/dias-benchmarks/notebooks/lextoumbourou/feedback3-eda-hf-custom-trainer-sift/src/annotated/checkpoints/post_cell_3.pickle
Pre-checkpoint path: /home/dias-benchmarks/notebooks/lextoumbourou/feedback3-eda-hf-custom-trainer-sift/src/annotated/checkpoints/post_cell_3.pickle
========================================================
Cell 3 rewriting took 123.20948624610901 seconds.
Getting original timing for cell 4
HAHA original checkpoint path:  /home/dias-benchmarks/notebooks/lextoumbourou/feedback3-eda-hf-custom-trainer-sift/src/annotated/checkpoints/post_cell_3.pickle
HAHA setting initially best_rewritten_post_checkpoint_path:  /home/dias-benchmarks/notebooks/lextoumbourou/feedback3-eda-hf-custom-trainer-sift/src/annotated/checkpoints/post_cell_4.pickle
========================================================
Rewriting cell 4... Try 0...
Manager agent prompt:
        <Original Code>:
        ### cell 4 ###

len(train_df), len(test_df)
        <Profiling data>:
                    Function  GPU calls  CPU calls
0  DataFrame.__len__          2          0

        <Execution time>: 28.7
        <Active vars>: []

        <Future vars>: ['train_df']

        <Iteration>: 0/3

==========Running the manager agent to decide the next step==========
Choice: new
Reason: There is no rewritten code provided, and the execution time suggests potential for optimization. We can attempt to optimize the original code for faster performance.
Generating new code from the original code
Prompt:
        <Original Code>:
        ### cell 4 ###

len(train_df), len(test_df)
        <Profiling data>:
                    Function  GPU calls  CPU calls
0  DataFrame.__len__          2          0

        <Execution time>: 28.7
        <Active vars>: []

        <Future vars>: ['train_df']

        <Iteration>: 0/3

Code: train_df.shape[0], test_df.shape[0]
Reason: Replacing len()—which triggers two GPU calls—with the .shape property returns the row counts directly from Python metadata, eliminating unnecessary GPU round-trips and reducing overhead.
Parsed response: train_df.shape[0], test_df.shape[0]
Try 0: calling rewrite agent for cell 4 took 16.69748830795288 seconds.
Executing rewritten code... ### cell 4 ###

train_df.shape[0], test_df.shape[0]
HAHA rewritten pre-checkpoint path:  /home/dias-benchmarks/notebooks/lextoumbourou/feedback3-eda-hf-custom-trainer-sift/src/annotated/checkpoints/post_cell_3.pickle
Running rewritten cell notebook
Finished executing the rewritten code.
Try 0: executing the rewritten code for cell 4 took 93.97047734260559 seconds.
Rewritten time: 30.4 ms
The rewritten code is correct. Profiling cudf...
HAHA rewritten pre-checkpoint path:  /home/dias-benchmarks/notebooks/lextoumbourou/feedback3-eda-hf-custom-trainer-sift/src/annotated/checkpoints/post_cell_3.pickle
Try 0: cudf profiling the rewritten code for cell 4 took 14.277024507522583 seconds.
gpu_calls_orig_perc: 1.0, gpu_calls_opt_perc: 1.0
orig_time: 28.7, opt_time: 30.4
Ratio improves.
Improvement in percentage does not make up for the slowdown.
Rewritten code took 30.4ms. The previous fastest solution took 28.7ms.
Previous best solution num GPU and CPU calls:  2 0
New solution num GPU and CPU calls:  1 0
========================================================
Rewriting cell 4... Try 1...
Manager agent prompt:
        <Original Code>:
        ### cell 4 ###

len(train_df), len(test_df)
        <Profiling data>:
                    Function  GPU calls  CPU calls
0  DataFrame.__len__          2          0
        <Execution time>: 28.7
        <Active Vars>: []
        <Future Vars>: ['train_df']
        <Rewritten Code>:
        ### cell 4 ###

train_df.shape[0], test_df.shape[0]
        <Profiling data>:
            Function  GPU calls  CPU calls
0  DataFrame          1          0
        <Execution time>: 30.4
        <Execution output>: Rewritten time: 30.4 ms
Original time: 28.7 ms
        <Iteration>: 1/1

==========Running the manager agent to decide the next step==========
Choice: done
Reason: The original code is already optimized for inspection purposes.
Code is already optimized
Try 1: calling rewrite agent for cell 4 took 1.0455083847045898 seconds.
Could not rewrite the cell. Continuing to next cell...
========================================================
After rewriting cell  4
Rewritten pre-checkpoint path: /home/dias-benchmarks/notebooks/lextoumbourou/feedback3-eda-hf-custom-trainer-sift/src/annotated/checkpoints/post_cell_4.pickle
Pre-checkpoint path: /home/dias-benchmarks/notebooks/lextoumbourou/feedback3-eda-hf-custom-trainer-sift/src/annotated/checkpoints/post_cell_4.pickle
========================================================
Cell 4 rewriting took 247.46640729904175 seconds.
Getting original timing for cell 5
HAHA original checkpoint path:  /home/dias-benchmarks/notebooks/lextoumbourou/feedback3-eda-hf-custom-trainer-sift/src/annotated/checkpoints/post_cell_4.pickle
HAHA setting initially best_rewritten_post_checkpoint_path:  /home/dias-benchmarks/notebooks/lextoumbourou/feedback3-eda-hf-custom-trainer-sift/src/annotated/checkpoints/post_cell_5.pickle
========================================================
Rewriting cell 5... Try 0...
Manager agent prompt:
        <Original Code>:
        ### cell 5 ###

LABEL_COLUMNS = ['cohesion', 'syntax', 'vocabulary', 'phraseology', 'grammar', 'conventions']
        <Profiling data>:
        Empty DataFrame
Columns: []
Index: []

        <Execution time>: 0.0143
        <Active vars>: ['LABEL_COLUMNS']

        <Future vars>: ['train_df']

        <Iteration>: 0/3

==========Running the manager agent to decide the next step==========
Choice: new
Reason: There is no rewritten code to optimize, and we are at the first iteration. We should attempt to generate a new optimized version from the original code.
Generating new code from the original code
Prompt:
        <Original Code>:
        ### cell 5 ###

LABEL_COLUMNS = ['cohesion', 'syntax', 'vocabulary', 'phraseology', 'grammar', 'conventions']
        <Profiling data>:
        Empty DataFrame
Columns: []
Index: []

        <Execution time>: 0.0143
        <Active vars>: ['LABEL_COLUMNS']

        <Future vars>: ['train_df']

        <Iteration>: 0/3

Code: done
Reason: No DataFrame or pandas operations present; simple list assignment does not require GPU optimization.
No Modifications made to the original code
Try 0: calling rewrite agent for cell 5 took 5.008385181427002 seconds.
There is no need to rewrite the cell.
Could not rewrite the cell. Continuing to next cell...
========================================================
After rewriting cell  5
Rewritten pre-checkpoint path: /home/dias-benchmarks/notebooks/lextoumbourou/feedback3-eda-hf-custom-trainer-sift/src/annotated/checkpoints/post_cell_5.pickle
Pre-checkpoint path: /home/dias-benchmarks/notebooks/lextoumbourou/feedback3-eda-hf-custom-trainer-sift/src/annotated/checkpoints/post_cell_5.pickle
========================================================
Cell 5 rewriting took 127.06921291351318 seconds.
Getting original timing for cell 6
HAHA original checkpoint path:  /home/dias-benchmarks/notebooks/lextoumbourou/feedback3-eda-hf-custom-trainer-sift/src/annotated/checkpoints/post_cell_5.pickle
HAHA setting initially best_rewritten_post_checkpoint_path:  /home/dias-benchmarks/notebooks/lextoumbourou/feedback3-eda-hf-custom-trainer-sift/src/annotated/checkpoints/post_cell_6.pickle
========================================================
Rewriting cell 6... Try 0...
Manager agent prompt:
        <Original Code>:
        ### cell 6 ###

texts = train_df.sample(frac=1, random_state=420).head(4)
        <Profiling data>:
                 Function  GPU calls  CPU calls
0  NDFrame.sample          1          0
1    NDFrame.head          1          0

        <Execution time>: 514.0
        <Active vars>: []

        <Future vars>: ['LABEL_COLUMNS', 'train_df']

        <Iteration>: 0/3

==========Running the manager agent to decide the next step==========
Choice: new
Reason: The code involves simple sampling and is intended for inspection using pandas. We can aim to re-optimize the original code using more efficient methods or alternatives if available.
Generating new code from the original code
Prompt:
        <Original Code>:
        ### cell 6 ###

texts = train_df.sample(frac=1, random_state=420).head(4)
        <Profiling data>:
                 Function  GPU calls  CPU calls
0  NDFrame.sample          1          0
1    NDFrame.head          1          0

        <Execution time>: 514.0
        <Active vars>: []

        <Future vars>: ['LABEL_COLUMNS', 'train_df']

        <Iteration>: 0/3

Code: # Optimized: directly sample 4 rows instead of shuffling entire DataFrame then taking head
texts = train_df.sample(n=4, random_state=420)
Reason: Using sample(n=4) avoids shuffling the entire DataFrame with frac=1 followed by head(4), reducing GPU work and eliminating an extra operation.
Parsed response: # Optimized: directly sample 4 rows instead of shuffling entire DataFrame then taking head
texts = train_df.sample(n=4, random_state=420)
Try 0: calling rewrite agent for cell 6 took 12.128124475479126 seconds.
Executing rewritten code... ### cell 6 ###

# Optimized: directly sample 4 rows instead of shuffling entire DataFrame then taking head
texts = train_df.sample(n=4, random_state=420)
HAHA rewritten pre-checkpoint path:  /home/dias-benchmarks/notebooks/lextoumbourou/feedback3-eda-hf-custom-trainer-sift/src/annotated/checkpoints/post_cell_5.pickle
Running rewritten cell notebook
Finished executing the rewritten code.
Try 0: executing the rewritten code for cell 6 took 93.15390110015869 seconds.
Rewritten time: 186.0 ms
The rewritten code is correct. Profiling cudf...
HAHA rewritten pre-checkpoint path:  /home/dias-benchmarks/notebooks/lextoumbourou/feedback3-eda-hf-custom-trainer-sift/src/annotated/checkpoints/post_cell_5.pickle
Try 0: cudf profiling the rewritten code for cell 6 took 14.272547721862793 seconds.
gpu_calls_orig_perc: 1.0, gpu_calls_opt_perc: 1.0
orig_time: 514.0, opt_time: 186.0
Both the call ratio and the time are better.
Rewritten code took 186.0ms. The previous fastest solution took 514.0ms.
Previous best solution num GPU and CPU calls:  2 0
New solution num GPU and CPU calls:  1 0
Accepted the rewritten code.
Setting best_rewritten_post_checkpoint_path to  /home/dias-benchmarks/notebooks/lextoumbourou/feedback3-eda-hf-custom-trainer-sift/src/rewritten/o4_mini_high/checkpoints/post_cell_6.pickle
========================================================
Rewriting cell 6... Try 1...
Manager agent prompt:
        <Original Code>:
        ### cell 6 ###

texts = train_df.sample(frac=1, random_state=420).head(4)
        <Profiling data>:
                 Function  GPU calls  CPU calls
0  NDFrame.sample          1          0
1    NDFrame.head          1          0
        <Execution time>: 514.0
        <Active Vars>: []
        <Future Vars>: ['LABEL_COLUMNS', 'train_df']
        <Rewritten Code>:
        ### cell 6 ###

# Optimized: directly sample 4 rows instead of shuffling entire DataFrame then taking head
texts = train_df.sample(n=4, random_state=420)
        <Profiling data>:
                 Function  GPU calls  CPU calls
0  NDFrame.sample          1          0
        <Execution time>: 186.0
        <Execution output>: Rewritten time: 186.0 ms
Original time: 514.0 ms
        <Iteration>: 1/1

==========Running the manager agent to decide the next step==========
Choice: done
Reason: The rewritten code has significantly improved the execution time from 514.0 ms to 186.0 ms by optimizing the sampling method. There are no further iterations available, and the rewritten code has achieved the desired efficiency.
Code is already optimized
Try 1: calling rewrite agent for cell 6 took 1.944427728652954 seconds.
========================================================
After rewriting cell  6
Rewritten pre-checkpoint path: /home/dias-benchmarks/notebooks/lextoumbourou/feedback3-eda-hf-custom-trainer-sift/src/rewritten/o4_mini_high/checkpoints/post_cell_6.pickle
Pre-checkpoint path: /home/dias-benchmarks/notebooks/lextoumbourou/feedback3-eda-hf-custom-trainer-sift/src/annotated/checkpoints/post_cell_6.pickle
========================================================
Cell 6 rewriting took 241.0682315826416 seconds.
Getting original timing for cell 7
HAHA original checkpoint path:  /home/dias-benchmarks/notebooks/lextoumbourou/feedback3-eda-hf-custom-trainer-sift/src/annotated/checkpoints/post_cell_6.pickle
HAHA setting initially best_rewritten_post_checkpoint_path:  /home/dias-benchmarks/notebooks/lextoumbourou/feedback3-eda-hf-custom-trainer-sift/src/annotated/checkpoints/post_cell_7.pickle
========================================================
Rewriting cell 7... Try 0...
Manager agent prompt:
        <Original Code>:
        ### cell 7 ###

train_df['total_score'] = train_df[LABEL_COLUMNS].sum(axis=1)
lowest_df = train_df.sort_values('total_score').head(4)
        <Profiling data>:
                        Function  GPU calls  CPU calls
0  DataFrame.__getitem__          1          0
1          DataFrame.sum          1          0
2  DataFrame.__setitem__          1          0
3  DataFrame.sort_values          1          0
4           NDFrame.head          1          0

        <Execution time>: 235.0
        <Active vars>: ['train_df']

        <Future vars>: ['LABEL_COLUMNS']

        <Iteration>: 0/3

==========Running the manager agent to decide the next step==========
Choice: new
Reason: There is no rewritten code provided. We can explore optimizing the original code using efficient alternatives or APIs like cuDF for better performance.
Generating new code from the original code
Prompt:
        <Original Code>:
        ### cell 7 ###

train_df['total_score'] = train_df[LABEL_COLUMNS].sum(axis=1)
lowest_df = train_df.sort_values('total_score').head(4)
        <Profiling data>:
                        Function  GPU calls  CPU calls
0  DataFrame.__getitem__          1          0
1          DataFrame.sum          1          0
2  DataFrame.__setitem__          1          0
3  DataFrame.sort_values          1          0
4           NDFrame.head          1          0

        <Execution time>: 235.0
        <Active vars>: ['train_df']

        <Future vars>: ['LABEL_COLUMNS']

        <Iteration>: 0/3

Code: train_df['total_score'] = train_df[LABEL_COLUMNS].sum(axis=1)
# use nsmallest to avoid a full sort on GPU
lowest_df = train_df.nsmallest(4, 'total_score')
Reason: Replaced sort_values(...).head(4) with nsmallest(4, 'total_score') to avoid a full DataFrame sort and leverage the more efficient GPU selection algorithm.
Parsed response: train_df['total_score'] = train_df[LABEL_COLUMNS].sum(axis=1)
# use nsmallest to avoid a full sort on GPU
lowest_df = train_df.nsmallest(4, 'total_score')
Try 0: calling rewrite agent for cell 7 took 16.438022136688232 seconds.
Executing rewritten code... ### cell 7 ###

train_df['total_score'] = train_df[LABEL_COLUMNS].sum(axis=1)
# use nsmallest to avoid a full sort on GPU
lowest_df = train_df.nsmallest(4, 'total_score')
HAHA rewritten pre-checkpoint path:  /home/dias-benchmarks/notebooks/lextoumbourou/feedback3-eda-hf-custom-trainer-sift/src/rewritten/o4_mini_high/checkpoints/post_cell_6.pickle
Running rewritten cell notebook
Finished executing the rewritten code.
Try 0: executing the rewritten code for cell 7 took 167.57625269889832 seconds.
Rewritten time: 209.0 ms
The rewritten code is correct. Profiling cudf...
HAHA rewritten pre-checkpoint path:  /home/dias-benchmarks/notebooks/lextoumbourou/feedback3-eda-hf-custom-trainer-sift/src/rewritten/o4_mini_high/checkpoints/post_cell_6.pickle
Try 0: cudf profiling the rewritten code for cell 7 took 18.14903235435486 seconds.
gpu_calls_orig_perc: 1.0, gpu_calls_opt_perc: 1.0
orig_time: 235.0, opt_time: 209.0
Both the call ratio and the time are better.
Rewritten code took 209.0ms. The previous fastest solution took 235.0ms.
Previous best solution num GPU and CPU calls:  5 0
New solution num GPU and CPU calls:  4 0
Accepted the rewritten code.
Setting best_rewritten_post_checkpoint_path to  /home/dias-benchmarks/notebooks/lextoumbourou/feedback3-eda-hf-custom-trainer-sift/src/rewritten/o4_mini_high/checkpoints/post_cell_7.pickle
========================================================
Rewriting cell 7... Try 1...
Manager agent prompt:
        <Original Code>:
        ### cell 7 ###

train_df['total_score'] = train_df[LABEL_COLUMNS].sum(axis=1)
lowest_df = train_df.sort_values('total_score').head(4)
        <Profiling data>:
                        Function  GPU calls  CPU calls
0  DataFrame.__getitem__          1          0
1          DataFrame.sum          1          0
2  DataFrame.__setitem__          1          0
3  DataFrame.sort_values          1          0
4           NDFrame.head          1          0
        <Execution time>: 235.0
        <Active Vars>: ['train_df']
        <Future Vars>: ['LABEL_COLUMNS']
        <Rewritten Code>:
        ### cell 7 ###

train_df['total_score'] = train_df[LABEL_COLUMNS].sum(axis=1)
# use nsmallest to avoid a full sort on GPU
lowest_df = train_df.nsmallest(4, 'total_score')
        <Profiling data>:
                        Function  GPU calls  CPU calls
0  DataFrame.__getitem__          1          0
1          DataFrame.sum          1          0
2  DataFrame.__setitem__          1          0
3    DataFrame.nsmallest          1          0
        <Execution time>: 209.0
        <Execution output>: Rewritten time: 209.0 ms
Original time: 235.0 ms
        <Iteration>: 1/1

==========Running the manager agent to decide the next step==========
Choice: done
Reason: The rewritten code has already been optimized by using nsmallest instead of sort_values, which improves performance by avoiding a full sort on the GPU. The iteration is complete and no further optimizations are needed.
Code is already optimized
Try 1: calling rewrite agent for cell 7 took 2.1755237579345703 seconds.
========================================================
After rewriting cell  7
Rewritten pre-checkpoint path: /home/dias-benchmarks/notebooks/lextoumbourou/feedback3-eda-hf-custom-trainer-sift/src/rewritten/o4_mini_high/checkpoints/post_cell_7.pickle
Pre-checkpoint path: /home/dias-benchmarks/notebooks/lextoumbourou/feedback3-eda-hf-custom-trainer-sift/src/annotated/checkpoints/post_cell_7.pickle
========================================================
Cell 7 rewriting took 352.24167132377625 seconds.
Getting original timing for cell 8
HAHA original checkpoint path:  /home/dias-benchmarks/notebooks/lextoumbourou/feedback3-eda-hf-custom-trainer-sift/src/annotated/checkpoints/post_cell_7.pickle
HAHA setting initially best_rewritten_post_checkpoint_path:  /home/dias-benchmarks/notebooks/lextoumbourou/feedback3-eda-hf-custom-trainer-sift/src/annotated/checkpoints/post_cell_8.pickle
========================================================
Rewriting cell 8... Try 0...
Manager agent prompt:
        <Original Code>:
        ### cell 8 ###

train_df['total_score'] = train_df[LABEL_COLUMNS].sum(axis=1)
highest_df = train_df.sort_values('total_score', ascending=False).head(4)
        <Profiling data>:
                        Function  GPU calls  CPU calls
0  DataFrame.__getitem__          1          0
1          DataFrame.sum          1          0
2  DataFrame.__setitem__          1          0
3  DataFrame.sort_values          1          0
4           NDFrame.head          1          0

        <Execution time>: 231.0
        <Active vars>: []

        <Future vars>: ['train_df']

        <Iteration>: 0/3

==========Running the manager agent to decide the next step==========
Choice: new
Reason: There's no rewritten code, so we should try to create an optimized version of the original code to reduce execution time.
Generating new code from the original code
Prompt:
        <Original Code>:
        ### cell 8 ###

train_df['total_score'] = train_df[LABEL_COLUMNS].sum(axis=1)
highest_df = train_df.sort_values('total_score', ascending=False).head(4)
        <Profiling data>:
                        Function  GPU calls  CPU calls
0  DataFrame.__getitem__          1          0
1          DataFrame.sum          1          0
2  DataFrame.__setitem__          1          0
3  DataFrame.sort_values          1          0
4           NDFrame.head          1          0

        <Execution time>: 231.0
        <Active vars>: []

        <Future vars>: ['train_df']

        <Iteration>: 0/3

Code: highest_df = train_df.assign(
    total_score=train_df[LABEL_COLUMNS].sum(axis=1)
).nlargest(4, 'total_score')
Reason: Avoids in-place mutation of train_df and a full sort. Using cudf’s assign + nlargest runs entirely on the GPU and only finds the top 4 rows, reducing work compared to sort_values().
Parsed response: highest_df = train_df.assign(
    total_score=train_df[LABEL_COLUMNS].sum(axis=1)
).nlargest(4, 'total_score')
Try 0: calling rewrite agent for cell 8 took 25.7454252243042 seconds.
Executing rewritten code... ### cell 8 ###

highest_df = train_df.assign(
    total_score=train_df[LABEL_COLUMNS].sum(axis=1)
).nlargest(4, 'total_score')
HAHA rewritten pre-checkpoint path:  /home/dias-benchmarks/notebooks/lextoumbourou/feedback3-eda-hf-custom-trainer-sift/src/rewritten/o4_mini_high/checkpoints/post_cell_7.pickle
Running rewritten cell notebook
Finished executing the rewritten code.
Try 0: executing the rewritten code for cell 8 took 96.16019654273987 seconds.
Rewritten time: 173.0 ms
The rewritten code is correct. Profiling cudf...
HAHA rewritten pre-checkpoint path:  /home/dias-benchmarks/notebooks/lextoumbourou/feedback3-eda-hf-custom-trainer-sift/src/rewritten/o4_mini_high/checkpoints/post_cell_7.pickle
Try 0: cudf profiling the rewritten code for cell 8 took 14.573445796966553 seconds.
gpu_calls_orig_perc: 1.0, gpu_calls_opt_perc: 1.0
orig_time: 231.0, opt_time: 173.0
Both the call ratio and the time are better.
Rewritten code took 173.0ms. The previous fastest solution took 231.0ms.
Previous best solution num GPU and CPU calls:  5 0
New solution num GPU and CPU calls:  4 0
Accepted the rewritten code.
Setting best_rewritten_post_checkpoint_path to  /home/dias-benchmarks/notebooks/lextoumbourou/feedback3-eda-hf-custom-trainer-sift/src/rewritten/o4_mini_high/checkpoints/post_cell_8.pickle
========================================================
Rewriting cell 8... Try 1...
Manager agent prompt:
        <Original Code>:
        ### cell 8 ###

train_df['total_score'] = train_df[LABEL_COLUMNS].sum(axis=1)
highest_df = train_df.sort_values('total_score', ascending=False).head(4)
        <Profiling data>:
                        Function  GPU calls  CPU calls
0  DataFrame.__getitem__          1          0
1          DataFrame.sum          1          0
2  DataFrame.__setitem__          1          0
3  DataFrame.sort_values          1          0
4           NDFrame.head          1          0
        <Execution time>: 231.0
        <Active Vars>: []
        <Future Vars>: ['train_df']
        <Rewritten Code>:
        ### cell 8 ###

highest_df = train_df.assign(
    total_score=train_df[LABEL_COLUMNS].sum(axis=1)
).nlargest(4, 'total_score')
        <Profiling data>:
                        Function  GPU calls  CPU calls
0  DataFrame.__getitem__          1          0
1          DataFrame.sum          1          0
2       DataFrame.assign          1          0
3     DataFrame.nlargest          1          0
        <Execution time>: 173.0
        <Execution output>: Rewritten time: 173.0 ms
Original time: 231.0 ms
        <Iteration>: 1/1

==========Running the manager agent to decide the next step==========
Choice: done
Reason: The rewritten code is already optimized with a significant performance improvement from the original version. It uses more efficient operations such as `nlargest` instead of sorting and then applying `head`. Given that this was the only iteration planned, no further optimization is needed.
Code is already optimized
Try 1: calling rewrite agent for cell 8 took 4.512269973754883 seconds.
========================================================
After rewriting cell  8
Rewritten pre-checkpoint path: /home/dias-benchmarks/notebooks/lextoumbourou/feedback3-eda-hf-custom-trainer-sift/src/rewritten/o4_mini_high/checkpoints/post_cell_8.pickle
Pre-checkpoint path: /home/dias-benchmarks/notebooks/lextoumbourou/feedback3-eda-hf-custom-trainer-sift/src/annotated/checkpoints/post_cell_8.pickle
========================================================
Cell 8 rewriting took 259.50044417381287 seconds.
Getting original timing for cell 9
HAHA original checkpoint path:  /home/dias-benchmarks/notebooks/lextoumbourou/feedback3-eda-hf-custom-trainer-sift/src/annotated/checkpoints/post_cell_8.pickle
HAHA setting initially best_rewritten_post_checkpoint_path:  /home/dias-benchmarks/notebooks/lextoumbourou/feedback3-eda-hf-custom-trainer-sift/src/annotated/checkpoints/post_cell_9.pickle
========================================================
Rewriting cell 9... Try 0...
Manager agent prompt:
        <Original Code>:
        ### cell 9 ###


train_df['word_count'] = train_df.full_text.apply(lambda x: len(x.split()))
        <Profiling data>:
                        Function  GPU calls  CPU calls
0    NDFrame.__getattr__          1          0
1           Series.apply          0          1
2  DataFrame.__setitem__          1          0

        <Execution time>: 42700.0
        <Active vars>: ['train_df']

        <Future vars>: []

        <Iteration>: 0/3

==========Running the manager agent to decide the next step==========
Choice: new
Reason: There's no rewritten code provided, so we should attempt to optimize the original code.
Generating new code from the original code
Prompt:
        <Original Code>:
        ### cell 9 ###


train_df['word_count'] = train_df.full_text.apply(lambda x: len(x.split()))
        <Profiling data>:
                        Function  GPU calls  CPU calls
0    NDFrame.__getattr__          1          0
1           Series.apply          0          1
2  DataFrame.__setitem__          1          0

        <Execution time>: 42700.0
        <Active vars>: ['train_df']

        <Future vars>: []

        <Iteration>: 0/3

Code: train_df['word_count'] = train_df.full_text.str.split().str.len()
Reason: Replaced the Python-level .apply and lambda with cudf-native vectorized string operations. Using .str.split() and .str.len() leverages the GPU for word counting and eliminates the costly CPU apply call.
Parsed response: train_df['word_count'] = train_df.full_text.str.split().str.len()
Try 0: calling rewrite agent for cell 9 took 11.216514348983765 seconds.
Executing rewritten code... ### cell 9 ###

train_df['word_count'] = train_df.full_text.str.split().str.len()
HAHA rewritten pre-checkpoint path:  /home/dias-benchmarks/notebooks/lextoumbourou/feedback3-eda-hf-custom-trainer-sift/src/rewritten/o4_mini_high/checkpoints/post_cell_8.pickle
Running rewritten cell notebook
An unexpected error occurred This event loop is already running
Rewritten time: inf ms
========================================================
Rewriting cell 9... Try 1...
Manager agent prompt:
        <Original Code>:
        ### cell 9 ###


train_df['word_count'] = train_df.full_text.apply(lambda x: len(x.split()))
        <Profiling data>:
                        Function  GPU calls  CPU calls
0    NDFrame.__getattr__          1          0
1           Series.apply          0          1
2  DataFrame.__setitem__          1          0
        <Execution time>: 42700.0
        <Active Vars>: ['train_df']
        <Future Vars>: []
        <Rewritten Code>:
        ### cell 9 ###

train_df['word_count'] = train_df.full_text.str.split().str.len()
        <Profiling data>:
        None
        <Execution time>: inf
        <Execution output>: The rewritten code resulted in a runtime error. This event loop is already running
        <Iteration>: 1/1

==========Running the manager agent to decide the next step==========
Choice: repair
Reason: The rewritten code is causing a runtime error, so we should try to fix it to ensure it can run properly.
Code fixer prompt:
        <Original Code>:
        ### cell 9 ###


train_df['word_count'] = train_df.full_text.apply(lambda x: len(x.split()))
        <Profiling data>:
                        Function  GPU calls  CPU calls
0    NDFrame.__getattr__          1          0
1           Series.apply          0          1
2  DataFrame.__setitem__          1          0
        <Execution time>: 42700.0
        <Active Vars>: ['train_df']
        <Future Vars>: []
        <Rewritten Code>:
        ### cell 9 ###

train_df['word_count'] = train_df.full_text.str.split().str.len()
        <Profiling data>:
        None
        <Execution time>: inf
        <Execution output>: The rewritten code resulted in a runtime error. This event loop is already running
        <Iteration>: 1/1

Repairing the last generated code
Code: ### cell 9 ###
# Fully vectorized word‐count using GPU string methods
# Count the number of spaces and add 1 for non‐empty strings, otherwise 0
space_counts = train_df.full_text.str.count(' ')
lengths = train_df.full_text.str.len()
train_df['word_count'] = (space_counts + 1).where(lengths > 0, 0)
Reason: Using str.count on the GPU to tally spaces and a conditional .where to handle empty strings eliminates Python‐level splits and apply calls. This keeps all computation on the GPU, minimizes CPU–GPU transfers, and leverages efficient cudf string kernels for optimal performance.
Parsed response: ### cell 9 ###
# Fully vectorized word‐count using GPU string methods
# Count the number of spaces and add 1 for non‐empty strings, otherwise 0
space_counts = train_df.full_text.str.count(' ')
lengths = train_df.full_text.str.len()
train_df['word_count'] = (space_counts + 1).where(lengths > 0, 0)
Try 1: calling rewrite agent for cell 9 took 10.467837810516357 seconds.
Executing rewritten code... ### cell 9 ###
# Fully vectorized word‐count using GPU string methods
# Count the number of spaces and add 1 for non‐empty strings, otherwise 0
space_counts = train_df.full_text.str.count(' ')
lengths = train_df.full_text.str.len()
train_df['word_count'] = (space_counts + 1).where(lengths > 0, 0)
HAHA rewritten pre-checkpoint path:  /home/dias-benchmarks/notebooks/lextoumbourou/feedback3-eda-hf-custom-trainer-sift/src/rewritten/o4_mini_high/checkpoints/post_cell_8.pickle
Running rewritten cell notebook
An unexpected error occurred An error occurred while executing the following cell:
------------------
train_df_opt = train_df
%LoadCheckpoint /home/dias-benchmarks/notebooks/lextoumbourou/feedback3-eda-hf-custom-trainer-sift/src/annotated/checkpoints/post_cell_9.pickle
assert compare_df(train_df_opt, train_df)

import numpy as np
import cudf
from elastic.core.common.pandas import is_type_styler
is_orig_output_pd = isinstance(orig_output, (pd.Series, pd.DataFrame, pd.Index))
is_opt_output_pd = isinstance(opt_output, (pd.Series, pd.DataFrame, pd.Index))
is_orig_output_array = isinstance(orig_output, (cudf.pandas._wrappers.numpy.ndarray, np.ndarray))
is_opt_output_array = isinstance(opt_output, (cudf.pandas._wrappers.numpy.ndarray, np.ndarray))
is_orig_output_styler = is_type_styler(type(orig_output))
is_opt_output_styler = is_type_styler(type(opt_output))
if is_orig_output_styler and is_opt_output_styler:
    assert orig_output.to_html() == opt_output.to_html()
elif is_orig_output_styler:
    assert orig_output.to_html() == opt_output.to_html()
elif is_opt_output_styler:
    assert opt_output.to_html() == orig_output

if is_orig_output_pd and is_opt_output_pd:
    assert orig_output.equals(opt_output)
# TODO(jie): this is a hack.
elif ((is_orig_output_pd or is_opt_output_pd) and (is_orig_output_array or is_opt_output_array)) or (is_orig_output_array and is_opt_output_array):
    assert list(orig_output) == list(opt_output)
else:
    assert orig_output == opt_output

------------------

----- stdout -----
[[<elastic.core.graph.variable_snapshot.VariableSnapshot object at 0x7f21285fc280>], [<elastic.core.graph.variable_snapshot.VariableSnapshot object at 0x7f21285fe9b0>], [<elastic.core.graph.variable_snapshot.VariableSnapshot object at 0x7f21285fcc70>], [<elastic.core.graph.variable_snapshot.VariableSnapshot object at 0x7f21285fc430>], [<elastic.core.graph.variable_snapshot.VariableSnapshot object at 0x7f21285fe890>], [<elastic.core.graph.variable_snapshot.VariableSnapshot object at 0x7f21285fd9c0>], [<elastic.core.graph.variable_snapshot.VariableSnapshot object at 0x7f21285fc0d0>], [<elastic.core.graph.variable_snapshot.VariableSnapshot object at 0x7f2246293e50>], [<elastic.core.graph.variable_snapshot.VariableSnapshot object at 0x7f21285fdd20>], [<elastic.core.graph.variable_snapshot.VariableSnapshot object at 0x7f21285fd7b0>], [<elastic.core.graph.variable_snapshot.VariableSnapshot object at 0x7f21285fdf60>]]
trying: ['texts']
me:  13
trying: ['orig_output']
me:  12
trying: ['factor']
me:  3
trying: ['test_df']
me:  3
trying: ['pd']
me:  0
trying: ['train_df']
----- stdout -----
me:  19
trying: ['LABEL_COLUMNS']
me:  11
trying: ['np']
me:  0
trying: ['lowest_df']
me:  15
trying: ['time']
me:  0
trying: ['highest_df']
me:  17
----- stdout -----
Declaring variable pd
Declaring variable np
Declaring variable time
Declaring variable factor
Declaring variable test_df
Declaring variable LABEL_COLUMNS
Declaring variable orig_output
Declaring variable texts
Declaring variable lowest_df
Declaring variable highest_df
Declaring variable train_df
------------------

[0;31m---------------------------------------------------------------------------[0m
[0;31mValueError[0m                                Traceback (most recent call last)
Cell [0;32mIn [9], line 3[0m
[1;32m      1[0m train_df_opt [38;5;241m=[39m train_df
[1;32m      2[0m get_ipython()[38;5;241m.[39mrun_line_magic([38;5;124m'[39m[38;5;124mLoadCheckpoint[39m[38;5;124m'[39m, [38;5;124m'[39m[38;5;124m/home/dias-benchmarks/notebooks/lextoumbourou/feedback3-eda-hf-custom-trainer-sift/src/annotated/checkpoints/post_cell_9.pickle[39m[38;5;124m'[39m)
[0;32m----> 3[0m [38;5;28;01massert[39;00m [43mcompare_df[49m[43m([49m[43mtrain_df_opt[49m[43m,[49m[43m [49m[43mtrain_df[49m[43m)[49m
[1;32m      5[0m [38;5;28;01mimport[39;00m[38;5;250m [39m[38;5;21;01mnumpy[39;00m[38;5;250m [39m[38;5;28;01mas[39;00m[38;5;250m [39m[38;5;21;01mnp[39;00m
[1;32m      6[0m [38;5;28;01mimport[39;00m[38;5;250m [39m[38;5;21;01mcudf[39;00m

File [0;32m/home/ElasticNotebook/elastic/core/common/pandas.py:86[0m, in [0;36mcompare_df[0;34m(df1, df2)[0m
[1;32m     84[0m     [38;5;28;01mfor[39;00m col [38;5;129;01min[39;00m df1[38;5;241m.[39mcolumns:
[1;32m     85[0m         [38;5;28;01mif[39;00m df1[col][38;5;241m.[39mdtype [38;5;241m!=[39m df2[col][38;5;241m.[39mdtype:
[0;32m---> 86[0m             [38;5;28;01mraise[39;00m [38;5;167;01mValueError[39;00m([38;5;124mf[39m[38;5;124m"[39m[38;5;124mData type mismatch in column [39m[38;5;124m'[39m[38;5;132;01m{[39;00mcol[38;5;132;01m}[39;00m[38;5;124m'[39m[38;5;124m: [39m[38;5;132;01m{[39;00mdf1[col][38;5;241m.[39mdtype[38;5;132;01m}[39;00m[38;5;124m vs [39m[38;5;132;01m{[39;00mdf2[col][38;5;241m.[39mdtype[38;5;132;01m}[39;00m[38;5;124m"[39m)
[1;32m     88[0m [38;5;66;03m# For Series, check data type[39;00m
[1;32m     89[0m [38;5;28;01melif[39;00m is_type_series([38;5;28mtype[39m(df1)) [38;5;129;01mand[39;00m is_type_series([38;5;28mtype[39m(df2)):

[0;31mValueError[0m: Data type mismatch in column 'word_count': int32 vs int64

Rewritten time: inf ms
Could not rewrite the cell. Continuing to next cell...
========================================================
After rewriting cell  9
Rewritten pre-checkpoint path: /home/dias-benchmarks/notebooks/lextoumbourou/feedback3-eda-hf-custom-trainer-sift/src/annotated/checkpoints/post_cell_9.pickle
Pre-checkpoint path: /home/dias-benchmarks/notebooks/lextoumbourou/feedback3-eda-hf-custom-trainer-sift/src/annotated/checkpoints/post_cell_9.pickle
========================================================
Cell 9 rewriting took 551.9639821052551 seconds.
Getting original timing for cell 10
HAHA original checkpoint path:  /home/dias-benchmarks/notebooks/lextoumbourou/feedback3-eda-hf-custom-trainer-sift/src/annotated/checkpoints/post_cell_9.pickle
HAHA setting initially best_rewritten_post_checkpoint_path:  /home/dias-benchmarks/notebooks/lextoumbourou/feedback3-eda-hf-custom-trainer-sift/src/annotated/checkpoints/post_cell_10.pickle
========================================================
Rewriting cell 10... Try 0...
Manager agent prompt:
        <Original Code>:
        ### cell 10 ###

train_df['word_count'].mean()
        <Profiling data>:
                        Function  GPU calls  CPU calls
0  DataFrame.__getitem__          1          0
1            Series.mean          1          0

        <Execution time>: 49.0
        <Active vars>: []

        <Future vars>: ['train_df']

        <Iteration>: 0/3

==========Running the manager agent to decide the next step==========
Choice: new
Reason: This is the first iteration and there is no rewritten code provided. We should attempt to optimize the original code for faster performance.
Generating new code from the original code
Prompt:
        <Original Code>:
        ### cell 10 ###

train_df['word_count'].mean()
        <Profiling data>:
                        Function  GPU calls  CPU calls
0  DataFrame.__getitem__          1          0
1            Series.mean          1          0

        <Execution time>: 49.0
        <Active vars>: []

        <Future vars>: ['train_df']

        <Iteration>: 0/3

Code: done
Reason: The operation is already fully vectorized and executed on the GPU with no CPU involvement; no further optimization is needed.
No Modifications made to the original code
Try 0: calling rewrite agent for cell 10 took 4.902795314788818 seconds.
There is no need to rewrite the cell.
Could not rewrite the cell. Continuing to next cell...
========================================================
After rewriting cell  10
Rewritten pre-checkpoint path: /home/dias-benchmarks/notebooks/lextoumbourou/feedback3-eda-hf-custom-trainer-sift/src/annotated/checkpoints/post_cell_10.pickle
Pre-checkpoint path: /home/dias-benchmarks/notebooks/lextoumbourou/feedback3-eda-hf-custom-trainer-sift/src/annotated/checkpoints/post_cell_10.pickle
========================================================
Cell 10 rewriting took 123.09833097457886 seconds.
Getting original timing for cell 11
HAHA original checkpoint path:  /home/dias-benchmarks/notebooks/lextoumbourou/feedback3-eda-hf-custom-trainer-sift/src/annotated/checkpoints/post_cell_10.pickle
HAHA setting initially best_rewritten_post_checkpoint_path:  /home/dias-benchmarks/notebooks/lextoumbourou/feedback3-eda-hf-custom-trainer-sift/src/annotated/checkpoints/post_cell_11.pickle
========================================================
Rewriting cell 11... Try 0...
Manager agent prompt:
        <Original Code>:
        ### cell 11 ###

train_df['word_count'].max()
        <Profiling data>:
                        Function  GPU calls  CPU calls
0  DataFrame.__getitem__          1          0
1             Series.max          1          0

        <Execution time>: 27.5
        <Active vars>: []

        <Future vars>: []

        <Iteration>: 0/3

==========Running the manager agent to decide the next step==========
Choice: new
Reason: There is no rewritten code, and since we are in the initial iteration, we should attempt to optimize the original code.
Generating new code from the original code
Prompt:
        <Original Code>:
        ### cell 11 ###

train_df['word_count'].max()
        <Profiling data>:
                        Function  GPU calls  CPU calls
0  DataFrame.__getitem__          1          0
1             Series.max          1          0

        <Execution time>: 27.5
        <Active vars>: []

        <Future vars>: []

        <Iteration>: 0/3

Code: done
Reason: The operation is fully GPU-accelerated (getitem and Series.max both use GPU calls), so no further optimization is needed.
No Modifications made to the original code
Try 0: calling rewrite agent for cell 11 took 4.590396165847778 seconds.
There is no need to rewrite the cell.
Could not rewrite the cell. Continuing to next cell...
========================================================
After rewriting cell  11
Rewritten pre-checkpoint path: /home/dias-benchmarks/notebooks/lextoumbourou/feedback3-eda-hf-custom-trainer-sift/src/annotated/checkpoints/post_cell_11.pickle
Pre-checkpoint path: /home/dias-benchmarks/notebooks/lextoumbourou/feedback3-eda-hf-custom-trainer-sift/src/annotated/checkpoints/post_cell_11.pickle
========================================================
Cell 11 rewriting took 122.64943027496338 seconds.
Rewrote notebook in 2635.1721868515015 seconds
