Annotated notebook saved to /home/dias-benchmarks/notebooks/ibtesama/getting-started-with-a-movie-recommendation-system/src/cell_exec_info.ipynb
Executing code: import sys, os
sys.path.insert(0, os.path.abspath('/home/ElasticNotebook'))
%load_ext ElasticNotebook
from elastic.core.common.pandas import compare_df
import pickle
import cudf
Executing code: %%RecordEventWithColumnInfo
import os
# STEFANOS: Conditionally import Modin Pandas
if "IREWR_WITH_MODIN" in os.environ and os.environ["IREWR_WITH_MODIN"] == "True":
    # STEFANOS: Import Modin Pandas
    import os
    os.environ["MODIN_ENGINE"] = "ray"
    import ray
    ray.init(num_cpus=int(os.environ['MODIN_CPUS']), runtime_env={'env_vars': {'__MODIN_AUTOIMPORT_PANDAS__': '1'}})
    import modin.pandas as pd
else:
    # STEFANOS: Import regular Pandas
    import pandas as pd
import numpy as np
import time
Executing code: %%RecordEventWithColumnInfo
### cell 0 ###

df1=pd.read_csv('/home/dias-benchmarks/notebooks/ibtesama/getting-started-with-a-movie-recommendation-system/input/tmdb-movie-metadata/tmdb_5000_credits.csv')
df2=pd.read_csv('/home/dias-benchmarks/notebooks/ibtesama/getting-started-with-a-movie-recommendation-system/input/tmdb-movie-metadata/tmdb_5000_movies.csv')
Executing code: %%RecordEventWithColumnInfo
### cell 1 ###

factor = 5
if "IREWR_LESS_REPLICATION" in os.environ and os.environ["IREWR_LESS_REPLICATION"] == "True":
    factor = factor//3
df1 = pd.concat([df1]*factor, ignore_index=True)
df1.info()
Executing code: %%RecordEventWithColumnInfo
### cell 2 ###

df1.columns = ['id','tittle','cast','crew']
df2= df2.merge(df1,on='id')
Executing code: %%RecordEventWithColumnInfo
### cell 3 ###

df2.head(5)
Executing code: %%RecordEventWithColumnInfo
### cell 4 ###

C= df2['vote_average'].mean()
C
Executing code: %%RecordEventWithColumnInfo
### cell 5 ###

m= df2['vote_count'].quantile(0.9)
m
Executing code: %%RecordEventWithColumnInfo
### cell 6 ###

q_movies = df2.copy().loc[df2['vote_count'] >= m]
q_movies.shape
Executing code: %%RecordEventWithColumnInfo
### cell 7 ###

def weighted_rating(x, m=m, C=C):
    v = x['vote_count']
    R = x['vote_average']
    # Calculation based on the IMDB formula
    return (v/(v+m) * R) + (m/(m+v) * C)
# Define a new feature 'score' and calculate its value with `weighted_rating()`
q_movies['score'] = q_movies.apply(weighted_rating, axis=1)
Executing code: %%RecordEventWithColumnInfo
### cell 8 ###

#Sort movies based on score calculated above
q_movies = q_movies.sort_values('score', ascending=False)

#Print the top 15 movies
q_movies[['title', 'vote_count', 'vote_average', 'score']].head(10)
Executing code: %%RecordEventWithColumnInfo
### cell 9 ###

pop= df2.sort_values('popularity', ascending=False)
import matplotlib.pyplot as plt
# STEFANOS: Disable plotting
# plt.figure(figsize=(12,4))

# plt.barh(pop['title'].head(6),pop['popularity'].head(6), align='center',
#         color='skyblue')
# plt.gca().invert_yaxis()
# plt.xlabel("Popularity")
# plt.title("Popular Movies")

Executing code: %%RecordEventWithColumnInfo
### cell 10 ###

df2['overview'].head(5)
Executing code: %%RecordEventWithColumnInfo
### cell 11 ###

#Import TfIdfVectorizer from scikit-learn
# STEFANOS: Remove unneeded modules.
# from sklearn.feature_extraction.text import TfidfVectorizer

#Define a TF-IDF Vectorizer Object. Remove all english stop words such as 'the', 'a'
# STEFANOS: non-Pandas. The code that uses it is disabled.
# tfidf = TfidfVectorizer(stop_words='english')

#Replace NaN with an empty string
df2['overview'] = df2['overview'].fillna('')

# STEFANOS: non-Pandas. The code that uses it is disabled.
# #Construct the required TF-IDF matrix by fitting and transforming the data
# tfidf_matrix = tfidf.fit_transform(df2['overview'])

# #Output the shape of tfidf_matrix
# tfidf_matrix.shape
Executing code: # STEFANOS: This takes an inordinate amount of memory and it's not Pandas.
# Because we're not using get_recommendations(), we're fine

# # Import linear_kernel
# from sklearn.metrics.pairwise import linear_kernel

# # Compute the cosine similarity matrix
# cosine_sim = linear_kernel(tfidf_matrix, tfidf_matrix)
Executing code: #Construct a reverse map of indices and movie titles
# STEFANOS: Don't drop duplicates.
# indices = pd.Series(df2.index, index=df2['title']).drop_duplicates()
Executing code: # Function that takes in movie title as input and outputs most similar movies

# STEFANOS: get_recommendations() fails to run sometimes and it's not Pandas
# def get_recommendations(title, cosine_sim=cosine_sim):
#     # Get the index of the movie that matches the title
#     idx = indices[title]

#     # Get the pairwsie similarity scores of all movies with that movie
#     sim_scores = list(enumerate(cosine_sim[idx]))

#     # Sort the movies based on the similarity scores
#     # STEFANOS: This doesn't run
# #     sim_scores = sorted(sim_scores, key=lambda x: x[1], reverse=True)
#     sim_scores = sorted(sim_scores, key=lambda x: x[1].any(), reverse=True)

#     # Get the scores of the 10 most similar movies
#     sim_scores = sim_scores[1:11]

#     # Get the movie indices
#     movie_indices = [i[0] for i in sim_scores]

#     # Return the top 10 most similar movies
#     return df2['title'].iloc[movie_indices]
Executing code: # STEFANOS: get_recommendations() fails to run sometimes and it's not Pandas
# get_recommendations('The Dark Knight Rises')
Executing code: # STEFANOS: get_recommendations() fails to run sometimes and it's not Pandas
# get_recommendations('The Avengers')
Executing code: %%RecordEventWithColumnInfo
### cell 12 ###

# Parse the stringified features into their corresponding python objects
from ast import literal_eval

features = ['cast', 'crew', 'keywords', 'genres']
for feature in features:
    df2[feature] = df2[feature].apply(literal_eval)
Executing code: %%RecordEventWithColumnInfo
### cell 13 ###

# Get the director's name from the crew feature. If director is not listed, return NaN
def get_director(x):
    for i in x:
        if i['job'] == 'Director':
            return i['name']
    return np.nan
def get_list(x):
    if isinstance(x, list):
        names = [i['name'] for i in x]
        #Check if more than 3 elements exist. If yes, return only first three. If no, return entire list.
        if len(names) > 3:
            names = names[:3]
        return names

    #Return empty list in case of missing/malformed data
    return []
# Define new director, cast, genres and keywords features that are in a suitable form.
df2['director'] = df2['crew'].apply(get_director)

features = ['cast', 'keywords', 'genres']
for feature in features:
    df2[feature] = df2[feature].apply(get_list)
Executing code: %%RecordEventWithColumnInfo
### cell 14 ###

# Print the new features of the first 3 films
df2[['title', 'cast', 'director', 'keywords', 'genres']].head(3)
Executing code: %%RecordEventWithColumnInfo
### cell 15 ###

# Function to convert all strings to lower case and strip names of spaces
def clean_data(x):
    if isinstance(x, list):
        return [str.lower(i.replace(" ", "")) for i in x]
    else:
        #Check if director exists. If not, return empty string
        if isinstance(x, str):
            return str.lower(x.replace(" ", ""))
        else:
            return ''
# Apply clean_data function to your features.
features = ['cast', 'keywords', 'director', 'genres']

for feature in features:
    df2[feature] = df2[feature].apply(clean_data)
Executing code: %%RecordEventWithColumnInfo
### cell 16 ###

def create_soup(x):
    return ' '.join(x['keywords']) + ' ' + ' '.join(x['cast']) + ' ' + x['director'] + ' ' + ' '.join(x['genres'])
df2['soup'] = df2.apply(create_soup, axis=1)
Executing code: %PrintCellInfo cell_exec_info
Executing code: %reset -f
Executing code: %reload_ext ElasticNotebook
Ran small notebook to get cell exec info in 98.08355283737183 seconds
Getting cudf profile information...
Annotated notebook saved to /home/dias-benchmarks/notebooks/ibtesama/getting-started-with-a-movie-recommendation-system/src/cudf_profile.ipynb
Done getting cudf profile information.
Ran small notebook to get cudf profile info in 401.5771415233612 seconds
Annotated notebook saved to /home/dias-benchmarks/notebooks/ibtesama/getting-started-with-a-movie-recommendation-system/src/annotated.ipynb
Executing code: %reset -f
Executing code: %reload_ext ElasticNotebook
Executing code: %load_ext cudf.pandas
Executing code: import sys, os
sys.path.insert(0, os.path.abspath('/home/ElasticNotebook'))
%load_ext ElasticNotebook
from elastic.core.common.pandas import compare_df
import pickle
import cudf
Executing code: %%RecordEvent
import os
# STEFANOS: Conditionally import Modin Pandas
if "IREWR_WITH_MODIN" in os.environ and os.environ["IREWR_WITH_MODIN"] == "True":
    # STEFANOS: Import Modin Pandas
    import os
    os.environ["MODIN_ENGINE"] = "ray"
    import ray
    ray.init(num_cpus=int(os.environ['MODIN_CPUS']), runtime_env={'env_vars': {'__MODIN_AUTOIMPORT_PANDAS__': '1'}})
    import modin.pandas as pd
else:
    # STEFANOS: Import regular Pandas
    import pandas as pd
import numpy as np
import time
Executing code: %%RecordEvent
%%time
### cell 0 ###

df1=pd.read_csv('/home/dias-benchmarks/notebooks/ibtesama/getting-started-with-a-movie-recommendation-system/input/tmdb-movie-metadata/tmdb_5000_credits.csv')
df2=pd.read_csv('/home/dias-benchmarks/notebooks/ibtesama/getting-started-with-a-movie-recommendation-system/input/tmdb-movie-metadata/tmdb_5000_movies.csv')
Executing code: %%RecordEvent
%%time
### cell 1 ###

factor = 10
if "IREWR_LESS_REPLICATION" in os.environ and os.environ["IREWR_LESS_REPLICATION"] == "True":
    factor = factor//3
df1 = pd.concat([df1]*factor, ignore_index=True)
df1.info()
Executing code: %%RecordEvent
%%time
### cell 2 ###

df1.columns = ['id','tittle','cast','crew']
df2= df2.merge(df1,on='id')
Executing code: %%RecordEvent
%%time
### cell 3 ###

df2.head(5)
Executing code: %%RecordEvent
%%time
### cell 4 ###

C= df2['vote_average'].mean()
C
Executing code: %%RecordEvent
%%time
### cell 5 ###

m= df2['vote_count'].quantile(0.9)
m
Executing code: %%RecordEvent
%%time
### cell 6 ###

q_movies = df2.copy().loc[df2['vote_count'] >= m]
q_movies.shape
Executing code: %%RecordEvent
%%time
### cell 7 ###

def weighted_rating(x, m=m, C=C):
    v = x['vote_count']
    R = x['vote_average']
    # Calculation based on the IMDB formula
    return (v/(v+m) * R) + (m/(m+v) * C)
# Define a new feature 'score' and calculate its value with `weighted_rating()`
q_movies['score'] = q_movies.apply(weighted_rating, axis=1)
Executing code: %%RecordEvent
%%time
### cell 8 ###

#Sort movies based on score calculated above
q_movies = q_movies.sort_values('score', ascending=False)

#Print the top 15 movies
q_movies[['title', 'vote_count', 'vote_average', 'score']].head(10)
Executing code: %%RecordEvent
%%time
### cell 9 ###

pop= df2.sort_values('popularity', ascending=False)
import matplotlib.pyplot as plt
# STEFANOS: Disable plotting
# plt.figure(figsize=(12,4))

# plt.barh(pop['title'].head(6),pop['popularity'].head(6), align='center',
#         color='skyblue')
# plt.gca().invert_yaxis()
# plt.xlabel("Popularity")
# plt.title("Popular Movies")

Executing code: %%RecordEvent
%%time
### cell 10 ###

df2['overview'].head(5)
Executing code: %%RecordEvent
%%time
### cell 11 ###

#Import TfIdfVectorizer from scikit-learn
# STEFANOS: Remove unneeded modules.
# from sklearn.feature_extraction.text import TfidfVectorizer

#Define a TF-IDF Vectorizer Object. Remove all english stop words such as 'the', 'a'
# STEFANOS: non-Pandas. The code that uses it is disabled.
# tfidf = TfidfVectorizer(stop_words='english')

#Replace NaN with an empty string
df2['overview'] = df2['overview'].fillna('')

# STEFANOS: non-Pandas. The code that uses it is disabled.
# #Construct the required TF-IDF matrix by fitting and transforming the data
# tfidf_matrix = tfidf.fit_transform(df2['overview'])

# #Output the shape of tfidf_matrix
# tfidf_matrix.shape
Executing code: # STEFANOS: This takes an inordinate amount of memory and it's not Pandas.
# Because we're not using get_recommendations(), we're fine

# # Import linear_kernel
# from sklearn.metrics.pairwise import linear_kernel

# # Compute the cosine similarity matrix
# cosine_sim = linear_kernel(tfidf_matrix, tfidf_matrix)
Executing code: #Construct a reverse map of indices and movie titles
# STEFANOS: Don't drop duplicates.
# indices = pd.Series(df2.index, index=df2['title']).drop_duplicates()
Executing code: # Function that takes in movie title as input and outputs most similar movies

# STEFANOS: get_recommendations() fails to run sometimes and it's not Pandas
# def get_recommendations(title, cosine_sim=cosine_sim):
#     # Get the index of the movie that matches the title
#     idx = indices[title]

#     # Get the pairwsie similarity scores of all movies with that movie
#     sim_scores = list(enumerate(cosine_sim[idx]))

#     # Sort the movies based on the similarity scores
#     # STEFANOS: This doesn't run
# #     sim_scores = sorted(sim_scores, key=lambda x: x[1], reverse=True)
#     sim_scores = sorted(sim_scores, key=lambda x: x[1].any(), reverse=True)

#     # Get the scores of the 10 most similar movies
#     sim_scores = sim_scores[1:11]

#     # Get the movie indices
#     movie_indices = [i[0] for i in sim_scores]

#     # Return the top 10 most similar movies
#     return df2['title'].iloc[movie_indices]
Executing code: # STEFANOS: get_recommendations() fails to run sometimes and it's not Pandas
# get_recommendations('The Dark Knight Rises')
Executing code: # STEFANOS: get_recommendations() fails to run sometimes and it's not Pandas
# get_recommendations('The Avengers')
Executing code: %%RecordEvent
%%time
### cell 12 ###

# Parse the stringified features into their corresponding python objects
from ast import literal_eval

features = ['cast', 'crew', 'keywords', 'genres']
for feature in features:
    df2[feature] = df2[feature].apply(literal_eval)
Executing code: %%RecordEvent
%%time
### cell 13 ###

# Get the director's name from the crew feature. If director is not listed, return NaN
def get_director(x):
    for i in x:
        if i['job'] == 'Director':
            return i['name']
    return np.nan
def get_list(x):
    if isinstance(x, list):
        names = [i['name'] for i in x]
        #Check if more than 3 elements exist. If yes, return only first three. If no, return entire list.
        if len(names) > 3:
            names = names[:3]
        return names

    #Return empty list in case of missing/malformed data
    return []
# Define new director, cast, genres and keywords features that are in a suitable form.
df2['director'] = df2['crew'].apply(get_director)

features = ['cast', 'keywords', 'genres']
for feature in features:
    df2[feature] = df2[feature].apply(get_list)
Executing code: %%RecordEvent
%%time
### cell 14 ###

# Print the new features of the first 3 films
df2[['title', 'cast', 'director', 'keywords', 'genres']].head(3)
Executing code: %Checkpoint /home/dias-benchmarks/notebooks/ibtesama/getting-started-with-a-movie-recommendation-system/src/annotated/checkpoints/pre_cell_15.pickle
Checkpointing took 0.0007348060607910156 seconds.
========================================================
Cell  15
Rewritten pre-checkpoint path: /home/dias-benchmarks/notebooks/ibtesama/getting-started-with-a-movie-recommendation-system/src/annotated/checkpoints/pre_cell_15.pickle
Pre-checkpoint path: /home/dias-benchmarks/notebooks/ibtesama/getting-started-with-a-movie-recommendation-system/src/annotated/checkpoints/pre_cell_15.pickle
Small rewritten pre-checkpoint path: /home/dias-benchmarks/notebooks/ibtesama/getting-started-with-a-movie-recommendation-system/src/small_bench/checkpoints/pre_cell_15.pickle
========================================================
Getting original timing for cell 15
HAHA original checkpoint path:  /home/dias-benchmarks/notebooks/ibtesama/getting-started-with-a-movie-recommendation-system/src/annotated/checkpoints/pre_cell_15.pickle
Setting initially best_rewritten_post_checkpoint_path:  /home/dias-benchmarks/notebooks/ibtesama/getting-started-with-a-movie-recommendation-system/src/annotated/checkpoints/post_cell_15.pickle
Setting initially best_small_rewritten_post_checkpoint_path:  /home/dias-benchmarks/notebooks/ibtesama/getting-started-with-a-movie-recommendation-system/src/small_bench/checkpoints/pre_cell_16.pickle
========================================================
Rewriting cell 15... Try 0...
Manager agent prompt:
        <Original Code>:
        ### cell 15 ###

# Function to convert all strings to lower case and strip names of spaces
def clean_data(x):
    if isinstance(x, list):
        return [str.lower(i.replace(" ", "")) for i in x]
    else:
        #Check if director exists. If not, return empty string
        if isinstance(x, str):
            return str.lower(x.replace(" ", ""))
        else:
            return ''
# Apply clean_data function to your features.
features = ['cast', 'keywords', 'director', 'genres']

for feature in features:
    df2[feature] = df2[feature].apply(clean_data)
        <Profiling data>:
                        Function  GPU calls  CPU calls
0  DataFrame.__getitem__          1          3
1           Series.apply          0          4
2  DataFrame.__setitem__          1          3

        <Execution time>: 14700.0
        <Active vars>: ['df2']

        <Future vars>: []

        <Iteration>: 0/5

==========Running the manager agent to decide the next step==========
Choice: new
Reason: There is no rewritten code provided, so we should optimize the original code for better performance in future iterations.
Generating new code from the original code
Prompt:
        <Original Code>:
        ### cell 15 ###

# Function to convert all strings to lower case and strip names of spaces
def clean_data(x):
    if isinstance(x, list):
        return [str.lower(i.replace(" ", "")) for i in x]
    else:
        #Check if director exists. If not, return empty string
        if isinstance(x, str):
            return str.lower(x.replace(" ", ""))
        else:
            return ''
# Apply clean_data function to your features.
features = ['cast', 'keywords', 'director', 'genres']

for feature in features:
    df2[feature] = df2[feature].apply(clean_data)
        <Profiling data>:
                        Function  GPU calls  CPU calls
0  DataFrame.__getitem__          1          3
1           Series.apply          0          4
2  DataFrame.__setitem__          1          3

        <Execution time>: 14700.0
        <Active vars>: ['df2']

        <Future vars>: []

        <Iteration>: 0/5

Code: # Vectorized string and list cleaning using cudf string methods

# Define features
list_features = ['cast', 'keywords', 'genres']
string_features = ['director']

# Clean director (string column)
df2['director'] = (
    df2['director']
      .fillna('')                 # replace missing with empty string
      .str.replace(' ', '')       # remove all spaces
      .str.lower()                # convert to lowercase
)

# Clean list columns: remove spaces inside each element and lowercase
def clean_list_column(col):
    return (
        col
          .fillna([])             # replace missing with empty list
          .str.join('|')          # join elements with delimiter
          .str.replace(' ', '')   # remove spaces inside each element
          .str.lower()            # lowercase
          .str.split('|')         # split back into list
    )

for feature in list_features:
    df2[feature] = clean_list_column(df2[feature])
Reason: Replaced the Python-level apply/loop on each cell with cudf's vectorized .str methods to run entirely on GPU. String columns use .str.replace and .str.lower, while list columns are temporarily joined by a delimiter, cleaned, and then split back into lists, avoiding Python for‐loops and leveraging cudf GPU string primitives.
Parsed response: # Vectorized string and list cleaning using cudf string methods

# Define features
list_features = ['cast', 'keywords', 'genres']
string_features = ['director']

# Clean director (string column)
df2['director'] = (
    df2['director']
      .fillna('')                 # replace missing with empty string
      .str.replace(' ', '')       # remove all spaces
      .str.lower()                # convert to lowercase
)

# Clean list columns: remove spaces inside each element and lowercase
def clean_list_column(col):
    return (
        col
          .fillna([])             # replace missing with empty list
          .str.join('|')          # join elements with delimiter
          .str.replace(' ', '')   # remove spaces inside each element
          .str.lower()            # lowercase
          .str.split('|')         # split back into list
    )

for feature in list_features:
    df2[feature] = clean_list_column(df2[feature])
Try 0: calling rewrite agent for cell 15 took 22.014989137649536 seconds.
Executing rewritten code... ### cell 15 ###

# Vectorized string and list cleaning using cudf string methods

# Define features
list_features = ['cast', 'keywords', 'genres']
string_features = ['director']

# Clean director (string column)
df2['director'] = (
    df2['director']
      .fillna('')                 # replace missing with empty string
      .str.replace(' ', '')       # remove all spaces
      .str.lower()                # convert to lowercase
)

# Clean list columns: remove spaces inside each element and lowercase
def clean_list_column(col):
    return (
        col
          .fillna([])             # replace missing with empty list
          .str.join('|')          # join elements with delimiter
          .str.replace(' ', '')   # remove spaces inside each element
          .str.lower()            # lowercase
          .str.split('|')         # split back into list
    )

for feature in list_features:
    df2[feature] = clean_list_column(df2[feature])
HAHA rewritten pre-checkpoint path:  /home/dias-benchmarks/notebooks/ibtesama/getting-started-with-a-movie-recommendation-system/src/annotated/checkpoints/pre_cell_15.pickle
Running rewritten cell notebook
An unexpected error occurred Execution failed in cell %%RecordEvent
%%time
### cell 15 ###

# Vectorized string and list cleaning using cudf string methods

# Define features
list_features = ['cast', 'keywords', 'genres']
string_features = ['director']

# Clean director (string column)
df2['director'] = (
    df2['director']
      .fillna('')                 # replace missing with empty string
      .str.replace(' ', '')       # remove all spaces
      .str.lower()                # convert to lowercase
)

# Clean list columns: remove spaces inside each element and lowercase
def clean_list_column(col):
    return (
        col
          .fillna([])             # replace missing with empty list
          .str.join('|')          # join elements with delimiter
          .str.replace(' ', '')   # remove spaces inside each element
          .str.lower()            # lowercase
          .str.split('|')         # split back into list
    )

for feature in list_features:
    df2[feature] = clean_list_column(df2[feature]): "value" parameter must be a scalar or dict, but you passed a "list"
Rewritten time: inf ms
Checkpointing the rewritten cell for small notebook...
========================================================
Rewriting cell 15... Try 1...
Manager agent prompt:
        <Original Code>:
        ### cell 15 ###

# Function to convert all strings to lower case and strip names of spaces
def clean_data(x):
    if isinstance(x, list):
        return [str.lower(i.replace(" ", "")) for i in x]
    else:
        #Check if director exists. If not, return empty string
        if isinstance(x, str):
            return str.lower(x.replace(" ", ""))
        else:
            return ''
# Apply clean_data function to your features.
features = ['cast', 'keywords', 'director', 'genres']

for feature in features:
    df2[feature] = df2[feature].apply(clean_data)
        <Profiling data>:
                        Function  GPU calls  CPU calls
0  DataFrame.__getitem__          1          3
1           Series.apply          0          4
2  DataFrame.__setitem__          1          3
        <Execution time>: 14700.0
        <Active Vars>: ['df2']
        <Future Vars>: []
        <Rewritten Code>:
        ### cell 15 ###

# Vectorized string and list cleaning using cudf string methods

# Define features
list_features = ['cast', 'keywords', 'genres']
string_features = ['director']

# Clean director (string column)
df2['director'] = (
    df2['director']
      .fillna('')                 # replace missing with empty string
      .str.replace(' ', '')       # remove all spaces
      .str.lower()                # convert to lowercase
)

# Clean list columns: remove spaces inside each element and lowercase
def clean_list_column(col):
    return (
        col
          .fillna([])             # replace missing with empty list
          .str.join('|')          # join elements with delimiter
          .str.replace(' ', '')   # remove spaces inside each element
          .str.lower()            # lowercase
          .str.split('|')         # split back into list
    )

for feature in list_features:
    df2[feature] = clean_list_column(df2[feature])
        <Profiling data>:
        None
        <Execution time>: inf
        <Execution output>: The rewritten code resulted in a runtime error. Execution failed in cell %%RecordEvent
%%time
### cell 15 ###

# Vectorized string and list cleaning using cudf string methods

# Define features
list_features = ['cast', 'keywords', 'genres']
string_features = ['director']

# Clean director (string column)
df2['director'] = (
    df2['director']
      .fillna('')                 # replace missing with empty string
      .str.replace(' ', '')       # remove all spaces
      .str.lower()                # convert to lowercase
)

# Clean list columns: remove spaces inside each element and lowercase
def clean_list_column(col):
    return (
        col
          .fillna([])             # replace missing with empty list
          .str.join('|')          # join elements with delimiter
          .str.replace(' ', '')   # remove spaces inside each element
          .str.lower()            # lowercase
          .str.split('|')         # split back into list
    )

for feature in list_features:
    df2[feature] = clean_list_column(df2[feature]): "value" parameter must be a scalar or dict, but you passed a "list"
        <Iteration>: 1/5

==========Running the manager agent to decide the next step==========
Choice: repair
Reason: The rewritten code encountered a runtime error due to using a list instead of a scalar or dict in the `fillna` method. We should attempt to fix this specific error.
Code fixer prompt:
        <Original Code>:
        ### cell 15 ###

# Function to convert all strings to lower case and strip names of spaces
def clean_data(x):
    if isinstance(x, list):
        return [str.lower(i.replace(" ", "")) for i in x]
    else:
        #Check if director exists. If not, return empty string
        if isinstance(x, str):
            return str.lower(x.replace(" ", ""))
        else:
            return ''
# Apply clean_data function to your features.
features = ['cast', 'keywords', 'director', 'genres']

for feature in features:
    df2[feature] = df2[feature].apply(clean_data)
        <Profiling data>:
                        Function  GPU calls  CPU calls
0  DataFrame.__getitem__          1          3
1           Series.apply          0          4
2  DataFrame.__setitem__          1          3
        <Execution time>: 14700.0
        <Active Vars>: ['df2']
        <Future Vars>: []
        <Rewritten Code>:
        ### cell 15 ###

# Vectorized string and list cleaning using cudf string methods

# Define features
list_features = ['cast', 'keywords', 'genres']
string_features = ['director']

# Clean director (string column)
df2['director'] = (
    df2['director']
      .fillna('')                 # replace missing with empty string
      .str.replace(' ', '')       # remove all spaces
      .str.lower()                # convert to lowercase
)

# Clean list columns: remove spaces inside each element and lowercase
def clean_list_column(col):
    return (
        col
          .fillna([])             # replace missing with empty list
          .str.join('|')          # join elements with delimiter
          .str.replace(' ', '')   # remove spaces inside each element
          .str.lower()            # lowercase
          .str.split('|')         # split back into list
    )

for feature in list_features:
    df2[feature] = clean_list_column(df2[feature])
        <Profiling data>:
        None
        <Execution time>: inf
        <Execution output>: The rewritten code resulted in a runtime error. Execution failed in cell %%RecordEvent
%%time
### cell 15 ###

# Vectorized string and list cleaning using cudf string methods

# Define features
list_features = ['cast', 'keywords', 'genres']
string_features = ['director']

# Clean director (string column)
df2['director'] = (
    df2['director']
      .fillna('')                 # replace missing with empty string
      .str.replace(' ', '')       # remove all spaces
      .str.lower()                # convert to lowercase
)

# Clean list columns: remove spaces inside each element and lowercase
def clean_list_column(col):
    return (
        col
          .fillna([])             # replace missing with empty list
          .str.join('|')          # join elements with delimiter
          .str.replace(' ', '')   # remove spaces inside each element
          .str.lower()            # lowercase
          .str.split('|')         # split back into list
    )

for feature in list_features:
    df2[feature] = clean_list_column(df2[feature]): "value" parameter must be a scalar or dict, but you passed a "list"
        <Iteration>: 1/5

Repairing the last generated code
Code: ### cell 15 ###

# Vectorized string and list cleaning using cudf string methods

# Define features
list_features = ['cast', 'keywords', 'genres']
string_features = ['director']

# Clean director (string column)
df2['director'] = (
    df2['director']
      .fillna('')                 # replace missing with empty string
      .str.replace(' ', '')       # remove all spaces
      .str.lower()                # convert to lowercase
)

# Clean list columns: remove spaces inside each element and lowercase
def clean_list_column(col):
    return (
        col
          .str.join('|')          # join list elements with a delimiter
          .str.replace(' ', '')   # remove spaces inside each element
          .str.lower()            # lowercase the entire string
          .str.split('|')         # split back into a list
    )

for feature in list_features:
    df2[feature] = clean_list_column(df2[feature])
Reason: The runtime error was caused by using Series.fillna([]) on a list-typed cudf Series, which only accepts scalar fill values. By removing the fillna([]) step and operating directly on the list column with str.join/replace/lower/split, we avoid that error while still vectorizing the transformation on the GPU.
Parsed response: ### cell 15 ###

# Vectorized string and list cleaning using cudf string methods

# Define features
list_features = ['cast', 'keywords', 'genres']
string_features = ['director']

# Clean director (string column)
df2['director'] = (
    df2['director']
      .fillna('')                 # replace missing with empty string
      .str.replace(' ', '')       # remove all spaces
      .str.lower()                # convert to lowercase
)

# Clean list columns: remove spaces inside each element and lowercase
def clean_list_column(col):
    return (
        col
          .str.join('|')          # join list elements with a delimiter
          .str.replace(' ', '')   # remove spaces inside each element
          .str.lower()            # lowercase the entire string
          .str.split('|')         # split back into a list
    )

for feature in list_features:
    df2[feature] = clean_list_column(df2[feature])
Try 1: calling rewrite agent for cell 15 took 93.8427803516388 seconds.
Executing rewritten code... ### cell 15 ###

# Vectorized string and list cleaning using cudf string methods

# Define features
list_features = ['cast', 'keywords', 'genres']
string_features = ['director']

# Clean director (string column)
df2['director'] = (
    df2['director']
      .fillna('')                 # replace missing with empty string
      .str.replace(' ', '')       # remove all spaces
      .str.lower()                # convert to lowercase
)

# Clean list columns: remove spaces inside each element and lowercase
def clean_list_column(col):
    return (
        col
          .str.join('|')          # join list elements with a delimiter
          .str.replace(' ', '')   # remove spaces inside each element
          .str.lower()            # lowercase the entire string
          .str.split('|')         # split back into a list
    )

for feature in list_features:
    df2[feature] = clean_list_column(df2[feature])
HAHA rewritten pre-checkpoint path:  /home/dias-benchmarks/notebooks/ibtesama/getting-started-with-a-movie-recommendation-system/src/annotated/checkpoints/pre_cell_15.pickle
Running rewritten cell notebook
An unexpected error occurred An error occurred while executing the following cell:
------------------

with open("/home/dias-benchmarks/notebooks/ibtesama/getting-started-with-a-movie-recommendation-system/src/opt_cell_exec_info_15_try_1.pkl", "wb") as f:
    pickle.dump(opt_cell_exec_info[15], f)

------------------


[0;31m---------------------------------------------------------------------------[0m
[0;31mPicklingError[0m                             Traceback (most recent call last)
Cell [0;32mIn[7], line 2[0m
[1;32m      1[0m [38;5;28;01mwith[39;00m [38;5;28mopen[39m([38;5;124m"[39m[38;5;124m/home/dias-benchmarks/notebooks/ibtesama/getting-started-with-a-movie-recommendation-system/src/opt_cell_exec_info_15_try_1.pkl[39m[38;5;124m"[39m, [38;5;124m"[39m[38;5;124mwb[39m[38;5;124m"[39m) [38;5;28;01mas[39;00m f:
[0;32m----> 2[0m     [43mpickle[49m[38;5;241;43m.[39;49m[43mdump[49m[43m([49m[43mopt_cell_exec_info[49m[43m[[49m[38;5;241;43m15[39;49m[43m][49m[43m,[49m[43m [49m[43mf[49m[43m)[49m

[0;31mPicklingError[0m: Can't pickle <class 'function'>: attribute lookup function on builtins failed

Rewritten time: inf ms
Checkpointing the rewritten cell for small notebook...
========================================================
Rewriting cell 15... Try 2...
Manager agent prompt:
        <Original Code>:
        ### cell 15 ###

# Function to convert all strings to lower case and strip names of spaces
def clean_data(x):
    if isinstance(x, list):
        return [str.lower(i.replace(" ", "")) for i in x]
    else:
        #Check if director exists. If not, return empty string
        if isinstance(x, str):
            return str.lower(x.replace(" ", ""))
        else:
            return ''
# Apply clean_data function to your features.
features = ['cast', 'keywords', 'director', 'genres']

for feature in features:
    df2[feature] = df2[feature].apply(clean_data)
        <Profiling data>:
                        Function  GPU calls  CPU calls
0  DataFrame.__getitem__          1          3
1           Series.apply          0          4
2  DataFrame.__setitem__          1          3
        <Execution time>: 14700.0
        <Active Vars>: ['df2']
        <Future Vars>: []
        <Rewritten Code>:
        ### cell 15 ###

# Vectorized string and list cleaning using cudf string methods

# Define features
list_features = ['cast', 'keywords', 'genres']
string_features = ['director']

# Clean director (string column)
df2['director'] = (
    df2['director']
      .fillna('')                 # replace missing with empty string
      .str.replace(' ', '')       # remove all spaces
      .str.lower()                # convert to lowercase
)

# Clean list columns: remove spaces inside each element and lowercase
def clean_list_column(col):
    return (
        col
          .str.join('|')          # join list elements with a delimiter
          .str.replace(' ', '')   # remove spaces inside each element
          .str.lower()            # lowercase the entire string
          .str.split('|')         # split back into a list
    )

for feature in list_features:
    df2[feature] = clean_list_column(df2[feature])
        <Profiling data>:
        None
        <Execution time>: inf
        <Execution output>: The rewritten code resulted in a runtime error. An error occurred while executing the following cell:
------------------

with open("/home/dias-benchmarks/notebooks/ibtesama/getting-started-with-a-movie-recommendation-system/src/opt_cell_exec_info_15_try_1.pkl", "wb") as f:
    pickle.dump(opt_cell_exec_info[15], f)

------------------


[0;31m---------------------------------------------------------------------------[0m
[0;31mPicklingError[0m                             Traceback (most recent call last)
Cell [0;32mIn[7], line 2[0m
[1;32m      1[0m [38;5;28;01mwith[39;00m [38;5;28mopen[39m([38;5;124m"[39m[38;5;124m/home/dias-benchmarks/notebooks/ibtesama/getting-started-with-a-movie-recommendation-system/src/opt_cell_exec_info_15_try_1.pkl[39m[38;5;124m"[39m, [38;5;124m"[39m[38;5;124mwb[39m[38;5;124m"[39m) [38;5;28;01mas[39;00m f:
[0;32m----> 2[0m     [43mpickle[49m[38;5;241;43m.[39;49m[43mdump[49m[43m([49m[43mopt_cell_exec_info[49m[43m[[49m[38;5;241;43m15[39;49m[43m][49m[43m,[49m[43m [49m[43mf[49m[43m)[49m

[0;31mPicklingError[0m: Can't pickle <class 'function'>: attribute lookup function on builtins failed

        <Iteration>: 2/5

==========Running the manager agent to decide the next step==========
Choice: repair
Reason: The rewritten code resulted in a runtime error, and we need to fix it before proceeding further with optimization or new implementation. The error is due to an issue with pickling, which may be unrelated to the direct functionality of the string operations but needs addressing in the rewritten context.
Code fixer prompt:
        <Original Code>:
        ### cell 15 ###

# Function to convert all strings to lower case and strip names of spaces
def clean_data(x):
    if isinstance(x, list):
        return [str.lower(i.replace(" ", "")) for i in x]
    else:
        #Check if director exists. If not, return empty string
        if isinstance(x, str):
            return str.lower(x.replace(" ", ""))
        else:
            return ''
# Apply clean_data function to your features.
features = ['cast', 'keywords', 'director', 'genres']

for feature in features:
    df2[feature] = df2[feature].apply(clean_data)
        <Profiling data>:
                        Function  GPU calls  CPU calls
0  DataFrame.__getitem__          1          3
1           Series.apply          0          4
2  DataFrame.__setitem__          1          3
        <Execution time>: 14700.0
        <Active Vars>: ['df2']
        <Future Vars>: []
        <Rewritten Code>:
        ### cell 15 ###

# Vectorized string and list cleaning using cudf string methods

# Define features
list_features = ['cast', 'keywords', 'genres']
string_features = ['director']

# Clean director (string column)
df2['director'] = (
    df2['director']
      .fillna('')                 # replace missing with empty string
      .str.replace(' ', '')       # remove all spaces
      .str.lower()                # convert to lowercase
)

# Clean list columns: remove spaces inside each element and lowercase
def clean_list_column(col):
    return (
        col
          .str.join('|')          # join list elements with a delimiter
          .str.replace(' ', '')   # remove spaces inside each element
          .str.lower()            # lowercase the entire string
          .str.split('|')         # split back into a list
    )

for feature in list_features:
    df2[feature] = clean_list_column(df2[feature])
        <Profiling data>:
        None
        <Execution time>: inf
        <Execution output>: The rewritten code resulted in a runtime error. An error occurred while executing the following cell:
------------------

with open("/home/dias-benchmarks/notebooks/ibtesama/getting-started-with-a-movie-recommendation-system/src/opt_cell_exec_info_15_try_1.pkl", "wb") as f:
    pickle.dump(opt_cell_exec_info[15], f)

------------------


[0;31m---------------------------------------------------------------------------[0m
[0;31mPicklingError[0m                             Traceback (most recent call last)
Cell [0;32mIn[7], line 2[0m
[1;32m      1[0m [38;5;28;01mwith[39;00m [38;5;28mopen[39m([38;5;124m"[39m[38;5;124m/home/dias-benchmarks/notebooks/ibtesama/getting-started-with-a-movie-recommendation-system/src/opt_cell_exec_info_15_try_1.pkl[39m[38;5;124m"[39m, [38;5;124m"[39m[38;5;124mwb[39m[38;5;124m"[39m) [38;5;28;01mas[39;00m f:
[0;32m----> 2[0m     [43mpickle[49m[38;5;241;43m.[39;49m[43mdump[49m[43m([49m[43mopt_cell_exec_info[49m[43m[[49m[38;5;241;43m15[39;49m[43m][49m[43m,[49m[43m [49m[43mf[49m[43m)[49m

[0;31mPicklingError[0m: Can't pickle <class 'function'>: attribute lookup function on builtins failed

        <Iteration>: 2/5

Repairing the last generated code
Code: ### cell 15 ###

# Clean the director column (string values)
df2['director'] = (
    df2['director']
      .fillna('')                 # replace missing with empty string
      .str.replace(' ', '')       # remove spaces
      .str.lower()                # lowercase
)

# Clean list‐valued columns by joining, cleaning, then splitting back to lists
for feature in ['cast', 'keywords', 'genres']:
    df2[feature] = (
        df2[feature]
          .str.join('|')          # join list elements into one string
          .str.replace(' ', '')   # remove spaces inside elements
          .str.lower()            # lowercase the entire string
          .str.split('|')         # split back into a list
    )
Reason: Defining a nested function in the cell prevented the profiling framework from pickling the cell’s execution info. By inlining the vectorized string operations directly in the loop, we avoid that issue and still achieve a fully GPU-accelerated, cudf-compatible workflow without any Python‐level loops or applies.
Parsed response: ### cell 15 ###

# Clean the director column (string values)
df2['director'] = (
    df2['director']
      .fillna('')                 # replace missing with empty string
      .str.replace(' ', '')       # remove spaces
      .str.lower()                # lowercase
)

# Clean list‐valued columns by joining, cleaning, then splitting back to lists
for feature in ['cast', 'keywords', 'genres']:
    df2[feature] = (
        df2[feature]
          .str.join('|')          # join list elements into one string
          .str.replace(' ', '')   # remove spaces inside elements
          .str.lower()            # lowercase the entire string
          .str.split('|')         # split back into a list
    )
Try 2: calling rewrite agent for cell 15 took 22.91939115524292 seconds.
Executing rewritten code... ### cell 15 ###

# Clean the director column (string values)
df2['director'] = (
    df2['director']
      .fillna('')                 # replace missing with empty string
      .str.replace(' ', '')       # remove spaces
      .str.lower()                # lowercase
)

# Clean list‐valued columns by joining, cleaning, then splitting back to lists
for feature in ['cast', 'keywords', 'genres']:
    df2[feature] = (
        df2[feature]
          .str.join('|')          # join list elements into one string
          .str.replace(' ', '')   # remove spaces inside elements
          .str.lower()            # lowercase the entire string
          .str.split('|')         # split back into a list
    )
HAHA rewritten pre-checkpoint path:  /home/dias-benchmarks/notebooks/ibtesama/getting-started-with-a-movie-recommendation-system/src/annotated/checkpoints/pre_cell_15.pickle
Running rewritten cell notebook
An unexpected error occurred An error occurred while executing the following cell:
------------------
df2_opt = df2
%LoadCheckpoint /home/dias-benchmarks/notebooks/ibtesama/getting-started-with-a-movie-recommendation-system/src/annotated/checkpoints/post_cell_15.pickle
assert compare_df(df2_opt, df2)

import numpy as np
import cudf
from elastic.core.common.pandas import is_type_styler
is_orig_output_pd = isinstance(orig_output, (pd.Series, pd.DataFrame, pd.Index))
is_opt_output_pd = isinstance(opt_output, (pd.Series, pd.DataFrame, pd.Index))
is_orig_output_array = isinstance(orig_output, (cudf.pandas._wrappers.numpy.ndarray, np.ndarray))
is_opt_output_array = isinstance(opt_output, (cudf.pandas._wrappers.numpy.ndarray, np.ndarray))
is_orig_output_styler = is_type_styler(type(orig_output))
is_opt_output_styler = is_type_styler(type(opt_output))
if is_orig_output_styler and is_opt_output_styler:
    assert orig_output.to_html() == opt_output.to_html()
elif is_orig_output_styler:
    assert orig_output.to_html() == opt_output.to_html()
elif is_opt_output_styler:
    assert opt_output.to_html() == orig_output

if is_orig_output_pd and is_opt_output_pd:
    assert orig_output.equals(opt_output)
# TODO(jie): this is a hack.
elif ((is_orig_output_pd or is_opt_output_pd) and (is_orig_output_array or is_opt_output_array)) or (is_orig_output_array and is_opt_output_array):
    assert list(orig_output) == list(opt_output)
else:
    assert orig_output == opt_output

------------------

----- stdout -----
[[<elastic.core.graph.variable_snapshot.VariableSnapshot object at 0x7f5e412d3d00>], [<elastic.core.graph.variable_snapshot.VariableSnapshot object at 0x7f5ef40dbb80>], [<elastic.core.graph.variable_snapshot.VariableSnapshot object at 0x7f5ef40db520>], [<elastic.core.graph.variable_snapshot.VariableSnapshot object at 0x7f5ec6ef7be0>], [<elastic.core.graph.variable_snapshot.VariableSnapshot object at 0x7f5ec6ef5540>], [<elastic.core.graph.variable_snapshot.VariableSnapshot object at 0x7f5ef40db430>], [<elastic.core.graph.variable_snapshot.VariableSnapshot object at 0x7f5ef40a9bd0>], [<elastic.core.graph.variable_snapshot.VariableSnapshot object at 0x7f5ef40d81f0>], [<elastic.core.graph.variable_snapshot.VariableSnapshot object at 0x7f5e412d0a00>], [<elastic.core.graph.variable_snapshot.VariableSnapshot object at 0x7f5e412d3cd0>], [<elastic.core.graph.variable_snapshot.VariableSnapshot object at 0x7f5e412d0940>], [<elastic.core.graph.variable_snapshot.VariableSnapshot object at 0x7f5ef40d8310>], [<elastic.core.graph.variable_snapshot.VariableSnapshot object at 0x7f5ef40db880>], [<elastic.core.graph.variable_snapshot.VariableSnapshot object at 0x7f5ef40db8b0>], [<elastic.core.graph.variable_snapshot.VariableSnapshot object at 0x7f605813e560>], [<elastic.core.graph.variable_snapshot.VariableSnapshot object at 0x7f5ef40d80d0>], [<elastic.core.graph.variable_snapshot.VariableSnapshot object at 0x7f5ef40d8370>], [<elastic.core.graph.variable_snapshot.VariableSnapshot object at 0x7f5ec6e0d0f0>], [<elastic.core.graph.variable_snapshot.VariableSnapshot object at 0x7f5ef40d8e20>]]
trying: ['feature']
me:  16
trying: ['np']
me:  0
trying: ['weighted_rating']
me:  8
trying: ['get_director']
me:  14
trying: ['get_list']
me:  14
trying: ['q_movies']
me:  9
trying: ['orig_output']
me:  17
trying: ['df1']
----- stdout -----
me:  3
trying: ['features']
me:  16
trying: ['df2']
me:  16
trying: ['clean_data']
me:  16
trying: ['C']
me:  5
trying: ['pop']
----- stdout -----
me:  10
trying: ['plt']
me:  10
trying: ['literal_eval']
me:  13
trying: ['pd']
me:  0
trying: ['m']
me:  6
trying: ['time']
me:  0
trying: ['factor']
me:  2
----- stdout -----
Declaring variable np
Declaring variable pd
Declaring variable time
Declaring variable factor
Declaring variable df1
Declaring variable C
Declaring variable m
Declaring variable weighted_rating
Declaring variable q_movies
Declaring variable pop
Declaring variable plt
Declaring variable literal_eval
Declaring variable get_director
Declaring variable get_list
Declaring variable feature
Declaring variable features
Declaring variable df2
Declaring variable clean_data
Declaring variable orig_output
------------------

[0;31m---------------------------------------------------------------------------[0m
[0;31mValueError[0m                                Traceback (most recent call last)
Cell [0;32mIn[9], line 3[0m
[1;32m      1[0m df2_opt [38;5;241m=[39m df2
[1;32m      2[0m get_ipython()[38;5;241m.[39mrun_line_magic([38;5;124m'[39m[38;5;124mLoadCheckpoint[39m[38;5;124m'[39m, [38;5;124m'[39m[38;5;124m/home/dias-benchmarks/notebooks/ibtesama/getting-started-with-a-movie-recommendation-system/src/annotated/checkpoints/post_cell_15.pickle[39m[38;5;124m'[39m)
[0;32m----> 3[0m [38;5;28;01massert[39;00m [43mcompare_df[49m[43m([49m[43mdf2_opt[49m[43m,[49m[43m [49m[43mdf2[49m[43m)[49m
[1;32m      5[0m [38;5;28;01mimport[39;00m[38;5;250m [39m[38;5;21;01mnumpy[39;00m[38;5;250m [39m[38;5;28;01mas[39;00m[38;5;250m [39m[38;5;21;01mnp[39;00m
[1;32m      6[0m [38;5;28;01mimport[39;00m[38;5;250m [39m[38;5;21;01mcudf[39;00m

File [0;32m/home/ElasticNotebook/elastic/core/common/pandas.py:94[0m, in [0;36mcompare_df[0;34m(df1, df2)[0m
[1;32m     91[0m         [38;5;28;01mraise[39;00m [38;5;167;01mValueError[39;00m([38;5;124mf[39m[38;5;124m"[39m[38;5;124mData type mismatch: [39m[38;5;132;01m{[39;00mdf1[38;5;241m.[39mdtype[38;5;132;01m}[39;00m[38;5;124m vs [39m[38;5;132;01m{[39;00mdf2[38;5;241m.[39mdtype[38;5;132;01m}[39;00m[38;5;124m"[39m)
[1;32m     93[0m [38;5;28;01mif[39;00m hash_df(df1) [38;5;241m!=[39m hash_df(df2):
[0;32m---> 94[0m     [38;5;28;01mraise[39;00m [38;5;167;01mValueError[39;00m([38;5;124mf[39m[38;5;124m"[39m[38;5;124mContent of df1 and df2 do not match[39m[38;5;124m"[39m)
[1;32m     96[0m [38;5;28;01mreturn[39;00m [38;5;28;01mTrue[39;00m

[0;31mValueError[0m: Content of df1 and df2 do not match

Rewritten time: inf ms
Checkpointing the rewritten cell for small notebook...
========================================================
Rewriting cell 15... Try 3...
Manager agent prompt:
        <Original Code>:
        ### cell 15 ###

# Function to convert all strings to lower case and strip names of spaces
def clean_data(x):
    if isinstance(x, list):
        return [str.lower(i.replace(" ", "")) for i in x]
    else:
        #Check if director exists. If not, return empty string
        if isinstance(x, str):
            return str.lower(x.replace(" ", ""))
        else:
            return ''
# Apply clean_data function to your features.
features = ['cast', 'keywords', 'director', 'genres']

for feature in features:
    df2[feature] = df2[feature].apply(clean_data)
        <Profiling data>:
                        Function  GPU calls  CPU calls
0  DataFrame.__getitem__          1          3
1           Series.apply          0          4
2  DataFrame.__setitem__          1          3
        <Execution time>: 14700.0
        <Active Vars>: ['df2']
        <Future Vars>: []
        <Rewritten Code>:
        ### cell 15 ###

# Clean the director column (string values)
df2['director'] = (
    df2['director']
      .fillna('')                 # replace missing with empty string
      .str.replace(' ', '')       # remove spaces
      .str.lower()                # lowercase
)

# Clean list‐valued columns by joining, cleaning, then splitting back to lists
for feature in ['cast', 'keywords', 'genres']:
    df2[feature] = (
        df2[feature]
          .str.join('|')          # join list elements into one string
          .str.replace(' ', '')   # remove spaces inside elements
          .str.lower()            # lowercase the entire string
          .str.split('|')         # split back into a list
    )
        <Profiling data>:
        None
        <Execution time>: inf
        <Execution output>: The rewritten code resulted in a runtime error. An error occurred while executing the following cell:
------------------
df2_opt = df2
%LoadCheckpoint /home/dias-benchmarks/notebooks/ibtesama/getting-started-with-a-movie-recommendation-system/src/annotated/checkpoints/post_cell_15.pickle
assert compare_df(df2_opt, df2)

import numpy as np
import cudf
from elastic.core.common.pandas import is_type_styler
is_orig_output_pd = isinstance(orig_output, (pd.Series, pd.DataFrame, pd.Index))
is_opt_output_pd = isinstance(opt_output, (pd.Series, pd.DataFrame, pd.Index))
is_orig_output_array = isinstance(orig_output, (cudf.pandas._wrappers.numpy.ndarray, np.ndarray))
is_opt_output_array = isinstance(opt_output, (cudf.pandas._wrappers.numpy.ndarray, np.ndarray))
is_orig_output_styler = is_type_styler(type(orig_output))
is_opt_output_styler = is_type_styler(type(opt_output))
if is_orig_output_styler and is_opt_output_styler:
    assert orig_output.to_html() == opt_output.to_html()
elif is_orig_output_styler:
    assert orig_output.to_html() == opt_output.to_html()
elif is_opt_output_styler:
    assert opt_output.to_html() == orig_output

if is_orig_output_pd and is_opt_output_pd:
    assert orig_output.equals(opt_output)
# TODO(jie): this is a hack.
elif ((is_orig_output_pd or is_opt_output_pd) and (is_orig_output_array or is_opt_output_array)) or (is_orig_output_array and is_opt_output_array):
    assert list(orig_output) == list(opt_output)
else:
    assert orig_output == opt_output

------------------

----- stdout -----
[[<elastic.core.graph.variable_snapshot.VariableSnapshot object at 0x7f5e412d3d00>], [<elastic.core.graph.variable_snapshot.VariableSnapshot object at 0x7f5ef40dbb80>], [<elastic.core.graph.variable_snapshot.VariableSnapshot object at 0x7f5ef40db520>], [<elastic.core.graph.variable_snapshot.VariableSnapshot object at 0x7f5ec6ef7be0>], [<elastic.core.graph.variable_snapshot.VariableSnapshot object at 0x7f5ec6ef5540>], [<elastic.core.graph.variable_snapshot.VariableSnapshot object at 0x7f5ef40db430>], [<elastic.core.graph.variable_snapshot.VariableSnapshot object at 0x7f5ef40a9bd0>], [<elastic.core.graph.variable_snapshot.VariableSnapshot object at 0x7f5ef40d81f0>], [<elastic.core.graph.variable_snapshot.VariableSnapshot object at 0x7f5e412d0a00>], [<elastic.core.graph.variable_snapshot.VariableSnapshot object at 0x7f5e412d3cd0>], [<elastic.core.graph.variable_snapshot.VariableSnapshot object at 0x7f5e412d0940>], [<elastic.core.graph.variable_snapshot.VariableSnapshot object at 0x7f5ef40d8310>], [<elastic.core.graph.variable_snapshot.VariableSnapshot object at 0x7f5ef40db880>], [<elastic.core.graph.variable_snapshot.VariableSnapshot object at 0x7f5ef40db8b0>], [<elastic.core.graph.variable_snapshot.VariableSnapshot object at 0x7f605813e560>], [<elastic.core.graph.variable_snapshot.VariableSnapshot object at 0x7f5ef40d80d0>], [<elastic.core.graph.variable_snapshot.VariableSnapshot object at 0x7f5ef40d8370>], [<elastic.core.graph.variable_snapshot.VariableSnapshot object at 0x7f5ec6e0d0f0>], [<elastic.core.graph.variable_snapshot.VariableSnapshot object at 0x7f5ef40d8e20>]]
trying: ['feature']
me:  16
trying: ['np']
me:  0
trying: ['weighted_rating']
me:  8
trying: ['get_director']
me:  14
trying: ['get_list']
me:  14
trying: ['q_movies']
me:  9
trying: ['orig_output']
me:  17
trying: ['df1']
----- stdout -----
me:  3
trying: ['features']
me:  16
trying: ['df2']
me:  16
trying: ['clean_data']
me:  16
trying: ['C']
me:  5
trying: ['pop']
----- stdout -----
me:  10
trying: ['plt']
me:  10
trying: ['literal_eval']
me:  13
trying: ['pd']
me:  0
trying: ['m']
me:  6
trying: ['time']
me:  0
trying: ['factor']
me:  2
----- stdout -----
Declaring variable np
Declaring variable pd
Declaring variable time
Declaring variable factor
Declaring variable df1
Declaring variable C
Declaring variable m
Declaring variable weighted_rating
Declaring variable q_movies
Declaring variable pop
Declaring variable plt
Declaring variable literal_eval
Declaring variable get_director
Declaring variable get_list
Declaring variable feature
Declaring variable features
Declaring variable df2
Declaring variable clean_data
Declaring variable orig_output
------------------

[0;31m---------------------------------------------------------------------------[0m
[0;31mValueError[0m                                Traceback (most recent call last)
Cell [0;32mIn[9], line 3[0m
[1;32m      1[0m df2_opt [38;5;241m=[39m df2
[1;32m      2[0m get_ipython()[38;5;241m.[39mrun_line_magic([38;5;124m'[39m[38;5;124mLoadCheckpoint[39m[38;5;124m'[39m, [38;5;124m'[39m[38;5;124m/home/dias-benchmarks/notebooks/ibtesama/getting-started-with-a-movie-recommendation-system/src/annotated/checkpoints/post_cell_15.pickle[39m[38;5;124m'[39m)
[0;32m----> 3[0m [38;5;28;01massert[39;00m [43mcompare_df[49m[43m([49m[43mdf2_opt[49m[43m,[49m[43m [49m[43mdf2[49m[43m)[49m
[1;32m      5[0m [38;5;28;01mimport[39;00m[38;5;250m [39m[38;5;21;01mnumpy[39;00m[38;5;250m [39m[38;5;28;01mas[39;00m[38;5;250m [39m[38;5;21;01mnp[39;00m
[1;32m      6[0m [38;5;28;01mimport[39;00m[38;5;250m [39m[38;5;21;01mcudf[39;00m

File [0;32m/home/ElasticNotebook/elastic/core/common/pandas.py:94[0m, in [0;36mcompare_df[0;34m(df1, df2)[0m
[1;32m     91[0m         [38;5;28;01mraise[39;00m [38;5;167;01mValueError[39;00m([38;5;124mf[39m[38;5;124m"[39m[38;5;124mData type mismatch: [39m[38;5;132;01m{[39;00mdf1[38;5;241m.[39mdtype[38;5;132;01m}[39;00m[38;5;124m vs [39m[38;5;132;01m{[39;00mdf2[38;5;241m.[39mdtype[38;5;132;01m}[39;00m[38;5;124m"[39m)
[1;32m     93[0m [38;5;28;01mif[39;00m hash_df(df1) [38;5;241m!=[39m hash_df(df2):
[0;32m---> 94[0m     [38;5;28;01mraise[39;00m [38;5;167;01mValueError[39;00m([38;5;124mf[39m[38;5;124m"[39m[38;5;124mContent of df1 and df2 do not match[39m[38;5;124m"[39m)
[1;32m     96[0m [38;5;28;01mreturn[39;00m [38;5;28;01mTrue[39;00m

[0;31mValueError[0m: Content of df1 and df2 do not match

        <Iteration>: 3/5

==========Running the manager agent to decide the next step==========
Choice: repair
Reason: The rewritten code resulted in a runtime error due to a mismatch in content between the original and rewritten dataframes. We should repair the rewritten code to ensure it matches the original output.
Code fixer prompt:
        <Original Code>:
        ### cell 15 ###

# Function to convert all strings to lower case and strip names of spaces
def clean_data(x):
    if isinstance(x, list):
        return [str.lower(i.replace(" ", "")) for i in x]
    else:
        #Check if director exists. If not, return empty string
        if isinstance(x, str):
            return str.lower(x.replace(" ", ""))
        else:
            return ''
# Apply clean_data function to your features.
features = ['cast', 'keywords', 'director', 'genres']

for feature in features:
    df2[feature] = df2[feature].apply(clean_data)
        <Profiling data>:
                        Function  GPU calls  CPU calls
0  DataFrame.__getitem__          1          3
1           Series.apply          0          4
2  DataFrame.__setitem__          1          3
        <Execution time>: 14700.0
        <Active Vars>: ['df2']
        <Future Vars>: []
        <Rewritten Code>:
        ### cell 15 ###

# Clean the director column (string values)
df2['director'] = (
    df2['director']
      .fillna('')                 # replace missing with empty string
      .str.replace(' ', '')       # remove spaces
      .str.lower()                # lowercase
)

# Clean list‐valued columns by joining, cleaning, then splitting back to lists
for feature in ['cast', 'keywords', 'genres']:
    df2[feature] = (
        df2[feature]
          .str.join('|')          # join list elements into one string
          .str.replace(' ', '')   # remove spaces inside elements
          .str.lower()            # lowercase the entire string
          .str.split('|')         # split back into a list
    )
        <Profiling data>:
        None
        <Execution time>: inf
        <Execution output>: The rewritten code resulted in a runtime error. An error occurred while executing the following cell:
------------------
df2_opt = df2
%LoadCheckpoint /home/dias-benchmarks/notebooks/ibtesama/getting-started-with-a-movie-recommendation-system/src/annotated/checkpoints/post_cell_15.pickle
assert compare_df(df2_opt, df2)

import numpy as np
import cudf
from elastic.core.common.pandas import is_type_styler
is_orig_output_pd = isinstance(orig_output, (pd.Series, pd.DataFrame, pd.Index))
is_opt_output_pd = isinstance(opt_output, (pd.Series, pd.DataFrame, pd.Index))
is_orig_output_array = isinstance(orig_output, (cudf.pandas._wrappers.numpy.ndarray, np.ndarray))
is_opt_output_array = isinstance(opt_output, (cudf.pandas._wrappers.numpy.ndarray, np.ndarray))
is_orig_output_styler = is_type_styler(type(orig_output))
is_opt_output_styler = is_type_styler(type(opt_output))
if is_orig_output_styler and is_opt_output_styler:
    assert orig_output.to_html() == opt_output.to_html()
elif is_orig_output_styler:
    assert orig_output.to_html() == opt_output.to_html()
elif is_opt_output_styler:
    assert opt_output.to_html() == orig_output

if is_orig_output_pd and is_opt_output_pd:
    assert orig_output.equals(opt_output)
# TODO(jie): this is a hack.
elif ((is_orig_output_pd or is_opt_output_pd) and (is_orig_output_array or is_opt_output_array)) or (is_orig_output_array and is_opt_output_array):
    assert list(orig_output) == list(opt_output)
else:
    assert orig_output == opt_output

------------------

----- stdout -----
[[<elastic.core.graph.variable_snapshot.VariableSnapshot object at 0x7f5e412d3d00>], [<elastic.core.graph.variable_snapshot.VariableSnapshot object at 0x7f5ef40dbb80>], [<elastic.core.graph.variable_snapshot.VariableSnapshot object at 0x7f5ef40db520>], [<elastic.core.graph.variable_snapshot.VariableSnapshot object at 0x7f5ec6ef7be0>], [<elastic.core.graph.variable_snapshot.VariableSnapshot object at 0x7f5ec6ef5540>], [<elastic.core.graph.variable_snapshot.VariableSnapshot object at 0x7f5ef40db430>], [<elastic.core.graph.variable_snapshot.VariableSnapshot object at 0x7f5ef40a9bd0>], [<elastic.core.graph.variable_snapshot.VariableSnapshot object at 0x7f5ef40d81f0>], [<elastic.core.graph.variable_snapshot.VariableSnapshot object at 0x7f5e412d0a00>], [<elastic.core.graph.variable_snapshot.VariableSnapshot object at 0x7f5e412d3cd0>], [<elastic.core.graph.variable_snapshot.VariableSnapshot object at 0x7f5e412d0940>], [<elastic.core.graph.variable_snapshot.VariableSnapshot object at 0x7f5ef40d8310>], [<elastic.core.graph.variable_snapshot.VariableSnapshot object at 0x7f5ef40db880>], [<elastic.core.graph.variable_snapshot.VariableSnapshot object at 0x7f5ef40db8b0>], [<elastic.core.graph.variable_snapshot.VariableSnapshot object at 0x7f605813e560>], [<elastic.core.graph.variable_snapshot.VariableSnapshot object at 0x7f5ef40d80d0>], [<elastic.core.graph.variable_snapshot.VariableSnapshot object at 0x7f5ef40d8370>], [<elastic.core.graph.variable_snapshot.VariableSnapshot object at 0x7f5ec6e0d0f0>], [<elastic.core.graph.variable_snapshot.VariableSnapshot object at 0x7f5ef40d8e20>]]
trying: ['feature']
me:  16
trying: ['np']
me:  0
trying: ['weighted_rating']
me:  8
trying: ['get_director']
me:  14
trying: ['get_list']
me:  14
trying: ['q_movies']
me:  9
trying: ['orig_output']
me:  17
trying: ['df1']
----- stdout -----
me:  3
trying: ['features']
me:  16
trying: ['df2']
me:  16
trying: ['clean_data']
me:  16
trying: ['C']
me:  5
trying: ['pop']
----- stdout -----
me:  10
trying: ['plt']
me:  10
trying: ['literal_eval']
me:  13
trying: ['pd']
me:  0
trying: ['m']
me:  6
trying: ['time']
me:  0
trying: ['factor']
me:  2
----- stdout -----
Declaring variable np
Declaring variable pd
Declaring variable time
Declaring variable factor
Declaring variable df1
Declaring variable C
Declaring variable m
Declaring variable weighted_rating
Declaring variable q_movies
Declaring variable pop
Declaring variable plt
Declaring variable literal_eval
Declaring variable get_director
Declaring variable get_list
Declaring variable feature
Declaring variable features
Declaring variable df2
Declaring variable clean_data
Declaring variable orig_output
------------------

[0;31m---------------------------------------------------------------------------[0m
[0;31mValueError[0m                                Traceback (most recent call last)
Cell [0;32mIn[9], line 3[0m
[1;32m      1[0m df2_opt [38;5;241m=[39m df2
[1;32m      2[0m get_ipython()[38;5;241m.[39mrun_line_magic([38;5;124m'[39m[38;5;124mLoadCheckpoint[39m[38;5;124m'[39m, [38;5;124m'[39m[38;5;124m/home/dias-benchmarks/notebooks/ibtesama/getting-started-with-a-movie-recommendation-system/src/annotated/checkpoints/post_cell_15.pickle[39m[38;5;124m'[39m)
[0;32m----> 3[0m [38;5;28;01massert[39;00m [43mcompare_df[49m[43m([49m[43mdf2_opt[49m[43m,[49m[43m [49m[43mdf2[49m[43m)[49m
[1;32m      5[0m [38;5;28;01mimport[39;00m[38;5;250m [39m[38;5;21;01mnumpy[39;00m[38;5;250m [39m[38;5;28;01mas[39;00m[38;5;250m [39m[38;5;21;01mnp[39;00m
[1;32m      6[0m [38;5;28;01mimport[39;00m[38;5;250m [39m[38;5;21;01mcudf[39;00m

File [0;32m/home/ElasticNotebook/elastic/core/common/pandas.py:94[0m, in [0;36mcompare_df[0;34m(df1, df2)[0m
[1;32m     91[0m         [38;5;28;01mraise[39;00m [38;5;167;01mValueError[39;00m([38;5;124mf[39m[38;5;124m"[39m[38;5;124mData type mismatch: [39m[38;5;132;01m{[39;00mdf1[38;5;241m.[39mdtype[38;5;132;01m}[39;00m[38;5;124m vs [39m[38;5;132;01m{[39;00mdf2[38;5;241m.[39mdtype[38;5;132;01m}[39;00m[38;5;124m"[39m)
[1;32m     93[0m [38;5;28;01mif[39;00m hash_df(df1) [38;5;241m!=[39m hash_df(df2):
[0;32m---> 94[0m     [38;5;28;01mraise[39;00m [38;5;167;01mValueError[39;00m([38;5;124mf[39m[38;5;124m"[39m[38;5;124mContent of df1 and df2 do not match[39m[38;5;124m"[39m)
[1;32m     96[0m [38;5;28;01mreturn[39;00m [38;5;28;01mTrue[39;00m

[0;31mValueError[0m: Content of df1 and df2 do not match

        <Iteration>: 3/5

Repairing the last generated code
Code: ### cell 15 ###

# Clean the director column (string values)
df2['director'] = (
    df2['director']
      .fillna('')                 # replace missing with empty string
      .str.replace(' ', '')       # remove spaces
      .str.lower()                # lowercase
)

# For the list‐valued columns, fall back to the original clean_data apply
# so that empty lists and edge cases match exactly the original output
for feature in ['cast', 'keywords', 'genres']:
    df2[feature] = df2[feature].apply(clean_data)

Reason: The vectorized join/split approach can mis-handle empty lists (producing [''] instead of []). Falling back to the original clean_data apply for the list-valued columns guarantees exact semantic equivalence (including the empty-list case) and ensures the optimized director column passes the downstream assertions without dtype or content mismatches.
Parsed response: ### cell 15 ###

# Clean the director column (string values)
df2['director'] = (
    df2['director']
      .fillna('')                 # replace missing with empty string
      .str.replace(' ', '')       # remove spaces
      .str.lower()                # lowercase
)

# For the list‐valued columns, fall back to the original clean_data apply
# so that empty lists and edge cases match exactly the original output
for feature in ['cast', 'keywords', 'genres']:
    df2[feature] = df2[feature].apply(clean_data)

Try 3: calling rewrite agent for cell 15 took 104.39472460746765 seconds.
Executing rewritten code... ### cell 15 ###

# Clean the director column (string values)
df2['director'] = (
    df2['director']
      .fillna('')                 # replace missing with empty string
      .str.replace(' ', '')       # remove spaces
      .str.lower()                # lowercase
)

# For the list‐valued columns, fall back to the original clean_data apply
# so that empty lists and edge cases match exactly the original output
for feature in ['cast', 'keywords', 'genres']:
    df2[feature] = df2[feature].apply(clean_data)

HAHA rewritten pre-checkpoint path:  /home/dias-benchmarks/notebooks/ibtesama/getting-started-with-a-movie-recommendation-system/src/annotated/checkpoints/pre_cell_15.pickle
Running rewritten cell notebook
An unexpected error occurred Execution failed in cell %%RecordEvent
%%time
### cell 15 ###

# Clean the director column (string values)
df2['director'] = (
    df2['director']
      .fillna('')                 # replace missing with empty string
      .str.replace(' ', '')       # remove spaces
      .str.lower()                # lowercase
)

# For the list‐valued columns, fall back to the original clean_data apply
# so that empty lists and edge cases match exactly the original output
for feature in ['cast', 'keywords', 'genres']:
    df2[feature] = df2[feature].apply(clean_data)
: name 'clean_data' is not defined
Rewritten time: inf ms
Checkpointing the rewritten cell for small notebook...
========================================================
Rewriting cell 15... Try 4...
Manager agent prompt:
        <Original Code>:
        ### cell 15 ###

# Function to convert all strings to lower case and strip names of spaces
def clean_data(x):
    if isinstance(x, list):
        return [str.lower(i.replace(" ", "")) for i in x]
    else:
        #Check if director exists. If not, return empty string
        if isinstance(x, str):
            return str.lower(x.replace(" ", ""))
        else:
            return ''
# Apply clean_data function to your features.
features = ['cast', 'keywords', 'director', 'genres']

for feature in features:
    df2[feature] = df2[feature].apply(clean_data)
        <Profiling data>:
                        Function  GPU calls  CPU calls
0  DataFrame.__getitem__          1          3
1           Series.apply          0          4
2  DataFrame.__setitem__          1          3
        <Execution time>: 14700.0
        <Active Vars>: ['df2']
        <Future Vars>: []
        <Rewritten Code>:
        ### cell 15 ###

# Clean the director column (string values)
df2['director'] = (
    df2['director']
      .fillna('')                 # replace missing with empty string
      .str.replace(' ', '')       # remove spaces
      .str.lower()                # lowercase
)

# For the list‐valued columns, fall back to the original clean_data apply
# so that empty lists and edge cases match exactly the original output
for feature in ['cast', 'keywords', 'genres']:
    df2[feature] = df2[feature].apply(clean_data)

        <Profiling data>:
        None
        <Execution time>: inf
        <Execution output>: The rewritten code resulted in a runtime error. Execution failed in cell %%RecordEvent
%%time
### cell 15 ###

# Clean the director column (string values)
df2['director'] = (
    df2['director']
      .fillna('')                 # replace missing with empty string
      .str.replace(' ', '')       # remove spaces
      .str.lower()                # lowercase
)

# For the list‐valued columns, fall back to the original clean_data apply
# so that empty lists and edge cases match exactly the original output
for feature in ['cast', 'keywords', 'genres']:
    df2[feature] = df2[feature].apply(clean_data)
: name 'clean_data' is not defined
        <Iteration>: 4/5

==========Running the manager agent to decide the next step==========
Choice: repair
Reason: The rewritten code resulted in a runtime error due to 'clean_data' function not being defined. It's critical to repair this as there is only one iteration left.
Code fixer prompt:
        <Original Code>:
        ### cell 15 ###

# Function to convert all strings to lower case and strip names of spaces
def clean_data(x):
    if isinstance(x, list):
        return [str.lower(i.replace(" ", "")) for i in x]
    else:
        #Check if director exists. If not, return empty string
        if isinstance(x, str):
            return str.lower(x.replace(" ", ""))
        else:
            return ''
# Apply clean_data function to your features.
features = ['cast', 'keywords', 'director', 'genres']

for feature in features:
    df2[feature] = df2[feature].apply(clean_data)
        <Profiling data>:
                        Function  GPU calls  CPU calls
0  DataFrame.__getitem__          1          3
1           Series.apply          0          4
2  DataFrame.__setitem__          1          3
        <Execution time>: 14700.0
        <Active Vars>: ['df2']
        <Future Vars>: []
        <Rewritten Code>:
        ### cell 15 ###

# Clean the director column (string values)
df2['director'] = (
    df2['director']
      .fillna('')                 # replace missing with empty string
      .str.replace(' ', '')       # remove spaces
      .str.lower()                # lowercase
)

# For the list‐valued columns, fall back to the original clean_data apply
# so that empty lists and edge cases match exactly the original output
for feature in ['cast', 'keywords', 'genres']:
    df2[feature] = df2[feature].apply(clean_data)

        <Profiling data>:
        None
        <Execution time>: inf
        <Execution output>: The rewritten code resulted in a runtime error. Execution failed in cell %%RecordEvent
%%time
### cell 15 ###

# Clean the director column (string values)
df2['director'] = (
    df2['director']
      .fillna('')                 # replace missing with empty string
      .str.replace(' ', '')       # remove spaces
      .str.lower()                # lowercase
)

# For the list‐valued columns, fall back to the original clean_data apply
# so that empty lists and edge cases match exactly the original output
for feature in ['cast', 'keywords', 'genres']:
    df2[feature] = df2[feature].apply(clean_data)
: name 'clean_data' is not defined
        <Iteration>: 4/5

Repairing the last generated code
Code: ### cell 15 ###

# Redefine clean_data so that apply works in this cell
def clean_data(x):
    if isinstance(x, list):
        return [str.lower(i.replace(" ", "")) for i in x]
    else:
        if isinstance(x, str):
            return str.lower(x.replace(" ", ""))
        else:
            return ''

# Clean the director column (string values)
df2['director'] = (
    df2['director']
      .fillna('')                        # replace missing with empty string
      .str.replace(' ', '', regex=False) # remove spaces
      .str.lower()                       # lowercase
)

# For the list‐valued columns, use apply with clean_data
for feature in ['cast', 'keywords', 'genres']:
    df2[feature] = df2[feature].apply(clean_data)
Reason: The runtime error was caused by clean_data not being defined in the rewritten cell. By re-adding the clean_data function definition at the top of cell 15, the apply calls will now succeed without altering any other logic.
Parsed response: ### cell 15 ###

# Redefine clean_data so that apply works in this cell
def clean_data(x):
    if isinstance(x, list):
        return [str.lower(i.replace(" ", "")) for i in x]
    else:
        if isinstance(x, str):
            return str.lower(x.replace(" ", ""))
        else:
            return ''

# Clean the director column (string values)
df2['director'] = (
    df2['director']
      .fillna('')                        # replace missing with empty string
      .str.replace(' ', '', regex=False) # remove spaces
      .str.lower()                       # lowercase
)

# For the list‐valued columns, use apply with clean_data
for feature in ['cast', 'keywords', 'genres']:
    df2[feature] = df2[feature].apply(clean_data)
Try 4: calling rewrite agent for cell 15 took 17.449289083480835 seconds.
Executing rewritten code... ### cell 15 ###

# Redefine clean_data so that apply works in this cell
def clean_data(x):
    if isinstance(x, list):
        return [str.lower(i.replace(" ", "")) for i in x]
    else:
        if isinstance(x, str):
            return str.lower(x.replace(" ", ""))
        else:
            return ''

# Clean the director column (string values)
df2['director'] = (
    df2['director']
      .fillna('')                        # replace missing with empty string
      .str.replace(' ', '', regex=False) # remove spaces
      .str.lower()                       # lowercase
)

# For the list‐valued columns, use apply with clean_data
for feature in ['cast', 'keywords', 'genres']:
    df2[feature] = df2[feature].apply(clean_data)
HAHA rewritten pre-checkpoint path:  /home/dias-benchmarks/notebooks/ibtesama/getting-started-with-a-movie-recommendation-system/src/annotated/checkpoints/pre_cell_15.pickle
Running rewritten cell notebook
An unexpected error occurred An error occurred while executing the following cell:
------------------

with open("/home/dias-benchmarks/notebooks/ibtesama/getting-started-with-a-movie-recommendation-system/src/opt_cell_exec_info_15_try_4.pkl", "wb") as f:
    pickle.dump(opt_cell_exec_info[15], f)

------------------


[0;31m---------------------------------------------------------------------------[0m
[0;31mPicklingError[0m                             Traceback (most recent call last)
Cell [0;32mIn[7], line 2[0m
[1;32m      1[0m [38;5;28;01mwith[39;00m [38;5;28mopen[39m([38;5;124m"[39m[38;5;124m/home/dias-benchmarks/notebooks/ibtesama/getting-started-with-a-movie-recommendation-system/src/opt_cell_exec_info_15_try_4.pkl[39m[38;5;124m"[39m, [38;5;124m"[39m[38;5;124mwb[39m[38;5;124m"[39m) [38;5;28;01mas[39;00m f:
[0;32m----> 2[0m     [43mpickle[49m[38;5;241;43m.[39;49m[43mdump[49m[43m([49m[43mopt_cell_exec_info[49m[43m[[49m[38;5;241;43m15[39;49m[43m][49m[43m,[49m[43m [49m[43mf[49m[43m)[49m

[0;31mPicklingError[0m: Can't pickle <class 'function'>: attribute lookup function on builtins failed

Rewritten time: inf ms
Checkpointing the rewritten cell for small notebook...
Could not rewrite the cell. Continuing to next cell...
========================================================
After rewriting cell  15
Rewritten pre-checkpoint path: /home/dias-benchmarks/notebooks/ibtesama/getting-started-with-a-movie-recommendation-system/src/annotated/checkpoints/post_cell_15.pickle
Pre-checkpoint path: /home/dias-benchmarks/notebooks/ibtesama/getting-started-with-a-movie-recommendation-system/src/annotated/checkpoints/post_cell_15.pickle
========================================================
Cell 15 rewriting took 558.784952878952 seconds.
Getting original timing for cell 16
HAHA original checkpoint path:  /home/dias-benchmarks/notebooks/ibtesama/getting-started-with-a-movie-recommendation-system/src/annotated/checkpoints/post_cell_15.pickle
Setting initially best_rewritten_post_checkpoint_path:  /home/dias-benchmarks/notebooks/ibtesama/getting-started-with-a-movie-recommendation-system/src/annotated/checkpoints/post_cell_16.pickle
Setting initially best_small_rewritten_post_checkpoint_path:  /home/dias-benchmarks/notebooks/ibtesama/getting-started-with-a-movie-recommendation-system/src/small_bench/checkpoints/pre_cell_17.pickle
========================================================
Rewriting cell 16... Try 0...
Manager agent prompt:
        <Original Code>:
        ### cell 16 ###

def create_soup(x):
    return ' '.join(x['keywords']) + ' ' + ' '.join(x['cast']) + ' ' + x['director'] + ' ' + ' '.join(x['genres'])
df2['soup'] = df2.apply(create_soup, axis=1)
        <Profiling data>:
                        Function  GPU calls  CPU calls
0        DataFrame.apply          0          1
1  DataFrame.__setitem__          1          0

        <Execution time>: 18600.0
        <Active vars>: []

        <Future vars>: []

        <Iteration>: 0/5

==========Running the manager agent to decide the next step==========
Choice: new
Reason: There is no rewritten code, and the original code uses pandas apply which is not GPU-optimized. We can create a new, more efficient version using cudf or similar libraries that leverage GPU acceleration.
Generating new code from the original code
Prompt:
        <Original Code>:
        ### cell 16 ###

def create_soup(x):
    return ' '.join(x['keywords']) + ' ' + ' '.join(x['cast']) + ' ' + x['director'] + ' ' + ' '.join(x['genres'])
df2['soup'] = df2.apply(create_soup, axis=1)
        <Profiling data>:
                        Function  GPU calls  CPU calls
0        DataFrame.apply          0          1
1  DataFrame.__setitem__          1          0

        <Execution time>: 18600.0
        <Active vars>: []

        <Future vars>: []

        <Iteration>: 0/5

Code: df2['soup'] = (
    df2['keywords'].str.join(' ') + ' '
    + df2['cast'].str.join(' ') + ' '
    + df2['director'] + ' '
    + df2['genres'].str.join(' ')
)
Reason: Replaced the expensive row-wise DataFrame.apply (CPU) with vectorized string operations (Series.str.join and elementwise concatenation) that cudf will execute on the GPU, eliminating the Python loop and reducing data movement.
Parsed response: df2['soup'] = (
    df2['keywords'].str.join(' ') + ' '
    + df2['cast'].str.join(' ') + ' '
    + df2['director'] + ' '
    + df2['genres'].str.join(' ')
)
Try 0: calling rewrite agent for cell 16 took 8.210855960845947 seconds.
Executing rewritten code... ### cell 16 ###

df2['soup'] = (
    df2['keywords'].str.join(' ') + ' '
    + df2['cast'].str.join(' ') + ' '
    + df2['director'] + ' '
    + df2['genres'].str.join(' ')
)
HAHA rewritten pre-checkpoint path:  /home/dias-benchmarks/notebooks/ibtesama/getting-started-with-a-movie-recommendation-system/src/annotated/checkpoints/post_cell_15.pickle
Running rewritten cell notebook
Finished executing the rewritten code.
Try 0: executing the rewritten code for cell 16 took 30.934659004211426 seconds.
Rewritten time: 24.1 ms
Checkpointing the rewritten cell for small notebook...
The rewritten code is correct. Profiling cudf...
HAHA small rewritten pre-checkpoint path:  /home/dias-benchmarks/notebooks/ibtesama/getting-started-with-a-movie-recommendation-system/src/small_bench/checkpoints/pre_cell_16.pickle
