Annotated notebook saved to /home/dias-benchmarks/notebooks/sandhyakrishnan02/indian-startup-growth-analysis/src/cell_exec_info.ipynb
Executing code: import sys, os
sys.path.insert(0, os.path.abspath('/home/ElasticNotebook'))
%load_ext ElasticNotebook
from elastic.core.common.pandas import compare_df
import pickle
import cudf
Executing code: %%RecordEventWithColumnInfo

import numpy as np
import os
# STEFANOS: Conditionally import Modin Pandas
if "IREWR_WITH_MODIN" in os.environ and os.environ["IREWR_WITH_MODIN"] == "True":
    # STEFANOS: Import Modin Pandas
    import os
    os.environ["MODIN_ENGINE"] = "ray"
    import ray
    ray.init(num_cpus=int(os.environ['MODIN_CPUS']), runtime_env={'env_vars': {'__MODIN_AUTOIMPORT_PANDAS__': '1'}})
    import modin.pandas as pd
else:
    # STEFANOS: Import regular Pandas
    import pandas as pd
import seaborn as sns
import matplotlib.pyplot as plt
import plotly.express as px

# from wordcloud import WordCloud
import string
Executing code: %%RecordEventWithColumnInfo
### cell 0 ###

df = pd.read_csv('/home/dias-benchmarks/notebooks/sandhyakrishnan02/indian-startup-growth-analysis/input/indian-startup-recognized-by-dpiit/Startup_Counts_Across_India.csv')
# df.head().style.background_gradient(cmap='coolwarm')
Executing code: %%RecordEventWithColumnInfo
### cell 1 ###

factor = 250
df = pd.concat([df]*factor, ignore_index=True)
df.info()
Executing code: # STEFANOS: Disable plotting
# fig = px.scatter(df,x="Industry", y="Year", size="Count", color="Count",template='plotly_dark', title="Industry Vs Year")
# fig.show()
Executing code: %%RecordEventWithColumnInfo
### cell 2 ###

# fig, ax = plt.subplots(1,1, figsize=(15, 6))
df_year = df['Year'].value_counts().sort_index()
# STEFANOS: Disable plotting
# ax.bar(df_year.index, df_year, width=0.55,linewidth=0.7, color = 'purple')
# for i in df_year.index:
#     ax.annotate(f"{df_year[i]}",xy=(i, df_year[i] + 100),
#                    va = 'center', ha='center')
# ax.set_ylim(0, 1300)
# fig.text(0.1, 0.95, "Growth of Startup's from 2016-2022", fontsize=15, fontweight='bold')

# ax.grid(axis='y', linestyle='-', alpha=0.4)
Executing code: %%RecordEventWithColumnInfo
### cell 3 ###

df.groupby('Industry').size().sort_values(ascending=False).to_frame().style.background_gradient(cmap='coolwarm').set_uuid("uuid")
Executing code: %%RecordEventWithColumnInfo
### cell 4 ###

# fig, ax = plt.subplots(1,1, figsize=(20, 6))
df_ind = df['Industry'].value_counts().iloc[:20]

# STEFANOS: Disable plotting
# ax.bar(df_ind.index, df_ind, width=0.55,linewidth=0.7, color = 'pink')
# for i in df_ind.index:
#     ax.annotate(f"{df_ind[i]}",xy=(i, df_ind[i] + 20),va = 'center', ha='center')
# ax.set_ylim(0, 220)
# fig.text(0.1, 0.95, "Top 20 Startup Industries from 2016", fontsize=15, fontweight='bold')
# plt.xticks(rotation=90)
# ax.grid(axis='y', linestyle='-', alpha=0.4)
Executing code: %%RecordEventWithColumnInfo
### cell 5 ###

# fig, ax = plt.subplots(1,1, figsize=(20, 6))
X = df['State'].value_counts().iloc[:20]

# STEFANOS: Disable plotting
# ax.bar(X.index, X, width=0.55,linewidth=0.7, color = 'lightblue')
# for i in X.index:
#     ax.annotate(f"{X[i]}",xy=(i, X[i] + 50),
#                    va = 'center', ha='center')
# ax.set_ylim(0, 400)
# fig.text(0.1, 0.95, "Top 20 States Having maximum Start'ups from 2016", fontsize=15, fontweight='bold')
# plt.xticks(rotation=90)
# ax.grid(axis='y', linestyle='-', alpha=0.4)
Executing code: %%RecordEventWithColumnInfo
### cell 6 ###

ds_list=['Internet of Things','AI','Robotics','Analytics','Computer Vision']
ds_df = df[df['Industry'].isin(ds_list)]
Executing code: # STEFANOS: Disable plotting
# sns.set_style('whitegrid')
# sns.catplot(x='Year', hue = 'Industry', kind='count', data=ds_df,palette="Set3", height=8.27, aspect=11.7/8.27);
# plt.show()
Executing code: %PrintCellInfo cell_exec_info
Executing code: %reset -f
Executing code: %reload_ext ElasticNotebook
Ran small notebook to get cell exec info in 7.3426032066345215 seconds
Getting cudf profile information...
Annotated notebook saved to /home/dias-benchmarks/notebooks/sandhyakrishnan02/indian-startup-growth-analysis/src/cudf_profile.ipynb
Done getting cudf profile information.
Ran small notebook to get cudf profile info in 29.5576593875885 seconds
Annotated notebook saved to /home/dias-benchmarks/notebooks/sandhyakrishnan02/indian-startup-growth-analysis/src/annotated.ipynb
Executing code: %reset -f
Executing code: %reload_ext ElasticNotebook
Executing code: %load_ext cudf.pandas
Executing code: import sys, os
sys.path.insert(0, os.path.abspath('/home/ElasticNotebook'))
%load_ext ElasticNotebook
from elastic.core.common.pandas import compare_df
import pickle
import cudf
Executing code: %%RecordEvent

import numpy as np
import os
# STEFANOS: Conditionally import Modin Pandas
if "IREWR_WITH_MODIN" in os.environ and os.environ["IREWR_WITH_MODIN"] == "True":
    # STEFANOS: Import Modin Pandas
    import os
    os.environ["MODIN_ENGINE"] = "ray"
    import ray
    ray.init(num_cpus=int(os.environ['MODIN_CPUS']), runtime_env={'env_vars': {'__MODIN_AUTOIMPORT_PANDAS__': '1'}})
    import modin.pandas as pd
else:
    # STEFANOS: Import regular Pandas
    import pandas as pd
import seaborn as sns
import matplotlib.pyplot as plt
import plotly.express as px

# from wordcloud import WordCloud
import string
Executing code: %%RecordEvent
%%time
### cell 0 ###

df = pd.read_csv('/home/dias-benchmarks/notebooks/sandhyakrishnan02/indian-startup-growth-analysis/input/indian-startup-recognized-by-dpiit/Startup_Counts_Across_India.csv')
# df.head().style.background_gradient(cmap='coolwarm')
Executing code: %%RecordEvent
%%time
### cell 1 ###

factor = 2500
df = pd.concat([df]*factor, ignore_index=True)
df.info()
Executing code: # STEFANOS: Disable plotting
# fig = px.scatter(df,x="Industry", y="Year", size="Count", color="Count",template='plotly_dark', title="Industry Vs Year")
# fig.show()
Executing code: %%RecordEvent
%%time
### cell 2 ###

# fig, ax = plt.subplots(1,1, figsize=(15, 6))
df_year = df['Year'].value_counts().sort_index()
# STEFANOS: Disable plotting
# ax.bar(df_year.index, df_year, width=0.55,linewidth=0.7, color = 'purple')
# for i in df_year.index:
#     ax.annotate(f"{df_year[i]}",xy=(i, df_year[i] + 100),
#                    va = 'center', ha='center')
# ax.set_ylim(0, 1300)
# fig.text(0.1, 0.95, "Growth of Startup's from 2016-2022", fontsize=15, fontweight='bold')

# ax.grid(axis='y', linestyle='-', alpha=0.4)
Executing code: %%RecordEvent
%%time
### cell 3 ###

df.groupby('Industry').size().sort_values(ascending=False).to_frame().style.background_gradient(cmap='coolwarm').set_uuid("uuid")
Executing code: %Checkpoint /home/dias-benchmarks/notebooks/sandhyakrishnan02/indian-startup-growth-analysis/src/annotated/checkpoints/pre_cell_4.pickle
Checkpointing took 0.0007727146148681641 seconds.
Getting original timing for cell 4
========================================================
Rewriting cell 4... Try 0...
Manager agent prompt:
        <Original Code>:
        ### cell 4 ###

# fig, ax = plt.subplots(1,1, figsize=(20, 6))
df_ind = df['Industry'].value_counts().iloc[:20]

# STEFANOS: Disable plotting
# ax.bar(df_ind.index, df_ind, width=0.55,linewidth=0.7, color = 'pink')
# for i in df_ind.index:
#     ax.annotate(f"{df_ind[i]}",xy=(i, df_ind[i] + 20),va = 'center', ha='center')
# ax.set_ylim(0, 220)
# fig.text(0.1, 0.95, "Top 20 Startup Industries from 2016", fontsize=15, fontweight='bold')
# plt.xticks(rotation=90)
# ax.grid(axis='y', linestyle='-', alpha=0.4)
        <Profiling data>:
                               Function  GPU calls  CPU calls
0         DataFrame.__getitem__          1          0
1    IndexOpsMixin.value_counts          1          0
2                        Series          1          0
3  _LocationIndexer.__getitem__          1          0

        <Execution time>: 58.2
        <Active vars>: []

        <Future vars>: ['df']

        <Iteration>: 0/3

==========Running the manager agent to decide the next step==========
Choice: new
Reason: The code is focused on retrieving value counts, which can be optimized for performance. Since plotting is disabled and there's no rewritten code, we can attempt to optimize the original code for better efficiency.
Generating new code from the original code
Prompt:
        <Original Code>:
        ### cell 4 ###

# fig, ax = plt.subplots(1,1, figsize=(20, 6))
df_ind = df['Industry'].value_counts().iloc[:20]

# STEFANOS: Disable plotting
# ax.bar(df_ind.index, df_ind, width=0.55,linewidth=0.7, color = 'pink')
# for i in df_ind.index:
#     ax.annotate(f"{df_ind[i]}",xy=(i, df_ind[i] + 20),va = 'center', ha='center')
# ax.set_ylim(0, 220)
# fig.text(0.1, 0.95, "Top 20 Startup Industries from 2016", fontsize=15, fontweight='bold')
# plt.xticks(rotation=90)
# ax.grid(axis='y', linestyle='-', alpha=0.4)
        <Profiling data>:
                               Function  GPU calls  CPU calls
0         DataFrame.__getitem__          1          0
1    IndexOpsMixin.value_counts          1          0
2                        Series          1          0
3  _LocationIndexer.__getitem__          1          0

        <Execution time>: 58.2
        <Active vars>: []

        <Future vars>: ['df']

        <Iteration>: 0/3

Code: done
Reason: The code already uses GPU-accelerated cudf operations for value_counts and slicing, with no CPU-bound loops. No further optimization is needed.
No Modifications made to the original code
Try 0: calling rewrite agent for cell 4 took 13.209917068481445 seconds.
There is no need to rewrite the cell.
Could not rewrite the cell. Continuing to next cell...
Cell 4 rewriting took 44.340930223464966 seconds.
Getting original timing for cell 5
========================================================
Rewriting cell 5... Try 0...
Manager agent prompt:
        <Original Code>:
        ### cell 5 ###

# fig, ax = plt.subplots(1,1, figsize=(20, 6))
X = df['State'].value_counts().iloc[:20]

# STEFANOS: Disable plotting
# ax.bar(X.index, X, width=0.55,linewidth=0.7, color = 'lightblue')
# for i in X.index:
#     ax.annotate(f"{X[i]}",xy=(i, X[i] + 50),
#                    va = 'center', ha='center')
# ax.set_ylim(0, 400)
# fig.text(0.1, 0.95, "Top 20 States Having maximum Start'ups from 2016", fontsize=15, fontweight='bold')
# plt.xticks(rotation=90)
# ax.grid(axis='y', linestyle='-', alpha=0.4)
        <Profiling data>:
                               Function  GPU calls  CPU calls
0         DataFrame.__getitem__          1          0
1    IndexOpsMixin.value_counts          1          0
2  _LocationIndexer.__getitem__          1          0

        <Execution time>: 79.7
        <Active vars>: []

        <Future vars>: ['df']

        <Iteration>: 0/3

==========Running the manager agent to decide the next step==========
Choice: new
Reason: The original code primarily focuses on data inspection and preparation for plotting. Since we need a new optimization strategy, I suggest revisiting the original code to explore more efficient data handling or transformation methods that could optimize this process.
Generating new code from the original code
Prompt:
        <Original Code>:
        ### cell 5 ###

# fig, ax = plt.subplots(1,1, figsize=(20, 6))
X = df['State'].value_counts().iloc[:20]

# STEFANOS: Disable plotting
# ax.bar(X.index, X, width=0.55,linewidth=0.7, color = 'lightblue')
# for i in X.index:
#     ax.annotate(f"{X[i]}",xy=(i, X[i] + 50),
#                    va = 'center', ha='center')
# ax.set_ylim(0, 400)
# fig.text(0.1, 0.95, "Top 20 States Having maximum Start'ups from 2016", fontsize=15, fontweight='bold')
# plt.xticks(rotation=90)
# ax.grid(axis='y', linestyle='-', alpha=0.4)
        <Profiling data>:
                               Function  GPU calls  CPU calls
0         DataFrame.__getitem__          1          0
1    IndexOpsMixin.value_counts          1          0
2  _LocationIndexer.__getitem__          1          0

        <Execution time>: 79.7
        <Active vars>: []

        <Future vars>: ['df']

        <Iteration>: 0/3

Code: X = df['State'].value_counts().head(20)
Reason: Replaced iloc slicing with .head(20) to keep the entire value_counts and top-20 selection on the GPU, avoiding any CPU round-trip for indexing.
Parsed response: X = df['State'].value_counts().head(20)
Try 0: calling rewrite agent for cell 5 took 8.782078504562378 seconds.
Executing rewritten code... ### cell 5 ###

X = df['State'].value_counts().head(20)
Finished executing the rewritten code.
Try 0: executing the rewritten code for cell 5 took 24.062214612960815 seconds.
Rewritten time: 70.2 ms
The rewritten code is correct. Profiling cudf...
Try 0: cudf profiling the rewritten code for cell 5 took 9.217831134796143 seconds.
gpu_calls_orig_perc: 1.0, gpu_calls_opt_perc: 1.0
orig_time: 79.7, opt_time: 70.2
Both the call ratio and the time are better.
Rewritten code took 70.2ms. The previous fastest solution took 79.7ms.
Previous best solution num GPU and CPU calls:  3 0
New solution num GPU and CPU calls:  3 0
Accepted the rewritten code.
========================================================
Rewriting cell 5... Try 1...
Manager agent prompt:
        <Original Code>:
        ### cell 5 ###

# fig, ax = plt.subplots(1,1, figsize=(20, 6))
X = df['State'].value_counts().iloc[:20]

# STEFANOS: Disable plotting
# ax.bar(X.index, X, width=0.55,linewidth=0.7, color = 'lightblue')
# for i in X.index:
#     ax.annotate(f"{X[i]}",xy=(i, X[i] + 50),
#                    va = 'center', ha='center')
# ax.set_ylim(0, 400)
# fig.text(0.1, 0.95, "Top 20 States Having maximum Start'ups from 2016", fontsize=15, fontweight='bold')
# plt.xticks(rotation=90)
# ax.grid(axis='y', linestyle='-', alpha=0.4)
        <Profiling data>:
                               Function  GPU calls  CPU calls
0         DataFrame.__getitem__          1          0
1    IndexOpsMixin.value_counts          1          0
2  _LocationIndexer.__getitem__          1          0
        <Execution time>: 79.7
        <Active Vars>: []
        <Future Vars>: ['df']
        <Rewritten Code>:
        ### cell 5 ###

X = df['State'].value_counts().head(20)
        <Profiling data>:
                             Function  GPU calls  CPU calls
0       DataFrame.__getitem__          1          0
1  IndexOpsMixin.value_counts          1          0
2                NDFrame.head          1          0
        <Execution time>: 70.2
        <Execution output>: Rewritten time: 70.2 ms
Original time: 79.7 ms
        <Iteration>: 1/1

==========Running the manager agent to decide the next step==========
Choice: done
Reason: The rewritten code is already optimized given the context. There are no further meaningful optimizations, especially since we have reached the last iteration.
Code is already optimized
Try 1: calling rewrite agent for cell 5 took 1.4668982028961182 seconds.
Cell 5 rewriting took 75.22811484336853 seconds.
Getting original timing for cell 6
========================================================
Rewriting cell 6... Try 0...
Manager agent prompt:
        <Original Code>:
        ### cell 6 ###

ds_list=['Internet of Things','AI','Robotics','Analytics','Computer Vision']
ds_df = df[df['Industry'].isin(ds_list)]
        <Profiling data>:
                        Function  GPU calls  CPU calls
0  DataFrame.__getitem__          2          0
1            Series.isin          1          0

        <Execution time>: 27.2
        <Active vars>: []

        <Future vars>: []

        <Iteration>: 0/3

==========Running the manager agent to decide the next step==========
Choice: new
Reason: This is the first iteration, and the code can be optimized further for performance by exploring alternative methods or APIs beyond cuDF if applicable.
Generating new code from the original code
Prompt:
        <Original Code>:
        ### cell 6 ###

ds_list=['Internet of Things','AI','Robotics','Analytics','Computer Vision']
ds_df = df[df['Industry'].isin(ds_list)]
        <Profiling data>:
                        Function  GPU calls  CPU calls
0  DataFrame.__getitem__          2          0
1            Series.isin          1          0

        <Execution time>: 27.2
        <Active vars>: []

        <Future vars>: []

        <Iteration>: 0/3

Code: done
Reason: The filtering using df['Industry'].isin(ds_list) is already executed on the GPU with zero CPU calls. There’s no further vectorization or GPU-CPU transfer optimization possible in this simple snippet.
No Modifications made to the original code
Try 0: calling rewrite agent for cell 6 took 12.150148630142212 seconds.
There is no need to rewrite the cell.
Could not rewrite the cell. Continuing to next cell...
Cell 6 rewriting took 44.47896766662598 seconds.
Rewrote notebook in 185.90479016304016 seconds
