Annotated notebook saved to /home/dias-benchmarks/notebooks/sandhyakrishnan02/indian-startup-growth-analysis/src/cell_exec_info.ipynb
Executing code: import sys, os
sys.path.insert(0, os.path.abspath('/home/ElasticNotebook'))
%load_ext ElasticNotebook
from elastic.core.common.pandas import compare_df
import pickle
import cudf
Executing code: %%RecordEventWithColumnInfo

import numpy as np
import os
# STEFANOS: Conditionally import Modin Pandas
if "IREWR_WITH_MODIN" in os.environ and os.environ["IREWR_WITH_MODIN"] == "True":
    # STEFANOS: Import Modin Pandas
    import os
    os.environ["MODIN_ENGINE"] = "ray"
    import ray
    ray.init(num_cpus=int(os.environ['MODIN_CPUS']), runtime_env={'env_vars': {'__MODIN_AUTOIMPORT_PANDAS__': '1'}})
    import modin.pandas as pd
else:
    # STEFANOS: Import regular Pandas
    import pandas as pd
import seaborn as sns
import matplotlib.pyplot as plt
import plotly.express as px

# from wordcloud import WordCloud
import string
Executing code: %%RecordEventWithColumnInfo
### cell 0 ###

df = pd.read_csv('/home/dias-benchmarks/notebooks/sandhyakrishnan02/indian-startup-growth-analysis/input/indian-startup-recognized-by-dpiit/Startup_Counts_Across_India.csv')
# df.head().style.background_gradient(cmap='coolwarm')
Executing code: %%RecordEventWithColumnInfo
### cell 1 ###

factor = 250
df = pd.concat([df]*factor, ignore_index=True)
df.info()
Executing code: # STEFANOS: Disable plotting
# fig = px.scatter(df,x="Industry", y="Year", size="Count", color="Count",template='plotly_dark', title="Industry Vs Year")
# fig.show()
Executing code: %%RecordEventWithColumnInfo
### cell 2 ###

# fig, ax = plt.subplots(1,1, figsize=(15, 6))
df_year = df['Year'].value_counts().sort_index()
# STEFANOS: Disable plotting
# ax.bar(df_year.index, df_year, width=0.55,linewidth=0.7, color = 'purple')
# for i in df_year.index:
#     ax.annotate(f"{df_year[i]}",xy=(i, df_year[i] + 100),
#                    va = 'center', ha='center')
# ax.set_ylim(0, 1300)
# fig.text(0.1, 0.95, "Growth of Startup's from 2016-2022", fontsize=15, fontweight='bold')

# ax.grid(axis='y', linestyle='-', alpha=0.4)
Executing code: %%RecordEventWithColumnInfo
### cell 3 ###

df.groupby('Industry').size().sort_values(ascending=False).to_frame().style.background_gradient(cmap='coolwarm').set_uuid("uuid")
Executing code: %%RecordEventWithColumnInfo
### cell 4 ###

# fig, ax = plt.subplots(1,1, figsize=(20, 6))
df_ind = df['Industry'].value_counts().iloc[:20]

# STEFANOS: Disable plotting
# ax.bar(df_ind.index, df_ind, width=0.55,linewidth=0.7, color = 'pink')
# for i in df_ind.index:
#     ax.annotate(f"{df_ind[i]}",xy=(i, df_ind[i] + 20),va = 'center', ha='center')
# ax.set_ylim(0, 220)
# fig.text(0.1, 0.95, "Top 20 Startup Industries from 2016", fontsize=15, fontweight='bold')
# plt.xticks(rotation=90)
# ax.grid(axis='y', linestyle='-', alpha=0.4)
Executing code: %%RecordEventWithColumnInfo
### cell 5 ###

# fig, ax = plt.subplots(1,1, figsize=(20, 6))
X = df['State'].value_counts().iloc[:20]

# STEFANOS: Disable plotting
# ax.bar(X.index, X, width=0.55,linewidth=0.7, color = 'lightblue')
# for i in X.index:
#     ax.annotate(f"{X[i]}",xy=(i, X[i] + 50),
#                    va = 'center', ha='center')
# ax.set_ylim(0, 400)
# fig.text(0.1, 0.95, "Top 20 States Having maximum Start'ups from 2016", fontsize=15, fontweight='bold')
# plt.xticks(rotation=90)
# ax.grid(axis='y', linestyle='-', alpha=0.4)
Executing code: %%RecordEventWithColumnInfo
### cell 6 ###

ds_list=['Internet of Things','AI','Robotics','Analytics','Computer Vision']
ds_df = df[df['Industry'].isin(ds_list)]
Executing code: # STEFANOS: Disable plotting
# sns.set_style('whitegrid')
# sns.catplot(x='Year', hue = 'Industry', kind='count', data=ds_df,palette="Set3", height=8.27, aspect=11.7/8.27);
# plt.show()
Executing code: %PrintCellInfo cell_exec_info
Executing code: %reset -f
Executing code: %reload_ext ElasticNotebook
Ran small notebook to get cell exec info in 8.534507513046265 seconds
Getting cudf profile information...
Annotated notebook saved to /home/dias-benchmarks/notebooks/sandhyakrishnan02/indian-startup-growth-analysis/src/cudf_profile.ipynb
Done getting cudf profile information.
Ran small notebook to get cudf profile info in 30.713844060897827 seconds
Annotated notebook saved to /home/dias-benchmarks/notebooks/sandhyakrishnan02/indian-startup-growth-analysis/src/annotated.ipynb
Executing code: %reset -f
Executing code: %reload_ext ElasticNotebook
Executing code: %load_ext cudf.pandas
Executing code: import sys, os
sys.path.insert(0, os.path.abspath('/home/ElasticNotebook'))
%load_ext ElasticNotebook
from elastic.core.common.pandas import compare_df
import pickle
import cudf
Executing code: %%RecordEvent

import numpy as np
import os
# STEFANOS: Conditionally import Modin Pandas
if "IREWR_WITH_MODIN" in os.environ and os.environ["IREWR_WITH_MODIN"] == "True":
    # STEFANOS: Import Modin Pandas
    import os
    os.environ["MODIN_ENGINE"] = "ray"
    import ray
    ray.init(num_cpus=int(os.environ['MODIN_CPUS']), runtime_env={'env_vars': {'__MODIN_AUTOIMPORT_PANDAS__': '1'}})
    import modin.pandas as pd
else:
    # STEFANOS: Import regular Pandas
    import pandas as pd
import seaborn as sns
import matplotlib.pyplot as plt
import plotly.express as px

# from wordcloud import WordCloud
import string
Executing code: %Checkpoint /home/dias-benchmarks/notebooks/sandhyakrishnan02/indian-startup-growth-analysis/src/annotated/checkpoints/pre_cell_0.pickle
Checkpointing took 0.0012509822845458984 seconds.
Getting original timing for cell 0
========================================================
Rewriting cell 0... Try 0...
Manager agent prompt:
        <Original Code>:
        ### cell 0 ###

df = pd.read_csv('/home/dias-benchmarks/notebooks/sandhyakrishnan02/indian-startup-growth-analysis/input/indian-startup-recognized-by-dpiit/Startup_Counts_Across_India.csv')
# df.head().style.background_gradient(cmap='coolwarm')
        <Profiling data>:
           Function  GPU calls  CPU calls
0  read_csv          1          0

        <Execution time>: 81.3
        <Active vars>: []

        <Future vars>: []

        <Iteration>: 0/3

==========Running the manager agent to decide the next step==========
Choice: new
Reason: There is no rewritten code, and the code is currently just reading a CSV. We can try to optimize it by using a library like cuDF if it's applicable for the environment to decrease read time for large datasets.
Generating new code from the original code
Prompt:
        <Original Code>:
        ### cell 0 ###

df = pd.read_csv('/home/dias-benchmarks/notebooks/sandhyakrishnan02/indian-startup-growth-analysis/input/indian-startup-recognized-by-dpiit/Startup_Counts_Across_India.csv')
# df.head().style.background_gradient(cmap='coolwarm')
        <Profiling data>:
           Function  GPU calls  CPU calls
0  read_csv          1          0

        <Execution time>: 81.3
        <Active vars>: []

        <Future vars>: []

        <Iteration>: 0/3

Code: done
Reason: pd.read_csv is already invoked via the cudf.pandas extension and runs on the GPU; no CPU operations to eliminate or further optimizations needed.
No Modifications made to the original code
Try 0: calling rewrite agent for cell 0 took 5.063253879547119 seconds.
There is no need to rewrite the cell.
Could not rewrite the cell. Continuing to next cell...
Cell 0 rewriting took 15.688157320022583 seconds.
Getting original timing for cell 1
========================================================
Rewriting cell 1... Try 0...
Manager agent prompt:
        <Original Code>:
        ### cell 1 ###

factor = 2500
df = pd.concat([df]*factor, ignore_index=True)
df.info()
        <Profiling data>:
                 Function  GPU calls  CPU calls
0          concat          1          0
1  DataFrame.info          1          0

        <Execution time>: 665.0
        <Active vars>: []

        <Future vars>: []

        <Iteration>: 0/3

==========Running the manager agent to decide the next step==========
Choice: new
Reason: The code primarily uses pandas and can potentially benefit from using cudf for faster execution. Given that there is no rewritten code and it's the first of three iterations, an attempt to optimize with cudf can be made.
Generating new code from the original code
Prompt:
        <Original Code>:
        ### cell 1 ###

factor = 2500
df = pd.concat([df]*factor, ignore_index=True)
df.info()
        <Profiling data>:
                 Function  GPU calls  CPU calls
0          concat          1          0
1  DataFrame.info          1          0

        <Execution time>: 665.0
        <Active vars>: []

        <Future vars>: []

        <Iteration>: 0/3

Code: # Optimized replication using vectorized index.repeat and take
factor = 2500
# repeat each row factor times and reset the index in a single GPU‐native operation
df = df.loc[df.index.repeat(factor)].reset_index(drop=True)
df.info()
Reason: Replacing the Python‐level list of 2,500 DataFrame references and a large concat with a single vectorized index.repeat + loc takes full advantage of cuDF’s GPU operations and avoids the overhead of building and merging so many DataFrames.
Parsed response: # Optimized replication using vectorized index.repeat and take
factor = 2500
# repeat each row factor times and reset the index in a single GPU‐native operation
df = df.loc[df.index.repeat(factor)].reset_index(drop=True)
df.info()
Try 0: calling rewrite agent for cell 1 took 21.3713698387146 seconds.
Executing rewritten code... ### cell 1 ###

# Optimized replication using vectorized index.repeat and take
factor = 2500
# repeat each row factor times and reset the index in a single GPU‐native operation
df = df.loc[df.index.repeat(factor)].reset_index(drop=True)
df.info()
Finished executing the rewritten code.
Try 0: executing the rewritten code for cell 1 took 20.66122555732727 seconds.
Rewritten time: 195.0 ms
The rewritten code is correct. Profiling cudf...
Try 0: cudf profiling the rewritten code for cell 1 took 9.020695924758911 seconds.
gpu_calls_orig_perc: 1.0, gpu_calls_opt_perc: 1.0
orig_time: 665.0, opt_time: 195.0
Both the call ratio and the time are better.
Rewritten code took 195.0ms. The previous fastest solution took 665.0ms.
Previous best solution num GPU and CPU calls:  2 0
New solution num GPU and CPU calls:  6 0
Accepted the rewritten code.
========================================================
Rewriting cell 1... Try 1...
Manager agent prompt:
        <Original Code>:
        ### cell 1 ###

factor = 2500
df = pd.concat([df]*factor, ignore_index=True)
df.info()
        <Profiling data>:
                 Function  GPU calls  CPU calls
0          concat          1          0
1  DataFrame.info          1          0
        <Execution time>: 665.0
        <Active Vars>: []
        <Future Vars>: []
        <Rewritten Code>:
        ### cell 1 ###

# Optimized replication using vectorized index.repeat and take
factor = 2500
# repeat each row factor times and reset the index in a single GPU‐native operation
df = df.loc[df.index.repeat(factor)].reset_index(drop=True)
df.info()
        <Profiling data>:
                               Function  GPU calls  CPU calls
0                     DataFrame          2          0
1                  Index.repeat          1          0
2  _LocationIndexer.__getitem__          1          0
3         DataFrame.reset_index          1          0
4                DataFrame.info          1          0
        <Execution time>: 195.0
        <Execution output>: Rewritten time: 195.0 ms
Original time: 665.0 ms
        <Iteration>: 1/1

==========Running the manager agent to decide the next step==========
Choice: done
Reason: The rewritten code significantly improves execution time from 665.0 ms to 195.0 ms by using `index.repeat` and `reset_index`, which are effective optimizations. There are no further iterations left to attempt more optimizations, and the use of `.info()` suggests inspection, not a target for optimization.
Code is already optimized
Try 1: calling rewrite agent for cell 1 took 2.178713798522949 seconds.
Cell 1 rewriting took 78.05787563323975 seconds.
Getting original timing for cell 2
========================================================
Rewriting cell 2... Try 0...
Manager agent prompt:
        <Original Code>:
        ### cell 2 ###

# fig, ax = plt.subplots(1,1, figsize=(15, 6))
df_year = df['Year'].value_counts().sort_index()
# STEFANOS: Disable plotting
# ax.bar(df_year.index, df_year, width=0.55,linewidth=0.7, color = 'purple')
# for i in df_year.index:
#     ax.annotate(f"{df_year[i]}",xy=(i, df_year[i] + 100),
#                    va = 'center', ha='center')
# ax.set_ylim(0, 1300)
# fig.text(0.1, 0.95, "Growth of Startup's from 2016-2022", fontsize=15, fontweight='bold')

# ax.grid(axis='y', linestyle='-', alpha=0.4)
        <Profiling data>:
                             Function  GPU calls  CPU calls
0       DataFrame.__getitem__          1          0
1  IndexOpsMixin.value_counts          1          0
2           Series.sort_index          1          0

        <Execution time>: 79.9
        <Active vars>: []

        <Future vars>: []

        <Iteration>: 0/3

==========Running the manager agent to decide the next step==========
Choice: new
Reason: The original code does not have a rewritten version yet, and since we're at the start of the iterations, we should optimize the original code to improve performance.
Generating new code from the original code
Prompt:
        <Original Code>:
        ### cell 2 ###

# fig, ax = plt.subplots(1,1, figsize=(15, 6))
df_year = df['Year'].value_counts().sort_index()
# STEFANOS: Disable plotting
# ax.bar(df_year.index, df_year, width=0.55,linewidth=0.7, color = 'purple')
# for i in df_year.index:
#     ax.annotate(f"{df_year[i]}",xy=(i, df_year[i] + 100),
#                    va = 'center', ha='center')
# ax.set_ylim(0, 1300)
# fig.text(0.1, 0.95, "Growth of Startup's from 2016-2022", fontsize=15, fontweight='bold')

# ax.grid(axis='y', linestyle='-', alpha=0.4)
        <Profiling data>:
                             Function  GPU calls  CPU calls
0       DataFrame.__getitem__          1          0
1  IndexOpsMixin.value_counts          1          0
2           Series.sort_index          1          0

        <Execution time>: 79.9
        <Active vars>: []

        <Future vars>: []

        <Iteration>: 0/3

Code: done
Reason: The code uses only GPU operations (value_counts and sort_index) on the cudf DataFrame and contains no CPU-bound loops or operations. No further optimization is needed.
No Modifications made to the original code
Try 0: calling rewrite agent for cell 2 took 9.963156461715698 seconds.
There is no need to rewrite the cell.
Could not rewrite the cell. Continuing to next cell...
Cell 2 rewriting took 40.96210312843323 seconds.
Getting original timing for cell 3
========================================================
Rewriting cell 3... Try 0...
Manager agent prompt:
        <Original Code>:
        ### cell 3 ###

df.groupby('Industry').size().sort_values(ascending=False).to_frame().style.background_gradient(cmap='coolwarm').set_uuid("uuid")
        <Profiling data>:
                             Function  GPU calls  CPU calls
0           DataFrame.groupby          1          0
1                GroupBy.size          1          0
2          Series.sort_values          1          0
3             Series.to_frame          1          0
4                   DataFrame          0          1
5  Styler.background_gradient          0          1
6             Styler.set_uuid          0          1
7             object.__repr__          0          1
8          Styler._repr_html_          0          1
9         Styler._repr_latex_          0          1

        <Execution time>: 86.4
        <Active vars>: []

        <Future vars>: []

        <Iteration>: 0/3

==========Running the manager agent to decide the next step==========
Choice: new
Reason: The original code can potentially be optimized using cudf for GPU acceleration. Since this is the first iteration, we should try to create a new optimized version of the original code.
Generating new code from the original code
Prompt:
        <Original Code>:
        ### cell 3 ###

df.groupby('Industry').size().sort_values(ascending=False).to_frame().style.background_gradient(cmap='coolwarm').set_uuid("uuid")
        <Profiling data>:
                             Function  GPU calls  CPU calls
0           DataFrame.groupby          1          0
1                GroupBy.size          1          0
2          Series.sort_values          1          0
3             Series.to_frame          1          0
4                   DataFrame          0          1
5  Styler.background_gradient          0          1
6             Styler.set_uuid          0          1
7             object.__repr__          0          1
8          Styler._repr_html_          0          1
9         Styler._repr_latex_          0          1

        <Execution time>: 86.4
        <Active vars>: []

        <Future vars>: []

        <Iteration>: 0/3

Code: df['Industry'].value_counts().to_frame().style.background_gradient(cmap='coolwarm').set_uuid("uuid")
Reason: Replaced the two-step groupby + size + sort with a single GPU-accelerated value_counts() call, cutting one sort pass and one groupby pass on the GPU. This reduces the number of GPU operations and avoids extra data movement before styling.
Parsed response: df['Industry'].value_counts().to_frame().style.background_gradient(cmap='coolwarm').set_uuid("uuid")
Try 0: calling rewrite agent for cell 3 took 33.90119934082031 seconds.
Executing rewritten code... ### cell 3 ###

df['Industry'].value_counts().to_frame().style.background_gradient(cmap='coolwarm').set_uuid("uuid")
Test failed. An error occurred while executing the following cell:
------------------
%LoadCheckpoint /home/dias-benchmarks/notebooks/sandhyakrishnan02/indian-startup-growth-analysis/src/annotated/checkpoints/post_cell_3.pickle

import numpy as np
import cudf
from elastic.core.common.pandas import is_type_styler
is_orig_output_pd = isinstance(orig_output, (pd.Series, pd.DataFrame, pd.Index))
is_opt_output_pd = isinstance(opt_output, (pd.Series, pd.DataFrame, pd.Index))
is_orig_output_array = isinstance(orig_output, (cudf.pandas._wrappers.numpy.ndarray, np.ndarray))
is_opt_output_array = isinstance(opt_output, (cudf.pandas._wrappers.numpy.ndarray, np.ndarray))
is_orig_output_styler = is_type_styler(type(orig_output))
is_opt_output_styler = is_type_styler(type(opt_output))
if is_orig_output_styler and is_opt_output_styler:
    assert orig_output.to_html() == opt_output.to_html()
elif is_orig_output_styler:
    assert orig_output.to_html() == opt_output.to_html()
elif is_opt_output_styler:
    assert opt_output.to_html() == orig_output

if is_orig_output_pd and is_opt_output_pd:
    assert orig_output.equals(opt_output)
# TODO(jie): this is a hack.
elif ((is_orig_output_pd or is_opt_output_pd) and (is_orig_output_array or is_opt_output_array)) or (is_orig_output_array and is_opt_output_array):
    assert list(orig_output) == list(opt_output)
else:
    assert orig_output == opt_output

------------------

----- stdout -----
[[<elastic.core.graph.variable_snapshot.VariableSnapshot object at 0x7f55ee29af50>], [<elastic.core.graph.variable_snapshot.VariableSnapshot object at 0x7f55ee29af20>], [<elastic.core.graph.variable_snapshot.VariableSnapshot object at 0x7f55ee29a3b0>], [<elastic.core.graph.variable_snapshot.VariableSnapshot object at 0x7f55ee29b9d0>], [<elastic.core.graph.variable_snapshot.VariableSnapshot object at 0x7f55ee29aef0>], [<elastic.core.graph.variable_snapshot.VariableSnapshot object at 0x7f55ee29b9a0>], [<elastic.core.graph.variable_snapshot.VariableSnapshot object at 0x7f55ee1357e0>], [<elastic.core.graph.variable_snapshot.VariableSnapshot object at 0x7f55ee29ada0>], [<elastic.core.graph.variable_snapshot.VariableSnapshot object at 0x7f55ee29b970>], [<elastic.core.graph.variable_snapshot.VariableSnapshot object at 0x7f55ee29ac50>]]
trying: ['np']
me:  0
trying: ['px']
me:  0
trying: ['df']
----- stdout -----
me:  3
trying: ['plt']
me:  0
trying: ['pd']
me:  0
trying: ['string']
me:  0
trying: ['orig_output']
me:  8
trying: ['df_year']
me:  5
trying: ['sns']
me:  0
trying: ['factor']
me:  3
----- stdout -----
Declaring variable np
Declaring variable px
Declaring variable plt
Declaring variable pd
Declaring variable string
Declaring variable sns
Declaring variable df
Declaring variable factor
Declaring variable df_year
Declaring variable orig_output
------------------

[0;31m---------------------------------------------------------------------------[0m
[0;31mAssertionError[0m                            Traceback (most recent call last)
Cell [0;32mIn[9], line 17[0m
[1;32m     15[0m     [38;5;28;01massert[39;00m orig_output[38;5;241m.[39mto_html() [38;5;241m==[39m opt_output[38;5;241m.[39mto_html()
[1;32m     16[0m [38;5;28;01melif[39;00m is_opt_output_styler:
[0;32m---> 17[0m     [38;5;28;01massert[39;00m opt_output[38;5;241m.[39mto_html() [38;5;241m==[39m orig_output
[1;32m     19[0m [38;5;28;01mif[39;00m is_orig_output_pd [38;5;129;01mand[39;00m is_opt_output_pd:
[1;32m     20[0m     [38;5;28;01massert[39;00m orig_output[38;5;241m.[39mequals(opt_output)

[0;31mAssertionError[0m:

Rewritten time: inf ms
========================================================
Rewriting cell 3... Try 1...
Manager agent prompt:
        <Original Code>:
        ### cell 3 ###

df.groupby('Industry').size().sort_values(ascending=False).to_frame().style.background_gradient(cmap='coolwarm').set_uuid("uuid")
        <Profiling data>:
                             Function  GPU calls  CPU calls
0           DataFrame.groupby          1          0
1                GroupBy.size          1          0
2          Series.sort_values          1          0
3             Series.to_frame          1          0
4                   DataFrame          0          1
5  Styler.background_gradient          0          1
6             Styler.set_uuid          0          1
7             object.__repr__          0          1
8          Styler._repr_html_          0          1
9         Styler._repr_latex_          0          1
        <Execution time>: 86.4
        <Active Vars>: []
        <Future Vars>: []
        <Rewritten Code>:
        ### cell 3 ###

df['Industry'].value_counts().to_frame().style.background_gradient(cmap='coolwarm').set_uuid("uuid")
        <Profiling data>:
        None
        <Execution time>: inf
        <Execution output>: The rewritten code was not equivalent to the original code. An error occurred while executing the following cell:
------------------
%LoadCheckpoint /home/dias-benchmarks/notebooks/sandhyakrishnan02/indian-startup-growth-analysis/src/annotated/checkpoints/post_cell_3.pickle

import numpy as np
import cudf
from elastic.core.common.pandas import is_type_styler
is_orig_output_pd = isinstance(orig_output, (pd.Series, pd.DataFrame, pd.Index))
is_opt_output_pd = isinstance(opt_output, (pd.Series, pd.DataFrame, pd.Index))
is_orig_output_array = isinstance(orig_output, (cudf.pandas._wrappers.numpy.ndarray, np.ndarray))
is_opt_output_array = isinstance(opt_output, (cudf.pandas._wrappers.numpy.ndarray, np.ndarray))
is_orig_output_styler = is_type_styler(type(orig_output))
is_opt_output_styler = is_type_styler(type(opt_output))
if is_orig_output_styler and is_opt_output_styler:
    assert orig_output.to_html() == opt_output.to_html()
elif is_orig_output_styler:
    assert orig_output.to_html() == opt_output.to_html()
elif is_opt_output_styler:
    assert opt_output.to_html() == orig_output

if is_orig_output_pd and is_opt_output_pd:
    assert orig_output.equals(opt_output)
# TODO(jie): this is a hack.
elif ((is_orig_output_pd or is_opt_output_pd) and (is_orig_output_array or is_opt_output_array)) or (is_orig_output_array and is_opt_output_array):
    assert list(orig_output) == list(opt_output)
else:
    assert orig_output == opt_output

------------------

----- stdout -----
[[<elastic.core.graph.variable_snapshot.VariableSnapshot object at 0x7f55ee29af50>], [<elastic.core.graph.variable_snapshot.VariableSnapshot object at 0x7f55ee29af20>], [<elastic.core.graph.variable_snapshot.VariableSnapshot object at 0x7f55ee29a3b0>], [<elastic.core.graph.variable_snapshot.VariableSnapshot object at 0x7f55ee29b9d0>], [<elastic.core.graph.variable_snapshot.VariableSnapshot object at 0x7f55ee29aef0>], [<elastic.core.graph.variable_snapshot.VariableSnapshot object at 0x7f55ee29b9a0>], [<elastic.core.graph.variable_snapshot.VariableSnapshot object at 0x7f55ee1357e0>], [<elastic.core.graph.variable_snapshot.VariableSnapshot object at 0x7f55ee29ada0>], [<elastic.core.graph.variable_snapshot.VariableSnapshot object at 0x7f55ee29b970>], [<elastic.core.graph.variable_snapshot.VariableSnapshot object at 0x7f55ee29ac50>]]
trying: ['np']
me:  0
trying: ['px']
me:  0
trying: ['df']
----- stdout -----
me:  3
trying: ['plt']
me:  0
trying: ['pd']
me:  0
trying: ['string']
me:  0
trying: ['orig_output']
me:  8
trying: ['df_year']
me:  5
trying: ['sns']
me:  0
trying: ['factor']
me:  3
----- stdout -----
Declaring variable np
Declaring variable px
Declaring variable plt
Declaring variable pd
Declaring variable string
Declaring variable sns
Declaring variable df
Declaring variable factor
Declaring variable df_year
Declaring variable orig_output
------------------

[0;31m---------------------------------------------------------------------------[0m
[0;31mAssertionError[0m                            Traceback (most recent call last)
Cell [0;32mIn[9], line 17[0m
[1;32m     15[0m     [38;5;28;01massert[39;00m orig_output[38;5;241m.[39mto_html() [38;5;241m==[39m opt_output[38;5;241m.[39mto_html()
[1;32m     16[0m [38;5;28;01melif[39;00m is_opt_output_styler:
[0;32m---> 17[0m     [38;5;28;01massert[39;00m opt_output[38;5;241m.[39mto_html() [38;5;241m==[39m orig_output
[1;32m     19[0m [38;5;28;01mif[39;00m is_orig_output_pd [38;5;129;01mand[39;00m is_opt_output_pd:
[1;32m     20[0m     [38;5;28;01massert[39;00m orig_output[38;5;241m.[39mequals(opt_output)

[0;31mAssertionError[0m:

        <Iteration>: 1/1

==========Running the manager agent to decide the next step==========
Choice: repair
Reason: The rewritten code resulted in an error. Repair is necessary to ensure functionality matches the original code.
Code fixer prompt:
        <Original Code>:
        ### cell 3 ###

df.groupby('Industry').size().sort_values(ascending=False).to_frame().style.background_gradient(cmap='coolwarm').set_uuid("uuid")
        <Profiling data>:
                             Function  GPU calls  CPU calls
0           DataFrame.groupby          1          0
1                GroupBy.size          1          0
2          Series.sort_values          1          0
3             Series.to_frame          1          0
4                   DataFrame          0          1
5  Styler.background_gradient          0          1
6             Styler.set_uuid          0          1
7             object.__repr__          0          1
8          Styler._repr_html_          0          1
9         Styler._repr_latex_          0          1
        <Execution time>: 86.4
        <Active Vars>: []
        <Future Vars>: []
        <Rewritten Code>:
        ### cell 3 ###

df['Industry'].value_counts().to_frame().style.background_gradient(cmap='coolwarm').set_uuid("uuid")
        <Profiling data>:
        None
        <Execution time>: inf
        <Execution output>: The rewritten code was not equivalent to the original code. An error occurred while executing the following cell:
------------------
%LoadCheckpoint /home/dias-benchmarks/notebooks/sandhyakrishnan02/indian-startup-growth-analysis/src/annotated/checkpoints/post_cell_3.pickle

import numpy as np
import cudf
from elastic.core.common.pandas import is_type_styler
is_orig_output_pd = isinstance(orig_output, (pd.Series, pd.DataFrame, pd.Index))
is_opt_output_pd = isinstance(opt_output, (pd.Series, pd.DataFrame, pd.Index))
is_orig_output_array = isinstance(orig_output, (cudf.pandas._wrappers.numpy.ndarray, np.ndarray))
is_opt_output_array = isinstance(opt_output, (cudf.pandas._wrappers.numpy.ndarray, np.ndarray))
is_orig_output_styler = is_type_styler(type(orig_output))
is_opt_output_styler = is_type_styler(type(opt_output))
if is_orig_output_styler and is_opt_output_styler:
    assert orig_output.to_html() == opt_output.to_html()
elif is_orig_output_styler:
    assert orig_output.to_html() == opt_output.to_html()
elif is_opt_output_styler:
    assert opt_output.to_html() == orig_output

if is_orig_output_pd and is_opt_output_pd:
    assert orig_output.equals(opt_output)
# TODO(jie): this is a hack.
elif ((is_orig_output_pd or is_opt_output_pd) and (is_orig_output_array or is_opt_output_array)) or (is_orig_output_array and is_opt_output_array):
    assert list(orig_output) == list(opt_output)
else:
    assert orig_output == opt_output

------------------

----- stdout -----
[[<elastic.core.graph.variable_snapshot.VariableSnapshot object at 0x7f55ee29af50>], [<elastic.core.graph.variable_snapshot.VariableSnapshot object at 0x7f55ee29af20>], [<elastic.core.graph.variable_snapshot.VariableSnapshot object at 0x7f55ee29a3b0>], [<elastic.core.graph.variable_snapshot.VariableSnapshot object at 0x7f55ee29b9d0>], [<elastic.core.graph.variable_snapshot.VariableSnapshot object at 0x7f55ee29aef0>], [<elastic.core.graph.variable_snapshot.VariableSnapshot object at 0x7f55ee29b9a0>], [<elastic.core.graph.variable_snapshot.VariableSnapshot object at 0x7f55ee1357e0>], [<elastic.core.graph.variable_snapshot.VariableSnapshot object at 0x7f55ee29ada0>], [<elastic.core.graph.variable_snapshot.VariableSnapshot object at 0x7f55ee29b970>], [<elastic.core.graph.variable_snapshot.VariableSnapshot object at 0x7f55ee29ac50>]]
trying: ['np']
me:  0
trying: ['px']
me:  0
trying: ['df']
----- stdout -----
me:  3
trying: ['plt']
me:  0
trying: ['pd']
me:  0
trying: ['string']
me:  0
trying: ['orig_output']
me:  8
trying: ['df_year']
me:  5
trying: ['sns']
me:  0
trying: ['factor']
me:  3
----- stdout -----
Declaring variable np
Declaring variable px
Declaring variable plt
Declaring variable pd
Declaring variable string
Declaring variable sns
Declaring variable df
Declaring variable factor
Declaring variable df_year
Declaring variable orig_output
------------------

[0;31m---------------------------------------------------------------------------[0m
[0;31mAssertionError[0m                            Traceback (most recent call last)
Cell [0;32mIn[9], line 17[0m
[1;32m     15[0m     [38;5;28;01massert[39;00m orig_output[38;5;241m.[39mto_html() [38;5;241m==[39m opt_output[38;5;241m.[39mto_html()
[1;32m     16[0m [38;5;28;01melif[39;00m is_opt_output_styler:
[0;32m---> 17[0m     [38;5;28;01massert[39;00m opt_output[38;5;241m.[39mto_html() [38;5;241m==[39m orig_output
[1;32m     19[0m [38;5;28;01mif[39;00m is_orig_output_pd [38;5;129;01mand[39;00m is_opt_output_pd:
[1;32m     20[0m     [38;5;28;01massert[39;00m orig_output[38;5;241m.[39mequals(opt_output)

[0;31mAssertionError[0m:

        <Iteration>: 1/1

Repairing the last generated code
Code: ### cell 3 ###

df['Industry'] \
    .value_counts() \
    .rename_axis('Industry') \
    .rename('size') \
    .sort_values(ascending=False) \
    .to_frame() \
    .style.background_gradient(cmap='coolwarm') \
    .set_uuid("uuid")
Reason: Use value_counts (fully GPU-vectorized) instead of groupby+size, then rename the index and series name to ‘Industry’ and ‘size’ so that the resulting DataFrame (and its HTML styling) exactly matches the original. Sorting is explicitly applied for clarity.
Parsed response: ### cell 3 ###

df['Industry'] \
    .value_counts() \
    .rename_axis('Industry') \
    .rename('size') \
    .sort_values(ascending=False) \
    .to_frame() \
    .style.background_gradient(cmap='coolwarm') \
    .set_uuid("uuid")
Try 1: calling rewrite agent for cell 3 took 17.361117362976074 seconds.
Executing rewritten code... ### cell 3 ###

df['Industry'] \
    .value_counts() \
    .rename_axis('Industry') \
    .rename('size') \
    .sort_values(ascending=False) \
    .to_frame() \
    .style.background_gradient(cmap='coolwarm') \
    .set_uuid("uuid")
Test failed. An error occurred while executing the following cell:
------------------
%LoadCheckpoint /home/dias-benchmarks/notebooks/sandhyakrishnan02/indian-startup-growth-analysis/src/annotated/checkpoints/post_cell_3.pickle

import numpy as np
import cudf
from elastic.core.common.pandas import is_type_styler
is_orig_output_pd = isinstance(orig_output, (pd.Series, pd.DataFrame, pd.Index))
is_opt_output_pd = isinstance(opt_output, (pd.Series, pd.DataFrame, pd.Index))
is_orig_output_array = isinstance(orig_output, (cudf.pandas._wrappers.numpy.ndarray, np.ndarray))
is_opt_output_array = isinstance(opt_output, (cudf.pandas._wrappers.numpy.ndarray, np.ndarray))
is_orig_output_styler = is_type_styler(type(orig_output))
is_opt_output_styler = is_type_styler(type(opt_output))
if is_orig_output_styler and is_opt_output_styler:
    assert orig_output.to_html() == opt_output.to_html()
elif is_orig_output_styler:
    assert orig_output.to_html() == opt_output.to_html()
elif is_opt_output_styler:
    assert opt_output.to_html() == orig_output

if is_orig_output_pd and is_opt_output_pd:
    assert orig_output.equals(opt_output)
# TODO(jie): this is a hack.
elif ((is_orig_output_pd or is_opt_output_pd) and (is_orig_output_array or is_opt_output_array)) or (is_orig_output_array and is_opt_output_array):
    assert list(orig_output) == list(opt_output)
else:
    assert orig_output == opt_output

------------------

----- stdout -----
[[<elastic.core.graph.variable_snapshot.VariableSnapshot object at 0x7f41b40e3160>], [<elastic.core.graph.variable_snapshot.VariableSnapshot object at 0x7f41b40e3f70>], [<elastic.core.graph.variable_snapshot.VariableSnapshot object at 0x7f41b40e3c10>], [<elastic.core.graph.variable_snapshot.VariableSnapshot object at 0x7f41b40e31c0>], [<elastic.core.graph.variable_snapshot.VariableSnapshot object at 0x7f41b40e3fa0>], [<elastic.core.graph.variable_snapshot.VariableSnapshot object at 0x7f41b40e2fe0>], [<elastic.core.graph.variable_snapshot.VariableSnapshot object at 0x7f41aef39a80>], [<elastic.core.graph.variable_snapshot.VariableSnapshot object at 0x7f41b40e2c20>], [<elastic.core.graph.variable_snapshot.VariableSnapshot object at 0x7f41b40e20e0>], [<elastic.core.graph.variable_snapshot.VariableSnapshot object at 0x7f41b40e3a60>]]
trying: ['np']
me:  0
trying: ['px']
me:  0
trying: ['df']
----- stdout -----
me:  3
trying: ['plt']
me:  0
trying: ['pd']
me:  0
trying: ['string']
me:  0
trying: ['orig_output']
me:  8
trying: ['df_year']
me:  5
trying: ['sns']
me:  0
trying: ['factor']
me:  3
----- stdout -----
Declaring variable np
Declaring variable px
Declaring variable plt
Declaring variable pd
Declaring variable string
Declaring variable sns
Declaring variable df
Declaring variable factor
Declaring variable df_year
Declaring variable orig_output
------------------

[0;31m---------------------------------------------------------------------------[0m
[0;31mAssertionError[0m                            Traceback (most recent call last)
Cell [0;32mIn[9], line 17[0m
[1;32m     15[0m     [38;5;28;01massert[39;00m orig_output[38;5;241m.[39mto_html() [38;5;241m==[39m opt_output[38;5;241m.[39mto_html()
[1;32m     16[0m [38;5;28;01melif[39;00m is_opt_output_styler:
[0;32m---> 17[0m     [38;5;28;01massert[39;00m opt_output[38;5;241m.[39mto_html() [38;5;241m==[39m orig_output
[1;32m     19[0m [38;5;28;01mif[39;00m is_orig_output_pd [38;5;129;01mand[39;00m is_opt_output_pd:
[1;32m     20[0m     [38;5;28;01massert[39;00m orig_output[38;5;241m.[39mequals(opt_output)

[0;31mAssertionError[0m:

Rewritten time: inf ms
Could not rewrite the cell. Continuing to next cell...
Cell 3 rewriting took 137.61929082870483 seconds.
Getting original timing for cell 4
========================================================
Rewriting cell 4... Try 0...
Manager agent prompt:
        <Original Code>:
        ### cell 4 ###

# fig, ax = plt.subplots(1,1, figsize=(20, 6))
df_ind = df['Industry'].value_counts().iloc[:20]

# STEFANOS: Disable plotting
# ax.bar(df_ind.index, df_ind, width=0.55,linewidth=0.7, color = 'pink')
# for i in df_ind.index:
#     ax.annotate(f"{df_ind[i]}",xy=(i, df_ind[i] + 20),va = 'center', ha='center')
# ax.set_ylim(0, 220)
# fig.text(0.1, 0.95, "Top 20 Startup Industries from 2016", fontsize=15, fontweight='bold')
# plt.xticks(rotation=90)
# ax.grid(axis='y', linestyle='-', alpha=0.4)
        <Profiling data>:
                               Function  GPU calls  CPU calls
0         DataFrame.__getitem__          1          0
1    IndexOpsMixin.value_counts          1          0
2                        Series          1          0
3  _LocationIndexer.__getitem__          1          0

        <Execution time>: 71.4
        <Active vars>: []

        <Future vars>: []

        <Iteration>: 0/3

==========Running the manager agent to decide the next step==========
Choice: done
Reason: The code primarily focuses on data extraction and counting, and the plotting section is already disabled. With the execution time being relatively low, there is no significant opportunity for optimization. Since there are no rewritten code attempts yet, there is no need to optimize further at this stage.
Code is already optimized
Try 0: calling rewrite agent for cell 4 took 1.5666160583496094 seconds.
There is no need to rewrite the cell.
Could not rewrite the cell. Continuing to next cell...
Cell 4 rewriting took 33.60432195663452 seconds.
Getting original timing for cell 5
========================================================
Rewriting cell 5... Try 0...
Manager agent prompt:
        <Original Code>:
        ### cell 5 ###

# fig, ax = plt.subplots(1,1, figsize=(20, 6))
X = df['State'].value_counts().iloc[:20]

# STEFANOS: Disable plotting
# ax.bar(X.index, X, width=0.55,linewidth=0.7, color = 'lightblue')
# for i in X.index:
#     ax.annotate(f"{X[i]}",xy=(i, X[i] + 50),
#                    va = 'center', ha='center')
# ax.set_ylim(0, 400)
# fig.text(0.1, 0.95, "Top 20 States Having maximum Start'ups from 2016", fontsize=15, fontweight='bold')
# plt.xticks(rotation=90)
# ax.grid(axis='y', linestyle='-', alpha=0.4)
        <Profiling data>:
                               Function  GPU calls  CPU calls
0         DataFrame.__getitem__          1          0
1    IndexOpsMixin.value_counts          1          0
2  _LocationIndexer.__getitem__          1          0

        <Execution time>: 80.8
        <Active vars>: []

        <Future vars>: []

        <Iteration>: 0/3

==========Running the manager agent to decide the next step==========
Choice: new
Reason: No rewritten code exists, and there may be alternate APIs or optimizations to explore in future iterations.
Generating new code from the original code
Prompt:
        <Original Code>:
        ### cell 5 ###

# fig, ax = plt.subplots(1,1, figsize=(20, 6))
X = df['State'].value_counts().iloc[:20]

# STEFANOS: Disable plotting
# ax.bar(X.index, X, width=0.55,linewidth=0.7, color = 'lightblue')
# for i in X.index:
#     ax.annotate(f"{X[i]}",xy=(i, X[i] + 50),
#                    va = 'center', ha='center')
# ax.set_ylim(0, 400)
# fig.text(0.1, 0.95, "Top 20 States Having maximum Start'ups from 2016", fontsize=15, fontweight='bold')
# plt.xticks(rotation=90)
# ax.grid(axis='y', linestyle='-', alpha=0.4)
        <Profiling data>:
                               Function  GPU calls  CPU calls
0         DataFrame.__getitem__          1          0
1    IndexOpsMixin.value_counts          1          0
2  _LocationIndexer.__getitem__          1          0

        <Execution time>: 80.8
        <Active vars>: []

        <Future vars>: []

        <Iteration>: 0/3

Code: # Optimized: use nlargest to fetch top 20 counts in one GPU‐native call
X = df['State'].value_counts().nlargest(20)
Reason: Replaced iloc slicing with the nlargest method, which on cudf performs a partial GPU‐accelerated sort to directly return the top 20 values, eliminating the extra indexing step.
Parsed response: # Optimized: use nlargest to fetch top 20 counts in one GPU‐native call
X = df['State'].value_counts().nlargest(20)
Try 0: calling rewrite agent for cell 5 took 20.101282596588135 seconds.
Executing rewritten code... ### cell 5 ###

# Optimized: use nlargest to fetch top 20 counts in one GPU‐native call
X = df['State'].value_counts().nlargest(20)
Finished executing the rewritten code.
Try 0: executing the rewritten code for cell 5 took 27.27477765083313 seconds.
Rewritten time: 79.8 ms
The rewritten code is correct. Profiling cudf...
Try 0: cudf profiling the rewritten code for cell 5 took 8.261127471923828 seconds.
gpu_calls_orig_perc: 1.0, gpu_calls_opt_perc: 1.0
orig_time: 80.8, opt_time: 79.8
Both the call ratio and the time are better.
Rewritten code took 79.8ms. The previous fastest solution took 80.8ms.
Previous best solution num GPU and CPU calls:  3 0
New solution num GPU and CPU calls:  3 0
Accepted the rewritten code.
========================================================
Rewriting cell 5... Try 1...
Manager agent prompt:
        <Original Code>:
        ### cell 5 ###

# fig, ax = plt.subplots(1,1, figsize=(20, 6))
X = df['State'].value_counts().iloc[:20]

# STEFANOS: Disable plotting
# ax.bar(X.index, X, width=0.55,linewidth=0.7, color = 'lightblue')
# for i in X.index:
#     ax.annotate(f"{X[i]}",xy=(i, X[i] + 50),
#                    va = 'center', ha='center')
# ax.set_ylim(0, 400)
# fig.text(0.1, 0.95, "Top 20 States Having maximum Start'ups from 2016", fontsize=15, fontweight='bold')
# plt.xticks(rotation=90)
# ax.grid(axis='y', linestyle='-', alpha=0.4)
        <Profiling data>:
                               Function  GPU calls  CPU calls
0         DataFrame.__getitem__          1          0
1    IndexOpsMixin.value_counts          1          0
2  _LocationIndexer.__getitem__          1          0
        <Execution time>: 80.8
        <Active Vars>: []
        <Future Vars>: []
        <Rewritten Code>:
        ### cell 5 ###

# Optimized: use nlargest to fetch top 20 counts in one GPU‐native call
X = df['State'].value_counts().nlargest(20)
        <Profiling data>:
                             Function  GPU calls  CPU calls
0       DataFrame.__getitem__          1          0
1  IndexOpsMixin.value_counts          1          0
2             Series.nlargest          1          0
        <Execution time>: 79.8
        <Execution output>: Rewritten time: 79.8 ms
Original time: 80.8 ms
        <Iteration>: 1/1

==========Running the manager agent to decide the next step==========
Choice: new
Reason: Since there's no plotting involved and we're focusing on optimizing the original code again, there's potential for further exploration, such as using additional methodologies or libraries for further optimization.
Generating new code from the original code
Prompt:
        <Original Code>:
        ### cell 5 ###

# fig, ax = plt.subplots(1,1, figsize=(20, 6))
X = df['State'].value_counts().iloc[:20]

# STEFANOS: Disable plotting
# ax.bar(X.index, X, width=0.55,linewidth=0.7, color = 'lightblue')
# for i in X.index:
#     ax.annotate(f"{X[i]}",xy=(i, X[i] + 50),
#                    va = 'center', ha='center')
# ax.set_ylim(0, 400)
# fig.text(0.1, 0.95, "Top 20 States Having maximum Start'ups from 2016", fontsize=15, fontweight='bold')
# plt.xticks(rotation=90)
# ax.grid(axis='y', linestyle='-', alpha=0.4)
        <Profiling data>:
                               Function  GPU calls  CPU calls
0         DataFrame.__getitem__          1          0
1    IndexOpsMixin.value_counts          1          0
2  _LocationIndexer.__getitem__          1          0

        <Execution time>: 80.8
        <Active vars>: []

        <Future vars>: []

        <Iteration>: 1/3

Code: done
Reason: The operation df['State'].value_counts().iloc[:20] is already executed on the GPU with no CPU calls. There are no loops or CPU-based operations to eliminate, so no changes are needed.
No Modifications made to the original code
Try 1: calling rewrite agent for cell 5 took 14.531470537185669 seconds.
Cell 5 rewriting took 102.21841740608215 seconds.
Getting original timing for cell 6
========================================================
Rewriting cell 6... Try 0...
Manager agent prompt:
        <Original Code>:
        ### cell 6 ###

ds_list=['Internet of Things','AI','Robotics','Analytics','Computer Vision']
ds_df = df[df['Industry'].isin(ds_list)]
        <Profiling data>:
                        Function  GPU calls  CPU calls
0  DataFrame.__getitem__          2          0
1            Series.isin          1          0

        <Execution time>: 62.1
        <Active vars>: []

        <Future vars>: []

        <Iteration>: 0/3

==========Running the manager agent to decide the next step==========
Choice: new
Reason: There is no rewritten code provided. We can try to generate a new optimized code using GPU-accelerated libraries to improve performance.
Generating new code from the original code
Prompt:
        <Original Code>:
        ### cell 6 ###

ds_list=['Internet of Things','AI','Robotics','Analytics','Computer Vision']
ds_df = df[df['Industry'].isin(ds_list)]
        <Profiling data>:
                        Function  GPU calls  CPU calls
0  DataFrame.__getitem__          2          0
1            Series.isin          1          0

        <Execution time>: 62.1
        <Active vars>: []

        <Future vars>: []

        <Iteration>: 0/3

Code: done
Reason: The filtering is already fully vectorized and executed on the GPU (no CPU operations). No further optimizations are necessary.
No Modifications made to the original code
Try 0: calling rewrite agent for cell 6 took 6.842745780944824 seconds.
There is no need to rewrite the cell.
Could not rewrite the cell. Continuing to next cell...
Cell 6 rewriting took 39.85111951828003 seconds.
Rewrote notebook in 450.78474950790405 seconds
