Annotated notebook saved to /home/dias-benchmarks/tpch/notebooks/q05/cell_exec_info.ipynb
Executing code: import sys, os
sys.path.insert(0, os.path.abspath('/home/ElasticNotebook'))
%load_ext ElasticNotebook
from elastic.core.common.pandas import compare_df
import pickle
import cudf
Executing code: %%RecordEventWithColumnInfo
# %load_ext cudf.pandas
import sys, os
tpch_parent = os.path.abspath(os.path.join(os.getcwd(), ".."))
sys.path.insert(0, tpch_parent)
# from tpch import load_lineitem, load_orders, load_customer, load_nation, load_region, load_supplier, q05
DATA_ROOT = "/home/dias-benchmarks/tpch/data"
import pandas as pd
STORAGE_OPTS = {}
Executing code: %%RecordEventWithColumnInfo
### cell 0 ###

def load_lineitem(
    data_folder: str, **storage_options
) -> pd.DataFrame:
    data_path = data_folder + "/lineitem.tbl"
    # df = pd.read_parquet(
    #     data_path,  storage_options=storage_options
    # )
    df = pd.read_csv(data_path, sep="|")
    print(df.columns)
    df["L_SHIPDATE"] = pd.to_datetime(df.L_SHIPDATE, format="%Y-%m-%d")
    df["L_RECEIPTDATE"] = pd.to_datetime(df.L_RECEIPTDATE, format="%Y-%m-%d")
    df["L_COMMITDATE"] = pd.to_datetime(df.L_COMMITDATE, format="%Y-%m-%d")
    return df
lineitem = load_lineitem(DATA_ROOT, **STORAGE_OPTS)

Executing code: %%RecordEventWithColumnInfo
### cell 1 ###

def load_orders(
    data_folder: str, **storage_options
) -> pd.DataFrame:
    data_path = data_folder + "/orders.tbl"
    # df = pd.read_parquet(
    #     data_path,  storage_options=storage_options
    # )
    df = pd.read_csv(data_path, sep="|")
    df["O_ORDERDATE"] = pd.to_datetime(df.O_ORDERDATE, format="%Y-%m-%d")
    return df
orders = load_orders(DATA_ROOT, **STORAGE_OPTS)

Executing code: %%RecordEventWithColumnInfo
### cell 2 ###

def load_customer(
    data_folder: str, **storage_options
) -> pd.DataFrame:
    data_path = data_folder + "/customer.tbl"
    # df = pd.read_parquet(
    #     data_path,  storage_options=storage_options
    # )
    df = pd.read_csv(data_path, sep="|")
    return df
customer = load_customer(DATA_ROOT, **STORAGE_OPTS)

Executing code: %%RecordEventWithColumnInfo
### cell 3 ###


def load_nation(
    data_folder: str, **storage_options
) -> pd.DataFrame:
    data_path = data_folder + "/nation.tbl"
    # df = pd.read_parquet(
    #     data_path,  storage_options=storage_options
    # )
    df = pd.read_csv(data_path, sep="|")
    return df
nation = load_nation(DATA_ROOT, **STORAGE_OPTS)

Executing code: %%RecordEventWithColumnInfo
### cell 4 ###

def load_region(
    data_folder: str, **storage_options
) -> pd.DataFrame:
    data_path = data_folder + "/region.tbl"
    # df = pd.read_parquet(
    #     data_path,  storage_options=storage_options
    # )
    df = pd.read_csv(data_path, sep="|")
    return df
region = load_region(DATA_ROOT, **STORAGE_OPTS)

Executing code: %%RecordEventWithColumnInfo
### cell 5 ###

def load_supplier(
    data_folder: str, **storage_options
) -> pd.DataFrame:
    data_path = data_folder + "/supplier.tbl"
    # df = pd.read_parquet(
    #     data_path,  storage_options=storage_options
    # )
    df = pd.read_csv(data_path, sep="|")
    return df
supplier = load_supplier(DATA_ROOT, **STORAGE_OPTS)
Executing code: %%RecordEventWithColumnInfo
### cell 6 ###

date1 = pd.Timestamp("1996-01-01")
date2 = pd.Timestamp("1997-01-01")
rsel = region.R_NAME == "ASIA"
osel = (orders.O_ORDERDATE >= date1) & (orders.O_ORDERDATE < date2)
forders = orders[osel]
fregion = region[rsel]
jn1 = fregion.merge(nation, left_on="R_REGIONKEY", right_on="N_REGIONKEY")
jn2 = jn1.merge(customer, left_on="N_NATIONKEY", right_on="C_NATIONKEY")
jn3 = jn2.merge(forders, left_on="C_CUSTKEY", right_on="O_CUSTKEY")
jn4 = jn3.merge(lineitem, left_on="O_ORDERKEY", right_on="L_ORDERKEY")
jn5 = supplier.merge(
    jn4, left_on=["S_SUPPKEY", "S_NATIONKEY"], right_on=["L_SUPPKEY", "N_NATIONKEY"]
)
jn5["TMP"] = jn5.L_EXTENDEDPRICE * (1.0 - jn5.L_DISCOUNT)
gb = jn5.groupby("N_NAME", as_index=False, sort=False)["TMP"].sum()
total = gb.sort_values("TMP", ascending=False)

Executing code: %PrintCellInfo cell_exec_info
Executing code: %reset -f
Executing code: %reload_ext ElasticNotebook
Ran small notebook to get cell exec info in 98.29021382331848 seconds
Getting cudf profile information...
Annotated notebook saved to /home/dias-benchmarks/tpch/notebooks/q05/cudf_profile.ipynb
Done getting cudf profile information.
Ran small notebook to get cudf profile info in 90.83746242523193 seconds
Annotated notebook saved to /home/dias-benchmarks/tpch/notebooks/q05/annotated.ipynb
Executing code: %reset -f
Executing code: %reload_ext ElasticNotebook
Executing code: %load_ext cudf.pandas
Executing code: import sys, os
sys.path.insert(0, os.path.abspath('/home/ElasticNotebook'))
%load_ext ElasticNotebook
from elastic.core.common.pandas import compare_df
import pickle
import cudf
Executing code: %%RecordEvent
# %load_ext cudf.pandas
import sys, os
tpch_parent = os.path.abspath(os.path.join(os.getcwd(), ".."))
sys.path.insert(0, tpch_parent)
# from tpch import load_lineitem, load_orders, load_customer, load_nation, load_region, load_supplier, q05
DATA_ROOT = "/home/dias-benchmarks/tpch/data"
import pandas as pd
STORAGE_OPTS = {}
Executing code: %Checkpoint /home/dias-benchmarks/tpch/notebooks/q05/annotated/checkpoints/pre_cell_0.pickle
Checkpointing took 0.0007777214050292969 seconds.
========================================================
Cell  0
Rewritten pre-checkpoint path: /home/dias-benchmarks/tpch/notebooks/q05/annotated/checkpoints/pre_cell_0.pickle
Pre-checkpoint path: /home/dias-benchmarks/tpch/notebooks/q05/annotated/checkpoints/pre_cell_0.pickle
Small rewritten pre-checkpoint path: /home/dias-benchmarks/tpch/notebooks/q05/q05_rewrite/checkpoints/pre_cell_0.pickle
========================================================
Getting original timing for cell 0
HAHA original checkpoint path:  /home/dias-benchmarks/tpch/notebooks/q05/annotated/checkpoints/pre_cell_0.pickle
Setting initially best_rewritten_post_checkpoint_path:  /home/dias-benchmarks/tpch/notebooks/q05/annotated/checkpoints/post_cell_0.pickle
Setting initially best_small_rewritten_post_checkpoint_path:  /home/dias-benchmarks/tpch/notebooks/q05/q05_rewrite/checkpoints/pre_cell_1.pickle
========================================================
Rewriting cell 0... Try 0...
Manager agent prompt:
        <Original Code>:
        ### cell 0 ###

def load_lineitem(
    data_folder: str, **storage_options
) -> pd.DataFrame:
    data_path = data_folder + "/lineitem.tbl"
    # df = pd.read_parquet(
    #     data_path,  storage_options=storage_options
    # )
    df = pd.read_csv(data_path, sep="|")
    print(df.columns)
    df["L_SHIPDATE"] = pd.to_datetime(df.L_SHIPDATE, format="%Y-%m-%d")
    df["L_RECEIPTDATE"] = pd.to_datetime(df.L_RECEIPTDATE, format="%Y-%m-%d")
    df["L_COMMITDATE"] = pd.to_datetime(df.L_COMMITDATE, format="%Y-%m-%d")
    return df
lineitem = load_lineitem(DATA_ROOT, **STORAGE_OPTS)

        <Profiling data>:
                        Function  GPU calls  CPU calls
0               read_csv          1          0
1              DataFrame          1          0
2         object.__str__          1          0
3    NDFrame.__getattr__          3          0
4            to_datetime          3          0
5  DataFrame.__setitem__          3          0

        <Execution time>: 517.0
        <Active vars>: ['lineitem']

        <Future vars>: []

        <Iteration>: 1/5

==========Running the manager agent to decide the next step==========
Choice: new
Reason: The code is currently using Pandas. Since there is no rewritten code provided, and given the execution time, we should attempt to optimize the original code using more efficient libraries like Dask or cuDF if GPU acceleration is desired. This can potentially improve performance significantly.
Generating new code from the original code
Prompt:
        <Original Code>:
        ### cell 0 ###

def load_lineitem(
    data_folder: str, **storage_options
) -> pd.DataFrame:
    data_path = data_folder + "/lineitem.tbl"
    # df = pd.read_parquet(
    #     data_path,  storage_options=storage_options
    # )
    df = pd.read_csv(data_path, sep="|")
    print(df.columns)
    df["L_SHIPDATE"] = pd.to_datetime(df.L_SHIPDATE, format="%Y-%m-%d")
    df["L_RECEIPTDATE"] = pd.to_datetime(df.L_RECEIPTDATE, format="%Y-%m-%d")
    df["L_COMMITDATE"] = pd.to_datetime(df.L_COMMITDATE, format="%Y-%m-%d")
    return df
lineitem = load_lineitem(DATA_ROOT, **STORAGE_OPTS)

        <Profiling data>:
                        Function  GPU calls  CPU calls
0               read_csv          1          0
1              DataFrame          1          0
2         object.__str__          1          0
3    NDFrame.__getattr__          3          0
4            to_datetime          3          0
5  DataFrame.__setitem__          3          0

        <Execution time>: 517.0
        <Active vars>: ['lineitem']

        <Future vars>: []

        <Iteration>: 1/5

Code: ### cell 0 ###

def load_lineitem(
    data_folder: str, **storage_options
) -> pd.DataFrame:
    data_path = f"{data_folder}/lineitem.tbl"
    # parse the date columns on GPU during the read
    df = pd.read_csv(
        data_path,
        sep="|",
        parse_dates=["L_SHIPDATE", "L_RECEIPTDATE", "L_COMMITDATE"],
        **storage_options
    )
    print(df.columns)
    return df

lineitem = load_lineitem(DATA_ROOT, **STORAGE_OPTS)
Reason: By using the `parse_dates` argument in `pd.read_csv`, we eliminate the three separate `to_datetime` conversions and associated `__setitem__` calls. This pushes the parsing work into the single GPU-backed CSV read, reducing round-trips and setup overhead.
Parsed response: ### cell 0 ###

def load_lineitem(
    data_folder: str, **storage_options
) -> pd.DataFrame:
    data_path = f"{data_folder}/lineitem.tbl"
    # parse the date columns on GPU during the read
    df = pd.read_csv(
        data_path,
        sep="|",
        parse_dates=["L_SHIPDATE", "L_RECEIPTDATE", "L_COMMITDATE"],
        **storage_options
    )
    print(df.columns)
    return df

lineitem = load_lineitem(DATA_ROOT, **STORAGE_OPTS)
Try 0: calling rewrite agent for cell 0 took 10.178575992584229 seconds.
Executing rewritten code... ### cell 0 ###

def load_lineitem(
    data_folder: str, **storage_options
) -> pd.DataFrame:
    data_path = f"{data_folder}/lineitem.tbl"
    # parse the date columns on GPU during the read
    df = pd.read_csv(
        data_path,
        sep="|",
        parse_dates=["L_SHIPDATE", "L_RECEIPTDATE", "L_COMMITDATE"],
        **storage_options
    )
    print(df.columns)
    return df

lineitem = load_lineitem(DATA_ROOT, **STORAGE_OPTS)
HAHA rewritten pre-checkpoint path:  /home/dias-benchmarks/tpch/notebooks/q05/annotated/checkpoints/pre_cell_0.pickle
Running rewritten cell notebook
Finished executing the rewritten code.
Try 0: executing the rewritten code for cell 0 took 663.0613415241241 seconds.
Rewritten time: 408.0 ms
Checkpointing the rewritten cell for small notebook...
The rewritten code is correct. Profiling cudf...
HAHA small rewritten pre-checkpoint path:  /home/dias-benchmarks/tpch/notebooks/q05/q05_rewrite/checkpoints/pre_cell_0.pickle
Try 0: cudf profiling the rewritten code for cell 0 took 8.919402122497559 seconds.
gpu_calls_orig_perc: 1.0, gpu_calls_opt_perc: 1.0
orig_time: 517.0, opt_time: 408.0
Both the call ratio and the time are better.
Rewritten code took 408.0ms. The previous fastest solution took 517.0ms.
Previous best solution num GPU and CPU calls:  12 0
New solution num GPU and CPU calls:  3 0
Accepted the rewritten code.
Setting best_rewritten_post_checkpoint_path to  /home/dias-benchmarks/tpch/notebooks/q05/rewritten/o4_mini_high_q5/checkpoints/post_cell_0_try_0.pickle
Setting best_small_rewritten_post_checkpoint_path to  /home/dias-benchmarks/tpch/notebooks/q05/rewritten/o4_mini_high_small_q5/checkpoints/post_cell_0_try_0.pickle
========================================================
Rewriting cell 0... Try 1...
Manager agent prompt:
        <Original Code>:
        ### cell 0 ###

def load_lineitem(
    data_folder: str, **storage_options
) -> pd.DataFrame:
    data_path = data_folder + "/lineitem.tbl"
    # df = pd.read_parquet(
    #     data_path,  storage_options=storage_options
    # )
    df = pd.read_csv(data_path, sep="|")
    print(df.columns)
    df["L_SHIPDATE"] = pd.to_datetime(df.L_SHIPDATE, format="%Y-%m-%d")
    df["L_RECEIPTDATE"] = pd.to_datetime(df.L_RECEIPTDATE, format="%Y-%m-%d")
    df["L_COMMITDATE"] = pd.to_datetime(df.L_COMMITDATE, format="%Y-%m-%d")
    return df
lineitem = load_lineitem(DATA_ROOT, **STORAGE_OPTS)

        <Profiling data>:
                        Function  GPU calls  CPU calls
0               read_csv          1          0
1              DataFrame          1          0
2         object.__str__          1          0
3    NDFrame.__getattr__          3          0
4            to_datetime          3          0
5  DataFrame.__setitem__          3          0
        <Execution time>: 517.0
        <Active Vars>: ['lineitem']
        <Future Vars>: []
        <Rewritten Code>:
        ### cell 0 ###

def load_lineitem(
    data_folder: str, **storage_options
) -> pd.DataFrame:
    data_path = f"{data_folder}/lineitem.tbl"
    # parse the date columns on GPU during the read
    df = pd.read_csv(
        data_path,
        sep="|",
        parse_dates=["L_SHIPDATE", "L_RECEIPTDATE", "L_COMMITDATE"],
        **storage_options
    )
    print(df.columns)
    return df

lineitem = load_lineitem(DATA_ROOT, **STORAGE_OPTS)
        <Profiling data>:
                 Function  GPU calls  CPU calls
0        read_csv          1          0
1       DataFrame          1          0
2  object.__str__          1          0
        <Execution time>: 408.0
        <Execution output>: Rewritten time: 408.0 ms
Original time: 517.0 ms
        <Iteration>: 2/5

==========Running the manager agent to decide the next step==========
Choice: optimize
Reason: The rewritten code already shows improvement by parsing dates during the read operation, which decreased the execution time. However, since there are iterations left and for potential further gains, explore using cudf or optimized libraries specifically for CSV reading and datetime parsing like dask for further acceleration.
Code optimizer prompt:
        <Original Code>:
        ### cell 0 ###

def load_lineitem(
    data_folder: str, **storage_options
) -> pd.DataFrame:
    data_path = f"{data_folder}/lineitem.tbl"
    # parse the date columns on GPU during the read
    df = pd.read_csv(
        data_path,
        sep="|",
        parse_dates=["L_SHIPDATE", "L_RECEIPTDATE", "L_COMMITDATE"],
        **storage_options
    )
    print(df.columns)
    return df

lineitem = load_lineitem(DATA_ROOT, **STORAGE_OPTS)
        <Profiling data>:
                 Function  GPU calls  CPU calls
0        read_csv          1          0
1       DataFrame          1          0
2  object.__str__          1          0

        <Execution time>: 408.0
        <Active vars>: ['lineitem']

        <Future vars>: []

        <Iteration>: 2/5

Optimizing the last generated code
No Modifications made to the original code
Try 1: calling rewrite agent for cell 0 took 9.909509420394897 seconds.
========================================================
After rewriting cell  0
Rewritten pre-checkpoint path: /home/dias-benchmarks/tpch/notebooks/q05/rewritten/o4_mini_high_q5/checkpoints/post_cell_0_try_0.pickle
Pre-checkpoint path: /home/dias-benchmarks/tpch/notebooks/q05/annotated/checkpoints/post_cell_0.pickle
========================================================
Cell 0 rewriting took 734.692809343338 seconds.
Getting original timing for cell 1
HAHA original checkpoint path:  /home/dias-benchmarks/tpch/notebooks/q05/annotated/checkpoints/post_cell_0.pickle
Setting initially best_rewritten_post_checkpoint_path:  /home/dias-benchmarks/tpch/notebooks/q05/annotated/checkpoints/post_cell_1.pickle
Setting initially best_small_rewritten_post_checkpoint_path:  /home/dias-benchmarks/tpch/notebooks/q05/q05_rewrite/checkpoints/pre_cell_2.pickle
========================================================
Rewriting cell 1... Try 0...
Manager agent prompt:
        <Original Code>:
        ### cell 1 ###

def load_orders(
    data_folder: str, **storage_options
) -> pd.DataFrame:
    data_path = data_folder + "/orders.tbl"
    # df = pd.read_parquet(
    #     data_path,  storage_options=storage_options
    # )
    df = pd.read_csv(data_path, sep="|")
    df["O_ORDERDATE"] = pd.to_datetime(df.O_ORDERDATE, format="%Y-%m-%d")
    return df
orders = load_orders(DATA_ROOT, **STORAGE_OPTS)

        <Profiling data>:
                        Function  GPU calls  CPU calls
0               read_csv          1          0
1    NDFrame.__getattr__          1          0
2            to_datetime          1          0
3  DataFrame.__setitem__          1          0

        <Execution time>: 205.0
        <Active vars>: []

        <Future vars>: ['lineitem']

        <Iteration>: 1/5

==========Running the manager agent to decide the next step==========
Choice: new
Reason: The current iteration is 1/5 and there's room for more optimization. The code is using `pd.read_csv` which can be optimized by using a different library such as cuDF for better performance on a GPU.
Generating new code from the original code
Prompt:
        <Original Code>:
        ### cell 1 ###

def load_orders(
    data_folder: str, **storage_options
) -> pd.DataFrame:
    data_path = data_folder + "/orders.tbl"
    # df = pd.read_parquet(
    #     data_path,  storage_options=storage_options
    # )
    df = pd.read_csv(data_path, sep="|")
    df["O_ORDERDATE"] = pd.to_datetime(df.O_ORDERDATE, format="%Y-%m-%d")
    return df
orders = load_orders(DATA_ROOT, **STORAGE_OPTS)

        <Profiling data>:
                        Function  GPU calls  CPU calls
0               read_csv          1          0
1    NDFrame.__getattr__          1          0
2            to_datetime          1          0
3  DataFrame.__setitem__          1          0

        <Execution time>: 205.0
        <Active vars>: []

        <Future vars>: ['lineitem']

        <Iteration>: 1/5

Code: def load_orders(
    data_folder: str, **storage_options
) -> pd.DataFrame:
    data_path = f"{data_folder}/orders.tbl"
    # parse O_ORDERDATE on GPU during CSV read to avoid a separate to_datetime pass
    df = pd.read_csv(
        data_path,
        sep='|',
        parse_dates=['O_ORDERDATE'],
        **storage_options
    )
    return df

orders = load_orders(DATA_ROOT, **STORAGE_OPTS)
Reason: By pushing date parsing into the read_csv call (via parse_dates), we eliminate the separate to_datetime and setitem operations. This reduces the number of GPU kernels and avoids an extra pass over the data, cutting down on total execution time.
Parsed response: def load_orders(
    data_folder: str, **storage_options
) -> pd.DataFrame:
    data_path = f"{data_folder}/orders.tbl"
    # parse O_ORDERDATE on GPU during CSV read to avoid a separate to_datetime pass
    df = pd.read_csv(
        data_path,
        sep='|',
        parse_dates=['O_ORDERDATE'],
        **storage_options
    )
    return df

orders = load_orders(DATA_ROOT, **STORAGE_OPTS)
Try 0: calling rewrite agent for cell 1 took 10.223112344741821 seconds.
Executing rewritten code... ### cell 1 ###

def load_orders(
    data_folder: str, **storage_options
) -> pd.DataFrame:
    data_path = f"{data_folder}/orders.tbl"
    # parse O_ORDERDATE on GPU during CSV read to avoid a separate to_datetime pass
    df = pd.read_csv(
        data_path,
        sep='|',
        parse_dates=['O_ORDERDATE'],
        **storage_options
    )
    return df

orders = load_orders(DATA_ROOT, **STORAGE_OPTS)
HAHA rewritten pre-checkpoint path:  /home/dias-benchmarks/tpch/notebooks/q05/rewritten/o4_mini_high_q5/checkpoints/post_cell_0_try_0.pickle
Running rewritten cell notebook
Finished executing the rewritten code.
Try 0: executing the rewritten code for cell 1 took 28.38718008995056 seconds.
Rewritten time: 172.0 ms
Checkpointing the rewritten cell for small notebook...
The rewritten code is correct. Profiling cudf...
HAHA small rewritten pre-checkpoint path:  /home/dias-benchmarks/tpch/notebooks/q05/rewritten/o4_mini_high_small_q5/checkpoints/post_cell_0_try_0.pickle
Try 0: cudf profiling the rewritten code for cell 1 took 9.53274130821228 seconds.
gpu_calls_orig_perc: 1.0, gpu_calls_opt_perc: 1.0
orig_time: 205.0, opt_time: 172.0
Both the call ratio and the time are better.
Rewritten code took 172.0ms. The previous fastest solution took 205.0ms.
Previous best solution num GPU and CPU calls:  4 0
New solution num GPU and CPU calls:  1 0
Accepted the rewritten code.
Setting best_rewritten_post_checkpoint_path to  /home/dias-benchmarks/tpch/notebooks/q05/rewritten/o4_mini_high_q5/checkpoints/post_cell_1_try_0.pickle
Setting best_small_rewritten_post_checkpoint_path to  /home/dias-benchmarks/tpch/notebooks/q05/rewritten/o4_mini_high_small_q5/checkpoints/post_cell_1_try_0.pickle
========================================================
Rewriting cell 1... Try 1...
Manager agent prompt:
        <Original Code>:
        ### cell 1 ###

def load_orders(
    data_folder: str, **storage_options
) -> pd.DataFrame:
    data_path = data_folder + "/orders.tbl"
    # df = pd.read_parquet(
    #     data_path,  storage_options=storage_options
    # )
    df = pd.read_csv(data_path, sep="|")
    df["O_ORDERDATE"] = pd.to_datetime(df.O_ORDERDATE, format="%Y-%m-%d")
    return df
orders = load_orders(DATA_ROOT, **STORAGE_OPTS)

        <Profiling data>:
                        Function  GPU calls  CPU calls
0               read_csv          1          0
1    NDFrame.__getattr__          1          0
2            to_datetime          1          0
3  DataFrame.__setitem__          1          0
        <Execution time>: 205.0
        <Active Vars>: []
        <Future Vars>: ['lineitem']
        <Rewritten Code>:
        ### cell 1 ###

def load_orders(
    data_folder: str, **storage_options
) -> pd.DataFrame:
    data_path = f"{data_folder}/orders.tbl"
    # parse O_ORDERDATE on GPU during CSV read to avoid a separate to_datetime pass
    df = pd.read_csv(
        data_path,
        sep='|',
        parse_dates=['O_ORDERDATE'],
        **storage_options
    )
    return df

orders = load_orders(DATA_ROOT, **STORAGE_OPTS)
        <Profiling data>:
           Function  GPU calls  CPU calls
0  read_csv          1          0
        <Execution time>: 172.0
        <Execution output>: Rewritten time: 172.0 ms
Original time: 205.0 ms
        <Iteration>: 2/5

==========Running the manager agent to decide the next step==========
Choice: optimize
Reason: The rewritten code is already faster, but since we're still within the iterations, there may be further opportunities to optimize, such as exploring other optimizations within pandas or even trying different file reading strategies or storage formats like Parquet for more gains.
Code optimizer prompt:
        <Original Code>:
        ### cell 1 ###

def load_orders(
    data_folder: str, **storage_options
) -> pd.DataFrame:
    data_path = f"{data_folder}/orders.tbl"
    # parse O_ORDERDATE on GPU during CSV read to avoid a separate to_datetime pass
    df = pd.read_csv(
        data_path,
        sep='|',
        parse_dates=['O_ORDERDATE'],
        **storage_options
    )
    return df

orders = load_orders(DATA_ROOT, **STORAGE_OPTS)
        <Profiling data>:
           Function  GPU calls  CPU calls
0  read_csv          1          0

        <Execution time>: 172.0
        <Active vars>: []

        <Future vars>: ['lineitem']

        <Iteration>: 2/5

Optimizing the last generated code
No Modifications made to the original code
Try 1: calling rewrite agent for cell 1 took 3.6918134689331055 seconds.
========================================================
After rewriting cell  1
Rewritten pre-checkpoint path: /home/dias-benchmarks/tpch/notebooks/q05/rewritten/o4_mini_high_q5/checkpoints/post_cell_1_try_0.pickle
Pre-checkpoint path: /home/dias-benchmarks/tpch/notebooks/q05/annotated/checkpoints/post_cell_1.pickle
========================================================
Cell 1 rewriting took 112.75752520561218 seconds.
Getting original timing for cell 2
HAHA original checkpoint path:  /home/dias-benchmarks/tpch/notebooks/q05/annotated/checkpoints/post_cell_1.pickle
Setting initially best_rewritten_post_checkpoint_path:  /home/dias-benchmarks/tpch/notebooks/q05/annotated/checkpoints/post_cell_2.pickle
Setting initially best_small_rewritten_post_checkpoint_path:  /home/dias-benchmarks/tpch/notebooks/q05/q05_rewrite/checkpoints/pre_cell_3.pickle
========================================================
Rewriting cell 2... Try 0...
Manager agent prompt:
        <Original Code>:
        ### cell 2 ###

def load_customer(
    data_folder: str, **storage_options
) -> pd.DataFrame:
    data_path = data_folder + "/customer.tbl"
    # df = pd.read_parquet(
    #     data_path,  storage_options=storage_options
    # )
    df = pd.read_csv(data_path, sep="|")
    return df
customer = load_customer(DATA_ROOT, **STORAGE_OPTS)

        <Profiling data>:
           Function  GPU calls  CPU calls
0  read_csv          1          0

        <Execution time>: 100.0
        <Active vars>: ['customer']

        <Future vars>: ['orders', 'lineitem']

        <Iteration>: 1/5

==========Running the manager agent to decide the next step==========
Choice: new
Reason: The original code is using `pd.read_csv` which can be suboptimal for large datasets. We can explore using `pd.read_parquet` or potentially cuDF for GPU acceleration to improve the performance in future iterations.
Generating new code from the original code
Prompt:
        <Original Code>:
        ### cell 2 ###

def load_customer(
    data_folder: str, **storage_options
) -> pd.DataFrame:
    data_path = data_folder + "/customer.tbl"
    # df = pd.read_parquet(
    #     data_path,  storage_options=storage_options
    # )
    df = pd.read_csv(data_path, sep="|")
    return df
customer = load_customer(DATA_ROOT, **STORAGE_OPTS)

        <Profiling data>:
           Function  GPU calls  CPU calls
0  read_csv          1          0

        <Execution time>: 100.0
        <Active vars>: ['customer']

        <Future vars>: ['orders', 'lineitem']

        <Iteration>: 1/5

Code: done
Reason: Using pd.read_csv under the cudf.pandas extension already runs on the GPU (CPU calls=0). No further optimization needed for this step.
No Modifications made to the original code
Try 0: calling rewrite agent for cell 2 took 12.05008840560913 seconds.
There is no need to rewrite the cell.
Could not rewrite the cell. Continuing to next cell...
========================================================
After rewriting cell  2
Rewritten pre-checkpoint path: /home/dias-benchmarks/tpch/notebooks/q05/annotated/checkpoints/post_cell_2.pickle
Pre-checkpoint path: /home/dias-benchmarks/tpch/notebooks/q05/annotated/checkpoints/post_cell_2.pickle
========================================================
Cell 2 rewriting took 47.48427653312683 seconds.
Getting original timing for cell 3
HAHA original checkpoint path:  /home/dias-benchmarks/tpch/notebooks/q05/annotated/checkpoints/post_cell_2.pickle
Setting initially best_rewritten_post_checkpoint_path:  /home/dias-benchmarks/tpch/notebooks/q05/annotated/checkpoints/post_cell_3.pickle
Setting initially best_small_rewritten_post_checkpoint_path:  /home/dias-benchmarks/tpch/notebooks/q05/q05_rewrite/checkpoints/pre_cell_4.pickle
========================================================
Rewriting cell 3... Try 0...
Manager agent prompt:
        <Original Code>:
        ### cell 3 ###


def load_nation(
    data_folder: str, **storage_options
) -> pd.DataFrame:
    data_path = data_folder + "/nation.tbl"
    # df = pd.read_parquet(
    #     data_path,  storage_options=storage_options
    # )
    df = pd.read_csv(data_path, sep="|")
    return df
nation = load_nation(DATA_ROOT, **STORAGE_OPTS)

        <Profiling data>:
           Function  GPU calls  CPU calls
0  read_csv          1          0

        <Execution time>: 76.6
        <Active vars>: []

        <Future vars>: ['customer', 'orders', 'lineitem']

        <Iteration>: 1/5

==========Running the manager agent to decide the next step==========
Choice: new
Reason: The original code uses `pd.read_csv`, which can be optimized using `cudf` or another efficient I/O method for faster data loading.
Generating new code from the original code
Prompt:
        <Original Code>:
        ### cell 3 ###


def load_nation(
    data_folder: str, **storage_options
) -> pd.DataFrame:
    data_path = data_folder + "/nation.tbl"
    # df = pd.read_parquet(
    #     data_path,  storage_options=storage_options
    # )
    df = pd.read_csv(data_path, sep="|")
    return df
nation = load_nation(DATA_ROOT, **STORAGE_OPTS)

        <Profiling data>:
           Function  GPU calls  CPU calls
0  read_csv          1          0

        <Execution time>: 76.6
        <Active vars>: []

        <Future vars>: ['customer', 'orders', 'lineitem']

        <Iteration>: 1/5

Code: done
Reason: The `pd.read_csv` call is already being executed on GPU via the `cudf.pandas` extension (0 CPU calls), so no further optimization is required for this cell.
No Modifications made to the original code
Try 0: calling rewrite agent for cell 3 took 3.9823403358459473 seconds.
There is no need to rewrite the cell.
Could not rewrite the cell. Continuing to next cell...
========================================================
After rewriting cell  3
Rewritten pre-checkpoint path: /home/dias-benchmarks/tpch/notebooks/q05/annotated/checkpoints/post_cell_3.pickle
Pre-checkpoint path: /home/dias-benchmarks/tpch/notebooks/q05/annotated/checkpoints/post_cell_3.pickle
========================================================
Cell 3 rewriting took 39.9737765789032 seconds.
Getting original timing for cell 4
HAHA original checkpoint path:  /home/dias-benchmarks/tpch/notebooks/q05/annotated/checkpoints/post_cell_3.pickle
Setting initially best_rewritten_post_checkpoint_path:  /home/dias-benchmarks/tpch/notebooks/q05/annotated/checkpoints/post_cell_4.pickle
Setting initially best_small_rewritten_post_checkpoint_path:  /home/dias-benchmarks/tpch/notebooks/q05/q05_rewrite/checkpoints/pre_cell_5.pickle
========================================================
Rewriting cell 4... Try 0...
Manager agent prompt:
        <Original Code>:
        ### cell 4 ###

def load_region(
    data_folder: str, **storage_options
) -> pd.DataFrame:
    data_path = data_folder + "/region.tbl"
    # df = pd.read_parquet(
    #     data_path,  storage_options=storage_options
    # )
    df = pd.read_csv(data_path, sep="|")
    return df
region = load_region(DATA_ROOT, **STORAGE_OPTS)

        <Profiling data>:
           Function  GPU calls  CPU calls
0  read_csv          1          0

        <Execution time>: 60.9
        <Active vars>: []

        <Future vars>: ['customer', 'orders', 'lineitem', 'nation']

        <Iteration>: 1/5

==========Running the manager agent to decide the next step==========
Choice: new
Reason: The original code uses `pd.read_csv` which can be optimized by using more efficient I/O operations, like using `pandas`'s `read_parquet`, if the original data format supports it. Since there's no rewritten code, we should try optimizing the original code.
Generating new code from the original code
Prompt:
        <Original Code>:
        ### cell 4 ###

def load_region(
    data_folder: str, **storage_options
) -> pd.DataFrame:
    data_path = data_folder + "/region.tbl"
    # df = pd.read_parquet(
    #     data_path,  storage_options=storage_options
    # )
    df = pd.read_csv(data_path, sep="|")
    return df
region = load_region(DATA_ROOT, **STORAGE_OPTS)

        <Profiling data>:
           Function  GPU calls  CPU calls
0  read_csv          1          0

        <Execution time>: 60.9
        <Active vars>: []

        <Future vars>: ['customer', 'orders', 'lineitem', 'nation']

        <Iteration>: 1/5

Code: def load_region(
    data_folder: str, **storage_options
) -> pd.DataFrame:
    data_path = data_folder + "/region.parquet"
    df = pd.read_parquet(
        data_path, storage_options=storage_options
    )
    return df

region = load_region(DATA_ROOT, **STORAGE_OPTS)
Reason: Reading the region data from Parquet rather than CSV eliminates the GPU CSV‐parsing overhead and leverages cudf’s fast Parquet reader, significantly reducing load time.
Parsed response: def load_region(
    data_folder: str, **storage_options
) -> pd.DataFrame:
    data_path = data_folder + "/region.parquet"
    df = pd.read_parquet(
        data_path, storage_options=storage_options
    )
    return df

region = load_region(DATA_ROOT, **STORAGE_OPTS)
Try 0: calling rewrite agent for cell 4 took 14.9171142578125 seconds.
Executing rewritten code... ### cell 4 ###

def load_region(
    data_folder: str, **storage_options
) -> pd.DataFrame:
    data_path = data_folder + "/region.parquet"
    df = pd.read_parquet(
        data_path, storage_options=storage_options
    )
    return df

region = load_region(DATA_ROOT, **STORAGE_OPTS)
HAHA rewritten pre-checkpoint path:  /home/dias-benchmarks/tpch/notebooks/q05/annotated/checkpoints/post_cell_3.pickle
Running rewritten cell notebook
An unexpected error occurred Execution failed in cell %%RecordEvent
%%time
### cell 4 ###

def load_region(
    data_folder: str, **storage_options
) -> pd.DataFrame:
    data_path = data_folder + "/region.parquet"
    df = pd.read_parquet(
        data_path, storage_options=storage_options
    )
    return df

region = load_region(DATA_ROOT, **STORAGE_OPTS): [Errno 2] No such file or directory: '/home/dias-benchmarks/tpch/data/region.parquet'
Rewritten time: inf ms
Checkpointing the rewritten cell for small notebook...
========================================================
Rewriting cell 4... Try 1...
Manager agent prompt:
        <Original Code>:
        ### cell 4 ###

def load_region(
    data_folder: str, **storage_options
) -> pd.DataFrame:
    data_path = data_folder + "/region.tbl"
    # df = pd.read_parquet(
    #     data_path,  storage_options=storage_options
    # )
    df = pd.read_csv(data_path, sep="|")
    return df
region = load_region(DATA_ROOT, **STORAGE_OPTS)

        <Profiling data>:
           Function  GPU calls  CPU calls
0  read_csv          1          0
        <Execution time>: 60.9
        <Active Vars>: []
        <Future Vars>: ['customer', 'orders', 'lineitem', 'nation']
        <Rewritten Code>:
        ### cell 4 ###

def load_region(
    data_folder: str, **storage_options
) -> pd.DataFrame:
    data_path = data_folder + "/region.parquet"
    df = pd.read_parquet(
        data_path, storage_options=storage_options
    )
    return df

region = load_region(DATA_ROOT, **STORAGE_OPTS)
        <Profiling data>:
        None
        <Execution time>: inf
        <Execution output>: The rewritten code resulted in a runtime error. Execution failed in cell %%RecordEvent
%%time
### cell 4 ###

def load_region(
    data_folder: str, **storage_options
) -> pd.DataFrame:
    data_path = data_folder + "/region.parquet"
    df = pd.read_parquet(
        data_path, storage_options=storage_options
    )
    return df

region = load_region(DATA_ROOT, **STORAGE_OPTS): [Errno 2] No such file or directory: '/home/dias-benchmarks/tpch/data/region.parquet'
        <Iteration>: 2/5

==========Running the manager agent to decide the next step==========
Choice: new
Reason: The rewritten code failed due to a file-not-found error. It attempted to read a '.parquet' file, which doesn't exist in the specified location. Since there's no valid execution of the rewritten code due to this issue, we should optimize the original code again, possibly maintaining the 'csv' format or ensuring the correct file path is used.
Generating new code from the original code
Prompt:
        <Original Code>:
        ### cell 4 ###

def load_region(
    data_folder: str, **storage_options
) -> pd.DataFrame:
    data_path = data_folder + "/region.tbl"
    # df = pd.read_parquet(
    #     data_path,  storage_options=storage_options
    # )
    df = pd.read_csv(data_path, sep="|")
    return df
region = load_region(DATA_ROOT, **STORAGE_OPTS)

        <Profiling data>:
           Function  GPU calls  CPU calls
0  read_csv          1          0

        <Execution time>: 60.9
        <Active vars>: []

        <Future vars>: ['customer', 'orders', 'lineitem', 'nation']

        <Iteration>: 2/5

Code: ### cell 4 ###

def load_region(
    data_folder: str, **storage_options
) -> pd.DataFrame:
    data_path = f"{data_folder}/region.tbl"
    # By specifying names, usecols, and dtypes up front we eliminate extra inference passes
    col_names = ["r_regionkey", "r_name", "r_comment"]
    df = pd.read_csv(
        data_path,
        sep="|",
        header=None,
        names=col_names + ["_tmp"],  # _tmp to swallow the trailing delimiter
        usecols=col_names,
        dtype={
            "r_regionkey": "int32",
            "r_name": "str",
            "r_comment": "str"
        }
    )
    return df

region = load_region(DATA_ROOT, **STORAGE_OPTS)
Reason: By providing explicit column names, limiting usecols, and pre-defining dtypes we remove extra GPU inference passes during CSV parsing, reducing overall read_csv overhead on the GPU.
Parsed response: ### cell 4 ###

def load_region(
    data_folder: str, **storage_options
) -> pd.DataFrame:
    data_path = f"{data_folder}/region.tbl"
    # By specifying names, usecols, and dtypes up front we eliminate extra inference passes
    col_names = ["r_regionkey", "r_name", "r_comment"]
    df = pd.read_csv(
        data_path,
        sep="|",
        header=None,
        names=col_names + ["_tmp"],  # _tmp to swallow the trailing delimiter
        usecols=col_names,
        dtype={
            "r_regionkey": "int32",
            "r_name": "str",
            "r_comment": "str"
        }
    )
    return df

region = load_region(DATA_ROOT, **STORAGE_OPTS)
Try 1: calling rewrite agent for cell 4 took 21.099150896072388 seconds.
Executing rewritten code... ### cell 4 ###

def load_region(
    data_folder: str, **storage_options
) -> pd.DataFrame:
    data_path = f"{data_folder}/region.tbl"
    # By specifying names, usecols, and dtypes up front we eliminate extra inference passes
    col_names = ["r_regionkey", "r_name", "r_comment"]
    df = pd.read_csv(
        data_path,
        sep="|",
        header=None,
        names=col_names + ["_tmp"],  # _tmp to swallow the trailing delimiter
        usecols=col_names,
        dtype={
            "r_regionkey": "int32",
            "r_name": "str",
            "r_comment": "str"
        }
    )
    return df

region = load_region(DATA_ROOT, **STORAGE_OPTS)
HAHA rewritten pre-checkpoint path:  /home/dias-benchmarks/tpch/notebooks/q05/annotated/checkpoints/post_cell_3.pickle
Running rewritten cell notebook
Finished executing the rewritten code.
Try 1: executing the rewritten code for cell 4 took 30.233004093170166 seconds.
Rewritten time: 63.1 ms
Checkpointing the rewritten cell for small notebook...
The rewritten code is correct. Profiling cudf...
HAHA small rewritten pre-checkpoint path:  /home/dias-benchmarks/tpch/notebooks/q05/q05_rewrite/checkpoints/pre_cell_4.pickle
Try 1: cudf profiling the rewritten code for cell 4 took 9.769474029541016 seconds.
gpu_calls_orig_perc: 1.0, gpu_calls_opt_perc: 1.0
orig_time: 60.9, opt_time: 63.1
Ratio improves.
Improvement in percentage does not make up for the slowdown.
Rewritten code took 63.1ms. The previous fastest solution took 60.9ms.
Previous best solution num GPU and CPU calls:  1 0
New solution num GPU and CPU calls:  1 0
========================================================
Rewriting cell 4... Try 2...
Manager agent prompt:
        <Original Code>:
        ### cell 4 ###

def load_region(
    data_folder: str, **storage_options
) -> pd.DataFrame:
    data_path = data_folder + "/region.tbl"
    # df = pd.read_parquet(
    #     data_path,  storage_options=storage_options
    # )
    df = pd.read_csv(data_path, sep="|")
    return df
region = load_region(DATA_ROOT, **STORAGE_OPTS)

        <Profiling data>:
           Function  GPU calls  CPU calls
0  read_csv          1          0
        <Execution time>: 60.9
        <Active Vars>: []
        <Future Vars>: ['customer', 'orders', 'lineitem', 'nation']
        <Rewritten Code>:
        ### cell 4 ###

def load_region(
    data_folder: str, **storage_options
) -> pd.DataFrame:
    data_path = f"{data_folder}/region.tbl"
    # By specifying names, usecols, and dtypes up front we eliminate extra inference passes
    col_names = ["r_regionkey", "r_name", "r_comment"]
    df = pd.read_csv(
        data_path,
        sep="|",
        header=None,
        names=col_names + ["_tmp"],  # _tmp to swallow the trailing delimiter
        usecols=col_names,
        dtype={
            "r_regionkey": "int32",
            "r_name": "str",
            "r_comment": "str"
        }
    )
    return df

region = load_region(DATA_ROOT, **STORAGE_OPTS)
        <Profiling data>:
           Function  GPU calls  CPU calls
0  read_csv          1          0
        <Execution time>: 63.1
        <Execution output>: Rewritten time: 63.1 ms
Original time: 60.9 ms
        <Iteration>: 3/5

==========Running the manager agent to decide the next step==========
Choice: optimize
Reason: The rewritten code has become slower, suggesting inefficiencies. Given there are still iterations left, let's attempt further optimization using alternative APIs or more efficient data reading methods, such as leveraging parallel reading if applicable.
Code optimizer prompt:
        <Original Code>:
        ### cell 4 ###

def load_region(
    data_folder: str, **storage_options
) -> pd.DataFrame:
    data_path = f"{data_folder}/region.tbl"
    # By specifying names, usecols, and dtypes up front we eliminate extra inference passes
    col_names = ["r_regionkey", "r_name", "r_comment"]
    df = pd.read_csv(
        data_path,
        sep="|",
        header=None,
        names=col_names + ["_tmp"],  # _tmp to swallow the trailing delimiter
        usecols=col_names,
        dtype={
            "r_regionkey": "int32",
            "r_name": "str",
            "r_comment": "str"
        }
    )
    return df

region = load_region(DATA_ROOT, **STORAGE_OPTS)
        <Profiling data>:
           Function  GPU calls  CPU calls
0  read_csv          1          0

        <Execution time>: 63.1
        <Active vars>: []

        <Future vars>: ['customer', 'orders', 'lineitem', 'nation']

        <Iteration>: 3/5

Optimizing the last generated code
No Modifications made to the original code
Try 2: calling rewrite agent for cell 4 took 4.024765491485596 seconds.
Could not rewrite the cell. Continuing to next cell...
========================================================
After rewriting cell  4
Rewritten pre-checkpoint path: /home/dias-benchmarks/tpch/notebooks/q05/annotated/checkpoints/post_cell_4.pickle
Pre-checkpoint path: /home/dias-benchmarks/tpch/notebooks/q05/annotated/checkpoints/post_cell_4.pickle
========================================================
Cell 4 rewriting took 169.4546148777008 seconds.
Getting original timing for cell 5
HAHA original checkpoint path:  /home/dias-benchmarks/tpch/notebooks/q05/annotated/checkpoints/post_cell_4.pickle
Setting initially best_rewritten_post_checkpoint_path:  /home/dias-benchmarks/tpch/notebooks/q05/annotated/checkpoints/post_cell_5.pickle
Setting initially best_small_rewritten_post_checkpoint_path:  /home/dias-benchmarks/tpch/notebooks/q05/q05_rewrite/checkpoints/pre_cell_6.pickle
========================================================
Rewriting cell 5... Try 0...
Manager agent prompt:
        <Original Code>:
        ### cell 5 ###

def load_supplier(
    data_folder: str, **storage_options
) -> pd.DataFrame:
    data_path = data_folder + "/supplier.tbl"
    # df = pd.read_parquet(
    #     data_path,  storage_options=storage_options
    # )
    df = pd.read_csv(data_path, sep="|")
    return df
supplier = load_supplier(DATA_ROOT, **STORAGE_OPTS)
        <Profiling data>:
           Function  GPU calls  CPU calls
0  read_csv          1          0

        <Execution time>: 62.7
        <Active vars>: []

        <Future vars>: ['orders', 'supplier', 'customer', 'lineitem', 'nation']

        <Iteration>: 1/5

==========Running the manager agent to decide the next step==========
Choice: new
Reason: The original code uses `pd.read_csv`, which is relatively slower for large datasets compared to columnar formats like Parquet. The code should be optimized to make use of `pandas` or `cudf` with Parquet files or any other efficient method. Since the iteration is 1/5 and there's no rewritten code, we should explore alternatives.
Generating new code from the original code
Prompt:
        <Original Code>:
        ### cell 5 ###

def load_supplier(
    data_folder: str, **storage_options
) -> pd.DataFrame:
    data_path = data_folder + "/supplier.tbl"
    # df = pd.read_parquet(
    #     data_path,  storage_options=storage_options
    # )
    df = pd.read_csv(data_path, sep="|")
    return df
supplier = load_supplier(DATA_ROOT, **STORAGE_OPTS)
        <Profiling data>:
           Function  GPU calls  CPU calls
0  read_csv          1          0

        <Execution time>: 62.7
        <Active vars>: []

        <Future vars>: ['orders', 'supplier', 'customer', 'lineitem', 'nation']

        <Iteration>: 1/5

Code: done
Reason: The code is already using cudf’s GPU-accelerated pd.read_csv (as evidenced by 1 GPU call and 0 CPU calls), so no further changes are needed.
No Modifications made to the original code
Try 0: calling rewrite agent for cell 5 took 6.312945365905762 seconds.
There is no need to rewrite the cell.
Could not rewrite the cell. Continuing to next cell...
========================================================
After rewriting cell  5
Rewritten pre-checkpoint path: /home/dias-benchmarks/tpch/notebooks/q05/annotated/checkpoints/post_cell_5.pickle
Pre-checkpoint path: /home/dias-benchmarks/tpch/notebooks/q05/annotated/checkpoints/post_cell_5.pickle
========================================================
Cell 5 rewriting took 42.06724262237549 seconds.
Getting original timing for cell 6
HAHA original checkpoint path:  /home/dias-benchmarks/tpch/notebooks/q05/annotated/checkpoints/post_cell_5.pickle
Setting initially best_rewritten_post_checkpoint_path:  /home/dias-benchmarks/tpch/notebooks/q05/annotated/checkpoints/post_cell_6.pickle
Setting initially best_small_rewritten_post_checkpoint_path:  /home/dias-benchmarks/tpch/notebooks/q05/q05_rewrite/checkpoints/pre_cell_7.pickle
========================================================
Rewriting cell 6... Try 0...
Manager agent prompt:
        <Original Code>:
        ### cell 6 ###

date1 = pd.Timestamp("1996-01-01")
date2 = pd.Timestamp("1997-01-01")
rsel = region.R_NAME == "ASIA"
osel = (orders.O_ORDERDATE >= date1) & (orders.O_ORDERDATE < date2)
forders = orders[osel]
fregion = region[rsel]
jn1 = fregion.merge(nation, left_on="R_REGIONKEY", right_on="N_REGIONKEY")
jn2 = jn1.merge(customer, left_on="N_NATIONKEY", right_on="C_NATIONKEY")
jn3 = jn2.merge(forders, left_on="C_CUSTKEY", right_on="O_CUSTKEY")
jn4 = jn3.merge(lineitem, left_on="O_ORDERKEY", right_on="L_ORDERKEY")
jn5 = supplier.merge(
    jn4, left_on=["S_SUPPKEY", "S_NATIONKEY"], right_on=["L_SUPPKEY", "N_NATIONKEY"]
)
jn5["TMP"] = jn5.L_EXTENDEDPRICE * (1.0 - jn5.L_DISCOUNT)
gb = jn5.groupby("N_NAME", as_index=False, sort=False)["TMP"].sum()
total = gb.sort_values("TMP", ascending=False)

        <Profiling data>:
                                Function  GPU calls  CPU calls
0                      Timestamp          0          2
1            NDFrame.__getattr__          5          0
2                OpsMixin.__eq__          1          0
3                OpsMixin.__ge__          0          1
4                OpsMixin.__lt__          0          1
5               OpsMixin.__and__          1          0
6          DataFrame.__getitem__          2          0
7                DataFrame.merge          5          0
8              OpsMixin.__rsub__          1          0
9               OpsMixin.__mul__          1          0
10         DataFrame.__setitem__          1          0
11             DataFrame.groupby          1          0
12  DataFrameGroupBy.__getitem__          1          0
13                   GroupBy.sum          1          0
14         DataFrame.sort_values          1          0

        <Execution time>: 187.0
        <Active vars>: []

        <Future vars>: []

        <Iteration>: 1/5

==========Running the manager agent to decide the next step==========
Choice: new
Reason: The original code has not been rewritten yet. We should attempt to optimize the original code using cuDF or other efficient techniques to reduce the execution time and leverage GPU acceleration.
Generating new code from the original code
Prompt:
        <Original Code>:
        ### cell 6 ###

date1 = pd.Timestamp("1996-01-01")
date2 = pd.Timestamp("1997-01-01")
rsel = region.R_NAME == "ASIA"
osel = (orders.O_ORDERDATE >= date1) & (orders.O_ORDERDATE < date2)
forders = orders[osel]
fregion = region[rsel]
jn1 = fregion.merge(nation, left_on="R_REGIONKEY", right_on="N_REGIONKEY")
jn2 = jn1.merge(customer, left_on="N_NATIONKEY", right_on="C_NATIONKEY")
jn3 = jn2.merge(forders, left_on="C_CUSTKEY", right_on="O_CUSTKEY")
jn4 = jn3.merge(lineitem, left_on="O_ORDERKEY", right_on="L_ORDERKEY")
jn5 = supplier.merge(
    jn4, left_on=["S_SUPPKEY", "S_NATIONKEY"], right_on=["L_SUPPKEY", "N_NATIONKEY"]
)
jn5["TMP"] = jn5.L_EXTENDEDPRICE * (1.0 - jn5.L_DISCOUNT)
gb = jn5.groupby("N_NAME", as_index=False, sort=False)["TMP"].sum()
total = gb.sort_values("TMP", ascending=False)

        <Profiling data>:
                                Function  GPU calls  CPU calls
0                      Timestamp          0          2
1            NDFrame.__getattr__          5          0
2                OpsMixin.__eq__          1          0
3                OpsMixin.__ge__          0          1
4                OpsMixin.__lt__          0          1
5               OpsMixin.__and__          1          0
6          DataFrame.__getitem__          2          0
7                DataFrame.merge          5          0
8              OpsMixin.__rsub__          1          0
9               OpsMixin.__mul__          1          0
10         DataFrame.__setitem__          1          0
11             DataFrame.groupby          1          0
12  DataFrameGroupBy.__getitem__          1          0
13                   GroupBy.sum          1          0
14         DataFrame.sort_values          1          0

        <Execution time>: 187.0
        <Active vars>: []

        <Future vars>: []

        <Iteration>: 1/5

Code: ### cell 6 ###
# Filter on region and order year using GPU-friendly dt.year to avoid CPU-side Timestamp comparisons
rsel = region.R_NAME == "ASIA"
fregion = region[rsel]

# Use dt.year for a single GPU comparison instead of two CPU comparisons
osel = orders.O_ORDERDATE.dt.year == 1996
forders = orders[osel]

# Perform the sequence of merges as before (all GPU)
jn1 = fregion.merge(nation,   left_on="R_REGIONKEY", right_on="N_REGIONKEY")
jn2 = jn1.merge( customer,    left_on="N_NATIONKEY", right_on="C_NATIONKEY")
jn3 = jn2.merge( forders,     left_on="C_CUSTKEY",   right_on="O_CUSTKEY")
jn4 = jn3.merge( lineitem,    left_on="O_ORDERKEY",  right_on="L_ORDERKEY")
jn5 = supplier.merge(
    jn4,
    left_on=["S_SUPPKEY", "S_NATIONKEY"],
    right_on=["L_SUPPKEY", "N_NATIONKEY"]
)

# Compute revenue and aggregate
jn5["TMP"] = jn5.L_EXTENDEDPRICE * (1.0 - jn5.L_DISCOUNT)
total = (
    jn5.groupby("N_NAME", as_index=False, sort=False)["TMP"]
       .sum()
       .sort_values("TMP", ascending=False)
)
Reason: Replaced the two CPU-bound Timestamp comparisons (`>= date1` and `< date2`) with a single GPU-native `.dt.year == 1996` filter. This eliminates the CPU operations in __ge__ and __lt__, as well as the pd.Timestamp constructions, while preserving the exact date range semantics.
Parsed response: ### cell 6 ###
# Filter on region and order year using GPU-friendly dt.year to avoid CPU-side Timestamp comparisons
rsel = region.R_NAME == "ASIA"
fregion = region[rsel]

# Use dt.year for a single GPU comparison instead of two CPU comparisons
osel = orders.O_ORDERDATE.dt.year == 1996
forders = orders[osel]

# Perform the sequence of merges as before (all GPU)
jn1 = fregion.merge(nation,   left_on="R_REGIONKEY", right_on="N_REGIONKEY")
jn2 = jn1.merge( customer,    left_on="N_NATIONKEY", right_on="C_NATIONKEY")
jn3 = jn2.merge( forders,     left_on="C_CUSTKEY",   right_on="O_CUSTKEY")
jn4 = jn3.merge( lineitem,    left_on="O_ORDERKEY",  right_on="L_ORDERKEY")
jn5 = supplier.merge(
    jn4,
    left_on=["S_SUPPKEY", "S_NATIONKEY"],
    right_on=["L_SUPPKEY", "N_NATIONKEY"]
)

# Compute revenue and aggregate
jn5["TMP"] = jn5.L_EXTENDEDPRICE * (1.0 - jn5.L_DISCOUNT)
total = (
    jn5.groupby("N_NAME", as_index=False, sort=False)["TMP"]
       .sum()
       .sort_values("TMP", ascending=False)
)
Try 0: calling rewrite agent for cell 6 took 20.737627744674683 seconds.
Executing rewritten code... ### cell 6 ###
# Filter on region and order year using GPU-friendly dt.year to avoid CPU-side Timestamp comparisons
rsel = region.R_NAME == "ASIA"
fregion = region[rsel]

# Use dt.year for a single GPU comparison instead of two CPU comparisons
osel = orders.O_ORDERDATE.dt.year == 1996
forders = orders[osel]

# Perform the sequence of merges as before (all GPU)
jn1 = fregion.merge(nation,   left_on="R_REGIONKEY", right_on="N_REGIONKEY")
jn2 = jn1.merge( customer,    left_on="N_NATIONKEY", right_on="C_NATIONKEY")
jn3 = jn2.merge( forders,     left_on="C_CUSTKEY",   right_on="O_CUSTKEY")
jn4 = jn3.merge( lineitem,    left_on="O_ORDERKEY",  right_on="L_ORDERKEY")
jn5 = supplier.merge(
    jn4,
    left_on=["S_SUPPKEY", "S_NATIONKEY"],
    right_on=["L_SUPPKEY", "N_NATIONKEY"]
)

# Compute revenue and aggregate
jn5["TMP"] = jn5.L_EXTENDEDPRICE * (1.0 - jn5.L_DISCOUNT)
total = (
    jn5.groupby("N_NAME", as_index=False, sort=False)["TMP"]
       .sum()
       .sort_values("TMP", ascending=False)
)
HAHA rewritten pre-checkpoint path:  /home/dias-benchmarks/tpch/notebooks/q05/annotated/checkpoints/post_cell_5.pickle
Running rewritten cell notebook
Finished executing the rewritten code.
Try 0: executing the rewritten code for cell 6 took 32.63073444366455 seconds.
Rewritten time: 156.0 ms
Checkpointing the rewritten cell for small notebook...
The rewritten code is correct. Profiling cudf...
HAHA small rewritten pre-checkpoint path:  /home/dias-benchmarks/tpch/notebooks/q05/q05_rewrite/checkpoints/pre_cell_6.pickle
Try 0: cudf profiling the rewritten code for cell 6 took 9.930060386657715 seconds.
gpu_calls_orig_perc: 0.84, gpu_calls_opt_perc: 1.0
orig_time: 187.0, opt_time: 156.0
Both the call ratio and the time are better.
Rewritten code took 156.0ms. The previous fastest solution took 187.0ms.
Previous best solution num GPU and CPU calls:  21 4
New solution num GPU and CPU calls:  22 0
Accepted the rewritten code.
Setting best_rewritten_post_checkpoint_path to  /home/dias-benchmarks/tpch/notebooks/q05/rewritten/o4_mini_high_q5/checkpoints/post_cell_6_try_0.pickle
Setting best_small_rewritten_post_checkpoint_path to  /home/dias-benchmarks/tpch/notebooks/q05/rewritten/o4_mini_high_small_q5/checkpoints/post_cell_6_try_0.pickle
========================================================
Rewriting cell 6... Try 1...
Manager agent prompt:
        <Original Code>:
        ### cell 6 ###

date1 = pd.Timestamp("1996-01-01")
date2 = pd.Timestamp("1997-01-01")
rsel = region.R_NAME == "ASIA"
osel = (orders.O_ORDERDATE >= date1) & (orders.O_ORDERDATE < date2)
forders = orders[osel]
fregion = region[rsel]
jn1 = fregion.merge(nation, left_on="R_REGIONKEY", right_on="N_REGIONKEY")
jn2 = jn1.merge(customer, left_on="N_NATIONKEY", right_on="C_NATIONKEY")
jn3 = jn2.merge(forders, left_on="C_CUSTKEY", right_on="O_CUSTKEY")
jn4 = jn3.merge(lineitem, left_on="O_ORDERKEY", right_on="L_ORDERKEY")
jn5 = supplier.merge(
    jn4, left_on=["S_SUPPKEY", "S_NATIONKEY"], right_on=["L_SUPPKEY", "N_NATIONKEY"]
)
jn5["TMP"] = jn5.L_EXTENDEDPRICE * (1.0 - jn5.L_DISCOUNT)
gb = jn5.groupby("N_NAME", as_index=False, sort=False)["TMP"].sum()
total = gb.sort_values("TMP", ascending=False)

        <Profiling data>:
                                Function  GPU calls  CPU calls
0                      Timestamp          0          2
1            NDFrame.__getattr__          5          0
2                OpsMixin.__eq__          1          0
3                OpsMixin.__ge__          0          1
4                OpsMixin.__lt__          0          1
5               OpsMixin.__and__          1          0
6          DataFrame.__getitem__          2          0
7                DataFrame.merge          5          0
8              OpsMixin.__rsub__          1          0
9               OpsMixin.__mul__          1          0
10         DataFrame.__setitem__          1          0
11             DataFrame.groupby          1          0
12  DataFrameGroupBy.__getitem__          1          0
13                   GroupBy.sum          1          0
14         DataFrame.sort_values          1          0
        <Execution time>: 187.0
        <Active Vars>: []
        <Future Vars>: []
        <Rewritten Code>:
        ### cell 6 ###
# Filter on region and order year using GPU-friendly dt.year to avoid CPU-side Timestamp comparisons
rsel = region.R_NAME == "ASIA"
fregion = region[rsel]

# Use dt.year for a single GPU comparison instead of two CPU comparisons
osel = orders.O_ORDERDATE.dt.year == 1996
forders = orders[osel]

# Perform the sequence of merges as before (all GPU)
jn1 = fregion.merge(nation,   left_on="R_REGIONKEY", right_on="N_REGIONKEY")
jn2 = jn1.merge( customer,    left_on="N_NATIONKEY", right_on="C_NATIONKEY")
jn3 = jn2.merge( forders,     left_on="C_CUSTKEY",   right_on="O_CUSTKEY")
jn4 = jn3.merge( lineitem,    left_on="O_ORDERKEY",  right_on="L_ORDERKEY")
jn5 = supplier.merge(
    jn4,
    left_on=["S_SUPPKEY", "S_NATIONKEY"],
    right_on=["L_SUPPKEY", "N_NATIONKEY"]
)

# Compute revenue and aggregate
jn5["TMP"] = jn5.L_EXTENDEDPRICE * (1.0 - jn5.L_DISCOUNT)
total = (
    jn5.groupby("N_NAME", as_index=False, sort=False)["TMP"]
       .sum()
       .sort_values("TMP", ascending=False)
)
        <Profiling data>:
                                 Function  GPU calls  CPU calls
0             NDFrame.__getattr__          4          0
1                 OpsMixin.__eq__          2          0
2           DataFrame.__getitem__          2          0
3                          Series          1          0
4   CombinedDatetimelikeProperti…          1          0
5                 DataFrame.merge          5          0
6               OpsMixin.__rsub__          1          0
7                OpsMixin.__mul__          1          0
8           DataFrame.__setitem__          1          0
9               DataFrame.groupby          1          0
10   DataFrameGroupBy.__getitem__          1          0
11                    GroupBy.sum          1          0
12          DataFrame.sort_values          1          0
        <Execution time>: 156.0
        <Execution output>: Rewritten time: 156.0 ms
Original time: 187.0 ms
        <Iteration>: 2/5

==========Running the manager agent to decide the next step==========
Choice: optimize
Reason: The rewritten code already shows a significant improvement in execution time using GPU. However, there could be potential alternatives or even more efficient ways to further optimize the interactions with the data frame and GPU operations, since it’s only iteration 2 out of 5.
Code optimizer prompt:
        <Original Code>:
        ### cell 6 ###
# Filter on region and order year using GPU-friendly dt.year to avoid CPU-side Timestamp comparisons
rsel = region.R_NAME == "ASIA"
fregion = region[rsel]

# Use dt.year for a single GPU comparison instead of two CPU comparisons
osel = orders.O_ORDERDATE.dt.year == 1996
forders = orders[osel]

# Perform the sequence of merges as before (all GPU)
jn1 = fregion.merge(nation,   left_on="R_REGIONKEY", right_on="N_REGIONKEY")
jn2 = jn1.merge( customer,    left_on="N_NATIONKEY", right_on="C_NATIONKEY")
jn3 = jn2.merge( forders,     left_on="C_CUSTKEY",   right_on="O_CUSTKEY")
jn4 = jn3.merge( lineitem,    left_on="O_ORDERKEY",  right_on="L_ORDERKEY")
jn5 = supplier.merge(
    jn4,
    left_on=["S_SUPPKEY", "S_NATIONKEY"],
    right_on=["L_SUPPKEY", "N_NATIONKEY"]
)

# Compute revenue and aggregate
jn5["TMP"] = jn5.L_EXTENDEDPRICE * (1.0 - jn5.L_DISCOUNT)
total = (
    jn5.groupby("N_NAME", as_index=False, sort=False)["TMP"]
       .sum()
       .sort_values("TMP", ascending=False)
)
        <Profiling data>:
                                 Function  GPU calls  CPU calls
0             NDFrame.__getattr__          4          0
1                 OpsMixin.__eq__          2          0
2           DataFrame.__getitem__          2          0
3                          Series          1          0
4   CombinedDatetimelikeProperti…          1          0
5                 DataFrame.merge          5          0
6               OpsMixin.__rsub__          1          0
7                OpsMixin.__mul__          1          0
8           DataFrame.__setitem__          1          0
9               DataFrame.groupby          1          0
10   DataFrameGroupBy.__getitem__          1          0
11                    GroupBy.sum          1          0
12          DataFrame.sort_values          1          0

        <Execution time>: 156.0
        <Active vars>: []

        <Future vars>: []

        <Iteration>: 2/5

Optimizing the last generated code
No Modifications made to the original code
Try 1: calling rewrite agent for cell 6 took 19.806905269622803 seconds.
========================================================
After rewriting cell  6
Rewritten pre-checkpoint path: /home/dias-benchmarks/tpch/notebooks/q05/rewritten/o4_mini_high_q5/checkpoints/post_cell_6_try_0.pickle
Pre-checkpoint path: /home/dias-benchmarks/tpch/notebooks/q05/annotated/checkpoints/post_cell_6.pickle
========================================================
Cell 6 rewriting took 154.07172322273254 seconds.
Rewrote notebook in 1303.2110753059387 seconds
