Annotated notebook saved to /home/dias-benchmarks/tpch/notebooks/q10/cell_exec_info.ipynb
Executing code: import sys, os
sys.path.insert(0, os.path.abspath('/home/ElasticNotebook'))
%load_ext ElasticNotebook
from elastic.core.common.pandas import compare_df
import pickle
import cudf
Executing code: %%RecordEventWithColumnInfo
# %load_ext cudf.pandas
import sys, os
tpch_parent = os.path.abspath(os.path.join(os.getcwd(), ".."))
sys.path.insert(0, tpch_parent)
import pandas as pd
# from tpch import load_lineitem, load_orders, load_customer, load_nation, q10
DATA_ROOT = "/home/dias-benchmarks/tpch/data"
STORAGE_OPTS = {}


Executing code: %%RecordEventWithColumnInfo
### cell 0 ###

def load_lineitem(
    data_folder: str, **storage_options
) -> pd.DataFrame:
    data_path = data_folder + "/lineitem.tbl"
    # df = pd.read_parquet(
    #     data_path,  storage_options=storage_options
    # )
    df = pd.read_csv(data_path, sep="|")
    print(df.columns)
    df["L_SHIPDATE"] = pd.to_datetime(df.L_SHIPDATE, format="%Y-%m-%d")
    df["L_RECEIPTDATE"] = pd.to_datetime(df.L_RECEIPTDATE, format="%Y-%m-%d")
    df["L_COMMITDATE"] = pd.to_datetime(df.L_COMMITDATE, format="%Y-%m-%d")
    return df
lineitem = load_lineitem(DATA_ROOT, **STORAGE_OPTS)

Executing code: %%RecordEventWithColumnInfo
### cell 1 ###

def load_orders(
    data_folder: str, **storage_options
) -> pd.DataFrame:
    data_path = data_folder + "/orders.tbl"
    # df = pd.read_parquet(
    #     data_path,  storage_options=storage_options
    # )
    df = pd.read_csv(data_path, sep="|")
    df["O_ORDERDATE"] = pd.to_datetime(df.O_ORDERDATE, format="%Y-%m-%d")
    return df
orders = load_orders(DATA_ROOT, **STORAGE_OPTS)


Executing code: %%RecordEventWithColumnInfo
### cell 2 ###


def load_customer(
    data_folder: str, **storage_options
) -> pd.DataFrame:
    data_path = data_folder + "/customer.tbl"
    # df = pd.read_parquet(
    #     data_path,  storage_options=storage_options
    # )
    df = pd.read_csv(data_path, sep="|")
    return df
customer = load_customer(DATA_ROOT, **STORAGE_OPTS)

Executing code: %%RecordEventWithColumnInfo
### cell 3 ###

def load_nation(
    data_folder: str, **storage_options
) -> pd.DataFrame:
    data_path = data_folder + "/nation.tbl"
    # df = pd.read_parquet(
    #     data_path,  storage_options=storage_options
    # )
    df = pd.read_csv(data_path, sep="|")
    return df
nation = load_nation(DATA_ROOT, **STORAGE_OPTS)
Executing code: %%RecordEventWithColumnInfo
### cell 4 ###


date1 = pd.Timestamp("1994-11-01")
date2 = pd.Timestamp("1995-02-01")
osel = (orders.O_ORDERDATE >= date1) & (orders.O_ORDERDATE < date2)
lsel = lineitem.L_RETURNFLAG == "R"
forders = orders[osel]
flineitem = lineitem[lsel]
jn1 = flineitem.merge(forders, left_on="L_ORDERKEY", right_on="O_ORDERKEY")
jn2 = jn1.merge(customer, left_on="O_CUSTKEY", right_on="C_CUSTKEY")
jn3 = jn2.merge(nation, left_on="C_NATIONKEY", right_on="N_NATIONKEY")
jn3["TMP"] = jn3.L_EXTENDEDPRICE * (1.0 - jn3.L_DISCOUNT)
gb = jn3.groupby(
    [
        "C_CUSTKEY",
        "C_NAME",
        "C_ACCTBAL",
        "C_PHONE",
        "N_NAME",
        "C_ADDRESS",
        "C_COMMENT",
    ],
    as_index=False,
    sort=False,
)["TMP"].sum()
total = gb.sort_values("TMP", ascending=False)


Executing code: %%RecordEventWithColumnInfo
### cell 5 ###

total.info()
Executing code:
Executing code: %PrintCellInfo cell_exec_info
Executing code: %reset -f
Executing code: %reload_ext ElasticNotebook
Ran small notebook to get cell exec info in 102.64075088500977 seconds
Getting cudf profile information...
Annotated notebook saved to /home/dias-benchmarks/tpch/notebooks/q10/cudf_profile.ipynb
Done getting cudf profile information.
Ran small notebook to get cudf profile info in 81.50341463088989 seconds
Annotated notebook saved to /home/dias-benchmarks/tpch/notebooks/q10/annotated.ipynb
Executing code: %reset -f
Executing code: %reload_ext ElasticNotebook
Executing code: %load_ext cudf.pandas
Executing code: import sys, os
sys.path.insert(0, os.path.abspath('/home/ElasticNotebook'))
%load_ext ElasticNotebook
from elastic.core.common.pandas import compare_df
import pickle
import cudf
Executing code: %%RecordEvent
# %load_ext cudf.pandas
import sys, os
tpch_parent = os.path.abspath(os.path.join(os.getcwd(), ".."))
sys.path.insert(0, tpch_parent)
import pandas as pd
# from tpch import load_lineitem, load_orders, load_customer, load_nation, q10
DATA_ROOT = "/home/dias-benchmarks/tpch/data"
STORAGE_OPTS = {}


Executing code: %%RecordEvent
%%time
### cell 0 ###

def load_lineitem(
    data_folder: str, **storage_options
) -> pd.DataFrame:
    data_path = data_folder + "/lineitem.tbl"
    # df = pd.read_parquet(
    #     data_path,  storage_options=storage_options
    # )
    df = pd.read_csv(data_path, sep="|")
    print(df.columns)
    df["L_SHIPDATE"] = pd.to_datetime(df.L_SHIPDATE, format="%Y-%m-%d")
    df["L_RECEIPTDATE"] = pd.to_datetime(df.L_RECEIPTDATE, format="%Y-%m-%d")
    df["L_COMMITDATE"] = pd.to_datetime(df.L_COMMITDATE, format="%Y-%m-%d")
    return df
lineitem = load_lineitem(DATA_ROOT, **STORAGE_OPTS)

Executing code: %%RecordEvent
%%time
### cell 1 ###

def load_orders(
    data_folder: str, **storage_options
) -> pd.DataFrame:
    data_path = data_folder + "/orders.tbl"
    # df = pd.read_parquet(
    #     data_path,  storage_options=storage_options
    # )
    df = pd.read_csv(data_path, sep="|")
    df["O_ORDERDATE"] = pd.to_datetime(df.O_ORDERDATE, format="%Y-%m-%d")
    return df
orders = load_orders(DATA_ROOT, **STORAGE_OPTS)


Executing code: %%RecordEvent
%%time
### cell 2 ###


def load_customer(
    data_folder: str, **storage_options
) -> pd.DataFrame:
    data_path = data_folder + "/customer.tbl"
    # df = pd.read_parquet(
    #     data_path,  storage_options=storage_options
    # )
    df = pd.read_csv(data_path, sep="|")
    return df
customer = load_customer(DATA_ROOT, **STORAGE_OPTS)

Executing code: %%RecordEvent
%%time
### cell 3 ###

def load_nation(
    data_folder: str, **storage_options
) -> pd.DataFrame:
    data_path = data_folder + "/nation.tbl"
    # df = pd.read_parquet(
    #     data_path,  storage_options=storage_options
    # )
    df = pd.read_csv(data_path, sep="|")
    return df
nation = load_nation(DATA_ROOT, **STORAGE_OPTS)
Executing code: %Checkpoint /home/dias-benchmarks/tpch/notebooks/q10/annotated/checkpoints/pre_cell_4.pickle
Checkpointing took 0.0008447170257568359 seconds.
========================================================
Cell  4
Rewritten pre-checkpoint path: /home/dias-benchmarks/tpch/notebooks/q10/annotated/checkpoints/pre_cell_4.pickle
Pre-checkpoint path: /home/dias-benchmarks/tpch/notebooks/q10/annotated/checkpoints/pre_cell_4.pickle
Small rewritten pre-checkpoint path: /home/dias-benchmarks/tpch/notebooks/q10/q10_rewrite/checkpoints/pre_cell_4.pickle
========================================================
Getting original timing for cell 4
HAHA original checkpoint path:  /home/dias-benchmarks/tpch/notebooks/q10/annotated/checkpoints/pre_cell_4.pickle
Setting initially best_rewritten_post_checkpoint_path:  /home/dias-benchmarks/tpch/notebooks/q10/annotated/checkpoints/post_cell_4.pickle
Setting initially best_small_rewritten_post_checkpoint_path:  /home/dias-benchmarks/tpch/notebooks/q10/q10_rewrite/checkpoints/pre_cell_5.pickle
========================================================
Rewriting cell 4... Try 0...
Manager agent prompt:
        <Original Code>:
        ### cell 4 ###


date1 = pd.Timestamp("1994-11-01")
date2 = pd.Timestamp("1995-02-01")
osel = (orders.O_ORDERDATE >= date1) & (orders.O_ORDERDATE < date2)
lsel = lineitem.L_RETURNFLAG == "R"
forders = orders[osel]
flineitem = lineitem[lsel]
jn1 = flineitem.merge(forders, left_on="L_ORDERKEY", right_on="O_ORDERKEY")
jn2 = jn1.merge(customer, left_on="O_CUSTKEY", right_on="C_CUSTKEY")
jn3 = jn2.merge(nation, left_on="C_NATIONKEY", right_on="N_NATIONKEY")
jn3["TMP"] = jn3.L_EXTENDEDPRICE * (1.0 - jn3.L_DISCOUNT)
gb = jn3.groupby(
    [
        "C_CUSTKEY",
        "C_NAME",
        "C_ACCTBAL",
        "C_PHONE",
        "N_NAME",
        "C_ADDRESS",
        "C_COMMENT",
    ],
    as_index=False,
    sort=False,
)["TMP"].sum()
total = gb.sort_values("TMP", ascending=False)


        <Profiling data>:
                                Function  GPU calls  CPU calls
0                      Timestamp          0          2
1            NDFrame.__getattr__          5          0
2                OpsMixin.__ge__          0          1
3                OpsMixin.__lt__          0          1
4               OpsMixin.__and__          1          0
5                OpsMixin.__eq__          1          0
6          DataFrame.__getitem__          2          0
7                DataFrame.merge          3          0
8              OpsMixin.__rsub__          1          0
9               OpsMixin.__mul__          1          0
10         DataFrame.__setitem__          1          0
11             DataFrame.groupby          1          0
12  DataFrameGroupBy.__getitem__          1          0
13                   GroupBy.sum          1          0
14         DataFrame.sort_values          1          0

        <Execution time>: 186.0
        <Active vars>: ['total']

        <Future vars>: []

        <Iteration>: 1/5

==========Running the manager agent to decide the next step==========
Choice: new
Reason: The original code can be further optimized to leverage GPU acceleration for DataFrame operations using libraries like cuDF, which could significantly improve execution time.
Generating new code from the original code
Prompt:
        <Original Code>:
        ### cell 4 ###


date1 = pd.Timestamp("1994-11-01")
date2 = pd.Timestamp("1995-02-01")
osel = (orders.O_ORDERDATE >= date1) & (orders.O_ORDERDATE < date2)
lsel = lineitem.L_RETURNFLAG == "R"
forders = orders[osel]
flineitem = lineitem[lsel]
jn1 = flineitem.merge(forders, left_on="L_ORDERKEY", right_on="O_ORDERKEY")
jn2 = jn1.merge(customer, left_on="O_CUSTKEY", right_on="C_CUSTKEY")
jn3 = jn2.merge(nation, left_on="C_NATIONKEY", right_on="N_NATIONKEY")
jn3["TMP"] = jn3.L_EXTENDEDPRICE * (1.0 - jn3.L_DISCOUNT)
gb = jn3.groupby(
    [
        "C_CUSTKEY",
        "C_NAME",
        "C_ACCTBAL",
        "C_PHONE",
        "N_NAME",
        "C_ADDRESS",
        "C_COMMENT",
    ],
    as_index=False,
    sort=False,
)["TMP"].sum()
total = gb.sort_values("TMP", ascending=False)


        <Profiling data>:
                                Function  GPU calls  CPU calls
0                      Timestamp          0          2
1            NDFrame.__getattr__          5          0
2                OpsMixin.__ge__          0          1
3                OpsMixin.__lt__          0          1
4               OpsMixin.__and__          1          0
5                OpsMixin.__eq__          1          0
6          DataFrame.__getitem__          2          0
7                DataFrame.merge          3          0
8              OpsMixin.__rsub__          1          0
9               OpsMixin.__mul__          1          0
10         DataFrame.__setitem__          1          0
11             DataFrame.groupby          1          0
12  DataFrameGroupBy.__getitem__          1          0
13                   GroupBy.sum          1          0
14         DataFrame.sort_values          1          0

        <Execution time>: 186.0
        <Active vars>: ['total']

        <Future vars>: []

        <Iteration>: 1/5

Code: # Project only necessary columns to reduce data transfer
orders_sub = orders[['O_ORDERKEY', 'O_CUSTKEY', 'O_ORDERDATE']]
lineitem_sub = lineitem[['L_ORDERKEY', 'L_EXTENDEDPRICE', 'L_DISCOUNT', 'L_RETURNFLAG']]
customer_sub = customer[['C_CUSTKEY', 'C_NAME', 'C_ACCTBAL', 'C_PHONE', 'C_NATIONKEY', 'C_ADDRESS', 'C_COMMENT']]
nation_sub = nation[['N_NATIONKEY', 'N_NAME']]

# Define date bounds
date1 = pd.Timestamp("1994-11-01")
date2 = pd.Timestamp("1995-02-01")

# GPU-native filtering using between and bracket indexing
osel = orders_sub['O_ORDERDATE'].between(date1, date2, inclusive='left')
lsel = lineitem_sub['L_RETURNFLAG'] == 'R'
forders = orders_sub[osel]
flineitem = lineitem_sub[lsel]

# Perform joins
jn = flineitem.merge(forders, left_on='L_ORDERKEY', right_on='O_ORDERKEY')
jn = jn.merge(customer_sub, left_on='O_CUSTKEY', right_on='C_CUSTKEY')
jn = jn.merge(nation_sub, left_on='C_NATIONKEY', right_on='N_NATIONKEY')

# Compute revenue per line
jn['TMP'] = jn['L_EXTENDEDPRICE'] * (1.0 - jn['L_DISCOUNT'])

# Aggregate and sort
gb = jn.groupby(
    ['C_CUSTKEY','C_NAME','C_ACCTBAL','C_PHONE','N_NAME','C_ADDRESS','C_COMMENT'],
    as_index=False,
    sort=False
)['TMP'].sum()
total = gb.sort_values('TMP', ascending=False)
Reason: Replaced attribute access with bracket indexing to eliminate CPU __getattr__ calls and used Series.between for date filtering to fuse the >= and < operations into one GPU call. Also projected only needed columns before filtering and joins to reduce memory and data movement, keeping all heavy work on the GPU.
Parsed response: # Project only necessary columns to reduce data transfer
orders_sub = orders[['O_ORDERKEY', 'O_CUSTKEY', 'O_ORDERDATE']]
lineitem_sub = lineitem[['L_ORDERKEY', 'L_EXTENDEDPRICE', 'L_DISCOUNT', 'L_RETURNFLAG']]
customer_sub = customer[['C_CUSTKEY', 'C_NAME', 'C_ACCTBAL', 'C_PHONE', 'C_NATIONKEY', 'C_ADDRESS', 'C_COMMENT']]
nation_sub = nation[['N_NATIONKEY', 'N_NAME']]

# Define date bounds
date1 = pd.Timestamp("1994-11-01")
date2 = pd.Timestamp("1995-02-01")

# GPU-native filtering using between and bracket indexing
osel = orders_sub['O_ORDERDATE'].between(date1, date2, inclusive='left')
lsel = lineitem_sub['L_RETURNFLAG'] == 'R'
forders = orders_sub[osel]
flineitem = lineitem_sub[lsel]

# Perform joins
jn = flineitem.merge(forders, left_on='L_ORDERKEY', right_on='O_ORDERKEY')
jn = jn.merge(customer_sub, left_on='O_CUSTKEY', right_on='C_CUSTKEY')
jn = jn.merge(nation_sub, left_on='C_NATIONKEY', right_on='N_NATIONKEY')

# Compute revenue per line
jn['TMP'] = jn['L_EXTENDEDPRICE'] * (1.0 - jn['L_DISCOUNT'])

# Aggregate and sort
gb = jn.groupby(
    ['C_CUSTKEY','C_NAME','C_ACCTBAL','C_PHONE','N_NAME','C_ADDRESS','C_COMMENT'],
    as_index=False,
    sort=False
)['TMP'].sum()
total = gb.sort_values('TMP', ascending=False)
Try 0: calling rewrite agent for cell 4 took 42.439687967300415 seconds.
Executing rewritten code... ### cell 4 ###

# Project only necessary columns to reduce data transfer
orders_sub = orders[['O_ORDERKEY', 'O_CUSTKEY', 'O_ORDERDATE']]
lineitem_sub = lineitem[['L_ORDERKEY', 'L_EXTENDEDPRICE', 'L_DISCOUNT', 'L_RETURNFLAG']]
customer_sub = customer[['C_CUSTKEY', 'C_NAME', 'C_ACCTBAL', 'C_PHONE', 'C_NATIONKEY', 'C_ADDRESS', 'C_COMMENT']]
nation_sub = nation[['N_NATIONKEY', 'N_NAME']]

# Define date bounds
date1 = pd.Timestamp("1994-11-01")
date2 = pd.Timestamp("1995-02-01")

# GPU-native filtering using between and bracket indexing
osel = orders_sub['O_ORDERDATE'].between(date1, date2, inclusive='left')
lsel = lineitem_sub['L_RETURNFLAG'] == 'R'
forders = orders_sub[osel]
flineitem = lineitem_sub[lsel]

# Perform joins
jn = flineitem.merge(forders, left_on='L_ORDERKEY', right_on='O_ORDERKEY')
jn = jn.merge(customer_sub, left_on='O_CUSTKEY', right_on='C_CUSTKEY')
jn = jn.merge(nation_sub, left_on='C_NATIONKEY', right_on='N_NATIONKEY')

# Compute revenue per line
jn['TMP'] = jn['L_EXTENDEDPRICE'] * (1.0 - jn['L_DISCOUNT'])

# Aggregate and sort
gb = jn.groupby(
    ['C_CUSTKEY','C_NAME','C_ACCTBAL','C_PHONE','N_NAME','C_ADDRESS','C_COMMENT'],
    as_index=False,
    sort=False
)['TMP'].sum()
total = gb.sort_values('TMP', ascending=False)
HAHA rewritten pre-checkpoint path:  /home/dias-benchmarks/tpch/notebooks/q10/annotated/checkpoints/pre_cell_4.pickle
Running rewritten cell notebook
Finished executing the rewritten code.
Try 0: executing the rewritten code for cell 4 took 33.391377449035645 seconds.
Rewritten time: 130.0 ms
Checkpointing the rewritten cell for small notebook...
The rewritten code is correct. Profiling cudf...
HAHA small rewritten pre-checkpoint path:  /home/dias-benchmarks/tpch/notebooks/q10/q10_rewrite/checkpoints/pre_cell_4.pickle
Try 0: cudf profiling the rewritten code for cell 4 took 9.507742166519165 seconds.
gpu_calls_orig_perc: 0.8260869565217391, gpu_calls_opt_perc: 0.875
orig_time: 186.0, opt_time: 130.0
Both the call ratio and the time are better.
Rewritten code took 130.0ms. The previous fastest solution took 186.0ms.
Previous best solution num GPU and CPU calls:  19 4
New solution num GPU and CPU calls:  21 3
Accepted the rewritten code.
Setting best_rewritten_post_checkpoint_path to  /home/dias-benchmarks/tpch/notebooks/q10/rewritten/o4_mini_high/checkpoints/post_cell_4_try_0.pickle
Setting best_small_rewritten_post_checkpoint_path to  /home/dias-benchmarks/tpch/notebooks/q10/rewritten/o4_mini_high_small/checkpoints/post_cell_4_try_0.pickle
========================================================
Rewriting cell 4... Try 1...
Manager agent prompt:
        <Original Code>:
        ### cell 4 ###


date1 = pd.Timestamp("1994-11-01")
date2 = pd.Timestamp("1995-02-01")
osel = (orders.O_ORDERDATE >= date1) & (orders.O_ORDERDATE < date2)
lsel = lineitem.L_RETURNFLAG == "R"
forders = orders[osel]
flineitem = lineitem[lsel]
jn1 = flineitem.merge(forders, left_on="L_ORDERKEY", right_on="O_ORDERKEY")
jn2 = jn1.merge(customer, left_on="O_CUSTKEY", right_on="C_CUSTKEY")
jn3 = jn2.merge(nation, left_on="C_NATIONKEY", right_on="N_NATIONKEY")
jn3["TMP"] = jn3.L_EXTENDEDPRICE * (1.0 - jn3.L_DISCOUNT)
gb = jn3.groupby(
    [
        "C_CUSTKEY",
        "C_NAME",
        "C_ACCTBAL",
        "C_PHONE",
        "N_NAME",
        "C_ADDRESS",
        "C_COMMENT",
    ],
    as_index=False,
    sort=False,
)["TMP"].sum()
total = gb.sort_values("TMP", ascending=False)


        <Profiling data>:
                                Function  GPU calls  CPU calls
0                      Timestamp          0          2
1            NDFrame.__getattr__          5          0
2                OpsMixin.__ge__          0          1
3                OpsMixin.__lt__          0          1
4               OpsMixin.__and__          1          0
5                OpsMixin.__eq__          1          0
6          DataFrame.__getitem__          2          0
7                DataFrame.merge          3          0
8              OpsMixin.__rsub__          1          0
9               OpsMixin.__mul__          1          0
10         DataFrame.__setitem__          1          0
11             DataFrame.groupby          1          0
12  DataFrameGroupBy.__getitem__          1          0
13                   GroupBy.sum          1          0
14         DataFrame.sort_values          1          0
        <Execution time>: 186.0
        <Active Vars>: ['total']
        <Future Vars>: []
        <Rewritten Code>:
        ### cell 4 ###

# Project only necessary columns to reduce data transfer
orders_sub = orders[['O_ORDERKEY', 'O_CUSTKEY', 'O_ORDERDATE']]
lineitem_sub = lineitem[['L_ORDERKEY', 'L_EXTENDEDPRICE', 'L_DISCOUNT', 'L_RETURNFLAG']]
customer_sub = customer[['C_CUSTKEY', 'C_NAME', 'C_ACCTBAL', 'C_PHONE', 'C_NATIONKEY', 'C_ADDRESS', 'C_COMMENT']]
nation_sub = nation[['N_NATIONKEY', 'N_NAME']]

# Define date bounds
date1 = pd.Timestamp("1994-11-01")
date2 = pd.Timestamp("1995-02-01")

# GPU-native filtering using between and bracket indexing
osel = orders_sub['O_ORDERDATE'].between(date1, date2, inclusive='left')
lsel = lineitem_sub['L_RETURNFLAG'] == 'R'
forders = orders_sub[osel]
flineitem = lineitem_sub[lsel]

# Perform joins
jn = flineitem.merge(forders, left_on='L_ORDERKEY', right_on='O_ORDERKEY')
jn = jn.merge(customer_sub, left_on='O_CUSTKEY', right_on='C_CUSTKEY')
jn = jn.merge(nation_sub, left_on='C_NATIONKEY', right_on='N_NATIONKEY')

# Compute revenue per line
jn['TMP'] = jn['L_EXTENDEDPRICE'] * (1.0 - jn['L_DISCOUNT'])

# Aggregate and sort
gb = jn.groupby(
    ['C_CUSTKEY','C_NAME','C_ACCTBAL','C_PHONE','N_NAME','C_ADDRESS','C_COMMENT'],
    as_index=False,
    sort=False
)['TMP'].sum()
total = gb.sort_values('TMP', ascending=False)
        <Profiling data>:
                                Function  GPU calls  CPU calls
0          DataFrame.__getitem__         10          0
1                      Timestamp          0          2
2                 Series.between          0          1
3                OpsMixin.__eq__          1          0
4                DataFrame.merge          3          0
5              OpsMixin.__rsub__          1          0
6               OpsMixin.__mul__          1          0
7          DataFrame.__setitem__          1          0
8              DataFrame.groupby          1          0
9   DataFrameGroupBy.__getitem__          1          0
10                   GroupBy.sum          1          0
11         DataFrame.sort_values          1          0
        <Execution time>: 130.0
        <Execution output>: Rewritten time: 130.0 ms
Original time: 186.0 ms
        <Iteration>: 2/5

==========Running the manager agent to decide the next step==========
Choice: optimize
Reason: The rewritten code already improves performance significantly. However, further optimization may be possible by using more GPU-parallel library functions or by optimizing data types.
Code optimizer prompt:
        <Original Code>:
        ### cell 4 ###

# Project only necessary columns to reduce data transfer
orders_sub = orders[['O_ORDERKEY', 'O_CUSTKEY', 'O_ORDERDATE']]
lineitem_sub = lineitem[['L_ORDERKEY', 'L_EXTENDEDPRICE', 'L_DISCOUNT', 'L_RETURNFLAG']]
customer_sub = customer[['C_CUSTKEY', 'C_NAME', 'C_ACCTBAL', 'C_PHONE', 'C_NATIONKEY', 'C_ADDRESS', 'C_COMMENT']]
nation_sub = nation[['N_NATIONKEY', 'N_NAME']]

# Define date bounds
date1 = pd.Timestamp("1994-11-01")
date2 = pd.Timestamp("1995-02-01")

# GPU-native filtering using between and bracket indexing
osel = orders_sub['O_ORDERDATE'].between(date1, date2, inclusive='left')
lsel = lineitem_sub['L_RETURNFLAG'] == 'R'
forders = orders_sub[osel]
flineitem = lineitem_sub[lsel]

# Perform joins
jn = flineitem.merge(forders, left_on='L_ORDERKEY', right_on='O_ORDERKEY')
jn = jn.merge(customer_sub, left_on='O_CUSTKEY', right_on='C_CUSTKEY')
jn = jn.merge(nation_sub, left_on='C_NATIONKEY', right_on='N_NATIONKEY')

# Compute revenue per line
jn['TMP'] = jn['L_EXTENDEDPRICE'] * (1.0 - jn['L_DISCOUNT'])

# Aggregate and sort
gb = jn.groupby(
    ['C_CUSTKEY','C_NAME','C_ACCTBAL','C_PHONE','N_NAME','C_ADDRESS','C_COMMENT'],
    as_index=False,
    sort=False
)['TMP'].sum()
total = gb.sort_values('TMP', ascending=False)
        <Profiling data>:
                                Function  GPU calls  CPU calls
0          DataFrame.__getitem__         10          0
1                      Timestamp          0          2
2                 Series.between          0          1
3                OpsMixin.__eq__          1          0
4                DataFrame.merge          3          0
5              OpsMixin.__rsub__          1          0
6               OpsMixin.__mul__          1          0
7          DataFrame.__setitem__          1          0
8              DataFrame.groupby          1          0
9   DataFrameGroupBy.__getitem__          1          0
10                   GroupBy.sum          1          0
11         DataFrame.sort_values          1          0

        <Execution time>: 130.0
        <Active vars>: ['total']

        <Future vars>: []

        <Iteration>: 2/5

Optimizing the last generated code
Parsed response: import datetime

# Project only necessary columns to reduce data transfer
orders_sub = orders[['O_ORDERKEY', 'O_CUSTKEY', 'O_ORDERDATE']]
lineitem_sub = lineitem[['L_ORDERKEY', 'L_EXTENDEDPRICE', 'L_DISCOUNT', 'L_RETURNFLAG']]
customer_sub = customer[['C_CUSTKEY', 'C_NAME', 'C_ACCTBAL', 'C_PHONE', 'C_NATIONKEY', 'C_ADDRESS', 'C_COMMENT']]
nation_sub = nation[['N_NATIONKEY', 'N_NAME']]

# Define date bounds as Python datetimes to keep comparisons on the GPU
date1 = datetime.datetime(1994, 11, 1)
date2 = datetime.datetime(1995, 2, 1)

# GPU-native filtering using vectorized comparisons
osel = (orders_sub['O_ORDERDATE'] >= date1) & (orders_sub['O_ORDERDATE'] < date2)
lsel = lineitem_sub['L_RETURNFLAG'] == 'R'
forders = orders_sub[osel]
flineitem = lineitem_sub[lsel]

# Perform joins
jn = flineitem.merge(forders, left_on='L_ORDERKEY', right_on='O_ORDERKEY')
jn = jn.merge(customer_sub, left_on='O_CUSTKEY', right_on='C_CUSTKEY')
jn = jn.merge(nation_sub, left_on='C_NATIONKEY', right_on='N_NATIONKEY')

# Compute revenue per line
jn['TMP'] = jn['L_EXTENDEDPRICE'] * (1.0 - jn['L_DISCOUNT'])

# Aggregate and sort in one chain
total = (
    jn
    .groupby(
        ['C_CUSTKEY','C_NAME','C_ACCTBAL','C_PHONE','N_NAME','C_ADDRESS','C_COMMENT'],
        as_index=False,
        sort=False
    )['TMP']
    .sum()
    .sort_values('TMP', ascending=False)
)
Try 1: calling rewrite agent for cell 4 took 28.458391427993774 seconds.
Executing rewritten code... ### cell 4 ###

import datetime

# Project only necessary columns to reduce data transfer
orders_sub = orders[['O_ORDERKEY', 'O_CUSTKEY', 'O_ORDERDATE']]
lineitem_sub = lineitem[['L_ORDERKEY', 'L_EXTENDEDPRICE', 'L_DISCOUNT', 'L_RETURNFLAG']]
customer_sub = customer[['C_CUSTKEY', 'C_NAME', 'C_ACCTBAL', 'C_PHONE', 'C_NATIONKEY', 'C_ADDRESS', 'C_COMMENT']]
nation_sub = nation[['N_NATIONKEY', 'N_NAME']]

# Define date bounds as Python datetimes to keep comparisons on the GPU
date1 = datetime.datetime(1994, 11, 1)
date2 = datetime.datetime(1995, 2, 1)

# GPU-native filtering using vectorized comparisons
osel = (orders_sub['O_ORDERDATE'] >= date1) & (orders_sub['O_ORDERDATE'] < date2)
lsel = lineitem_sub['L_RETURNFLAG'] == 'R'
forders = orders_sub[osel]
flineitem = lineitem_sub[lsel]

# Perform joins
jn = flineitem.merge(forders, left_on='L_ORDERKEY', right_on='O_ORDERKEY')
jn = jn.merge(customer_sub, left_on='O_CUSTKEY', right_on='C_CUSTKEY')
jn = jn.merge(nation_sub, left_on='C_NATIONKEY', right_on='N_NATIONKEY')

# Compute revenue per line
jn['TMP'] = jn['L_EXTENDEDPRICE'] * (1.0 - jn['L_DISCOUNT'])

# Aggregate and sort in one chain
total = (
    jn
    .groupby(
        ['C_CUSTKEY','C_NAME','C_ACCTBAL','C_PHONE','N_NAME','C_ADDRESS','C_COMMENT'],
        as_index=False,
        sort=False
    )['TMP']
    .sum()
    .sort_values('TMP', ascending=False)
)
HAHA rewritten pre-checkpoint path:  /home/dias-benchmarks/tpch/notebooks/q10/annotated/checkpoints/pre_cell_4.pickle
Running rewritten cell notebook
Finished executing the rewritten code.
Try 1: executing the rewritten code for cell 4 took 33.6548330783844 seconds.
Rewritten time: 138.0 ms
Checkpointing the rewritten cell for small notebook...
The rewritten code is correct. Profiling cudf...
HAHA small rewritten pre-checkpoint path:  /home/dias-benchmarks/tpch/notebooks/q10/q10_rewrite/checkpoints/pre_cell_4.pickle
Try 1: cudf profiling the rewritten code for cell 4 took 9.448305368423462 seconds.
gpu_calls_orig_perc: 0.875, gpu_calls_opt_perc: 1.0
orig_time: 130.0, opt_time: 138.0
Ratio improves.
Improvement in percentage makes up for the slowdown.
Rewritten code took 138.0ms. The previous fastest solution took 186.0ms.
Previous best solution num GPU and CPU calls:  21 3
New solution num GPU and CPU calls:  25 0
Accepted the rewritten code.
Setting best_rewritten_post_checkpoint_path to  /home/dias-benchmarks/tpch/notebooks/q10/rewritten/o4_mini_high/checkpoints/post_cell_4_try_1.pickle
Setting best_small_rewritten_post_checkpoint_path to  /home/dias-benchmarks/tpch/notebooks/q10/rewritten/o4_mini_high_small/checkpoints/post_cell_4_try_1.pickle
========================================================
Rewriting cell 4... Try 2...
Manager agent prompt:
        <Original Code>:
        ### cell 4 ###


date1 = pd.Timestamp("1994-11-01")
date2 = pd.Timestamp("1995-02-01")
osel = (orders.O_ORDERDATE >= date1) & (orders.O_ORDERDATE < date2)
lsel = lineitem.L_RETURNFLAG == "R"
forders = orders[osel]
flineitem = lineitem[lsel]
jn1 = flineitem.merge(forders, left_on="L_ORDERKEY", right_on="O_ORDERKEY")
jn2 = jn1.merge(customer, left_on="O_CUSTKEY", right_on="C_CUSTKEY")
jn3 = jn2.merge(nation, left_on="C_NATIONKEY", right_on="N_NATIONKEY")
jn3["TMP"] = jn3.L_EXTENDEDPRICE * (1.0 - jn3.L_DISCOUNT)
gb = jn3.groupby(
    [
        "C_CUSTKEY",
        "C_NAME",
        "C_ACCTBAL",
        "C_PHONE",
        "N_NAME",
        "C_ADDRESS",
        "C_COMMENT",
    ],
    as_index=False,
    sort=False,
)["TMP"].sum()
total = gb.sort_values("TMP", ascending=False)


        <Profiling data>:
                                Function  GPU calls  CPU calls
0                      Timestamp          0          2
1            NDFrame.__getattr__          5          0
2                OpsMixin.__ge__          0          1
3                OpsMixin.__lt__          0          1
4               OpsMixin.__and__          1          0
5                OpsMixin.__eq__          1          0
6          DataFrame.__getitem__          2          0
7                DataFrame.merge          3          0
8              OpsMixin.__rsub__          1          0
9               OpsMixin.__mul__          1          0
10         DataFrame.__setitem__          1          0
11             DataFrame.groupby          1          0
12  DataFrameGroupBy.__getitem__          1          0
13                   GroupBy.sum          1          0
14         DataFrame.sort_values          1          0
        <Execution time>: 186.0
        <Active Vars>: ['total']
        <Future Vars>: []
        <Rewritten Code>:
        ### cell 4 ###

import datetime

# Project only necessary columns to reduce data transfer
orders_sub = orders[['O_ORDERKEY', 'O_CUSTKEY', 'O_ORDERDATE']]
lineitem_sub = lineitem[['L_ORDERKEY', 'L_EXTENDEDPRICE', 'L_DISCOUNT', 'L_RETURNFLAG']]
customer_sub = customer[['C_CUSTKEY', 'C_NAME', 'C_ACCTBAL', 'C_PHONE', 'C_NATIONKEY', 'C_ADDRESS', 'C_COMMENT']]
nation_sub = nation[['N_NATIONKEY', 'N_NAME']]

# Define date bounds as Python datetimes to keep comparisons on the GPU
date1 = datetime.datetime(1994, 11, 1)
date2 = datetime.datetime(1995, 2, 1)

# GPU-native filtering using vectorized comparisons
osel = (orders_sub['O_ORDERDATE'] >= date1) & (orders_sub['O_ORDERDATE'] < date2)
lsel = lineitem_sub['L_RETURNFLAG'] == 'R'
forders = orders_sub[osel]
flineitem = lineitem_sub[lsel]

# Perform joins
jn = flineitem.merge(forders, left_on='L_ORDERKEY', right_on='O_ORDERKEY')
jn = jn.merge(customer_sub, left_on='O_CUSTKEY', right_on='C_CUSTKEY')
jn = jn.merge(nation_sub, left_on='C_NATIONKEY', right_on='N_NATIONKEY')

# Compute revenue per line
jn['TMP'] = jn['L_EXTENDEDPRICE'] * (1.0 - jn['L_DISCOUNT'])

# Aggregate and sort in one chain
total = (
    jn
    .groupby(
        ['C_CUSTKEY','C_NAME','C_ACCTBAL','C_PHONE','N_NAME','C_ADDRESS','C_COMMENT'],
        as_index=False,
        sort=False
    )['TMP']
    .sum()
    .sort_values('TMP', ascending=False)
)
        <Profiling data>:
                                Function  GPU calls  CPU calls
0          DataFrame.__getitem__         11          0
1                OpsMixin.__ge__          1          0
2                OpsMixin.__lt__          1          0
3               OpsMixin.__and__          1          0
4                OpsMixin.__eq__          1          0
5                DataFrame.merge          3          0
6              OpsMixin.__rsub__          1          0
7               OpsMixin.__mul__          1          0
8          DataFrame.__setitem__          1          0
9              DataFrame.groupby          1          0
10  DataFrameGroupBy.__getitem__          1          0
11                   GroupBy.sum          1          0
12         DataFrame.sort_values          1          0
        <Execution time>: 138.0
        <Execution output>: Rewritten time: 138.0 ms
Original time: 186.0 ms
        <Iteration>: 3/5

==========Running the manager agent to decide the next step==========
Choice: optimize
Reason: The rewritten code has already achieved a speedup by optimizing data transfer and utilizing vectorized operations. However, since there are still two iterations left, further optimization could explore using more GPU-efficient libraries such as CuDF or refining join operations to improve performance.
Code optimizer prompt:
        <Original Code>:
        ### cell 4 ###

import datetime

# Project only necessary columns to reduce data transfer
orders_sub = orders[['O_ORDERKEY', 'O_CUSTKEY', 'O_ORDERDATE']]
lineitem_sub = lineitem[['L_ORDERKEY', 'L_EXTENDEDPRICE', 'L_DISCOUNT', 'L_RETURNFLAG']]
customer_sub = customer[['C_CUSTKEY', 'C_NAME', 'C_ACCTBAL', 'C_PHONE', 'C_NATIONKEY', 'C_ADDRESS', 'C_COMMENT']]
nation_sub = nation[['N_NATIONKEY', 'N_NAME']]

# Define date bounds as Python datetimes to keep comparisons on the GPU
date1 = datetime.datetime(1994, 11, 1)
date2 = datetime.datetime(1995, 2, 1)

# GPU-native filtering using vectorized comparisons
osel = (orders_sub['O_ORDERDATE'] >= date1) & (orders_sub['O_ORDERDATE'] < date2)
lsel = lineitem_sub['L_RETURNFLAG'] == 'R'
forders = orders_sub[osel]
flineitem = lineitem_sub[lsel]

# Perform joins
jn = flineitem.merge(forders, left_on='L_ORDERKEY', right_on='O_ORDERKEY')
jn = jn.merge(customer_sub, left_on='O_CUSTKEY', right_on='C_CUSTKEY')
jn = jn.merge(nation_sub, left_on='C_NATIONKEY', right_on='N_NATIONKEY')

# Compute revenue per line
jn['TMP'] = jn['L_EXTENDEDPRICE'] * (1.0 - jn['L_DISCOUNT'])

# Aggregate and sort in one chain
total = (
    jn
    .groupby(
        ['C_CUSTKEY','C_NAME','C_ACCTBAL','C_PHONE','N_NAME','C_ADDRESS','C_COMMENT'],
        as_index=False,
        sort=False
    )['TMP']
    .sum()
    .sort_values('TMP', ascending=False)
)
        <Profiling data>:
                                Function  GPU calls  CPU calls
0          DataFrame.__getitem__         11          0
1                OpsMixin.__ge__          1          0
2                OpsMixin.__lt__          1          0
3               OpsMixin.__and__          1          0
4                OpsMixin.__eq__          1          0
5                DataFrame.merge          3          0
6              OpsMixin.__rsub__          1          0
7               OpsMixin.__mul__          1          0
8          DataFrame.__setitem__          1          0
9              DataFrame.groupby          1          0
10  DataFrameGroupBy.__getitem__          1          0
11                   GroupBy.sum          1          0
12         DataFrame.sort_values          1          0

        <Execution time>: 138.0
        <Active vars>: ['total']

        <Future vars>: []

        <Iteration>: 3/5

Optimizing the last generated code
Parsed response: import datetime

# Define date bounds
date1 = datetime.datetime(1994, 11, 1)
date2 = datetime.datetime(1995, 2, 1)

# One‐chain of vectorized GPU operations: filter, project, join, compute revenue, aggregate & sort
total = (
    lineitem
      .loc[lineitem.L_RETURNFLAG == 'R', ['L_ORDERKEY', 'L_EXTENDEDPRICE', 'L_DISCOUNT']]
      .merge(
          orders.loc[(orders.O_ORDERDATE >= date1) & (orders.O_ORDERDATE < date2), ['O_ORDERKEY', 'O_CUSTKEY']],
          left_on='L_ORDERKEY',
          right_on='O_ORDERKEY'
      )
      .merge(
          customer[['C_CUSTKEY', 'C_NAME', 'C_ACCTBAL', 'C_PHONE', 'C_NATIONKEY', 'C_ADDRESS', 'C_COMMENT']],
          left_on='O_CUSTKEY',
          right_on='C_CUSTKEY'
      )
      .merge(
          nation[['N_NATIONKEY', 'N_NAME']],
          left_on='C_NATIONKEY',
          right_on='N_NATIONKEY'
      )
      .assign(TMP=lambda df: df.L_EXTENDEDPRICE * (1 - df.L_DISCOUNT))
      .groupby(
          ['C_CUSTKEY', 'C_NAME', 'C_ACCTBAL', 'C_PHONE', 'N_NAME', 'C_ADDRESS', 'C_COMMENT'],
          as_index=False,
          sort=False
      )['TMP']
      .sum()
      .sort_values('TMP', ascending=False)
)

Try 2: calling rewrite agent for cell 4 took 55.159297466278076 seconds.
Executing rewritten code... ### cell 4 ###

import datetime

# Define date bounds
date1 = datetime.datetime(1994, 11, 1)
date2 = datetime.datetime(1995, 2, 1)

# One‐chain of vectorized GPU operations: filter, project, join, compute revenue, aggregate & sort
total = (
    lineitem
      .loc[lineitem.L_RETURNFLAG == 'R', ['L_ORDERKEY', 'L_EXTENDEDPRICE', 'L_DISCOUNT']]
      .merge(
          orders.loc[(orders.O_ORDERDATE >= date1) & (orders.O_ORDERDATE < date2), ['O_ORDERKEY', 'O_CUSTKEY']],
          left_on='L_ORDERKEY',
          right_on='O_ORDERKEY'
      )
      .merge(
          customer[['C_CUSTKEY', 'C_NAME', 'C_ACCTBAL', 'C_PHONE', 'C_NATIONKEY', 'C_ADDRESS', 'C_COMMENT']],
          left_on='O_CUSTKEY',
          right_on='C_CUSTKEY'
      )
      .merge(
          nation[['N_NATIONKEY', 'N_NAME']],
          left_on='C_NATIONKEY',
          right_on='N_NATIONKEY'
      )
      .assign(TMP=lambda df: df.L_EXTENDEDPRICE * (1 - df.L_DISCOUNT))
      .groupby(
          ['C_CUSTKEY', 'C_NAME', 'C_ACCTBAL', 'C_PHONE', 'N_NAME', 'C_ADDRESS', 'C_COMMENT'],
          as_index=False,
          sort=False
      )['TMP']
      .sum()
      .sort_values('TMP', ascending=False)
)

HAHA rewritten pre-checkpoint path:  /home/dias-benchmarks/tpch/notebooks/q10/annotated/checkpoints/pre_cell_4.pickle
Running rewritten cell notebook
Finished executing the rewritten code.
Try 2: executing the rewritten code for cell 4 took 30.402234315872192 seconds.
Rewritten time: 131.0 ms
Checkpointing the rewritten cell for small notebook...
The rewritten code is correct. Profiling cudf...
HAHA small rewritten pre-checkpoint path:  /home/dias-benchmarks/tpch/notebooks/q10/q10_rewrite/checkpoints/pre_cell_4.pickle
Try 2: cudf profiling the rewritten code for cell 4 took 9.884907007217407 seconds.
gpu_calls_orig_perc: 1.0, gpu_calls_opt_perc: 1.0
orig_time: 138.0, opt_time: 131.0
Both the call ratio and the time are better.
Rewritten code took 131.0ms. The previous fastest solution took 186.0ms.
Previous best solution num GPU and CPU calls:  25 0
New solution num GPU and CPU calls:  20 0
Accepted the rewritten code.
Setting best_rewritten_post_checkpoint_path to  /home/dias-benchmarks/tpch/notebooks/q10/rewritten/o4_mini_high/checkpoints/post_cell_4_try_2.pickle
Setting best_small_rewritten_post_checkpoint_path to  /home/dias-benchmarks/tpch/notebooks/q10/rewritten/o4_mini_high_small/checkpoints/post_cell_4_try_2.pickle
========================================================
Rewriting cell 4... Try 3...
Manager agent prompt:
        <Original Code>:
        ### cell 4 ###


date1 = pd.Timestamp("1994-11-01")
date2 = pd.Timestamp("1995-02-01")
osel = (orders.O_ORDERDATE >= date1) & (orders.O_ORDERDATE < date2)
lsel = lineitem.L_RETURNFLAG == "R"
forders = orders[osel]
flineitem = lineitem[lsel]
jn1 = flineitem.merge(forders, left_on="L_ORDERKEY", right_on="O_ORDERKEY")
jn2 = jn1.merge(customer, left_on="O_CUSTKEY", right_on="C_CUSTKEY")
jn3 = jn2.merge(nation, left_on="C_NATIONKEY", right_on="N_NATIONKEY")
jn3["TMP"] = jn3.L_EXTENDEDPRICE * (1.0 - jn3.L_DISCOUNT)
gb = jn3.groupby(
    [
        "C_CUSTKEY",
        "C_NAME",
        "C_ACCTBAL",
        "C_PHONE",
        "N_NAME",
        "C_ADDRESS",
        "C_COMMENT",
    ],
    as_index=False,
    sort=False,
)["TMP"].sum()
total = gb.sort_values("TMP", ascending=False)


        <Profiling data>:
                                Function  GPU calls  CPU calls
0                      Timestamp          0          2
1            NDFrame.__getattr__          5          0
2                OpsMixin.__ge__          0          1
3                OpsMixin.__lt__          0          1
4               OpsMixin.__and__          1          0
5                OpsMixin.__eq__          1          0
6          DataFrame.__getitem__          2          0
7                DataFrame.merge          3          0
8              OpsMixin.__rsub__          1          0
9               OpsMixin.__mul__          1          0
10         DataFrame.__setitem__          1          0
11             DataFrame.groupby          1          0
12  DataFrameGroupBy.__getitem__          1          0
13                   GroupBy.sum          1          0
14         DataFrame.sort_values          1          0
        <Execution time>: 186.0
        <Active Vars>: ['total']
        <Future Vars>: []
        <Rewritten Code>:
        ### cell 4 ###

import datetime

# Define date bounds
date1 = datetime.datetime(1994, 11, 1)
date2 = datetime.datetime(1995, 2, 1)

# One‐chain of vectorized GPU operations: filter, project, join, compute revenue, aggregate & sort
total = (
    lineitem
      .loc[lineitem.L_RETURNFLAG == 'R', ['L_ORDERKEY', 'L_EXTENDEDPRICE', 'L_DISCOUNT']]
      .merge(
          orders.loc[(orders.O_ORDERDATE >= date1) & (orders.O_ORDERDATE < date2), ['O_ORDERKEY', 'O_CUSTKEY']],
          left_on='L_ORDERKEY',
          right_on='O_ORDERKEY'
      )
      .merge(
          customer[['C_CUSTKEY', 'C_NAME', 'C_ACCTBAL', 'C_PHONE', 'C_NATIONKEY', 'C_ADDRESS', 'C_COMMENT']],
          left_on='O_CUSTKEY',
          right_on='C_CUSTKEY'
      )
      .merge(
          nation[['N_NATIONKEY', 'N_NAME']],
          left_on='C_NATIONKEY',
          right_on='N_NATIONKEY'
      )
      .assign(TMP=lambda df: df.L_EXTENDEDPRICE * (1 - df.L_DISCOUNT))
      .groupby(
          ['C_CUSTKEY', 'C_NAME', 'C_ACCTBAL', 'C_PHONE', 'N_NAME', 'C_ADDRESS', 'C_COMMENT'],
          as_index=False,
          sort=False
      )['TMP']
      .sum()
      .sort_values('TMP', ascending=False)
)

        <Profiling data>:
                                Function  GPU calls  CPU calls
0                      DataFrame          1          0
1            NDFrame.__getattr__          3          0
2                OpsMixin.__eq__          1          0
3   _LocationIndexer.__getitem__          2          0
4                OpsMixin.__ge__          1          0
5                OpsMixin.__lt__          1          0
6               OpsMixin.__and__          1          0
7                DataFrame.merge          3          0
8          DataFrame.__getitem__          2          0
9               DataFrame.assign          1          0
10             DataFrame.groupby          1          0
11  DataFrameGroupBy.__getitem__          1          0
12                   GroupBy.sum          1          0
13         DataFrame.sort_values          1          0
        <Execution time>: 131.0
        <Execution output>: Rewritten time: 131.0 ms
Original time: 186.0 ms
        <Iteration>: 4/5

==========Running the manager agent to decide the next step==========
Choice: optimize
Reason: The rewritten code shows a significant improvement in execution time (rewriting reduced time from 186 ms to 131 ms). However, since this is the second iteration and there might be additional opportunities for improvement, it's beneficial to explore further optimizations in this rewritten code.
Code optimizer prompt:
        <Original Code>:
        ### cell 4 ###

import datetime

# Define date bounds
date1 = datetime.datetime(1994, 11, 1)
date2 = datetime.datetime(1995, 2, 1)

# One‐chain of vectorized GPU operations: filter, project, join, compute revenue, aggregate & sort
total = (
    lineitem
      .loc[lineitem.L_RETURNFLAG == 'R', ['L_ORDERKEY', 'L_EXTENDEDPRICE', 'L_DISCOUNT']]
      .merge(
          orders.loc[(orders.O_ORDERDATE >= date1) & (orders.O_ORDERDATE < date2), ['O_ORDERKEY', 'O_CUSTKEY']],
          left_on='L_ORDERKEY',
          right_on='O_ORDERKEY'
      )
      .merge(
          customer[['C_CUSTKEY', 'C_NAME', 'C_ACCTBAL', 'C_PHONE', 'C_NATIONKEY', 'C_ADDRESS', 'C_COMMENT']],
          left_on='O_CUSTKEY',
          right_on='C_CUSTKEY'
      )
      .merge(
          nation[['N_NATIONKEY', 'N_NAME']],
          left_on='C_NATIONKEY',
          right_on='N_NATIONKEY'
      )
      .assign(TMP=lambda df: df.L_EXTENDEDPRICE * (1 - df.L_DISCOUNT))
      .groupby(
          ['C_CUSTKEY', 'C_NAME', 'C_ACCTBAL', 'C_PHONE', 'N_NAME', 'C_ADDRESS', 'C_COMMENT'],
          as_index=False,
          sort=False
      )['TMP']
      .sum()
      .sort_values('TMP', ascending=False)
)

        <Profiling data>:
                                Function  GPU calls  CPU calls
0                      DataFrame          1          0
1            NDFrame.__getattr__          3          0
2                OpsMixin.__eq__          1          0
3   _LocationIndexer.__getitem__          2          0
4                OpsMixin.__ge__          1          0
5                OpsMixin.__lt__          1          0
6               OpsMixin.__and__          1          0
7                DataFrame.merge          3          0
8          DataFrame.__getitem__          2          0
9               DataFrame.assign          1          0
10             DataFrame.groupby          1          0
11  DataFrameGroupBy.__getitem__          1          0
12                   GroupBy.sum          1          0
13         DataFrame.sort_values          1          0

        <Execution time>: 131.0
        <Active vars>: ['total']

        <Future vars>: []

        <Iteration>: 4/5

Optimizing the last generated code
Parsed response: # Compute revenue early and drop unnecessary columns to reduce data shuffled
rev = (
    lineitem
    .loc[lineitem.L_RETURNFLAG == 'R', ['L_ORDERKEY', 'L_EXTENDEDPRICE', 'L_DISCOUNT']]
    .assign(TMP=lambda df: df.L_EXTENDEDPRICE * (1 - df.L_DISCOUNT))
    .drop(['L_EXTENDEDPRICE', 'L_DISCOUNT'], axis=1)
)

# Filter orders by date
ord_f = orders.loc[
    (orders.O_ORDERDATE >= date1) & (orders.O_ORDERDATE < date2),
    ['O_ORDERKEY', 'O_CUSTKEY']
]

# Pre‐select customer and nation columns
cust_sel = customer[
    ['C_CUSTKEY', 'C_NAME', 'C_ACCTBAL', 'C_PHONE', 'C_NATIONKEY', 'C_ADDRESS', 'C_COMMENT']
]
nation_sel = nation[['N_NATIONKEY', 'N_NAME']]

# Perform joins on smaller intermediate tables
total = (
    rev
    .merge(ord_f, left_on='L_ORDERKEY', right_on='O_ORDERKEY')
    .merge(cust_sel, left_on='O_CUSTKEY', right_on='C_CUSTKEY')
    .merge(nation_sel, left_on='C_NATIONKEY', right_on='N_NATIONKEY')
    .groupby(
        ['C_CUSTKEY', 'C_NAME', 'C_ACCTBAL', 'C_PHONE', 'N_NAME', 'C_ADDRESS', 'C_COMMENT'],
        as_index=False,
        sort=False
    )['TMP']
    .sum()
    .sort_values('TMP', ascending=False)
)

Try 3: calling rewrite agent for cell 4 took 29.36425518989563 seconds.
Executing rewritten code... ### cell 4 ###

# Compute revenue early and drop unnecessary columns to reduce data shuffled
rev = (
    lineitem
    .loc[lineitem.L_RETURNFLAG == 'R', ['L_ORDERKEY', 'L_EXTENDEDPRICE', 'L_DISCOUNT']]
    .assign(TMP=lambda df: df.L_EXTENDEDPRICE * (1 - df.L_DISCOUNT))
    .drop(['L_EXTENDEDPRICE', 'L_DISCOUNT'], axis=1)
)

# Filter orders by date
ord_f = orders.loc[
    (orders.O_ORDERDATE >= date1) & (orders.O_ORDERDATE < date2),
    ['O_ORDERKEY', 'O_CUSTKEY']
]

# Pre‐select customer and nation columns
cust_sel = customer[
    ['C_CUSTKEY', 'C_NAME', 'C_ACCTBAL', 'C_PHONE', 'C_NATIONKEY', 'C_ADDRESS', 'C_COMMENT']
]
nation_sel = nation[['N_NATIONKEY', 'N_NAME']]

# Perform joins on smaller intermediate tables
total = (
    rev
    .merge(ord_f, left_on='L_ORDERKEY', right_on='O_ORDERKEY')
    .merge(cust_sel, left_on='O_CUSTKEY', right_on='C_CUSTKEY')
    .merge(nation_sel, left_on='C_NATIONKEY', right_on='N_NATIONKEY')
    .groupby(
        ['C_CUSTKEY', 'C_NAME', 'C_ACCTBAL', 'C_PHONE', 'N_NAME', 'C_ADDRESS', 'C_COMMENT'],
        as_index=False,
        sort=False
    )['TMP']
    .sum()
    .sort_values('TMP', ascending=False)
)

HAHA rewritten pre-checkpoint path:  /home/dias-benchmarks/tpch/notebooks/q10/annotated/checkpoints/pre_cell_4.pickle
Running rewritten cell notebook
An unexpected error occurred Execution failed in cell %%RecordEvent
%%time
### cell 4 ###

# Compute revenue early and drop unnecessary columns to reduce data shuffled
rev = (
    lineitem
    .loc[lineitem.L_RETURNFLAG == 'R', ['L_ORDERKEY', 'L_EXTENDEDPRICE', 'L_DISCOUNT']]
    .assign(TMP=lambda df: df.L_EXTENDEDPRICE * (1 - df.L_DISCOUNT))
    .drop(['L_EXTENDEDPRICE', 'L_DISCOUNT'], axis=1)
)

# Filter orders by date
ord_f = orders.loc[
    (orders.O_ORDERDATE >= date1) & (orders.O_ORDERDATE < date2),
    ['O_ORDERKEY', 'O_CUSTKEY']
]

# Pre‐select customer and nation columns
cust_sel = customer[
    ['C_CUSTKEY', 'C_NAME', 'C_ACCTBAL', 'C_PHONE', 'C_NATIONKEY', 'C_ADDRESS', 'C_COMMENT']
]
nation_sel = nation[['N_NATIONKEY', 'N_NAME']]

# Perform joins on smaller intermediate tables
total = (
    rev
    .merge(ord_f, left_on='L_ORDERKEY', right_on='O_ORDERKEY')
    .merge(cust_sel, left_on='O_CUSTKEY', right_on='C_CUSTKEY')
    .merge(nation_sel, left_on='C_NATIONKEY', right_on='N_NATIONKEY')
    .groupby(
        ['C_CUSTKEY', 'C_NAME', 'C_ACCTBAL', 'C_PHONE', 'N_NAME', 'C_ADDRESS', 'C_COMMENT'],
        as_index=False,
        sort=False
    )['TMP']
    .sum()
    .sort_values('TMP', ascending=False)
)
: name 'date1' is not defined
Rewritten time: inf ms
Checkpointing the rewritten cell for small notebook...
========================================================
Rewriting cell 4... Try 4...
Manager agent prompt:
        <Original Code>:
        ### cell 4 ###


date1 = pd.Timestamp("1994-11-01")
date2 = pd.Timestamp("1995-02-01")
osel = (orders.O_ORDERDATE >= date1) & (orders.O_ORDERDATE < date2)
lsel = lineitem.L_RETURNFLAG == "R"
forders = orders[osel]
flineitem = lineitem[lsel]
jn1 = flineitem.merge(forders, left_on="L_ORDERKEY", right_on="O_ORDERKEY")
jn2 = jn1.merge(customer, left_on="O_CUSTKEY", right_on="C_CUSTKEY")
jn3 = jn2.merge(nation, left_on="C_NATIONKEY", right_on="N_NATIONKEY")
jn3["TMP"] = jn3.L_EXTENDEDPRICE * (1.0 - jn3.L_DISCOUNT)
gb = jn3.groupby(
    [
        "C_CUSTKEY",
        "C_NAME",
        "C_ACCTBAL",
        "C_PHONE",
        "N_NAME",
        "C_ADDRESS",
        "C_COMMENT",
    ],
    as_index=False,
    sort=False,
)["TMP"].sum()
total = gb.sort_values("TMP", ascending=False)


        <Profiling data>:
                                Function  GPU calls  CPU calls
0                      Timestamp          0          2
1            NDFrame.__getattr__          5          0
2                OpsMixin.__ge__          0          1
3                OpsMixin.__lt__          0          1
4               OpsMixin.__and__          1          0
5                OpsMixin.__eq__          1          0
6          DataFrame.__getitem__          2          0
7                DataFrame.merge          3          0
8              OpsMixin.__rsub__          1          0
9               OpsMixin.__mul__          1          0
10         DataFrame.__setitem__          1          0
11             DataFrame.groupby          1          0
12  DataFrameGroupBy.__getitem__          1          0
13                   GroupBy.sum          1          0
14         DataFrame.sort_values          1          0
        <Execution time>: 186.0
        <Active Vars>: ['total']
        <Future Vars>: []
        <Rewritten Code>:
        ### cell 4 ###

# Compute revenue early and drop unnecessary columns to reduce data shuffled
rev = (
    lineitem
    .loc[lineitem.L_RETURNFLAG == 'R', ['L_ORDERKEY', 'L_EXTENDEDPRICE', 'L_DISCOUNT']]
    .assign(TMP=lambda df: df.L_EXTENDEDPRICE * (1 - df.L_DISCOUNT))
    .drop(['L_EXTENDEDPRICE', 'L_DISCOUNT'], axis=1)
)

# Filter orders by date
ord_f = orders.loc[
    (orders.O_ORDERDATE >= date1) & (orders.O_ORDERDATE < date2),
    ['O_ORDERKEY', 'O_CUSTKEY']
]

# Pre‐select customer and nation columns
cust_sel = customer[
    ['C_CUSTKEY', 'C_NAME', 'C_ACCTBAL', 'C_PHONE', 'C_NATIONKEY', 'C_ADDRESS', 'C_COMMENT']
]
nation_sel = nation[['N_NATIONKEY', 'N_NAME']]

# Perform joins on smaller intermediate tables
total = (
    rev
    .merge(ord_f, left_on='L_ORDERKEY', right_on='O_ORDERKEY')
    .merge(cust_sel, left_on='O_CUSTKEY', right_on='C_CUSTKEY')
    .merge(nation_sel, left_on='C_NATIONKEY', right_on='N_NATIONKEY')
    .groupby(
        ['C_CUSTKEY', 'C_NAME', 'C_ACCTBAL', 'C_PHONE', 'N_NAME', 'C_ADDRESS', 'C_COMMENT'],
        as_index=False,
        sort=False
    )['TMP']
    .sum()
    .sort_values('TMP', ascending=False)
)

        <Profiling data>:
                                Function  GPU calls  CPU calls
0                      DataFrame          1          0
1            NDFrame.__getattr__          3          0
2                OpsMixin.__eq__          1          0
3   _LocationIndexer.__getitem__          2          0
4                OpsMixin.__ge__          1          0
5                OpsMixin.__lt__          1          0
6               OpsMixin.__and__          1          0
7                DataFrame.merge          3          0
8          DataFrame.__getitem__          2          0
9               DataFrame.assign          1          0
10             DataFrame.groupby          1          0
11  DataFrameGroupBy.__getitem__          1          0
12                   GroupBy.sum          1          0
13         DataFrame.sort_values          1          0
        <Execution time>: inf
        <Execution output>: The rewritten code resulted in a runtime error. Execution failed in cell %%RecordEvent
%%time
### cell 4 ###

# Compute revenue early and drop unnecessary columns to reduce data shuffled
rev = (
    lineitem
    .loc[lineitem.L_RETURNFLAG == 'R', ['L_ORDERKEY', 'L_EXTENDEDPRICE', 'L_DISCOUNT']]
    .assign(TMP=lambda df: df.L_EXTENDEDPRICE * (1 - df.L_DISCOUNT))
    .drop(['L_EXTENDEDPRICE', 'L_DISCOUNT'], axis=1)
)

# Filter orders by date
ord_f = orders.loc[
    (orders.O_ORDERDATE >= date1) & (orders.O_ORDERDATE < date2),
    ['O_ORDERKEY', 'O_CUSTKEY']
]

# Pre‐select customer and nation columns
cust_sel = customer[
    ['C_CUSTKEY', 'C_NAME', 'C_ACCTBAL', 'C_PHONE', 'C_NATIONKEY', 'C_ADDRESS', 'C_COMMENT']
]
nation_sel = nation[['N_NATIONKEY', 'N_NAME']]

# Perform joins on smaller intermediate tables
total = (
    rev
    .merge(ord_f, left_on='L_ORDERKEY', right_on='O_ORDERKEY')
    .merge(cust_sel, left_on='O_CUSTKEY', right_on='C_CUSTKEY')
    .merge(nation_sel, left_on='C_NATIONKEY', right_on='N_NATIONKEY')
    .groupby(
        ['C_CUSTKEY', 'C_NAME', 'C_ACCTBAL', 'C_PHONE', 'N_NAME', 'C_ADDRESS', 'C_COMMENT'],
        as_index=False,
        sort=False
    )['TMP']
    .sum()
    .sort_values('TMP', ascending=False)
)
: name 'date1' is not defined
        <Iteration>: 5/5

==========Running the manager agent to decide the next step==========
Choice: new
Reason: There is a runtime error in the existing rewritten code due to an undefined variable 'date1'. Additionally, this is the last iteration available and the rewritten code failed, so we should attempt a new approach by optimizing the original code again.
Generating new code from the original code
Prompt:
        <Original Code>:
        ### cell 4 ###


date1 = pd.Timestamp("1994-11-01")
date2 = pd.Timestamp("1995-02-01")
osel = (orders.O_ORDERDATE >= date1) & (orders.O_ORDERDATE < date2)
lsel = lineitem.L_RETURNFLAG == "R"
forders = orders[osel]
flineitem = lineitem[lsel]
jn1 = flineitem.merge(forders, left_on="L_ORDERKEY", right_on="O_ORDERKEY")
jn2 = jn1.merge(customer, left_on="O_CUSTKEY", right_on="C_CUSTKEY")
jn3 = jn2.merge(nation, left_on="C_NATIONKEY", right_on="N_NATIONKEY")
jn3["TMP"] = jn3.L_EXTENDEDPRICE * (1.0 - jn3.L_DISCOUNT)
gb = jn3.groupby(
    [
        "C_CUSTKEY",
        "C_NAME",
        "C_ACCTBAL",
        "C_PHONE",
        "N_NAME",
        "C_ADDRESS",
        "C_COMMENT",
    ],
    as_index=False,
    sort=False,
)["TMP"].sum()
total = gb.sort_values("TMP", ascending=False)


        <Profiling data>:
                                Function  GPU calls  CPU calls
0                      Timestamp          0          2
1            NDFrame.__getattr__          5          0
2                OpsMixin.__ge__          0          1
3                OpsMixin.__lt__          0          1
4               OpsMixin.__and__          1          0
5                OpsMixin.__eq__          1          0
6          DataFrame.__getitem__          2          0
7                DataFrame.merge          3          0
8              OpsMixin.__rsub__          1          0
9               OpsMixin.__mul__          1          0
10         DataFrame.__setitem__          1          0
11             DataFrame.groupby          1          0
12  DataFrameGroupBy.__getitem__          1          0
13                   GroupBy.sum          1          0
14         DataFrame.sort_values          1          0

        <Execution time>: 186.0
        <Active vars>: ['total']

        <Future vars>: []

        <Iteration>: 5/5

Code: # Optimized for cudf: avoid CPU-side Timestamp conversions
osel = (orders.O_ORDERDATE >= '1994-11-01') & (orders.O_ORDERDATE < '1995-02-01')
lsel = lineitem.L_RETURNFLAG == 'R'

# Filter once
forders = orders[osel]
flineitem = lineitem[lsel]

# Chain merges to minimize intermediates
jn3 = (flineitem
       .merge(forders,     left_on='L_ORDERKEY', right_on='O_ORDERKEY')
       .merge(customer,    left_on='O_CUSTKEY',  right_on='C_CUSTKEY')
       .merge(nation,      left_on='C_NATIONKEY',right_on='N_NATIONKEY'))

# Compute TMP and aggregate
jn3['TMP'] = jn3.L_EXTENDEDPRICE * (1.0 - jn3.L_DISCOUNT)
total = (
    jn3
    .groupby(
        ['C_CUSTKEY','C_NAME','C_ACCTBAL','C_PHONE','N_NAME','C_ADDRESS','C_COMMENT'],
        as_index=False,
        sort=False
    )['TMP']
    .sum()
    .sort_values('TMP', ascending=False)
)

Reason: Replaced pd.Timestamp with string literals so cudf can parse dates on GPU, eliminating CPU-side Timestamp calls. Chained merges reduce intermediate DataFrame allocations.
Parsed response: # Optimized for cudf: avoid CPU-side Timestamp conversions
osel = (orders.O_ORDERDATE >= '1994-11-01') & (orders.O_ORDERDATE < '1995-02-01')
lsel = lineitem.L_RETURNFLAG == 'R'

# Filter once
forders = orders[osel]
flineitem = lineitem[lsel]

# Chain merges to minimize intermediates
jn3 = (flineitem
       .merge(forders,     left_on='L_ORDERKEY', right_on='O_ORDERKEY')
       .merge(customer,    left_on='O_CUSTKEY',  right_on='C_CUSTKEY')
       .merge(nation,      left_on='C_NATIONKEY',right_on='N_NATIONKEY'))

# Compute TMP and aggregate
jn3['TMP'] = jn3.L_EXTENDEDPRICE * (1.0 - jn3.L_DISCOUNT)
total = (
    jn3
    .groupby(
        ['C_CUSTKEY','C_NAME','C_ACCTBAL','C_PHONE','N_NAME','C_ADDRESS','C_COMMENT'],
        as_index=False,
        sort=False
    )['TMP']
    .sum()
    .sort_values('TMP', ascending=False)
)

Try 4: calling rewrite agent for cell 4 took 17.951764822006226 seconds.
Executing rewritten code... ### cell 4 ###

# Optimized for cudf: avoid CPU-side Timestamp conversions
osel = (orders.O_ORDERDATE >= '1994-11-01') & (orders.O_ORDERDATE < '1995-02-01')
lsel = lineitem.L_RETURNFLAG == 'R'

# Filter once
forders = orders[osel]
flineitem = lineitem[lsel]

# Chain merges to minimize intermediates
jn3 = (flineitem
       .merge(forders,     left_on='L_ORDERKEY', right_on='O_ORDERKEY')
       .merge(customer,    left_on='O_CUSTKEY',  right_on='C_CUSTKEY')
       .merge(nation,      left_on='C_NATIONKEY',right_on='N_NATIONKEY'))

# Compute TMP and aggregate
jn3['TMP'] = jn3.L_EXTENDEDPRICE * (1.0 - jn3.L_DISCOUNT)
total = (
    jn3
    .groupby(
        ['C_CUSTKEY','C_NAME','C_ACCTBAL','C_PHONE','N_NAME','C_ADDRESS','C_COMMENT'],
        as_index=False,
        sort=False
    )['TMP']
    .sum()
    .sort_values('TMP', ascending=False)
)

HAHA rewritten pre-checkpoint path:  /home/dias-benchmarks/tpch/notebooks/q10/annotated/checkpoints/pre_cell_4.pickle
Running rewritten cell notebook
Finished executing the rewritten code.
Try 4: executing the rewritten code for cell 4 took 33.75359630584717 seconds.
Rewritten time: 162.0 ms
Checkpointing the rewritten cell for small notebook...
The rewritten code is correct. Profiling cudf...
HAHA small rewritten pre-checkpoint path:  /home/dias-benchmarks/tpch/notebooks/q10/q10_rewrite/checkpoints/pre_cell_4.pickle
Try 4: cudf profiling the rewritten code for cell 4 took 9.479360818862915 seconds.
gpu_calls_orig_perc: 1.0, gpu_calls_opt_perc: 1.0
orig_time: 131.0, opt_time: 162.0
Ratio improves.
Improvement in percentage does not make up for the slowdown.
Rewritten code took 162.0ms. The previous fastest solution took 186.0ms.
Previous best solution num GPU and CPU calls:  20 0
New solution num GPU and CPU calls:  21 0
========================================================
After rewriting cell  4
Rewritten pre-checkpoint path: /home/dias-benchmarks/tpch/notebooks/q10/rewritten/o4_mini_high/checkpoints/post_cell_4_try_2.pickle
Pre-checkpoint path: /home/dias-benchmarks/tpch/notebooks/q10/annotated/checkpoints/post_cell_4.pickle
========================================================
Cell 4 rewriting took 533.4093804359436 seconds.
Getting original timing for cell 5
HAHA original checkpoint path:  /home/dias-benchmarks/tpch/notebooks/q10/annotated/checkpoints/post_cell_4.pickle
Setting initially best_rewritten_post_checkpoint_path:  /home/dias-benchmarks/tpch/notebooks/q10/annotated/checkpoints/post_cell_5.pickle
Setting initially best_small_rewritten_post_checkpoint_path:  /home/dias-benchmarks/tpch/notebooks/q10/q10_rewrite/checkpoints/pre_cell_6.pickle
========================================================
Rewriting cell 5... Try 0...
Manager agent prompt:
        <Original Code>:
        ### cell 5 ###

total.info()
        <Profiling data>:
                 Function  GPU calls  CPU calls
0  DataFrame.info          1          0

        <Execution time>: 20.0
        <Active vars>: []

        <Future vars>: []

        <Iteration>: 1/5

==========Running the manager agent to decide the next step==========
Choice: done
Reason: The code uses the DataFrame.info() function which is for debugging purposes and does not require further optimization.
Code is already optimized
Try 0: calling rewrite agent for cell 5 took 1.3319244384765625 seconds.
There is no need to rewrite the cell.
Could not rewrite the cell. Continuing to next cell...
========================================================
After rewriting cell  5
Rewritten pre-checkpoint path: /home/dias-benchmarks/tpch/notebooks/q10/annotated/checkpoints/post_cell_5.pickle
Pre-checkpoint path: /home/dias-benchmarks/tpch/notebooks/q10/annotated/checkpoints/post_cell_5.pickle
========================================================
Cell 5 rewriting took 48.04160475730896 seconds.
Rewrote notebook in 612.1815140247345 seconds
