Annotated notebook saved to /home/dias-benchmarks/tpch/notebooks/q11/cell_exec_info.ipynb
Executing code: import sys, os
sys.path.insert(0, os.path.abspath('/home/ElasticNotebook'))
%load_ext ElasticNotebook
from elastic.core.common.pandas import compare_df
import pickle
import cudf
Executing code: %%RecordEventWithColumnInfo
# %load_ext cudf.pandas
import sys, os
tpch_parent = os.path.abspath(os.path.join(os.getcwd(), ".."))
sys.path.insert(0, tpch_parent)
# from tpch import load_partsupp, load_supplier, load_nation, q11
import pandas as pd
DATA_ROOT = "/home/dias-benchmarks/tpch/data"
STORAGE_OPTS = {}


Executing code: %%RecordEventWithColumnInfo
### cell 0 ###

def load_partsupp(
    data_folder: str, **storage_options
) -> pd.DataFrame:
    data_path = data_folder + "/partsupp.tbl"
    # df = pd.read_parquet(
    #     data_path,  storage_options=storage_options
    # )
    df = pd.read_csv(data_path, sep="|")
    return df

partsupp = load_partsupp(DATA_ROOT, **STORAGE_OPTS)
Executing code: %%RecordEventWithColumnInfo
### cell 1 ###

def load_supplier(
    data_folder: str, **storage_options
) -> pd.DataFrame:
    data_path = data_folder + "/supplier.tbl"
    # df = pd.read_parquet(
    #     data_path,  storage_options=storage_options
    # )
    df = pd.read_csv(data_path, sep="|")
    return df
supplier = load_supplier(DATA_ROOT, **STORAGE_OPTS)

Executing code: %%RecordEventWithColumnInfo
### cell 2 ###

def load_nation(
    data_folder: str, **storage_options
) -> pd.DataFrame:
    data_path = data_folder + "/nation.tbl"
    # df = pd.read_parquet(
    #     data_path,  storage_options=storage_options
    # )
    df = pd.read_csv(data_path, sep="|")
    return df
nation = load_nation(DATA_ROOT, **STORAGE_OPTS)
Executing code: %%RecordEventWithColumnInfo
### cell 3 ###


partsupp_filtered = partsupp.loc[:, ["PS_PARTKEY", "PS_SUPPKEY"]]
partsupp_filtered["TOTAL_COST"] = (
    partsupp["PS_SUPPLYCOST"] * partsupp["PS_AVAILQTY"]
)
supplier_filtered = supplier.loc[:, ["S_SUPPKEY", "S_NATIONKEY"]]
ps_supp_merge = partsupp_filtered.merge(
    supplier_filtered, left_on="PS_SUPPKEY", right_on="S_SUPPKEY", how="inner"
)
ps_supp_merge = ps_supp_merge.loc[:, ["PS_PARTKEY", "S_NATIONKEY", "TOTAL_COST"]]
nation_filtered = nation[(nation["N_NAME"] == "GERMANY")]
nation_filtered = nation_filtered.loc[:, ["N_NATIONKEY"]]
ps_supp_n_merge = ps_supp_merge.merge(
    nation_filtered, left_on="S_NATIONKEY", right_on="N_NATIONKEY", how="inner"
)
ps_supp_n_merge = ps_supp_n_merge.loc[:, ["PS_PARTKEY", "TOTAL_COST"]]
sum_val = ps_supp_n_merge["TOTAL_COST"].sum() * 0.0001
total = ps_supp_n_merge.groupby(["PS_PARTKEY"], as_index=False, sort=False).agg(
    VALUE=pd.NamedAgg(column="TOTAL_COST", aggfunc="sum")
)
total = total[total["VALUE"] > sum_val]
total = total.sort_values("VALUE", ascending=False)

Executing code: %%RecordEventWithColumnInfo
### cell 4 ###

total.info()
Executing code: %PrintCellInfo cell_exec_info
Executing code: %reset -f
Executing code: %reload_ext ElasticNotebook
Ran small notebook to get cell exec info in 12.020902395248413 seconds
Getting cudf profile information...
Annotated notebook saved to /home/dias-benchmarks/tpch/notebooks/q11/cudf_profile.ipynb
Done getting cudf profile information.
Ran small notebook to get cudf profile info in 25.738688945770264 seconds
Annotated notebook saved to /home/dias-benchmarks/tpch/notebooks/q11/annotated.ipynb
Executing code: %reset -f
Executing code: %reload_ext ElasticNotebook
Executing code: %load_ext cudf.pandas
Executing code: import sys, os
sys.path.insert(0, os.path.abspath('/home/ElasticNotebook'))
%load_ext ElasticNotebook
from elastic.core.common.pandas import compare_df
import pickle
import cudf
Executing code: %%RecordEvent
# %load_ext cudf.pandas
import sys, os
tpch_parent = os.path.abspath(os.path.join(os.getcwd(), ".."))
sys.path.insert(0, tpch_parent)
# from tpch import load_partsupp, load_supplier, load_nation, q11
import pandas as pd
DATA_ROOT = "/home/dias-benchmarks/tpch/data"
STORAGE_OPTS = {}


Executing code: %%RecordEvent
%%time
### cell 0 ###

def load_partsupp(
    data_folder: str, **storage_options
) -> pd.DataFrame:
    data_path = data_folder + "/partsupp.tbl"
    # df = pd.read_parquet(
    #     data_path,  storage_options=storage_options
    # )
    df = pd.read_csv(data_path, sep="|")
    return df

partsupp = load_partsupp(DATA_ROOT, **STORAGE_OPTS)
Executing code: %%RecordEvent
%%time
### cell 1 ###

def load_supplier(
    data_folder: str, **storage_options
) -> pd.DataFrame:
    data_path = data_folder + "/supplier.tbl"
    # df = pd.read_parquet(
    #     data_path,  storage_options=storage_options
    # )
    df = pd.read_csv(data_path, sep="|")
    return df
supplier = load_supplier(DATA_ROOT, **STORAGE_OPTS)

Executing code: %%RecordEvent
%%time
### cell 2 ###

def load_nation(
    data_folder: str, **storage_options
) -> pd.DataFrame:
    data_path = data_folder + "/nation.tbl"
    # df = pd.read_parquet(
    #     data_path,  storage_options=storage_options
    # )
    df = pd.read_csv(data_path, sep="|")
    return df
nation = load_nation(DATA_ROOT, **STORAGE_OPTS)
Executing code: %Checkpoint /home/dias-benchmarks/tpch/notebooks/q11/annotated/checkpoints/pre_cell_3.pickle
Checkpointing took 0.0007269382476806641 seconds.
========================================================
Cell  3
Rewritten pre-checkpoint path: /home/dias-benchmarks/tpch/notebooks/q11/annotated/checkpoints/pre_cell_3.pickle
Pre-checkpoint path: /home/dias-benchmarks/tpch/notebooks/q11/annotated/checkpoints/pre_cell_3.pickle
Small rewritten pre-checkpoint path: /home/dias-benchmarks/tpch/notebooks/q11/q11_rewrite/checkpoints/pre_cell_3.pickle
========================================================
Getting original timing for cell 3
HAHA original checkpoint path:  /home/dias-benchmarks/tpch/notebooks/q11/annotated/checkpoints/pre_cell_3.pickle
Setting initially best_rewritten_post_checkpoint_path:  /home/dias-benchmarks/tpch/notebooks/q11/annotated/checkpoints/post_cell_3.pickle
Setting initially best_small_rewritten_post_checkpoint_path:  /home/dias-benchmarks/tpch/notebooks/q11/q11_rewrite/checkpoints/pre_cell_4.pickle
========================================================
Rewriting cell 3... Try 0...
Manager agent prompt:
        <Original Code>:
        ### cell 3 ###


partsupp_filtered = partsupp.loc[:, ["PS_PARTKEY", "PS_SUPPKEY"]]
partsupp_filtered["TOTAL_COST"] = (
    partsupp["PS_SUPPLYCOST"] * partsupp["PS_AVAILQTY"]
)
supplier_filtered = supplier.loc[:, ["S_SUPPKEY", "S_NATIONKEY"]]
ps_supp_merge = partsupp_filtered.merge(
    supplier_filtered, left_on="PS_SUPPKEY", right_on="S_SUPPKEY", how="inner"
)
ps_supp_merge = ps_supp_merge.loc[:, ["PS_PARTKEY", "S_NATIONKEY", "TOTAL_COST"]]
nation_filtered = nation[(nation["N_NAME"] == "GERMANY")]
nation_filtered = nation_filtered.loc[:, ["N_NATIONKEY"]]
ps_supp_n_merge = ps_supp_merge.merge(
    nation_filtered, left_on="S_NATIONKEY", right_on="N_NATIONKEY", how="inner"
)
ps_supp_n_merge = ps_supp_n_merge.loc[:, ["PS_PARTKEY", "TOTAL_COST"]]
sum_val = ps_supp_n_merge["TOTAL_COST"].sum() * 0.0001
total = ps_supp_n_merge.groupby(["PS_PARTKEY"], as_index=False, sort=False).agg(
    VALUE=pd.NamedAgg(column="TOTAL_COST", aggfunc="sum")
)
total = total[total["VALUE"] > sum_val]
total = total.sort_values("VALUE", ascending=False)

        <Profiling data>:
                                Function  GPU calls  CPU calls
0   _LocationIndexer.__getitem__          5          0
1          DataFrame.__getitem__          7          0
2               OpsMixin.__mul__          1          0
3          DataFrame.__setitem__          1          0
4                DataFrame.merge          2          0
5                OpsMixin.__eq__          1          0
6                     Series.sum          1          0
7              DataFrame.groupby          1          0
8                       NamedAgg          0          1
9     DataFrameGroupBy.aggregate          0          1
10               OpsMixin.__gt__          1          0
11         DataFrame.sort_values          1          0

        <Execution time>: 115.0
        <Active vars>: ['total']

        <Future vars>: []

        <Iteration>: 1/5

==========Running the manager agent to decide the next step==========
Choice: new
Reason: There is no rewritten code available, and potential optimization opportunities may exist. We should attempt to optimize the original code.
Generating new code from the original code
Prompt:
        <Original Code>:
        ### cell 3 ###


partsupp_filtered = partsupp.loc[:, ["PS_PARTKEY", "PS_SUPPKEY"]]
partsupp_filtered["TOTAL_COST"] = (
    partsupp["PS_SUPPLYCOST"] * partsupp["PS_AVAILQTY"]
)
supplier_filtered = supplier.loc[:, ["S_SUPPKEY", "S_NATIONKEY"]]
ps_supp_merge = partsupp_filtered.merge(
    supplier_filtered, left_on="PS_SUPPKEY", right_on="S_SUPPKEY", how="inner"
)
ps_supp_merge = ps_supp_merge.loc[:, ["PS_PARTKEY", "S_NATIONKEY", "TOTAL_COST"]]
nation_filtered = nation[(nation["N_NAME"] == "GERMANY")]
nation_filtered = nation_filtered.loc[:, ["N_NATIONKEY"]]
ps_supp_n_merge = ps_supp_merge.merge(
    nation_filtered, left_on="S_NATIONKEY", right_on="N_NATIONKEY", how="inner"
)
ps_supp_n_merge = ps_supp_n_merge.loc[:, ["PS_PARTKEY", "TOTAL_COST"]]
sum_val = ps_supp_n_merge["TOTAL_COST"].sum() * 0.0001
total = ps_supp_n_merge.groupby(["PS_PARTKEY"], as_index=False, sort=False).agg(
    VALUE=pd.NamedAgg(column="TOTAL_COST", aggfunc="sum")
)
total = total[total["VALUE"] > sum_val]
total = total.sort_values("VALUE", ascending=False)

        <Profiling data>:
                                Function  GPU calls  CPU calls
0   _LocationIndexer.__getitem__          5          0
1          DataFrame.__getitem__          7          0
2               OpsMixin.__mul__          1          0
3          DataFrame.__setitem__          1          0
4                DataFrame.merge          2          0
5                OpsMixin.__eq__          1          0
6                     Series.sum          1          0
7              DataFrame.groupby          1          0
8                       NamedAgg          0          1
9     DataFrameGroupBy.aggregate          0          1
10               OpsMixin.__gt__          1          0
11         DataFrame.sort_values          1          0

        <Execution time>: 115.0
        <Active vars>: ['total']

        <Future vars>: []

        <Iteration>: 1/5

Code: ### cell 3 ###
# select needed columns and compute TOTAL_COST on GPU
partsupp_filtered = partsupp[["PS_PARTKEY","PS_SUPPKEY","PS_SUPPLYCOST","PS_AVAILQTY"]]
partsupp_filtered["TOTAL_COST"] = \
    partsupp_filtered["PS_SUPPLYCOST"] * partsupp_filtered["PS_AVAILQTY"]

# select supplier keys
supplier_filtered = supplier[["S_SUPPKEY","S_NATIONKEY"]]

# join partsupp with supplier and keep only needed columns
ps_supp_merge = (
    partsupp_filtered
    .merge(
        supplier_filtered,
        left_on="PS_SUPPKEY",
        right_on="S_SUPPKEY",
        how="inner"
    )
    [["PS_PARTKEY","S_NATIONKEY","TOTAL_COST"]]
)

# filter nation to Germany and keep only key
nation_filtered = nation[nation["N_NAME"] == "GERMANY"][["N_NATIONKEY"]]

# join with filtered nation and keep only partkey and cost
ps_supp_n_merge = (
    ps_supp_merge
    .merge(
        nation_filtered,
        left_on="S_NATIONKEY",
        right_on="N_NATIONKEY",
        how="inner"
    )
    [["PS_PARTKEY","TOTAL_COST"]]
)

# compute threshold
sum_val = ps_supp_n_merge["TOTAL_COST"].sum() * 0.0001

# group on GPU, sum and rename without NamedAgg
total = (
    ps_supp_n_merge
    .groupby("PS_PARTKEY", sort=False)["TOTAL_COST"]
    .sum()
    .reset_index()
)
total.columns = ["PS_PARTKEY","VALUE"]

# filter and sort
total = total[total["VALUE"] > sum_val].sort_values("VALUE", ascending=False)
Reason: Replaced the NamedAgg-based .agg call with a direct .groupby(...)[col].sum().reset_index() to eliminate CPU-bound NamedAgg and aggregate operations. All other operations remain GPU-based and vectorized.
Parsed response: ### cell 3 ###
# select needed columns and compute TOTAL_COST on GPU
partsupp_filtered = partsupp[["PS_PARTKEY","PS_SUPPKEY","PS_SUPPLYCOST","PS_AVAILQTY"]]
partsupp_filtered["TOTAL_COST"] = \
    partsupp_filtered["PS_SUPPLYCOST"] * partsupp_filtered["PS_AVAILQTY"]

# select supplier keys
supplier_filtered = supplier[["S_SUPPKEY","S_NATIONKEY"]]

# join partsupp with supplier and keep only needed columns
ps_supp_merge = (
    partsupp_filtered
    .merge(
        supplier_filtered,
        left_on="PS_SUPPKEY",
        right_on="S_SUPPKEY",
        how="inner"
    )
    [["PS_PARTKEY","S_NATIONKEY","TOTAL_COST"]]
)

# filter nation to Germany and keep only key
nation_filtered = nation[nation["N_NAME"] == "GERMANY"][["N_NATIONKEY"]]

# join with filtered nation and keep only partkey and cost
ps_supp_n_merge = (
    ps_supp_merge
    .merge(
        nation_filtered,
        left_on="S_NATIONKEY",
        right_on="N_NATIONKEY",
        how="inner"
    )
    [["PS_PARTKEY","TOTAL_COST"]]
)

# compute threshold
sum_val = ps_supp_n_merge["TOTAL_COST"].sum() * 0.0001

# group on GPU, sum and rename without NamedAgg
total = (
    ps_supp_n_merge
    .groupby("PS_PARTKEY", sort=False)["TOTAL_COST"]
    .sum()
    .reset_index()
)
total.columns = ["PS_PARTKEY","VALUE"]

# filter and sort
total = total[total["VALUE"] > sum_val].sort_values("VALUE", ascending=False)
Try 0: calling rewrite agent for cell 3 took 35.20912027359009 seconds.
Executing rewritten code... ### cell 3 ###
# select needed columns and compute TOTAL_COST on GPU
partsupp_filtered = partsupp[["PS_PARTKEY","PS_SUPPKEY","PS_SUPPLYCOST","PS_AVAILQTY"]]
partsupp_filtered["TOTAL_COST"] = \
    partsupp_filtered["PS_SUPPLYCOST"] * partsupp_filtered["PS_AVAILQTY"]

# select supplier keys
supplier_filtered = supplier[["S_SUPPKEY","S_NATIONKEY"]]

# join partsupp with supplier and keep only needed columns
ps_supp_merge = (
    partsupp_filtered
    .merge(
        supplier_filtered,
        left_on="PS_SUPPKEY",
        right_on="S_SUPPKEY",
        how="inner"
    )
    [["PS_PARTKEY","S_NATIONKEY","TOTAL_COST"]]
)

# filter nation to Germany and keep only key
nation_filtered = nation[nation["N_NAME"] == "GERMANY"][["N_NATIONKEY"]]

# join with filtered nation and keep only partkey and cost
ps_supp_n_merge = (
    ps_supp_merge
    .merge(
        nation_filtered,
        left_on="S_NATIONKEY",
        right_on="N_NATIONKEY",
        how="inner"
    )
    [["PS_PARTKEY","TOTAL_COST"]]
)

# compute threshold
sum_val = ps_supp_n_merge["TOTAL_COST"].sum() * 0.0001

# group on GPU, sum and rename without NamedAgg
total = (
    ps_supp_n_merge
    .groupby("PS_PARTKEY", sort=False)["TOTAL_COST"]
    .sum()
    .reset_index()
)
total.columns = ["PS_PARTKEY","VALUE"]

# filter and sort
total = total[total["VALUE"] > sum_val].sort_values("VALUE", ascending=False)
HAHA rewritten pre-checkpoint path:  /home/dias-benchmarks/tpch/notebooks/q11/annotated/checkpoints/pre_cell_3.pickle
Running rewritten cell notebook
Finished executing the rewritten code.
Try 0: executing the rewritten code for cell 3 took 12.487974643707275 seconds.
Rewritten time: 118.0 ms
Checkpointing the rewritten cell for small notebook...
The rewritten code is correct. Profiling cudf...
HAHA small rewritten pre-checkpoint path:  /home/dias-benchmarks/tpch/notebooks/q11/q11_rewrite/checkpoints/pre_cell_3.pickle
Try 0: cudf profiling the rewritten code for cell 3 took 8.017759561538696 seconds.
gpu_calls_orig_perc: 0.9130434782608695, gpu_calls_opt_perc: 1.0
orig_time: 115.0, opt_time: 118.0
Ratio improves.
Improvement in percentage makes up for the slowdown.
Rewritten code took 118.0ms. The previous fastest solution took 115.0ms.
Previous best solution num GPU and CPU calls:  21 2
New solution num GPU and CPU calls:  25 0
Accepted the rewritten code.
Setting best_rewritten_post_checkpoint_path to  /home/dias-benchmarks/tpch/notebooks/q11/rewritten/o4_mini_high/checkpoints/post_cell_3_try_0.pickle
Setting best_small_rewritten_post_checkpoint_path to  /home/dias-benchmarks/tpch/notebooks/q11/rewritten/o4_mini_high_small/checkpoints/post_cell_3_try_0.pickle
========================================================
Rewriting cell 3... Try 1...
Manager agent prompt:
        <Original Code>:
        ### cell 3 ###


partsupp_filtered = partsupp.loc[:, ["PS_PARTKEY", "PS_SUPPKEY"]]
partsupp_filtered["TOTAL_COST"] = (
    partsupp["PS_SUPPLYCOST"] * partsupp["PS_AVAILQTY"]
)
supplier_filtered = supplier.loc[:, ["S_SUPPKEY", "S_NATIONKEY"]]
ps_supp_merge = partsupp_filtered.merge(
    supplier_filtered, left_on="PS_SUPPKEY", right_on="S_SUPPKEY", how="inner"
)
ps_supp_merge = ps_supp_merge.loc[:, ["PS_PARTKEY", "S_NATIONKEY", "TOTAL_COST"]]
nation_filtered = nation[(nation["N_NAME"] == "GERMANY")]
nation_filtered = nation_filtered.loc[:, ["N_NATIONKEY"]]
ps_supp_n_merge = ps_supp_merge.merge(
    nation_filtered, left_on="S_NATIONKEY", right_on="N_NATIONKEY", how="inner"
)
ps_supp_n_merge = ps_supp_n_merge.loc[:, ["PS_PARTKEY", "TOTAL_COST"]]
sum_val = ps_supp_n_merge["TOTAL_COST"].sum() * 0.0001
total = ps_supp_n_merge.groupby(["PS_PARTKEY"], as_index=False, sort=False).agg(
    VALUE=pd.NamedAgg(column="TOTAL_COST", aggfunc="sum")
)
total = total[total["VALUE"] > sum_val]
total = total.sort_values("VALUE", ascending=False)

        <Profiling data>:
                                Function  GPU calls  CPU calls
0   _LocationIndexer.__getitem__          5          0
1          DataFrame.__getitem__          7          0
2               OpsMixin.__mul__          1          0
3          DataFrame.__setitem__          1          0
4                DataFrame.merge          2          0
5                OpsMixin.__eq__          1          0
6                     Series.sum          1          0
7              DataFrame.groupby          1          0
8                       NamedAgg          0          1
9     DataFrameGroupBy.aggregate          0          1
10               OpsMixin.__gt__          1          0
11         DataFrame.sort_values          1          0
        <Execution time>: 115.0
        <Active Vars>: ['total']
        <Future Vars>: []
        <Rewritten Code>:
        ### cell 3 ###
# select needed columns and compute TOTAL_COST on GPU
partsupp_filtered = partsupp[["PS_PARTKEY","PS_SUPPKEY","PS_SUPPLYCOST","PS_AVAILQTY"]]
partsupp_filtered["TOTAL_COST"] = \
    partsupp_filtered["PS_SUPPLYCOST"] * partsupp_filtered["PS_AVAILQTY"]

# select supplier keys
supplier_filtered = supplier[["S_SUPPKEY","S_NATIONKEY"]]

# join partsupp with supplier and keep only needed columns
ps_supp_merge = (
    partsupp_filtered
    .merge(
        supplier_filtered,
        left_on="PS_SUPPKEY",
        right_on="S_SUPPKEY",
        how="inner"
    )
    [["PS_PARTKEY","S_NATIONKEY","TOTAL_COST"]]
)

# filter nation to Germany and keep only key
nation_filtered = nation[nation["N_NAME"] == "GERMANY"][["N_NATIONKEY"]]

# join with filtered nation and keep only partkey and cost
ps_supp_n_merge = (
    ps_supp_merge
    .merge(
        nation_filtered,
        left_on="S_NATIONKEY",
        right_on="N_NATIONKEY",
        how="inner"
    )
    [["PS_PARTKEY","TOTAL_COST"]]
)

# compute threshold
sum_val = ps_supp_n_merge["TOTAL_COST"].sum() * 0.0001

# group on GPU, sum and rename without NamedAgg
total = (
    ps_supp_n_merge
    .groupby("PS_PARTKEY", sort=False)["TOTAL_COST"]
    .sum()
    .reset_index()
)
total.columns = ["PS_PARTKEY","VALUE"]

# filter and sort
total = total[total["VALUE"] > sum_val].sort_values("VALUE", ascending=False)
        <Profiling data>:
                                Function  GPU calls  CPU calls
0          DataFrame.__getitem__         12          0
1               OpsMixin.__mul__          1          0
2          DataFrame.__setitem__          1          0
3                DataFrame.merge          2          0
4                OpsMixin.__eq__          1          0
5                     Series.sum          1          0
6              DataFrame.groupby          1          0
7   DataFrameGroupBy.__getitem__          1          0
8                    GroupBy.sum          1          0
9             Series.reset_index          1          0
10           NDFrame.__setattr__          1          0
11               OpsMixin.__gt__          1          0
12         DataFrame.sort_values          1          0
        <Execution time>: 118.0
        <Execution output>: Rewritten time: 118.0 ms
Original time: 115.0 ms
        <Iteration>: 2/5

==========Running the manager agent to decide the next step==========
Choice: optimize
Reason: The rewritten code is already optimized using GPU operations and shows clearly defined steps. However, the execution time is slightly higher than the original code, suggesting room for further optimization. Considering there are alternative APIs and the remaining iterations, an additional attempt to optimize the rewritten code could reduce the execution time further.
Code optimizer prompt:
        <Original Code>:
        ### cell 3 ###
# select needed columns and compute TOTAL_COST on GPU
partsupp_filtered = partsupp[["PS_PARTKEY","PS_SUPPKEY","PS_SUPPLYCOST","PS_AVAILQTY"]]
partsupp_filtered["TOTAL_COST"] = \
    partsupp_filtered["PS_SUPPLYCOST"] * partsupp_filtered["PS_AVAILQTY"]

# select supplier keys
supplier_filtered = supplier[["S_SUPPKEY","S_NATIONKEY"]]

# join partsupp with supplier and keep only needed columns
ps_supp_merge = (
    partsupp_filtered
    .merge(
        supplier_filtered,
        left_on="PS_SUPPKEY",
        right_on="S_SUPPKEY",
        how="inner"
    )
    [["PS_PARTKEY","S_NATIONKEY","TOTAL_COST"]]
)

# filter nation to Germany and keep only key
nation_filtered = nation[nation["N_NAME"] == "GERMANY"][["N_NATIONKEY"]]

# join with filtered nation and keep only partkey and cost
ps_supp_n_merge = (
    ps_supp_merge
    .merge(
        nation_filtered,
        left_on="S_NATIONKEY",
        right_on="N_NATIONKEY",
        how="inner"
    )
    [["PS_PARTKEY","TOTAL_COST"]]
)

# compute threshold
sum_val = ps_supp_n_merge["TOTAL_COST"].sum() * 0.0001

# group on GPU, sum and rename without NamedAgg
total = (
    ps_supp_n_merge
    .groupby("PS_PARTKEY", sort=False)["TOTAL_COST"]
    .sum()
    .reset_index()
)
total.columns = ["PS_PARTKEY","VALUE"]

# filter and sort
total = total[total["VALUE"] > sum_val].sort_values("VALUE", ascending=False)
        <Profiling data>:
                                Function  GPU calls  CPU calls
0          DataFrame.__getitem__         12          0
1               OpsMixin.__mul__          1          0
2          DataFrame.__setitem__          1          0
3                DataFrame.merge          2          0
4                OpsMixin.__eq__          1          0
5                     Series.sum          1          0
6              DataFrame.groupby          1          0
7   DataFrameGroupBy.__getitem__          1          0
8                    GroupBy.sum          1          0
9             Series.reset_index          1          0
10           NDFrame.__setattr__          1          0
11               OpsMixin.__gt__          1          0
12         DataFrame.sort_values          1          0

        <Execution time>: 118.0
        <Active vars>: ['total']

        <Future vars>: []

        <Iteration>: 2/5

Optimizing the last generated code
Parsed response: # cell 3 optimized
# combine selection, computation, joins, and aggregation into a single GPU pipeline
df = (
    partsupp[['PS_PARTKEY','PS_SUPPKEY','PS_SUPPLYCOST','PS_AVAILQTY']]
    .assign(TOTAL_COST=lambda df: df.PS_SUPPLYCOST * df.PS_AVAILQTY)
    .merge(
        supplier[['S_SUPPKEY','S_NATIONKEY']],
        left_on='PS_SUPPKEY', right_on='S_SUPPKEY'
    )
    .merge(
        nation[nation.N_NAME == 'GERMANY'][['N_NATIONKEY']],
        left_on='S_NATIONKEY', right_on='N_NATIONKEY'
    )
)
# compute threshold on GPU
sum_val = float(df.TOTAL_COST.sum()) * 0.0001
# group, sum and filter on GPU
total = (
    df.groupby('PS_PARTKEY', sort=False)
      .TOTAL_COST.sum()
      .reset_index(name='VALUE')
)
total = total[total.VALUE > sum_val].sort_values('VALUE', ascending=False)
Try 1: calling rewrite agent for cell 3 took 48.63535666465759 seconds.
Executing rewritten code... ### cell 3 ###

# cell 3 optimized
# combine selection, computation, joins, and aggregation into a single GPU pipeline
df = (
    partsupp[['PS_PARTKEY','PS_SUPPKEY','PS_SUPPLYCOST','PS_AVAILQTY']]
    .assign(TOTAL_COST=lambda df: df.PS_SUPPLYCOST * df.PS_AVAILQTY)
    .merge(
        supplier[['S_SUPPKEY','S_NATIONKEY']],
        left_on='PS_SUPPKEY', right_on='S_SUPPKEY'
    )
    .merge(
        nation[nation.N_NAME == 'GERMANY'][['N_NATIONKEY']],
        left_on='S_NATIONKEY', right_on='N_NATIONKEY'
    )
)
# compute threshold on GPU
sum_val = float(df.TOTAL_COST.sum()) * 0.0001
# group, sum and filter on GPU
total = (
    df.groupby('PS_PARTKEY', sort=False)
      .TOTAL_COST.sum()
      .reset_index(name='VALUE')
)
total = total[total.VALUE > sum_val].sort_values('VALUE', ascending=False)
HAHA rewritten pre-checkpoint path:  /home/dias-benchmarks/tpch/notebooks/q11/annotated/checkpoints/pre_cell_3.pickle
Running rewritten cell notebook
Finished executing the rewritten code.
Try 1: executing the rewritten code for cell 3 took 12.093382835388184 seconds.
Rewritten time: 119.0 ms
Checkpointing the rewritten cell for small notebook...
The rewritten code is correct. Profiling cudf...
HAHA small rewritten pre-checkpoint path:  /home/dias-benchmarks/tpch/notebooks/q11/q11_rewrite/checkpoints/pre_cell_3.pickle
Try 1: cudf profiling the rewritten code for cell 3 took 7.945391416549683 seconds.
gpu_calls_orig_perc: 1.0, gpu_calls_opt_perc: 1.0
orig_time: 118.0, opt_time: 119.0
Ratio improves.
Improvement in percentage does not make up for the slowdown.
Rewritten code took 119.0ms. The previous fastest solution took 115.0ms.
Previous best solution num GPU and CPU calls:  25 0
New solution num GPU and CPU calls:  19 0
========================================================
Rewriting cell 3... Try 2...
Manager agent prompt:
        <Original Code>:
        ### cell 3 ###


partsupp_filtered = partsupp.loc[:, ["PS_PARTKEY", "PS_SUPPKEY"]]
partsupp_filtered["TOTAL_COST"] = (
    partsupp["PS_SUPPLYCOST"] * partsupp["PS_AVAILQTY"]
)
supplier_filtered = supplier.loc[:, ["S_SUPPKEY", "S_NATIONKEY"]]
ps_supp_merge = partsupp_filtered.merge(
    supplier_filtered, left_on="PS_SUPPKEY", right_on="S_SUPPKEY", how="inner"
)
ps_supp_merge = ps_supp_merge.loc[:, ["PS_PARTKEY", "S_NATIONKEY", "TOTAL_COST"]]
nation_filtered = nation[(nation["N_NAME"] == "GERMANY")]
nation_filtered = nation_filtered.loc[:, ["N_NATIONKEY"]]
ps_supp_n_merge = ps_supp_merge.merge(
    nation_filtered, left_on="S_NATIONKEY", right_on="N_NATIONKEY", how="inner"
)
ps_supp_n_merge = ps_supp_n_merge.loc[:, ["PS_PARTKEY", "TOTAL_COST"]]
sum_val = ps_supp_n_merge["TOTAL_COST"].sum() * 0.0001
total = ps_supp_n_merge.groupby(["PS_PARTKEY"], as_index=False, sort=False).agg(
    VALUE=pd.NamedAgg(column="TOTAL_COST", aggfunc="sum")
)
total = total[total["VALUE"] > sum_val]
total = total.sort_values("VALUE", ascending=False)

        <Profiling data>:
                                Function  GPU calls  CPU calls
0   _LocationIndexer.__getitem__          5          0
1          DataFrame.__getitem__          7          0
2               OpsMixin.__mul__          1          0
3          DataFrame.__setitem__          1          0
4                DataFrame.merge          2          0
5                OpsMixin.__eq__          1          0
6                     Series.sum          1          0
7              DataFrame.groupby          1          0
8                       NamedAgg          0          1
9     DataFrameGroupBy.aggregate          0          1
10               OpsMixin.__gt__          1          0
11         DataFrame.sort_values          1          0
        <Execution time>: 115.0
        <Active Vars>: ['total']
        <Future Vars>: []
        <Rewritten Code>:
        ### cell 3 ###

# cell 3 optimized
# combine selection, computation, joins, and aggregation into a single GPU pipeline
df = (
    partsupp[['PS_PARTKEY','PS_SUPPKEY','PS_SUPPLYCOST','PS_AVAILQTY']]
    .assign(TOTAL_COST=lambda df: df.PS_SUPPLYCOST * df.PS_AVAILQTY)
    .merge(
        supplier[['S_SUPPKEY','S_NATIONKEY']],
        left_on='PS_SUPPKEY', right_on='S_SUPPKEY'
    )
    .merge(
        nation[nation.N_NAME == 'GERMANY'][['N_NATIONKEY']],
        left_on='S_NATIONKEY', right_on='N_NATIONKEY'
    )
)
# compute threshold on GPU
sum_val = float(df.TOTAL_COST.sum()) * 0.0001
# group, sum and filter on GPU
total = (
    df.groupby('PS_PARTKEY', sort=False)
      .TOTAL_COST.sum()
      .reset_index(name='VALUE')
)
total = total[total.VALUE > sum_val].sort_values('VALUE', ascending=False)
        <Profiling data>:
                         Function  GPU calls  CPU calls
0   DataFrame.__getitem__          5          0
1        DataFrame.assign          1          0
2         DataFrame.merge          2          0
3     NDFrame.__getattr__          3          0
4         OpsMixin.__eq__          1          0
5              Series.sum          1          0
6       DataFrame.groupby          1          0
7     GroupBy.__getattr__          1          0
8             GroupBy.sum          1          0
9      Series.reset_index          1          0
10        OpsMixin.__gt__          1          0
11  DataFrame.sort_values          1          0
        <Execution time>: 119.0
        <Execution output>: Rewritten time: 119.0 ms
Original time: 115.0 ms
        <Iteration>: 3/5

==========Running the manager agent to decide the next step==========
Choice: new
Reason: The rewritten code is slightly slower than the original, suggesting further optimization could yield better results. We should consider exploring alternative APIs or more efficient approaches for optimization.
Generating new code from the original code
Prompt:
        <Original Code>:
        ### cell 3 ###


partsupp_filtered = partsupp.loc[:, ["PS_PARTKEY", "PS_SUPPKEY"]]
partsupp_filtered["TOTAL_COST"] = (
    partsupp["PS_SUPPLYCOST"] * partsupp["PS_AVAILQTY"]
)
supplier_filtered = supplier.loc[:, ["S_SUPPKEY", "S_NATIONKEY"]]
ps_supp_merge = partsupp_filtered.merge(
    supplier_filtered, left_on="PS_SUPPKEY", right_on="S_SUPPKEY", how="inner"
)
ps_supp_merge = ps_supp_merge.loc[:, ["PS_PARTKEY", "S_NATIONKEY", "TOTAL_COST"]]
nation_filtered = nation[(nation["N_NAME"] == "GERMANY")]
nation_filtered = nation_filtered.loc[:, ["N_NATIONKEY"]]
ps_supp_n_merge = ps_supp_merge.merge(
    nation_filtered, left_on="S_NATIONKEY", right_on="N_NATIONKEY", how="inner"
)
ps_supp_n_merge = ps_supp_n_merge.loc[:, ["PS_PARTKEY", "TOTAL_COST"]]
sum_val = ps_supp_n_merge["TOTAL_COST"].sum() * 0.0001
total = ps_supp_n_merge.groupby(["PS_PARTKEY"], as_index=False, sort=False).agg(
    VALUE=pd.NamedAgg(column="TOTAL_COST", aggfunc="sum")
)
total = total[total["VALUE"] > sum_val]
total = total.sort_values("VALUE", ascending=False)

        <Profiling data>:
                                Function  GPU calls  CPU calls
0   _LocationIndexer.__getitem__          5          0
1          DataFrame.__getitem__          7          0
2               OpsMixin.__mul__          1          0
3          DataFrame.__setitem__          1          0
4                DataFrame.merge          2          0
5                OpsMixin.__eq__          1          0
6                     Series.sum          1          0
7              DataFrame.groupby          1          0
8                       NamedAgg          0          1
9     DataFrameGroupBy.aggregate          0          1
10               OpsMixin.__gt__          1          0
11         DataFrame.sort_values          1          0

        <Execution time>: 115.0
        <Active vars>: ['total']

        <Future vars>: []

        <Iteration>: 3/5

Code: # Compute total cost and select required columns in one step
ps = partsupp.assign(
    TOTAL_COST=partsupp.PS_SUPPLYCOST * partsupp.PS_AVAILQTY
)[["PS_PARTKEY", "PS_SUPPKEY", "TOTAL_COST"]]

# Filter supplier and nation tables
sup = supplier[["S_SUPPKEY", "S_NATIONKEY"]]
nat = nation[nation.N_NAME == "GERMANY"][["N_NATIONKEY"]]

# Join partsupp → supplier → nation, then keep only PS_PARTKEY and TOTAL_COST
df = (
    ps
    .merge(sup, on="PS_SUPPKEY", how="inner")
    .merge(nat, left_on="S_NATIONKEY", right_on="N_NATIONKEY", how="inner")
    [["PS_PARTKEY", "TOTAL_COST"]]
)

# Compute threshold and aggregate per part
threshold = df.TOTAL_COST.sum() * 0.0001

total = (
    df
    .groupby("PS_PARTKEY")["TOTAL_COST"]
    .sum()
    .reset_index()
    .rename(columns={"TOTAL_COST": "VALUE"})
)

# Filter and sort
total = total[total.VALUE > threshold].sort_values("VALUE", ascending=False)
Reason: Removed multiple .loc and NamedAgg to eliminate CPU fallbacks. Used vectorized assign, chaining, and groupby(...).sum() with reset_index/rename to keep all operations on the GPU.
Parsed response: # Compute total cost and select required columns in one step
ps = partsupp.assign(
    TOTAL_COST=partsupp.PS_SUPPLYCOST * partsupp.PS_AVAILQTY
)[["PS_PARTKEY", "PS_SUPPKEY", "TOTAL_COST"]]

# Filter supplier and nation tables
sup = supplier[["S_SUPPKEY", "S_NATIONKEY"]]
nat = nation[nation.N_NAME == "GERMANY"][["N_NATIONKEY"]]

# Join partsupp → supplier → nation, then keep only PS_PARTKEY and TOTAL_COST
df = (
    ps
    .merge(sup, on="PS_SUPPKEY", how="inner")
    .merge(nat, left_on="S_NATIONKEY", right_on="N_NATIONKEY", how="inner")
    [["PS_PARTKEY", "TOTAL_COST"]]
)

# Compute threshold and aggregate per part
threshold = df.TOTAL_COST.sum() * 0.0001

total = (
    df
    .groupby("PS_PARTKEY")["TOTAL_COST"]
    .sum()
    .reset_index()
    .rename(columns={"TOTAL_COST": "VALUE"})
)

# Filter and sort
total = total[total.VALUE > threshold].sort_values("VALUE", ascending=False)
Try 2: calling rewrite agent for cell 3 took 24.036022186279297 seconds.
Executing rewritten code... ### cell 3 ###

# Compute total cost and select required columns in one step
ps = partsupp.assign(
    TOTAL_COST=partsupp.PS_SUPPLYCOST * partsupp.PS_AVAILQTY
)[["PS_PARTKEY", "PS_SUPPKEY", "TOTAL_COST"]]

# Filter supplier and nation tables
sup = supplier[["S_SUPPKEY", "S_NATIONKEY"]]
nat = nation[nation.N_NAME == "GERMANY"][["N_NATIONKEY"]]

# Join partsupp → supplier → nation, then keep only PS_PARTKEY and TOTAL_COST
df = (
    ps
    .merge(sup, on="PS_SUPPKEY", how="inner")
    .merge(nat, left_on="S_NATIONKEY", right_on="N_NATIONKEY", how="inner")
    [["PS_PARTKEY", "TOTAL_COST"]]
)

# Compute threshold and aggregate per part
threshold = df.TOTAL_COST.sum() * 0.0001

total = (
    df
    .groupby("PS_PARTKEY")["TOTAL_COST"]
    .sum()
    .reset_index()
    .rename(columns={"TOTAL_COST": "VALUE"})
)

# Filter and sort
total = total[total.VALUE > threshold].sort_values("VALUE", ascending=False)
HAHA rewritten pre-checkpoint path:  /home/dias-benchmarks/tpch/notebooks/q11/annotated/checkpoints/pre_cell_3.pickle
Running rewritten cell notebook
An unexpected error occurred Execution failed in cell %%RecordEvent
%%time
### cell 3 ###

# Compute total cost and select required columns in one step
ps = partsupp.assign(
    TOTAL_COST=partsupp.PS_SUPPLYCOST * partsupp.PS_AVAILQTY
)[["PS_PARTKEY", "PS_SUPPKEY", "TOTAL_COST"]]

# Filter supplier and nation tables
sup = supplier[["S_SUPPKEY", "S_NATIONKEY"]]
nat = nation[nation.N_NAME == "GERMANY"][["N_NATIONKEY"]]

# Join partsupp → supplier → nation, then keep only PS_PARTKEY and TOTAL_COST
df = (
    ps
    .merge(sup, on="PS_SUPPKEY", how="inner")
    .merge(nat, left_on="S_NATIONKEY", right_on="N_NATIONKEY", how="inner")
    [["PS_PARTKEY", "TOTAL_COST"]]
)

# Compute threshold and aggregate per part
threshold = df.TOTAL_COST.sum() * 0.0001

total = (
    df
    .groupby("PS_PARTKEY")["TOTAL_COST"]
    .sum()
    .reset_index()
    .rename(columns={"TOTAL_COST": "VALUE"})
)

# Filter and sort
total = total[total.VALUE > threshold].sort_values("VALUE", ascending=False): 'PS_SUPPKEY'
Rewritten time: inf ms
Checkpointing the rewritten cell for small notebook...
========================================================
Rewriting cell 3... Try 3...
Manager agent prompt:
        <Original Code>:
        ### cell 3 ###


partsupp_filtered = partsupp.loc[:, ["PS_PARTKEY", "PS_SUPPKEY"]]
partsupp_filtered["TOTAL_COST"] = (
    partsupp["PS_SUPPLYCOST"] * partsupp["PS_AVAILQTY"]
)
supplier_filtered = supplier.loc[:, ["S_SUPPKEY", "S_NATIONKEY"]]
ps_supp_merge = partsupp_filtered.merge(
    supplier_filtered, left_on="PS_SUPPKEY", right_on="S_SUPPKEY", how="inner"
)
ps_supp_merge = ps_supp_merge.loc[:, ["PS_PARTKEY", "S_NATIONKEY", "TOTAL_COST"]]
nation_filtered = nation[(nation["N_NAME"] == "GERMANY")]
nation_filtered = nation_filtered.loc[:, ["N_NATIONKEY"]]
ps_supp_n_merge = ps_supp_merge.merge(
    nation_filtered, left_on="S_NATIONKEY", right_on="N_NATIONKEY", how="inner"
)
ps_supp_n_merge = ps_supp_n_merge.loc[:, ["PS_PARTKEY", "TOTAL_COST"]]
sum_val = ps_supp_n_merge["TOTAL_COST"].sum() * 0.0001
total = ps_supp_n_merge.groupby(["PS_PARTKEY"], as_index=False, sort=False).agg(
    VALUE=pd.NamedAgg(column="TOTAL_COST", aggfunc="sum")
)
total = total[total["VALUE"] > sum_val]
total = total.sort_values("VALUE", ascending=False)

        <Profiling data>:
                                Function  GPU calls  CPU calls
0   _LocationIndexer.__getitem__          5          0
1          DataFrame.__getitem__          7          0
2               OpsMixin.__mul__          1          0
3          DataFrame.__setitem__          1          0
4                DataFrame.merge          2          0
5                OpsMixin.__eq__          1          0
6                     Series.sum          1          0
7              DataFrame.groupby          1          0
8                       NamedAgg          0          1
9     DataFrameGroupBy.aggregate          0          1
10               OpsMixin.__gt__          1          0
11         DataFrame.sort_values          1          0
        <Execution time>: 115.0
        <Active Vars>: ['total']
        <Future Vars>: []
        <Rewritten Code>:
        ### cell 3 ###

# Compute total cost and select required columns in one step
ps = partsupp.assign(
    TOTAL_COST=partsupp.PS_SUPPLYCOST * partsupp.PS_AVAILQTY
)[["PS_PARTKEY", "PS_SUPPKEY", "TOTAL_COST"]]

# Filter supplier and nation tables
sup = supplier[["S_SUPPKEY", "S_NATIONKEY"]]
nat = nation[nation.N_NAME == "GERMANY"][["N_NATIONKEY"]]

# Join partsupp → supplier → nation, then keep only PS_PARTKEY and TOTAL_COST
df = (
    ps
    .merge(sup, on="PS_SUPPKEY", how="inner")
    .merge(nat, left_on="S_NATIONKEY", right_on="N_NATIONKEY", how="inner")
    [["PS_PARTKEY", "TOTAL_COST"]]
)

# Compute threshold and aggregate per part
threshold = df.TOTAL_COST.sum() * 0.0001

total = (
    df
    .groupby("PS_PARTKEY")["TOTAL_COST"]
    .sum()
    .reset_index()
    .rename(columns={"TOTAL_COST": "VALUE"})
)

# Filter and sort
total = total[total.VALUE > threshold].sort_values("VALUE", ascending=False)
        <Profiling data>:
                         Function  GPU calls  CPU calls
0   DataFrame.__getitem__          5          0
1        DataFrame.assign          1          0
2         DataFrame.merge          2          0
3     NDFrame.__getattr__          3          0
4         OpsMixin.__eq__          1          0
5              Series.sum          1          0
6       DataFrame.groupby          1          0
7     GroupBy.__getattr__          1          0
8             GroupBy.sum          1          0
9      Series.reset_index          1          0
10        OpsMixin.__gt__          1          0
11  DataFrame.sort_values          1          0
        <Execution time>: inf
        <Execution output>: The rewritten code resulted in a runtime error. Execution failed in cell %%RecordEvent
%%time
### cell 3 ###

# Compute total cost and select required columns in one step
ps = partsupp.assign(
    TOTAL_COST=partsupp.PS_SUPPLYCOST * partsupp.PS_AVAILQTY
)[["PS_PARTKEY", "PS_SUPPKEY", "TOTAL_COST"]]

# Filter supplier and nation tables
sup = supplier[["S_SUPPKEY", "S_NATIONKEY"]]
nat = nation[nation.N_NAME == "GERMANY"][["N_NATIONKEY"]]

# Join partsupp → supplier → nation, then keep only PS_PARTKEY and TOTAL_COST
df = (
    ps
    .merge(sup, on="PS_SUPPKEY", how="inner")
    .merge(nat, left_on="S_NATIONKEY", right_on="N_NATIONKEY", how="inner")
    [["PS_PARTKEY", "TOTAL_COST"]]
)

# Compute threshold and aggregate per part
threshold = df.TOTAL_COST.sum() * 0.0001

total = (
    df
    .groupby("PS_PARTKEY")["TOTAL_COST"]
    .sum()
    .reset_index()
    .rename(columns={"TOTAL_COST": "VALUE"})
)

# Filter and sort
total = total[total.VALUE > threshold].sort_values("VALUE", ascending=False): 'PS_SUPPKEY'
        <Iteration>: 4/5

==========Running the manager agent to decide the next step==========
Choice: repair
Reason: The rewritten code resulted in a runtime error and there is one iteration left. It is best to attempt fixing the current errors in the rewritten code.
Code fixer prompt:
        <Original Code>:
        ### cell 3 ###


partsupp_filtered = partsupp.loc[:, ["PS_PARTKEY", "PS_SUPPKEY"]]
partsupp_filtered["TOTAL_COST"] = (
    partsupp["PS_SUPPLYCOST"] * partsupp["PS_AVAILQTY"]
)
supplier_filtered = supplier.loc[:, ["S_SUPPKEY", "S_NATIONKEY"]]
ps_supp_merge = partsupp_filtered.merge(
    supplier_filtered, left_on="PS_SUPPKEY", right_on="S_SUPPKEY", how="inner"
)
ps_supp_merge = ps_supp_merge.loc[:, ["PS_PARTKEY", "S_NATIONKEY", "TOTAL_COST"]]
nation_filtered = nation[(nation["N_NAME"] == "GERMANY")]
nation_filtered = nation_filtered.loc[:, ["N_NATIONKEY"]]
ps_supp_n_merge = ps_supp_merge.merge(
    nation_filtered, left_on="S_NATIONKEY", right_on="N_NATIONKEY", how="inner"
)
ps_supp_n_merge = ps_supp_n_merge.loc[:, ["PS_PARTKEY", "TOTAL_COST"]]
sum_val = ps_supp_n_merge["TOTAL_COST"].sum() * 0.0001
total = ps_supp_n_merge.groupby(["PS_PARTKEY"], as_index=False, sort=False).agg(
    VALUE=pd.NamedAgg(column="TOTAL_COST", aggfunc="sum")
)
total = total[total["VALUE"] > sum_val]
total = total.sort_values("VALUE", ascending=False)

        <Profiling data>:
                                Function  GPU calls  CPU calls
0   _LocationIndexer.__getitem__          5          0
1          DataFrame.__getitem__          7          0
2               OpsMixin.__mul__          1          0
3          DataFrame.__setitem__          1          0
4                DataFrame.merge          2          0
5                OpsMixin.__eq__          1          0
6                     Series.sum          1          0
7              DataFrame.groupby          1          0
8                       NamedAgg          0          1
9     DataFrameGroupBy.aggregate          0          1
10               OpsMixin.__gt__          1          0
11         DataFrame.sort_values          1          0
        <Execution time>: 115.0
        <Active Vars>: ['total']
        <Future Vars>: []
        <Rewritten Code>:
        ### cell 3 ###

# Compute total cost and select required columns in one step
ps = partsupp.assign(
    TOTAL_COST=partsupp.PS_SUPPLYCOST * partsupp.PS_AVAILQTY
)[["PS_PARTKEY", "PS_SUPPKEY", "TOTAL_COST"]]

# Filter supplier and nation tables
sup = supplier[["S_SUPPKEY", "S_NATIONKEY"]]
nat = nation[nation.N_NAME == "GERMANY"][["N_NATIONKEY"]]

# Join partsupp → supplier → nation, then keep only PS_PARTKEY and TOTAL_COST
df = (
    ps
    .merge(sup, on="PS_SUPPKEY", how="inner")
    .merge(nat, left_on="S_NATIONKEY", right_on="N_NATIONKEY", how="inner")
    [["PS_PARTKEY", "TOTAL_COST"]]
)

# Compute threshold and aggregate per part
threshold = df.TOTAL_COST.sum() * 0.0001

total = (
    df
    .groupby("PS_PARTKEY")["TOTAL_COST"]
    .sum()
    .reset_index()
    .rename(columns={"TOTAL_COST": "VALUE"})
)

# Filter and sort
total = total[total.VALUE > threshold].sort_values("VALUE", ascending=False)
        <Profiling data>:
                         Function  GPU calls  CPU calls
0   DataFrame.__getitem__          5          0
1        DataFrame.assign          1          0
2         DataFrame.merge          2          0
3     NDFrame.__getattr__          3          0
4         OpsMixin.__eq__          1          0
5              Series.sum          1          0
6       DataFrame.groupby          1          0
7     GroupBy.__getattr__          1          0
8             GroupBy.sum          1          0
9      Series.reset_index          1          0
10        OpsMixin.__gt__          1          0
11  DataFrame.sort_values          1          0
        <Execution time>: inf
        <Execution output>: The rewritten code resulted in a runtime error. Execution failed in cell %%RecordEvent
%%time
### cell 3 ###

# Compute total cost and select required columns in one step
ps = partsupp.assign(
    TOTAL_COST=partsupp.PS_SUPPLYCOST * partsupp.PS_AVAILQTY
)[["PS_PARTKEY", "PS_SUPPKEY", "TOTAL_COST"]]

# Filter supplier and nation tables
sup = supplier[["S_SUPPKEY", "S_NATIONKEY"]]
nat = nation[nation.N_NAME == "GERMANY"][["N_NATIONKEY"]]

# Join partsupp → supplier → nation, then keep only PS_PARTKEY and TOTAL_COST
df = (
    ps
    .merge(sup, on="PS_SUPPKEY", how="inner")
    .merge(nat, left_on="S_NATIONKEY", right_on="N_NATIONKEY", how="inner")
    [["PS_PARTKEY", "TOTAL_COST"]]
)

# Compute threshold and aggregate per part
threshold = df.TOTAL_COST.sum() * 0.0001

total = (
    df
    .groupby("PS_PARTKEY")["TOTAL_COST"]
    .sum()
    .reset_index()
    .rename(columns={"TOTAL_COST": "VALUE"})
)

# Filter and sort
total = total[total.VALUE > threshold].sort_values("VALUE", ascending=False): 'PS_SUPPKEY'
        <Iteration>: 4/5

Repairing the last generated code
Code: ### cell 3 ###

# Compute total cost and select required columns in one step
ps = partsupp.assign(
    TOTAL_COST=partsupp.PS_SUPPLYCOST * partsupp.PS_AVAILQTY
)[["PS_PARTKEY", "PS_SUPPKEY", "TOTAL_COST"]]

# Filter supplier and nation tables
sup = supplier[["S_SUPPKEY", "S_NATIONKEY"]]
nat = nation[nation.N_NAME == "GERMANY"][["N_NATIONKEY"]]

# Join partsupp → supplier → nation, then keep only PS_PARTKEY and TOTAL_COST
# Note: specify left_on and right_on for the first merge
df = (
    ps
    .merge(sup, left_on="PS_SUPPKEY", right_on="S_SUPPKEY", how="inner")
    .merge(nat, left_on="S_NATIONKEY", right_on="N_NATIONKEY", how="inner")
    [["PS_PARTKEY", "TOTAL_COST"]]
)

# Compute threshold and aggregate per part
threshold = df.TOTAL_COST.sum() * 0.0001

total = (
    df
    .groupby("PS_PARTKEY")["TOTAL_COST"]
    .sum()
    .reset_index()
    .rename(columns={"TOTAL_COST": "VALUE"})
)

# Filter and sort
total = total[total.VALUE > threshold].sort_values("VALUE", ascending=False)
Reason: The runtime error was due to the first merge using on="PS_SUPPKEY" against a supplier frame that only had "S_SUPPKEY". Specifying left_on="PS_SUPPKEY", right_on="S_SUPPKEY" fixes the merge key mismatch. All other operations remain equivalent and GPU-accelerated under cudf.
Parsed response: ### cell 3 ###

# Compute total cost and select required columns in one step
ps = partsupp.assign(
    TOTAL_COST=partsupp.PS_SUPPLYCOST * partsupp.PS_AVAILQTY
)[["PS_PARTKEY", "PS_SUPPKEY", "TOTAL_COST"]]

# Filter supplier and nation tables
sup = supplier[["S_SUPPKEY", "S_NATIONKEY"]]
nat = nation[nation.N_NAME == "GERMANY"][["N_NATIONKEY"]]

# Join partsupp → supplier → nation, then keep only PS_PARTKEY and TOTAL_COST
# Note: specify left_on and right_on for the first merge
df = (
    ps
    .merge(sup, left_on="PS_SUPPKEY", right_on="S_SUPPKEY", how="inner")
    .merge(nat, left_on="S_NATIONKEY", right_on="N_NATIONKEY", how="inner")
    [["PS_PARTKEY", "TOTAL_COST"]]
)

# Compute threshold and aggregate per part
threshold = df.TOTAL_COST.sum() * 0.0001

total = (
    df
    .groupby("PS_PARTKEY")["TOTAL_COST"]
    .sum()
    .reset_index()
    .rename(columns={"TOTAL_COST": "VALUE"})
)

# Filter and sort
total = total[total.VALUE > threshold].sort_values("VALUE", ascending=False)
Try 3: calling rewrite agent for cell 3 took 23.20334792137146 seconds.
Executing rewritten code... ### cell 3 ###

# Compute total cost and select required columns in one step
ps = partsupp.assign(
    TOTAL_COST=partsupp.PS_SUPPLYCOST * partsupp.PS_AVAILQTY
)[["PS_PARTKEY", "PS_SUPPKEY", "TOTAL_COST"]]

# Filter supplier and nation tables
sup = supplier[["S_SUPPKEY", "S_NATIONKEY"]]
nat = nation[nation.N_NAME == "GERMANY"][["N_NATIONKEY"]]

# Join partsupp → supplier → nation, then keep only PS_PARTKEY and TOTAL_COST
# Note: specify left_on and right_on for the first merge
df = (
    ps
    .merge(sup, left_on="PS_SUPPKEY", right_on="S_SUPPKEY", how="inner")
    .merge(nat, left_on="S_NATIONKEY", right_on="N_NATIONKEY", how="inner")
    [["PS_PARTKEY", "TOTAL_COST"]]
)

# Compute threshold and aggregate per part
threshold = df.TOTAL_COST.sum() * 0.0001

total = (
    df
    .groupby("PS_PARTKEY")["TOTAL_COST"]
    .sum()
    .reset_index()
    .rename(columns={"TOTAL_COST": "VALUE"})
)

# Filter and sort
total = total[total.VALUE > threshold].sort_values("VALUE", ascending=False)
HAHA rewritten pre-checkpoint path:  /home/dias-benchmarks/tpch/notebooks/q11/annotated/checkpoints/pre_cell_3.pickle
Running rewritten cell notebook
Finished executing the rewritten code.
Try 3: executing the rewritten code for cell 3 took 12.233834505081177 seconds.
Rewritten time: 104.0 ms
Checkpointing the rewritten cell for small notebook...
The rewritten code is correct. Profiling cudf...
HAHA small rewritten pre-checkpoint path:  /home/dias-benchmarks/tpch/notebooks/q11/q11_rewrite/checkpoints/pre_cell_3.pickle
Try 3: cudf profiling the rewritten code for cell 3 took 7.932263612747192 seconds.
gpu_calls_orig_perc: 1.0, gpu_calls_opt_perc: 1.0
orig_time: 118.0, opt_time: 104.0
Both the call ratio and the time are better.
Rewritten code took 104.0ms. The previous fastest solution took 115.0ms.
Previous best solution num GPU and CPU calls:  25 0
New solution num GPU and CPU calls:  24 0
Accepted the rewritten code.
Setting best_rewritten_post_checkpoint_path to  /home/dias-benchmarks/tpch/notebooks/q11/rewritten/o4_mini_high/checkpoints/post_cell_3_try_3.pickle
Setting best_small_rewritten_post_checkpoint_path to  /home/dias-benchmarks/tpch/notebooks/q11/rewritten/o4_mini_high_small/checkpoints/post_cell_3_try_3.pickle
========================================================
Rewriting cell 3... Try 4...
Manager agent prompt:
        <Original Code>:
        ### cell 3 ###


partsupp_filtered = partsupp.loc[:, ["PS_PARTKEY", "PS_SUPPKEY"]]
partsupp_filtered["TOTAL_COST"] = (
    partsupp["PS_SUPPLYCOST"] * partsupp["PS_AVAILQTY"]
)
supplier_filtered = supplier.loc[:, ["S_SUPPKEY", "S_NATIONKEY"]]
ps_supp_merge = partsupp_filtered.merge(
    supplier_filtered, left_on="PS_SUPPKEY", right_on="S_SUPPKEY", how="inner"
)
ps_supp_merge = ps_supp_merge.loc[:, ["PS_PARTKEY", "S_NATIONKEY", "TOTAL_COST"]]
nation_filtered = nation[(nation["N_NAME"] == "GERMANY")]
nation_filtered = nation_filtered.loc[:, ["N_NATIONKEY"]]
ps_supp_n_merge = ps_supp_merge.merge(
    nation_filtered, left_on="S_NATIONKEY", right_on="N_NATIONKEY", how="inner"
)
ps_supp_n_merge = ps_supp_n_merge.loc[:, ["PS_PARTKEY", "TOTAL_COST"]]
sum_val = ps_supp_n_merge["TOTAL_COST"].sum() * 0.0001
total = ps_supp_n_merge.groupby(["PS_PARTKEY"], as_index=False, sort=False).agg(
    VALUE=pd.NamedAgg(column="TOTAL_COST", aggfunc="sum")
)
total = total[total["VALUE"] > sum_val]
total = total.sort_values("VALUE", ascending=False)

        <Profiling data>:
                                Function  GPU calls  CPU calls
0   _LocationIndexer.__getitem__          5          0
1          DataFrame.__getitem__          7          0
2               OpsMixin.__mul__          1          0
3          DataFrame.__setitem__          1          0
4                DataFrame.merge          2          0
5                OpsMixin.__eq__          1          0
6                     Series.sum          1          0
7              DataFrame.groupby          1          0
8                       NamedAgg          0          1
9     DataFrameGroupBy.aggregate          0          1
10               OpsMixin.__gt__          1          0
11         DataFrame.sort_values          1          0
        <Execution time>: 115.0
        <Active Vars>: ['total']
        <Future Vars>: []
        <Rewritten Code>:
        ### cell 3 ###

# Compute total cost and select required columns in one step
ps = partsupp.assign(
    TOTAL_COST=partsupp.PS_SUPPLYCOST * partsupp.PS_AVAILQTY
)[["PS_PARTKEY", "PS_SUPPKEY", "TOTAL_COST"]]

# Filter supplier and nation tables
sup = supplier[["S_SUPPKEY", "S_NATIONKEY"]]
nat = nation[nation.N_NAME == "GERMANY"][["N_NATIONKEY"]]

# Join partsupp → supplier → nation, then keep only PS_PARTKEY and TOTAL_COST
# Note: specify left_on and right_on for the first merge
df = (
    ps
    .merge(sup, left_on="PS_SUPPKEY", right_on="S_SUPPKEY", how="inner")
    .merge(nat, left_on="S_NATIONKEY", right_on="N_NATIONKEY", how="inner")
    [["PS_PARTKEY", "TOTAL_COST"]]
)

# Compute threshold and aggregate per part
threshold = df.TOTAL_COST.sum() * 0.0001

total = (
    df
    .groupby("PS_PARTKEY")["TOTAL_COST"]
    .sum()
    .reset_index()
    .rename(columns={"TOTAL_COST": "VALUE"})
)

# Filter and sort
total = total[total.VALUE > threshold].sort_values("VALUE", ascending=False)
        <Profiling data>:
                                Function  GPU calls  CPU calls
0            NDFrame.__getattr__          5          0
1               OpsMixin.__mul__          1          0
2               DataFrame.assign          1          0
3          DataFrame.__getitem__          6          0
4                OpsMixin.__eq__          1          0
5                DataFrame.merge          2          0
6                     Series.sum          1          0
7              DataFrame.groupby          1          0
8   DataFrameGroupBy.__getitem__          1          0
9                    GroupBy.sum          1          0
10            Series.reset_index          1          0
11              DataFrame.rename          1          0
12               OpsMixin.__gt__          1          0
13         DataFrame.sort_values          1          0
        <Execution time>: 104.0
        <Execution output>: Rewritten time: 104.0 ms
Original time: 115.0 ms
        <Iteration>: 5/5

==========Running the manager agent to decide the next step==========
Choice: done
Reason: The rewritten code has shown an improvement in execution time compared to the original code, and it's currently in the last iteration. There are no indications of errors or obvious optimization opportunities remaining.
Code is already optimized
Try 4: calling rewrite agent for cell 3 took 1.6092324256896973 seconds.
========================================================
After rewriting cell  3
Rewritten pre-checkpoint path: /home/dias-benchmarks/tpch/notebooks/q11/rewritten/o4_mini_high/checkpoints/post_cell_3_try_3.pickle
Pre-checkpoint path: /home/dias-benchmarks/tpch/notebooks/q11/annotated/checkpoints/post_cell_3.pickle
========================================================
Cell 3 rewriting took 252.42909979820251 seconds.
Getting original timing for cell 4
HAHA original checkpoint path:  /home/dias-benchmarks/tpch/notebooks/q11/annotated/checkpoints/post_cell_3.pickle
Setting initially best_rewritten_post_checkpoint_path:  /home/dias-benchmarks/tpch/notebooks/q11/annotated/checkpoints/post_cell_4.pickle
Setting initially best_small_rewritten_post_checkpoint_path:  /home/dias-benchmarks/tpch/notebooks/q11/q11_rewrite/checkpoints/pre_cell_5.pickle
========================================================
Rewriting cell 4... Try 0...
Manager agent prompt:
        <Original Code>:
        ### cell 4 ###

total.info()
        <Profiling data>:
                 Function  GPU calls  CPU calls
0  DataFrame.info          1          0

        <Execution time>: 16.0
        <Active vars>: []

        <Future vars>: []

        <Iteration>: 1/5

==========Running the manager agent to decide the next step==========
Choice: done
Reason: The code is using DataFrame.info(), which is primarily for debugging and cannot be meaningfully optimized.
Code is already optimized
Try 0: calling rewrite agent for cell 4 took 1.4597489833831787 seconds.
There is no need to rewrite the cell.
Could not rewrite the cell. Continuing to next cell...
========================================================
After rewriting cell  4
Rewritten pre-checkpoint path: /home/dias-benchmarks/tpch/notebooks/q11/annotated/checkpoints/post_cell_4.pickle
Pre-checkpoint path: /home/dias-benchmarks/tpch/notebooks/q11/annotated/checkpoints/post_cell_4.pickle
========================================================
Cell 4 rewriting took 14.947122812271118 seconds.
Rewrote notebook in 272.96319818496704 seconds
