Annotated notebook saved to /home/dias-benchmarks/tpch/notebooks/cell_exec_info.ipynb
Executing code: import sys, os
sys.path.insert(0, os.path.abspath('/home/ElasticNotebook'))
%load_ext ElasticNotebook
from elastic.core.common.pandas import compare_df
import pickle
import cudf
Executing code: %%RecordEventWithColumnInfo
# %load_ext cudf.pandas
import sys, os
tpch_parent = os.path.abspath(os.path.join(os.getcwd(), ".."))
sys.path.insert(0, tpch_parent)
import pandas as pd
# from tpch import load_lineitem, load_supplier, q15
DATA_ROOT = "/home/dias-benchmarks/tpch/data"
STORAGE_OPTS = {}


Executing code: %%RecordEventWithColumnInfo
### cell 0 ###

def load_lineitem(
    data_folder: str, **storage_options
) -> pd.DataFrame:
    data_path = data_folder + "/lineitem.tbl"
    # df = pd.read_parquet(
    #     data_path,  storage_options=storage_options
    # )
    df = pd.read_csv(data_path, sep="|")
    print(df.columns)
    df["L_SHIPDATE"] = pd.to_datetime(df.L_SHIPDATE, format="%Y-%m-%d")
    df["L_RECEIPTDATE"] = pd.to_datetime(df.L_RECEIPTDATE, format="%Y-%m-%d")
    df["L_COMMITDATE"] = pd.to_datetime(df.L_COMMITDATE, format="%Y-%m-%d")
    return df

lineitem = load_lineitem(DATA_ROOT, **STORAGE_OPTS)

Executing code: %%RecordEventWithColumnInfo
### cell 1 ###


def load_supplier(
    data_folder: str, **storage_options
) -> pd.DataFrame:
    data_path = data_folder + "/supplier.tbl"
    # df = pd.read_parquet(
    #     data_path,  storage_options=storage_options
    # )
    df = pd.read_csv(data_path, sep="|")
    return df

supplier = load_supplier(DATA_ROOT, **STORAGE_OPTS)
Executing code: %%RecordEventWithColumnInfo
### cell 2 ###



lineitem_filtered = lineitem[
    (lineitem["L_SHIPDATE"] >= pd.Timestamp("1996-01-01"))
    & (
        lineitem["L_SHIPDATE"]
        < (pd.Timestamp("1996-01-01") + pd.DateOffset(months=3))
    )
]
lineitem_filtered["REVENUE_PARTS"] = lineitem_filtered["L_EXTENDEDPRICE"] * (
    1.0 - lineitem_filtered["L_DISCOUNT"]
)
lineitem_filtered = lineitem_filtered.loc[:, ["L_SUPPKEY", "REVENUE_PARTS"]]
revenue_table = (
    lineitem_filtered.groupby("L_SUPPKEY", as_index=False, sort=False)
    .agg(TOTAL_REVENUE=pd.NamedAgg(column="REVENUE_PARTS", aggfunc="sum"))
    .rename(columns={"L_SUPPKEY": "SUPPLIER_NO"})
)
max_revenue = revenue_table["TOTAL_REVENUE"].max()
revenue_table = revenue_table[revenue_table["TOTAL_REVENUE"] == max_revenue]
supplier_filtered = supplier.loc[:, ["S_SUPPKEY", "S_NAME", "S_ADDRESS", "S_PHONE"]]
total = supplier_filtered.merge(
    revenue_table, left_on="S_SUPPKEY", right_on="SUPPLIER_NO", how="inner"
)
total = total.loc[
    :, ["S_SUPPKEY", "S_NAME", "S_ADDRESS", "S_PHONE", "TOTAL_REVENUE"]
]



Executing code:
Executing code: %PrintCellInfo cell_exec_info
Executing code: %reset -f
Executing code: %reload_ext ElasticNotebook
Ran small notebook to get cell exec info in 54.43288326263428 seconds
Getting cudf profile information...
Annotated notebook saved to /home/dias-benchmarks/tpch/notebooks/cudf_profile.ipynb
Done getting cudf profile information.
Ran small notebook to get cudf profile info in 40.80893659591675 seconds
Annotated notebook saved to /home/dias-benchmarks/tpch/notebooks/annotated.ipynb
Executing code: %reset -f
Executing code: %reload_ext ElasticNotebook
Executing code: %load_ext cudf.pandas
Executing code: import sys, os
sys.path.insert(0, os.path.abspath('/home/ElasticNotebook'))
%load_ext ElasticNotebook
from elastic.core.common.pandas import compare_df
import pickle
import cudf
Executing code: %%RecordEvent
# %load_ext cudf.pandas
import sys, os
tpch_parent = os.path.abspath(os.path.join(os.getcwd(), ".."))
sys.path.insert(0, tpch_parent)
import pandas as pd
# from tpch import load_lineitem, load_supplier, q15
DATA_ROOT = "/home/dias-benchmarks/tpch/data"
STORAGE_OPTS = {}


Executing code: %Checkpoint /home/dias-benchmarks/tpch/notebooks/annotated/checkpoints/pre_cell_0.pickle
Checkpointing took 0.0005817413330078125 seconds.
========================================================
Cell  0
Rewritten pre-checkpoint path: /home/dias-benchmarks/tpch/notebooks/annotated/checkpoints/pre_cell_0.pickle
Pre-checkpoint path: /home/dias-benchmarks/tpch/notebooks/annotated/checkpoints/pre_cell_0.pickle
Small rewritten pre-checkpoint path: /home/dias-benchmarks/tpch/notebooks/q15_rewrite_small/checkpoints/pre_cell_0.pickle
========================================================
Getting original timing for cell 0
HAHA original checkpoint path:  /home/dias-benchmarks/tpch/notebooks/annotated/checkpoints/pre_cell_0.pickle
Setting initially best_rewritten_post_checkpoint_path:  /home/dias-benchmarks/tpch/notebooks/annotated/checkpoints/post_cell_0.pickle
Setting initially best_small_rewritten_post_checkpoint_path:  /home/dias-benchmarks/tpch/notebooks/q15_rewrite_small/checkpoints/pre_cell_1.pickle
========================================================
Rewriting cell 0... Try 0...
Manager agent prompt:
        <Original Code>:
        ### cell 0 ###

def load_lineitem(
    data_folder: str, **storage_options
) -> pd.DataFrame:
    data_path = data_folder + "/lineitem.tbl"
    # df = pd.read_parquet(
    #     data_path,  storage_options=storage_options
    # )
    df = pd.read_csv(data_path, sep="|")
    print(df.columns)
    df["L_SHIPDATE"] = pd.to_datetime(df.L_SHIPDATE, format="%Y-%m-%d")
    df["L_RECEIPTDATE"] = pd.to_datetime(df.L_RECEIPTDATE, format="%Y-%m-%d")
    df["L_COMMITDATE"] = pd.to_datetime(df.L_COMMITDATE, format="%Y-%m-%d")
    return df

lineitem = load_lineitem(DATA_ROOT, **STORAGE_OPTS)

        <Profiling data>:
                        Function  GPU calls  CPU calls
0               read_csv          1          0
1              DataFrame          1          0
2         object.__str__          1          0
3    NDFrame.__getattr__          3          0
4            to_datetime          3          0
5  DataFrame.__setitem__          3          0

        <Execution time>: 522.0
        <Active vars>: ['lineitem']

        <Future vars>: []

        <Iteration>: 1/5

==========Running the manager agent to decide the next step==========
Choice: new
Reason: This is the first iteration, and there is no rewritten code. We should attempt to optimize the original code.
Generating new code from the original code
Prompt:
        <Original Code>:
        ### cell 0 ###

def load_lineitem(
    data_folder: str, **storage_options
) -> pd.DataFrame:
    data_path = data_folder + "/lineitem.tbl"
    # df = pd.read_parquet(
    #     data_path,  storage_options=storage_options
    # )
    df = pd.read_csv(data_path, sep="|")
    print(df.columns)
    df["L_SHIPDATE"] = pd.to_datetime(df.L_SHIPDATE, format="%Y-%m-%d")
    df["L_RECEIPTDATE"] = pd.to_datetime(df.L_RECEIPTDATE, format="%Y-%m-%d")
    df["L_COMMITDATE"] = pd.to_datetime(df.L_COMMITDATE, format="%Y-%m-%d")
    return df

lineitem = load_lineitem(DATA_ROOT, **STORAGE_OPTS)

        <Profiling data>:
                        Function  GPU calls  CPU calls
0               read_csv          1          0
1              DataFrame          1          0
2         object.__str__          1          0
3    NDFrame.__getattr__          3          0
4            to_datetime          3          0
5  DataFrame.__setitem__          3          0

        <Execution time>: 522.0
        <Active vars>: ['lineitem']

        <Future vars>: []

        <Iteration>: 1/5

Code: def load_lineitem(
    data_folder: str, **storage_options
) -> pd.DataFrame:
    data_path = data_folder + "/lineitem.tbl"
    # Use GPU parse_dates to avoid post-read conversions
    df = pd.read_csv(
        data_path,
        sep="|",
        storage_options=storage_options,
        parse_dates=["L_SHIPDATE", "L_RECEIPTDATE", "L_COMMITDATE"]
    )
    print(df.columns)
    return df

lineitem = load_lineitem(DATA_ROOT, **STORAGE_OPTS)
Reason: By moving the three pd.to_datetime calls into the read_csv parse_dates parameter, we eliminate separate CPU date-parsing and __setitem__ operations and let the GPU handle parsing directly during the read, reducing CPU overhead and data movement.
Parsed response: def load_lineitem(
    data_folder: str, **storage_options
) -> pd.DataFrame:
    data_path = data_folder + "/lineitem.tbl"
    # Use GPU parse_dates to avoid post-read conversions
    df = pd.read_csv(
        data_path,
        sep="|",
        storage_options=storage_options,
        parse_dates=["L_SHIPDATE", "L_RECEIPTDATE", "L_COMMITDATE"]
    )
    print(df.columns)
    return df

lineitem = load_lineitem(DATA_ROOT, **STORAGE_OPTS)
Try 0: calling rewrite agent for cell 0 took 13.111355781555176 seconds.
Executing rewritten code... ### cell 0 ###

def load_lineitem(
    data_folder: str, **storage_options
) -> pd.DataFrame:
    data_path = data_folder + "/lineitem.tbl"
    # Use GPU parse_dates to avoid post-read conversions
    df = pd.read_csv(
        data_path,
        sep="|",
        storage_options=storage_options,
        parse_dates=["L_SHIPDATE", "L_RECEIPTDATE", "L_COMMITDATE"]
    )
    print(df.columns)
    return df

lineitem = load_lineitem(DATA_ROOT, **STORAGE_OPTS)
HAHA rewritten pre-checkpoint path:  /home/dias-benchmarks/tpch/notebooks/annotated/checkpoints/pre_cell_0.pickle
Running rewritten cell notebook
Finished executing the rewritten code.
Try 0: executing the rewritten code for cell 0 took 647.857232093811 seconds.
Rewritten time: 429.0 ms
Checkpointing the rewritten cell for small notebook...
The rewritten code is correct. Profiling cudf...
HAHA small rewritten pre-checkpoint path:  /home/dias-benchmarks/tpch/notebooks/q15_rewrite_small/checkpoints/pre_cell_0.pickle
Try 0: cudf profiling the rewritten code for cell 0 took 8.345255136489868 seconds.
gpu_calls_orig_perc: 1.0, gpu_calls_opt_perc: 1.0
orig_time: 522.0, opt_time: 429.0
Both the call ratio and the time are better.
Rewritten code took 429.0ms. The previous fastest solution took 522.0ms.
Previous best solution num GPU and CPU calls:  12 0
New solution num GPU and CPU calls:  3 0
Accepted the rewritten code.
Setting best_rewritten_post_checkpoint_path to  /home/dias-benchmarks/tpch/notebooks/rewritten/o4_mini_high/checkpoints/post_cell_0_try_0.pickle
Setting best_small_rewritten_post_checkpoint_path to  /home/dias-benchmarks/tpch/notebooks/rewritten/o4_mini_high_small/checkpoints/post_cell_0_try_0.pickle
========================================================
Rewriting cell 0... Try 1...
Manager agent prompt:
        <Original Code>:
        ### cell 0 ###

def load_lineitem(
    data_folder: str, **storage_options
) -> pd.DataFrame:
    data_path = data_folder + "/lineitem.tbl"
    # df = pd.read_parquet(
    #     data_path,  storage_options=storage_options
    # )
    df = pd.read_csv(data_path, sep="|")
    print(df.columns)
    df["L_SHIPDATE"] = pd.to_datetime(df.L_SHIPDATE, format="%Y-%m-%d")
    df["L_RECEIPTDATE"] = pd.to_datetime(df.L_RECEIPTDATE, format="%Y-%m-%d")
    df["L_COMMITDATE"] = pd.to_datetime(df.L_COMMITDATE, format="%Y-%m-%d")
    return df

lineitem = load_lineitem(DATA_ROOT, **STORAGE_OPTS)

        <Profiling data>:
                        Function  GPU calls  CPU calls
0               read_csv          1          0
1              DataFrame          1          0
2         object.__str__          1          0
3    NDFrame.__getattr__          3          0
4            to_datetime          3          0
5  DataFrame.__setitem__          3          0
        <Execution time>: 522.0
        <Active Vars>: ['lineitem']
        <Future Vars>: []
        <Rewritten Code>:
        ### cell 0 ###

def load_lineitem(
    data_folder: str, **storage_options
) -> pd.DataFrame:
    data_path = data_folder + "/lineitem.tbl"
    # Use GPU parse_dates to avoid post-read conversions
    df = pd.read_csv(
        data_path,
        sep="|",
        storage_options=storage_options,
        parse_dates=["L_SHIPDATE", "L_RECEIPTDATE", "L_COMMITDATE"]
    )
    print(df.columns)
    return df

lineitem = load_lineitem(DATA_ROOT, **STORAGE_OPTS)
        <Profiling data>:
                 Function  GPU calls  CPU calls
0        read_csv          1          0
1       DataFrame          1          0
2  object.__str__          1          0
        <Execution time>: 429.0
        <Execution output>: Rewritten time: 429.0 ms
Original time: 522.0 ms
        <Iteration>: 2/5

==========Running the manager agent to decide the next step==========
Choice: optimize
Reason: There might be further optimizations available, such as using cuDF for handling the DataFrame to leverage GPU acceleration more effectively. The rewritten code improved performance but further enhancements can be explored in subsequent iterations.
Code optimizer prompt:
        <Original Code>:
        ### cell 0 ###

def load_lineitem(
    data_folder: str, **storage_options
) -> pd.DataFrame:
    data_path = data_folder + "/lineitem.tbl"
    # Use GPU parse_dates to avoid post-read conversions
    df = pd.read_csv(
        data_path,
        sep="|",
        storage_options=storage_options,
        parse_dates=["L_SHIPDATE", "L_RECEIPTDATE", "L_COMMITDATE"]
    )
    print(df.columns)
    return df

lineitem = load_lineitem(DATA_ROOT, **STORAGE_OPTS)
        <Profiling data>:
                 Function  GPU calls  CPU calls
0        read_csv          1          0
1       DataFrame          1          0
2  object.__str__          1          0

        <Execution time>: 429.0
        <Active vars>: ['lineitem']

        <Future vars>: []

        <Iteration>: 2/5

Optimizing the last generated code
No Modifications made to the original code
Try 1: calling rewrite agent for cell 0 took 7.125834703445435 seconds.
========================================================
After rewriting cell  0
Rewritten pre-checkpoint path: /home/dias-benchmarks/tpch/notebooks/rewritten/o4_mini_high/checkpoints/post_cell_0_try_0.pickle
Pre-checkpoint path: /home/dias-benchmarks/tpch/notebooks/annotated/checkpoints/post_cell_0.pickle
========================================================
Cell 0 rewriting took 719.0673985481262 seconds.
Getting original timing for cell 1
HAHA original checkpoint path:  /home/dias-benchmarks/tpch/notebooks/annotated/checkpoints/post_cell_0.pickle
Setting initially best_rewritten_post_checkpoint_path:  /home/dias-benchmarks/tpch/notebooks/annotated/checkpoints/post_cell_1.pickle
Setting initially best_small_rewritten_post_checkpoint_path:  /home/dias-benchmarks/tpch/notebooks/q15_rewrite_small/checkpoints/pre_cell_2.pickle
========================================================
Rewriting cell 1... Try 0...
Manager agent prompt:
        <Original Code>:
        ### cell 1 ###


def load_supplier(
    data_folder: str, **storage_options
) -> pd.DataFrame:
    data_path = data_folder + "/supplier.tbl"
    # df = pd.read_parquet(
    #     data_path,  storage_options=storage_options
    # )
    df = pd.read_csv(data_path, sep="|")
    return df

supplier = load_supplier(DATA_ROOT, **STORAGE_OPTS)
        <Profiling data>:
           Function  GPU calls  CPU calls
0  read_csv          1          0

        <Execution time>: 79.5
        <Active vars>: []

        <Future vars>: ['lineitem']

        <Iteration>: 1/5

==========Running the manager agent to decide the next step==========
Choice: new
Reason: The current code uses `pd.read_csv`, which is single-threaded. We can attempt to generate new optimized code that uses a faster I/O library like Dask or PyArrow for parallel reading to improve performance.
Generating new code from the original code
Prompt:
        <Original Code>:
        ### cell 1 ###


def load_supplier(
    data_folder: str, **storage_options
) -> pd.DataFrame:
    data_path = data_folder + "/supplier.tbl"
    # df = pd.read_parquet(
    #     data_path,  storage_options=storage_options
    # )
    df = pd.read_csv(data_path, sep="|")
    return df

supplier = load_supplier(DATA_ROOT, **STORAGE_OPTS)
        <Profiling data>:
           Function  GPU calls  CPU calls
0  read_csv          1          0

        <Execution time>: 79.5
        <Active vars>: []

        <Future vars>: ['lineitem']

        <Iteration>: 1/5

Code: done
Reason: The current code already uses cudf’s GPU-accelerated read_csv (0 CPU calls). There’s no further CPU-to-GPU inefficiency to eliminate in this cell.
No Modifications made to the original code
Try 0: calling rewrite agent for cell 1 took 11.77003026008606 seconds.
There is no need to rewrite the cell.
Could not rewrite the cell. Continuing to next cell...
========================================================
After rewriting cell  1
Rewritten pre-checkpoint path: /home/dias-benchmarks/tpch/notebooks/annotated/checkpoints/post_cell_1.pickle
Pre-checkpoint path: /home/dias-benchmarks/tpch/notebooks/annotated/checkpoints/post_cell_1.pickle
========================================================
Cell 1 rewriting took 42.57967019081116 seconds.
Getting original timing for cell 2
HAHA original checkpoint path:  /home/dias-benchmarks/tpch/notebooks/annotated/checkpoints/post_cell_1.pickle
Setting initially best_rewritten_post_checkpoint_path:  /home/dias-benchmarks/tpch/notebooks/annotated/checkpoints/post_cell_2.pickle
Setting initially best_small_rewritten_post_checkpoint_path:  /home/dias-benchmarks/tpch/notebooks/q15_rewrite_small/checkpoints/pre_cell_3.pickle
========================================================
Rewriting cell 2... Try 0...
Manager agent prompt:
        <Original Code>:
        ### cell 2 ###



lineitem_filtered = lineitem[
    (lineitem["L_SHIPDATE"] >= pd.Timestamp("1996-01-01"))
    & (
        lineitem["L_SHIPDATE"]
        < (pd.Timestamp("1996-01-01") + pd.DateOffset(months=3))
    )
]
lineitem_filtered["REVENUE_PARTS"] = lineitem_filtered["L_EXTENDEDPRICE"] * (
    1.0 - lineitem_filtered["L_DISCOUNT"]
)
lineitem_filtered = lineitem_filtered.loc[:, ["L_SUPPKEY", "REVENUE_PARTS"]]
revenue_table = (
    lineitem_filtered.groupby("L_SUPPKEY", as_index=False, sort=False)
    .agg(TOTAL_REVENUE=pd.NamedAgg(column="REVENUE_PARTS", aggfunc="sum"))
    .rename(columns={"L_SUPPKEY": "SUPPLIER_NO"})
)
max_revenue = revenue_table["TOTAL_REVENUE"].max()
revenue_table = revenue_table[revenue_table["TOTAL_REVENUE"] == max_revenue]
supplier_filtered = supplier.loc[:, ["S_SUPPKEY", "S_NAME", "S_ADDRESS", "S_PHONE"]]
total = supplier_filtered.merge(
    revenue_table, left_on="S_SUPPKEY", right_on="SUPPLIER_NO", how="inner"
)
total = total.loc[
    :, ["S_SUPPKEY", "S_NAME", "S_ADDRESS", "S_PHONE", "TOTAL_REVENUE"]
]



        <Profiling data>:
                                Function  GPU calls  CPU calls
0          DataFrame.__getitem__          8          0
1                      Timestamp          0          2
2                OpsMixin.__ge__          0          1
3                     DateOffset          0          1
4             _Timestamp.__add__          0          1
5            BaseOffset.__radd__          0          1
6                OpsMixin.__lt__          0          1
7               OpsMixin.__and__          1          0
8              OpsMixin.__rsub__          1          0
9               OpsMixin.__mul__          1          0
10         DataFrame.__setitem__          1          0
11  _LocationIndexer.__getitem__          3          0
12             DataFrame.groupby          1          0
13                      NamedAgg          0          1
14    DataFrameGroupBy.aggregate          0          1
15              DataFrame.rename          1          0
16                    Series.max          1          0
17               OpsMixin.__eq__          1          0
18               DataFrame.merge          1          0

        <Execution time>: 263.0
        <Active vars>: []

        <Future vars>: []

        <Iteration>: 1/5

==========Running the manager agent to decide the next step==========
Choice: new
Reason: There is no rewritten code provided, and the performance can be improved by optimizing the original code using more efficient libraries or techniques.
Generating new code from the original code
Prompt:
        <Original Code>:
        ### cell 2 ###



lineitem_filtered = lineitem[
    (lineitem["L_SHIPDATE"] >= pd.Timestamp("1996-01-01"))
    & (
        lineitem["L_SHIPDATE"]
        < (pd.Timestamp("1996-01-01") + pd.DateOffset(months=3))
    )
]
lineitem_filtered["REVENUE_PARTS"] = lineitem_filtered["L_EXTENDEDPRICE"] * (
    1.0 - lineitem_filtered["L_DISCOUNT"]
)
lineitem_filtered = lineitem_filtered.loc[:, ["L_SUPPKEY", "REVENUE_PARTS"]]
revenue_table = (
    lineitem_filtered.groupby("L_SUPPKEY", as_index=False, sort=False)
    .agg(TOTAL_REVENUE=pd.NamedAgg(column="REVENUE_PARTS", aggfunc="sum"))
    .rename(columns={"L_SUPPKEY": "SUPPLIER_NO"})
)
max_revenue = revenue_table["TOTAL_REVENUE"].max()
revenue_table = revenue_table[revenue_table["TOTAL_REVENUE"] == max_revenue]
supplier_filtered = supplier.loc[:, ["S_SUPPKEY", "S_NAME", "S_ADDRESS", "S_PHONE"]]
total = supplier_filtered.merge(
    revenue_table, left_on="S_SUPPKEY", right_on="SUPPLIER_NO", how="inner"
)
total = total.loc[
    :, ["S_SUPPKEY", "S_NAME", "S_ADDRESS", "S_PHONE", "TOTAL_REVENUE"]
]



        <Profiling data>:
                                Function  GPU calls  CPU calls
0          DataFrame.__getitem__          8          0
1                      Timestamp          0          2
2                OpsMixin.__ge__          0          1
3                     DateOffset          0          1
4             _Timestamp.__add__          0          1
5            BaseOffset.__radd__          0          1
6                OpsMixin.__lt__          0          1
7               OpsMixin.__and__          1          0
8              OpsMixin.__rsub__          1          0
9               OpsMixin.__mul__          1          0
10         DataFrame.__setitem__          1          0
11  _LocationIndexer.__getitem__          3          0
12             DataFrame.groupby          1          0
13                      NamedAgg          0          1
14    DataFrameGroupBy.aggregate          0          1
15              DataFrame.rename          1          0
16                    Series.max          1          0
17               OpsMixin.__eq__          1          0
18               DataFrame.merge          1          0

        <Execution time>: 263.0
        <Active vars>: []

        <Future vars>: []

        <Iteration>: 1/5

Code: # cell 2
# Define date bounds as strings to push comparisons to the GPU
date_start = "1996-01-01"
date_end = "1996-04-01"

# Filter by ship date entirely on the GPU
tmp = lineitem[(lineitem.L_SHIPDATE >= date_start) & (lineitem.L_SHIPDATE < date_end)]

# Compute revenue parts
# Select only needed columns before the multiply to reduce memory footprint
tmp = tmp[["L_SUPPKEY", "L_EXTENDEDPRICE", "L_DISCOUNT"]]
tmp["REVENUE_PARTS"] = tmp.L_EXTENDEDPRICE * (1 - tmp.L_DISCOUNT)

# Aggregate GPU-side and reset index with new column name
revenue_table = (
    tmp.groupby("L_SUPPKEY").REVENUE_PARTS.sum()
    .reset_index(name="TOTAL_REVENUE")
    .rename(columns={"L_SUPPKEY": "SUPPLIER_NO"})
)

# Find the maximum revenue and filter
max_rev = revenue_table.TOTAL_REVENUE.max()
revenue_table = revenue_table[revenue_table.TOTAL_REVENUE == max_rev]

# Join with supplier details and select final columns
total = (
    supplier[["S_SUPPKEY", "S_NAME", "S_ADDRESS", "S_PHONE"]]
    .merge(revenue_table, left_on="S_SUPPKEY", right_on="SUPPLIER_NO")
    [["S_SUPPKEY", "S_NAME", "S_ADDRESS", "S_PHONE", "TOTAL_REVENUE"]]
)

Reason: Replaced pd.Timestamp and pd.DateOffset with string literals to force date comparisons on the GPU. Simplified the aggregation by using groupby().<column>.sum() and reset_index instead of NamedAgg to eliminate CPU overhead. Limited intermediate DataFrame columns before arithmetic to reduce memory traffic. All operations now occur on the GPU, removing the previous CPU calls.
Parsed response: # cell 2
# Define date bounds as strings to push comparisons to the GPU
date_start = "1996-01-01"
date_end = "1996-04-01"

# Filter by ship date entirely on the GPU
tmp = lineitem[(lineitem.L_SHIPDATE >= date_start) & (lineitem.L_SHIPDATE < date_end)]

# Compute revenue parts
# Select only needed columns before the multiply to reduce memory footprint
tmp = tmp[["L_SUPPKEY", "L_EXTENDEDPRICE", "L_DISCOUNT"]]
tmp["REVENUE_PARTS"] = tmp.L_EXTENDEDPRICE * (1 - tmp.L_DISCOUNT)

# Aggregate GPU-side and reset index with new column name
revenue_table = (
    tmp.groupby("L_SUPPKEY").REVENUE_PARTS.sum()
    .reset_index(name="TOTAL_REVENUE")
    .rename(columns={"L_SUPPKEY": "SUPPLIER_NO"})
)

# Find the maximum revenue and filter
max_rev = revenue_table.TOTAL_REVENUE.max()
revenue_table = revenue_table[revenue_table.TOTAL_REVENUE == max_rev]

# Join with supplier details and select final columns
total = (
    supplier[["S_SUPPKEY", "S_NAME", "S_ADDRESS", "S_PHONE"]]
    .merge(revenue_table, left_on="S_SUPPKEY", right_on="SUPPLIER_NO")
    [["S_SUPPKEY", "S_NAME", "S_ADDRESS", "S_PHONE", "TOTAL_REVENUE"]]
)

Try 0: calling rewrite agent for cell 2 took 11.87598705291748 seconds.
Executing rewritten code... ### cell 2 ###

# cell 2
# Define date bounds as strings to push comparisons to the GPU
date_start = "1996-01-01"
date_end = "1996-04-01"

# Filter by ship date entirely on the GPU
tmp = lineitem[(lineitem.L_SHIPDATE >= date_start) & (lineitem.L_SHIPDATE < date_end)]

# Compute revenue parts
# Select only needed columns before the multiply to reduce memory footprint
tmp = tmp[["L_SUPPKEY", "L_EXTENDEDPRICE", "L_DISCOUNT"]]
tmp["REVENUE_PARTS"] = tmp.L_EXTENDEDPRICE * (1 - tmp.L_DISCOUNT)

# Aggregate GPU-side and reset index with new column name
revenue_table = (
    tmp.groupby("L_SUPPKEY").REVENUE_PARTS.sum()
    .reset_index(name="TOTAL_REVENUE")
    .rename(columns={"L_SUPPKEY": "SUPPLIER_NO"})
)

# Find the maximum revenue and filter
max_rev = revenue_table.TOTAL_REVENUE.max()
revenue_table = revenue_table[revenue_table.TOTAL_REVENUE == max_rev]

# Join with supplier details and select final columns
total = (
    supplier[["S_SUPPKEY", "S_NAME", "S_ADDRESS", "S_PHONE"]]
    .merge(revenue_table, left_on="S_SUPPKEY", right_on="SUPPLIER_NO")
    [["S_SUPPKEY", "S_NAME", "S_ADDRESS", "S_PHONE", "TOTAL_REVENUE"]]
)

HAHA rewritten pre-checkpoint path:  /home/dias-benchmarks/tpch/notebooks/annotated/checkpoints/post_cell_1.pickle
Running rewritten cell notebook
Finished executing the rewritten code.
Try 0: executing the rewritten code for cell 2 took 26.902331352233887 seconds.
Rewritten time: 135.0 ms
Checkpointing the rewritten cell for small notebook...
The rewritten code is correct. Profiling cudf...
HAHA small rewritten pre-checkpoint path:  /home/dias-benchmarks/tpch/notebooks/q15_rewrite_small/checkpoints/pre_cell_2.pickle
Try 0: cudf profiling the rewritten code for cell 2 took 9.442348718643188 seconds.
gpu_calls_orig_perc: 0.6896551724137931, gpu_calls_opt_perc: 1.0
orig_time: 263.0, opt_time: 135.0
Both the call ratio and the time are better.
Rewritten code took 135.0ms. The previous fastest solution took 263.0ms.
Previous best solution num GPU and CPU calls:  20 9
New solution num GPU and CPU calls:  25 0
Accepted the rewritten code.
Setting best_rewritten_post_checkpoint_path to  /home/dias-benchmarks/tpch/notebooks/rewritten/o4_mini_high/checkpoints/post_cell_2_try_0.pickle
Setting best_small_rewritten_post_checkpoint_path to  /home/dias-benchmarks/tpch/notebooks/rewritten/o4_mini_high_small/checkpoints/post_cell_2_try_0.pickle
========================================================
Rewriting cell 2... Try 1...
Manager agent prompt:
        <Original Code>:
        ### cell 2 ###



lineitem_filtered = lineitem[
    (lineitem["L_SHIPDATE"] >= pd.Timestamp("1996-01-01"))
    & (
        lineitem["L_SHIPDATE"]
        < (pd.Timestamp("1996-01-01") + pd.DateOffset(months=3))
    )
]
lineitem_filtered["REVENUE_PARTS"] = lineitem_filtered["L_EXTENDEDPRICE"] * (
    1.0 - lineitem_filtered["L_DISCOUNT"]
)
lineitem_filtered = lineitem_filtered.loc[:, ["L_SUPPKEY", "REVENUE_PARTS"]]
revenue_table = (
    lineitem_filtered.groupby("L_SUPPKEY", as_index=False, sort=False)
    .agg(TOTAL_REVENUE=pd.NamedAgg(column="REVENUE_PARTS", aggfunc="sum"))
    .rename(columns={"L_SUPPKEY": "SUPPLIER_NO"})
)
max_revenue = revenue_table["TOTAL_REVENUE"].max()
revenue_table = revenue_table[revenue_table["TOTAL_REVENUE"] == max_revenue]
supplier_filtered = supplier.loc[:, ["S_SUPPKEY", "S_NAME", "S_ADDRESS", "S_PHONE"]]
total = supplier_filtered.merge(
    revenue_table, left_on="S_SUPPKEY", right_on="SUPPLIER_NO", how="inner"
)
total = total.loc[
    :, ["S_SUPPKEY", "S_NAME", "S_ADDRESS", "S_PHONE", "TOTAL_REVENUE"]
]



        <Profiling data>:
                                Function  GPU calls  CPU calls
0          DataFrame.__getitem__          8          0
1                      Timestamp          0          2
2                OpsMixin.__ge__          0          1
3                     DateOffset          0          1
4             _Timestamp.__add__          0          1
5            BaseOffset.__radd__          0          1
6                OpsMixin.__lt__          0          1
7               OpsMixin.__and__          1          0
8              OpsMixin.__rsub__          1          0
9               OpsMixin.__mul__          1          0
10         DataFrame.__setitem__          1          0
11  _LocationIndexer.__getitem__          3          0
12             DataFrame.groupby          1          0
13                      NamedAgg          0          1
14    DataFrameGroupBy.aggregate          0          1
15              DataFrame.rename          1          0
16                    Series.max          1          0
17               OpsMixin.__eq__          1          0
18               DataFrame.merge          1          0
        <Execution time>: 263.0
        <Active Vars>: []
        <Future Vars>: []
        <Rewritten Code>:
        ### cell 2 ###

# cell 2
# Define date bounds as strings to push comparisons to the GPU
date_start = "1996-01-01"
date_end = "1996-04-01"

# Filter by ship date entirely on the GPU
tmp = lineitem[(lineitem.L_SHIPDATE >= date_start) & (lineitem.L_SHIPDATE < date_end)]

# Compute revenue parts
# Select only needed columns before the multiply to reduce memory footprint
tmp = tmp[["L_SUPPKEY", "L_EXTENDEDPRICE", "L_DISCOUNT"]]
tmp["REVENUE_PARTS"] = tmp.L_EXTENDEDPRICE * (1 - tmp.L_DISCOUNT)

# Aggregate GPU-side and reset index with new column name
revenue_table = (
    tmp.groupby("L_SUPPKEY").REVENUE_PARTS.sum()
    .reset_index(name="TOTAL_REVENUE")
    .rename(columns={"L_SUPPKEY": "SUPPLIER_NO"})
)

# Find the maximum revenue and filter
max_rev = revenue_table.TOTAL_REVENUE.max()
revenue_table = revenue_table[revenue_table.TOTAL_REVENUE == max_rev]

# Join with supplier details and select final columns
total = (
    supplier[["S_SUPPKEY", "S_NAME", "S_ADDRESS", "S_PHONE"]]
    .merge(revenue_table, left_on="S_SUPPKEY", right_on="SUPPLIER_NO")
    [["S_SUPPKEY", "S_NAME", "S_ADDRESS", "S_PHONE", "TOTAL_REVENUE"]]
)

        <Profiling data>:
                         Function  GPU calls  CPU calls
0     NDFrame.__getattr__          6          0
1         OpsMixin.__ge__          1          0
2         OpsMixin.__lt__          1          0
3        OpsMixin.__and__          1          0
4   DataFrame.__getitem__          5          0
5       OpsMixin.__rsub__          1          0
6        OpsMixin.__mul__          1          0
7   DataFrame.__setitem__          1          0
8       DataFrame.groupby          1          0
9     GroupBy.__getattr__          1          0
10            GroupBy.sum          1          0
11     Series.reset_index          1          0
12       DataFrame.rename          1          0
13             Series.max          1          0
14        OpsMixin.__eq__          1          0
15        DataFrame.merge          1          0
        <Execution time>: 135.0
        <Execution output>: Rewritten time: 135.0 ms
Original time: 263.0 ms
        <Iteration>: 2/5

==========Running the manager agent to decide the next step==========
Choice: optimize
Reason: There is a rewritten code, and it has a significant performance improvement. However, there might still be more optimization techniques available, possibly requiring further investigation of cuDF or other libraries to further enhance performance.
Code optimizer prompt:
        <Original Code>:
        ### cell 2 ###

# cell 2
# Define date bounds as strings to push comparisons to the GPU
date_start = "1996-01-01"
date_end = "1996-04-01"

# Filter by ship date entirely on the GPU
tmp = lineitem[(lineitem.L_SHIPDATE >= date_start) & (lineitem.L_SHIPDATE < date_end)]

# Compute revenue parts
# Select only needed columns before the multiply to reduce memory footprint
tmp = tmp[["L_SUPPKEY", "L_EXTENDEDPRICE", "L_DISCOUNT"]]
tmp["REVENUE_PARTS"] = tmp.L_EXTENDEDPRICE * (1 - tmp.L_DISCOUNT)

# Aggregate GPU-side and reset index with new column name
revenue_table = (
    tmp.groupby("L_SUPPKEY").REVENUE_PARTS.sum()
    .reset_index(name="TOTAL_REVENUE")
    .rename(columns={"L_SUPPKEY": "SUPPLIER_NO"})
)

# Find the maximum revenue and filter
max_rev = revenue_table.TOTAL_REVENUE.max()
revenue_table = revenue_table[revenue_table.TOTAL_REVENUE == max_rev]

# Join with supplier details and select final columns
total = (
    supplier[["S_SUPPKEY", "S_NAME", "S_ADDRESS", "S_PHONE"]]
    .merge(revenue_table, left_on="S_SUPPKEY", right_on="SUPPLIER_NO")
    [["S_SUPPKEY", "S_NAME", "S_ADDRESS", "S_PHONE", "TOTAL_REVENUE"]]
)

        <Profiling data>:
                         Function  GPU calls  CPU calls
0     NDFrame.__getattr__          6          0
1         OpsMixin.__ge__          1          0
2         OpsMixin.__lt__          1          0
3        OpsMixin.__and__          1          0
4   DataFrame.__getitem__          5          0
5       OpsMixin.__rsub__          1          0
6        OpsMixin.__mul__          1          0
7   DataFrame.__setitem__          1          0
8       DataFrame.groupby          1          0
9     GroupBy.__getattr__          1          0
10            GroupBy.sum          1          0
11     Series.reset_index          1          0
12       DataFrame.rename          1          0
13             Series.max          1          0
14        OpsMixin.__eq__          1          0
15        DataFrame.merge          1          0

        <Execution time>: 135.0
        <Active vars>: []

        <Future vars>: []

        <Iteration>: 2/5

Optimizing the last generated code
Parsed response: # Optimized GPU workflow using cudf.pandas
# Define date bounds as strings to push comparisons to the GPU
date_start = "1996-01-01"
date_end = "1996-04-01"

# Filter, compute revenue parts, aggregate and pick top supplier in one pipeline
top_revenue = (
    lineitem
    .loc[
        (lineitem.L_SHIPDATE >= date_start) & (lineitem.L_SHIPDATE < date_end),
        ["L_SUPPKEY", "L_EXTENDEDPRICE", "L_DISCOUNT"]
    ]
    .assign(REVENUE_PARTS=lambda df: df.L_EXTENDEDPRICE * (1 - df.L_DISCOUNT))
    .groupby("L_SUPPKEY")["REVENUE_PARTS"].sum()
    .reset_index()
    .nlargest(1, "REVENUE_PARTS")
    .rename(columns={"L_SUPPKEY": "S_SUPPKEY", "REVENUE_PARTS": "TOTAL_REVENUE"})
)

# Join with supplier details and select final columns
total = (
    top_revenue
    .merge(
        supplier[["S_SUPPKEY", "S_NAME", "S_ADDRESS", "S_PHONE"]],
        on="S_SUPPKEY"
    )
    [["S_SUPPKEY", "S_NAME", "S_ADDRESS", "S_PHONE", "TOTAL_REVENUE"]]
)

Try 1: calling rewrite agent for cell 2 took 26.548678159713745 seconds.
Executing rewritten code... ### cell 2 ###

# Optimized GPU workflow using cudf.pandas
# Define date bounds as strings to push comparisons to the GPU
date_start = "1996-01-01"
date_end = "1996-04-01"

# Filter, compute revenue parts, aggregate and pick top supplier in one pipeline
top_revenue = (
    lineitem
    .loc[
        (lineitem.L_SHIPDATE >= date_start) & (lineitem.L_SHIPDATE < date_end),
        ["L_SUPPKEY", "L_EXTENDEDPRICE", "L_DISCOUNT"]
    ]
    .assign(REVENUE_PARTS=lambda df: df.L_EXTENDEDPRICE * (1 - df.L_DISCOUNT))
    .groupby("L_SUPPKEY")["REVENUE_PARTS"].sum()
    .reset_index()
    .nlargest(1, "REVENUE_PARTS")
    .rename(columns={"L_SUPPKEY": "S_SUPPKEY", "REVENUE_PARTS": "TOTAL_REVENUE"})
)

# Join with supplier details and select final columns
total = (
    top_revenue
    .merge(
        supplier[["S_SUPPKEY", "S_NAME", "S_ADDRESS", "S_PHONE"]],
        on="S_SUPPKEY"
    )
    [["S_SUPPKEY", "S_NAME", "S_ADDRESS", "S_PHONE", "TOTAL_REVENUE"]]
)

HAHA rewritten pre-checkpoint path:  /home/dias-benchmarks/tpch/notebooks/annotated/checkpoints/post_cell_1.pickle
Running rewritten cell notebook
Finished executing the rewritten code.
Try 1: executing the rewritten code for cell 2 took 26.58844494819641 seconds.
Rewritten time: 102.0 ms
Checkpointing the rewritten cell for small notebook...
The rewritten code is correct. Profiling cudf...
HAHA small rewritten pre-checkpoint path:  /home/dias-benchmarks/tpch/notebooks/q15_rewrite_small/checkpoints/pre_cell_2.pickle
Try 1: cudf profiling the rewritten code for cell 2 took 9.413199424743652 seconds.
gpu_calls_orig_perc: 1.0, gpu_calls_opt_perc: 1.0
orig_time: 135.0, opt_time: 102.0
Both the call ratio and the time are better.
Rewritten code took 102.0ms. The previous fastest solution took 263.0ms.
Previous best solution num GPU and CPU calls:  25 0
New solution num GPU and CPU calls:  17 0
Accepted the rewritten code.
Setting best_rewritten_post_checkpoint_path to  /home/dias-benchmarks/tpch/notebooks/rewritten/o4_mini_high/checkpoints/post_cell_2_try_1.pickle
Setting best_small_rewritten_post_checkpoint_path to  /home/dias-benchmarks/tpch/notebooks/rewritten/o4_mini_high_small/checkpoints/post_cell_2_try_1.pickle
========================================================
Rewriting cell 2... Try 2...
Manager agent prompt:
        <Original Code>:
        ### cell 2 ###



lineitem_filtered = lineitem[
    (lineitem["L_SHIPDATE"] >= pd.Timestamp("1996-01-01"))
    & (
        lineitem["L_SHIPDATE"]
        < (pd.Timestamp("1996-01-01") + pd.DateOffset(months=3))
    )
]
lineitem_filtered["REVENUE_PARTS"] = lineitem_filtered["L_EXTENDEDPRICE"] * (
    1.0 - lineitem_filtered["L_DISCOUNT"]
)
lineitem_filtered = lineitem_filtered.loc[:, ["L_SUPPKEY", "REVENUE_PARTS"]]
revenue_table = (
    lineitem_filtered.groupby("L_SUPPKEY", as_index=False, sort=False)
    .agg(TOTAL_REVENUE=pd.NamedAgg(column="REVENUE_PARTS", aggfunc="sum"))
    .rename(columns={"L_SUPPKEY": "SUPPLIER_NO"})
)
max_revenue = revenue_table["TOTAL_REVENUE"].max()
revenue_table = revenue_table[revenue_table["TOTAL_REVENUE"] == max_revenue]
supplier_filtered = supplier.loc[:, ["S_SUPPKEY", "S_NAME", "S_ADDRESS", "S_PHONE"]]
total = supplier_filtered.merge(
    revenue_table, left_on="S_SUPPKEY", right_on="SUPPLIER_NO", how="inner"
)
total = total.loc[
    :, ["S_SUPPKEY", "S_NAME", "S_ADDRESS", "S_PHONE", "TOTAL_REVENUE"]
]



        <Profiling data>:
                                Function  GPU calls  CPU calls
0          DataFrame.__getitem__          8          0
1                      Timestamp          0          2
2                OpsMixin.__ge__          0          1
3                     DateOffset          0          1
4             _Timestamp.__add__          0          1
5            BaseOffset.__radd__          0          1
6                OpsMixin.__lt__          0          1
7               OpsMixin.__and__          1          0
8              OpsMixin.__rsub__          1          0
9               OpsMixin.__mul__          1          0
10         DataFrame.__setitem__          1          0
11  _LocationIndexer.__getitem__          3          0
12             DataFrame.groupby          1          0
13                      NamedAgg          0          1
14    DataFrameGroupBy.aggregate          0          1
15              DataFrame.rename          1          0
16                    Series.max          1          0
17               OpsMixin.__eq__          1          0
18               DataFrame.merge          1          0
        <Execution time>: 263.0
        <Active Vars>: []
        <Future Vars>: []
        <Rewritten Code>:
        ### cell 2 ###

# Optimized GPU workflow using cudf.pandas
# Define date bounds as strings to push comparisons to the GPU
date_start = "1996-01-01"
date_end = "1996-04-01"

# Filter, compute revenue parts, aggregate and pick top supplier in one pipeline
top_revenue = (
    lineitem
    .loc[
        (lineitem.L_SHIPDATE >= date_start) & (lineitem.L_SHIPDATE < date_end),
        ["L_SUPPKEY", "L_EXTENDEDPRICE", "L_DISCOUNT"]
    ]
    .assign(REVENUE_PARTS=lambda df: df.L_EXTENDEDPRICE * (1 - df.L_DISCOUNT))
    .groupby("L_SUPPKEY")["REVENUE_PARTS"].sum()
    .reset_index()
    .nlargest(1, "REVENUE_PARTS")
    .rename(columns={"L_SUPPKEY": "S_SUPPKEY", "REVENUE_PARTS": "TOTAL_REVENUE"})
)

# Join with supplier details and select final columns
total = (
    top_revenue
    .merge(
        supplier[["S_SUPPKEY", "S_NAME", "S_ADDRESS", "S_PHONE"]],
        on="S_SUPPKEY"
    )
    [["S_SUPPKEY", "S_NAME", "S_ADDRESS", "S_PHONE", "TOTAL_REVENUE"]]
)

        <Profiling data>:
                                Function  GPU calls  CPU calls
0                      DataFrame          1          0
1            NDFrame.__getattr__          2          0
2                OpsMixin.__ge__          1          0
3                OpsMixin.__lt__          1          0
4               OpsMixin.__and__          1          0
5   _LocationIndexer.__getitem__          1          0
6               DataFrame.assign          1          0
7              DataFrame.groupby          1          0
8   DataFrameGroupBy.__getitem__          1          0
9                    GroupBy.sum          1          0
10            Series.reset_index          1          0
11            DataFrame.nlargest          1          0
12              DataFrame.rename          1          0
13         DataFrame.__getitem__          2          0
14               DataFrame.merge          1          0
        <Execution time>: 102.0
        <Execution output>: Rewritten time: 102.0 ms
Original time: 263.0 ms
        <Iteration>: 3/5

==========Running the manager agent to decide the next step==========
Choice: optimize
Reason: The rewritten code, though optimized with cudf.pandas, can still be improved by possibly using direct cudf operations for filtering and aggregation, which can exploit more GPU parallelism and reduce Python overhead.
Code optimizer prompt:
        <Original Code>:
        ### cell 2 ###

# Optimized GPU workflow using cudf.pandas
# Define date bounds as strings to push comparisons to the GPU
date_start = "1996-01-01"
date_end = "1996-04-01"

# Filter, compute revenue parts, aggregate and pick top supplier in one pipeline
top_revenue = (
    lineitem
    .loc[
        (lineitem.L_SHIPDATE >= date_start) & (lineitem.L_SHIPDATE < date_end),
        ["L_SUPPKEY", "L_EXTENDEDPRICE", "L_DISCOUNT"]
    ]
    .assign(REVENUE_PARTS=lambda df: df.L_EXTENDEDPRICE * (1 - df.L_DISCOUNT))
    .groupby("L_SUPPKEY")["REVENUE_PARTS"].sum()
    .reset_index()
    .nlargest(1, "REVENUE_PARTS")
    .rename(columns={"L_SUPPKEY": "S_SUPPKEY", "REVENUE_PARTS": "TOTAL_REVENUE"})
)

# Join with supplier details and select final columns
total = (
    top_revenue
    .merge(
        supplier[["S_SUPPKEY", "S_NAME", "S_ADDRESS", "S_PHONE"]],
        on="S_SUPPKEY"
    )
    [["S_SUPPKEY", "S_NAME", "S_ADDRESS", "S_PHONE", "TOTAL_REVENUE"]]
)

        <Profiling data>:
                                Function  GPU calls  CPU calls
0                      DataFrame          1          0
1            NDFrame.__getattr__          2          0
2                OpsMixin.__ge__          1          0
3                OpsMixin.__lt__          1          0
4               OpsMixin.__and__          1          0
5   _LocationIndexer.__getitem__          1          0
6               DataFrame.assign          1          0
7              DataFrame.groupby          1          0
8   DataFrameGroupBy.__getitem__          1          0
9                    GroupBy.sum          1          0
10            Series.reset_index          1          0
11            DataFrame.nlargest          1          0
12              DataFrame.rename          1          0
13         DataFrame.__getitem__          2          0
14               DataFrame.merge          1          0

        <Execution time>: 102.0
        <Active vars>: []

        <Future vars>: []

        <Iteration>: 3/5

Optimizing the last generated code
No Modifications made to the original code
Try 2: calling rewrite agent for cell 2 took 9.558069944381714 seconds.
========================================================
After rewriting cell  2
Rewritten pre-checkpoint path: /home/dias-benchmarks/tpch/notebooks/rewritten/o4_mini_high/checkpoints/post_cell_2_try_1.pickle
Pre-checkpoint path: /home/dias-benchmarks/tpch/notebooks/annotated/checkpoints/post_cell_2.pickle
========================================================
Cell 2 rewriting took 202.06321215629578 seconds.
Rewrote notebook in 966.4085371494293 seconds
