Annotated notebook saved to /home/dias-benchmarks/tpch/notebooks/q16/cell_exec_info.ipynb
Executing code: import sys, os
sys.path.insert(0, os.path.abspath('/home/ElasticNotebook'))
%load_ext ElasticNotebook
from elastic.core.common.pandas import compare_df
import pickle
import cudf
Executing code: %%RecordEventWithColumnInfo
# %load_ext cudf.pandas
import sys, os
tpch_parent = os.path.abspath(os.path.join(os.getcwd(), ".."))
sys.path.insert(0, tpch_parent)
# from tpch import load_part, load_partsupp, load_supplier, q16
import pandas as pd
DATA_ROOT = "/home/dias-benchmarks/tpch/data"
STORAGE_OPTS = {}



Executing code: %%RecordEventWithColumnInfo
### cell 0 ###

def load_part(
    data_folder: str, **storage_options
) -> pd.DataFrame:
    data_path = data_folder + "/part.tbl"
    # df = pd.read_parquet(
    #     data_path,  storage_options=storage_options
    # )
    df = pd.read_csv(data_path, sep="|")
    return df
part = load_part(DATA_ROOT, **STORAGE_OPTS)
Executing code: %%RecordEventWithColumnInfo
### cell 1 ###

def load_partsupp(
    data_folder: str, **storage_options
) -> pd.DataFrame:
    data_path = data_folder + "/partsupp.tbl"
    # df = pd.read_parquet(
    #     data_path,  storage_options=storage_options
    # )
    df = pd.read_csv(data_path, sep="|")
    return df
partsupp = load_partsupp(DATA_ROOT, **STORAGE_OPTS)

Executing code: %%RecordEventWithColumnInfo
### cell 2 ###

def load_supplier(
    data_folder: str, **storage_options
) -> pd.DataFrame:
    data_path = data_folder + "/supplier.tbl"
    # df = pd.read_parquet(
    #     data_path,  storage_options=storage_options
    # )
    df = pd.read_csv(data_path, sep="|")
    return df
supplier = load_supplier(DATA_ROOT, **STORAGE_OPTS)
Executing code: %%RecordEventWithColumnInfo
### cell 3 ###


part_filtered = part[
    (part["P_BRAND"] != "Brand#45")
    & (~part["P_TYPE"].str.contains("^MEDIUM POLISHED"))
    & part["P_SIZE"].isin([49, 14, 23, 45, 19, 3, 36, 9])
]
part_filtered = part_filtered.loc[:, ["P_PARTKEY", "P_BRAND", "P_TYPE", "P_SIZE"]]
partsupp_filtered = partsupp.loc[:, ["PS_PARTKEY", "PS_SUPPKEY"]]
total = part_filtered.merge(
    partsupp_filtered, left_on="P_PARTKEY", right_on="PS_PARTKEY", how="inner"
)
total = total.loc[:, ["P_BRAND", "P_TYPE", "P_SIZE", "PS_SUPPKEY"]]
supplier_filtered = supplier[
    supplier["S_COMMENT"].str.contains(r"Customer(\S|\s)*Complaints")
]
supplier_filtered = supplier_filtered.loc[:, ["S_SUPPKEY"]].drop_duplicates()
# left merge to select only PS_SUPPKEY values not in supplier_filtered
total = total.merge(
    supplier_filtered, left_on="PS_SUPPKEY", right_on="S_SUPPKEY", how="left"
)
total = total[total["S_SUPPKEY"].isna()]
total = total.loc[:, ["P_BRAND", "P_TYPE", "P_SIZE", "PS_SUPPKEY"]]
total = total.groupby(["P_BRAND", "P_TYPE", "P_SIZE"], as_index=False, sort=False)[
    "PS_SUPPKEY"
].nunique()
total.columns = ["P_BRAND", "P_TYPE", "P_SIZE", "SUPPLIER_CNT"]
total = total.sort_values(
    by=["SUPPLIER_CNT", "P_BRAND", "P_TYPE", "P_SIZE"],
    ascending=[False, True, True, True],
)

Executing code: %%RecordEventWithColumnInfo
### cell 4 ###

total.info()
Executing code: %PrintCellInfo cell_exec_info
Executing code: %reset -f
Executing code: %reload_ext ElasticNotebook
Ran small notebook to get cell exec info in 12.706108570098877 seconds
Getting cudf profile information...
Annotated notebook saved to /home/dias-benchmarks/tpch/notebooks/q16/cudf_profile.ipynb
Done getting cudf profile information.
Ran small notebook to get cudf profile info in 24.595118284225464 seconds
Annotated notebook saved to /home/dias-benchmarks/tpch/notebooks/q16/annotated.ipynb
Executing code: %reset -f
Executing code: %reload_ext ElasticNotebook
Executing code: %load_ext cudf.pandas
Executing code: import sys, os
sys.path.insert(0, os.path.abspath('/home/ElasticNotebook'))
%load_ext ElasticNotebook
from elastic.core.common.pandas import compare_df
import pickle
import cudf
Executing code: %%RecordEvent
# %load_ext cudf.pandas
import sys, os
tpch_parent = os.path.abspath(os.path.join(os.getcwd(), ".."))
sys.path.insert(0, tpch_parent)
# from tpch import load_part, load_partsupp, load_supplier, q16
import pandas as pd
DATA_ROOT = "/home/dias-benchmarks/tpch/data"
STORAGE_OPTS = {}



Executing code: %%RecordEvent
%%time
### cell 0 ###

def load_part(
    data_folder: str, **storage_options
) -> pd.DataFrame:
    data_path = data_folder + "/part.tbl"
    # df = pd.read_parquet(
    #     data_path,  storage_options=storage_options
    # )
    df = pd.read_csv(data_path, sep="|")
    return df
part = load_part(DATA_ROOT, **STORAGE_OPTS)
Executing code: %%RecordEvent
%%time
### cell 1 ###

def load_partsupp(
    data_folder: str, **storage_options
) -> pd.DataFrame:
    data_path = data_folder + "/partsupp.tbl"
    # df = pd.read_parquet(
    #     data_path,  storage_options=storage_options
    # )
    df = pd.read_csv(data_path, sep="|")
    return df
partsupp = load_partsupp(DATA_ROOT, **STORAGE_OPTS)

Executing code: %Checkpoint /home/dias-benchmarks/tpch/notebooks/q16/annotated/checkpoints/pre_cell_2.pickle
Checkpointing took 0.0008046627044677734 seconds.
========================================================
Cell  2
Rewritten pre-checkpoint path: /home/dias-benchmarks/tpch/notebooks/q16/annotated/checkpoints/pre_cell_2.pickle
Pre-checkpoint path: /home/dias-benchmarks/tpch/notebooks/q16/annotated/checkpoints/pre_cell_2.pickle
Small rewritten pre-checkpoint path: /home/dias-benchmarks/tpch/notebooks/q16/q16_rewrite/checkpoints/pre_cell_2.pickle
========================================================
Getting original timing for cell 2
HAHA original checkpoint path:  /home/dias-benchmarks/tpch/notebooks/q16/annotated/checkpoints/pre_cell_2.pickle
Setting initially best_rewritten_post_checkpoint_path:  /home/dias-benchmarks/tpch/notebooks/q16/annotated/checkpoints/post_cell_2.pickle
Setting initially best_small_rewritten_post_checkpoint_path:  /home/dias-benchmarks/tpch/notebooks/q16/q16_rewrite/checkpoints/pre_cell_3.pickle
========================================================
Rewriting cell 2... Try 0...
Manager agent prompt:
        <Original Code>:
        ### cell 2 ###

def load_supplier(
    data_folder: str, **storage_options
) -> pd.DataFrame:
    data_path = data_folder + "/supplier.tbl"
    # df = pd.read_parquet(
    #     data_path,  storage_options=storage_options
    # )
    df = pd.read_csv(data_path, sep="|")
    return df
supplier = load_supplier(DATA_ROOT, **STORAGE_OPTS)
        <Profiling data>:
           Function  GPU calls  CPU calls
0  read_csv          1          0

        <Execution time>: 63.2
        <Active vars>: []

        <Future vars>: ['part', 'partsupp']

        <Iteration>: 1/5

==========Running the manager agent to decide the next step==========
Choice: new
Reason: The original code uses `pd.read_csv`, which can be optimized for performance. Since there's no rewritten code provided, we can try optimizing the original code again by potentially using a faster method like `cudf.read_csv` or optimizing the file reading process.
Generating new code from the original code
Prompt:
        <Original Code>:
        ### cell 2 ###

def load_supplier(
    data_folder: str, **storage_options
) -> pd.DataFrame:
    data_path = data_folder + "/supplier.tbl"
    # df = pd.read_parquet(
    #     data_path,  storage_options=storage_options
    # )
    df = pd.read_csv(data_path, sep="|")
    return df
supplier = load_supplier(DATA_ROOT, **STORAGE_OPTS)
        <Profiling data>:
           Function  GPU calls  CPU calls
0  read_csv          1          0

        <Execution time>: 63.2
        <Active vars>: []

        <Future vars>: ['part', 'partsupp']

        <Iteration>: 1/5

Code: def load_supplier(
    data_folder: str, **storage_options
) -> pd.DataFrame:
    csv_path = f"{data_folder}/supplier.tbl"
    # prefer GPU-accelerated parquet if available
    parquet_path = csv_path.replace('.tbl', '.parquet')
    try:
        # this will use cudf.read_parquet under the hood
        return pd.read_parquet(parquet_path, storage_options=storage_options)
    except Exception:
        # fallback to CSV (also GPU-accelerated via cudf)
        return pd.read_csv(csv_path, sep='|', storage_options=storage_options)

supplier = load_supplier(DATA_ROOT, **STORAGE_OPTS)
Reason: Switching from a CSV read to a parquet read can dramatically reduce I/O and parsing time on the GPU. We still fall back to CSV if the parquet file isn’t present, and we pass through storage_options in both cases to ensure compatibility with remote filesystems.
Parsed response: def load_supplier(
    data_folder: str, **storage_options
) -> pd.DataFrame:
    csv_path = f"{data_folder}/supplier.tbl"
    # prefer GPU-accelerated parquet if available
    parquet_path = csv_path.replace('.tbl', '.parquet')
    try:
        # this will use cudf.read_parquet under the hood
        return pd.read_parquet(parquet_path, storage_options=storage_options)
    except Exception:
        # fallback to CSV (also GPU-accelerated via cudf)
        return pd.read_csv(csv_path, sep='|', storage_options=storage_options)

supplier = load_supplier(DATA_ROOT, **STORAGE_OPTS)
Try 0: calling rewrite agent for cell 2 took 23.947354555130005 seconds.
Executing rewritten code... ### cell 2 ###

def load_supplier(
    data_folder: str, **storage_options
) -> pd.DataFrame:
    csv_path = f"{data_folder}/supplier.tbl"
    # prefer GPU-accelerated parquet if available
    parquet_path = csv_path.replace('.tbl', '.parquet')
    try:
        # this will use cudf.read_parquet under the hood
        return pd.read_parquet(parquet_path, storage_options=storage_options)
    except Exception:
        # fallback to CSV (also GPU-accelerated via cudf)
        return pd.read_csv(csv_path, sep='|', storage_options=storage_options)

supplier = load_supplier(DATA_ROOT, **STORAGE_OPTS)
HAHA rewritten pre-checkpoint path:  /home/dias-benchmarks/tpch/notebooks/q16/annotated/checkpoints/pre_cell_2.pickle
Running rewritten cell notebook
Finished executing the rewritten code.
Try 0: executing the rewritten code for cell 2 took 12.68080186843872 seconds.
Rewritten time: 71.1 ms
Checkpointing the rewritten cell for small notebook...
The rewritten code is correct. Profiling cudf...
HAHA small rewritten pre-checkpoint path:  /home/dias-benchmarks/tpch/notebooks/q16/q16_rewrite/checkpoints/pre_cell_2.pickle
Try 0: cudf profiling the rewritten code for cell 2 took 7.962464809417725 seconds.
gpu_calls_orig_perc: 1.0, gpu_calls_opt_perc: 1.0
orig_time: 63.2, opt_time: 71.1
Ratio improves.
Improvement in percentage does not make up for the slowdown.
Rewritten code took 71.1ms. The previous fastest solution took 63.2ms.
Previous best solution num GPU and CPU calls:  1 0
New solution num GPU and CPU calls:  1 0
========================================================
Rewriting cell 2... Try 1...
Manager agent prompt:
        <Original Code>:
        ### cell 2 ###

def load_supplier(
    data_folder: str, **storage_options
) -> pd.DataFrame:
    data_path = data_folder + "/supplier.tbl"
    # df = pd.read_parquet(
    #     data_path,  storage_options=storage_options
    # )
    df = pd.read_csv(data_path, sep="|")
    return df
supplier = load_supplier(DATA_ROOT, **STORAGE_OPTS)
        <Profiling data>:
           Function  GPU calls  CPU calls
0  read_csv          1          0
        <Execution time>: 63.2
        <Active Vars>: []
        <Future Vars>: ['part', 'partsupp']
        <Rewritten Code>:
        ### cell 2 ###

def load_supplier(
    data_folder: str, **storage_options
) -> pd.DataFrame:
    csv_path = f"{data_folder}/supplier.tbl"
    # prefer GPU-accelerated parquet if available
    parquet_path = csv_path.replace('.tbl', '.parquet')
    try:
        # this will use cudf.read_parquet under the hood
        return pd.read_parquet(parquet_path, storage_options=storage_options)
    except Exception:
        # fallback to CSV (also GPU-accelerated via cudf)
        return pd.read_csv(csv_path, sep='|', storage_options=storage_options)

supplier = load_supplier(DATA_ROOT, **STORAGE_OPTS)
        <Profiling data>:
           Function  GPU calls  CPU calls
0  read_csv          1          0
        <Execution time>: 71.1
        <Execution output>: Rewritten time: 71.1 ms
Original time: 63.2 ms
        <Iteration>: 2/5

==========Running the manager agent to decide the next step==========
Choice: optimize
Reason: The rewritten code attempts to use a GPU-accelerated parquet reader, but the execution time increased. We can further optimize by ensuring the correct GPU-based loading methods are being used and that there are no unnecessary fallback calls.
Code optimizer prompt:
        <Original Code>:
        ### cell 2 ###

def load_supplier(
    data_folder: str, **storage_options
) -> pd.DataFrame:
    csv_path = f"{data_folder}/supplier.tbl"
    # prefer GPU-accelerated parquet if available
    parquet_path = csv_path.replace('.tbl', '.parquet')
    try:
        # this will use cudf.read_parquet under the hood
        return pd.read_parquet(parquet_path, storage_options=storage_options)
    except Exception:
        # fallback to CSV (also GPU-accelerated via cudf)
        return pd.read_csv(csv_path, sep='|', storage_options=storage_options)

supplier = load_supplier(DATA_ROOT, **STORAGE_OPTS)
        <Profiling data>:
           Function  GPU calls  CPU calls
0  read_csv          1          0

        <Execution time>: 71.1
        <Active vars>: []

        <Future vars>: ['part', 'partsupp']

        <Iteration>: 2/5

Optimizing the last generated code
No Modifications made to the original code
Try 1: calling rewrite agent for cell 2 took 12.40927267074585 seconds.
Could not rewrite the cell. Continuing to next cell...
========================================================
After rewriting cell  2
Rewritten pre-checkpoint path: /home/dias-benchmarks/tpch/notebooks/q16/annotated/checkpoints/post_cell_2.pickle
Pre-checkpoint path: /home/dias-benchmarks/tpch/notebooks/q16/annotated/checkpoints/post_cell_2.pickle
========================================================
Cell 2 rewriting took 83.22977328300476 seconds.
Getting original timing for cell 3
HAHA original checkpoint path:  /home/dias-benchmarks/tpch/notebooks/q16/annotated/checkpoints/post_cell_2.pickle
Setting initially best_rewritten_post_checkpoint_path:  /home/dias-benchmarks/tpch/notebooks/q16/annotated/checkpoints/post_cell_3.pickle
Setting initially best_small_rewritten_post_checkpoint_path:  /home/dias-benchmarks/tpch/notebooks/q16/q16_rewrite/checkpoints/pre_cell_4.pickle
========================================================
Rewriting cell 3... Try 0...
Manager agent prompt:
        <Original Code>:
        ### cell 3 ###


part_filtered = part[
    (part["P_BRAND"] != "Brand#45")
    & (~part["P_TYPE"].str.contains("^MEDIUM POLISHED"))
    & part["P_SIZE"].isin([49, 14, 23, 45, 19, 3, 36, 9])
]
part_filtered = part_filtered.loc[:, ["P_PARTKEY", "P_BRAND", "P_TYPE", "P_SIZE"]]
partsupp_filtered = partsupp.loc[:, ["PS_PARTKEY", "PS_SUPPKEY"]]
total = part_filtered.merge(
    partsupp_filtered, left_on="P_PARTKEY", right_on="PS_PARTKEY", how="inner"
)
total = total.loc[:, ["P_BRAND", "P_TYPE", "P_SIZE", "PS_SUPPKEY"]]
supplier_filtered = supplier[
    supplier["S_COMMENT"].str.contains(r"Customer(\S|\s)*Complaints")
]
supplier_filtered = supplier_filtered.loc[:, ["S_SUPPKEY"]].drop_duplicates()
# left merge to select only PS_SUPPKEY values not in supplier_filtered
total = total.merge(
    supplier_filtered, left_on="PS_SUPPKEY", right_on="S_SUPPKEY", how="left"
)
total = total[total["S_SUPPKEY"].isna()]
total = total.loc[:, ["P_BRAND", "P_TYPE", "P_SIZE", "PS_SUPPKEY"]]
total = total.groupby(["P_BRAND", "P_TYPE", "P_SIZE"], as_index=False, sort=False)[
    "PS_SUPPKEY"
].nunique()
total.columns = ["P_BRAND", "P_TYPE", "P_SIZE", "SUPPLIER_CNT"]
total = total.sort_values(
    by=["SUPPLIER_CNT", "P_BRAND", "P_TYPE", "P_SIZE"],
    ascending=[False, True, True, True],
)

        <Profiling data>:
                                Function  GPU calls  CPU calls
0          DataFrame.__getitem__          8          0
1                OpsMixin.__ne__          1          0
2                         Series          2          0
3         StringMethods.contains          2          0
4             NDFrame.__invert__          1          0
5               OpsMixin.__and__          2          0
6                    Series.isin          1          0
7   _LocationIndexer.__getitem__          5          0
8                DataFrame.merge          2          0
9      DataFrame.drop_duplicates          1          0
10                   Series.isna          1          0
11             DataFrame.groupby          1          0
12  DataFrameGroupBy.__getitem__          1          0
13         SeriesGroupBy.nunique          1          0
14           NDFrame.__setattr__          1          0
15         DataFrame.sort_values          1          0

        <Execution time>: 115.0
        <Active vars>: ['total']

        <Future vars>: []

        <Iteration>: 1/5

==========Running the manager agent to decide the next step==========
Choice: new
Reason: There is no rewritten code, and the original code can be optimized further, especially by using GPU-specific libraries like cuDF to potentially improve performance.
Generating new code from the original code
Prompt:
        <Original Code>:
        ### cell 3 ###


part_filtered = part[
    (part["P_BRAND"] != "Brand#45")
    & (~part["P_TYPE"].str.contains("^MEDIUM POLISHED"))
    & part["P_SIZE"].isin([49, 14, 23, 45, 19, 3, 36, 9])
]
part_filtered = part_filtered.loc[:, ["P_PARTKEY", "P_BRAND", "P_TYPE", "P_SIZE"]]
partsupp_filtered = partsupp.loc[:, ["PS_PARTKEY", "PS_SUPPKEY"]]
total = part_filtered.merge(
    partsupp_filtered, left_on="P_PARTKEY", right_on="PS_PARTKEY", how="inner"
)
total = total.loc[:, ["P_BRAND", "P_TYPE", "P_SIZE", "PS_SUPPKEY"]]
supplier_filtered = supplier[
    supplier["S_COMMENT"].str.contains(r"Customer(\S|\s)*Complaints")
]
supplier_filtered = supplier_filtered.loc[:, ["S_SUPPKEY"]].drop_duplicates()
# left merge to select only PS_SUPPKEY values not in supplier_filtered
total = total.merge(
    supplier_filtered, left_on="PS_SUPPKEY", right_on="S_SUPPKEY", how="left"
)
total = total[total["S_SUPPKEY"].isna()]
total = total.loc[:, ["P_BRAND", "P_TYPE", "P_SIZE", "PS_SUPPKEY"]]
total = total.groupby(["P_BRAND", "P_TYPE", "P_SIZE"], as_index=False, sort=False)[
    "PS_SUPPKEY"
].nunique()
total.columns = ["P_BRAND", "P_TYPE", "P_SIZE", "SUPPLIER_CNT"]
total = total.sort_values(
    by=["SUPPLIER_CNT", "P_BRAND", "P_TYPE", "P_SIZE"],
    ascending=[False, True, True, True],
)

        <Profiling data>:
                                Function  GPU calls  CPU calls
0          DataFrame.__getitem__          8          0
1                OpsMixin.__ne__          1          0
2                         Series          2          0
3         StringMethods.contains          2          0
4             NDFrame.__invert__          1          0
5               OpsMixin.__and__          2          0
6                    Series.isin          1          0
7   _LocationIndexer.__getitem__          5          0
8                DataFrame.merge          2          0
9      DataFrame.drop_duplicates          1          0
10                   Series.isna          1          0
11             DataFrame.groupby          1          0
12  DataFrameGroupBy.__getitem__          1          0
13         SeriesGroupBy.nunique          1          0
14           NDFrame.__setattr__          1          0
15         DataFrame.sort_values          1          0

        <Execution time>: 115.0
        <Active vars>: ['total']

        <Future vars>: []

        <Iteration>: 1/5

Code: # Optimized cell 3
# 1) Pre-compute the supplier keys to exclude via a single filter & drop_duplicates
sup_keys = (
    supplier['S_SUPPKEY']
    [supplier['S_COMMENT'].str.contains(r"Customer(\S|\s)*Complaints")]
    .drop_duplicates()
)

# 2) Filter parts by brand, type and size
part_filtered = (
    part[
        (part.P_BRAND != 'Brand#45')
        & ~part.P_TYPE.str.contains('^MEDIUM POLISHED')
        & part.P_SIZE.isin([49, 14, 23, 45, 19, 3, 36, 9])
    ]
    [['P_PARTKEY', 'P_BRAND', 'P_TYPE', 'P_SIZE']]
)

# 3) Narrow down partsupp
ps = partsupp[['PS_PARTKEY', 'PS_SUPPKEY']]

# 4) Inner-join parts → partsupp, then exclude unwanted suppliers via isin
merged = (
    part_filtered
    .merge(ps, left_on='P_PARTKEY', right_on='PS_PARTKEY')
    [['P_BRAND', 'P_TYPE', 'P_SIZE', 'PS_SUPPKEY']]
)
filtered = merged[~merged.PS_SUPPKEY.isin(sup_keys)]

# 5) Group, count unique suppliers, rename & sort in one pipeline
total = (
    filtered
    .groupby(['P_BRAND', 'P_TYPE', 'P_SIZE'], as_index=False, sort=False)
    ['PS_SUPPKEY']
    .nunique()
    .rename(columns={'PS_SUPPKEY': 'SUPPLIER_CNT'})
    .sort_values(
        by=['SUPPLIER_CNT', 'P_BRAND', 'P_TYPE', 'P_SIZE'],
        ascending=[False, True, True, True]
    )
)

Reason: Removed the second (left) merge and isna filter by computing a set of supplier keys to exclude and using a single .isin() filter. This cuts one merge and one scan for nulls, reducing GPU kernel launches. Chained slicing and grouping to minimize intermediate DataFrames, keeping all operations on the GPU.
Parsed response: # Optimized cell 3
# 1) Pre-compute the supplier keys to exclude via a single filter & drop_duplicates
sup_keys = (
    supplier['S_SUPPKEY']
    [supplier['S_COMMENT'].str.contains(r"Customer(\S|\s)*Complaints")]
    .drop_duplicates()
)

# 2) Filter parts by brand, type and size
part_filtered = (
    part[
        (part.P_BRAND != 'Brand#45')
        & ~part.P_TYPE.str.contains('^MEDIUM POLISHED')
        & part.P_SIZE.isin([49, 14, 23, 45, 19, 3, 36, 9])
    ]
    [['P_PARTKEY', 'P_BRAND', 'P_TYPE', 'P_SIZE']]
)

# 3) Narrow down partsupp
ps = partsupp[['PS_PARTKEY', 'PS_SUPPKEY']]

# 4) Inner-join parts → partsupp, then exclude unwanted suppliers via isin
merged = (
    part_filtered
    .merge(ps, left_on='P_PARTKEY', right_on='PS_PARTKEY')
    [['P_BRAND', 'P_TYPE', 'P_SIZE', 'PS_SUPPKEY']]
)
filtered = merged[~merged.PS_SUPPKEY.isin(sup_keys)]

# 5) Group, count unique suppliers, rename & sort in one pipeline
total = (
    filtered
    .groupby(['P_BRAND', 'P_TYPE', 'P_SIZE'], as_index=False, sort=False)
    ['PS_SUPPKEY']
    .nunique()
    .rename(columns={'PS_SUPPKEY': 'SUPPLIER_CNT'})
    .sort_values(
        by=['SUPPLIER_CNT', 'P_BRAND', 'P_TYPE', 'P_SIZE'],
        ascending=[False, True, True, True]
    )
)

Try 0: calling rewrite agent for cell 3 took 47.94123291969299 seconds.
Executing rewritten code... ### cell 3 ###

# Optimized cell 3
# 1) Pre-compute the supplier keys to exclude via a single filter & drop_duplicates
sup_keys = (
    supplier['S_SUPPKEY']
    [supplier['S_COMMENT'].str.contains(r"Customer(\S|\s)*Complaints")]
    .drop_duplicates()
)

# 2) Filter parts by brand, type and size
part_filtered = (
    part[
        (part.P_BRAND != 'Brand#45')
        & ~part.P_TYPE.str.contains('^MEDIUM POLISHED')
        & part.P_SIZE.isin([49, 14, 23, 45, 19, 3, 36, 9])
    ]
    [['P_PARTKEY', 'P_BRAND', 'P_TYPE', 'P_SIZE']]
)

# 3) Narrow down partsupp
ps = partsupp[['PS_PARTKEY', 'PS_SUPPKEY']]

# 4) Inner-join parts → partsupp, then exclude unwanted suppliers via isin
merged = (
    part_filtered
    .merge(ps, left_on='P_PARTKEY', right_on='PS_PARTKEY')
    [['P_BRAND', 'P_TYPE', 'P_SIZE', 'PS_SUPPKEY']]
)
filtered = merged[~merged.PS_SUPPKEY.isin(sup_keys)]

# 5) Group, count unique suppliers, rename & sort in one pipeline
total = (
    filtered
    .groupby(['P_BRAND', 'P_TYPE', 'P_SIZE'], as_index=False, sort=False)
    ['PS_SUPPKEY']
    .nunique()
    .rename(columns={'PS_SUPPKEY': 'SUPPLIER_CNT'})
    .sort_values(
        by=['SUPPLIER_CNT', 'P_BRAND', 'P_TYPE', 'P_SIZE'],
        ascending=[False, True, True, True]
    )
)

HAHA rewritten pre-checkpoint path:  /home/dias-benchmarks/tpch/notebooks/q16/annotated/checkpoints/post_cell_2.pickle
Running rewritten cell notebook
Finished executing the rewritten code.
Try 0: executing the rewritten code for cell 3 took 12.629380702972412 seconds.
Rewritten time: 97.5 ms
Checkpointing the rewritten cell for small notebook...
The rewritten code is correct. Profiling cudf...
HAHA small rewritten pre-checkpoint path:  /home/dias-benchmarks/tpch/notebooks/q16/q16_rewrite/checkpoints/pre_cell_3.pickle
Try 0: cudf profiling the rewritten code for cell 3 took 7.934878349304199 seconds.
gpu_calls_orig_perc: 1.0, gpu_calls_opt_perc: 1.0
orig_time: 115.0, opt_time: 97.5
Both the call ratio and the time are better.
Rewritten code took 97.5ms. The previous fastest solution took 115.0ms.
Previous best solution num GPU and CPU calls:  31 0
New solution num GPU and CPU calls:  30 0
Accepted the rewritten code.
Setting best_rewritten_post_checkpoint_path to  /home/dias-benchmarks/tpch/notebooks/q16/rewritten/o4_mini_high/checkpoints/post_cell_3_try_0.pickle
Setting best_small_rewritten_post_checkpoint_path to  /home/dias-benchmarks/tpch/notebooks/q16/rewritten/o4_mini_high_small/checkpoints/post_cell_3_try_0.pickle
========================================================
Rewriting cell 3... Try 1...
Manager agent prompt:
        <Original Code>:
        ### cell 3 ###


part_filtered = part[
    (part["P_BRAND"] != "Brand#45")
    & (~part["P_TYPE"].str.contains("^MEDIUM POLISHED"))
    & part["P_SIZE"].isin([49, 14, 23, 45, 19, 3, 36, 9])
]
part_filtered = part_filtered.loc[:, ["P_PARTKEY", "P_BRAND", "P_TYPE", "P_SIZE"]]
partsupp_filtered = partsupp.loc[:, ["PS_PARTKEY", "PS_SUPPKEY"]]
total = part_filtered.merge(
    partsupp_filtered, left_on="P_PARTKEY", right_on="PS_PARTKEY", how="inner"
)
total = total.loc[:, ["P_BRAND", "P_TYPE", "P_SIZE", "PS_SUPPKEY"]]
supplier_filtered = supplier[
    supplier["S_COMMENT"].str.contains(r"Customer(\S|\s)*Complaints")
]
supplier_filtered = supplier_filtered.loc[:, ["S_SUPPKEY"]].drop_duplicates()
# left merge to select only PS_SUPPKEY values not in supplier_filtered
total = total.merge(
    supplier_filtered, left_on="PS_SUPPKEY", right_on="S_SUPPKEY", how="left"
)
total = total[total["S_SUPPKEY"].isna()]
total = total.loc[:, ["P_BRAND", "P_TYPE", "P_SIZE", "PS_SUPPKEY"]]
total = total.groupby(["P_BRAND", "P_TYPE", "P_SIZE"], as_index=False, sort=False)[
    "PS_SUPPKEY"
].nunique()
total.columns = ["P_BRAND", "P_TYPE", "P_SIZE", "SUPPLIER_CNT"]
total = total.sort_values(
    by=["SUPPLIER_CNT", "P_BRAND", "P_TYPE", "P_SIZE"],
    ascending=[False, True, True, True],
)

        <Profiling data>:
                                Function  GPU calls  CPU calls
0          DataFrame.__getitem__          8          0
1                OpsMixin.__ne__          1          0
2                         Series          2          0
3         StringMethods.contains          2          0
4             NDFrame.__invert__          1          0
5               OpsMixin.__and__          2          0
6                    Series.isin          1          0
7   _LocationIndexer.__getitem__          5          0
8                DataFrame.merge          2          0
9      DataFrame.drop_duplicates          1          0
10                   Series.isna          1          0
11             DataFrame.groupby          1          0
12  DataFrameGroupBy.__getitem__          1          0
13         SeriesGroupBy.nunique          1          0
14           NDFrame.__setattr__          1          0
15         DataFrame.sort_values          1          0
        <Execution time>: 115.0
        <Active Vars>: ['total']
        <Future Vars>: []
        <Rewritten Code>:
        ### cell 3 ###

# Optimized cell 3
# 1) Pre-compute the supplier keys to exclude via a single filter & drop_duplicates
sup_keys = (
    supplier['S_SUPPKEY']
    [supplier['S_COMMENT'].str.contains(r"Customer(\S|\s)*Complaints")]
    .drop_duplicates()
)

# 2) Filter parts by brand, type and size
part_filtered = (
    part[
        (part.P_BRAND != 'Brand#45')
        & ~part.P_TYPE.str.contains('^MEDIUM POLISHED')
        & part.P_SIZE.isin([49, 14, 23, 45, 19, 3, 36, 9])
    ]
    [['P_PARTKEY', 'P_BRAND', 'P_TYPE', 'P_SIZE']]
)

# 3) Narrow down partsupp
ps = partsupp[['PS_PARTKEY', 'PS_SUPPKEY']]

# 4) Inner-join parts → partsupp, then exclude unwanted suppliers via isin
merged = (
    part_filtered
    .merge(ps, left_on='P_PARTKEY', right_on='PS_PARTKEY')
    [['P_BRAND', 'P_TYPE', 'P_SIZE', 'PS_SUPPKEY']]
)
filtered = merged[~merged.PS_SUPPKEY.isin(sup_keys)]

# 5) Group, count unique suppliers, rename & sort in one pipeline
total = (
    filtered
    .groupby(['P_BRAND', 'P_TYPE', 'P_SIZE'], as_index=False, sort=False)
    ['PS_SUPPKEY']
    .nunique()
    .rename(columns={'PS_SUPPKEY': 'SUPPLIER_CNT'})
    .sort_values(
        by=['SUPPLIER_CNT', 'P_BRAND', 'P_TYPE', 'P_SIZE'],
        ascending=[False, True, True, True]
    )
)

        <Profiling data>:
                                Function  GPU calls  CPU calls
0          DataFrame.__getitem__          7          0
1                         Series          2          0
2         StringMethods.contains          2          0
3             Series.__getitem__          1          0
4         Series.drop_duplicates          1          0
5            NDFrame.__getattr__          4          0
6                OpsMixin.__ne__          1          0
7             NDFrame.__invert__          2          0
8               OpsMixin.__and__          2          0
9                    Series.isin          2          0
10               DataFrame.merge          1          0
11             DataFrame.groupby          1          0
12  DataFrameGroupBy.__getitem__          1          0
13         SeriesGroupBy.nunique          1          0
14              DataFrame.rename          1          0
15         DataFrame.sort_values          1          0
        <Execution time>: 97.5
        <Execution output>: Rewritten time: 97.5 ms
Original time: 115.0 ms
        <Iteration>: 2/5

==========Running the manager agent to decide the next step==========
Choice: optimize
Reason: The rewritten code is performing better, but there might be additional optimization opportunities, such as using alternative APIs or improving the approach further. Given there are iterations left, we should attempt further optimization.
Code optimizer prompt:
        <Original Code>:
        ### cell 3 ###

# Optimized cell 3
# 1) Pre-compute the supplier keys to exclude via a single filter & drop_duplicates
sup_keys = (
    supplier['S_SUPPKEY']
    [supplier['S_COMMENT'].str.contains(r"Customer(\S|\s)*Complaints")]
    .drop_duplicates()
)

# 2) Filter parts by brand, type and size
part_filtered = (
    part[
        (part.P_BRAND != 'Brand#45')
        & ~part.P_TYPE.str.contains('^MEDIUM POLISHED')
        & part.P_SIZE.isin([49, 14, 23, 45, 19, 3, 36, 9])
    ]
    [['P_PARTKEY', 'P_BRAND', 'P_TYPE', 'P_SIZE']]
)

# 3) Narrow down partsupp
ps = partsupp[['PS_PARTKEY', 'PS_SUPPKEY']]

# 4) Inner-join parts → partsupp, then exclude unwanted suppliers via isin
merged = (
    part_filtered
    .merge(ps, left_on='P_PARTKEY', right_on='PS_PARTKEY')
    [['P_BRAND', 'P_TYPE', 'P_SIZE', 'PS_SUPPKEY']]
)
filtered = merged[~merged.PS_SUPPKEY.isin(sup_keys)]

# 5) Group, count unique suppliers, rename & sort in one pipeline
total = (
    filtered
    .groupby(['P_BRAND', 'P_TYPE', 'P_SIZE'], as_index=False, sort=False)
    ['PS_SUPPKEY']
    .nunique()
    .rename(columns={'PS_SUPPKEY': 'SUPPLIER_CNT'})
    .sort_values(
        by=['SUPPLIER_CNT', 'P_BRAND', 'P_TYPE', 'P_SIZE'],
        ascending=[False, True, True, True]
    )
)

        <Profiling data>:
                                Function  GPU calls  CPU calls
0          DataFrame.__getitem__          7          0
1                         Series          2          0
2         StringMethods.contains          2          0
3             Series.__getitem__          1          0
4         Series.drop_duplicates          1          0
5            NDFrame.__getattr__          4          0
6                OpsMixin.__ne__          1          0
7             NDFrame.__invert__          2          0
8               OpsMixin.__and__          2          0
9                    Series.isin          2          0
10               DataFrame.merge          1          0
11             DataFrame.groupby          1          0
12  DataFrameGroupBy.__getitem__          1          0
13         SeriesGroupBy.nunique          1          0
14              DataFrame.rename          1          0
15         DataFrame.sort_values          1          0

        <Execution time>: 97.5
        <Active vars>: ['total']

        <Future vars>: []

        <Iteration>: 2/5

Optimizing the last generated code
Parsed response: # 1) Pre-compute the supplier keys to exclude via a single filter & drop_duplicates
sup_keys = (
    supplier
    .loc[
        supplier.S_COMMENT.str.contains("Customer.*Complaints"),
        "S_SUPPKEY"
    ]
    .drop_duplicates()
)

# 2–5) Filter, join, exclude and aggregate in one chained pipeline
total = (
    part
    .loc[
        (part.P_BRAND != "Brand#45")
        & ~part.P_TYPE.str.contains("^MEDIUM POLISHED")
        & part.P_SIZE.isin([49, 14, 23, 45, 19, 3, 36, 9]),
        ["P_PARTKEY", "P_BRAND", "P_TYPE", "P_SIZE"]
    ]
    .merge(
        partsupp[["PS_PARTKEY", "PS_SUPPKEY"]],
        left_on="P_PARTKEY",
        right_on="PS_PARTKEY"
    )
    .loc[lambda df: ~df.PS_SUPPKEY.isin(sup_keys)]
    .groupby(
        ["P_BRAND", "P_TYPE", "P_SIZE"],
        as_index=False,
        sort=False
    )
    .agg(SUPPLIER_CNT=("PS_SUPPKEY", "nunique"))
    .sort_values(
        by=["SUPPLIER_CNT", "P_BRAND", "P_TYPE", "P_SIZE"],
        ascending=[False, True, True, True]
    )
)

Try 1: calling rewrite agent for cell 3 took 37.054072856903076 seconds.
Executing rewritten code... ### cell 3 ###

# 1) Pre-compute the supplier keys to exclude via a single filter & drop_duplicates
sup_keys = (
    supplier
    .loc[
        supplier.S_COMMENT.str.contains("Customer.*Complaints"),
        "S_SUPPKEY"
    ]
    .drop_duplicates()
)

# 2–5) Filter, join, exclude and aggregate in one chained pipeline
total = (
    part
    .loc[
        (part.P_BRAND != "Brand#45")
        & ~part.P_TYPE.str.contains("^MEDIUM POLISHED")
        & part.P_SIZE.isin([49, 14, 23, 45, 19, 3, 36, 9]),
        ["P_PARTKEY", "P_BRAND", "P_TYPE", "P_SIZE"]
    ]
    .merge(
        partsupp[["PS_PARTKEY", "PS_SUPPKEY"]],
        left_on="P_PARTKEY",
        right_on="PS_PARTKEY"
    )
    .loc[lambda df: ~df.PS_SUPPKEY.isin(sup_keys)]
    .groupby(
        ["P_BRAND", "P_TYPE", "P_SIZE"],
        as_index=False,
        sort=False
    )
    .agg(SUPPLIER_CNT=("PS_SUPPKEY", "nunique"))
    .sort_values(
        by=["SUPPLIER_CNT", "P_BRAND", "P_TYPE", "P_SIZE"],
        ascending=[False, True, True, True]
    )
)

HAHA rewritten pre-checkpoint path:  /home/dias-benchmarks/tpch/notebooks/q16/annotated/checkpoints/post_cell_2.pickle
Running rewritten cell notebook
Finished executing the rewritten code.
Try 1: executing the rewritten code for cell 3 took 12.674000978469849 seconds.
Rewritten time: 210.0 ms
Checkpointing the rewritten cell for small notebook...
The rewritten code is correct. Profiling cudf...
HAHA small rewritten pre-checkpoint path:  /home/dias-benchmarks/tpch/notebooks/q16/q16_rewrite/checkpoints/pre_cell_3.pickle
Try 1: cudf profiling the rewritten code for cell 3 took 8.698018312454224 seconds.
gpu_calls_orig_perc: 1.0, gpu_calls_opt_perc: 0.9565217391304348
orig_time: 97.5, opt_time: 210.0
Both the call ratio and the time are worse.
Rewritten code took 210.0ms. The previous fastest solution took 115.0ms.
Previous best solution num GPU and CPU calls:  30 0
New solution num GPU and CPU calls:  22 1
========================================================
Rewriting cell 3... Try 2...
Manager agent prompt:
        <Original Code>:
        ### cell 3 ###


part_filtered = part[
    (part["P_BRAND"] != "Brand#45")
    & (~part["P_TYPE"].str.contains("^MEDIUM POLISHED"))
    & part["P_SIZE"].isin([49, 14, 23, 45, 19, 3, 36, 9])
]
part_filtered = part_filtered.loc[:, ["P_PARTKEY", "P_BRAND", "P_TYPE", "P_SIZE"]]
partsupp_filtered = partsupp.loc[:, ["PS_PARTKEY", "PS_SUPPKEY"]]
total = part_filtered.merge(
    partsupp_filtered, left_on="P_PARTKEY", right_on="PS_PARTKEY", how="inner"
)
total = total.loc[:, ["P_BRAND", "P_TYPE", "P_SIZE", "PS_SUPPKEY"]]
supplier_filtered = supplier[
    supplier["S_COMMENT"].str.contains(r"Customer(\S|\s)*Complaints")
]
supplier_filtered = supplier_filtered.loc[:, ["S_SUPPKEY"]].drop_duplicates()
# left merge to select only PS_SUPPKEY values not in supplier_filtered
total = total.merge(
    supplier_filtered, left_on="PS_SUPPKEY", right_on="S_SUPPKEY", how="left"
)
total = total[total["S_SUPPKEY"].isna()]
total = total.loc[:, ["P_BRAND", "P_TYPE", "P_SIZE", "PS_SUPPKEY"]]
total = total.groupby(["P_BRAND", "P_TYPE", "P_SIZE"], as_index=False, sort=False)[
    "PS_SUPPKEY"
].nunique()
total.columns = ["P_BRAND", "P_TYPE", "P_SIZE", "SUPPLIER_CNT"]
total = total.sort_values(
    by=["SUPPLIER_CNT", "P_BRAND", "P_TYPE", "P_SIZE"],
    ascending=[False, True, True, True],
)

        <Profiling data>:
                                Function  GPU calls  CPU calls
0          DataFrame.__getitem__          8          0
1                OpsMixin.__ne__          1          0
2                         Series          2          0
3         StringMethods.contains          2          0
4             NDFrame.__invert__          1          0
5               OpsMixin.__and__          2          0
6                    Series.isin          1          0
7   _LocationIndexer.__getitem__          5          0
8                DataFrame.merge          2          0
9      DataFrame.drop_duplicates          1          0
10                   Series.isna          1          0
11             DataFrame.groupby          1          0
12  DataFrameGroupBy.__getitem__          1          0
13         SeriesGroupBy.nunique          1          0
14           NDFrame.__setattr__          1          0
15         DataFrame.sort_values          1          0
        <Execution time>: 115.0
        <Active Vars>: ['total']
        <Future Vars>: []
        <Rewritten Code>:
        ### cell 3 ###

# 1) Pre-compute the supplier keys to exclude via a single filter & drop_duplicates
sup_keys = (
    supplier
    .loc[
        supplier.S_COMMENT.str.contains("Customer.*Complaints"),
        "S_SUPPKEY"
    ]
    .drop_duplicates()
)

# 2–5) Filter, join, exclude and aggregate in one chained pipeline
total = (
    part
    .loc[
        (part.P_BRAND != "Brand#45")
        & ~part.P_TYPE.str.contains("^MEDIUM POLISHED")
        & part.P_SIZE.isin([49, 14, 23, 45, 19, 3, 36, 9]),
        ["P_PARTKEY", "P_BRAND", "P_TYPE", "P_SIZE"]
    ]
    .merge(
        partsupp[["PS_PARTKEY", "PS_SUPPKEY"]],
        left_on="P_PARTKEY",
        right_on="PS_PARTKEY"
    )
    .loc[lambda df: ~df.PS_SUPPKEY.isin(sup_keys)]
    .groupby(
        ["P_BRAND", "P_TYPE", "P_SIZE"],
        as_index=False,
        sort=False
    )
    .agg(SUPPLIER_CNT=("PS_SUPPKEY", "nunique"))
    .sort_values(
        by=["SUPPLIER_CNT", "P_BRAND", "P_TYPE", "P_SIZE"],
        ascending=[False, True, True, True]
    )
)

        <Profiling data>:
                                Function  GPU calls  CPU calls
0                      DataFrame          1          0
1            NDFrame.__getattr__          4          0
2                         Series          2          0
3         StringMethods.contains          2          0
4   _LocationIndexer.__getitem__          2          1
5         Series.drop_duplicates          1          0
6                OpsMixin.__ne__          1          0
7             NDFrame.__invert__          1          0
8               OpsMixin.__and__          2          0
9                    Series.isin          1          0
10         DataFrame.__getitem__          1          0
11               DataFrame.merge          1          0
12             DataFrame.groupby          1          0
13    DataFrameGroupBy.aggregate          1          0
14         DataFrame.sort_values          1          0
        <Execution time>: 210.0
        <Execution output>: Rewritten time: 210.0 ms
Original time: 115.0 ms
        <Iteration>: 3/5

==========Running the manager agent to decide the next step==========
Choice: new
Reason: The rewritten code is slower than the original, suggesting further optimization or exploring other APIs could potentially improve performance.
Generating new code from the original code
Prompt:
        <Original Code>:
        ### cell 3 ###


part_filtered = part[
    (part["P_BRAND"] != "Brand#45")
    & (~part["P_TYPE"].str.contains("^MEDIUM POLISHED"))
    & part["P_SIZE"].isin([49, 14, 23, 45, 19, 3, 36, 9])
]
part_filtered = part_filtered.loc[:, ["P_PARTKEY", "P_BRAND", "P_TYPE", "P_SIZE"]]
partsupp_filtered = partsupp.loc[:, ["PS_PARTKEY", "PS_SUPPKEY"]]
total = part_filtered.merge(
    partsupp_filtered, left_on="P_PARTKEY", right_on="PS_PARTKEY", how="inner"
)
total = total.loc[:, ["P_BRAND", "P_TYPE", "P_SIZE", "PS_SUPPKEY"]]
supplier_filtered = supplier[
    supplier["S_COMMENT"].str.contains(r"Customer(\S|\s)*Complaints")
]
supplier_filtered = supplier_filtered.loc[:, ["S_SUPPKEY"]].drop_duplicates()
# left merge to select only PS_SUPPKEY values not in supplier_filtered
total = total.merge(
    supplier_filtered, left_on="PS_SUPPKEY", right_on="S_SUPPKEY", how="left"
)
total = total[total["S_SUPPKEY"].isna()]
total = total.loc[:, ["P_BRAND", "P_TYPE", "P_SIZE", "PS_SUPPKEY"]]
total = total.groupby(["P_BRAND", "P_TYPE", "P_SIZE"], as_index=False, sort=False)[
    "PS_SUPPKEY"
].nunique()
total.columns = ["P_BRAND", "P_TYPE", "P_SIZE", "SUPPLIER_CNT"]
total = total.sort_values(
    by=["SUPPLIER_CNT", "P_BRAND", "P_TYPE", "P_SIZE"],
    ascending=[False, True, True, True],
)

        <Profiling data>:
                                Function  GPU calls  CPU calls
0          DataFrame.__getitem__          8          0
1                OpsMixin.__ne__          1          0
2                         Series          2          0
3         StringMethods.contains          2          0
4             NDFrame.__invert__          1          0
5               OpsMixin.__and__          2          0
6                    Series.isin          1          0
7   _LocationIndexer.__getitem__          5          0
8                DataFrame.merge          2          0
9      DataFrame.drop_duplicates          1          0
10                   Series.isna          1          0
11             DataFrame.groupby          1          0
12  DataFrameGroupBy.__getitem__          1          0
13         SeriesGroupBy.nunique          1          0
14           NDFrame.__setattr__          1          0
15         DataFrame.sort_values          1          0

        <Execution time>: 115.0
        <Active vars>: ['total']

        <Future vars>: []

        <Iteration>: 3/5

Code: ### cell 3 (optimized for cudf)
# restrict part to only the columns and rows we need
sizes = [49, 14, 23, 45, 19, 3, 36, 9]
part_filtered = (
    part
    [(part.P_BRAND != "Brand#45")
     & (~part.P_TYPE.str.contains(r"^MEDIUM POLISHED"))
     & part.P_SIZE.isin(sizes)]
    [["P_PARTKEY", "P_BRAND", "P_TYPE", "P_SIZE"]]
)

# restrict partsupp to the columns we need
partsupp_filtered = partsupp[["PS_PARTKEY", "PS_SUPPKEY"]]

# inner‐join part and partsupp
total = (
    part_filtered
    .merge(partsupp_filtered,
           left_on="P_PARTKEY", right_on="PS_PARTKEY",
           how="inner")[["P_BRAND", "P_TYPE", "P_SIZE", "PS_SUPPKEY"]]
)

# build a deduplicated list of suppliers to exclude
supplier_keys = (
    supplier
    [supplier.S_COMMENT.str.contains(r"Customer(\S|\s)*Complaints")]
    ["S_SUPPKEY"].drop_duplicates()
)

# filter out any PS_SUPPKEY that appears in that supplier list
total = total[~total.PS_SUPPKEY.isin(supplier_keys)]

# group, count unique suppliers, rename, and sort
total = (
    total
    .groupby(["P_BRAND", "P_TYPE", "P_SIZE"],
              as_index=False, sort=False)
    .agg({"PS_SUPPKEY": "nunique"})
    .rename(columns={"PS_SUPPKEY": "SUPPLIER_CNT"})
    .sort_values(
        by=["SUPPLIER_CNT", "P_BRAND", "P_TYPE", "P_SIZE"],
        ascending=[False, True, True, True]
    )
)

Reason: Replaced the left merge plus isna filter with a single anti-join using isin(), eliminating one DataFrame.merge and an isna() scan. This reduces data movement and merge overhead on the GPU while preserving the original semantics.
Parsed response: ### cell 3 (optimized for cudf)
# restrict part to only the columns and rows we need
sizes = [49, 14, 23, 45, 19, 3, 36, 9]
part_filtered = (
    part
    [(part.P_BRAND != "Brand#45")
     & (~part.P_TYPE.str.contains(r"^MEDIUM POLISHED"))
     & part.P_SIZE.isin(sizes)]
    [["P_PARTKEY", "P_BRAND", "P_TYPE", "P_SIZE"]]
)

# restrict partsupp to the columns we need
partsupp_filtered = partsupp[["PS_PARTKEY", "PS_SUPPKEY"]]

# inner‐join part and partsupp
total = (
    part_filtered
    .merge(partsupp_filtered,
           left_on="P_PARTKEY", right_on="PS_PARTKEY",
           how="inner")[["P_BRAND", "P_TYPE", "P_SIZE", "PS_SUPPKEY"]]
)

# build a deduplicated list of suppliers to exclude
supplier_keys = (
    supplier
    [supplier.S_COMMENT.str.contains(r"Customer(\S|\s)*Complaints")]
    ["S_SUPPKEY"].drop_duplicates()
)

# filter out any PS_SUPPKEY that appears in that supplier list
total = total[~total.PS_SUPPKEY.isin(supplier_keys)]

# group, count unique suppliers, rename, and sort
total = (
    total
    .groupby(["P_BRAND", "P_TYPE", "P_SIZE"],
              as_index=False, sort=False)
    .agg({"PS_SUPPKEY": "nunique"})
    .rename(columns={"PS_SUPPKEY": "SUPPLIER_CNT"})
    .sort_values(
        by=["SUPPLIER_CNT", "P_BRAND", "P_TYPE", "P_SIZE"],
        ascending=[False, True, True, True]
    )
)

Try 2: calling rewrite agent for cell 3 took 13.19012451171875 seconds.
Executing rewritten code... ### cell 3 ###

### cell 3 (optimized for cudf)
# restrict part to only the columns and rows we need
sizes = [49, 14, 23, 45, 19, 3, 36, 9]
part_filtered = (
    part
    [(part.P_BRAND != "Brand#45")
     & (~part.P_TYPE.str.contains(r"^MEDIUM POLISHED"))
     & part.P_SIZE.isin(sizes)]
    [["P_PARTKEY", "P_BRAND", "P_TYPE", "P_SIZE"]]
)

# restrict partsupp to the columns we need
partsupp_filtered = partsupp[["PS_PARTKEY", "PS_SUPPKEY"]]

# inner‐join part and partsupp
total = (
    part_filtered
    .merge(partsupp_filtered,
           left_on="P_PARTKEY", right_on="PS_PARTKEY",
           how="inner")[["P_BRAND", "P_TYPE", "P_SIZE", "PS_SUPPKEY"]]
)

# build a deduplicated list of suppliers to exclude
supplier_keys = (
    supplier
    [supplier.S_COMMENT.str.contains(r"Customer(\S|\s)*Complaints")]
    ["S_SUPPKEY"].drop_duplicates()
)

# filter out any PS_SUPPKEY that appears in that supplier list
total = total[~total.PS_SUPPKEY.isin(supplier_keys)]

# group, count unique suppliers, rename, and sort
total = (
    total
    .groupby(["P_BRAND", "P_TYPE", "P_SIZE"],
              as_index=False, sort=False)
    .agg({"PS_SUPPKEY": "nunique"})
    .rename(columns={"PS_SUPPKEY": "SUPPLIER_CNT"})
    .sort_values(
        by=["SUPPLIER_CNT", "P_BRAND", "P_TYPE", "P_SIZE"],
        ascending=[False, True, True, True]
    )
)

HAHA rewritten pre-checkpoint path:  /home/dias-benchmarks/tpch/notebooks/q16/annotated/checkpoints/post_cell_2.pickle
Running rewritten cell notebook
Finished executing the rewritten code.
Try 2: executing the rewritten code for cell 3 took 12.521067142486572 seconds.
Rewritten time: 118.0 ms
Checkpointing the rewritten cell for small notebook...
The rewritten code is correct. Profiling cudf...
HAHA small rewritten pre-checkpoint path:  /home/dias-benchmarks/tpch/notebooks/q16/q16_rewrite/checkpoints/pre_cell_3.pickle
Try 2: cudf profiling the rewritten code for cell 3 took 7.993142127990723 seconds.
gpu_calls_orig_perc: 1.0, gpu_calls_opt_perc: 1.0
orig_time: 97.5, opt_time: 118.0
Ratio improves.
Improvement in percentage does not make up for the slowdown.
Rewritten code took 118.0ms. The previous fastest solution took 115.0ms.
Previous best solution num GPU and CPU calls:  30 0
New solution num GPU and CPU calls:  29 0
========================================================
Rewriting cell 3... Try 3...
Manager agent prompt:
        <Original Code>:
        ### cell 3 ###


part_filtered = part[
    (part["P_BRAND"] != "Brand#45")
    & (~part["P_TYPE"].str.contains("^MEDIUM POLISHED"))
    & part["P_SIZE"].isin([49, 14, 23, 45, 19, 3, 36, 9])
]
part_filtered = part_filtered.loc[:, ["P_PARTKEY", "P_BRAND", "P_TYPE", "P_SIZE"]]
partsupp_filtered = partsupp.loc[:, ["PS_PARTKEY", "PS_SUPPKEY"]]
total = part_filtered.merge(
    partsupp_filtered, left_on="P_PARTKEY", right_on="PS_PARTKEY", how="inner"
)
total = total.loc[:, ["P_BRAND", "P_TYPE", "P_SIZE", "PS_SUPPKEY"]]
supplier_filtered = supplier[
    supplier["S_COMMENT"].str.contains(r"Customer(\S|\s)*Complaints")
]
supplier_filtered = supplier_filtered.loc[:, ["S_SUPPKEY"]].drop_duplicates()
# left merge to select only PS_SUPPKEY values not in supplier_filtered
total = total.merge(
    supplier_filtered, left_on="PS_SUPPKEY", right_on="S_SUPPKEY", how="left"
)
total = total[total["S_SUPPKEY"].isna()]
total = total.loc[:, ["P_BRAND", "P_TYPE", "P_SIZE", "PS_SUPPKEY"]]
total = total.groupby(["P_BRAND", "P_TYPE", "P_SIZE"], as_index=False, sort=False)[
    "PS_SUPPKEY"
].nunique()
total.columns = ["P_BRAND", "P_TYPE", "P_SIZE", "SUPPLIER_CNT"]
total = total.sort_values(
    by=["SUPPLIER_CNT", "P_BRAND", "P_TYPE", "P_SIZE"],
    ascending=[False, True, True, True],
)

        <Profiling data>:
                                Function  GPU calls  CPU calls
0          DataFrame.__getitem__          8          0
1                OpsMixin.__ne__          1          0
2                         Series          2          0
3         StringMethods.contains          2          0
4             NDFrame.__invert__          1          0
5               OpsMixin.__and__          2          0
6                    Series.isin          1          0
7   _LocationIndexer.__getitem__          5          0
8                DataFrame.merge          2          0
9      DataFrame.drop_duplicates          1          0
10                   Series.isna          1          0
11             DataFrame.groupby          1          0
12  DataFrameGroupBy.__getitem__          1          0
13         SeriesGroupBy.nunique          1          0
14           NDFrame.__setattr__          1          0
15         DataFrame.sort_values          1          0
        <Execution time>: 115.0
        <Active Vars>: ['total']
        <Future Vars>: []
        <Rewritten Code>:
        ### cell 3 ###

### cell 3 (optimized for cudf)
# restrict part to only the columns and rows we need
sizes = [49, 14, 23, 45, 19, 3, 36, 9]
part_filtered = (
    part
    [(part.P_BRAND != "Brand#45")
     & (~part.P_TYPE.str.contains(r"^MEDIUM POLISHED"))
     & part.P_SIZE.isin(sizes)]
    [["P_PARTKEY", "P_BRAND", "P_TYPE", "P_SIZE"]]
)

# restrict partsupp to the columns we need
partsupp_filtered = partsupp[["PS_PARTKEY", "PS_SUPPKEY"]]

# inner‐join part and partsupp
total = (
    part_filtered
    .merge(partsupp_filtered,
           left_on="P_PARTKEY", right_on="PS_PARTKEY",
           how="inner")[["P_BRAND", "P_TYPE", "P_SIZE", "PS_SUPPKEY"]]
)

# build a deduplicated list of suppliers to exclude
supplier_keys = (
    supplier
    [supplier.S_COMMENT.str.contains(r"Customer(\S|\s)*Complaints")]
    ["S_SUPPKEY"].drop_duplicates()
)

# filter out any PS_SUPPKEY that appears in that supplier list
total = total[~total.PS_SUPPKEY.isin(supplier_keys)]

# group, count unique suppliers, rename, and sort
total = (
    total
    .groupby(["P_BRAND", "P_TYPE", "P_SIZE"],
              as_index=False, sort=False)
    .agg({"PS_SUPPKEY": "nunique"})
    .rename(columns={"PS_SUPPKEY": "SUPPLIER_CNT"})
    .sort_values(
        by=["SUPPLIER_CNT", "P_BRAND", "P_TYPE", "P_SIZE"],
        ascending=[False, True, True, True]
    )
)

        <Profiling data>:
                              Function  GPU calls  CPU calls
0          NDFrame.__getattr__          5          0
1              OpsMixin.__ne__          1          0
2                       Series          2          0
3       StringMethods.contains          2          0
4           NDFrame.__invert__          2          0
5             OpsMixin.__and__          2          0
6                  Series.isin          2          0
7        DataFrame.__getitem__          7          0
8              DataFrame.merge          1          0
9       Series.drop_duplicates          1          0
10           DataFrame.groupby          1          0
11  DataFrameGroupBy.aggregate          1          0
12            DataFrame.rename          1          0
13       DataFrame.sort_values          1          0
        <Execution time>: 118.0
        <Execution output>: Rewritten time: 118.0 ms
Original time: 115.0 ms
        <Iteration>: 4/5

==========Running the manager agent to decide the next step==========
Choice: optimize
Reason: The rewritten code execution is slower than the original. Further optimization should be attempted to improve performance, probably by refining the use of `cudf` or exploring more efficient data handling methods.
Code optimizer prompt:
        <Original Code>:
        ### cell 3 ###

### cell 3 (optimized for cudf)
# restrict part to only the columns and rows we need
sizes = [49, 14, 23, 45, 19, 3, 36, 9]
part_filtered = (
    part
    [(part.P_BRAND != "Brand#45")
     & (~part.P_TYPE.str.contains(r"^MEDIUM POLISHED"))
     & part.P_SIZE.isin(sizes)]
    [["P_PARTKEY", "P_BRAND", "P_TYPE", "P_SIZE"]]
)

# restrict partsupp to the columns we need
partsupp_filtered = partsupp[["PS_PARTKEY", "PS_SUPPKEY"]]

# inner‐join part and partsupp
total = (
    part_filtered
    .merge(partsupp_filtered,
           left_on="P_PARTKEY", right_on="PS_PARTKEY",
           how="inner")[["P_BRAND", "P_TYPE", "P_SIZE", "PS_SUPPKEY"]]
)

# build a deduplicated list of suppliers to exclude
supplier_keys = (
    supplier
    [supplier.S_COMMENT.str.contains(r"Customer(\S|\s)*Complaints")]
    ["S_SUPPKEY"].drop_duplicates()
)

# filter out any PS_SUPPKEY that appears in that supplier list
total = total[~total.PS_SUPPKEY.isin(supplier_keys)]

# group, count unique suppliers, rename, and sort
total = (
    total
    .groupby(["P_BRAND", "P_TYPE", "P_SIZE"],
              as_index=False, sort=False)
    .agg({"PS_SUPPKEY": "nunique"})
    .rename(columns={"PS_SUPPKEY": "SUPPLIER_CNT"})
    .sort_values(
        by=["SUPPLIER_CNT", "P_BRAND", "P_TYPE", "P_SIZE"],
        ascending=[False, True, True, True]
    )
)

        <Profiling data>:
                              Function  GPU calls  CPU calls
0          NDFrame.__getattr__          5          0
1              OpsMixin.__ne__          1          0
2                       Series          2          0
3       StringMethods.contains          2          0
4           NDFrame.__invert__          2          0
5             OpsMixin.__and__          2          0
6                  Series.isin          2          0
7        DataFrame.__getitem__          7          0
8              DataFrame.merge          1          0
9       Series.drop_duplicates          1          0
10           DataFrame.groupby          1          0
11  DataFrameGroupBy.aggregate          1          0
12            DataFrame.rename          1          0
13       DataFrame.sort_values          1          0

        <Execution time>: 118.0
        <Active vars>: ['total']

        <Future vars>: []

        <Iteration>: 4/5

Optimizing the last generated code
Parsed response: # Predefine the sizes we care about
sizes = [49, 14, 23, 45, 19, 3, 36, 9]

# 1) Build the set of supplier keys to exclude – use a GPU‐friendly regex and .unique()
supplier_keys = (
    supplier.S_SUPPKEY[
        supplier.S_COMMENT.str.contains(r"Customer.*Complaints")
    ]
    .unique()
)

# 2) Pre‐filter partsupp to drop any bad suppliers before the join
partsupp_filtered = (
    partsupp
    [~partsupp.PS_SUPPKEY.isin(supplier_keys)]
    [["PS_PARTKEY", "PS_SUPPKEY"]]
)

# 3) Filter part with vectorized predicates and .str.startswith() instead of a regex
part_filtered = (
    part
    [(part.P_BRAND != "Brand#45")
     & (~part.P_TYPE.str.startswith("MEDIUM POLISHED"))
     & part.P_SIZE.isin(sizes)]
    [["P_PARTKEY", "P_BRAND", "P_TYPE", "P_SIZE"]]
)

# 4) Join the two small, pre‐filtered tables
total = (
    part_filtered
    .merge(partsupp_filtered,
           left_on="P_PARTKEY", right_on="PS_PARTKEY")
    [["P_BRAND", "P_TYPE", "P_SIZE", "PS_SUPPKEY"]]
)

# 5) GPU‐accelerated groupby + nunique, then sort
total = (
    total
    .groupby(["P_BRAND", "P_TYPE", "P_SIZE"]).PS_SUPPKEY
    .nunique()
    .reset_index(name="SUPPLIER_CNT")
    .sort_values(
        by=["SUPPLIER_CNT", "P_BRAND", "P_TYPE", "P_SIZE"],
        ascending=[False, True, True, True]
    )
)

Try 3: calling rewrite agent for cell 3 took 24.405478954315186 seconds.
Executing rewritten code... ### cell 3 ###

# Predefine the sizes we care about
sizes = [49, 14, 23, 45, 19, 3, 36, 9]

# 1) Build the set of supplier keys to exclude – use a GPU‐friendly regex and .unique()
supplier_keys = (
    supplier.S_SUPPKEY[
        supplier.S_COMMENT.str.contains(r"Customer.*Complaints")
    ]
    .unique()
)

# 2) Pre‐filter partsupp to drop any bad suppliers before the join
partsupp_filtered = (
    partsupp
    [~partsupp.PS_SUPPKEY.isin(supplier_keys)]
    [["PS_PARTKEY", "PS_SUPPKEY"]]
)

# 3) Filter part with vectorized predicates and .str.startswith() instead of a regex
part_filtered = (
    part
    [(part.P_BRAND != "Brand#45")
     & (~part.P_TYPE.str.startswith("MEDIUM POLISHED"))
     & part.P_SIZE.isin(sizes)]
    [["P_PARTKEY", "P_BRAND", "P_TYPE", "P_SIZE"]]
)

# 4) Join the two small, pre‐filtered tables
total = (
    part_filtered
    .merge(partsupp_filtered,
           left_on="P_PARTKEY", right_on="PS_PARTKEY")
    [["P_BRAND", "P_TYPE", "P_SIZE", "PS_SUPPKEY"]]
)

# 5) GPU‐accelerated groupby + nunique, then sort
total = (
    total
    .groupby(["P_BRAND", "P_TYPE", "P_SIZE"]).PS_SUPPKEY
    .nunique()
    .reset_index(name="SUPPLIER_CNT")
    .sort_values(
        by=["SUPPLIER_CNT", "P_BRAND", "P_TYPE", "P_SIZE"],
        ascending=[False, True, True, True]
    )
)

HAHA rewritten pre-checkpoint path:  /home/dias-benchmarks/tpch/notebooks/q16/annotated/checkpoints/post_cell_2.pickle
Running rewritten cell notebook
Finished executing the rewritten code.
Try 3: executing the rewritten code for cell 3 took 12.518900394439697 seconds.
Rewritten time: 104.0 ms
Checkpointing the rewritten cell for small notebook...
The rewritten code is correct. Profiling cudf...
HAHA small rewritten pre-checkpoint path:  /home/dias-benchmarks/tpch/notebooks/q16/q16_rewrite/checkpoints/pre_cell_3.pickle
Try 3: cudf profiling the rewritten code for cell 3 took 8.078667879104614 seconds.
gpu_calls_orig_perc: 1.0, gpu_calls_opt_perc: 1.0
orig_time: 97.5, opt_time: 104.0
Ratio improves.
Improvement in percentage does not make up for the slowdown.
Rewritten code took 104.0ms. The previous fastest solution took 115.0ms.
Previous best solution num GPU and CPU calls:  30 0
New solution num GPU and CPU calls:  30 0
========================================================
Rewriting cell 3... Try 4...
Manager agent prompt:
        <Original Code>:
        ### cell 3 ###


part_filtered = part[
    (part["P_BRAND"] != "Brand#45")
    & (~part["P_TYPE"].str.contains("^MEDIUM POLISHED"))
    & part["P_SIZE"].isin([49, 14, 23, 45, 19, 3, 36, 9])
]
part_filtered = part_filtered.loc[:, ["P_PARTKEY", "P_BRAND", "P_TYPE", "P_SIZE"]]
partsupp_filtered = partsupp.loc[:, ["PS_PARTKEY", "PS_SUPPKEY"]]
total = part_filtered.merge(
    partsupp_filtered, left_on="P_PARTKEY", right_on="PS_PARTKEY", how="inner"
)
total = total.loc[:, ["P_BRAND", "P_TYPE", "P_SIZE", "PS_SUPPKEY"]]
supplier_filtered = supplier[
    supplier["S_COMMENT"].str.contains(r"Customer(\S|\s)*Complaints")
]
supplier_filtered = supplier_filtered.loc[:, ["S_SUPPKEY"]].drop_duplicates()
# left merge to select only PS_SUPPKEY values not in supplier_filtered
total = total.merge(
    supplier_filtered, left_on="PS_SUPPKEY", right_on="S_SUPPKEY", how="left"
)
total = total[total["S_SUPPKEY"].isna()]
total = total.loc[:, ["P_BRAND", "P_TYPE", "P_SIZE", "PS_SUPPKEY"]]
total = total.groupby(["P_BRAND", "P_TYPE", "P_SIZE"], as_index=False, sort=False)[
    "PS_SUPPKEY"
].nunique()
total.columns = ["P_BRAND", "P_TYPE", "P_SIZE", "SUPPLIER_CNT"]
total = total.sort_values(
    by=["SUPPLIER_CNT", "P_BRAND", "P_TYPE", "P_SIZE"],
    ascending=[False, True, True, True],
)

        <Profiling data>:
                                Function  GPU calls  CPU calls
0          DataFrame.__getitem__          8          0
1                OpsMixin.__ne__          1          0
2                         Series          2          0
3         StringMethods.contains          2          0
4             NDFrame.__invert__          1          0
5               OpsMixin.__and__          2          0
6                    Series.isin          1          0
7   _LocationIndexer.__getitem__          5          0
8                DataFrame.merge          2          0
9      DataFrame.drop_duplicates          1          0
10                   Series.isna          1          0
11             DataFrame.groupby          1          0
12  DataFrameGroupBy.__getitem__          1          0
13         SeriesGroupBy.nunique          1          0
14           NDFrame.__setattr__          1          0
15         DataFrame.sort_values          1          0
        <Execution time>: 115.0
        <Active Vars>: ['total']
        <Future Vars>: []
        <Rewritten Code>:
        ### cell 3 ###

# Predefine the sizes we care about
sizes = [49, 14, 23, 45, 19, 3, 36, 9]

# 1) Build the set of supplier keys to exclude – use a GPU‐friendly regex and .unique()
supplier_keys = (
    supplier.S_SUPPKEY[
        supplier.S_COMMENT.str.contains(r"Customer.*Complaints")
    ]
    .unique()
)

# 2) Pre‐filter partsupp to drop any bad suppliers before the join
partsupp_filtered = (
    partsupp
    [~partsupp.PS_SUPPKEY.isin(supplier_keys)]
    [["PS_PARTKEY", "PS_SUPPKEY"]]
)

# 3) Filter part with vectorized predicates and .str.startswith() instead of a regex
part_filtered = (
    part
    [(part.P_BRAND != "Brand#45")
     & (~part.P_TYPE.str.startswith("MEDIUM POLISHED"))
     & part.P_SIZE.isin(sizes)]
    [["P_PARTKEY", "P_BRAND", "P_TYPE", "P_SIZE"]]
)

# 4) Join the two small, pre‐filtered tables
total = (
    part_filtered
    .merge(partsupp_filtered,
           left_on="P_PARTKEY", right_on="PS_PARTKEY")
    [["P_BRAND", "P_TYPE", "P_SIZE", "PS_SUPPKEY"]]
)

# 5) GPU‐accelerated groupby + nunique, then sort
total = (
    total
    .groupby(["P_BRAND", "P_TYPE", "P_SIZE"]).PS_SUPPKEY
    .nunique()
    .reset_index(name="SUPPLIER_CNT")
    .sort_values(
        by=["SUPPLIER_CNT", "P_BRAND", "P_TYPE", "P_SIZE"],
        ascending=[False, True, True, True]
    )
)

        <Profiling data>:
                            Function  GPU calls  CPU calls
0        NDFrame.__getattr__          6          0
1                     Series          2          0
2     StringMethods.contains          1          0
3         Series.__getitem__          1          0
4              Series.unique          1          0
5                Series.isin          2          0
6         NDFrame.__invert__          2          0
7      DataFrame.__getitem__          5          0
8            OpsMixin.__ne__          1          0
9   StringMethods.startswith          1          0
10          OpsMixin.__and__          2          0
11           DataFrame.merge          1          0
12         DataFrame.groupby          1          0
13       GroupBy.__getattr__          1          0
14     SeriesGroupBy.nunique          1          0
15        Series.reset_index          1          0
16     DataFrame.sort_values          1          0
        <Execution time>: 104.0
        <Execution output>: Rewritten time: 104.0 ms
Original time: 115.0 ms
        <Iteration>: 5/5

==========Running the manager agent to decide the next step==========
Choice: done
Reason: The rewritten code has been optimized using GPU-accelerated operations and other optimizations. The execution time has improved, and no further iterations are left.
Code is already optimized
Try 4: calling rewrite agent for cell 3 took 1.1333773136138916 seconds.
========================================================
After rewriting cell  3
Rewritten pre-checkpoint path: /home/dias-benchmarks/tpch/notebooks/q16/rewritten/o4_mini_high/checkpoints/post_cell_3_try_0.pickle
Pre-checkpoint path: /home/dias-benchmarks/tpch/notebooks/q16/annotated/checkpoints/post_cell_3.pickle
========================================================
Cell 3 rewriting took 269.3923511505127 seconds.
Getting original timing for cell 4
HAHA original checkpoint path:  /home/dias-benchmarks/tpch/notebooks/q16/annotated/checkpoints/post_cell_3.pickle
Setting initially best_rewritten_post_checkpoint_path:  /home/dias-benchmarks/tpch/notebooks/q16/annotated/checkpoints/post_cell_4.pickle
Setting initially best_small_rewritten_post_checkpoint_path:  /home/dias-benchmarks/tpch/notebooks/q16/q16_rewrite/checkpoints/pre_cell_5.pickle
========================================================
Rewriting cell 4... Try 0...
Manager agent prompt:
        <Original Code>:
        ### cell 4 ###

total.info()
        <Profiling data>:
                 Function  GPU calls  CPU calls
0  DataFrame.info          1          0

        <Execution time>: 17.5
        <Active vars>: []

        <Future vars>: []

        <Iteration>: 1/5

==========Running the manager agent to decide the next step==========
Choice: done
Reason: The code is calling `DataFrame.info()`, which is primarily for debugging or obtaining metadata about the DataFrame. It cannot be meaningfully optimized.
Code is already optimized
Try 0: calling rewrite agent for cell 4 took 1.1384222507476807 seconds.
There is no need to rewrite the cell.
Could not rewrite the cell. Continuing to next cell...
========================================================
After rewriting cell  4
Rewritten pre-checkpoint path: /home/dias-benchmarks/tpch/notebooks/q16/annotated/checkpoints/post_cell_4.pickle
Pre-checkpoint path: /home/dias-benchmarks/tpch/notebooks/q16/annotated/checkpoints/post_cell_4.pickle
========================================================
Cell 4 rewriting took 14.693363904953003 seconds.
Rewrote notebook in 371.6947944164276 seconds
