Annotated notebook saved to /home/dias-benchmarks/tpch/notebooks/q17/cell_exec_info.ipynb
Executing code: import sys, os
sys.path.insert(0, os.path.abspath('/home/ElasticNotebook'))
%load_ext ElasticNotebook
from elastic.core.common.pandas import compare_df
import pickle
import cudf
Executing code: %%RecordEventWithColumnInfo
# %load_ext cudf.pandas
import sys, os
tpch_parent = os.path.abspath(os.path.join(os.getcwd(), ".."))
sys.path.insert(0, tpch_parent)
# from tpch import load_lineitem, load_part, q17
import pandas as pd
DATA_ROOT = "/home/dias-benchmarks/tpch/data"
STORAGE_OPTS = {}


Executing code: %%RecordEventWithColumnInfo
### cell 0 ###

def load_lineitem(
    data_folder: str, **storage_options
) -> pd.DataFrame:
    data_path = data_folder + "/lineitem.tbl"
    # df = pd.read_parquet(
    #     data_path,  storage_options=storage_options
    # )
    df = pd.read_csv(data_path, sep="|")
    return df
lineitem = load_lineitem(DATA_ROOT, **STORAGE_OPTS)

Executing code: %%RecordEventWithColumnInfo
### cell 1 ###

def load_part(
    data_folder: str, **storage_options
) -> pd.DataFrame:
    data_path = data_folder + "/part.tbl"
    # df = pd.read_parquet(
    #     data_path,  storage_options=storage_options
    # )
    df = pd.read_csv(data_path, sep="|")
    return df
part = load_part(DATA_ROOT, **STORAGE_OPTS)
Executing code: %%RecordEventWithColumnInfo
### cell 2 ###



left = lineitem.loc[:, ["L_PARTKEY", "L_QUANTITY", "L_EXTENDEDPRICE"]]
right = part[((part["P_BRAND"] == "Brand#23") & (part["P_CONTAINER"] == "MED BOX"))]
right = right.loc[:, ["P_PARTKEY"]]
line_part_merge = left.merge(
    right, left_on="L_PARTKEY", right_on="P_PARTKEY", how="inner"
)
line_part_merge = line_part_merge.loc[
    :, ["L_QUANTITY", "L_EXTENDEDPRICE", "P_PARTKEY"]
]
lineitem_filtered = lineitem.loc[:, ["L_PARTKEY", "L_QUANTITY"]]
lineitem_avg = lineitem_filtered.groupby(
    ["L_PARTKEY"], as_index=False, sort=False
).agg(avg=pd.NamedAgg(column="L_QUANTITY", aggfunc="mean"))
lineitem_avg["avg"] = 0.2 * lineitem_avg["avg"]
lineitem_avg = lineitem_avg.loc[:, ["L_PARTKEY", "avg"]]
total = line_part_merge.merge(
    lineitem_avg, left_on="P_PARTKEY", right_on="L_PARTKEY", how="inner"
)
total = total[total["L_QUANTITY"] < total["avg"]]
total = pd.DataFrame({"avg_yearly": [total["L_EXTENDEDPRICE"].sum() / 7.0]})


Executing code: %%RecordEventWithColumnInfo
### cell 3 ###

total.info()
Executing code: %PrintCellInfo cell_exec_info
Executing code: %reset -f
Executing code: %reload_ext ElasticNotebook
Ran small notebook to get cell exec info in 64.79806160926819 seconds
Getting cudf profile information...
Annotated notebook saved to /home/dias-benchmarks/tpch/notebooks/q17/cudf_profile.ipynb
Done getting cudf profile information.
Ran small notebook to get cudf profile info in 55.082202196121216 seconds
Annotated notebook saved to /home/dias-benchmarks/tpch/notebooks/q17/annotated.ipynb
Executing code: %reset -f
Executing code: %reload_ext ElasticNotebook
Executing code: %load_ext cudf.pandas
Executing code: import sys, os
sys.path.insert(0, os.path.abspath('/home/ElasticNotebook'))
%load_ext ElasticNotebook
from elastic.core.common.pandas import compare_df
import pickle
import cudf
Executing code: %%RecordEvent
# %load_ext cudf.pandas
import sys, os
tpch_parent = os.path.abspath(os.path.join(os.getcwd(), ".."))
sys.path.insert(0, tpch_parent)
# from tpch import load_lineitem, load_part, q17
import pandas as pd
DATA_ROOT = "/home/dias-benchmarks/tpch/data"
STORAGE_OPTS = {}


Executing code: %%RecordEvent
%%time
### cell 0 ###

def load_lineitem(
    data_folder: str, **storage_options
) -> pd.DataFrame:
    data_path = data_folder + "/lineitem.tbl"
    # df = pd.read_parquet(
    #     data_path,  storage_options=storage_options
    # )
    df = pd.read_csv(data_path, sep="|")
    return df
lineitem = load_lineitem(DATA_ROOT, **STORAGE_OPTS)

Executing code: %%RecordEvent
%%time
### cell 1 ###

def load_part(
    data_folder: str, **storage_options
) -> pd.DataFrame:
    data_path = data_folder + "/part.tbl"
    # df = pd.read_parquet(
    #     data_path,  storage_options=storage_options
    # )
    df = pd.read_csv(data_path, sep="|")
    return df
part = load_part(DATA_ROOT, **STORAGE_OPTS)
Executing code: %Checkpoint /home/dias-benchmarks/tpch/notebooks/q17/annotated/checkpoints/pre_cell_2.pickle
Checkpointing took 0.0008387565612792969 seconds.
========================================================
Cell  2
Rewritten pre-checkpoint path: /home/dias-benchmarks/tpch/notebooks/q17/annotated/checkpoints/pre_cell_2.pickle
Pre-checkpoint path: /home/dias-benchmarks/tpch/notebooks/q17/annotated/checkpoints/pre_cell_2.pickle
Small rewritten pre-checkpoint path: /home/dias-benchmarks/tpch/notebooks/q17/q17_rewrite/checkpoints/pre_cell_2.pickle
========================================================
Getting original timing for cell 2
HAHA original checkpoint path:  /home/dias-benchmarks/tpch/notebooks/q17/annotated/checkpoints/pre_cell_2.pickle
Setting initially best_rewritten_post_checkpoint_path:  /home/dias-benchmarks/tpch/notebooks/q17/annotated/checkpoints/post_cell_2.pickle
Setting initially best_small_rewritten_post_checkpoint_path:  /home/dias-benchmarks/tpch/notebooks/q17/q17_rewrite/checkpoints/pre_cell_3.pickle
========================================================
Rewriting cell 2... Try 0...
Manager agent prompt:
        <Original Code>:
        ### cell 2 ###



left = lineitem.loc[:, ["L_PARTKEY", "L_QUANTITY", "L_EXTENDEDPRICE"]]
right = part[((part["P_BRAND"] == "Brand#23") & (part["P_CONTAINER"] == "MED BOX"))]
right = right.loc[:, ["P_PARTKEY"]]
line_part_merge = left.merge(
    right, left_on="L_PARTKEY", right_on="P_PARTKEY", how="inner"
)
line_part_merge = line_part_merge.loc[
    :, ["L_QUANTITY", "L_EXTENDEDPRICE", "P_PARTKEY"]
]
lineitem_filtered = lineitem.loc[:, ["L_PARTKEY", "L_QUANTITY"]]
lineitem_avg = lineitem_filtered.groupby(
    ["L_PARTKEY"], as_index=False, sort=False
).agg(avg=pd.NamedAgg(column="L_QUANTITY", aggfunc="mean"))
lineitem_avg["avg"] = 0.2 * lineitem_avg["avg"]
lineitem_avg = lineitem_avg.loc[:, ["L_PARTKEY", "avg"]]
total = line_part_merge.merge(
    lineitem_avg, left_on="P_PARTKEY", right_on="L_PARTKEY", how="inner"
)
total = total[total["L_QUANTITY"] < total["avg"]]
total = pd.DataFrame({"avg_yearly": [total["L_EXTENDEDPRICE"].sum() / 7.0]})


        <Profiling data>:
                                Function  GPU calls  CPU calls
0   _LocationIndexer.__getitem__          5          0
1          DataFrame.__getitem__          8          0
2                OpsMixin.__eq__          2          0
3               OpsMixin.__and__          1          0
4                DataFrame.merge          2          0
5              DataFrame.groupby          1          0
6                       NamedAgg          0          1
7     DataFrameGroupBy.aggregate          0          1
8              OpsMixin.__rmul__          1          0
9          DataFrame.__setitem__          1          0
10               OpsMixin.__lt__          1          0
11                    Series.sum          1          0
12                     DataFrame          1          0

        <Execution time>: 417.0
        <Active vars>: ['total']

        <Future vars>: []

        <Iteration>: 1/5

==========Running the manager agent to decide the next step==========
Choice: new
Reason: The original code doesn't have a rewritten version yet, and further optimizations might be possible with a new approach, especially given the functions and operations being used.
Generating new code from the original code
Prompt:
        <Original Code>:
        ### cell 2 ###



left = lineitem.loc[:, ["L_PARTKEY", "L_QUANTITY", "L_EXTENDEDPRICE"]]
right = part[((part["P_BRAND"] == "Brand#23") & (part["P_CONTAINER"] == "MED BOX"))]
right = right.loc[:, ["P_PARTKEY"]]
line_part_merge = left.merge(
    right, left_on="L_PARTKEY", right_on="P_PARTKEY", how="inner"
)
line_part_merge = line_part_merge.loc[
    :, ["L_QUANTITY", "L_EXTENDEDPRICE", "P_PARTKEY"]
]
lineitem_filtered = lineitem.loc[:, ["L_PARTKEY", "L_QUANTITY"]]
lineitem_avg = lineitem_filtered.groupby(
    ["L_PARTKEY"], as_index=False, sort=False
).agg(avg=pd.NamedAgg(column="L_QUANTITY", aggfunc="mean"))
lineitem_avg["avg"] = 0.2 * lineitem_avg["avg"]
lineitem_avg = lineitem_avg.loc[:, ["L_PARTKEY", "avg"]]
total = line_part_merge.merge(
    lineitem_avg, left_on="P_PARTKEY", right_on="L_PARTKEY", how="inner"
)
total = total[total["L_QUANTITY"] < total["avg"]]
total = pd.DataFrame({"avg_yearly": [total["L_EXTENDEDPRICE"].sum() / 7.0]})


        <Profiling data>:
                                Function  GPU calls  CPU calls
0   _LocationIndexer.__getitem__          5          0
1          DataFrame.__getitem__          8          0
2                OpsMixin.__eq__          2          0
3               OpsMixin.__and__          1          0
4                DataFrame.merge          2          0
5              DataFrame.groupby          1          0
6                       NamedAgg          0          1
7     DataFrameGroupBy.aggregate          0          1
8              OpsMixin.__rmul__          1          0
9          DataFrame.__setitem__          1          0
10               OpsMixin.__lt__          1          0
11                    Series.sum          1          0
12                     DataFrame          1          0

        <Execution time>: 417.0
        <Active vars>: ['total']

        <Future vars>: []

        <Iteration>: 1/5

Code: # Optimized Cell 2
# 1. Filter PART on GPU and select only P_PARTKEY
filtered_part = part[(part.P_BRAND == "Brand#23") & (part.P_CONTAINER == "MED BOX")][["P_PARTKEY"]]

# 2. Compute average L_QUANTITY per L_PARTKEY on GPU and scale by 0.2
lineitem_avg = (
    lineitem[["L_PARTKEY", "L_QUANTITY"]]
    .groupby("L_PARTKEY", as_index=False)
    .mean()
)
lineitem_avg["avg"] = lineitem_avg["L_QUANTITY"] * 0.2
lineitem_avg = lineitem_avg[["L_PARTKEY", "avg"]]

# 3. Merge LINEITEM with filtered PART and with the scaled average
merged = (
    lineitem[["L_PARTKEY", "L_QUANTITY", "L_EXTENDEDPRICE"]]
    .merge(filtered_part, left_on="L_PARTKEY", right_on="P_PARTKEY")
    .merge(lineitem_avg, on="L_PARTKEY")
)

# 4. Filter on the GPU and compute the final metric
filtered = merged[merged.L_QUANTITY < merged.avg]
total = pd.DataFrame({
    "avg_yearly": [filtered.L_EXTENDEDPRICE.sum() / 7.0]
})
Reason: Replaced the NamedAgg aggregation (which fell back to CPU) with a direct groupby.mean() on the GPU, removed the explicit .agg call, and collapsed column selections and merges into a minimal sequence of vectorized operations so that all work stays on the GPU.
Parsed response: # Optimized Cell 2
# 1. Filter PART on GPU and select only P_PARTKEY
filtered_part = part[(part.P_BRAND == "Brand#23") & (part.P_CONTAINER == "MED BOX")][["P_PARTKEY"]]

# 2. Compute average L_QUANTITY per L_PARTKEY on GPU and scale by 0.2
lineitem_avg = (
    lineitem[["L_PARTKEY", "L_QUANTITY"]]
    .groupby("L_PARTKEY", as_index=False)
    .mean()
)
lineitem_avg["avg"] = lineitem_avg["L_QUANTITY"] * 0.2
lineitem_avg = lineitem_avg[["L_PARTKEY", "avg"]]

# 3. Merge LINEITEM with filtered PART and with the scaled average
merged = (
    lineitem[["L_PARTKEY", "L_QUANTITY", "L_EXTENDEDPRICE"]]
    .merge(filtered_part, left_on="L_PARTKEY", right_on="P_PARTKEY")
    .merge(lineitem_avg, on="L_PARTKEY")
)

# 4. Filter on the GPU and compute the final metric
filtered = merged[merged.L_QUANTITY < merged.avg]
total = pd.DataFrame({
    "avg_yearly": [filtered.L_EXTENDEDPRICE.sum() / 7.0]
})
Try 0: calling rewrite agent for cell 2 took 44.56324863433838 seconds.
Executing rewritten code... ### cell 2 ###

# Optimized Cell 2
# 1. Filter PART on GPU and select only P_PARTKEY
filtered_part = part[(part.P_BRAND == "Brand#23") & (part.P_CONTAINER == "MED BOX")][["P_PARTKEY"]]

# 2. Compute average L_QUANTITY per L_PARTKEY on GPU and scale by 0.2
lineitem_avg = (
    lineitem[["L_PARTKEY", "L_QUANTITY"]]
    .groupby("L_PARTKEY", as_index=False)
    .mean()
)
lineitem_avg["avg"] = lineitem_avg["L_QUANTITY"] * 0.2
lineitem_avg = lineitem_avg[["L_PARTKEY", "avg"]]

# 3. Merge LINEITEM with filtered PART and with the scaled average
merged = (
    lineitem[["L_PARTKEY", "L_QUANTITY", "L_EXTENDEDPRICE"]]
    .merge(filtered_part, left_on="L_PARTKEY", right_on="P_PARTKEY")
    .merge(lineitem_avg, on="L_PARTKEY")
)

# 4. Filter on the GPU and compute the final metric
filtered = merged[merged.L_QUANTITY < merged.avg]
total = pd.DataFrame({
    "avg_yearly": [filtered.L_EXTENDEDPRICE.sum() / 7.0]
})
HAHA rewritten pre-checkpoint path:  /home/dias-benchmarks/tpch/notebooks/q17/annotated/checkpoints/pre_cell_2.pickle
Running rewritten cell notebook
Finished executing the rewritten code.
Try 0: executing the rewritten code for cell 2 took 28.682393074035645 seconds.
Rewritten time: 175.0 ms
Checkpointing the rewritten cell for small notebook...
The rewritten code is correct. Profiling cudf...
HAHA small rewritten pre-checkpoint path:  /home/dias-benchmarks/tpch/notebooks/q17/q17_rewrite/checkpoints/pre_cell_2.pickle
Try 0: cudf profiling the rewritten code for cell 2 took 9.199783325195312 seconds.
gpu_calls_orig_perc: 0.9230769230769231, gpu_calls_opt_perc: 1.0
orig_time: 417.0, opt_time: 175.0
Both the call ratio and the time are better.
Rewritten code took 175.0ms. The previous fastest solution took 417.0ms.
Previous best solution num GPU and CPU calls:  24 2
New solution num GPU and CPU calls:  24 0
Accepted the rewritten code.
Setting best_rewritten_post_checkpoint_path to  /home/dias-benchmarks/tpch/notebooks/q17/rewritten/o4_mini_high/checkpoints/post_cell_2_try_0.pickle
Setting best_small_rewritten_post_checkpoint_path to  /home/dias-benchmarks/tpch/notebooks/q17/rewritten/o4_mini_high_small/checkpoints/post_cell_2_try_0.pickle
========================================================
Rewriting cell 2... Try 1...
Manager agent prompt:
        <Original Code>:
        ### cell 2 ###



left = lineitem.loc[:, ["L_PARTKEY", "L_QUANTITY", "L_EXTENDEDPRICE"]]
right = part[((part["P_BRAND"] == "Brand#23") & (part["P_CONTAINER"] == "MED BOX"))]
right = right.loc[:, ["P_PARTKEY"]]
line_part_merge = left.merge(
    right, left_on="L_PARTKEY", right_on="P_PARTKEY", how="inner"
)
line_part_merge = line_part_merge.loc[
    :, ["L_QUANTITY", "L_EXTENDEDPRICE", "P_PARTKEY"]
]
lineitem_filtered = lineitem.loc[:, ["L_PARTKEY", "L_QUANTITY"]]
lineitem_avg = lineitem_filtered.groupby(
    ["L_PARTKEY"], as_index=False, sort=False
).agg(avg=pd.NamedAgg(column="L_QUANTITY", aggfunc="mean"))
lineitem_avg["avg"] = 0.2 * lineitem_avg["avg"]
lineitem_avg = lineitem_avg.loc[:, ["L_PARTKEY", "avg"]]
total = line_part_merge.merge(
    lineitem_avg, left_on="P_PARTKEY", right_on="L_PARTKEY", how="inner"
)
total = total[total["L_QUANTITY"] < total["avg"]]
total = pd.DataFrame({"avg_yearly": [total["L_EXTENDEDPRICE"].sum() / 7.0]})


        <Profiling data>:
                                Function  GPU calls  CPU calls
0   _LocationIndexer.__getitem__          5          0
1          DataFrame.__getitem__          8          0
2                OpsMixin.__eq__          2          0
3               OpsMixin.__and__          1          0
4                DataFrame.merge          2          0
5              DataFrame.groupby          1          0
6                       NamedAgg          0          1
7     DataFrameGroupBy.aggregate          0          1
8              OpsMixin.__rmul__          1          0
9          DataFrame.__setitem__          1          0
10               OpsMixin.__lt__          1          0
11                    Series.sum          1          0
12                     DataFrame          1          0
        <Execution time>: 417.0
        <Active Vars>: ['total']
        <Future Vars>: []
        <Rewritten Code>:
        ### cell 2 ###

# Optimized Cell 2
# 1. Filter PART on GPU and select only P_PARTKEY
filtered_part = part[(part.P_BRAND == "Brand#23") & (part.P_CONTAINER == "MED BOX")][["P_PARTKEY"]]

# 2. Compute average L_QUANTITY per L_PARTKEY on GPU and scale by 0.2
lineitem_avg = (
    lineitem[["L_PARTKEY", "L_QUANTITY"]]
    .groupby("L_PARTKEY", as_index=False)
    .mean()
)
lineitem_avg["avg"] = lineitem_avg["L_QUANTITY"] * 0.2
lineitem_avg = lineitem_avg[["L_PARTKEY", "avg"]]

# 3. Merge LINEITEM with filtered PART and with the scaled average
merged = (
    lineitem[["L_PARTKEY", "L_QUANTITY", "L_EXTENDEDPRICE"]]
    .merge(filtered_part, left_on="L_PARTKEY", right_on="P_PARTKEY")
    .merge(lineitem_avg, on="L_PARTKEY")
)

# 4. Filter on the GPU and compute the final metric
filtered = merged[merged.L_QUANTITY < merged.avg]
total = pd.DataFrame({
    "avg_yearly": [filtered.L_EXTENDEDPRICE.sum() / 7.0]
})
        <Profiling data>:
                         Function  GPU calls  CPU calls
0     NDFrame.__getattr__          5          0
1         OpsMixin.__eq__          2          0
2        OpsMixin.__and__          1          0
3   DataFrame.__getitem__          7          0
4       DataFrame.groupby          1          0
5            GroupBy.mean          1          0
6        OpsMixin.__mul__          1          0
7   DataFrame.__setitem__          1          0
8         DataFrame.merge          2          0
9         OpsMixin.__lt__          1          0
10             Series.sum          1          0
11              DataFrame          1          0
        <Execution time>: 175.0
        <Execution output>: Rewritten time: 175.0 ms
Original time: 417.0 ms
        <Iteration>: 2/5

==========Running the manager agent to decide the next step==========
Choice: optimize
Reason: There are still possibilities for further optimization leveraging alternative APIs or more efficient methods given that we're only on iteration 2 of 5.
Code optimizer prompt:
        <Original Code>:
        ### cell 2 ###

# Optimized Cell 2
# 1. Filter PART on GPU and select only P_PARTKEY
filtered_part = part[(part.P_BRAND == "Brand#23") & (part.P_CONTAINER == "MED BOX")][["P_PARTKEY"]]

# 2. Compute average L_QUANTITY per L_PARTKEY on GPU and scale by 0.2
lineitem_avg = (
    lineitem[["L_PARTKEY", "L_QUANTITY"]]
    .groupby("L_PARTKEY", as_index=False)
    .mean()
)
lineitem_avg["avg"] = lineitem_avg["L_QUANTITY"] * 0.2
lineitem_avg = lineitem_avg[["L_PARTKEY", "avg"]]

# 3. Merge LINEITEM with filtered PART and with the scaled average
merged = (
    lineitem[["L_PARTKEY", "L_QUANTITY", "L_EXTENDEDPRICE"]]
    .merge(filtered_part, left_on="L_PARTKEY", right_on="P_PARTKEY")
    .merge(lineitem_avg, on="L_PARTKEY")
)

# 4. Filter on the GPU and compute the final metric
filtered = merged[merged.L_QUANTITY < merged.avg]
total = pd.DataFrame({
    "avg_yearly": [filtered.L_EXTENDEDPRICE.sum() / 7.0]
})
        <Profiling data>:
                         Function  GPU calls  CPU calls
0     NDFrame.__getattr__          5          0
1         OpsMixin.__eq__          2          0
2        OpsMixin.__and__          1          0
3   DataFrame.__getitem__          7          0
4       DataFrame.groupby          1          0
5            GroupBy.mean          1          0
6        OpsMixin.__mul__          1          0
7   DataFrame.__setitem__          1          0
8         DataFrame.merge          2          0
9         OpsMixin.__lt__          1          0
10             Series.sum          1          0
11              DataFrame          1          0

        <Execution time>: 175.0
        <Active vars>: ['total']

        <Future vars>: []

        <Iteration>: 2/5

Optimizing the last generated code
Parsed response: # Cell 2 optimized

# 1. Filter PART to get the relevant keys on GPU
filtered_keys = part.query(
    "P_BRAND == 'Brand#23' & P_CONTAINER == 'MED BOX'"
).P_PARTKEY

# 2. Compute the 20%‐scaled average quantity per partkey on GPU
avg_map = lineitem.groupby("L_PARTKEY")["L_QUANTITY"].mean() * 0.2

# 3. Filter LINEITEM by those keys and map in the precomputed avg
li = lineitem[["L_PARTKEY", "L_QUANTITY", "L_EXTENDEDPRICE"]]
li = (
    li[li.L_PARTKEY.isin(filtered_keys)]
      .assign(avg=lambda df: df.L_PARTKEY.map(avg_map))
)

# 4. Apply the quantity filter and compute the final metric on GPU
filtered = li[li.L_QUANTITY < li.avg]
total = pd.DataFrame({
    "avg_yearly": [filtered.L_EXTENDEDPRICE.sum() / 7.0]
})
Try 1: calling rewrite agent for cell 2 took 74.63773989677429 seconds.
Executing rewritten code... ### cell 2 ###

# Cell 2 optimized

# 1. Filter PART to get the relevant keys on GPU
filtered_keys = part.query(
    "P_BRAND == 'Brand#23' & P_CONTAINER == 'MED BOX'"
).P_PARTKEY

# 2. Compute the 20%‐scaled average quantity per partkey on GPU
avg_map = lineitem.groupby("L_PARTKEY")["L_QUANTITY"].mean() * 0.2

# 3. Filter LINEITEM by those keys and map in the precomputed avg
li = lineitem[["L_PARTKEY", "L_QUANTITY", "L_EXTENDEDPRICE"]]
li = (
    li[li.L_PARTKEY.isin(filtered_keys)]
      .assign(avg=lambda df: df.L_PARTKEY.map(avg_map))
)

# 4. Apply the quantity filter and compute the final metric on GPU
filtered = li[li.L_QUANTITY < li.avg]
total = pd.DataFrame({
    "avg_yearly": [filtered.L_EXTENDEDPRICE.sum() / 7.0]
})
HAHA rewritten pre-checkpoint path:  /home/dias-benchmarks/tpch/notebooks/q17/annotated/checkpoints/pre_cell_2.pickle
Running rewritten cell notebook
Finished executing the rewritten code.
Try 1: executing the rewritten code for cell 2 took 54.609697103500366 seconds.
Rewritten time: 18600.0 ms
Checkpointing the rewritten cell for small notebook...
The rewritten code is correct. Profiling cudf...
HAHA small rewritten pre-checkpoint path:  /home/dias-benchmarks/tpch/notebooks/q17/q17_rewrite/checkpoints/pre_cell_2.pickle
Try 1: cudf profiling the rewritten code for cell 2 took 156.7027130126953 seconds.
gpu_calls_orig_perc: 1.0, gpu_calls_opt_perc: 0.9444444444444444
orig_time: 175.0, opt_time: 18600.0
Both the call ratio and the time are worse.
Rewritten code took 18600.0ms. The previous fastest solution took 417.0ms.
Previous best solution num GPU and CPU calls:  24 0
New solution num GPU and CPU calls:  17 1
========================================================
Rewriting cell 2... Try 2...
Manager agent prompt:
        <Original Code>:
        ### cell 2 ###



left = lineitem.loc[:, ["L_PARTKEY", "L_QUANTITY", "L_EXTENDEDPRICE"]]
right = part[((part["P_BRAND"] == "Brand#23") & (part["P_CONTAINER"] == "MED BOX"))]
right = right.loc[:, ["P_PARTKEY"]]
line_part_merge = left.merge(
    right, left_on="L_PARTKEY", right_on="P_PARTKEY", how="inner"
)
line_part_merge = line_part_merge.loc[
    :, ["L_QUANTITY", "L_EXTENDEDPRICE", "P_PARTKEY"]
]
lineitem_filtered = lineitem.loc[:, ["L_PARTKEY", "L_QUANTITY"]]
lineitem_avg = lineitem_filtered.groupby(
    ["L_PARTKEY"], as_index=False, sort=False
).agg(avg=pd.NamedAgg(column="L_QUANTITY", aggfunc="mean"))
lineitem_avg["avg"] = 0.2 * lineitem_avg["avg"]
lineitem_avg = lineitem_avg.loc[:, ["L_PARTKEY", "avg"]]
total = line_part_merge.merge(
    lineitem_avg, left_on="P_PARTKEY", right_on="L_PARTKEY", how="inner"
)
total = total[total["L_QUANTITY"] < total["avg"]]
total = pd.DataFrame({"avg_yearly": [total["L_EXTENDEDPRICE"].sum() / 7.0]})


        <Profiling data>:
                                Function  GPU calls  CPU calls
0   _LocationIndexer.__getitem__          5          0
1          DataFrame.__getitem__          8          0
2                OpsMixin.__eq__          2          0
3               OpsMixin.__and__          1          0
4                DataFrame.merge          2          0
5              DataFrame.groupby          1          0
6                       NamedAgg          0          1
7     DataFrameGroupBy.aggregate          0          1
8              OpsMixin.__rmul__          1          0
9          DataFrame.__setitem__          1          0
10               OpsMixin.__lt__          1          0
11                    Series.sum          1          0
12                     DataFrame          1          0
        <Execution time>: 417.0
        <Active Vars>: ['total']
        <Future Vars>: []
        <Rewritten Code>:
        ### cell 2 ###

# Cell 2 optimized

# 1. Filter PART to get the relevant keys on GPU
filtered_keys = part.query(
    "P_BRAND == 'Brand#23' & P_CONTAINER == 'MED BOX'"
).P_PARTKEY

# 2. Compute the 20%‐scaled average quantity per partkey on GPU
avg_map = lineitem.groupby("L_PARTKEY")["L_QUANTITY"].mean() * 0.2

# 3. Filter LINEITEM by those keys and map in the precomputed avg
li = lineitem[["L_PARTKEY", "L_QUANTITY", "L_EXTENDEDPRICE"]]
li = (
    li[li.L_PARTKEY.isin(filtered_keys)]
      .assign(avg=lambda df: df.L_PARTKEY.map(avg_map))
)

# 4. Apply the quantity filter and compute the final metric on GPU
filtered = li[li.L_QUANTITY < li.avg]
total = pd.DataFrame({
    "avg_yearly": [filtered.L_EXTENDEDPRICE.sum() / 7.0]
})
        <Profiling data>:
                                Function  GPU calls  CPU calls
0                DataFrame.query          0          1
1            NDFrame.__getattr__          5          0
2              DataFrame.groupby          1          0
3   DataFrameGroupBy.__getitem__          1          0
4                   GroupBy.mean          1          0
5               OpsMixin.__mul__          1          0
6          DataFrame.__getitem__          3          0
7                    Series.isin          1          0
8               DataFrame.assign          1          0
9                OpsMixin.__lt__          1          0
10                    Series.sum          1          0
11                     DataFrame          1          0
        <Execution time>: 18600.0
        <Execution output>: Rewritten time: 18600.0 ms
Original time: 417.0 ms
        <Iteration>: 3/5

==========Running the manager agent to decide the next step==========
Choice: optimize
Reason: The rewritten code is significantly slower than the original. We should attempt further optimization of the rewritten code.
Code optimizer prompt:
        <Original Code>:
        ### cell 2 ###

# Cell 2 optimized

# 1. Filter PART to get the relevant keys on GPU
filtered_keys = part.query(
    "P_BRAND == 'Brand#23' & P_CONTAINER == 'MED BOX'"
).P_PARTKEY

# 2. Compute the 20%‐scaled average quantity per partkey on GPU
avg_map = lineitem.groupby("L_PARTKEY")["L_QUANTITY"].mean() * 0.2

# 3. Filter LINEITEM by those keys and map in the precomputed avg
li = lineitem[["L_PARTKEY", "L_QUANTITY", "L_EXTENDEDPRICE"]]
li = (
    li[li.L_PARTKEY.isin(filtered_keys)]
      .assign(avg=lambda df: df.L_PARTKEY.map(avg_map))
)

# 4. Apply the quantity filter and compute the final metric on GPU
filtered = li[li.L_QUANTITY < li.avg]
total = pd.DataFrame({
    "avg_yearly": [filtered.L_EXTENDEDPRICE.sum() / 7.0]
})
        <Profiling data>:
                                Function  GPU calls  CPU calls
0                DataFrame.query          0          1
1            NDFrame.__getattr__          5          0
2              DataFrame.groupby          1          0
3   DataFrameGroupBy.__getitem__          1          0
4                   GroupBy.mean          1          0
5               OpsMixin.__mul__          1          0
6          DataFrame.__getitem__          3          0
7                    Series.isin          1          0
8               DataFrame.assign          1          0
9                OpsMixin.__lt__          1          0
10                    Series.sum          1          0
11                     DataFrame          1          0

        <Execution time>: 18600.0
        <Active vars>: ['total']

        <Future vars>: []

        <Iteration>: 3/5

Optimizing the last generated code
Parsed response: # Cell 2 optimized for cudf

# 1. Filter PART to get the relevant keys on GPU using boolean indexing instead of .query
filtered_keys = part[(part.P_BRAND == 'Brand#23') & (part.P_CONTAINER == 'MED BOX')].P_PARTKEY

# 2. Early‐filter LINEITEM to just those keys, then compute the 20%‐scaled average quantity per key on GPU
li_subset = lineitem[lineitem.L_PARTKEY.isin(filtered_keys)]
avg_map = li_subset.groupby('L_PARTKEY')['L_QUANTITY'].mean() * 0.2

# 3. Merge the precomputed avg back into the subset (avoiding .map) and select only the needed cols
li_with_avg = li_subset[['L_PARTKEY', 'L_QUANTITY', 'L_EXTENDEDPRICE']]
li_with_avg = li_with_avg.merge(avg_map.rename('avg'),
                                 left_on='L_PARTKEY',
                                 right_index=True)

# 4. Apply the quantity filter and compute the final metric on GPU
filtered = li_with_avg[li_with_avg.L_QUANTITY < li_with_avg.avg]
total = pd.DataFrame({
    'avg_yearly': [filtered.L_EXTENDEDPRICE.sum() / 7.0]
})
Try 2: calling rewrite agent for cell 2 took 63.001139640808105 seconds.
Executing rewritten code... ### cell 2 ###

# Cell 2 optimized for cudf

# 1. Filter PART to get the relevant keys on GPU using boolean indexing instead of .query
filtered_keys = part[(part.P_BRAND == 'Brand#23') & (part.P_CONTAINER == 'MED BOX')].P_PARTKEY

# 2. Early‐filter LINEITEM to just those keys, then compute the 20%‐scaled average quantity per key on GPU
li_subset = lineitem[lineitem.L_PARTKEY.isin(filtered_keys)]
avg_map = li_subset.groupby('L_PARTKEY')['L_QUANTITY'].mean() * 0.2

# 3. Merge the precomputed avg back into the subset (avoiding .map) and select only the needed cols
li_with_avg = li_subset[['L_PARTKEY', 'L_QUANTITY', 'L_EXTENDEDPRICE']]
li_with_avg = li_with_avg.merge(avg_map.rename('avg'),
                                 left_on='L_PARTKEY',
                                 right_index=True)

# 4. Apply the quantity filter and compute the final metric on GPU
filtered = li_with_avg[li_with_avg.L_QUANTITY < li_with_avg.avg]
total = pd.DataFrame({
    'avg_yearly': [filtered.L_EXTENDEDPRICE.sum() / 7.0]
})
HAHA rewritten pre-checkpoint path:  /home/dias-benchmarks/tpch/notebooks/q17/annotated/checkpoints/pre_cell_2.pickle
Running rewritten cell notebook
Finished executing the rewritten code.
Try 2: executing the rewritten code for cell 2 took 29.373563051223755 seconds.
Rewritten time: 115.0 ms
Checkpointing the rewritten cell for small notebook...
The rewritten code is correct. Profiling cudf...
HAHA small rewritten pre-checkpoint path:  /home/dias-benchmarks/tpch/notebooks/q17/q17_rewrite/checkpoints/pre_cell_2.pickle
Try 2: cudf profiling the rewritten code for cell 2 took 9.622375726699829 seconds.
gpu_calls_orig_perc: 1.0, gpu_calls_opt_perc: 1.0
orig_time: 175.0, opt_time: 115.0
Both the call ratio and the time are better.
Rewritten code took 115.0ms. The previous fastest solution took 417.0ms.
Previous best solution num GPU and CPU calls:  24 0
New solution num GPU and CPU calls:  24 0
Accepted the rewritten code.
Setting best_rewritten_post_checkpoint_path to  /home/dias-benchmarks/tpch/notebooks/q17/rewritten/o4_mini_high/checkpoints/post_cell_2_try_2.pickle
Setting best_small_rewritten_post_checkpoint_path to  /home/dias-benchmarks/tpch/notebooks/q17/rewritten/o4_mini_high_small/checkpoints/post_cell_2_try_2.pickle
========================================================
Rewriting cell 2... Try 3...
Manager agent prompt:
        <Original Code>:
        ### cell 2 ###



left = lineitem.loc[:, ["L_PARTKEY", "L_QUANTITY", "L_EXTENDEDPRICE"]]
right = part[((part["P_BRAND"] == "Brand#23") & (part["P_CONTAINER"] == "MED BOX"))]
right = right.loc[:, ["P_PARTKEY"]]
line_part_merge = left.merge(
    right, left_on="L_PARTKEY", right_on="P_PARTKEY", how="inner"
)
line_part_merge = line_part_merge.loc[
    :, ["L_QUANTITY", "L_EXTENDEDPRICE", "P_PARTKEY"]
]
lineitem_filtered = lineitem.loc[:, ["L_PARTKEY", "L_QUANTITY"]]
lineitem_avg = lineitem_filtered.groupby(
    ["L_PARTKEY"], as_index=False, sort=False
).agg(avg=pd.NamedAgg(column="L_QUANTITY", aggfunc="mean"))
lineitem_avg["avg"] = 0.2 * lineitem_avg["avg"]
lineitem_avg = lineitem_avg.loc[:, ["L_PARTKEY", "avg"]]
total = line_part_merge.merge(
    lineitem_avg, left_on="P_PARTKEY", right_on="L_PARTKEY", how="inner"
)
total = total[total["L_QUANTITY"] < total["avg"]]
total = pd.DataFrame({"avg_yearly": [total["L_EXTENDEDPRICE"].sum() / 7.0]})


        <Profiling data>:
                                Function  GPU calls  CPU calls
0   _LocationIndexer.__getitem__          5          0
1          DataFrame.__getitem__          8          0
2                OpsMixin.__eq__          2          0
3               OpsMixin.__and__          1          0
4                DataFrame.merge          2          0
5              DataFrame.groupby          1          0
6                       NamedAgg          0          1
7     DataFrameGroupBy.aggregate          0          1
8              OpsMixin.__rmul__          1          0
9          DataFrame.__setitem__          1          0
10               OpsMixin.__lt__          1          0
11                    Series.sum          1          0
12                     DataFrame          1          0
        <Execution time>: 417.0
        <Active Vars>: ['total']
        <Future Vars>: []
        <Rewritten Code>:
        ### cell 2 ###

# Cell 2 optimized for cudf

# 1. Filter PART to get the relevant keys on GPU using boolean indexing instead of .query
filtered_keys = part[(part.P_BRAND == 'Brand#23') & (part.P_CONTAINER == 'MED BOX')].P_PARTKEY

# 2. Early‐filter LINEITEM to just those keys, then compute the 20%‐scaled average quantity per key on GPU
li_subset = lineitem[lineitem.L_PARTKEY.isin(filtered_keys)]
avg_map = li_subset.groupby('L_PARTKEY')['L_QUANTITY'].mean() * 0.2

# 3. Merge the precomputed avg back into the subset (avoiding .map) and select only the needed cols
li_with_avg = li_subset[['L_PARTKEY', 'L_QUANTITY', 'L_EXTENDEDPRICE']]
li_with_avg = li_with_avg.merge(avg_map.rename('avg'),
                                 left_on='L_PARTKEY',
                                 right_index=True)

# 4. Apply the quantity filter and compute the final metric on GPU
filtered = li_with_avg[li_with_avg.L_QUANTITY < li_with_avg.avg]
total = pd.DataFrame({
    'avg_yearly': [filtered.L_EXTENDEDPRICE.sum() / 7.0]
})
        <Profiling data>:
                                Function  GPU calls  CPU calls
0            NDFrame.__getattr__          7          0
1                OpsMixin.__eq__          2          0
2               OpsMixin.__and__          1          0
3          DataFrame.__getitem__          4          0
4                    Series.isin          1          0
5              DataFrame.groupby          1          0
6   DataFrameGroupBy.__getitem__          1          0
7                   GroupBy.mean          1          0
8               OpsMixin.__mul__          1          0
9                  Series.rename          1          0
10               DataFrame.merge          1          0
11               OpsMixin.__lt__          1          0
12                    Series.sum          1          0
13                     DataFrame          1          0
        <Execution time>: 115.0
        <Execution output>: Rewritten time: 115.0 ms
Original time: 417.0 ms
        <Iteration>: 4/5

==========Running the manager agent to decide the next step==========
Choice: optimize
Reason: The rewritten code is optimized for cuDF and shows a significant decrease in execution time. However, there might still be room for further optimization by exploring more efficient GPU operations or APIs that reduce computation further, especially given there is another iteration left.
Code optimizer prompt:
        <Original Code>:
        ### cell 2 ###

# Cell 2 optimized for cudf

# 1. Filter PART to get the relevant keys on GPU using boolean indexing instead of .query
filtered_keys = part[(part.P_BRAND == 'Brand#23') & (part.P_CONTAINER == 'MED BOX')].P_PARTKEY

# 2. Early‐filter LINEITEM to just those keys, then compute the 20%‐scaled average quantity per key on GPU
li_subset = lineitem[lineitem.L_PARTKEY.isin(filtered_keys)]
avg_map = li_subset.groupby('L_PARTKEY')['L_QUANTITY'].mean() * 0.2

# 3. Merge the precomputed avg back into the subset (avoiding .map) and select only the needed cols
li_with_avg = li_subset[['L_PARTKEY', 'L_QUANTITY', 'L_EXTENDEDPRICE']]
li_with_avg = li_with_avg.merge(avg_map.rename('avg'),
                                 left_on='L_PARTKEY',
                                 right_index=True)

# 4. Apply the quantity filter and compute the final metric on GPU
filtered = li_with_avg[li_with_avg.L_QUANTITY < li_with_avg.avg]
total = pd.DataFrame({
    'avg_yearly': [filtered.L_EXTENDEDPRICE.sum() / 7.0]
})
        <Profiling data>:
                                Function  GPU calls  CPU calls
0            NDFrame.__getattr__          7          0
1                OpsMixin.__eq__          2          0
2               OpsMixin.__and__          1          0
3          DataFrame.__getitem__          4          0
4                    Series.isin          1          0
5              DataFrame.groupby          1          0
6   DataFrameGroupBy.__getitem__          1          0
7                   GroupBy.mean          1          0
8               OpsMixin.__mul__          1          0
9                  Series.rename          1          0
10               DataFrame.merge          1          0
11               OpsMixin.__lt__          1          0
12                    Series.sum          1          0
13                     DataFrame          1          0

        <Execution time>: 115.0
        <Active vars>: ['total']

        <Future vars>: []

        <Iteration>: 4/5

Optimizing the last generated code
Parsed response: # 1. Filter PART to get the relevant keys on GPU
target_keys = part[(part.P_BRAND == 'Brand#23') & (part.P_CONTAINER == 'MED BOX')].P_PARTKEY

# 2. Early‐filter LINEITEM to just those keys
li = lineitem[lineitem.L_PARTKEY.isin(target_keys)]

# 3. Compute the 20%‐scaled average quantity per key using transform (avoids a merge)
li['avg'] = li.groupby('L_PARTKEY').L_QUANTITY.transform('mean') * 0.2

# 4. Apply the quantity filter and compute the final metric entirely on GPU
good = li[li.L_QUANTITY < li.avg]
total = pd.DataFrame({'avg_yearly': [good.L_EXTENDEDPRICE.sum() / 7.0]})
Try 3: calling rewrite agent for cell 2 took 18.002740621566772 seconds.
Executing rewritten code... ### cell 2 ###

# 1. Filter PART to get the relevant keys on GPU
target_keys = part[(part.P_BRAND == 'Brand#23') & (part.P_CONTAINER == 'MED BOX')].P_PARTKEY

# 2. Early‐filter LINEITEM to just those keys
li = lineitem[lineitem.L_PARTKEY.isin(target_keys)]

# 3. Compute the 20%‐scaled average quantity per key using transform (avoids a merge)
li['avg'] = li.groupby('L_PARTKEY').L_QUANTITY.transform('mean') * 0.2

# 4. Apply the quantity filter and compute the final metric entirely on GPU
good = li[li.L_QUANTITY < li.avg]
total = pd.DataFrame({'avg_yearly': [good.L_EXTENDEDPRICE.sum() / 7.0]})
HAHA rewritten pre-checkpoint path:  /home/dias-benchmarks/tpch/notebooks/q17/annotated/checkpoints/pre_cell_2.pickle
Running rewritten cell notebook
Finished executing the rewritten code.
Try 3: executing the rewritten code for cell 2 took 29.255687713623047 seconds.
Rewritten time: 102.0 ms
Checkpointing the rewritten cell for small notebook...
The rewritten code is correct. Profiling cudf...
HAHA small rewritten pre-checkpoint path:  /home/dias-benchmarks/tpch/notebooks/q17/q17_rewrite/checkpoints/pre_cell_2.pickle
Try 3: cudf profiling the rewritten code for cell 2 took 9.686666488647461 seconds.
gpu_calls_orig_perc: 1.0, gpu_calls_opt_perc: 1.0
orig_time: 115.0, opt_time: 102.0
Both the call ratio and the time are better.
Rewritten code took 102.0ms. The previous fastest solution took 417.0ms.
Previous best solution num GPU and CPU calls:  24 0
New solution num GPU and CPU calls:  22 0
Accepted the rewritten code.
Setting best_rewritten_post_checkpoint_path to  /home/dias-benchmarks/tpch/notebooks/q17/rewritten/o4_mini_high/checkpoints/post_cell_2_try_3.pickle
Setting best_small_rewritten_post_checkpoint_path to  /home/dias-benchmarks/tpch/notebooks/q17/rewritten/o4_mini_high_small/checkpoints/post_cell_2_try_3.pickle
========================================================
Rewriting cell 2... Try 4...
Manager agent prompt:
        <Original Code>:
        ### cell 2 ###



left = lineitem.loc[:, ["L_PARTKEY", "L_QUANTITY", "L_EXTENDEDPRICE"]]
right = part[((part["P_BRAND"] == "Brand#23") & (part["P_CONTAINER"] == "MED BOX"))]
right = right.loc[:, ["P_PARTKEY"]]
line_part_merge = left.merge(
    right, left_on="L_PARTKEY", right_on="P_PARTKEY", how="inner"
)
line_part_merge = line_part_merge.loc[
    :, ["L_QUANTITY", "L_EXTENDEDPRICE", "P_PARTKEY"]
]
lineitem_filtered = lineitem.loc[:, ["L_PARTKEY", "L_QUANTITY"]]
lineitem_avg = lineitem_filtered.groupby(
    ["L_PARTKEY"], as_index=False, sort=False
).agg(avg=pd.NamedAgg(column="L_QUANTITY", aggfunc="mean"))
lineitem_avg["avg"] = 0.2 * lineitem_avg["avg"]
lineitem_avg = lineitem_avg.loc[:, ["L_PARTKEY", "avg"]]
total = line_part_merge.merge(
    lineitem_avg, left_on="P_PARTKEY", right_on="L_PARTKEY", how="inner"
)
total = total[total["L_QUANTITY"] < total["avg"]]
total = pd.DataFrame({"avg_yearly": [total["L_EXTENDEDPRICE"].sum() / 7.0]})


        <Profiling data>:
                                Function  GPU calls  CPU calls
0   _LocationIndexer.__getitem__          5          0
1          DataFrame.__getitem__          8          0
2                OpsMixin.__eq__          2          0
3               OpsMixin.__and__          1          0
4                DataFrame.merge          2          0
5              DataFrame.groupby          1          0
6                       NamedAgg          0          1
7     DataFrameGroupBy.aggregate          0          1
8              OpsMixin.__rmul__          1          0
9          DataFrame.__setitem__          1          0
10               OpsMixin.__lt__          1          0
11                    Series.sum          1          0
12                     DataFrame          1          0
        <Execution time>: 417.0
        <Active Vars>: ['total']
        <Future Vars>: []
        <Rewritten Code>:
        ### cell 2 ###

# 1. Filter PART to get the relevant keys on GPU
target_keys = part[(part.P_BRAND == 'Brand#23') & (part.P_CONTAINER == 'MED BOX')].P_PARTKEY

# 2. Early‐filter LINEITEM to just those keys
li = lineitem[lineitem.L_PARTKEY.isin(target_keys)]

# 3. Compute the 20%‐scaled average quantity per key using transform (avoids a merge)
li['avg'] = li.groupby('L_PARTKEY').L_QUANTITY.transform('mean') * 0.2

# 4. Apply the quantity filter and compute the final metric entirely on GPU
good = li[li.L_QUANTITY < li.avg]
total = pd.DataFrame({'avg_yearly': [good.L_EXTENDEDPRICE.sum() / 7.0]})
        <Profiling data>:
                           Function  GPU calls  CPU calls
0       NDFrame.__getattr__          7          0
1           OpsMixin.__eq__          2          0
2          OpsMixin.__and__          1          0
3     DataFrame.__getitem__          3          0
4               Series.isin          1          0
5         DataFrame.groupby          1          0
6       GroupBy.__getattr__          1          0
7   SeriesGroupBy.transform          1          0
8          OpsMixin.__mul__          1          0
9     DataFrame.__setitem__          1          0
10          OpsMixin.__lt__          1          0
11               Series.sum          1          0
12                DataFrame          1          0
        <Execution time>: 102.0
        <Execution output>: Rewritten time: 102.0 ms
Original time: 417.0 ms
        <Iteration>: 5/5

==========Running the manager agent to decide the next step==========
Choice: done
Reason: The rewritten code is significantly optimized with a reduced execution time from 417 ms to 102 ms. It utilizes GPU operations effectively and avoids unnecessary merges. Since we are on the final iteration, no further optimizations are needed.
Code is already optimized
Try 4: calling rewrite agent for cell 2 took 1.6667110919952393 seconds.
========================================================
After rewriting cell  2
Rewritten pre-checkpoint path: /home/dias-benchmarks/tpch/notebooks/q17/rewritten/o4_mini_high/checkpoints/post_cell_2_try_3.pickle
Pre-checkpoint path: /home/dias-benchmarks/tpch/notebooks/q17/annotated/checkpoints/post_cell_2.pickle
========================================================
Cell 2 rewriting took 701.2607350349426 seconds.
Getting original timing for cell 3
HAHA original checkpoint path:  /home/dias-benchmarks/tpch/notebooks/q17/annotated/checkpoints/post_cell_2.pickle
Setting initially best_rewritten_post_checkpoint_path:  /home/dias-benchmarks/tpch/notebooks/q17/annotated/checkpoints/post_cell_3.pickle
Setting initially best_small_rewritten_post_checkpoint_path:  /home/dias-benchmarks/tpch/notebooks/q17/q17_rewrite/checkpoints/pre_cell_4.pickle
========================================================
Rewriting cell 3... Try 0...
Manager agent prompt:
        <Original Code>:
        ### cell 3 ###

total.info()
        <Profiling data>:
                 Function  GPU calls  CPU calls
0  DataFrame.info          1          0

        <Execution time>: 21.5
        <Active vars>: []

        <Future vars>: []

        <Iteration>: 1/5

==========Running the manager agent to decide the next step==========
Choice: done
Reason: The purpose of the code is to retrieve and print information about the DataFrame using the `.info()` method, which is used for debugging or informational purposes and cannot be meaningfully optimized.
Code is already optimized
Try 0: calling rewrite agent for cell 3 took 3.2671899795532227 seconds.
There is no need to rewrite the cell.
Could not rewrite the cell. Continuing to next cell...
========================================================
After rewriting cell  3
Rewritten pre-checkpoint path: /home/dias-benchmarks/tpch/notebooks/q17/annotated/checkpoints/post_cell_3.pickle
Pre-checkpoint path: /home/dias-benchmarks/tpch/notebooks/q17/annotated/checkpoints/post_cell_3.pickle
========================================================
Cell 3 rewriting took 42.991607904434204 seconds.
Rewrote notebook in 761.7027628421783 seconds
