Annotated notebook saved to /home/dias-benchmarks/tpch/notebooks/q18/cell_exec_info.ipynb
Executing code: import sys, os
sys.path.insert(0, os.path.abspath('/home/ElasticNotebook'))
%load_ext ElasticNotebook
from elastic.core.common.pandas import compare_df
import pickle
import cudf
Executing code: %%RecordEventWithColumnInfo
# %load_ext cudf.pandas
import sys, os
tpch_parent = os.path.abspath(os.path.join(os.getcwd(), ".."))
sys.path.insert(0, tpch_parent)
import pandas as pd
# from tpch import load_lineitem, load_orders, load_customer, q18
DATA_ROOT = "/home/dias-benchmarks/tpch/data"
STORAGE_OPTS = {}


Executing code: %%RecordEventWithColumnInfo
### cell 0 ###

def load_lineitem(
    data_folder: str, **storage_options
) -> pd.DataFrame:
    data_path = data_folder + "/lineitem.tbl"
    # df = pd.read_parquet(
    #     data_path,  storage_options=storage_options
    # )
    df = pd.read_csv(data_path, sep="|")
    return df
lineitem = load_lineitem(DATA_ROOT, **STORAGE_OPTS)

Executing code: %%RecordEventWithColumnInfo
### cell 1 ###

def load_orders(
    data_folder: str, **storage_options
) -> pd.DataFrame:
    data_path = data_folder + "/orders.tbl"
    # df = pd.read_parquet(
    #     data_path,  storage_options=storage_options
    # )
    df = pd.read_csv(data_path, sep="|")
    df["O_ORDERDATE"] = pd.to_datetime(df.O_ORDERDATE, format="%Y-%m-%d")
    return df
orders = load_orders(DATA_ROOT, **STORAGE_OPTS)
Executing code: %%RecordEventWithColumnInfo
### cell 2 ###

def load_customer(
    data_folder: str, **storage_options
) -> pd.DataFrame:
    data_path = data_folder + "/customer.tbl"
    # df = pd.read_parquet(
    #     data_path,  storage_options=storage_options
    # )
    df = pd.read_csv(data_path, sep="|")
    return df
customer = load_customer(DATA_ROOT, **STORAGE_OPTS)
Executing code: %%RecordEventWithColumnInfo
### cell 3 ###



gb1 = lineitem.groupby("L_ORDERKEY", as_index=False, sort=False)["L_QUANTITY"].sum()
fgb1 = gb1[gb1.L_QUANTITY > 300]
jn1 = fgb1.merge(orders, left_on="L_ORDERKEY", right_on="O_ORDERKEY")
jn2 = jn1.merge(customer, left_on="O_CUSTKEY", right_on="C_CUSTKEY")
gb2 = jn2.groupby(
    ["C_NAME", "C_CUSTKEY", "O_ORDERKEY", "O_ORDERDATE", "O_TOTALPRICE"],
    as_index=False,
    sort=False,
)["L_QUANTITY"].sum()
total = gb2.sort_values(["O_TOTALPRICE", "O_ORDERDATE"], ascending=[False, True])

Executing code: %%RecordEventWithColumnInfo
### cell 4 ###

total.info()
Executing code: %PrintCellInfo cell_exec_info
Executing code: %reset -f
Executing code: %reload_ext ElasticNotebook
Ran small notebook to get cell exec info in 83.34635806083679 seconds
Getting cudf profile information...
Annotated notebook saved to /home/dias-benchmarks/tpch/notebooks/q18/cudf_profile.ipynb
Done getting cudf profile information.
Ran small notebook to get cudf profile info in 71.58315968513489 seconds
Annotated notebook saved to /home/dias-benchmarks/tpch/notebooks/q18/annotated.ipynb
Executing code: %reset -f
Executing code: %reload_ext ElasticNotebook
Executing code: %load_ext cudf.pandas
Executing code: import sys, os
sys.path.insert(0, os.path.abspath('/home/ElasticNotebook'))
%load_ext ElasticNotebook
from elastic.core.common.pandas import compare_df
import pickle
import cudf
Executing code: %%RecordEvent
# %load_ext cudf.pandas
import sys, os
tpch_parent = os.path.abspath(os.path.join(os.getcwd(), ".."))
sys.path.insert(0, tpch_parent)
import pandas as pd
# from tpch import load_lineitem, load_orders, load_customer, q18
DATA_ROOT = "/home/dias-benchmarks/tpch/data"
STORAGE_OPTS = {}


Executing code: %%RecordEvent
%%time
### cell 0 ###

def load_lineitem(
    data_folder: str, **storage_options
) -> pd.DataFrame:
    data_path = data_folder + "/lineitem.tbl"
    # df = pd.read_parquet(
    #     data_path,  storage_options=storage_options
    # )
    df = pd.read_csv(data_path, sep="|")
    return df
lineitem = load_lineitem(DATA_ROOT, **STORAGE_OPTS)

Executing code: %%RecordEvent
%%time
### cell 1 ###

def load_orders(
    data_folder: str, **storage_options
) -> pd.DataFrame:
    data_path = data_folder + "/orders.tbl"
    # df = pd.read_parquet(
    #     data_path,  storage_options=storage_options
    # )
    df = pd.read_csv(data_path, sep="|")
    df["O_ORDERDATE"] = pd.to_datetime(df.O_ORDERDATE, format="%Y-%m-%d")
    return df
orders = load_orders(DATA_ROOT, **STORAGE_OPTS)
Executing code: %%RecordEvent
%%time
### cell 2 ###

def load_customer(
    data_folder: str, **storage_options
) -> pd.DataFrame:
    data_path = data_folder + "/customer.tbl"
    # df = pd.read_parquet(
    #     data_path,  storage_options=storage_options
    # )
    df = pd.read_csv(data_path, sep="|")
    return df
customer = load_customer(DATA_ROOT, **STORAGE_OPTS)
Executing code: %Checkpoint /home/dias-benchmarks/tpch/notebooks/q18/annotated/checkpoints/pre_cell_3.pickle
Checkpointing took 0.0008320808410644531 seconds.
========================================================
Cell  3
Rewritten pre-checkpoint path: /home/dias-benchmarks/tpch/notebooks/q18/annotated/checkpoints/pre_cell_3.pickle
Pre-checkpoint path: /home/dias-benchmarks/tpch/notebooks/q18/annotated/checkpoints/pre_cell_3.pickle
Small rewritten pre-checkpoint path: /home/dias-benchmarks/tpch/notebooks/q18/q18_rewrite/checkpoints/pre_cell_3.pickle
========================================================
Getting original timing for cell 3
HAHA original checkpoint path:  /home/dias-benchmarks/tpch/notebooks/q18/annotated/checkpoints/pre_cell_3.pickle
Setting initially best_rewritten_post_checkpoint_path:  /home/dias-benchmarks/tpch/notebooks/q18/annotated/checkpoints/post_cell_3.pickle
Setting initially best_small_rewritten_post_checkpoint_path:  /home/dias-benchmarks/tpch/notebooks/q18/q18_rewrite/checkpoints/pre_cell_4.pickle
========================================================
Rewriting cell 3... Try 0...
Manager agent prompt:
        <Original Code>:
        ### cell 3 ###



gb1 = lineitem.groupby("L_ORDERKEY", as_index=False, sort=False)["L_QUANTITY"].sum()
fgb1 = gb1[gb1.L_QUANTITY > 300]
jn1 = fgb1.merge(orders, left_on="L_ORDERKEY", right_on="O_ORDERKEY")
jn2 = jn1.merge(customer, left_on="O_CUSTKEY", right_on="C_CUSTKEY")
gb2 = jn2.groupby(
    ["C_NAME", "C_CUSTKEY", "O_ORDERKEY", "O_ORDERDATE", "O_TOTALPRICE"],
    as_index=False,
    sort=False,
)["L_QUANTITY"].sum()
total = gb2.sort_values(["O_TOTALPRICE", "O_ORDERDATE"], ascending=[False, True])

        <Profiling data>:
                               Function  GPU calls  CPU calls
0             DataFrame.groupby          2          0
1  DataFrameGroupBy.__getitem__          2          0
2                   GroupBy.sum          2          0
3           NDFrame.__getattr__          1          0
4               OpsMixin.__gt__          1          0
5         DataFrame.__getitem__          1          0
6               DataFrame.merge          2          0
7         DataFrame.sort_values          1          0

        <Execution time>: 101.0
        <Active vars>: ['total']

        <Future vars>: []

        <Iteration>: 1/5

==========Running the manager agent to decide the next step==========
Choice: new
Reason: There is no rewritten code provided, and alternatives could be explored to optimize the original code using libraries like cuDF for better performance on GPU.
Generating new code from the original code
Prompt:
        <Original Code>:
        ### cell 3 ###



gb1 = lineitem.groupby("L_ORDERKEY", as_index=False, sort=False)["L_QUANTITY"].sum()
fgb1 = gb1[gb1.L_QUANTITY > 300]
jn1 = fgb1.merge(orders, left_on="L_ORDERKEY", right_on="O_ORDERKEY")
jn2 = jn1.merge(customer, left_on="O_CUSTKEY", right_on="C_CUSTKEY")
gb2 = jn2.groupby(
    ["C_NAME", "C_CUSTKEY", "O_ORDERKEY", "O_ORDERDATE", "O_TOTALPRICE"],
    as_index=False,
    sort=False,
)["L_QUANTITY"].sum()
total = gb2.sort_values(["O_TOTALPRICE", "O_ORDERDATE"], ascending=[False, True])

        <Profiling data>:
                               Function  GPU calls  CPU calls
0             DataFrame.groupby          2          0
1  DataFrameGroupBy.__getitem__          2          0
2                   GroupBy.sum          2          0
3           NDFrame.__getattr__          1          0
4               OpsMixin.__gt__          1          0
5         DataFrame.__getitem__          1          0
6               DataFrame.merge          2          0
7         DataFrame.sort_values          1          0

        <Execution time>: 101.0
        <Active vars>: ['total']

        <Future vars>: []

        <Iteration>: 1/5

Code: # Optimized cell 3
gb1 = lineitem.groupby("L_ORDERKEY", as_index=False, sort=False)["L_QUANTITY"].sum()
# filter orders with total quantity > 300
gb1 = gb1.loc[gb1.L_QUANTITY > 300]
# project only needed columns from orders and customer to reduce data movement
orders_sub   = orders[["O_ORDERKEY", "O_CUSTKEY", "O_ORDERDATE", "O_TOTALPRICE"]]
customer_sub = customer[["C_CUSTKEY", "C_NAME"]]
# join and sort, avoiding a second groupby
total = (
    gb1
      .merge(orders_sub,   left_on="L_ORDERKEY", right_on="O_ORDERKEY")
      .merge(customer_sub, left_on="O_CUSTKEY", right_on="C_CUSTKEY")
      [["C_NAME", "C_CUSTKEY", "O_ORDERKEY", "O_ORDERDATE", "O_TOTALPRICE", "L_QUANTITY"]]
      .sort_values(["O_TOTALPRICE", "O_ORDERDATE"], ascending=[False, True])
)
Reason: The second aggregation on jn2 was redundant since each order had already been aggregated. By dropping that groupby, pushing the filter earlier, and selecting only the needed columns from orders and customer before merging, we remove one expensive GPU groupby+sum and reduce data movement, improving performance while preserving the exact semantics.
Parsed response: # Optimized cell 3
gb1 = lineitem.groupby("L_ORDERKEY", as_index=False, sort=False)["L_QUANTITY"].sum()
# filter orders with total quantity > 300
gb1 = gb1.loc[gb1.L_QUANTITY > 300]
# project only needed columns from orders and customer to reduce data movement
orders_sub   = orders[["O_ORDERKEY", "O_CUSTKEY", "O_ORDERDATE", "O_TOTALPRICE"]]
customer_sub = customer[["C_CUSTKEY", "C_NAME"]]
# join and sort, avoiding a second groupby
total = (
    gb1
      .merge(orders_sub,   left_on="L_ORDERKEY", right_on="O_ORDERKEY")
      .merge(customer_sub, left_on="O_CUSTKEY", right_on="C_CUSTKEY")
      [["C_NAME", "C_CUSTKEY", "O_ORDERKEY", "O_ORDERDATE", "O_TOTALPRICE", "L_QUANTITY"]]
      .sort_values(["O_TOTALPRICE", "O_ORDERDATE"], ascending=[False, True])
)
Try 0: calling rewrite agent for cell 3 took 34.857337951660156 seconds.
Executing rewritten code... ### cell 3 ###

# Optimized cell 3
gb1 = lineitem.groupby("L_ORDERKEY", as_index=False, sort=False)["L_QUANTITY"].sum()
# filter orders with total quantity > 300
gb1 = gb1.loc[gb1.L_QUANTITY > 300]
# project only needed columns from orders and customer to reduce data movement
orders_sub   = orders[["O_ORDERKEY", "O_CUSTKEY", "O_ORDERDATE", "O_TOTALPRICE"]]
customer_sub = customer[["C_CUSTKEY", "C_NAME"]]
# join and sort, avoiding a second groupby
total = (
    gb1
      .merge(orders_sub,   left_on="L_ORDERKEY", right_on="O_ORDERKEY")
      .merge(customer_sub, left_on="O_CUSTKEY", right_on="C_CUSTKEY")
      [["C_NAME", "C_CUSTKEY", "O_ORDERKEY", "O_ORDERDATE", "O_TOTALPRICE", "L_QUANTITY"]]
      .sort_values(["O_TOTALPRICE", "O_ORDERDATE"], ascending=[False, True])
)
HAHA rewritten pre-checkpoint path:  /home/dias-benchmarks/tpch/notebooks/q18/annotated/checkpoints/pre_cell_3.pickle
Running rewritten cell notebook
Finished executing the rewritten code.
Try 0: executing the rewritten code for cell 3 took 32.14915227890015 seconds.
Rewritten time: 91.9 ms
Checkpointing the rewritten cell for small notebook...
The rewritten code is correct. Profiling cudf...
HAHA small rewritten pre-checkpoint path:  /home/dias-benchmarks/tpch/notebooks/q18/q18_rewrite/checkpoints/pre_cell_3.pickle
Try 0: cudf profiling the rewritten code for cell 3 took 9.608560562133789 seconds.
gpu_calls_orig_perc: 1.0, gpu_calls_opt_perc: 1.0
orig_time: 101.0, opt_time: 91.9
Both the call ratio and the time are better.
Rewritten code took 91.9ms. The previous fastest solution took 101.0ms.
Previous best solution num GPU and CPU calls:  12 0
New solution num GPU and CPU calls:  13 0
Accepted the rewritten code.
Setting best_rewritten_post_checkpoint_path to  /home/dias-benchmarks/tpch/notebooks/q18/rewritten/o4_mini_high/checkpoints/post_cell_3_try_0.pickle
Setting best_small_rewritten_post_checkpoint_path to  /home/dias-benchmarks/tpch/notebooks/q18/rewritten/o4_mini_high_small/checkpoints/post_cell_3_try_0.pickle
========================================================
Rewriting cell 3... Try 1...
Manager agent prompt:
        <Original Code>:
        ### cell 3 ###



gb1 = lineitem.groupby("L_ORDERKEY", as_index=False, sort=False)["L_QUANTITY"].sum()
fgb1 = gb1[gb1.L_QUANTITY > 300]
jn1 = fgb1.merge(orders, left_on="L_ORDERKEY", right_on="O_ORDERKEY")
jn2 = jn1.merge(customer, left_on="O_CUSTKEY", right_on="C_CUSTKEY")
gb2 = jn2.groupby(
    ["C_NAME", "C_CUSTKEY", "O_ORDERKEY", "O_ORDERDATE", "O_TOTALPRICE"],
    as_index=False,
    sort=False,
)["L_QUANTITY"].sum()
total = gb2.sort_values(["O_TOTALPRICE", "O_ORDERDATE"], ascending=[False, True])

        <Profiling data>:
                               Function  GPU calls  CPU calls
0             DataFrame.groupby          2          0
1  DataFrameGroupBy.__getitem__          2          0
2                   GroupBy.sum          2          0
3           NDFrame.__getattr__          1          0
4               OpsMixin.__gt__          1          0
5         DataFrame.__getitem__          1          0
6               DataFrame.merge          2          0
7         DataFrame.sort_values          1          0
        <Execution time>: 101.0
        <Active Vars>: ['total']
        <Future Vars>: []
        <Rewritten Code>:
        ### cell 3 ###

# Optimized cell 3
gb1 = lineitem.groupby("L_ORDERKEY", as_index=False, sort=False)["L_QUANTITY"].sum()
# filter orders with total quantity > 300
gb1 = gb1.loc[gb1.L_QUANTITY > 300]
# project only needed columns from orders and customer to reduce data movement
orders_sub   = orders[["O_ORDERKEY", "O_CUSTKEY", "O_ORDERDATE", "O_TOTALPRICE"]]
customer_sub = customer[["C_CUSTKEY", "C_NAME"]]
# join and sort, avoiding a second groupby
total = (
    gb1
      .merge(orders_sub,   left_on="L_ORDERKEY", right_on="O_ORDERKEY")
      .merge(customer_sub, left_on="O_CUSTKEY", right_on="C_CUSTKEY")
      [["C_NAME", "C_CUSTKEY", "O_ORDERKEY", "O_ORDERDATE", "O_TOTALPRICE", "L_QUANTITY"]]
      .sort_values(["O_TOTALPRICE", "O_ORDERDATE"], ascending=[False, True])
)
        <Profiling data>:
                               Function  GPU calls  CPU calls
0             DataFrame.groupby          1          0
1  DataFrameGroupBy.__getitem__          1          0
2                   GroupBy.sum          1          0
3                     DataFrame          1          0
4           NDFrame.__getattr__          1          0
5               OpsMixin.__gt__          1          0
6  _LocationIndexer.__getitem__          1          0
7         DataFrame.__getitem__          3          0
8               DataFrame.merge          2          0
9         DataFrame.sort_values          1          0
        <Execution time>: 91.9
        <Execution output>: Rewritten time: 91.9 ms
Original time: 101.0 ms
        <Iteration>: 2/5

==========Running the manager agent to decide the next step==========
Choice: optimize
Reason: There are still opportunities to further optimize the rewritten code by exploring other efficient APIs or methods that could reduce the execution time beyond the current optimization.
Code optimizer prompt:
        <Original Code>:
        ### cell 3 ###

# Optimized cell 3
gb1 = lineitem.groupby("L_ORDERKEY", as_index=False, sort=False)["L_QUANTITY"].sum()
# filter orders with total quantity > 300
gb1 = gb1.loc[gb1.L_QUANTITY > 300]
# project only needed columns from orders and customer to reduce data movement
orders_sub   = orders[["O_ORDERKEY", "O_CUSTKEY", "O_ORDERDATE", "O_TOTALPRICE"]]
customer_sub = customer[["C_CUSTKEY", "C_NAME"]]
# join and sort, avoiding a second groupby
total = (
    gb1
      .merge(orders_sub,   left_on="L_ORDERKEY", right_on="O_ORDERKEY")
      .merge(customer_sub, left_on="O_CUSTKEY", right_on="C_CUSTKEY")
      [["C_NAME", "C_CUSTKEY", "O_ORDERKEY", "O_ORDERDATE", "O_TOTALPRICE", "L_QUANTITY"]]
      .sort_values(["O_TOTALPRICE", "O_ORDERDATE"], ascending=[False, True])
)
        <Profiling data>:
                               Function  GPU calls  CPU calls
0             DataFrame.groupby          1          0
1  DataFrameGroupBy.__getitem__          1          0
2                   GroupBy.sum          1          0
3                     DataFrame          1          0
4           NDFrame.__getattr__          1          0
5               OpsMixin.__gt__          1          0
6  _LocationIndexer.__getitem__          1          0
7         DataFrame.__getitem__          3          0
8               DataFrame.merge          2          0
9         DataFrame.sort_values          1          0

        <Execution time>: 91.9
        <Active vars>: ['total']

        <Future vars>: []

        <Iteration>: 2/5

Optimizing the last generated code
Parsed response: # build a mapping from C_CUSTKEY to C_NAME on the GPU
cust_map = customer.set_index("C_CUSTKEY")["C_NAME"]

# 1) group and sum L_QUANTITY by order, 2) filter >300
gb1 = (
    lineitem
      .groupby("L_ORDERKEY", as_index=False, sort=False)["L_QUANTITY"]
      .sum()
)
gb1 = gb1[gb1.L_QUANTITY > 300]

# join with the needed orders columns
df = gb1.merge(
    orders[["O_ORDERKEY", "O_CUSTKEY", "O_ORDERDATE", "O_TOTALPRICE"]],
    left_on="L_ORDERKEY", right_on="O_ORDERKEY"
)

# map in the customer name instead of a second merge
df["C_NAME"] = df["O_CUSTKEY"].map(cust_map)

# rename, select and sort
df = df.rename(columns={"O_CUSTKEY": "C_CUSTKEY"})
total = (
    df[["C_NAME", "C_CUSTKEY", "O_ORDERKEY", "O_ORDERDATE", "O_TOTALPRICE", "L_QUANTITY"]]
      .sort_values(["O_TOTALPRICE", "O_ORDERDATE"], ascending=[False, True])
)
Try 1: calling rewrite agent for cell 3 took 88.47721433639526 seconds.
Executing rewritten code... ### cell 3 ###

# build a mapping from C_CUSTKEY to C_NAME on the GPU
cust_map = customer.set_index("C_CUSTKEY")["C_NAME"]

# 1) group and sum L_QUANTITY by order, 2) filter >300
gb1 = (
    lineitem
      .groupby("L_ORDERKEY", as_index=False, sort=False)["L_QUANTITY"]
      .sum()
)
gb1 = gb1[gb1.L_QUANTITY > 300]

# join with the needed orders columns
df = gb1.merge(
    orders[["O_ORDERKEY", "O_CUSTKEY", "O_ORDERDATE", "O_TOTALPRICE"]],
    left_on="L_ORDERKEY", right_on="O_ORDERKEY"
)

# map in the customer name instead of a second merge
df["C_NAME"] = df["O_CUSTKEY"].map(cust_map)

# rename, select and sort
df = df.rename(columns={"O_CUSTKEY": "C_CUSTKEY"})
total = (
    df[["C_NAME", "C_CUSTKEY", "O_ORDERKEY", "O_ORDERDATE", "O_TOTALPRICE", "L_QUANTITY"]]
      .sort_values(["O_TOTALPRICE", "O_ORDERDATE"], ascending=[False, True])
)
HAHA rewritten pre-checkpoint path:  /home/dias-benchmarks/tpch/notebooks/q18/annotated/checkpoints/pre_cell_3.pickle
Running rewritten cell notebook
Finished executing the rewritten code.
Try 1: executing the rewritten code for cell 3 took 31.563983917236328 seconds.
Rewritten time: 128.0 ms
Checkpointing the rewritten cell for small notebook...
The rewritten code is correct. Profiling cudf...
HAHA small rewritten pre-checkpoint path:  /home/dias-benchmarks/tpch/notebooks/q18/q18_rewrite/checkpoints/pre_cell_3.pickle
Try 1: cudf profiling the rewritten code for cell 3 took 9.529875755310059 seconds.
gpu_calls_orig_perc: 1.0, gpu_calls_opt_perc: 1.0
orig_time: 91.9, opt_time: 128.0
Ratio improves.
Improvement in percentage does not make up for the slowdown.
Rewritten code took 128.0ms. The previous fastest solution took 101.0ms.
Previous best solution num GPU and CPU calls:  13 0
New solution num GPU and CPU calls:  16 0
========================================================
Rewriting cell 3... Try 2...
Manager agent prompt:
        <Original Code>:
        ### cell 3 ###



gb1 = lineitem.groupby("L_ORDERKEY", as_index=False, sort=False)["L_QUANTITY"].sum()
fgb1 = gb1[gb1.L_QUANTITY > 300]
jn1 = fgb1.merge(orders, left_on="L_ORDERKEY", right_on="O_ORDERKEY")
jn2 = jn1.merge(customer, left_on="O_CUSTKEY", right_on="C_CUSTKEY")
gb2 = jn2.groupby(
    ["C_NAME", "C_CUSTKEY", "O_ORDERKEY", "O_ORDERDATE", "O_TOTALPRICE"],
    as_index=False,
    sort=False,
)["L_QUANTITY"].sum()
total = gb2.sort_values(["O_TOTALPRICE", "O_ORDERDATE"], ascending=[False, True])

        <Profiling data>:
                               Function  GPU calls  CPU calls
0             DataFrame.groupby          2          0
1  DataFrameGroupBy.__getitem__          2          0
2                   GroupBy.sum          2          0
3           NDFrame.__getattr__          1          0
4               OpsMixin.__gt__          1          0
5         DataFrame.__getitem__          1          0
6               DataFrame.merge          2          0
7         DataFrame.sort_values          1          0
        <Execution time>: 101.0
        <Active Vars>: ['total']
        <Future Vars>: []
        <Rewritten Code>:
        ### cell 3 ###

# build a mapping from C_CUSTKEY to C_NAME on the GPU
cust_map = customer.set_index("C_CUSTKEY")["C_NAME"]

# 1) group and sum L_QUANTITY by order, 2) filter >300
gb1 = (
    lineitem
      .groupby("L_ORDERKEY", as_index=False, sort=False)["L_QUANTITY"]
      .sum()
)
gb1 = gb1[gb1.L_QUANTITY > 300]

# join with the needed orders columns
df = gb1.merge(
    orders[["O_ORDERKEY", "O_CUSTKEY", "O_ORDERDATE", "O_TOTALPRICE"]],
    left_on="L_ORDERKEY", right_on="O_ORDERKEY"
)

# map in the customer name instead of a second merge
df["C_NAME"] = df["O_CUSTKEY"].map(cust_map)

# rename, select and sort
df = df.rename(columns={"O_CUSTKEY": "C_CUSTKEY"})
total = (
    df[["C_NAME", "C_CUSTKEY", "O_ORDERKEY", "O_ORDERDATE", "O_TOTALPRICE", "L_QUANTITY"]]
      .sort_values(["O_TOTALPRICE", "O_ORDERDATE"], ascending=[False, True])
)
        <Profiling data>:
                                Function  GPU calls  CPU calls
0            DataFrame.set_index          1          0
1          DataFrame.__getitem__          5          0
2              DataFrame.groupby          1          0
3   DataFrameGroupBy.__getitem__          1          0
4                    GroupBy.sum          1          0
5            NDFrame.__getattr__          1          0
6                OpsMixin.__gt__          1          0
7                DataFrame.merge          1          0
8                     Series.map          1          0
9          DataFrame.__setitem__          1          0
10              DataFrame.rename          1          0
11         DataFrame.sort_values          1          0
        <Execution time>: 128.0
        <Execution output>: Rewritten time: 128.0 ms
Original time: 101.0 ms
        <Iteration>: 3/5

==========Running the manager agent to decide the next step==========
Choice: new
Reason: The rewritten code is slower than the original code. We should try to optimize it again to potentially achieve better performance.
Generating new code from the original code
Prompt:
        <Original Code>:
        ### cell 3 ###



gb1 = lineitem.groupby("L_ORDERKEY", as_index=False, sort=False)["L_QUANTITY"].sum()
fgb1 = gb1[gb1.L_QUANTITY > 300]
jn1 = fgb1.merge(orders, left_on="L_ORDERKEY", right_on="O_ORDERKEY")
jn2 = jn1.merge(customer, left_on="O_CUSTKEY", right_on="C_CUSTKEY")
gb2 = jn2.groupby(
    ["C_NAME", "C_CUSTKEY", "O_ORDERKEY", "O_ORDERDATE", "O_TOTALPRICE"],
    as_index=False,
    sort=False,
)["L_QUANTITY"].sum()
total = gb2.sort_values(["O_TOTALPRICE", "O_ORDERDATE"], ascending=[False, True])

        <Profiling data>:
                               Function  GPU calls  CPU calls
0             DataFrame.groupby          2          0
1  DataFrameGroupBy.__getitem__          2          0
2                   GroupBy.sum          2          0
3           NDFrame.__getattr__          1          0
4               OpsMixin.__gt__          1          0
5         DataFrame.__getitem__          1          0
6               DataFrame.merge          2          0
7         DataFrame.sort_values          1          0

        <Execution time>: 101.0
        <Active vars>: ['total']

        <Future vars>: []

        <Iteration>: 3/5

Code: # cell 3 – optimized for cuDF
gb1 = lineitem.groupby(
    "L_ORDERKEY", as_index=False, sort=False
)["L_QUANTITY"].sum()
# filter orders whose total quantity > 300
gfb = gbd1 = gbd1 = gbd1 = gbd1 = gbd1 = gbd1 = gbd1 = gbd1 = gbd1 = gbd1 = gbd1 = gbd1gb1[gb1.L_QUANTITY > 300]
# join once with orders and once with customer, then sort
total = (
    gfb
    .merge(orders, left_on="L_ORDERKEY", right_on="O_ORDERKEY")
    .merge(customer, left_on="O_CUSTKEY", right_on="C_CUSTKEY")
    .sort_values(["O_TOTALPRICE", "O_ORDERDATE"], ascending=[False, True])
)
Reason: The second groupby (gb2) was redundant after merging fgb1 with orders and customer – at that point there is exactly one record per order. Removing it cuts out an extra GPU aggregation and __getitem__ call, reducing kernel launches while preserving output semantics.
Parsed response: # cell 3 – optimized for cuDF
gb1 = lineitem.groupby(
    "L_ORDERKEY", as_index=False, sort=False
)["L_QUANTITY"].sum()
# filter orders whose total quantity > 300
gfb = gbd1 = gbd1 = gbd1 = gbd1 = gbd1 = gbd1 = gbd1 = gbd1 = gbd1 = gbd1 = gbd1 = gbd1gb1[gb1.L_QUANTITY > 300]
# join once with orders and once with customer, then sort
total = (
    gfb
    .merge(orders, left_on="L_ORDERKEY", right_on="O_ORDERKEY")
    .merge(customer, left_on="O_CUSTKEY", right_on="C_CUSTKEY")
    .sort_values(["O_TOTALPRICE", "O_ORDERDATE"], ascending=[False, True])
)
Try 2: calling rewrite agent for cell 3 took 42.50412917137146 seconds.
Executing rewritten code... ### cell 3 ###

# cell 3 – optimized for cuDF
gb1 = lineitem.groupby(
    "L_ORDERKEY", as_index=False, sort=False
)["L_QUANTITY"].sum()
# filter orders whose total quantity > 300
gfb = gbd1 = gbd1 = gbd1 = gbd1 = gbd1 = gbd1 = gbd1 = gbd1 = gbd1 = gbd1 = gbd1 = gbd1gb1[gb1.L_QUANTITY > 300]
# join once with orders and once with customer, then sort
total = (
    gfb
    .merge(orders, left_on="L_ORDERKEY", right_on="O_ORDERKEY")
    .merge(customer, left_on="O_CUSTKEY", right_on="C_CUSTKEY")
    .sort_values(["O_TOTALPRICE", "O_ORDERDATE"], ascending=[False, True])
)
HAHA rewritten pre-checkpoint path:  /home/dias-benchmarks/tpch/notebooks/q18/annotated/checkpoints/pre_cell_3.pickle
Running rewritten cell notebook
An unexpected error occurred Execution failed in cell %%RecordEvent
%%time
### cell 3 ###

# cell 3 – optimized for cuDF
gb1 = lineitem.groupby(
    "L_ORDERKEY", as_index=False, sort=False
)["L_QUANTITY"].sum()
# filter orders whose total quantity > 300
gfb = gbd1 = gbd1 = gbd1 = gbd1 = gbd1 = gbd1 = gbd1 = gbd1 = gbd1 = gbd1 = gbd1 = gbd1gb1[gb1.L_QUANTITY > 300]
# join once with orders and once with customer, then sort
total = (
    gfb
    .merge(orders, left_on="L_ORDERKEY", right_on="O_ORDERKEY")
    .merge(customer, left_on="O_CUSTKEY", right_on="C_CUSTKEY")
    .sort_values(["O_TOTALPRICE", "O_ORDERDATE"], ascending=[False, True])
): name 'gbd1gb1' is not defined
Rewritten time: inf ms
Checkpointing the rewritten cell for small notebook...
========================================================
Rewriting cell 3... Try 3...
Manager agent prompt:
        <Original Code>:
        ### cell 3 ###



gb1 = lineitem.groupby("L_ORDERKEY", as_index=False, sort=False)["L_QUANTITY"].sum()
fgb1 = gb1[gb1.L_QUANTITY > 300]
jn1 = fgb1.merge(orders, left_on="L_ORDERKEY", right_on="O_ORDERKEY")
jn2 = jn1.merge(customer, left_on="O_CUSTKEY", right_on="C_CUSTKEY")
gb2 = jn2.groupby(
    ["C_NAME", "C_CUSTKEY", "O_ORDERKEY", "O_ORDERDATE", "O_TOTALPRICE"],
    as_index=False,
    sort=False,
)["L_QUANTITY"].sum()
total = gb2.sort_values(["O_TOTALPRICE", "O_ORDERDATE"], ascending=[False, True])

        <Profiling data>:
                               Function  GPU calls  CPU calls
0             DataFrame.groupby          2          0
1  DataFrameGroupBy.__getitem__          2          0
2                   GroupBy.sum          2          0
3           NDFrame.__getattr__          1          0
4               OpsMixin.__gt__          1          0
5         DataFrame.__getitem__          1          0
6               DataFrame.merge          2          0
7         DataFrame.sort_values          1          0
        <Execution time>: 101.0
        <Active Vars>: ['total']
        <Future Vars>: []
        <Rewritten Code>:
        ### cell 3 ###

# cell 3 – optimized for cuDF
gb1 = lineitem.groupby(
    "L_ORDERKEY", as_index=False, sort=False
)["L_QUANTITY"].sum()
# filter orders whose total quantity > 300
gfb = gbd1 = gbd1 = gbd1 = gbd1 = gbd1 = gbd1 = gbd1 = gbd1 = gbd1 = gbd1 = gbd1 = gbd1gb1[gb1.L_QUANTITY > 300]
# join once with orders and once with customer, then sort
total = (
    gfb
    .merge(orders, left_on="L_ORDERKEY", right_on="O_ORDERKEY")
    .merge(customer, left_on="O_CUSTKEY", right_on="C_CUSTKEY")
    .sort_values(["O_TOTALPRICE", "O_ORDERDATE"], ascending=[False, True])
)
        <Profiling data>:
                                Function  GPU calls  CPU calls
0            DataFrame.set_index          1          0
1          DataFrame.__getitem__          5          0
2              DataFrame.groupby          1          0
3   DataFrameGroupBy.__getitem__          1          0
4                    GroupBy.sum          1          0
5            NDFrame.__getattr__          1          0
6                OpsMixin.__gt__          1          0
7                DataFrame.merge          1          0
8                     Series.map          1          0
9          DataFrame.__setitem__          1          0
10              DataFrame.rename          1          0
11         DataFrame.sort_values          1          0
        <Execution time>: inf
        <Execution output>: The rewritten code resulted in a runtime error. Execution failed in cell %%RecordEvent
%%time
### cell 3 ###

# cell 3 – optimized for cuDF
gb1 = lineitem.groupby(
    "L_ORDERKEY", as_index=False, sort=False
)["L_QUANTITY"].sum()
# filter orders whose total quantity > 300
gfb = gbd1 = gbd1 = gbd1 = gbd1 = gbd1 = gbd1 = gbd1 = gbd1 = gbd1 = gbd1 = gbd1 = gbd1gb1[gb1.L_QUANTITY > 300]
# join once with orders and once with customer, then sort
total = (
    gfb
    .merge(orders, left_on="L_ORDERKEY", right_on="O_ORDERKEY")
    .merge(customer, left_on="O_CUSTKEY", right_on="C_CUSTKEY")
    .sort_values(["O_TOTALPRICE", "O_ORDERDATE"], ascending=[False, True])
): name 'gbd1gb1' is not defined
        <Iteration>: 4/5

==========Running the manager agent to decide the next step==========
Choice: repair
Reason: The rewritten code has errors due to incorrect variable naming causing a runtime error. Since there is only one iteration left, repairing is preferable to get a working optimized version.
Code fixer prompt:
        <Original Code>:
        ### cell 3 ###



gb1 = lineitem.groupby("L_ORDERKEY", as_index=False, sort=False)["L_QUANTITY"].sum()
fgb1 = gb1[gb1.L_QUANTITY > 300]
jn1 = fgb1.merge(orders, left_on="L_ORDERKEY", right_on="O_ORDERKEY")
jn2 = jn1.merge(customer, left_on="O_CUSTKEY", right_on="C_CUSTKEY")
gb2 = jn2.groupby(
    ["C_NAME", "C_CUSTKEY", "O_ORDERKEY", "O_ORDERDATE", "O_TOTALPRICE"],
    as_index=False,
    sort=False,
)["L_QUANTITY"].sum()
total = gb2.sort_values(["O_TOTALPRICE", "O_ORDERDATE"], ascending=[False, True])

        <Profiling data>:
                               Function  GPU calls  CPU calls
0             DataFrame.groupby          2          0
1  DataFrameGroupBy.__getitem__          2          0
2                   GroupBy.sum          2          0
3           NDFrame.__getattr__          1          0
4               OpsMixin.__gt__          1          0
5         DataFrame.__getitem__          1          0
6               DataFrame.merge          2          0
7         DataFrame.sort_values          1          0
        <Execution time>: 101.0
        <Active Vars>: ['total']
        <Future Vars>: []
        <Rewritten Code>:
        ### cell 3 ###

# cell 3 – optimized for cuDF
gb1 = lineitem.groupby(
    "L_ORDERKEY", as_index=False, sort=False
)["L_QUANTITY"].sum()
# filter orders whose total quantity > 300
gfb = gbd1 = gbd1 = gbd1 = gbd1 = gbd1 = gbd1 = gbd1 = gbd1 = gbd1 = gbd1 = gbd1 = gbd1gb1[gb1.L_QUANTITY > 300]
# join once with orders and once with customer, then sort
total = (
    gfb
    .merge(orders, left_on="L_ORDERKEY", right_on="O_ORDERKEY")
    .merge(customer, left_on="O_CUSTKEY", right_on="C_CUSTKEY")
    .sort_values(["O_TOTALPRICE", "O_ORDERDATE"], ascending=[False, True])
)
        <Profiling data>:
                                Function  GPU calls  CPU calls
0            DataFrame.set_index          1          0
1          DataFrame.__getitem__          5          0
2              DataFrame.groupby          1          0
3   DataFrameGroupBy.__getitem__          1          0
4                    GroupBy.sum          1          0
5            NDFrame.__getattr__          1          0
6                OpsMixin.__gt__          1          0
7                DataFrame.merge          1          0
8                     Series.map          1          0
9          DataFrame.__setitem__          1          0
10              DataFrame.rename          1          0
11         DataFrame.sort_values          1          0
        <Execution time>: inf
        <Execution output>: The rewritten code resulted in a runtime error. Execution failed in cell %%RecordEvent
%%time
### cell 3 ###

# cell 3 – optimized for cuDF
gb1 = lineitem.groupby(
    "L_ORDERKEY", as_index=False, sort=False
)["L_QUANTITY"].sum()
# filter orders whose total quantity > 300
gfb = gbd1 = gbd1 = gbd1 = gbd1 = gbd1 = gbd1 = gbd1 = gbd1 = gbd1 = gbd1 = gbd1 = gbd1gb1[gb1.L_QUANTITY > 300]
# join once with orders and once with customer, then sort
total = (
    gfb
    .merge(orders, left_on="L_ORDERKEY", right_on="O_ORDERKEY")
    .merge(customer, left_on="O_CUSTKEY", right_on="C_CUSTKEY")
    .sort_values(["O_TOTALPRICE", "O_ORDERDATE"], ascending=[False, True])
): name 'gbd1gb1' is not defined
        <Iteration>: 4/5

Repairing the last generated code
Code: ### cell 3 – optimized for cuDF

gb1 = lineitem.groupby(
    "L_ORDERKEY", as_index=False, sort=False
)["L_QUANTITY"].sum()
# filter orders whose total quantity > 300
# fixed the variable assignment here
gfb = gb1[gb1.L_QUANTITY > 300]
# join once with orders and once with customer, then sort
total = (
    gfb
    .merge(orders, left_on="L_ORDERKEY", right_on="O_ORDERKEY")
    .merge(customer, left_on="O_CUSTKEY", right_on="C_CUSTKEY")
    .sort_values(["O_TOTALPRICE", "O_ORDERDATE"], ascending=[False, True])
)
Reason: Replaced the malformed assignment to `gfb` with a correct boolean filter on `gb1` (`gfb = gb1[gb1.L_QUANTITY > 300]`), fixing the undefined name error while preserving the intended logic and cuDF optimizations.
Parsed response: ### cell 3 – optimized for cuDF

gb1 = lineitem.groupby(
    "L_ORDERKEY", as_index=False, sort=False
)["L_QUANTITY"].sum()
# filter orders whose total quantity > 300
# fixed the variable assignment here
gfb = gb1[gb1.L_QUANTITY > 300]
# join once with orders and once with customer, then sort
total = (
    gfb
    .merge(orders, left_on="L_ORDERKEY", right_on="O_ORDERKEY")
    .merge(customer, left_on="O_CUSTKEY", right_on="C_CUSTKEY")
    .sort_values(["O_TOTALPRICE", "O_ORDERDATE"], ascending=[False, True])
)
Try 3: calling rewrite agent for cell 3 took 62.430686473846436 seconds.
Executing rewritten code... ### cell 3 ###

### cell 3 – optimized for cuDF

gb1 = lineitem.groupby(
    "L_ORDERKEY", as_index=False, sort=False
)["L_QUANTITY"].sum()
# filter orders whose total quantity > 300
# fixed the variable assignment here
gfb = gb1[gb1.L_QUANTITY > 300]
# join once with orders and once with customer, then sort
total = (
    gfb
    .merge(orders, left_on="L_ORDERKEY", right_on="O_ORDERKEY")
    .merge(customer, left_on="O_CUSTKEY", right_on="C_CUSTKEY")
    .sort_values(["O_TOTALPRICE", "O_ORDERDATE"], ascending=[False, True])
)
HAHA rewritten pre-checkpoint path:  /home/dias-benchmarks/tpch/notebooks/q18/annotated/checkpoints/pre_cell_3.pickle
Running rewritten cell notebook
Finished executing the rewritten code.
Try 3: executing the rewritten code for cell 3 took 32.00206398963928 seconds.
Rewritten time: 107.0 ms
Checkpointing the rewritten cell for small notebook...
The rewritten code is correct. Profiling cudf...
HAHA small rewritten pre-checkpoint path:  /home/dias-benchmarks/tpch/notebooks/q18/q18_rewrite/checkpoints/pre_cell_3.pickle
Try 3: cudf profiling the rewritten code for cell 3 took 9.493088722229004 seconds.
gpu_calls_orig_perc: 1.0, gpu_calls_opt_perc: 1.0
orig_time: 91.9, opt_time: 107.0
Ratio improves.
Improvement in percentage does not make up for the slowdown.
Rewritten code took 107.0ms. The previous fastest solution took 101.0ms.
Previous best solution num GPU and CPU calls:  13 0
New solution num GPU and CPU calls:  9 0
========================================================
Rewriting cell 3... Try 4...
Manager agent prompt:
        <Original Code>:
        ### cell 3 ###



gb1 = lineitem.groupby("L_ORDERKEY", as_index=False, sort=False)["L_QUANTITY"].sum()
fgb1 = gb1[gb1.L_QUANTITY > 300]
jn1 = fgb1.merge(orders, left_on="L_ORDERKEY", right_on="O_ORDERKEY")
jn2 = jn1.merge(customer, left_on="O_CUSTKEY", right_on="C_CUSTKEY")
gb2 = jn2.groupby(
    ["C_NAME", "C_CUSTKEY", "O_ORDERKEY", "O_ORDERDATE", "O_TOTALPRICE"],
    as_index=False,
    sort=False,
)["L_QUANTITY"].sum()
total = gb2.sort_values(["O_TOTALPRICE", "O_ORDERDATE"], ascending=[False, True])

        <Profiling data>:
                               Function  GPU calls  CPU calls
0             DataFrame.groupby          2          0
1  DataFrameGroupBy.__getitem__          2          0
2                   GroupBy.sum          2          0
3           NDFrame.__getattr__          1          0
4               OpsMixin.__gt__          1          0
5         DataFrame.__getitem__          1          0
6               DataFrame.merge          2          0
7         DataFrame.sort_values          1          0
        <Execution time>: 101.0
        <Active Vars>: ['total']
        <Future Vars>: []
        <Rewritten Code>:
        ### cell 3 ###

### cell 3 – optimized for cuDF

gb1 = lineitem.groupby(
    "L_ORDERKEY", as_index=False, sort=False
)["L_QUANTITY"].sum()
# filter orders whose total quantity > 300
# fixed the variable assignment here
gfb = gb1[gb1.L_QUANTITY > 300]
# join once with orders and once with customer, then sort
total = (
    gfb
    .merge(orders, left_on="L_ORDERKEY", right_on="O_ORDERKEY")
    .merge(customer, left_on="O_CUSTKEY", right_on="C_CUSTKEY")
    .sort_values(["O_TOTALPRICE", "O_ORDERDATE"], ascending=[False, True])
)
        <Profiling data>:
                               Function  GPU calls  CPU calls
0             DataFrame.groupby          1          0
1  DataFrameGroupBy.__getitem__          1          0
2                   GroupBy.sum          1          0
3           NDFrame.__getattr__          1          0
4               OpsMixin.__gt__          1          0
5         DataFrame.__getitem__          1          0
6               DataFrame.merge          2          0
7         DataFrame.sort_values          1          0
        <Execution time>: 107.0
        <Execution output>: Rewritten time: 107.0 ms
Original time: 101.0 ms
        <Iteration>: 5/5

==========Running the manager agent to decide the next step==========
Choice: done
Reason: The rewritten code has already been optimized for cuDF, and there are no more iterations left. The execution time difference is minimal and acceptable.
Code is already optimized
Try 4: calling rewrite agent for cell 3 took 2.000178337097168 seconds.
========================================================
After rewriting cell  3
Rewritten pre-checkpoint path: /home/dias-benchmarks/tpch/notebooks/q18/rewritten/o4_mini_high/checkpoints/post_cell_3_try_0.pickle
Pre-checkpoint path: /home/dias-benchmarks/tpch/notebooks/q18/annotated/checkpoints/post_cell_3.pickle
========================================================
Cell 3 rewriting took 509.6920347213745 seconds.
Getting original timing for cell 4
HAHA original checkpoint path:  /home/dias-benchmarks/tpch/notebooks/q18/annotated/checkpoints/post_cell_3.pickle
Setting initially best_rewritten_post_checkpoint_path:  /home/dias-benchmarks/tpch/notebooks/q18/annotated/checkpoints/post_cell_4.pickle
Setting initially best_small_rewritten_post_checkpoint_path:  /home/dias-benchmarks/tpch/notebooks/q18/q18_rewrite/checkpoints/pre_cell_5.pickle
========================================================
Rewriting cell 4... Try 0...
Manager agent prompt:
        <Original Code>:
        ### cell 4 ###

total.info()
        <Profiling data>:
                 Function  GPU calls  CPU calls
0  DataFrame.info          1          0

        <Execution time>: 20.8
        <Active vars>: []

        <Future vars>: []

        <Iteration>: 1/5

==========Running the manager agent to decide the next step==========
Choice: done
Reason: The code is only using `DataFrame.info()`, which is meant for debugging and overview purposes, and cannot be meaningfully optimized.
Code is already optimized
Try 0: calling rewrite agent for cell 4 took 1.5675523281097412 seconds.
There is no need to rewrite the cell.
Could not rewrite the cell. Continuing to next cell...
========================================================
After rewriting cell  4
Rewritten pre-checkpoint path: /home/dias-benchmarks/tpch/notebooks/q18/annotated/checkpoints/post_cell_4.pickle
Pre-checkpoint path: /home/dias-benchmarks/tpch/notebooks/q18/annotated/checkpoints/post_cell_4.pickle
========================================================
Cell 4 rewriting took 40.01667046546936 seconds.
Rewrote notebook in 575.5835511684418 seconds
