Annotated notebook saved to /home/dias-benchmarks/tpch/notebooks/q19/cell_exec_info.ipynb
Executing code: import sys, os
sys.path.insert(0, os.path.abspath('/home/ElasticNotebook'))
%load_ext ElasticNotebook
from elastic.core.common.pandas import compare_df
import pickle
import cudf
Executing code: %%RecordEventWithColumnInfo
# %load_ext cudf.pandas
import sys, os
tpch_parent = os.path.abspath(os.path.join(os.getcwd(), ".."))
sys.path.insert(0, tpch_parent)
#from tpch import load_lineitem, load_part, q19
import pandas as pd
DATA_ROOT = "/home/dias-benchmarks/tpch/data"
STORAGE_OPTS = {}


Executing code: %%RecordEventWithColumnInfo
### cell 0 ###

def load_lineitem(
    data_folder: str, **storage_options
) -> pd.DataFrame:
    data_path = data_folder + "/lineitem.tbl"
    # df = pd.read_parquet(
    #     data_path,  storage_options=storage_options
    # )
    df = pd.read_csv(data_path, sep="|")
    return df
lineitem = load_lineitem(DATA_ROOT, **STORAGE_OPTS)

Executing code: %%RecordEventWithColumnInfo
### cell 1 ###

def load_part(
    data_folder: str, **storage_options
) -> pd.DataFrame:
    data_path = data_folder + "/part.tbl"
    # df = pd.read_parquet(
    #     data_path,  storage_options=storage_options
    # )
    df = pd.read_csv(data_path, sep="|")
    return df
part = load_part(DATA_ROOT, **STORAGE_OPTS)
Executing code: %%RecordEventWithColumnInfo
### cell 2 ###


Brand31 = "Brand#31"
Brand43 = "Brand#43"
SMBOX = "SM BOX"
SMCASE = "SM CASE"
SMPACK = "SM PACK"
SMPKG = "SM PKG"
MEDBAG = "MED BAG"
MEDBOX = "MED BOX"
MEDPACK = "MED PACK"
MEDPKG = "MED PKG"
LGBOX = "LG BOX"
LGCASE = "LG CASE"
LGPACK = "LG PACK"
LGPKG = "LG PKG"
DELIVERINPERSON = "DELIVER IN PERSON"
AIR = "AIR"
AIRREG = "AIRREG"
lsel = (
    (
        ((lineitem.L_QUANTITY <= 36) & (lineitem.L_QUANTITY >= 26))
        | ((lineitem.L_QUANTITY <= 25) & (lineitem.L_QUANTITY >= 15))
        | ((lineitem.L_QUANTITY <= 14) & (lineitem.L_QUANTITY >= 4))
    )
    & (lineitem.L_SHIPINSTRUCT == DELIVERINPERSON)
    & ((lineitem.L_SHIPMODE == AIR) | (lineitem.L_SHIPMODE == AIRREG))
)
psel = (part.P_SIZE >= 1) & (
    (
        (part.P_SIZE <= 5)
        & (part.P_BRAND == Brand31)
        & (
            (part.P_CONTAINER == SMBOX)
            | (part.P_CONTAINER == SMCASE)
            | (part.P_CONTAINER == SMPACK)
            | (part.P_CONTAINER == SMPKG)
        )
    )
    | (
        (part.P_SIZE <= 10)
        & (part.P_BRAND == Brand43)
        & (
            (part.P_CONTAINER == MEDBAG)
            | (part.P_CONTAINER == MEDBOX)
            | (part.P_CONTAINER == MEDPACK)
            | (part.P_CONTAINER == MEDPKG)
        )
    )
    | (
        (part.P_SIZE <= 15)
        & (part.P_BRAND == Brand43)
        & (
            (part.P_CONTAINER == LGBOX)
            | (part.P_CONTAINER == LGCASE)
            | (part.P_CONTAINER == LGPACK)
            | (part.P_CONTAINER == LGPKG)
        )
    )
)
flineitem = lineitem[lsel]
fpart = part[psel]
jn = flineitem.merge(fpart, left_on="L_PARTKEY", right_on="P_PARTKEY")
jnsel = (
    (jn.P_BRAND == Brand31)
    & (
        (jn.P_CONTAINER == SMBOX)
        | (jn.P_CONTAINER == SMCASE)
        | (jn.P_CONTAINER == SMPACK)
        | (jn.P_CONTAINER == SMPKG)
    )
    & (jn.L_QUANTITY >= 4)
    & (jn.L_QUANTITY <= 14)
    & (jn.P_SIZE <= 5)
    | (jn.P_BRAND == Brand43)
    & (
        (jn.P_CONTAINER == MEDBAG)
        | (jn.P_CONTAINER == MEDBOX)
        | (jn.P_CONTAINER == MEDPACK)
        | (jn.P_CONTAINER == MEDPKG)
    )
    & (jn.L_QUANTITY >= 15)
    & (jn.L_QUANTITY <= 25)
    & (jn.P_SIZE <= 10)
    | (jn.P_BRAND == Brand43)
    & (
        (jn.P_CONTAINER == LGBOX)
        | (jn.P_CONTAINER == LGCASE)
        | (jn.P_CONTAINER == LGPACK)
        | (jn.P_CONTAINER == LGPKG)
    )
    & (jn.L_QUANTITY >= 26)
    & (jn.L_QUANTITY <= 36)
    & (jn.P_SIZE <= 15)
)
jn = jn[jnsel]
total = (jn.L_EXTENDEDPRICE * (1.0 - jn.L_DISCOUNT)).sum()

Executing code: %%RecordEventWithColumnInfo
### cell 3 ###

total = total + 1
Executing code: %PrintCellInfo cell_exec_info
Executing code: %reset -f
Executing code: %reload_ext ElasticNotebook
Ran small notebook to get cell exec info in 65.54092288017273 seconds
Getting cudf profile information...
Annotated notebook saved to /home/dias-benchmarks/tpch/notebooks/q19/cudf_profile.ipynb
Done getting cudf profile information.
Ran small notebook to get cudf profile info in 52.766754388809204 seconds
Annotated notebook saved to /home/dias-benchmarks/tpch/notebooks/q19/annotated.ipynb
Executing code: %reset -f
Executing code: %reload_ext ElasticNotebook
Executing code: %load_ext cudf.pandas
Executing code: import sys, os
sys.path.insert(0, os.path.abspath('/home/ElasticNotebook'))
%load_ext ElasticNotebook
from elastic.core.common.pandas import compare_df
import pickle
import cudf
Executing code: %%RecordEvent
# %load_ext cudf.pandas
import sys, os
tpch_parent = os.path.abspath(os.path.join(os.getcwd(), ".."))
sys.path.insert(0, tpch_parent)
#from tpch import load_lineitem, load_part, q19
import pandas as pd
DATA_ROOT = "/home/dias-benchmarks/tpch/data"
STORAGE_OPTS = {}


Executing code: %%RecordEvent
%%time
### cell 0 ###

def load_lineitem(
    data_folder: str, **storage_options
) -> pd.DataFrame:
    data_path = data_folder + "/lineitem.tbl"
    # df = pd.read_parquet(
    #     data_path,  storage_options=storage_options
    # )
    df = pd.read_csv(data_path, sep="|")
    return df
lineitem = load_lineitem(DATA_ROOT, **STORAGE_OPTS)

Executing code: %%RecordEvent
%%time
### cell 1 ###

def load_part(
    data_folder: str, **storage_options
) -> pd.DataFrame:
    data_path = data_folder + "/part.tbl"
    # df = pd.read_parquet(
    #     data_path,  storage_options=storage_options
    # )
    df = pd.read_csv(data_path, sep="|")
    return df
part = load_part(DATA_ROOT, **STORAGE_OPTS)
Executing code: %Checkpoint /home/dias-benchmarks/tpch/notebooks/q19/annotated/checkpoints/pre_cell_2.pickle
Checkpointing took 0.0008959770202636719 seconds.
========================================================
Cell  2
Rewritten pre-checkpoint path: /home/dias-benchmarks/tpch/notebooks/q19/annotated/checkpoints/pre_cell_2.pickle
Pre-checkpoint path: /home/dias-benchmarks/tpch/notebooks/q19/annotated/checkpoints/pre_cell_2.pickle
Small rewritten pre-checkpoint path: /home/dias-benchmarks/tpch/notebooks/q19/q19_rewrite/checkpoints/pre_cell_2.pickle
========================================================
Getting original timing for cell 2
HAHA original checkpoint path:  /home/dias-benchmarks/tpch/notebooks/q19/annotated/checkpoints/pre_cell_2.pickle
Setting initially best_rewritten_post_checkpoint_path:  /home/dias-benchmarks/tpch/notebooks/q19/annotated/checkpoints/post_cell_2.pickle
Setting initially best_small_rewritten_post_checkpoint_path:  /home/dias-benchmarks/tpch/notebooks/q19/q19_rewrite/checkpoints/pre_cell_3.pickle
========================================================
Rewriting cell 2... Try 0...
Manager agent prompt:
        <Original Code>:
        ### cell 2 ###


Brand31 = "Brand#31"
Brand43 = "Brand#43"
SMBOX = "SM BOX"
SMCASE = "SM CASE"
SMPACK = "SM PACK"
SMPKG = "SM PKG"
MEDBAG = "MED BAG"
MEDBOX = "MED BOX"
MEDPACK = "MED PACK"
MEDPKG = "MED PKG"
LGBOX = "LG BOX"
LGCASE = "LG CASE"
LGPACK = "LG PACK"
LGPKG = "LG PKG"
DELIVERINPERSON = "DELIVER IN PERSON"
AIR = "AIR"
AIRREG = "AIRREG"
lsel = (
    (
        ((lineitem.L_QUANTITY <= 36) & (lineitem.L_QUANTITY >= 26))
        | ((lineitem.L_QUANTITY <= 25) & (lineitem.L_QUANTITY >= 15))
        | ((lineitem.L_QUANTITY <= 14) & (lineitem.L_QUANTITY >= 4))
    )
    & (lineitem.L_SHIPINSTRUCT == DELIVERINPERSON)
    & ((lineitem.L_SHIPMODE == AIR) | (lineitem.L_SHIPMODE == AIRREG))
)
psel = (part.P_SIZE >= 1) & (
    (
        (part.P_SIZE <= 5)
        & (part.P_BRAND == Brand31)
        & (
            (part.P_CONTAINER == SMBOX)
            | (part.P_CONTAINER == SMCASE)
            | (part.P_CONTAINER == SMPACK)
            | (part.P_CONTAINER == SMPKG)
        )
    )
    | (
        (part.P_SIZE <= 10)
        & (part.P_BRAND == Brand43)
        & (
            (part.P_CONTAINER == MEDBAG)
            | (part.P_CONTAINER == MEDBOX)
            | (part.P_CONTAINER == MEDPACK)
            | (part.P_CONTAINER == MEDPKG)
        )
    )
    | (
        (part.P_SIZE <= 15)
        & (part.P_BRAND == Brand43)
        & (
            (part.P_CONTAINER == LGBOX)
            | (part.P_CONTAINER == LGCASE)
            | (part.P_CONTAINER == LGPACK)
            | (part.P_CONTAINER == LGPKG)
        )
    )
)
flineitem = lineitem[lsel]
fpart = part[psel]
jn = flineitem.merge(fpart, left_on="L_PARTKEY", right_on="P_PARTKEY")
jnsel = (
    (jn.P_BRAND == Brand31)
    & (
        (jn.P_CONTAINER == SMBOX)
        | (jn.P_CONTAINER == SMCASE)
        | (jn.P_CONTAINER == SMPACK)
        | (jn.P_CONTAINER == SMPKG)
    )
    & (jn.L_QUANTITY >= 4)
    & (jn.L_QUANTITY <= 14)
    & (jn.P_SIZE <= 5)
    | (jn.P_BRAND == Brand43)
    & (
        (jn.P_CONTAINER == MEDBAG)
        | (jn.P_CONTAINER == MEDBOX)
        | (jn.P_CONTAINER == MEDPACK)
        | (jn.P_CONTAINER == MEDPKG)
    )
    & (jn.L_QUANTITY >= 15)
    & (jn.L_QUANTITY <= 25)
    & (jn.P_SIZE <= 10)
    | (jn.P_BRAND == Brand43)
    & (
        (jn.P_CONTAINER == LGBOX)
        | (jn.P_CONTAINER == LGCASE)
        | (jn.P_CONTAINER == LGPACK)
        | (jn.P_CONTAINER == LGPKG)
    )
    & (jn.L_QUANTITY >= 26)
    & (jn.L_QUANTITY <= 36)
    & (jn.P_SIZE <= 15)
)
jn = jn[jnsel]
total = (jn.L_EXTENDEDPRICE * (1.0 - jn.L_DISCOUNT)).sum()

        <Profiling data>:
                         Function  GPU calls  CPU calls
0     NDFrame.__getattr__         54          0
1         OpsMixin.__le__         12          0
2         OpsMixin.__ge__          7          0
3        OpsMixin.__and__         24          0
4         OpsMixin.__or__         25          0
5         OpsMixin.__eq__         33          0
6   DataFrame.__getitem__          3          0
7         DataFrame.merge          1          0
8       OpsMixin.__rsub__          1          0
9        OpsMixin.__mul__          1          0
10             Series.sum          1          0

        <Execution time>: 143.0
        <Active vars>: ['total']

        <Future vars>: []

        <Iteration>: 1/5

==========Running the manager agent to decide the next step==========
Choice: new
Reason: There are no alternatives or rewritten code provided. The execution time is relatively high, suggesting potential for optimization. Given the current iteration is 1/5, we should attempt to optimize the original code for better performance.
Generating new code from the original code
Prompt:
        <Original Code>:
        ### cell 2 ###


Brand31 = "Brand#31"
Brand43 = "Brand#43"
SMBOX = "SM BOX"
SMCASE = "SM CASE"
SMPACK = "SM PACK"
SMPKG = "SM PKG"
MEDBAG = "MED BAG"
MEDBOX = "MED BOX"
MEDPACK = "MED PACK"
MEDPKG = "MED PKG"
LGBOX = "LG BOX"
LGCASE = "LG CASE"
LGPACK = "LG PACK"
LGPKG = "LG PKG"
DELIVERINPERSON = "DELIVER IN PERSON"
AIR = "AIR"
AIRREG = "AIRREG"
lsel = (
    (
        ((lineitem.L_QUANTITY <= 36) & (lineitem.L_QUANTITY >= 26))
        | ((lineitem.L_QUANTITY <= 25) & (lineitem.L_QUANTITY >= 15))
        | ((lineitem.L_QUANTITY <= 14) & (lineitem.L_QUANTITY >= 4))
    )
    & (lineitem.L_SHIPINSTRUCT == DELIVERINPERSON)
    & ((lineitem.L_SHIPMODE == AIR) | (lineitem.L_SHIPMODE == AIRREG))
)
psel = (part.P_SIZE >= 1) & (
    (
        (part.P_SIZE <= 5)
        & (part.P_BRAND == Brand31)
        & (
            (part.P_CONTAINER == SMBOX)
            | (part.P_CONTAINER == SMCASE)
            | (part.P_CONTAINER == SMPACK)
            | (part.P_CONTAINER == SMPKG)
        )
    )
    | (
        (part.P_SIZE <= 10)
        & (part.P_BRAND == Brand43)
        & (
            (part.P_CONTAINER == MEDBAG)
            | (part.P_CONTAINER == MEDBOX)
            | (part.P_CONTAINER == MEDPACK)
            | (part.P_CONTAINER == MEDPKG)
        )
    )
    | (
        (part.P_SIZE <= 15)
        & (part.P_BRAND == Brand43)
        & (
            (part.P_CONTAINER == LGBOX)
            | (part.P_CONTAINER == LGCASE)
            | (part.P_CONTAINER == LGPACK)
            | (part.P_CONTAINER == LGPKG)
        )
    )
)
flineitem = lineitem[lsel]
fpart = part[psel]
jn = flineitem.merge(fpart, left_on="L_PARTKEY", right_on="P_PARTKEY")
jnsel = (
    (jn.P_BRAND == Brand31)
    & (
        (jn.P_CONTAINER == SMBOX)
        | (jn.P_CONTAINER == SMCASE)
        | (jn.P_CONTAINER == SMPACK)
        | (jn.P_CONTAINER == SMPKG)
    )
    & (jn.L_QUANTITY >= 4)
    & (jn.L_QUANTITY <= 14)
    & (jn.P_SIZE <= 5)
    | (jn.P_BRAND == Brand43)
    & (
        (jn.P_CONTAINER == MEDBAG)
        | (jn.P_CONTAINER == MEDBOX)
        | (jn.P_CONTAINER == MEDPACK)
        | (jn.P_CONTAINER == MEDPKG)
    )
    & (jn.L_QUANTITY >= 15)
    & (jn.L_QUANTITY <= 25)
    & (jn.P_SIZE <= 10)
    | (jn.P_BRAND == Brand43)
    & (
        (jn.P_CONTAINER == LGBOX)
        | (jn.P_CONTAINER == LGCASE)
        | (jn.P_CONTAINER == LGPACK)
        | (jn.P_CONTAINER == LGPKG)
    )
    & (jn.L_QUANTITY >= 26)
    & (jn.L_QUANTITY <= 36)
    & (jn.P_SIZE <= 15)
)
jn = jn[jnsel]
total = (jn.L_EXTENDEDPRICE * (1.0 - jn.L_DISCOUNT)).sum()

        <Profiling data>:
                         Function  GPU calls  CPU calls
0     NDFrame.__getattr__         54          0
1         OpsMixin.__le__         12          0
2         OpsMixin.__ge__          7          0
3        OpsMixin.__and__         24          0
4         OpsMixin.__or__         25          0
5         OpsMixin.__eq__         33          0
6   DataFrame.__getitem__          3          0
7         DataFrame.merge          1          0
8       OpsMixin.__rsub__          1          0
9        OpsMixin.__mul__          1          0
10             Series.sum          1          0

        <Execution time>: 143.0
        <Active vars>: ['total']

        <Future vars>: []

        <Iteration>: 1/5

Code: # Define container and ship mode lists
SM_SMALL = [SMBOX, SMCASE, SMPACK, SMPKG]
MED_CONTAINER = [MEDBAG, MEDBOX, MEDPACK, MEDPKG]
LG_CONTAINER = [LGBOX, LGCASE, LGPACK, LGPKG]
SHIPMODES = [AIR, AIRREG]

# Filter lineitem with vectorized between and isin
li_qty = (
    lineitem.L_QUANTITY.between(4, 14)
    | lineitem.L_QUANTITY.between(15, 25)
    | lineitem.L_QUANTITY.between(26, 36)
)
li_ship = (lineitem.L_SHIPINSTRUCT == DELIVERINPERSON) & lineitem.L_SHIPMODE.isin(SHIPMODES)
flineitem = lineitem[li_qty & li_ship]

# Filter part using isin and between
small_cond = (
    (part.P_BRAND == Brand31)
    & part.P_CONTAINER.isin(SM_SMALL)
    & part.P_SIZE.between(1, 5)
)
med_cond = (
    (part.P_BRAND == Brand43)
    & part.P_CONTAINER.isin(MED_CONTAINER)
    & part.P_SIZE.between(1, 10)
)
lg_cond = (
    (part.P_BRAND == Brand43)
    & part.P_CONTAINER.isin(LG_CONTAINER)
    & part.P_SIZE.between(1, 15)
)
fpart = part[small_cond | med_cond | lg_cond]

# Join and apply final filtering
jn = flineitem.merge(fpart, left_on="L_PARTKEY", right_on="P_PARTKEY")

cond1 = (
    (jn.P_BRAND == Brand31)
    & jn.P_CONTAINER.isin(SM_SMALL)
    & jn.L_QUANTITY.between(4, 14)
    & jn.P_SIZE.le(5)
)
cond2 = (
    (jn.P_BRAND == Brand43)
    & jn.P_CONTAINER.isin(MED_CONTAINER)
    & jn.L_QUANTITY.between(15, 25)
    & jn.P_SIZE.le(10)
)
cond3 = (
    (jn.P_BRAND == Brand43)
    & jn.P_CONTAINER.isin(LG_CONTAINER)
    & jn.L_QUANTITY.between(26, 36)
    & jn.P_SIZE.le(15)
)
jn = jn[cond1 | cond2 | cond3]

# Compute total
total = (jn.L_EXTENDEDPRICE * (1.0 - jn.L_DISCOUNT)).sum()
Reason: Replaced repeated comparisons with vectorized `between` and `isin` calls to reduce the number of GPU operations. Consolidated container and ship mode checks into list-based `isin`, eliminated redundant size bounds, and simplified boolean logic for better cudf execution.
Parsed response: # Define container and ship mode lists
SM_SMALL = [SMBOX, SMCASE, SMPACK, SMPKG]
MED_CONTAINER = [MEDBAG, MEDBOX, MEDPACK, MEDPKG]
LG_CONTAINER = [LGBOX, LGCASE, LGPACK, LGPKG]
SHIPMODES = [AIR, AIRREG]

# Filter lineitem with vectorized between and isin
li_qty = (
    lineitem.L_QUANTITY.between(4, 14)
    | lineitem.L_QUANTITY.between(15, 25)
    | lineitem.L_QUANTITY.between(26, 36)
)
li_ship = (lineitem.L_SHIPINSTRUCT == DELIVERINPERSON) & lineitem.L_SHIPMODE.isin(SHIPMODES)
flineitem = lineitem[li_qty & li_ship]

# Filter part using isin and between
small_cond = (
    (part.P_BRAND == Brand31)
    & part.P_CONTAINER.isin(SM_SMALL)
    & part.P_SIZE.between(1, 5)
)
med_cond = (
    (part.P_BRAND == Brand43)
    & part.P_CONTAINER.isin(MED_CONTAINER)
    & part.P_SIZE.between(1, 10)
)
lg_cond = (
    (part.P_BRAND == Brand43)
    & part.P_CONTAINER.isin(LG_CONTAINER)
    & part.P_SIZE.between(1, 15)
)
fpart = part[small_cond | med_cond | lg_cond]

# Join and apply final filtering
jn = flineitem.merge(fpart, left_on="L_PARTKEY", right_on="P_PARTKEY")

cond1 = (
    (jn.P_BRAND == Brand31)
    & jn.P_CONTAINER.isin(SM_SMALL)
    & jn.L_QUANTITY.between(4, 14)
    & jn.P_SIZE.le(5)
)
cond2 = (
    (jn.P_BRAND == Brand43)
    & jn.P_CONTAINER.isin(MED_CONTAINER)
    & jn.L_QUANTITY.between(15, 25)
    & jn.P_SIZE.le(10)
)
cond3 = (
    (jn.P_BRAND == Brand43)
    & jn.P_CONTAINER.isin(LG_CONTAINER)
    & jn.L_QUANTITY.between(26, 36)
    & jn.P_SIZE.le(15)
)
jn = jn[cond1 | cond2 | cond3]

# Compute total
total = (jn.L_EXTENDEDPRICE * (1.0 - jn.L_DISCOUNT)).sum()
Try 0: calling rewrite agent for cell 2 took 38.05666971206665 seconds.
Executing rewritten code... ### cell 2 ###

# Define container and ship mode lists
SM_SMALL = [SMBOX, SMCASE, SMPACK, SMPKG]
MED_CONTAINER = [MEDBAG, MEDBOX, MEDPACK, MEDPKG]
LG_CONTAINER = [LGBOX, LGCASE, LGPACK, LGPKG]
SHIPMODES = [AIR, AIRREG]

# Filter lineitem with vectorized between and isin
li_qty = (
    lineitem.L_QUANTITY.between(4, 14)
    | lineitem.L_QUANTITY.between(15, 25)
    | lineitem.L_QUANTITY.between(26, 36)
)
li_ship = (lineitem.L_SHIPINSTRUCT == DELIVERINPERSON) & lineitem.L_SHIPMODE.isin(SHIPMODES)
flineitem = lineitem[li_qty & li_ship]

# Filter part using isin and between
small_cond = (
    (part.P_BRAND == Brand31)
    & part.P_CONTAINER.isin(SM_SMALL)
    & part.P_SIZE.between(1, 5)
)
med_cond = (
    (part.P_BRAND == Brand43)
    & part.P_CONTAINER.isin(MED_CONTAINER)
    & part.P_SIZE.between(1, 10)
)
lg_cond = (
    (part.P_BRAND == Brand43)
    & part.P_CONTAINER.isin(LG_CONTAINER)
    & part.P_SIZE.between(1, 15)
)
fpart = part[small_cond | med_cond | lg_cond]

# Join and apply final filtering
jn = flineitem.merge(fpart, left_on="L_PARTKEY", right_on="P_PARTKEY")

cond1 = (
    (jn.P_BRAND == Brand31)
    & jn.P_CONTAINER.isin(SM_SMALL)
    & jn.L_QUANTITY.between(4, 14)
    & jn.P_SIZE.le(5)
)
cond2 = (
    (jn.P_BRAND == Brand43)
    & jn.P_CONTAINER.isin(MED_CONTAINER)
    & jn.L_QUANTITY.between(15, 25)
    & jn.P_SIZE.le(10)
)
cond3 = (
    (jn.P_BRAND == Brand43)
    & jn.P_CONTAINER.isin(LG_CONTAINER)
    & jn.L_QUANTITY.between(26, 36)
    & jn.P_SIZE.le(15)
)
jn = jn[cond1 | cond2 | cond3]

# Compute total
total = (jn.L_EXTENDEDPRICE * (1.0 - jn.L_DISCOUNT)).sum()
HAHA rewritten pre-checkpoint path:  /home/dias-benchmarks/tpch/notebooks/q19/annotated/checkpoints/pre_cell_2.pickle
Running rewritten cell notebook
An unexpected error occurred Execution failed in cell %%RecordEvent
%%time
### cell 2 ###

# Define container and ship mode lists
SM_SMALL = [SMBOX, SMCASE, SMPACK, SMPKG]
MED_CONTAINER = [MEDBAG, MEDBOX, MEDPACK, MEDPKG]
LG_CONTAINER = [LGBOX, LGCASE, LGPACK, LGPKG]
SHIPMODES = [AIR, AIRREG]

# Filter lineitem with vectorized between and isin
li_qty = (
    lineitem.L_QUANTITY.between(4, 14)
    | lineitem.L_QUANTITY.between(15, 25)
    | lineitem.L_QUANTITY.between(26, 36)
)
li_ship = (lineitem.L_SHIPINSTRUCT == DELIVERINPERSON) & lineitem.L_SHIPMODE.isin(SHIPMODES)
flineitem = lineitem[li_qty & li_ship]

# Filter part using isin and between
small_cond = (
    (part.P_BRAND == Brand31)
    & part.P_CONTAINER.isin(SM_SMALL)
    & part.P_SIZE.between(1, 5)
)
med_cond = (
    (part.P_BRAND == Brand43)
    & part.P_CONTAINER.isin(MED_CONTAINER)
    & part.P_SIZE.between(1, 10)
)
lg_cond = (
    (part.P_BRAND == Brand43)
    & part.P_CONTAINER.isin(LG_CONTAINER)
    & part.P_SIZE.between(1, 15)
)
fpart = part[small_cond | med_cond | lg_cond]

# Join and apply final filtering
jn = flineitem.merge(fpart, left_on="L_PARTKEY", right_on="P_PARTKEY")

cond1 = (
    (jn.P_BRAND == Brand31)
    & jn.P_CONTAINER.isin(SM_SMALL)
    & jn.L_QUANTITY.between(4, 14)
    & jn.P_SIZE.le(5)
)
cond2 = (
    (jn.P_BRAND == Brand43)
    & jn.P_CONTAINER.isin(MED_CONTAINER)
    & jn.L_QUANTITY.between(15, 25)
    & jn.P_SIZE.le(10)
)
cond3 = (
    (jn.P_BRAND == Brand43)
    & jn.P_CONTAINER.isin(LG_CONTAINER)
    & jn.L_QUANTITY.between(26, 36)
    & jn.P_SIZE.le(15)
)
jn = jn[cond1 | cond2 | cond3]

# Compute total
total = (jn.L_EXTENDEDPRICE * (1.0 - jn.L_DISCOUNT)).sum(): name 'SMBOX' is not defined
Rewritten time: inf ms
Checkpointing the rewritten cell for small notebook...
========================================================
Rewriting cell 2... Try 1...
Manager agent prompt:
        <Original Code>:
        ### cell 2 ###


Brand31 = "Brand#31"
Brand43 = "Brand#43"
SMBOX = "SM BOX"
SMCASE = "SM CASE"
SMPACK = "SM PACK"
SMPKG = "SM PKG"
MEDBAG = "MED BAG"
MEDBOX = "MED BOX"
MEDPACK = "MED PACK"
MEDPKG = "MED PKG"
LGBOX = "LG BOX"
LGCASE = "LG CASE"
LGPACK = "LG PACK"
LGPKG = "LG PKG"
DELIVERINPERSON = "DELIVER IN PERSON"
AIR = "AIR"
AIRREG = "AIRREG"
lsel = (
    (
        ((lineitem.L_QUANTITY <= 36) & (lineitem.L_QUANTITY >= 26))
        | ((lineitem.L_QUANTITY <= 25) & (lineitem.L_QUANTITY >= 15))
        | ((lineitem.L_QUANTITY <= 14) & (lineitem.L_QUANTITY >= 4))
    )
    & (lineitem.L_SHIPINSTRUCT == DELIVERINPERSON)
    & ((lineitem.L_SHIPMODE == AIR) | (lineitem.L_SHIPMODE == AIRREG))
)
psel = (part.P_SIZE >= 1) & (
    (
        (part.P_SIZE <= 5)
        & (part.P_BRAND == Brand31)
        & (
            (part.P_CONTAINER == SMBOX)
            | (part.P_CONTAINER == SMCASE)
            | (part.P_CONTAINER == SMPACK)
            | (part.P_CONTAINER == SMPKG)
        )
    )
    | (
        (part.P_SIZE <= 10)
        & (part.P_BRAND == Brand43)
        & (
            (part.P_CONTAINER == MEDBAG)
            | (part.P_CONTAINER == MEDBOX)
            | (part.P_CONTAINER == MEDPACK)
            | (part.P_CONTAINER == MEDPKG)
        )
    )
    | (
        (part.P_SIZE <= 15)
        & (part.P_BRAND == Brand43)
        & (
            (part.P_CONTAINER == LGBOX)
            | (part.P_CONTAINER == LGCASE)
            | (part.P_CONTAINER == LGPACK)
            | (part.P_CONTAINER == LGPKG)
        )
    )
)
flineitem = lineitem[lsel]
fpart = part[psel]
jn = flineitem.merge(fpart, left_on="L_PARTKEY", right_on="P_PARTKEY")
jnsel = (
    (jn.P_BRAND == Brand31)
    & (
        (jn.P_CONTAINER == SMBOX)
        | (jn.P_CONTAINER == SMCASE)
        | (jn.P_CONTAINER == SMPACK)
        | (jn.P_CONTAINER == SMPKG)
    )
    & (jn.L_QUANTITY >= 4)
    & (jn.L_QUANTITY <= 14)
    & (jn.P_SIZE <= 5)
    | (jn.P_BRAND == Brand43)
    & (
        (jn.P_CONTAINER == MEDBAG)
        | (jn.P_CONTAINER == MEDBOX)
        | (jn.P_CONTAINER == MEDPACK)
        | (jn.P_CONTAINER == MEDPKG)
    )
    & (jn.L_QUANTITY >= 15)
    & (jn.L_QUANTITY <= 25)
    & (jn.P_SIZE <= 10)
    | (jn.P_BRAND == Brand43)
    & (
        (jn.P_CONTAINER == LGBOX)
        | (jn.P_CONTAINER == LGCASE)
        | (jn.P_CONTAINER == LGPACK)
        | (jn.P_CONTAINER == LGPKG)
    )
    & (jn.L_QUANTITY >= 26)
    & (jn.L_QUANTITY <= 36)
    & (jn.P_SIZE <= 15)
)
jn = jn[jnsel]
total = (jn.L_EXTENDEDPRICE * (1.0 - jn.L_DISCOUNT)).sum()

        <Profiling data>:
                         Function  GPU calls  CPU calls
0     NDFrame.__getattr__         54          0
1         OpsMixin.__le__         12          0
2         OpsMixin.__ge__          7          0
3        OpsMixin.__and__         24          0
4         OpsMixin.__or__         25          0
5         OpsMixin.__eq__         33          0
6   DataFrame.__getitem__          3          0
7         DataFrame.merge          1          0
8       OpsMixin.__rsub__          1          0
9        OpsMixin.__mul__          1          0
10             Series.sum          1          0
        <Execution time>: 143.0
        <Active Vars>: ['total']
        <Future Vars>: []
        <Rewritten Code>:
        ### cell 2 ###

# Define container and ship mode lists
SM_SMALL = [SMBOX, SMCASE, SMPACK, SMPKG]
MED_CONTAINER = [MEDBAG, MEDBOX, MEDPACK, MEDPKG]
LG_CONTAINER = [LGBOX, LGCASE, LGPACK, LGPKG]
SHIPMODES = [AIR, AIRREG]

# Filter lineitem with vectorized between and isin
li_qty = (
    lineitem.L_QUANTITY.between(4, 14)
    | lineitem.L_QUANTITY.between(15, 25)
    | lineitem.L_QUANTITY.between(26, 36)
)
li_ship = (lineitem.L_SHIPINSTRUCT == DELIVERINPERSON) & lineitem.L_SHIPMODE.isin(SHIPMODES)
flineitem = lineitem[li_qty & li_ship]

# Filter part using isin and between
small_cond = (
    (part.P_BRAND == Brand31)
    & part.P_CONTAINER.isin(SM_SMALL)
    & part.P_SIZE.between(1, 5)
)
med_cond = (
    (part.P_BRAND == Brand43)
    & part.P_CONTAINER.isin(MED_CONTAINER)
    & part.P_SIZE.between(1, 10)
)
lg_cond = (
    (part.P_BRAND == Brand43)
    & part.P_CONTAINER.isin(LG_CONTAINER)
    & part.P_SIZE.between(1, 15)
)
fpart = part[small_cond | med_cond | lg_cond]

# Join and apply final filtering
jn = flineitem.merge(fpart, left_on="L_PARTKEY", right_on="P_PARTKEY")

cond1 = (
    (jn.P_BRAND == Brand31)
    & jn.P_CONTAINER.isin(SM_SMALL)
    & jn.L_QUANTITY.between(4, 14)
    & jn.P_SIZE.le(5)
)
cond2 = (
    (jn.P_BRAND == Brand43)
    & jn.P_CONTAINER.isin(MED_CONTAINER)
    & jn.L_QUANTITY.between(15, 25)
    & jn.P_SIZE.le(10)
)
cond3 = (
    (jn.P_BRAND == Brand43)
    & jn.P_CONTAINER.isin(LG_CONTAINER)
    & jn.L_QUANTITY.between(26, 36)
    & jn.P_SIZE.le(15)
)
jn = jn[cond1 | cond2 | cond3]

# Compute total
total = (jn.L_EXTENDEDPRICE * (1.0 - jn.L_DISCOUNT)).sum()
        <Profiling data>:
        None
        <Execution time>: inf
        <Execution output>: The rewritten code resulted in a runtime error. Execution failed in cell %%RecordEvent
%%time
### cell 2 ###

# Define container and ship mode lists
SM_SMALL = [SMBOX, SMCASE, SMPACK, SMPKG]
MED_CONTAINER = [MEDBAG, MEDBOX, MEDPACK, MEDPKG]
LG_CONTAINER = [LGBOX, LGCASE, LGPACK, LGPKG]
SHIPMODES = [AIR, AIRREG]

# Filter lineitem with vectorized between and isin
li_qty = (
    lineitem.L_QUANTITY.between(4, 14)
    | lineitem.L_QUANTITY.between(15, 25)
    | lineitem.L_QUANTITY.between(26, 36)
)
li_ship = (lineitem.L_SHIPINSTRUCT == DELIVERINPERSON) & lineitem.L_SHIPMODE.isin(SHIPMODES)
flineitem = lineitem[li_qty & li_ship]

# Filter part using isin and between
small_cond = (
    (part.P_BRAND == Brand31)
    & part.P_CONTAINER.isin(SM_SMALL)
    & part.P_SIZE.between(1, 5)
)
med_cond = (
    (part.P_BRAND == Brand43)
    & part.P_CONTAINER.isin(MED_CONTAINER)
    & part.P_SIZE.between(1, 10)
)
lg_cond = (
    (part.P_BRAND == Brand43)
    & part.P_CONTAINER.isin(LG_CONTAINER)
    & part.P_SIZE.between(1, 15)
)
fpart = part[small_cond | med_cond | lg_cond]

# Join and apply final filtering
jn = flineitem.merge(fpart, left_on="L_PARTKEY", right_on="P_PARTKEY")

cond1 = (
    (jn.P_BRAND == Brand31)
    & jn.P_CONTAINER.isin(SM_SMALL)
    & jn.L_QUANTITY.between(4, 14)
    & jn.P_SIZE.le(5)
)
cond2 = (
    (jn.P_BRAND == Brand43)
    & jn.P_CONTAINER.isin(MED_CONTAINER)
    & jn.L_QUANTITY.between(15, 25)
    & jn.P_SIZE.le(10)
)
cond3 = (
    (jn.P_BRAND == Brand43)
    & jn.P_CONTAINER.isin(LG_CONTAINER)
    & jn.L_QUANTITY.between(26, 36)
    & jn.P_SIZE.le(15)
)
jn = jn[cond1 | cond2 | cond3]

# Compute total
total = (jn.L_EXTENDEDPRICE * (1.0 - jn.L_DISCOUNT)).sum(): name 'SMBOX' is not defined
        <Iteration>: 2/5

==========Running the manager agent to decide the next step==========
Choice: repair
Reason: The rewritten code resulted in a runtime error due to undefined variables, which need to be corrected. Since we are in iteration 2 out of 5, we should try to repair it rather than starting over.
Code fixer prompt:
        <Original Code>:
        ### cell 2 ###


Brand31 = "Brand#31"
Brand43 = "Brand#43"
SMBOX = "SM BOX"
SMCASE = "SM CASE"
SMPACK = "SM PACK"
SMPKG = "SM PKG"
MEDBAG = "MED BAG"
MEDBOX = "MED BOX"
MEDPACK = "MED PACK"
MEDPKG = "MED PKG"
LGBOX = "LG BOX"
LGCASE = "LG CASE"
LGPACK = "LG PACK"
LGPKG = "LG PKG"
DELIVERINPERSON = "DELIVER IN PERSON"
AIR = "AIR"
AIRREG = "AIRREG"
lsel = (
    (
        ((lineitem.L_QUANTITY <= 36) & (lineitem.L_QUANTITY >= 26))
        | ((lineitem.L_QUANTITY <= 25) & (lineitem.L_QUANTITY >= 15))
        | ((lineitem.L_QUANTITY <= 14) & (lineitem.L_QUANTITY >= 4))
    )
    & (lineitem.L_SHIPINSTRUCT == DELIVERINPERSON)
    & ((lineitem.L_SHIPMODE == AIR) | (lineitem.L_SHIPMODE == AIRREG))
)
psel = (part.P_SIZE >= 1) & (
    (
        (part.P_SIZE <= 5)
        & (part.P_BRAND == Brand31)
        & (
            (part.P_CONTAINER == SMBOX)
            | (part.P_CONTAINER == SMCASE)
            | (part.P_CONTAINER == SMPACK)
            | (part.P_CONTAINER == SMPKG)
        )
    )
    | (
        (part.P_SIZE <= 10)
        & (part.P_BRAND == Brand43)
        & (
            (part.P_CONTAINER == MEDBAG)
            | (part.P_CONTAINER == MEDBOX)
            | (part.P_CONTAINER == MEDPACK)
            | (part.P_CONTAINER == MEDPKG)
        )
    )
    | (
        (part.P_SIZE <= 15)
        & (part.P_BRAND == Brand43)
        & (
            (part.P_CONTAINER == LGBOX)
            | (part.P_CONTAINER == LGCASE)
            | (part.P_CONTAINER == LGPACK)
            | (part.P_CONTAINER == LGPKG)
        )
    )
)
flineitem = lineitem[lsel]
fpart = part[psel]
jn = flineitem.merge(fpart, left_on="L_PARTKEY", right_on="P_PARTKEY")
jnsel = (
    (jn.P_BRAND == Brand31)
    & (
        (jn.P_CONTAINER == SMBOX)
        | (jn.P_CONTAINER == SMCASE)
        | (jn.P_CONTAINER == SMPACK)
        | (jn.P_CONTAINER == SMPKG)
    )
    & (jn.L_QUANTITY >= 4)
    & (jn.L_QUANTITY <= 14)
    & (jn.P_SIZE <= 5)
    | (jn.P_BRAND == Brand43)
    & (
        (jn.P_CONTAINER == MEDBAG)
        | (jn.P_CONTAINER == MEDBOX)
        | (jn.P_CONTAINER == MEDPACK)
        | (jn.P_CONTAINER == MEDPKG)
    )
    & (jn.L_QUANTITY >= 15)
    & (jn.L_QUANTITY <= 25)
    & (jn.P_SIZE <= 10)
    | (jn.P_BRAND == Brand43)
    & (
        (jn.P_CONTAINER == LGBOX)
        | (jn.P_CONTAINER == LGCASE)
        | (jn.P_CONTAINER == LGPACK)
        | (jn.P_CONTAINER == LGPKG)
    )
    & (jn.L_QUANTITY >= 26)
    & (jn.L_QUANTITY <= 36)
    & (jn.P_SIZE <= 15)
)
jn = jn[jnsel]
total = (jn.L_EXTENDEDPRICE * (1.0 - jn.L_DISCOUNT)).sum()

        <Profiling data>:
                         Function  GPU calls  CPU calls
0     NDFrame.__getattr__         54          0
1         OpsMixin.__le__         12          0
2         OpsMixin.__ge__          7          0
3        OpsMixin.__and__         24          0
4         OpsMixin.__or__         25          0
5         OpsMixin.__eq__         33          0
6   DataFrame.__getitem__          3          0
7         DataFrame.merge          1          0
8       OpsMixin.__rsub__          1          0
9        OpsMixin.__mul__          1          0
10             Series.sum          1          0
        <Execution time>: 143.0
        <Active Vars>: ['total']
        <Future Vars>: []
        <Rewritten Code>:
        ### cell 2 ###

# Define container and ship mode lists
SM_SMALL = [SMBOX, SMCASE, SMPACK, SMPKG]
MED_CONTAINER = [MEDBAG, MEDBOX, MEDPACK, MEDPKG]
LG_CONTAINER = [LGBOX, LGCASE, LGPACK, LGPKG]
SHIPMODES = [AIR, AIRREG]

# Filter lineitem with vectorized between and isin
li_qty = (
    lineitem.L_QUANTITY.between(4, 14)
    | lineitem.L_QUANTITY.between(15, 25)
    | lineitem.L_QUANTITY.between(26, 36)
)
li_ship = (lineitem.L_SHIPINSTRUCT == DELIVERINPERSON) & lineitem.L_SHIPMODE.isin(SHIPMODES)
flineitem = lineitem[li_qty & li_ship]

# Filter part using isin and between
small_cond = (
    (part.P_BRAND == Brand31)
    & part.P_CONTAINER.isin(SM_SMALL)
    & part.P_SIZE.between(1, 5)
)
med_cond = (
    (part.P_BRAND == Brand43)
    & part.P_CONTAINER.isin(MED_CONTAINER)
    & part.P_SIZE.between(1, 10)
)
lg_cond = (
    (part.P_BRAND == Brand43)
    & part.P_CONTAINER.isin(LG_CONTAINER)
    & part.P_SIZE.between(1, 15)
)
fpart = part[small_cond | med_cond | lg_cond]

# Join and apply final filtering
jn = flineitem.merge(fpart, left_on="L_PARTKEY", right_on="P_PARTKEY")

cond1 = (
    (jn.P_BRAND == Brand31)
    & jn.P_CONTAINER.isin(SM_SMALL)
    & jn.L_QUANTITY.between(4, 14)
    & jn.P_SIZE.le(5)
)
cond2 = (
    (jn.P_BRAND == Brand43)
    & jn.P_CONTAINER.isin(MED_CONTAINER)
    & jn.L_QUANTITY.between(15, 25)
    & jn.P_SIZE.le(10)
)
cond3 = (
    (jn.P_BRAND == Brand43)
    & jn.P_CONTAINER.isin(LG_CONTAINER)
    & jn.L_QUANTITY.between(26, 36)
    & jn.P_SIZE.le(15)
)
jn = jn[cond1 | cond2 | cond3]

# Compute total
total = (jn.L_EXTENDEDPRICE * (1.0 - jn.L_DISCOUNT)).sum()
        <Profiling data>:
        None
        <Execution time>: inf
        <Execution output>: The rewritten code resulted in a runtime error. Execution failed in cell %%RecordEvent
%%time
### cell 2 ###

# Define container and ship mode lists
SM_SMALL = [SMBOX, SMCASE, SMPACK, SMPKG]
MED_CONTAINER = [MEDBAG, MEDBOX, MEDPACK, MEDPKG]
LG_CONTAINER = [LGBOX, LGCASE, LGPACK, LGPKG]
SHIPMODES = [AIR, AIRREG]

# Filter lineitem with vectorized between and isin
li_qty = (
    lineitem.L_QUANTITY.between(4, 14)
    | lineitem.L_QUANTITY.between(15, 25)
    | lineitem.L_QUANTITY.between(26, 36)
)
li_ship = (lineitem.L_SHIPINSTRUCT == DELIVERINPERSON) & lineitem.L_SHIPMODE.isin(SHIPMODES)
flineitem = lineitem[li_qty & li_ship]

# Filter part using isin and between
small_cond = (
    (part.P_BRAND == Brand31)
    & part.P_CONTAINER.isin(SM_SMALL)
    & part.P_SIZE.between(1, 5)
)
med_cond = (
    (part.P_BRAND == Brand43)
    & part.P_CONTAINER.isin(MED_CONTAINER)
    & part.P_SIZE.between(1, 10)
)
lg_cond = (
    (part.P_BRAND == Brand43)
    & part.P_CONTAINER.isin(LG_CONTAINER)
    & part.P_SIZE.between(1, 15)
)
fpart = part[small_cond | med_cond | lg_cond]

# Join and apply final filtering
jn = flineitem.merge(fpart, left_on="L_PARTKEY", right_on="P_PARTKEY")

cond1 = (
    (jn.P_BRAND == Brand31)
    & jn.P_CONTAINER.isin(SM_SMALL)
    & jn.L_QUANTITY.between(4, 14)
    & jn.P_SIZE.le(5)
)
cond2 = (
    (jn.P_BRAND == Brand43)
    & jn.P_CONTAINER.isin(MED_CONTAINER)
    & jn.L_QUANTITY.between(15, 25)
    & jn.P_SIZE.le(10)
)
cond3 = (
    (jn.P_BRAND == Brand43)
    & jn.P_CONTAINER.isin(LG_CONTAINER)
    & jn.L_QUANTITY.between(26, 36)
    & jn.P_SIZE.le(15)
)
jn = jn[cond1 | cond2 | cond3]

# Compute total
total = (jn.L_EXTENDEDPRICE * (1.0 - jn.L_DISCOUNT)).sum(): name 'SMBOX' is not defined
        <Iteration>: 2/5

Repairing the last generated code
Code: ### cell 2 ###

# Define container and ship mode lists using string literals
SM_SMALL = ["SM BOX", "SM CASE", "SM PACK", "SM PKG"]
MED_CONTAINER = ["MED BAG", "MED BOX", "MED PACK", "MED PKG"]
LG_CONTAINER = ["LG BOX", "LG CASE", "LG PACK", "LG PKG"]
SHIPMODES = ["AIR", "AIRREG"]

# Filter lineitem with vectorized between and isin
li_qty = (
    lineitem.L_QUANTITY.between(4, 14)
    | lineitem.L_QUANTITY.between(15, 25)
    | lineitem.L_QUANTITY.between(26, 36)
)
li_ship = (
    (lineitem.L_SHIPINSTRUCT == "DELIVER IN PERSON")
    & lineitem.L_SHIPMODE.isin(SHIPMODES)
)
flineitem = lineitem[li_qty & li_ship]

# Filter part using isin and between
small_cond = (
    (part.P_BRAND == "Brand#31")
    & part.P_CONTAINER.isin(SM_SMALL)
    & part.P_SIZE.between(1, 5)
)
med_cond = (
    (part.P_BRAND == "Brand#43")
    & part.P_CONTAINER.isin(MED_CONTAINER)
    & part.P_SIZE.between(1, 10)
)
lg_cond = (
    (part.P_BRAND == "Brand#43")
    & part.P_CONTAINER.isin(LG_CONTAINER)
    & part.P_SIZE.between(1, 15)
)
fpart = part[small_cond | med_cond | lg_cond]

# Join and apply final filtering
jn = flineitem.merge(fpart, left_on="L_PARTKEY", right_on="P_PARTKEY")

cond1 = (
    (jn.P_BRAND == "Brand#31")
    & jn.P_CONTAINER.isin(SM_SMALL)
    & jn.L_QUANTITY.between(4, 14)
    & (jn.P_SIZE <= 5)
)
cond2 = (
    (jn.P_BRAND == "Brand#43")
    & jn.P_CONTAINER.isin(MED_CONTAINER)
    & jn.L_QUANTITY.between(15, 25)
    & (jn.P_SIZE <= 10)
)
cond3 = (
    (jn.P_BRAND == "Brand#43")
    & jn.P_CONTAINER.isin(LG_CONTAINER)
    & jn.L_QUANTITY.between(26, 36)
    & (jn.P_SIZE <= 15)
)
j = jn[cond1 | cond2 | cond3]

# Compute total
# Note: using cudf, this will execute on GPU
total = (j.L_EXTENDEDPRICE * (1.0 - j.L_DISCOUNT)).sum()
Reason: Fixed NameError by replacing references to undefined variables (SMBOX, SMCASE, etc.) with string literals for containers and ship modes. Kept vectorized cudf-friendly operations unchanged.
Parsed response: ### cell 2 ###

# Define container and ship mode lists using string literals
SM_SMALL = ["SM BOX", "SM CASE", "SM PACK", "SM PKG"]
MED_CONTAINER = ["MED BAG", "MED BOX", "MED PACK", "MED PKG"]
LG_CONTAINER = ["LG BOX", "LG CASE", "LG PACK", "LG PKG"]
SHIPMODES = ["AIR", "AIRREG"]

# Filter lineitem with vectorized between and isin
li_qty = (
    lineitem.L_QUANTITY.between(4, 14)
    | lineitem.L_QUANTITY.between(15, 25)
    | lineitem.L_QUANTITY.between(26, 36)
)
li_ship = (
    (lineitem.L_SHIPINSTRUCT == "DELIVER IN PERSON")
    & lineitem.L_SHIPMODE.isin(SHIPMODES)
)
flineitem = lineitem[li_qty & li_ship]

# Filter part using isin and between
small_cond = (
    (part.P_BRAND == "Brand#31")
    & part.P_CONTAINER.isin(SM_SMALL)
    & part.P_SIZE.between(1, 5)
)
med_cond = (
    (part.P_BRAND == "Brand#43")
    & part.P_CONTAINER.isin(MED_CONTAINER)
    & part.P_SIZE.between(1, 10)
)
lg_cond = (
    (part.P_BRAND == "Brand#43")
    & part.P_CONTAINER.isin(LG_CONTAINER)
    & part.P_SIZE.between(1, 15)
)
fpart = part[small_cond | med_cond | lg_cond]

# Join and apply final filtering
jn = flineitem.merge(fpart, left_on="L_PARTKEY", right_on="P_PARTKEY")

cond1 = (
    (jn.P_BRAND == "Brand#31")
    & jn.P_CONTAINER.isin(SM_SMALL)
    & jn.L_QUANTITY.between(4, 14)
    & (jn.P_SIZE <= 5)
)
cond2 = (
    (jn.P_BRAND == "Brand#43")
    & jn.P_CONTAINER.isin(MED_CONTAINER)
    & jn.L_QUANTITY.between(15, 25)
    & (jn.P_SIZE <= 10)
)
cond3 = (
    (jn.P_BRAND == "Brand#43")
    & jn.P_CONTAINER.isin(LG_CONTAINER)
    & jn.L_QUANTITY.between(26, 36)
    & (jn.P_SIZE <= 15)
)
j = jn[cond1 | cond2 | cond3]

# Compute total
# Note: using cudf, this will execute on GPU
total = (j.L_EXTENDEDPRICE * (1.0 - j.L_DISCOUNT)).sum()
Try 1: calling rewrite agent for cell 2 took 56.801995038986206 seconds.
Executing rewritten code... ### cell 2 ###

# Define container and ship mode lists using string literals
SM_SMALL = ["SM BOX", "SM CASE", "SM PACK", "SM PKG"]
MED_CONTAINER = ["MED BAG", "MED BOX", "MED PACK", "MED PKG"]
LG_CONTAINER = ["LG BOX", "LG CASE", "LG PACK", "LG PKG"]
SHIPMODES = ["AIR", "AIRREG"]

# Filter lineitem with vectorized between and isin
li_qty = (
    lineitem.L_QUANTITY.between(4, 14)
    | lineitem.L_QUANTITY.between(15, 25)
    | lineitem.L_QUANTITY.between(26, 36)
)
li_ship = (
    (lineitem.L_SHIPINSTRUCT == "DELIVER IN PERSON")
    & lineitem.L_SHIPMODE.isin(SHIPMODES)
)
flineitem = lineitem[li_qty & li_ship]

# Filter part using isin and between
small_cond = (
    (part.P_BRAND == "Brand#31")
    & part.P_CONTAINER.isin(SM_SMALL)
    & part.P_SIZE.between(1, 5)
)
med_cond = (
    (part.P_BRAND == "Brand#43")
    & part.P_CONTAINER.isin(MED_CONTAINER)
    & part.P_SIZE.between(1, 10)
)
lg_cond = (
    (part.P_BRAND == "Brand#43")
    & part.P_CONTAINER.isin(LG_CONTAINER)
    & part.P_SIZE.between(1, 15)
)
fpart = part[small_cond | med_cond | lg_cond]

# Join and apply final filtering
jn = flineitem.merge(fpart, left_on="L_PARTKEY", right_on="P_PARTKEY")

cond1 = (
    (jn.P_BRAND == "Brand#31")
    & jn.P_CONTAINER.isin(SM_SMALL)
    & jn.L_QUANTITY.between(4, 14)
    & (jn.P_SIZE <= 5)
)
cond2 = (
    (jn.P_BRAND == "Brand#43")
    & jn.P_CONTAINER.isin(MED_CONTAINER)
    & jn.L_QUANTITY.between(15, 25)
    & (jn.P_SIZE <= 10)
)
cond3 = (
    (jn.P_BRAND == "Brand#43")
    & jn.P_CONTAINER.isin(LG_CONTAINER)
    & jn.L_QUANTITY.between(26, 36)
    & (jn.P_SIZE <= 15)
)
j = jn[cond1 | cond2 | cond3]

# Compute total
# Note: using cudf, this will execute on GPU
total = (j.L_EXTENDEDPRICE * (1.0 - j.L_DISCOUNT)).sum()
HAHA rewritten pre-checkpoint path:  /home/dias-benchmarks/tpch/notebooks/q19/annotated/checkpoints/pre_cell_2.pickle
Running rewritten cell notebook
Finished executing the rewritten code.
Try 1: executing the rewritten code for cell 2 took 29.002012491226196 seconds.
Rewritten time: 127.0 ms
Checkpointing the rewritten cell for small notebook...
The rewritten code is correct. Profiling cudf...
HAHA small rewritten pre-checkpoint path:  /home/dias-benchmarks/tpch/notebooks/q19/q19_rewrite/checkpoints/pre_cell_2.pickle
Try 1: cudf profiling the rewritten code for cell 2 took 9.392831087112427 seconds.
gpu_calls_orig_perc: 1.0, gpu_calls_opt_perc: 1.0
orig_time: 143.0, opt_time: 127.0
Both the call ratio and the time are better.
Rewritten code took 127.0ms. The previous fastest solution took 143.0ms.
Previous best solution num GPU and CPU calls:  162 0
New solution num GPU and CPU calls:  84 0
Accepted the rewritten code.
Setting best_rewritten_post_checkpoint_path to  /home/dias-benchmarks/tpch/notebooks/q19/rewritten/o4_mini_high/checkpoints/post_cell_2_try_1.pickle
Setting best_small_rewritten_post_checkpoint_path to  /home/dias-benchmarks/tpch/notebooks/q19/rewritten/o4_mini_high_small/checkpoints/post_cell_2_try_1.pickle
========================================================
Rewriting cell 2... Try 2...
Manager agent prompt:
        <Original Code>:
        ### cell 2 ###


Brand31 = "Brand#31"
Brand43 = "Brand#43"
SMBOX = "SM BOX"
SMCASE = "SM CASE"
SMPACK = "SM PACK"
SMPKG = "SM PKG"
MEDBAG = "MED BAG"
MEDBOX = "MED BOX"
MEDPACK = "MED PACK"
MEDPKG = "MED PKG"
LGBOX = "LG BOX"
LGCASE = "LG CASE"
LGPACK = "LG PACK"
LGPKG = "LG PKG"
DELIVERINPERSON = "DELIVER IN PERSON"
AIR = "AIR"
AIRREG = "AIRREG"
lsel = (
    (
        ((lineitem.L_QUANTITY <= 36) & (lineitem.L_QUANTITY >= 26))
        | ((lineitem.L_QUANTITY <= 25) & (lineitem.L_QUANTITY >= 15))
        | ((lineitem.L_QUANTITY <= 14) & (lineitem.L_QUANTITY >= 4))
    )
    & (lineitem.L_SHIPINSTRUCT == DELIVERINPERSON)
    & ((lineitem.L_SHIPMODE == AIR) | (lineitem.L_SHIPMODE == AIRREG))
)
psel = (part.P_SIZE >= 1) & (
    (
        (part.P_SIZE <= 5)
        & (part.P_BRAND == Brand31)
        & (
            (part.P_CONTAINER == SMBOX)
            | (part.P_CONTAINER == SMCASE)
            | (part.P_CONTAINER == SMPACK)
            | (part.P_CONTAINER == SMPKG)
        )
    )
    | (
        (part.P_SIZE <= 10)
        & (part.P_BRAND == Brand43)
        & (
            (part.P_CONTAINER == MEDBAG)
            | (part.P_CONTAINER == MEDBOX)
            | (part.P_CONTAINER == MEDPACK)
            | (part.P_CONTAINER == MEDPKG)
        )
    )
    | (
        (part.P_SIZE <= 15)
        & (part.P_BRAND == Brand43)
        & (
            (part.P_CONTAINER == LGBOX)
            | (part.P_CONTAINER == LGCASE)
            | (part.P_CONTAINER == LGPACK)
            | (part.P_CONTAINER == LGPKG)
        )
    )
)
flineitem = lineitem[lsel]
fpart = part[psel]
jn = flineitem.merge(fpart, left_on="L_PARTKEY", right_on="P_PARTKEY")
jnsel = (
    (jn.P_BRAND == Brand31)
    & (
        (jn.P_CONTAINER == SMBOX)
        | (jn.P_CONTAINER == SMCASE)
        | (jn.P_CONTAINER == SMPACK)
        | (jn.P_CONTAINER == SMPKG)
    )
    & (jn.L_QUANTITY >= 4)
    & (jn.L_QUANTITY <= 14)
    & (jn.P_SIZE <= 5)
    | (jn.P_BRAND == Brand43)
    & (
        (jn.P_CONTAINER == MEDBAG)
        | (jn.P_CONTAINER == MEDBOX)
        | (jn.P_CONTAINER == MEDPACK)
        | (jn.P_CONTAINER == MEDPKG)
    )
    & (jn.L_QUANTITY >= 15)
    & (jn.L_QUANTITY <= 25)
    & (jn.P_SIZE <= 10)
    | (jn.P_BRAND == Brand43)
    & (
        (jn.P_CONTAINER == LGBOX)
        | (jn.P_CONTAINER == LGCASE)
        | (jn.P_CONTAINER == LGPACK)
        | (jn.P_CONTAINER == LGPKG)
    )
    & (jn.L_QUANTITY >= 26)
    & (jn.L_QUANTITY <= 36)
    & (jn.P_SIZE <= 15)
)
jn = jn[jnsel]
total = (jn.L_EXTENDEDPRICE * (1.0 - jn.L_DISCOUNT)).sum()

        <Profiling data>:
                         Function  GPU calls  CPU calls
0     NDFrame.__getattr__         54          0
1         OpsMixin.__le__         12          0
2         OpsMixin.__ge__          7          0
3        OpsMixin.__and__         24          0
4         OpsMixin.__or__         25          0
5         OpsMixin.__eq__         33          0
6   DataFrame.__getitem__          3          0
7         DataFrame.merge          1          0
8       OpsMixin.__rsub__          1          0
9        OpsMixin.__mul__          1          0
10             Series.sum          1          0
        <Execution time>: 143.0
        <Active Vars>: ['total']
        <Future Vars>: []
        <Rewritten Code>:
        ### cell 2 ###

# Define container and ship mode lists using string literals
SM_SMALL = ["SM BOX", "SM CASE", "SM PACK", "SM PKG"]
MED_CONTAINER = ["MED BAG", "MED BOX", "MED PACK", "MED PKG"]
LG_CONTAINER = ["LG BOX", "LG CASE", "LG PACK", "LG PKG"]
SHIPMODES = ["AIR", "AIRREG"]

# Filter lineitem with vectorized between and isin
li_qty = (
    lineitem.L_QUANTITY.between(4, 14)
    | lineitem.L_QUANTITY.between(15, 25)
    | lineitem.L_QUANTITY.between(26, 36)
)
li_ship = (
    (lineitem.L_SHIPINSTRUCT == "DELIVER IN PERSON")
    & lineitem.L_SHIPMODE.isin(SHIPMODES)
)
flineitem = lineitem[li_qty & li_ship]

# Filter part using isin and between
small_cond = (
    (part.P_BRAND == "Brand#31")
    & part.P_CONTAINER.isin(SM_SMALL)
    & part.P_SIZE.between(1, 5)
)
med_cond = (
    (part.P_BRAND == "Brand#43")
    & part.P_CONTAINER.isin(MED_CONTAINER)
    & part.P_SIZE.between(1, 10)
)
lg_cond = (
    (part.P_BRAND == "Brand#43")
    & part.P_CONTAINER.isin(LG_CONTAINER)
    & part.P_SIZE.between(1, 15)
)
fpart = part[small_cond | med_cond | lg_cond]

# Join and apply final filtering
jn = flineitem.merge(fpart, left_on="L_PARTKEY", right_on="P_PARTKEY")

cond1 = (
    (jn.P_BRAND == "Brand#31")
    & jn.P_CONTAINER.isin(SM_SMALL)
    & jn.L_QUANTITY.between(4, 14)
    & (jn.P_SIZE <= 5)
)
cond2 = (
    (jn.P_BRAND == "Brand#43")
    & jn.P_CONTAINER.isin(MED_CONTAINER)
    & jn.L_QUANTITY.between(15, 25)
    & (jn.P_SIZE <= 10)
)
cond3 = (
    (jn.P_BRAND == "Brand#43")
    & jn.P_CONTAINER.isin(LG_CONTAINER)
    & jn.L_QUANTITY.between(26, 36)
    & (jn.P_SIZE <= 15)
)
j = jn[cond1 | cond2 | cond3]

# Compute total
# Note: using cudf, this will execute on GPU
total = (j.L_EXTENDEDPRICE * (1.0 - j.L_DISCOUNT)).sum()
        <Profiling data>:
                         Function  GPU calls  CPU calls
0     NDFrame.__getattr__         28          0
1          Series.between          9          0
2         OpsMixin.__or__          6          0
3         OpsMixin.__eq__          7          0
4             Series.isin          7          0
5        OpsMixin.__and__         17          0
6   DataFrame.__getitem__          3          0
7         DataFrame.merge          1          0
8         OpsMixin.__le__          3          0
9       OpsMixin.__rsub__          1          0
10       OpsMixin.__mul__          1          0
11             Series.sum          1          0
        <Execution time>: 127.0
        <Execution output>: Rewritten time: 127.0 ms
Original time: 143.0 ms
        <Iteration>: 3/5

==========Running the manager agent to decide the next step==========
Choice: optimize
Reason: The rewritten code shows improvements in execution time, reducing from 143.0 ms to 127.0 ms. However, there is room to try further optimizations, possibly utilizing parallel processing or more efficient GPU usage techniques, given there are more iterations available.
Code optimizer prompt:
        <Original Code>:
        ### cell 2 ###

# Define container and ship mode lists using string literals
SM_SMALL = ["SM BOX", "SM CASE", "SM PACK", "SM PKG"]
MED_CONTAINER = ["MED BAG", "MED BOX", "MED PACK", "MED PKG"]
LG_CONTAINER = ["LG BOX", "LG CASE", "LG PACK", "LG PKG"]
SHIPMODES = ["AIR", "AIRREG"]

# Filter lineitem with vectorized between and isin
li_qty = (
    lineitem.L_QUANTITY.between(4, 14)
    | lineitem.L_QUANTITY.between(15, 25)
    | lineitem.L_QUANTITY.between(26, 36)
)
li_ship = (
    (lineitem.L_SHIPINSTRUCT == "DELIVER IN PERSON")
    & lineitem.L_SHIPMODE.isin(SHIPMODES)
)
flineitem = lineitem[li_qty & li_ship]

# Filter part using isin and between
small_cond = (
    (part.P_BRAND == "Brand#31")
    & part.P_CONTAINER.isin(SM_SMALL)
    & part.P_SIZE.between(1, 5)
)
med_cond = (
    (part.P_BRAND == "Brand#43")
    & part.P_CONTAINER.isin(MED_CONTAINER)
    & part.P_SIZE.between(1, 10)
)
lg_cond = (
    (part.P_BRAND == "Brand#43")
    & part.P_CONTAINER.isin(LG_CONTAINER)
    & part.P_SIZE.between(1, 15)
)
fpart = part[small_cond | med_cond | lg_cond]

# Join and apply final filtering
jn = flineitem.merge(fpart, left_on="L_PARTKEY", right_on="P_PARTKEY")

cond1 = (
    (jn.P_BRAND == "Brand#31")
    & jn.P_CONTAINER.isin(SM_SMALL)
    & jn.L_QUANTITY.between(4, 14)
    & (jn.P_SIZE <= 5)
)
cond2 = (
    (jn.P_BRAND == "Brand#43")
    & jn.P_CONTAINER.isin(MED_CONTAINER)
    & jn.L_QUANTITY.between(15, 25)
    & (jn.P_SIZE <= 10)
)
cond3 = (
    (jn.P_BRAND == "Brand#43")
    & jn.P_CONTAINER.isin(LG_CONTAINER)
    & jn.L_QUANTITY.between(26, 36)
    & (jn.P_SIZE <= 15)
)
j = jn[cond1 | cond2 | cond3]

# Compute total
# Note: using cudf, this will execute on GPU
total = (j.L_EXTENDEDPRICE * (1.0 - j.L_DISCOUNT)).sum()
        <Profiling data>:
                         Function  GPU calls  CPU calls
0     NDFrame.__getattr__         28          0
1          Series.between          9          0
2         OpsMixin.__or__          6          0
3         OpsMixin.__eq__          7          0
4             Series.isin          7          0
5        OpsMixin.__and__         17          0
6   DataFrame.__getitem__          3          0
7         DataFrame.merge          1          0
8         OpsMixin.__le__          3          0
9       OpsMixin.__rsub__          1          0
10       OpsMixin.__mul__          1          0
11             Series.sum          1          0

        <Execution time>: 127.0
        <Active vars>: ['total']

        <Future vars>: []

        <Iteration>: 3/5

Optimizing the last generated code
Parsed response: # Define container and ship mode lists
SM_SMALL = ["SM BOX", "SM CASE", "SM PACK", "SM PKG"]
MED_CONTAINER = ["MED BAG", "MED BOX", "MED PACK", "MED PKG"]
LG_CONTAINER = ["LG BOX", "LG CASE", "LG PACK", "LG PKG"]
SHIPMODES = ["AIR", "AIRREG"]

# 1) Collapse the three disjoint between() calls into one: 4–36
# 2) Use __getitem__ (df["col"]) instead of attribute access to cut down NDFrame.__getattr__ overhead
fline = lineitem[
    lineitem["L_QUANTITY"].between(4, 36)
    & (lineitem["L_SHIPINSTRUCT"] == "DELIVER IN PERSON")
    & lineitem["L_SHIPMODE"].isin(SHIPMODES)
]

# Filter part in one shot
fpart = part[
    ((part["P_BRAND"] == "Brand#31") & part["P_CONTAINER"].isin(SM_SMALL) & part["P_SIZE"].between(1, 5))
    | ((part["P_BRAND"] == "Brand#43") & part["P_CONTAINER"].isin(MED_CONTAINER) & part["P_SIZE"].between(1, 10))
    | ((part["P_BRAND"] == "Brand#43") & part["P_CONTAINER"].isin(LG_CONTAINER) & part["P_SIZE"].between(1, 15))
]

# Join
df = fline.merge(fpart, left_on="L_PARTKEY", right_on="P_PARTKEY")

# Final multi‐range filter in one mask
mask = (
    (df["P_BRAND"] == "Brand#31") & df["P_CONTAINER"].isin(SM_SMALL) & df["L_QUANTITY"].between(4, 14) & (df["P_SIZE"] <= 5)
    | (df["P_BRAND"] == "Brand#43") & df["P_CONTAINER"].isin(MED_CONTAINER) & df["L_QUANTITY"].between(15, 25) & (df["P_SIZE"] <= 10)
    | (df["P_BRAND"] == "Brand#43") & df["P_CONTAINER"].isin(LG_CONTAINER) & df["L_QUANTITY"].between(26, 36) & (df["P_SIZE"] <= 15)
)

df = df[mask]

# Compute total on GPU
total = (df["L_EXTENDEDPRICE"] * (1.0 - df["L_DISCOUNT"])) .sum()
Try 2: calling rewrite agent for cell 2 took 129.28966689109802 seconds.
Executing rewritten code... ### cell 2 ###

# Define container and ship mode lists
SM_SMALL = ["SM BOX", "SM CASE", "SM PACK", "SM PKG"]
MED_CONTAINER = ["MED BAG", "MED BOX", "MED PACK", "MED PKG"]
LG_CONTAINER = ["LG BOX", "LG CASE", "LG PACK", "LG PKG"]
SHIPMODES = ["AIR", "AIRREG"]

# 1) Collapse the three disjoint between() calls into one: 4–36
# 2) Use __getitem__ (df["col"]) instead of attribute access to cut down NDFrame.__getattr__ overhead
fline = lineitem[
    lineitem["L_QUANTITY"].between(4, 36)
    & (lineitem["L_SHIPINSTRUCT"] == "DELIVER IN PERSON")
    & lineitem["L_SHIPMODE"].isin(SHIPMODES)
]

# Filter part in one shot
fpart = part[
    ((part["P_BRAND"] == "Brand#31") & part["P_CONTAINER"].isin(SM_SMALL) & part["P_SIZE"].between(1, 5))
    | ((part["P_BRAND"] == "Brand#43") & part["P_CONTAINER"].isin(MED_CONTAINER) & part["P_SIZE"].between(1, 10))
    | ((part["P_BRAND"] == "Brand#43") & part["P_CONTAINER"].isin(LG_CONTAINER) & part["P_SIZE"].between(1, 15))
]

# Join
df = fline.merge(fpart, left_on="L_PARTKEY", right_on="P_PARTKEY")

# Final multi‐range filter in one mask
mask = (
    (df["P_BRAND"] == "Brand#31") & df["P_CONTAINER"].isin(SM_SMALL) & df["L_QUANTITY"].between(4, 14) & (df["P_SIZE"] <= 5)
    | (df["P_BRAND"] == "Brand#43") & df["P_CONTAINER"].isin(MED_CONTAINER) & df["L_QUANTITY"].between(15, 25) & (df["P_SIZE"] <= 10)
    | (df["P_BRAND"] == "Brand#43") & df["P_CONTAINER"].isin(LG_CONTAINER) & df["L_QUANTITY"].between(26, 36) & (df["P_SIZE"] <= 15)
)

df = df[mask]

# Compute total on GPU
total = (df["L_EXTENDEDPRICE"] * (1.0 - df["L_DISCOUNT"])) .sum()
HAHA rewritten pre-checkpoint path:  /home/dias-benchmarks/tpch/notebooks/q19/annotated/checkpoints/pre_cell_2.pickle
Running rewritten cell notebook
Finished executing the rewritten code.
Try 2: executing the rewritten code for cell 2 took 29.274003982543945 seconds.
Rewritten time: 133.0 ms
Checkpointing the rewritten cell for small notebook...
The rewritten code is correct. Profiling cudf...
HAHA small rewritten pre-checkpoint path:  /home/dias-benchmarks/tpch/notebooks/q19/q19_rewrite/checkpoints/pre_cell_2.pickle
Try 2: cudf profiling the rewritten code for cell 2 took 9.537285327911377 seconds.
gpu_calls_orig_perc: 1.0, gpu_calls_opt_perc: 1.0
orig_time: 127.0, opt_time: 133.0
Ratio improves.
Improvement in percentage does not make up for the slowdown.
Rewritten code took 133.0ms. The previous fastest solution took 143.0ms.
Previous best solution num GPU and CPU calls:  84 0
New solution num GPU and CPU calls:  78 0
========================================================
Rewriting cell 2... Try 3...
Manager agent prompt:
        <Original Code>:
        ### cell 2 ###


Brand31 = "Brand#31"
Brand43 = "Brand#43"
SMBOX = "SM BOX"
SMCASE = "SM CASE"
SMPACK = "SM PACK"
SMPKG = "SM PKG"
MEDBAG = "MED BAG"
MEDBOX = "MED BOX"
MEDPACK = "MED PACK"
MEDPKG = "MED PKG"
LGBOX = "LG BOX"
LGCASE = "LG CASE"
LGPACK = "LG PACK"
LGPKG = "LG PKG"
DELIVERINPERSON = "DELIVER IN PERSON"
AIR = "AIR"
AIRREG = "AIRREG"
lsel = (
    (
        ((lineitem.L_QUANTITY <= 36) & (lineitem.L_QUANTITY >= 26))
        | ((lineitem.L_QUANTITY <= 25) & (lineitem.L_QUANTITY >= 15))
        | ((lineitem.L_QUANTITY <= 14) & (lineitem.L_QUANTITY >= 4))
    )
    & (lineitem.L_SHIPINSTRUCT == DELIVERINPERSON)
    & ((lineitem.L_SHIPMODE == AIR) | (lineitem.L_SHIPMODE == AIRREG))
)
psel = (part.P_SIZE >= 1) & (
    (
        (part.P_SIZE <= 5)
        & (part.P_BRAND == Brand31)
        & (
            (part.P_CONTAINER == SMBOX)
            | (part.P_CONTAINER == SMCASE)
            | (part.P_CONTAINER == SMPACK)
            | (part.P_CONTAINER == SMPKG)
        )
    )
    | (
        (part.P_SIZE <= 10)
        & (part.P_BRAND == Brand43)
        & (
            (part.P_CONTAINER == MEDBAG)
            | (part.P_CONTAINER == MEDBOX)
            | (part.P_CONTAINER == MEDPACK)
            | (part.P_CONTAINER == MEDPKG)
        )
    )
    | (
        (part.P_SIZE <= 15)
        & (part.P_BRAND == Brand43)
        & (
            (part.P_CONTAINER == LGBOX)
            | (part.P_CONTAINER == LGCASE)
            | (part.P_CONTAINER == LGPACK)
            | (part.P_CONTAINER == LGPKG)
        )
    )
)
flineitem = lineitem[lsel]
fpart = part[psel]
jn = flineitem.merge(fpart, left_on="L_PARTKEY", right_on="P_PARTKEY")
jnsel = (
    (jn.P_BRAND == Brand31)
    & (
        (jn.P_CONTAINER == SMBOX)
        | (jn.P_CONTAINER == SMCASE)
        | (jn.P_CONTAINER == SMPACK)
        | (jn.P_CONTAINER == SMPKG)
    )
    & (jn.L_QUANTITY >= 4)
    & (jn.L_QUANTITY <= 14)
    & (jn.P_SIZE <= 5)
    | (jn.P_BRAND == Brand43)
    & (
        (jn.P_CONTAINER == MEDBAG)
        | (jn.P_CONTAINER == MEDBOX)
        | (jn.P_CONTAINER == MEDPACK)
        | (jn.P_CONTAINER == MEDPKG)
    )
    & (jn.L_QUANTITY >= 15)
    & (jn.L_QUANTITY <= 25)
    & (jn.P_SIZE <= 10)
    | (jn.P_BRAND == Brand43)
    & (
        (jn.P_CONTAINER == LGBOX)
        | (jn.P_CONTAINER == LGCASE)
        | (jn.P_CONTAINER == LGPACK)
        | (jn.P_CONTAINER == LGPKG)
    )
    & (jn.L_QUANTITY >= 26)
    & (jn.L_QUANTITY <= 36)
    & (jn.P_SIZE <= 15)
)
jn = jn[jnsel]
total = (jn.L_EXTENDEDPRICE * (1.0 - jn.L_DISCOUNT)).sum()

        <Profiling data>:
                         Function  GPU calls  CPU calls
0     NDFrame.__getattr__         54          0
1         OpsMixin.__le__         12          0
2         OpsMixin.__ge__          7          0
3        OpsMixin.__and__         24          0
4         OpsMixin.__or__         25          0
5         OpsMixin.__eq__         33          0
6   DataFrame.__getitem__          3          0
7         DataFrame.merge          1          0
8       OpsMixin.__rsub__          1          0
9        OpsMixin.__mul__          1          0
10             Series.sum          1          0
        <Execution time>: 143.0
        <Active Vars>: ['total']
        <Future Vars>: []
        <Rewritten Code>:
        ### cell 2 ###

# Define container and ship mode lists
SM_SMALL = ["SM BOX", "SM CASE", "SM PACK", "SM PKG"]
MED_CONTAINER = ["MED BAG", "MED BOX", "MED PACK", "MED PKG"]
LG_CONTAINER = ["LG BOX", "LG CASE", "LG PACK", "LG PKG"]
SHIPMODES = ["AIR", "AIRREG"]

# 1) Collapse the three disjoint between() calls into one: 4–36
# 2) Use __getitem__ (df["col"]) instead of attribute access to cut down NDFrame.__getattr__ overhead
fline = lineitem[
    lineitem["L_QUANTITY"].between(4, 36)
    & (lineitem["L_SHIPINSTRUCT"] == "DELIVER IN PERSON")
    & lineitem["L_SHIPMODE"].isin(SHIPMODES)
]

# Filter part in one shot
fpart = part[
    ((part["P_BRAND"] == "Brand#31") & part["P_CONTAINER"].isin(SM_SMALL) & part["P_SIZE"].between(1, 5))
    | ((part["P_BRAND"] == "Brand#43") & part["P_CONTAINER"].isin(MED_CONTAINER) & part["P_SIZE"].between(1, 10))
    | ((part["P_BRAND"] == "Brand#43") & part["P_CONTAINER"].isin(LG_CONTAINER) & part["P_SIZE"].between(1, 15))
]

# Join
df = fline.merge(fpart, left_on="L_PARTKEY", right_on="P_PARTKEY")

# Final multi‐range filter in one mask
mask = (
    (df["P_BRAND"] == "Brand#31") & df["P_CONTAINER"].isin(SM_SMALL) & df["L_QUANTITY"].between(4, 14) & (df["P_SIZE"] <= 5)
    | (df["P_BRAND"] == "Brand#43") & df["P_CONTAINER"].isin(MED_CONTAINER) & df["L_QUANTITY"].between(15, 25) & (df["P_SIZE"] <= 10)
    | (df["P_BRAND"] == "Brand#43") & df["P_CONTAINER"].isin(LG_CONTAINER) & df["L_QUANTITY"].between(26, 36) & (df["P_SIZE"] <= 15)
)

df = df[mask]

# Compute total on GPU
total = (df["L_EXTENDEDPRICE"] * (1.0 - df["L_DISCOUNT"])) .sum()
        <Profiling data>:
                         Function  GPU calls  CPU calls
0   DataFrame.__getitem__         29          0
1          Series.between          7          0
2         OpsMixin.__eq__          7          0
3        OpsMixin.__and__         17          0
4             Series.isin          7          0
5         OpsMixin.__or__          4          0
6         DataFrame.merge          1          0
7         OpsMixin.__le__          3          0
8       OpsMixin.__rsub__          1          0
9        OpsMixin.__mul__          1          0
10             Series.sum          1          0
        <Execution time>: 133.0
        <Execution output>: Rewritten time: 133.0 ms
Original time: 143.0 ms
        <Iteration>: 4/5

==========Running the manager agent to decide the next step==========
Choice: optimize
Reason: There's still room to optimize by reducing redundant filtering and possibly leveraging more efficient GPU operations for the join and calculations. Additional reduction in function calls can also help further.
Code optimizer prompt:
        <Original Code>:
        ### cell 2 ###

# Define container and ship mode lists
SM_SMALL = ["SM BOX", "SM CASE", "SM PACK", "SM PKG"]
MED_CONTAINER = ["MED BAG", "MED BOX", "MED PACK", "MED PKG"]
LG_CONTAINER = ["LG BOX", "LG CASE", "LG PACK", "LG PKG"]
SHIPMODES = ["AIR", "AIRREG"]

# 1) Collapse the three disjoint between() calls into one: 4–36
# 2) Use __getitem__ (df["col"]) instead of attribute access to cut down NDFrame.__getattr__ overhead
fline = lineitem[
    lineitem["L_QUANTITY"].between(4, 36)
    & (lineitem["L_SHIPINSTRUCT"] == "DELIVER IN PERSON")
    & lineitem["L_SHIPMODE"].isin(SHIPMODES)
]

# Filter part in one shot
fpart = part[
    ((part["P_BRAND"] == "Brand#31") & part["P_CONTAINER"].isin(SM_SMALL) & part["P_SIZE"].between(1, 5))
    | ((part["P_BRAND"] == "Brand#43") & part["P_CONTAINER"].isin(MED_CONTAINER) & part["P_SIZE"].between(1, 10))
    | ((part["P_BRAND"] == "Brand#43") & part["P_CONTAINER"].isin(LG_CONTAINER) & part["P_SIZE"].between(1, 15))
]

# Join
df = fline.merge(fpart, left_on="L_PARTKEY", right_on="P_PARTKEY")

# Final multi‐range filter in one mask
mask = (
    (df["P_BRAND"] == "Brand#31") & df["P_CONTAINER"].isin(SM_SMALL) & df["L_QUANTITY"].between(4, 14) & (df["P_SIZE"] <= 5)
    | (df["P_BRAND"] == "Brand#43") & df["P_CONTAINER"].isin(MED_CONTAINER) & df["L_QUANTITY"].between(15, 25) & (df["P_SIZE"] <= 10)
    | (df["P_BRAND"] == "Brand#43") & df["P_CONTAINER"].isin(LG_CONTAINER) & df["L_QUANTITY"].between(26, 36) & (df["P_SIZE"] <= 15)
)

df = df[mask]

# Compute total on GPU
total = (df["L_EXTENDEDPRICE"] * (1.0 - df["L_DISCOUNT"])) .sum()
        <Profiling data>:
                         Function  GPU calls  CPU calls
0   DataFrame.__getitem__         29          0
1          Series.between          7          0
2         OpsMixin.__eq__          7          0
3        OpsMixin.__and__         17          0
4             Series.isin          7          0
5         OpsMixin.__or__          4          0
6         DataFrame.merge          1          0
7         OpsMixin.__le__          3          0
8       OpsMixin.__rsub__          1          0
9        OpsMixin.__mul__          1          0
10             Series.sum          1          0

        <Execution time>: 133.0
        <Active vars>: ['total']

        <Future vars>: []

        <Iteration>: 4/5

Optimizing the last generated code
Parsed response: SM_SMALL = ["SM BOX", "SM CASE", "SM PACK", "SM PKG"]
MED_CONTAINER = ["MED BAG", "MED BOX", "MED PACK", "MED PKG"]
LG_CONTAINER = ["LG BOX", "LG CASE", "LG PACK", "LG PKG"]
SHIPMODES = ["AIR", "AIRREG"]

# Precompute lineitem columns to cut down __getitem__ calls
lq_line = lineitem["L_QUANTITY"]
si_line = lineitem["L_SHIPINSTRUCT"]
sm_line = lineitem["L_SHIPMODE"]

fline = lineitem[
    lq_line.between(4, 36)
    & (si_line == "DELIVER IN PERSON")
    & sm_line.isin(SHIPMODES)
]

# Precompute part columns
pb_part = part["P_BRAND"]
pc_part = part["P_CONTAINER"]
ps_part = part["P_SIZE"]

fpart = part[
    ((pb_part == "Brand#31") & pc_part.isin(SM_SMALL) & ps_part.between(1, 5))
    | ((pb_part == "Brand#43") & pc_part.isin(MED_CONTAINER) & ps_part.between(1, 10))
    | ((pb_part == "Brand#43") & pc_part.isin(LG_CONTAINER) & ps_part.between(1, 15))
]

# Join
df = fline.merge(fpart, left_on="L_PARTKEY", right_on="P_PARTKEY")

# Precompute merged columns
lq = df["L_QUANTITY"]
pb = df["P_BRAND"]
pc = df["P_CONTAINER"]

# Final filter (size checks for Brand#31 guaranteed by fpart)
mask_brand31 = (pb == "Brand#31") & lq.between(4, 14)
mask_brand43 = (pb == "Brand#43") & (
    (pc.isin(MED_CONTAINER) & lq.between(15, 25))
    | (pc.isin(LG_CONTAINER)  & lq.between(26, 36))
)
df = df[mask_brand31 | mask_brand43]

# Compute total on GPU
total = (df["L_EXTENDEDPRICE"] * (1.0 - df["L_DISCOUNT"])) .sum()
Try 3: calling rewrite agent for cell 2 took 165.58586382865906 seconds.
Executing rewritten code... ### cell 2 ###

SM_SMALL = ["SM BOX", "SM CASE", "SM PACK", "SM PKG"]
MED_CONTAINER = ["MED BAG", "MED BOX", "MED PACK", "MED PKG"]
LG_CONTAINER = ["LG BOX", "LG CASE", "LG PACK", "LG PKG"]
SHIPMODES = ["AIR", "AIRREG"]

# Precompute lineitem columns to cut down __getitem__ calls
lq_line = lineitem["L_QUANTITY"]
si_line = lineitem["L_SHIPINSTRUCT"]
sm_line = lineitem["L_SHIPMODE"]

fline = lineitem[
    lq_line.between(4, 36)
    & (si_line == "DELIVER IN PERSON")
    & sm_line.isin(SHIPMODES)
]

# Precompute part columns
pb_part = part["P_BRAND"]
pc_part = part["P_CONTAINER"]
ps_part = part["P_SIZE"]

fpart = part[
    ((pb_part == "Brand#31") & pc_part.isin(SM_SMALL) & ps_part.between(1, 5))
    | ((pb_part == "Brand#43") & pc_part.isin(MED_CONTAINER) & ps_part.between(1, 10))
    | ((pb_part == "Brand#43") & pc_part.isin(LG_CONTAINER) & ps_part.between(1, 15))
]

# Join
df = fline.merge(fpart, left_on="L_PARTKEY", right_on="P_PARTKEY")

# Precompute merged columns
lq = df["L_QUANTITY"]
pb = df["P_BRAND"]
pc = df["P_CONTAINER"]

# Final filter (size checks for Brand#31 guaranteed by fpart)
mask_brand31 = (pb == "Brand#31") & lq.between(4, 14)
mask_brand43 = (pb == "Brand#43") & (
    (pc.isin(MED_CONTAINER) & lq.between(15, 25))
    | (pc.isin(LG_CONTAINER)  & lq.between(26, 36))
)
df = df[mask_brand31 | mask_brand43]

# Compute total on GPU
total = (df["L_EXTENDEDPRICE"] * (1.0 - df["L_DISCOUNT"])) .sum()
HAHA rewritten pre-checkpoint path:  /home/dias-benchmarks/tpch/notebooks/q19/annotated/checkpoints/pre_cell_2.pickle
Running rewritten cell notebook
Finished executing the rewritten code.
Try 3: executing the rewritten code for cell 2 took 30.25676655769348 seconds.
Rewritten time: 105.0 ms
Checkpointing the rewritten cell for small notebook...
The rewritten code is correct. Profiling cudf...
HAHA small rewritten pre-checkpoint path:  /home/dias-benchmarks/tpch/notebooks/q19/q19_rewrite/checkpoints/pre_cell_2.pickle
Try 3: cudf profiling the rewritten code for cell 2 took 9.671918869018555 seconds.
gpu_calls_orig_perc: 1.0, gpu_calls_opt_perc: 1.0
orig_time: 127.0, opt_time: 105.0
Both the call ratio and the time are better.
Rewritten code took 105.0ms. The previous fastest solution took 143.0ms.
Previous best solution num GPU and CPU calls:  84 0
New solution num GPU and CPU calls:  53 0
Accepted the rewritten code.
Setting best_rewritten_post_checkpoint_path to  /home/dias-benchmarks/tpch/notebooks/q19/rewritten/o4_mini_high/checkpoints/post_cell_2_try_3.pickle
Setting best_small_rewritten_post_checkpoint_path to  /home/dias-benchmarks/tpch/notebooks/q19/rewritten/o4_mini_high_small/checkpoints/post_cell_2_try_3.pickle
========================================================
Rewriting cell 2... Try 4...
Manager agent prompt:
        <Original Code>:
        ### cell 2 ###


Brand31 = "Brand#31"
Brand43 = "Brand#43"
SMBOX = "SM BOX"
SMCASE = "SM CASE"
SMPACK = "SM PACK"
SMPKG = "SM PKG"
MEDBAG = "MED BAG"
MEDBOX = "MED BOX"
MEDPACK = "MED PACK"
MEDPKG = "MED PKG"
LGBOX = "LG BOX"
LGCASE = "LG CASE"
LGPACK = "LG PACK"
LGPKG = "LG PKG"
DELIVERINPERSON = "DELIVER IN PERSON"
AIR = "AIR"
AIRREG = "AIRREG"
lsel = (
    (
        ((lineitem.L_QUANTITY <= 36) & (lineitem.L_QUANTITY >= 26))
        | ((lineitem.L_QUANTITY <= 25) & (lineitem.L_QUANTITY >= 15))
        | ((lineitem.L_QUANTITY <= 14) & (lineitem.L_QUANTITY >= 4))
    )
    & (lineitem.L_SHIPINSTRUCT == DELIVERINPERSON)
    & ((lineitem.L_SHIPMODE == AIR) | (lineitem.L_SHIPMODE == AIRREG))
)
psel = (part.P_SIZE >= 1) & (
    (
        (part.P_SIZE <= 5)
        & (part.P_BRAND == Brand31)
        & (
            (part.P_CONTAINER == SMBOX)
            | (part.P_CONTAINER == SMCASE)
            | (part.P_CONTAINER == SMPACK)
            | (part.P_CONTAINER == SMPKG)
        )
    )
    | (
        (part.P_SIZE <= 10)
        & (part.P_BRAND == Brand43)
        & (
            (part.P_CONTAINER == MEDBAG)
            | (part.P_CONTAINER == MEDBOX)
            | (part.P_CONTAINER == MEDPACK)
            | (part.P_CONTAINER == MEDPKG)
        )
    )
    | (
        (part.P_SIZE <= 15)
        & (part.P_BRAND == Brand43)
        & (
            (part.P_CONTAINER == LGBOX)
            | (part.P_CONTAINER == LGCASE)
            | (part.P_CONTAINER == LGPACK)
            | (part.P_CONTAINER == LGPKG)
        )
    )
)
flineitem = lineitem[lsel]
fpart = part[psel]
jn = flineitem.merge(fpart, left_on="L_PARTKEY", right_on="P_PARTKEY")
jnsel = (
    (jn.P_BRAND == Brand31)
    & (
        (jn.P_CONTAINER == SMBOX)
        | (jn.P_CONTAINER == SMCASE)
        | (jn.P_CONTAINER == SMPACK)
        | (jn.P_CONTAINER == SMPKG)
    )
    & (jn.L_QUANTITY >= 4)
    & (jn.L_QUANTITY <= 14)
    & (jn.P_SIZE <= 5)
    | (jn.P_BRAND == Brand43)
    & (
        (jn.P_CONTAINER == MEDBAG)
        | (jn.P_CONTAINER == MEDBOX)
        | (jn.P_CONTAINER == MEDPACK)
        | (jn.P_CONTAINER == MEDPKG)
    )
    & (jn.L_QUANTITY >= 15)
    & (jn.L_QUANTITY <= 25)
    & (jn.P_SIZE <= 10)
    | (jn.P_BRAND == Brand43)
    & (
        (jn.P_CONTAINER == LGBOX)
        | (jn.P_CONTAINER == LGCASE)
        | (jn.P_CONTAINER == LGPACK)
        | (jn.P_CONTAINER == LGPKG)
    )
    & (jn.L_QUANTITY >= 26)
    & (jn.L_QUANTITY <= 36)
    & (jn.P_SIZE <= 15)
)
jn = jn[jnsel]
total = (jn.L_EXTENDEDPRICE * (1.0 - jn.L_DISCOUNT)).sum()

        <Profiling data>:
                         Function  GPU calls  CPU calls
0     NDFrame.__getattr__         54          0
1         OpsMixin.__le__         12          0
2         OpsMixin.__ge__          7          0
3        OpsMixin.__and__         24          0
4         OpsMixin.__or__         25          0
5         OpsMixin.__eq__         33          0
6   DataFrame.__getitem__          3          0
7         DataFrame.merge          1          0
8       OpsMixin.__rsub__          1          0
9        OpsMixin.__mul__          1          0
10             Series.sum          1          0
        <Execution time>: 143.0
        <Active Vars>: ['total']
        <Future Vars>: []
        <Rewritten Code>:
        ### cell 2 ###

SM_SMALL = ["SM BOX", "SM CASE", "SM PACK", "SM PKG"]
MED_CONTAINER = ["MED BAG", "MED BOX", "MED PACK", "MED PKG"]
LG_CONTAINER = ["LG BOX", "LG CASE", "LG PACK", "LG PKG"]
SHIPMODES = ["AIR", "AIRREG"]

# Precompute lineitem columns to cut down __getitem__ calls
lq_line = lineitem["L_QUANTITY"]
si_line = lineitem["L_SHIPINSTRUCT"]
sm_line = lineitem["L_SHIPMODE"]

fline = lineitem[
    lq_line.between(4, 36)
    & (si_line == "DELIVER IN PERSON")
    & sm_line.isin(SHIPMODES)
]

# Precompute part columns
pb_part = part["P_BRAND"]
pc_part = part["P_CONTAINER"]
ps_part = part["P_SIZE"]

fpart = part[
    ((pb_part == "Brand#31") & pc_part.isin(SM_SMALL) & ps_part.between(1, 5))
    | ((pb_part == "Brand#43") & pc_part.isin(MED_CONTAINER) & ps_part.between(1, 10))
    | ((pb_part == "Brand#43") & pc_part.isin(LG_CONTAINER) & ps_part.between(1, 15))
]

# Join
df = fline.merge(fpart, left_on="L_PARTKEY", right_on="P_PARTKEY")

# Precompute merged columns
lq = df["L_QUANTITY"]
pb = df["P_BRAND"]
pc = df["P_CONTAINER"]

# Final filter (size checks for Brand#31 guaranteed by fpart)
mask_brand31 = (pb == "Brand#31") & lq.between(4, 14)
mask_brand43 = (pb == "Brand#43") & (
    (pc.isin(MED_CONTAINER) & lq.between(15, 25))
    | (pc.isin(LG_CONTAINER)  & lq.between(26, 36))
)
df = df[mask_brand31 | mask_brand43]

# Compute total on GPU
total = (df["L_EXTENDEDPRICE"] * (1.0 - df["L_DISCOUNT"])) .sum()
        <Profiling data>:
                        Function  GPU calls  CPU calls
0  DataFrame.__getitem__         14          0
1         Series.between          7          0
2        OpsMixin.__eq__          6          0
3       OpsMixin.__and__         12          0
4            Series.isin          6          0
5        OpsMixin.__or__          4          0
6        DataFrame.merge          1          0
7      OpsMixin.__rsub__          1          0
8       OpsMixin.__mul__          1          0
9             Series.sum          1          0
        <Execution time>: 105.0
        <Execution output>: Rewritten time: 105.0 ms
Original time: 143.0 ms
        <Iteration>: 5/5

==========Running the manager agent to decide the next step==========
Choice: done
Reason: The rewritten code is already significantly optimized, with a reduced execution time from 143.0 ms to 105.0 ms. The conditions and operations have been efficiently refactored to minimize calls and improve performance, using lists and vectorized operations effectively. No further iterations are available, and additional optimizations are unlikely to yield substantial improvements.
Code is already optimized
Try 4: calling rewrite agent for cell 2 took 3.511683464050293 seconds.
========================================================
After rewriting cell  2
Rewritten pre-checkpoint path: /home/dias-benchmarks/tpch/notebooks/q19/rewritten/o4_mini_high/checkpoints/post_cell_2_try_3.pickle
Pre-checkpoint path: /home/dias-benchmarks/tpch/notebooks/q19/annotated/checkpoints/post_cell_2.pickle
========================================================
Cell 2 rewriting took 653.7293653488159 seconds.
Getting original timing for cell 3
HAHA original checkpoint path:  /home/dias-benchmarks/tpch/notebooks/q19/annotated/checkpoints/post_cell_2.pickle
Setting initially best_rewritten_post_checkpoint_path:  /home/dias-benchmarks/tpch/notebooks/q19/annotated/checkpoints/post_cell_3.pickle
Setting initially best_small_rewritten_post_checkpoint_path:  /home/dias-benchmarks/tpch/notebooks/q19/q19_rewrite/checkpoints/pre_cell_4.pickle
========================================================
Rewriting cell 3... Try 0...
Manager agent prompt:
        <Original Code>:
        ### cell 3 ###

total = total + 1
        <Profiling data>:
        Empty DataFrame
Columns: []
Index: []

        <Execution time>: 0.00954
        <Active vars>: []

        <Future vars>: []

        <Iteration>: 1/5

==========Running the manager agent to decide the next step==========
Choice: new
Reason: There is no rewritten code and the original code can be optimized or revamped as it simply increments a variable, which might be part of a larger context that can be further optimized.
Generating new code from the original code
Prompt:
        <Original Code>:
        ### cell 3 ###

total = total + 1
        <Profiling data>:
        Empty DataFrame
Columns: []
Index: []

        <Execution time>: 0.00954
        <Active vars>: []

        <Future vars>: []

        <Iteration>: 1/5

Code: done
Reason: The code simply increments a scalar and has no CPU/GPU operations to optimize; no changes needed.
No Modifications made to the original code
Try 0: calling rewrite agent for cell 3 took 4.624812364578247 seconds.
There is no need to rewrite the cell.
Could not rewrite the cell. Continuing to next cell...
========================================================
After rewriting cell  3
Rewritten pre-checkpoint path: /home/dias-benchmarks/tpch/notebooks/q19/annotated/checkpoints/post_cell_3.pickle
Pre-checkpoint path: /home/dias-benchmarks/tpch/notebooks/q19/annotated/checkpoints/post_cell_3.pickle
========================================================
Cell 3 rewriting took 40.66292929649353 seconds.
Rewrote notebook in 712.2842926979065 seconds
