Annotated notebook saved to /home/dias-benchmarks/notebooks/roopacalistus/retail-supermarket-store-analysis/src/cell_exec_info.ipynb
Executing code: import sys, os
sys.path.insert(0, os.path.abspath('/home/ElasticNotebook'))
%load_ext ElasticNotebook
from elastic.core.common.pandas import compare_df
import pickle
import cudf
Executing code: %%RecordEventWithColumnInfo
import matplotlib.pyplot as plt
import seaborn as sns
import os
# STEFANOS: Conditionally import Modin Pandas
if "IREWR_WITH_MODIN" in os.environ and os.environ["IREWR_WITH_MODIN"] == "True":
    # STEFANOS: Import Modin Pandas
    import os
    os.environ["MODIN_ENGINE"] = "ray"
    import ray
    ray.init(num_cpus=int(os.environ['MODIN_CPUS']), runtime_env={'env_vars': {'__MODIN_AUTOIMPORT_PANDAS__': '1'}})
    import modin.pandas as pd
else:
    # STEFANOS: Import regular Pandas
    import pandas as pd
Executing code: %%RecordEventWithColumnInfo
### cell 0 ###

data=pd.read_csv("/home/dias-benchmarks/notebooks/roopacalistus/retail-supermarket-store-analysis/input/superstore/SampleSuperstore.csv")
Executing code: %%RecordEventWithColumnInfo
### cell 1 ###

# factor = 800
factor = 8
data = pd.concat([data]*factor)
data.info()
Executing code: %%RecordEventWithColumnInfo
### cell 2 ###

data.head()
Executing code: %%RecordEventWithColumnInfo
### cell 3 ###

data.info()
Executing code: %%RecordEventWithColumnInfo
### cell 4 ###

data.duplicated().sum()
Executing code: # STEFANOS: Disable this. It undos the data replication.
# data.drop_duplicates(inplace= True)
Executing code: %%RecordEventWithColumnInfo
### cell 5 ###

data.info()
Executing code: %%RecordEventWithColumnInfo
### cell 6 ###

data.drop(["Postal Code"], axis=1,inplace= True)
Executing code: %%RecordEventWithColumnInfo
### cell 7 ###

data.info()
Executing code: %%RecordEventWithColumnInfo
### cell 8 ###

data.corr(numeric_only=True)
Executing code: # STEFANOS: Disable plotting
# sns.heatmap(data.corr(), annot=True)
Executing code: %%RecordEventWithColumnInfo
### cell 9 ###

data["Ship Mode"].value_counts()
Executing code: # STEFANOS: Disable plotting
# sns.countplot(x= data['Ship Mode'])
Executing code: %%RecordEventWithColumnInfo
### cell 10 ###

data["Segment"].value_counts()
Executing code: # STEFANOS: Disable plotting
# sns.countplot(x= data['Segment'])
Executing code: %%RecordEventWithColumnInfo
### cell 11 ###

data["Category"].value_counts()
Executing code: # STEFANOS: Disable plotting
# sns.countplot(x= data['Category'])
Executing code: %%RecordEventWithColumnInfo
### cell 12 ###

data["Sub-Category"].value_counts()

Executing code: # STEFANOS: Disable plotting
# plt.figure(figsize=(15,15))
# plt.pie(data["Sub-Category"].value_counts(), labels= data["Sub-Category"].value_counts().index, autopct ="%2f")
# plt.show()
Executing code: %%RecordEventWithColumnInfo
### cell 13 ###

st_profit=data.groupby(["State"])["Profit"].sum().nlargest(20)
Executing code: %%RecordEventWithColumnInfo
### cell 14 ###

st_profit
Executing code: # STEFANOS: Disable plotting
# plt.figure(figsize=(15,8))
# st_profit.plot.bar()
Executing code: # STEFANOS: Disable plotting
# sns.lineplot(data=data, x="Discount", y= "Profit")
Executing code: # STEFANOS: Disable plotting
# data.plot(kind="scatter",x="Sales",y="Profit", c="Discount", colormap="Set1",figsize=(10,10))
Executing code: %%RecordEventWithColumnInfo
### cell 15 ###

data1= data.groupby("State")[["Sales","Profit"]].sum().sort_values(by="Sales", ascending=False)
# STEFANOS: Disable plotting
# data1[:].plot.bar(color = ["Green","Red"], figsize=(20,12))
# plt.title("Profit-Loss and Sales across States")
# plt.show()
Executing code: %%RecordEventWithColumnInfo
### cell 16 ###

data1= data.groupby("Region")[["Sales","Profit"]].sum().sort_values(by="Sales", ascending=False)
# STEFANOS: Disable plotting
# data1[:].plot.bar(color = ["Blue","Red"], figsize=(10,7))
# plt.title("Profit-Loss and Sales across Region")
# plt.show()
Executing code: %PrintCellInfo cell_exec_info
Executing code: %reset -f
Executing code: %reload_ext ElasticNotebook
Ran small notebook to get cell exec info in 6.143358945846558 seconds
Getting cudf profile information...
Annotated notebook saved to /home/dias-benchmarks/notebooks/roopacalistus/retail-supermarket-store-analysis/src/cudf_profile.ipynb
Done getting cudf profile information.
Ran small notebook to get cudf profile info in 49.83811068534851 seconds
Annotated notebook saved to /home/dias-benchmarks/notebooks/roopacalistus/retail-supermarket-store-analysis/src/annotated.ipynb
Executing code: %reset -f
Executing code: %reload_ext ElasticNotebook
Executing code: %load_ext cudf.pandas
Executing code: import sys, os
sys.path.insert(0, os.path.abspath('/home/ElasticNotebook'))
%load_ext ElasticNotebook
from elastic.core.common.pandas import compare_df
import pickle
import cudf
Executing code: %%RecordEvent
import matplotlib.pyplot as plt
import seaborn as sns
import os
# STEFANOS: Conditionally import Modin Pandas
if "IREWR_WITH_MODIN" in os.environ and os.environ["IREWR_WITH_MODIN"] == "True":
    # STEFANOS: Import Modin Pandas
    import os
    os.environ["MODIN_ENGINE"] = "ray"
    import ray
    ray.init(num_cpus=int(os.environ['MODIN_CPUS']), runtime_env={'env_vars': {'__MODIN_AUTOIMPORT_PANDAS__': '1'}})
    import modin.pandas as pd
else:
    # STEFANOS: Import regular Pandas
    import pandas as pd
Executing code: %Checkpoint /home/dias-benchmarks/notebooks/roopacalistus/retail-supermarket-store-analysis/src/annotated/checkpoints/pre_cell_0.pickle
Checkpointing took 0.0005917549133300781 seconds.
========================================================
Cell  0
Rewritten pre-checkpoint path: /home/dias-benchmarks/notebooks/roopacalistus/retail-supermarket-store-analysis/src/annotated/checkpoints/pre_cell_0.pickle
Pre-checkpoint path: /home/dias-benchmarks/notebooks/roopacalistus/retail-supermarket-store-analysis/src/annotated/checkpoints/pre_cell_0.pickle
========================================================
Getting original timing for cell 0
HAHA original checkpoint path:  /home/dias-benchmarks/notebooks/roopacalistus/retail-supermarket-store-analysis/src/annotated/checkpoints/pre_cell_0.pickle
HAHA setting initially best_rewritten_post_checkpoint_path:  /home/dias-benchmarks/notebooks/roopacalistus/retail-supermarket-store-analysis/src/annotated/checkpoints/post_cell_0.pickle
========================================================
Rewriting cell 0... Try 0...
Manager agent prompt:
        <Original Code>:
        ### cell 0 ###

data=pd.read_csv("/home/dias-benchmarks/notebooks/roopacalistus/retail-supermarket-store-analysis/input/superstore/SampleSuperstore.csv")
        <Profiling data>:
           Function  GPU calls  CPU calls
0  read_csv          1          0

        <Execution time>: 83.7
        <Active vars>: ['data']

        <Future vars>: []

        <Iteration>: 0/3

==========Running the manager agent to decide the next step==========
Choice: new
Reason: There is no rewritten code available and we can optimize the original code using cudf to improve performance for reading CSV files.
Generating new code from the original code
Prompt:
        <Original Code>:
        ### cell 0 ###

data=pd.read_csv("/home/dias-benchmarks/notebooks/roopacalistus/retail-supermarket-store-analysis/input/superstore/SampleSuperstore.csv")
        <Profiling data>:
           Function  GPU calls  CPU calls
0  read_csv          1          0

        <Execution time>: 83.7
        <Active vars>: ['data']

        <Future vars>: []

        <Iteration>: 0/3

Code: done
Reason: The pd.read_csv call is already dispatched to the GPU via cudf (gpu calls: 1, cpu calls: 0) and there are no CPU-bound operations to optimize in this cell.
No Modifications made to the original code
Try 0: calling rewrite agent for cell 0 took 8.254775524139404 seconds.
There is no need to rewrite the cell.
Could not rewrite the cell. Continuing to next cell...
========================================================
After rewriting cell  0
Rewritten pre-checkpoint path: /home/dias-benchmarks/notebooks/roopacalistus/retail-supermarket-store-analysis/src/annotated/checkpoints/post_cell_0.pickle
Pre-checkpoint path: /home/dias-benchmarks/notebooks/roopacalistus/retail-supermarket-store-analysis/src/annotated/checkpoints/post_cell_0.pickle
========================================================
Cell 0 rewriting took 17.152064323425293 seconds.
Getting original timing for cell 1
HAHA original checkpoint path:  /home/dias-benchmarks/notebooks/roopacalistus/retail-supermarket-store-analysis/src/annotated/checkpoints/post_cell_0.pickle
HAHA setting initially best_rewritten_post_checkpoint_path:  /home/dias-benchmarks/notebooks/roopacalistus/retail-supermarket-store-analysis/src/annotated/checkpoints/post_cell_1.pickle
========================================================
Rewriting cell 1... Try 0...
Manager agent prompt:
        <Original Code>:
        ### cell 1 ###

# factor = 800
factor = 800
data = pd.concat([data]*factor)
data.info()
        <Profiling data>:
                 Function  GPU calls  CPU calls
0          concat          1          0
1  DataFrame.info          1          0

        <Execution time>: 669.0
        <Active vars>: ['data']

        <Future vars>: []

        <Iteration>: 0/3

==========Running the manager agent to decide the next step==========
Choice: new
Reason: The operation is a concatenation, which might be optimized by using cudf for GPU acceleration. Since there is no rewritten code, we should try to optimize the original code using GPU capabilities.
Generating new code from the original code
Prompt:
        <Original Code>:
        ### cell 1 ###

# factor = 800
factor = 800
data = pd.concat([data]*factor)
data.info()
        <Profiling data>:
                 Function  GPU calls  CPU calls
0          concat          1          0
1  DataFrame.info          1          0

        <Execution time>: 669.0
        <Active vars>: ['data']

        <Future vars>: []

        <Iteration>: 0/3

Code: factor = 800
# Use ignore_index to avoid expensive index concatenation
# All ops remain on the GPU
data = pd.concat([data] * factor, ignore_index=True)
data.info()
Reason: By passing ignore_index=True we eliminate the overhead of reconstructing and merging the original index across 800 copies, keeping the entire operation on the GPU and reducing concat overhead.
Parsed response: factor = 800
# Use ignore_index to avoid expensive index concatenation
# All ops remain on the GPU
data = pd.concat([data] * factor, ignore_index=True)
data.info()
Try 0: calling rewrite agent for cell 1 took 31.37345051765442 seconds.
Executing rewritten code... ### cell 1 ###

factor = 800
# Use ignore_index to avoid expensive index concatenation
# All ops remain on the GPU
data = pd.concat([data] * factor, ignore_index=True)
data.info()
HAHA rewritten pre-checkpoint path:  /home/dias-benchmarks/notebooks/roopacalistus/retail-supermarket-store-analysis/src/annotated/checkpoints/post_cell_0.pickle
Running rewritten cell notebook
An unexpected error occurred An error occurred while executing the following cell:
------------------
data_opt = data
%LoadCheckpoint /home/dias-benchmarks/notebooks/roopacalistus/retail-supermarket-store-analysis/src/annotated/checkpoints/post_cell_1.pickle
assert compare_df(data_opt, data)

import numpy as np
import cudf
from elastic.core.common.pandas import is_type_styler
is_orig_output_pd = isinstance(orig_output, (pd.Series, pd.DataFrame, pd.Index))
is_opt_output_pd = isinstance(opt_output, (pd.Series, pd.DataFrame, pd.Index))
is_orig_output_array = isinstance(orig_output, (cudf.pandas._wrappers.numpy.ndarray, np.ndarray))
is_opt_output_array = isinstance(opt_output, (cudf.pandas._wrappers.numpy.ndarray, np.ndarray))
is_orig_output_styler = is_type_styler(type(orig_output))
is_opt_output_styler = is_type_styler(type(opt_output))
if is_orig_output_styler and is_opt_output_styler:
    assert orig_output.to_html() == opt_output.to_html()
elif is_orig_output_styler:
    assert orig_output.to_html() == opt_output.to_html()
elif is_opt_output_styler:
    assert opt_output.to_html() == orig_output

if is_orig_output_pd and is_opt_output_pd:
    assert orig_output.equals(opt_output)
# TODO(jie): this is a hack.
elif ((is_orig_output_pd or is_opt_output_pd) and (is_orig_output_array or is_opt_output_array)) or (is_orig_output_array and is_opt_output_array):
    assert list(orig_output) == list(opt_output)
else:
    assert orig_output == opt_output

------------------

----- stdout -----
[[<elastic.core.graph.variable_snapshot.VariableSnapshot object at 0x7f47ebe0f5e0>], [<elastic.core.graph.variable_snapshot.VariableSnapshot object at 0x7f47ebe0ef80>], [<elastic.core.graph.variable_snapshot.VariableSnapshot object at 0x7f47ebe0f520>], [<elastic.core.graph.variable_snapshot.VariableSnapshot object at 0x7f47ebe0fa30>], [<elastic.core.graph.variable_snapshot.VariableSnapshot object at 0x7f47ebe0f8e0>], [<elastic.core.graph.variable_snapshot.VariableSnapshot object at 0x7f47ebe0fb20>]]
trying: ['sns']
me:  0
trying: ['plt']
me:  0
trying: ['orig_output']
me:  2
trying: ['factor']
me:  3
trying: ['data']
----- stdout -----
me:  3
trying: ['pd']
me:  0
----- stdout -----
Declaring variable sns
Declaring variable plt
Declaring variable pd
Declaring variable orig_output
Declaring variable factor
Declaring variable data
------------------

[0;31m---------------------------------------------------------------------------[0m
[0;31mValueError[0m                                Traceback (most recent call last)
Cell [0;32mIn [9], line 3[0m
[1;32m      1[0m data_opt [38;5;241m=[39m data
[1;32m      2[0m get_ipython()[38;5;241m.[39mrun_line_magic([38;5;124m'[39m[38;5;124mLoadCheckpoint[39m[38;5;124m'[39m, [38;5;124m'[39m[38;5;124m/home/dias-benchmarks/notebooks/roopacalistus/retail-supermarket-store-analysis/src/annotated/checkpoints/post_cell_1.pickle[39m[38;5;124m'[39m)
[0;32m----> 3[0m [38;5;28;01massert[39;00m [43mcompare_df[49m[43m([49m[43mdata_opt[49m[43m,[49m[43m [49m[43mdata[49m[43m)[49m
[1;32m      5[0m [38;5;28;01mimport[39;00m[38;5;250m [39m[38;5;21;01mnumpy[39;00m[38;5;250m [39m[38;5;28;01mas[39;00m[38;5;250m [39m[38;5;21;01mnp[39;00m
[1;32m      6[0m [38;5;28;01mimport[39;00m[38;5;250m [39m[38;5;21;01mcudf[39;00m

File [0;32m/home/ElasticNotebook/elastic/core/common/pandas.py:94[0m, in [0;36mcompare_df[0;34m(df1, df2)[0m
[1;32m     91[0m         [38;5;28;01mraise[39;00m [38;5;167;01mValueError[39;00m([38;5;124mf[39m[38;5;124m"[39m[38;5;124mData type mismatch: [39m[38;5;132;01m{[39;00mdf1[38;5;241m.[39mdtype[38;5;132;01m}[39;00m[38;5;124m vs [39m[38;5;132;01m{[39;00mdf2[38;5;241m.[39mdtype[38;5;132;01m}[39;00m[38;5;124m"[39m)
[1;32m     93[0m [38;5;28;01mif[39;00m hash_df(df1) [38;5;241m!=[39m hash_df(df2):
[0;32m---> 94[0m     [38;5;28;01mraise[39;00m [38;5;167;01mValueError[39;00m([38;5;124mf[39m[38;5;124m"[39m[38;5;124mContent of df1 and df2 do not match[39m[38;5;124m"[39m)
[1;32m     96[0m [38;5;28;01mreturn[39;00m [38;5;28;01mTrue[39;00m

[0;31mValueError[0m: Content of df1 and df2 do not match

Rewritten time: inf ms
========================================================
Rewriting cell 1... Try 1...
Manager agent prompt:
        <Original Code>:
        ### cell 1 ###

# factor = 800
factor = 800
data = pd.concat([data]*factor)
data.info()
        <Profiling data>:
                 Function  GPU calls  CPU calls
0          concat          1          0
1  DataFrame.info          1          0
        <Execution time>: 669.0
        <Active Vars>: ['data']
        <Future Vars>: []
        <Rewritten Code>:
        ### cell 1 ###

factor = 800
# Use ignore_index to avoid expensive index concatenation
# All ops remain on the GPU
data = pd.concat([data] * factor, ignore_index=True)
data.info()
        <Profiling data>:
        None
        <Execution time>: inf
        <Execution output>: The rewritten code resulted in a runtime error. An error occurred while executing the following cell:
------------------
data_opt = data
%LoadCheckpoint /home/dias-benchmarks/notebooks/roopacalistus/retail-supermarket-store-analysis/src/annotated/checkpoints/post_cell_1.pickle
assert compare_df(data_opt, data)

import numpy as np
import cudf
from elastic.core.common.pandas import is_type_styler
is_orig_output_pd = isinstance(orig_output, (pd.Series, pd.DataFrame, pd.Index))
is_opt_output_pd = isinstance(opt_output, (pd.Series, pd.DataFrame, pd.Index))
is_orig_output_array = isinstance(orig_output, (cudf.pandas._wrappers.numpy.ndarray, np.ndarray))
is_opt_output_array = isinstance(opt_output, (cudf.pandas._wrappers.numpy.ndarray, np.ndarray))
is_orig_output_styler = is_type_styler(type(orig_output))
is_opt_output_styler = is_type_styler(type(opt_output))
if is_orig_output_styler and is_opt_output_styler:
    assert orig_output.to_html() == opt_output.to_html()
elif is_orig_output_styler:
    assert orig_output.to_html() == opt_output.to_html()
elif is_opt_output_styler:
    assert opt_output.to_html() == orig_output

if is_orig_output_pd and is_opt_output_pd:
    assert orig_output.equals(opt_output)
# TODO(jie): this is a hack.
elif ((is_orig_output_pd or is_opt_output_pd) and (is_orig_output_array or is_opt_output_array)) or (is_orig_output_array and is_opt_output_array):
    assert list(orig_output) == list(opt_output)
else:
    assert orig_output == opt_output

------------------

----- stdout -----
[[<elastic.core.graph.variable_snapshot.VariableSnapshot object at 0x7f47ebe0f5e0>], [<elastic.core.graph.variable_snapshot.VariableSnapshot object at 0x7f47ebe0ef80>], [<elastic.core.graph.variable_snapshot.VariableSnapshot object at 0x7f47ebe0f520>], [<elastic.core.graph.variable_snapshot.VariableSnapshot object at 0x7f47ebe0fa30>], [<elastic.core.graph.variable_snapshot.VariableSnapshot object at 0x7f47ebe0f8e0>], [<elastic.core.graph.variable_snapshot.VariableSnapshot object at 0x7f47ebe0fb20>]]
trying: ['sns']
me:  0
trying: ['plt']
me:  0
trying: ['orig_output']
me:  2
trying: ['factor']
me:  3
trying: ['data']
----- stdout -----
me:  3
trying: ['pd']
me:  0
----- stdout -----
Declaring variable sns
Declaring variable plt
Declaring variable pd
Declaring variable orig_output
Declaring variable factor
Declaring variable data
------------------

[0;31m---------------------------------------------------------------------------[0m
[0;31mValueError[0m                                Traceback (most recent call last)
Cell [0;32mIn [9], line 3[0m
[1;32m      1[0m data_opt [38;5;241m=[39m data
[1;32m      2[0m get_ipython()[38;5;241m.[39mrun_line_magic([38;5;124m'[39m[38;5;124mLoadCheckpoint[39m[38;5;124m'[39m, [38;5;124m'[39m[38;5;124m/home/dias-benchmarks/notebooks/roopacalistus/retail-supermarket-store-analysis/src/annotated/checkpoints/post_cell_1.pickle[39m[38;5;124m'[39m)
[0;32m----> 3[0m [38;5;28;01massert[39;00m [43mcompare_df[49m[43m([49m[43mdata_opt[49m[43m,[49m[43m [49m[43mdata[49m[43m)[49m
[1;32m      5[0m [38;5;28;01mimport[39;00m[38;5;250m [39m[38;5;21;01mnumpy[39;00m[38;5;250m [39m[38;5;28;01mas[39;00m[38;5;250m [39m[38;5;21;01mnp[39;00m
[1;32m      6[0m [38;5;28;01mimport[39;00m[38;5;250m [39m[38;5;21;01mcudf[39;00m

File [0;32m/home/ElasticNotebook/elastic/core/common/pandas.py:94[0m, in [0;36mcompare_df[0;34m(df1, df2)[0m
[1;32m     91[0m         [38;5;28;01mraise[39;00m [38;5;167;01mValueError[39;00m([38;5;124mf[39m[38;5;124m"[39m[38;5;124mData type mismatch: [39m[38;5;132;01m{[39;00mdf1[38;5;241m.[39mdtype[38;5;132;01m}[39;00m[38;5;124m vs [39m[38;5;132;01m{[39;00mdf2[38;5;241m.[39mdtype[38;5;132;01m}[39;00m[38;5;124m"[39m)
[1;32m     93[0m [38;5;28;01mif[39;00m hash_df(df1) [38;5;241m!=[39m hash_df(df2):
[0;32m---> 94[0m     [38;5;28;01mraise[39;00m [38;5;167;01mValueError[39;00m([38;5;124mf[39m[38;5;124m"[39m[38;5;124mContent of df1 and df2 do not match[39m[38;5;124m"[39m)
[1;32m     96[0m [38;5;28;01mreturn[39;00m [38;5;28;01mTrue[39;00m

[0;31mValueError[0m: Content of df1 and df2 do not match

        <Iteration>: 1/1

==========Running the manager agent to decide the next step==========
Choice: repair
Reason: The rewritten code resulted in a runtime error, so we need to fix it.
Code fixer prompt:
        <Original Code>:
        ### cell 1 ###

# factor = 800
factor = 800
data = pd.concat([data]*factor)
data.info()
        <Profiling data>:
                 Function  GPU calls  CPU calls
0          concat          1          0
1  DataFrame.info          1          0
        <Execution time>: 669.0
        <Active Vars>: ['data']
        <Future Vars>: []
        <Rewritten Code>:
        ### cell 1 ###

factor = 800
# Use ignore_index to avoid expensive index concatenation
# All ops remain on the GPU
data = pd.concat([data] * factor, ignore_index=True)
data.info()
        <Profiling data>:
        None
        <Execution time>: inf
        <Execution output>: The rewritten code resulted in a runtime error. An error occurred while executing the following cell:
------------------
data_opt = data
%LoadCheckpoint /home/dias-benchmarks/notebooks/roopacalistus/retail-supermarket-store-analysis/src/annotated/checkpoints/post_cell_1.pickle
assert compare_df(data_opt, data)

import numpy as np
import cudf
from elastic.core.common.pandas import is_type_styler
is_orig_output_pd = isinstance(orig_output, (pd.Series, pd.DataFrame, pd.Index))
is_opt_output_pd = isinstance(opt_output, (pd.Series, pd.DataFrame, pd.Index))
is_orig_output_array = isinstance(orig_output, (cudf.pandas._wrappers.numpy.ndarray, np.ndarray))
is_opt_output_array = isinstance(opt_output, (cudf.pandas._wrappers.numpy.ndarray, np.ndarray))
is_orig_output_styler = is_type_styler(type(orig_output))
is_opt_output_styler = is_type_styler(type(opt_output))
if is_orig_output_styler and is_opt_output_styler:
    assert orig_output.to_html() == opt_output.to_html()
elif is_orig_output_styler:
    assert orig_output.to_html() == opt_output.to_html()
elif is_opt_output_styler:
    assert opt_output.to_html() == orig_output

if is_orig_output_pd and is_opt_output_pd:
    assert orig_output.equals(opt_output)
# TODO(jie): this is a hack.
elif ((is_orig_output_pd or is_opt_output_pd) and (is_orig_output_array or is_opt_output_array)) or (is_orig_output_array and is_opt_output_array):
    assert list(orig_output) == list(opt_output)
else:
    assert orig_output == opt_output

------------------

----- stdout -----
[[<elastic.core.graph.variable_snapshot.VariableSnapshot object at 0x7f47ebe0f5e0>], [<elastic.core.graph.variable_snapshot.VariableSnapshot object at 0x7f47ebe0ef80>], [<elastic.core.graph.variable_snapshot.VariableSnapshot object at 0x7f47ebe0f520>], [<elastic.core.graph.variable_snapshot.VariableSnapshot object at 0x7f47ebe0fa30>], [<elastic.core.graph.variable_snapshot.VariableSnapshot object at 0x7f47ebe0f8e0>], [<elastic.core.graph.variable_snapshot.VariableSnapshot object at 0x7f47ebe0fb20>]]
trying: ['sns']
me:  0
trying: ['plt']
me:  0
trying: ['orig_output']
me:  2
trying: ['factor']
me:  3
trying: ['data']
----- stdout -----
me:  3
trying: ['pd']
me:  0
----- stdout -----
Declaring variable sns
Declaring variable plt
Declaring variable pd
Declaring variable orig_output
Declaring variable factor
Declaring variable data
------------------

[0;31m---------------------------------------------------------------------------[0m
[0;31mValueError[0m                                Traceback (most recent call last)
Cell [0;32mIn [9], line 3[0m
[1;32m      1[0m data_opt [38;5;241m=[39m data
[1;32m      2[0m get_ipython()[38;5;241m.[39mrun_line_magic([38;5;124m'[39m[38;5;124mLoadCheckpoint[39m[38;5;124m'[39m, [38;5;124m'[39m[38;5;124m/home/dias-benchmarks/notebooks/roopacalistus/retail-supermarket-store-analysis/src/annotated/checkpoints/post_cell_1.pickle[39m[38;5;124m'[39m)
[0;32m----> 3[0m [38;5;28;01massert[39;00m [43mcompare_df[49m[43m([49m[43mdata_opt[49m[43m,[49m[43m [49m[43mdata[49m[43m)[49m
[1;32m      5[0m [38;5;28;01mimport[39;00m[38;5;250m [39m[38;5;21;01mnumpy[39;00m[38;5;250m [39m[38;5;28;01mas[39;00m[38;5;250m [39m[38;5;21;01mnp[39;00m
[1;32m      6[0m [38;5;28;01mimport[39;00m[38;5;250m [39m[38;5;21;01mcudf[39;00m

File [0;32m/home/ElasticNotebook/elastic/core/common/pandas.py:94[0m, in [0;36mcompare_df[0;34m(df1, df2)[0m
[1;32m     91[0m         [38;5;28;01mraise[39;00m [38;5;167;01mValueError[39;00m([38;5;124mf[39m[38;5;124m"[39m[38;5;124mData type mismatch: [39m[38;5;132;01m{[39;00mdf1[38;5;241m.[39mdtype[38;5;132;01m}[39;00m[38;5;124m vs [39m[38;5;132;01m{[39;00mdf2[38;5;241m.[39mdtype[38;5;132;01m}[39;00m[38;5;124m"[39m)
[1;32m     93[0m [38;5;28;01mif[39;00m hash_df(df1) [38;5;241m!=[39m hash_df(df2):
[0;32m---> 94[0m     [38;5;28;01mraise[39;00m [38;5;167;01mValueError[39;00m([38;5;124mf[39m[38;5;124m"[39m[38;5;124mContent of df1 and df2 do not match[39m[38;5;124m"[39m)
[1;32m     96[0m [38;5;28;01mreturn[39;00m [38;5;28;01mTrue[39;00m

[0;31mValueError[0m: Content of df1 and df2 do not match

        <Iteration>: 1/1

Repairing the last generated code
Code: ### cell 1 ###
factor = 800
# Perform the concatenation entirely on the GPU and preserve the original index
# (dropping ignore_index so that the resulting DataFrame matches the original semantics)
data = pd.concat([data] * factor, sort=False)
data.info()
Reason: By removing the `ignore_index=True` argument we preserve the original index values and dtypes, ensuring that the optimized output is bit‐for‐bit equivalent to the original. The `sort=False` flag avoids any unnecessary column‐sorting overhead, and since `%load_ext cudf.pandas` is in effect, `pd.concat` runs on the GPU automatically.
Parsed response: ### cell 1 ###
factor = 800
# Perform the concatenation entirely on the GPU and preserve the original index
# (dropping ignore_index so that the resulting DataFrame matches the original semantics)
data = pd.concat([data] * factor, sort=False)
data.info()
Try 1: calling rewrite agent for cell 1 took 25.293614864349365 seconds.
Executing rewritten code... ### cell 1 ###
factor = 800
# Perform the concatenation entirely on the GPU and preserve the original index
# (dropping ignore_index so that the resulting DataFrame matches the original semantics)
data = pd.concat([data] * factor, sort=False)
data.info()
HAHA rewritten pre-checkpoint path:  /home/dias-benchmarks/notebooks/roopacalistus/retail-supermarket-store-analysis/src/annotated/checkpoints/post_cell_0.pickle
Running rewritten cell notebook
Finished executing the rewritten code.
Try 1: executing the rewritten code for cell 1 took 36.19699954986572 seconds.
Rewritten time: 693.0 ms
The rewritten code is correct. Profiling cudf...
HAHA rewritten pre-checkpoint path:  /home/dias-benchmarks/notebooks/roopacalistus/retail-supermarket-store-analysis/src/annotated/checkpoints/post_cell_0.pickle
Try 1: cudf profiling the rewritten code for cell 1 took 10.252143383026123 seconds.
gpu_calls_orig_perc: 1.0, gpu_calls_opt_perc: 1.0
orig_time: 669.0, opt_time: 693.0
Ratio improves.
Improvement in percentage does not make up for the slowdown.
Rewritten code took 693.0ms. The previous fastest solution took 669.0ms.
Previous best solution num GPU and CPU calls:  2 0
New solution num GPU and CPU calls:  2 0
Could not rewrite the cell. Continuing to next cell...
========================================================
After rewriting cell  1
Rewritten pre-checkpoint path: /home/dias-benchmarks/notebooks/roopacalistus/retail-supermarket-store-analysis/src/annotated/checkpoints/post_cell_1.pickle
Pre-checkpoint path: /home/dias-benchmarks/notebooks/roopacalistus/retail-supermarket-store-analysis/src/annotated/checkpoints/post_cell_1.pickle
========================================================
Cell 1 rewriting took 172.59377360343933 seconds.
Getting original timing for cell 2
HAHA original checkpoint path:  /home/dias-benchmarks/notebooks/roopacalistus/retail-supermarket-store-analysis/src/annotated/checkpoints/post_cell_1.pickle
HAHA setting initially best_rewritten_post_checkpoint_path:  /home/dias-benchmarks/notebooks/roopacalistus/retail-supermarket-store-analysis/src/annotated/checkpoints/post_cell_2.pickle
========================================================
Rewriting cell 2... Try 0...
Manager agent prompt:
        <Original Code>:
        ### cell 2 ###

data.head()
        <Profiling data>:
                     Function  GPU calls  CPU calls
0        NDFrame.head          1          0
1  DataFrame.__repr__          1          0

        <Execution time>: 9.9
        <Active vars>: []

        <Future vars>: ['data']

        <Iteration>: 0/3

==========Running the manager agent to decide the next step==========
Choice: done
Reason: The code is primarily for inspection using `.head()`, which cannot be meaningfully optimized. This fits the use case where the code is optimal for inspection.
Code is already optimized
Try 0: calling rewrite agent for cell 2 took 1.6632094383239746 seconds.
There is no need to rewrite the cell.
Could not rewrite the cell. Continuing to next cell...
========================================================
After rewriting cell  2
Rewritten pre-checkpoint path: /home/dias-benchmarks/notebooks/roopacalistus/retail-supermarket-store-analysis/src/annotated/checkpoints/post_cell_2.pickle
Pre-checkpoint path: /home/dias-benchmarks/notebooks/roopacalistus/retail-supermarket-store-analysis/src/annotated/checkpoints/post_cell_2.pickle
========================================================
Cell 2 rewriting took 50.11802268028259 seconds.
Getting original timing for cell 3
HAHA original checkpoint path:  /home/dias-benchmarks/notebooks/roopacalistus/retail-supermarket-store-analysis/src/annotated/checkpoints/post_cell_2.pickle
HAHA setting initially best_rewritten_post_checkpoint_path:  /home/dias-benchmarks/notebooks/roopacalistus/retail-supermarket-store-analysis/src/annotated/checkpoints/post_cell_3.pickle
========================================================
Rewriting cell 3... Try 0...
Manager agent prompt:
        <Original Code>:
        ### cell 3 ###

data.info()
        <Profiling data>:
                 Function  GPU calls  CPU calls
0  DataFrame.info          1          0

        <Execution time>: 41.6
        <Active vars>: []

        <Future vars>: ['data']

        <Iteration>: 0/3

==========Running the manager agent to decide the next step==========
Choice: done
Reason: The code in question is a call to `.info()`, which is used for inspection purposes. Since this is for informational output, it doesn't require optimization.
Code is already optimized
Try 0: calling rewrite agent for cell 3 took 1.7575345039367676 seconds.
There is no need to rewrite the cell.
Could not rewrite the cell. Continuing to next cell...
========================================================
After rewriting cell  3
Rewritten pre-checkpoint path: /home/dias-benchmarks/notebooks/roopacalistus/retail-supermarket-store-analysis/src/annotated/checkpoints/post_cell_3.pickle
Pre-checkpoint path: /home/dias-benchmarks/notebooks/roopacalistus/retail-supermarket-store-analysis/src/annotated/checkpoints/post_cell_3.pickle
========================================================
Cell 3 rewriting took 49.7756609916687 seconds.
Getting original timing for cell 4
HAHA original checkpoint path:  /home/dias-benchmarks/notebooks/roopacalistus/retail-supermarket-store-analysis/src/annotated/checkpoints/post_cell_3.pickle
HAHA setting initially best_rewritten_post_checkpoint_path:  /home/dias-benchmarks/notebooks/roopacalistus/retail-supermarket-store-analysis/src/annotated/checkpoints/post_cell_4.pickle
========================================================
Rewriting cell 4... Try 0...
Manager agent prompt:
        <Original Code>:
        ### cell 4 ###

data.duplicated().sum()
        <Profiling data>:
                       Function  GPU calls  CPU calls
0  DataFrame.duplicated          1          0
1            Series.sum          1          0

        <Execution time>: 58.8
        <Active vars>: []

        <Future vars>: ['data']

        <Iteration>: 0/3

==========Running the manager agent to decide the next step==========
Choice: new
Reason: The current code is using DataFrame operations that might be optimized using different methods or libraries. Since there is no rewritten code, we should try optimizing the original code for possible improvements.
Generating new code from the original code
Prompt:
        <Original Code>:
        ### cell 4 ###

data.duplicated().sum()
        <Profiling data>:
                       Function  GPU calls  CPU calls
0  DataFrame.duplicated          1          0
1            Series.sum          1          0

        <Execution time>: 58.8
        <Active vars>: []

        <Future vars>: ['data']

        <Iteration>: 0/3

Code: done
Reason: The operation is already fully GPU-accelerated with cudf, using vectorized APIs and no CPU calls. No further optimization is possible for this one-liner.
No Modifications made to the original code
Try 0: calling rewrite agent for cell 4 took 14.875806331634521 seconds.
There is no need to rewrite the cell.
Could not rewrite the cell. Continuing to next cell...
========================================================
After rewriting cell  4
Rewritten pre-checkpoint path: /home/dias-benchmarks/notebooks/roopacalistus/retail-supermarket-store-analysis/src/annotated/checkpoints/post_cell_4.pickle
Pre-checkpoint path: /home/dias-benchmarks/notebooks/roopacalistus/retail-supermarket-store-analysis/src/annotated/checkpoints/post_cell_4.pickle
========================================================
Cell 4 rewriting took 62.779420137405396 seconds.
Getting original timing for cell 5
HAHA original checkpoint path:  /home/dias-benchmarks/notebooks/roopacalistus/retail-supermarket-store-analysis/src/annotated/checkpoints/post_cell_4.pickle
HAHA setting initially best_rewritten_post_checkpoint_path:  /home/dias-benchmarks/notebooks/roopacalistus/retail-supermarket-store-analysis/src/annotated/checkpoints/post_cell_5.pickle
========================================================
Rewriting cell 5... Try 0...
Manager agent prompt:
        <Original Code>:
        ### cell 5 ###

data.info()
        <Profiling data>:
                 Function  GPU calls  CPU calls
0  DataFrame.info          1          0

        <Execution time>: 35.5
        <Active vars>: []

        <Future vars>: ['data']

        <Iteration>: 0/3

==========Running the manager agent to decide the next step==========
Choice: done
Reason: The code uses `info()` which is primarily for inspection and debugging, not for performance optimization.
Code is already optimized
Try 0: calling rewrite agent for cell 5 took 1.048208236694336 seconds.
There is no need to rewrite the cell.
Could not rewrite the cell. Continuing to next cell...
========================================================
After rewriting cell  5
Rewritten pre-checkpoint path: /home/dias-benchmarks/notebooks/roopacalistus/retail-supermarket-store-analysis/src/annotated/checkpoints/post_cell_5.pickle
Pre-checkpoint path: /home/dias-benchmarks/notebooks/roopacalistus/retail-supermarket-store-analysis/src/annotated/checkpoints/post_cell_5.pickle
========================================================
Cell 5 rewriting took 49.361374616622925 seconds.
Getting original timing for cell 6
HAHA original checkpoint path:  /home/dias-benchmarks/notebooks/roopacalistus/retail-supermarket-store-analysis/src/annotated/checkpoints/post_cell_5.pickle
HAHA setting initially best_rewritten_post_checkpoint_path:  /home/dias-benchmarks/notebooks/roopacalistus/retail-supermarket-store-analysis/src/annotated/checkpoints/post_cell_6.pickle
========================================================
Rewriting cell 6... Try 0...
Manager agent prompt:
        <Original Code>:
        ### cell 6 ###

data.drop(["Postal Code"], axis=1,inplace= True)
        <Profiling data>:
                 Function  GPU calls  CPU calls
0  DataFrame.drop          1          0

        <Execution time>: 0.718
        <Active vars>: ['data']

        <Future vars>: []

        <Iteration>: 0/3

==========Running the manager agent to decide the next step==========
Choice: new
Reason: There is no rewritten code available, so we should focus on optimizing the original code to find a more efficient solution.
Generating new code from the original code
Prompt:
        <Original Code>:
        ### cell 6 ###

data.drop(["Postal Code"], axis=1,inplace= True)
        <Profiling data>:
                 Function  GPU calls  CPU calls
0  DataFrame.drop          1          0

        <Execution time>: 0.718
        <Active vars>: ['data']

        <Future vars>: []

        <Iteration>: 0/3

Code: done
Reason: The drop operation already executes on the GPU (1 GPU call, 0 CPU calls). No further optimization is needed.
No Modifications made to the original code
Try 0: calling rewrite agent for cell 6 took 5.965544700622559 seconds.
There is no need to rewrite the cell.
Could not rewrite the cell. Continuing to next cell...
========================================================
After rewriting cell  6
Rewritten pre-checkpoint path: /home/dias-benchmarks/notebooks/roopacalistus/retail-supermarket-store-analysis/src/annotated/checkpoints/post_cell_6.pickle
Pre-checkpoint path: /home/dias-benchmarks/notebooks/roopacalistus/retail-supermarket-store-analysis/src/annotated/checkpoints/post_cell_6.pickle
========================================================
Cell 6 rewriting took 63.001901626586914 seconds.
Getting original timing for cell 7
HAHA original checkpoint path:  /home/dias-benchmarks/notebooks/roopacalistus/retail-supermarket-store-analysis/src/annotated/checkpoints/post_cell_6.pickle
HAHA setting initially best_rewritten_post_checkpoint_path:  /home/dias-benchmarks/notebooks/roopacalistus/retail-supermarket-store-analysis/src/annotated/checkpoints/post_cell_7.pickle
========================================================
Rewriting cell 7... Try 0...
Manager agent prompt:
        <Original Code>:
        ### cell 7 ###

data.info()
        <Profiling data>:
                 Function  GPU calls  CPU calls
0  DataFrame.info          1          0

        <Execution time>: 41.2
        <Active vars>: []

        <Future vars>: ['data']

        <Iteration>: 0/3

==========Running the manager agent to decide the next step==========
Choice: done
Reason: The code is for inspection using `data.info()`, which cannot be meaningfully optimized.
Code is already optimized
Try 0: calling rewrite agent for cell 7 took 1.348357915878296 seconds.
There is no need to rewrite the cell.
Could not rewrite the cell. Continuing to next cell...
========================================================
After rewriting cell  7
Rewritten pre-checkpoint path: /home/dias-benchmarks/notebooks/roopacalistus/retail-supermarket-store-analysis/src/annotated/checkpoints/post_cell_7.pickle
Pre-checkpoint path: /home/dias-benchmarks/notebooks/roopacalistus/retail-supermarket-store-analysis/src/annotated/checkpoints/post_cell_7.pickle
========================================================
Cell 7 rewriting took 47.53018832206726 seconds.
Getting original timing for cell 8
HAHA original checkpoint path:  /home/dias-benchmarks/notebooks/roopacalistus/retail-supermarket-store-analysis/src/annotated/checkpoints/post_cell_7.pickle
HAHA setting initially best_rewritten_post_checkpoint_path:  /home/dias-benchmarks/notebooks/roopacalistus/retail-supermarket-store-analysis/src/annotated/checkpoints/post_cell_8.pickle
========================================================
Rewriting cell 8... Try 0...
Manager agent prompt:
        <Original Code>:
        ### cell 8 ###

data.corr(numeric_only=True)
        <Profiling data>:
                     Function  GPU calls  CPU calls
0      DataFrame.corr          0          1
1  DataFrame.__repr__          1          0

        <Execution time>: 3430.0
        <Active vars>: []

        <Future vars>: ['data']

        <Iteration>: 0/3

==========Running the manager agent to decide the next step==========
Choice: new
Reason: The original code can potentially be optimized further by exploring alternatives for the correlation calculation, especially focusing on GPU acceleration options like cuDF.
Generating new code from the original code
Prompt:
        <Original Code>:
        ### cell 8 ###

data.corr(numeric_only=True)
        <Profiling data>:
                     Function  GPU calls  CPU calls
0      DataFrame.corr          0          1
1  DataFrame.__repr__          1          0

        <Execution time>: 3430.0
        <Active vars>: []

        <Future vars>: ['data']

        <Iteration>: 0/3

Code: data.select_dtypes(include='number').corr()
Reason: Dropping the unsupported numeric_only argument allows cudf’s native .corr() to run on the GPU; select_dtypes(include='number') filters to numeric columns on the GPU without any CPU fall‐back.
Parsed response: data.select_dtypes(include='number').corr()
Try 0: calling rewrite agent for cell 8 took 24.185022830963135 seconds.
Executing rewritten code... ### cell 8 ###

data.select_dtypes(include='number').corr()
HAHA rewritten pre-checkpoint path:  /home/dias-benchmarks/notebooks/roopacalistus/retail-supermarket-store-analysis/src/annotated/checkpoints/post_cell_7.pickle
Running rewritten cell notebook
Test failed. An error occurred while executing the following cell:
------------------
%LoadCheckpoint /home/dias-benchmarks/notebooks/roopacalistus/retail-supermarket-store-analysis/src/annotated/checkpoints/post_cell_8.pickle

import numpy as np
import cudf
from elastic.core.common.pandas import is_type_styler
is_orig_output_pd = isinstance(orig_output, (pd.Series, pd.DataFrame, pd.Index))
is_opt_output_pd = isinstance(opt_output, (pd.Series, pd.DataFrame, pd.Index))
is_orig_output_array = isinstance(orig_output, (cudf.pandas._wrappers.numpy.ndarray, np.ndarray))
is_opt_output_array = isinstance(opt_output, (cudf.pandas._wrappers.numpy.ndarray, np.ndarray))
is_orig_output_styler = is_type_styler(type(orig_output))
is_opt_output_styler = is_type_styler(type(opt_output))
if is_orig_output_styler and is_opt_output_styler:
    assert orig_output.to_html() == opt_output.to_html()
elif is_orig_output_styler:
    assert orig_output.to_html() == opt_output.to_html()
elif is_opt_output_styler:
    assert opt_output.to_html() == orig_output

if is_orig_output_pd and is_opt_output_pd:
    assert orig_output.equals(opt_output)
# TODO(jie): this is a hack.
elif ((is_orig_output_pd or is_opt_output_pd) and (is_orig_output_array or is_opt_output_array)) or (is_orig_output_array and is_opt_output_array):
    assert list(orig_output) == list(opt_output)
else:
    assert orig_output == opt_output

------------------

----- stdout -----
[[<elastic.core.graph.variable_snapshot.VariableSnapshot object at 0x7f73f0e64a30>], [<elastic.core.graph.variable_snapshot.VariableSnapshot object at 0x7f73f0e64a60>], [<elastic.core.graph.variable_snapshot.VariableSnapshot object at 0x7f73f0e64070>], [<elastic.core.graph.variable_snapshot.VariableSnapshot object at 0x7f73f0e087f0>], [<elastic.core.graph.variable_snapshot.VariableSnapshot object at 0x7f73f0db3bb0>], [<elastic.core.graph.variable_snapshot.VariableSnapshot object at 0x7f73f0db2350>]]
trying: ['plt']
me:  0
trying: ['sns']
me:  0
trying: ['factor']
me:  3
trying: ['data']
----- stdout -----
me:  17
trying: ['orig_output']
me:  18
trying: ['pd']
me:  0
----- stdout -----
Declaring variable plt
Declaring variable sns
Declaring variable pd
Declaring variable factor
Declaring variable data
Declaring variable orig_output
------------------

[0;31m---------------------------------------------------------------------------[0m
[0;31mAssertionError[0m                            Traceback (most recent call last)
Cell [0;32mIn [9], line 20[0m
[1;32m     17[0m     [38;5;28;01massert[39;00m opt_output[38;5;241m.[39mto_html() [38;5;241m==[39m orig_output
[1;32m     19[0m [38;5;28;01mif[39;00m is_orig_output_pd [38;5;129;01mand[39;00m is_opt_output_pd:
[0;32m---> 20[0m     [38;5;28;01massert[39;00m orig_output[38;5;241m.[39mequals(opt_output)
[1;32m     21[0m [38;5;66;03m# TODO(jie): this is a hack.[39;00m
[1;32m     22[0m [38;5;28;01melif[39;00m ((is_orig_output_pd [38;5;129;01mor[39;00m is_opt_output_pd) [38;5;129;01mand[39;00m (is_orig_output_array [38;5;129;01mor[39;00m is_opt_output_array)) [38;5;129;01mor[39;00m (is_orig_output_array [38;5;129;01mand[39;00m is_opt_output_array):

[0;31mAssertionError[0m:

Rewritten time: inf ms
========================================================
Rewriting cell 8... Try 1...
Manager agent prompt:
        <Original Code>:
        ### cell 8 ###

data.corr(numeric_only=True)
        <Profiling data>:
                     Function  GPU calls  CPU calls
0      DataFrame.corr          0          1
1  DataFrame.__repr__          1          0
        <Execution time>: 3430.0
        <Active Vars>: []
        <Future Vars>: ['data']
        <Rewritten Code>:
        ### cell 8 ###

data.select_dtypes(include='number').corr()
        <Profiling data>:
        None
        <Execution time>: inf
        <Execution output>: The rewritten code was not equivalent to the original code. An error occurred while executing the following cell:
------------------
%LoadCheckpoint /home/dias-benchmarks/notebooks/roopacalistus/retail-supermarket-store-analysis/src/annotated/checkpoints/post_cell_8.pickle

import numpy as np
import cudf
from elastic.core.common.pandas import is_type_styler
is_orig_output_pd = isinstance(orig_output, (pd.Series, pd.DataFrame, pd.Index))
is_opt_output_pd = isinstance(opt_output, (pd.Series, pd.DataFrame, pd.Index))
is_orig_output_array = isinstance(orig_output, (cudf.pandas._wrappers.numpy.ndarray, np.ndarray))
is_opt_output_array = isinstance(opt_output, (cudf.pandas._wrappers.numpy.ndarray, np.ndarray))
is_orig_output_styler = is_type_styler(type(orig_output))
is_opt_output_styler = is_type_styler(type(opt_output))
if is_orig_output_styler and is_opt_output_styler:
    assert orig_output.to_html() == opt_output.to_html()
elif is_orig_output_styler:
    assert orig_output.to_html() == opt_output.to_html()
elif is_opt_output_styler:
    assert opt_output.to_html() == orig_output

if is_orig_output_pd and is_opt_output_pd:
    assert orig_output.equals(opt_output)
# TODO(jie): this is a hack.
elif ((is_orig_output_pd or is_opt_output_pd) and (is_orig_output_array or is_opt_output_array)) or (is_orig_output_array and is_opt_output_array):
    assert list(orig_output) == list(opt_output)
else:
    assert orig_output == opt_output

------------------

----- stdout -----
[[<elastic.core.graph.variable_snapshot.VariableSnapshot object at 0x7f73f0e64a30>], [<elastic.core.graph.variable_snapshot.VariableSnapshot object at 0x7f73f0e64a60>], [<elastic.core.graph.variable_snapshot.VariableSnapshot object at 0x7f73f0e64070>], [<elastic.core.graph.variable_snapshot.VariableSnapshot object at 0x7f73f0e087f0>], [<elastic.core.graph.variable_snapshot.VariableSnapshot object at 0x7f73f0db3bb0>], [<elastic.core.graph.variable_snapshot.VariableSnapshot object at 0x7f73f0db2350>]]
trying: ['plt']
me:  0
trying: ['sns']
me:  0
trying: ['factor']
me:  3
trying: ['data']
----- stdout -----
me:  17
trying: ['orig_output']
me:  18
trying: ['pd']
me:  0
----- stdout -----
Declaring variable plt
Declaring variable sns
Declaring variable pd
Declaring variable factor
Declaring variable data
Declaring variable orig_output
------------------

[0;31m---------------------------------------------------------------------------[0m
[0;31mAssertionError[0m                            Traceback (most recent call last)
Cell [0;32mIn [9], line 20[0m
[1;32m     17[0m     [38;5;28;01massert[39;00m opt_output[38;5;241m.[39mto_html() [38;5;241m==[39m orig_output
[1;32m     19[0m [38;5;28;01mif[39;00m is_orig_output_pd [38;5;129;01mand[39;00m is_opt_output_pd:
[0;32m---> 20[0m     [38;5;28;01massert[39;00m orig_output[38;5;241m.[39mequals(opt_output)
[1;32m     21[0m [38;5;66;03m# TODO(jie): this is a hack.[39;00m
[1;32m     22[0m [38;5;28;01melif[39;00m ((is_orig_output_pd [38;5;129;01mor[39;00m is_opt_output_pd) [38;5;129;01mand[39;00m (is_orig_output_array [38;5;129;01mor[39;00m is_opt_output_array)) [38;5;129;01mor[39;00m (is_orig_output_array [38;5;129;01mand[39;00m is_opt_output_array):

[0;31mAssertionError[0m:

        <Iteration>: 1/1

==========Running the manager agent to decide the next step==========
Choice: repair
Reason: The rewritten code is not equivalent to the original, leading to an AssertionError. We need to repair the rewritten code to ensure equivalence and correct functionality.
Code fixer prompt:
        <Original Code>:
        ### cell 8 ###

data.corr(numeric_only=True)
        <Profiling data>:
                     Function  GPU calls  CPU calls
0      DataFrame.corr          0          1
1  DataFrame.__repr__          1          0
        <Execution time>: 3430.0
        <Active Vars>: []
        <Future Vars>: ['data']
        <Rewritten Code>:
        ### cell 8 ###

data.select_dtypes(include='number').corr()
        <Profiling data>:
        None
        <Execution time>: inf
        <Execution output>: The rewritten code was not equivalent to the original code. An error occurred while executing the following cell:
------------------
%LoadCheckpoint /home/dias-benchmarks/notebooks/roopacalistus/retail-supermarket-store-analysis/src/annotated/checkpoints/post_cell_8.pickle

import numpy as np
import cudf
from elastic.core.common.pandas import is_type_styler
is_orig_output_pd = isinstance(orig_output, (pd.Series, pd.DataFrame, pd.Index))
is_opt_output_pd = isinstance(opt_output, (pd.Series, pd.DataFrame, pd.Index))
is_orig_output_array = isinstance(orig_output, (cudf.pandas._wrappers.numpy.ndarray, np.ndarray))
is_opt_output_array = isinstance(opt_output, (cudf.pandas._wrappers.numpy.ndarray, np.ndarray))
is_orig_output_styler = is_type_styler(type(orig_output))
is_opt_output_styler = is_type_styler(type(opt_output))
if is_orig_output_styler and is_opt_output_styler:
    assert orig_output.to_html() == opt_output.to_html()
elif is_orig_output_styler:
    assert orig_output.to_html() == opt_output.to_html()
elif is_opt_output_styler:
    assert opt_output.to_html() == orig_output

if is_orig_output_pd and is_opt_output_pd:
    assert orig_output.equals(opt_output)
# TODO(jie): this is a hack.
elif ((is_orig_output_pd or is_opt_output_pd) and (is_orig_output_array or is_opt_output_array)) or (is_orig_output_array and is_opt_output_array):
    assert list(orig_output) == list(opt_output)
else:
    assert orig_output == opt_output

------------------

----- stdout -----
[[<elastic.core.graph.variable_snapshot.VariableSnapshot object at 0x7f73f0e64a30>], [<elastic.core.graph.variable_snapshot.VariableSnapshot object at 0x7f73f0e64a60>], [<elastic.core.graph.variable_snapshot.VariableSnapshot object at 0x7f73f0e64070>], [<elastic.core.graph.variable_snapshot.VariableSnapshot object at 0x7f73f0e087f0>], [<elastic.core.graph.variable_snapshot.VariableSnapshot object at 0x7f73f0db3bb0>], [<elastic.core.graph.variable_snapshot.VariableSnapshot object at 0x7f73f0db2350>]]
trying: ['plt']
me:  0
trying: ['sns']
me:  0
trying: ['factor']
me:  3
trying: ['data']
----- stdout -----
me:  17
trying: ['orig_output']
me:  18
trying: ['pd']
me:  0
----- stdout -----
Declaring variable plt
Declaring variable sns
Declaring variable pd
Declaring variable factor
Declaring variable data
Declaring variable orig_output
------------------

[0;31m---------------------------------------------------------------------------[0m
[0;31mAssertionError[0m                            Traceback (most recent call last)
Cell [0;32mIn [9], line 20[0m
[1;32m     17[0m     [38;5;28;01massert[39;00m opt_output[38;5;241m.[39mto_html() [38;5;241m==[39m orig_output
[1;32m     19[0m [38;5;28;01mif[39;00m is_orig_output_pd [38;5;129;01mand[39;00m is_opt_output_pd:
[0;32m---> 20[0m     [38;5;28;01massert[39;00m orig_output[38;5;241m.[39mequals(opt_output)
[1;32m     21[0m [38;5;66;03m# TODO(jie): this is a hack.[39;00m
[1;32m     22[0m [38;5;28;01melif[39;00m ((is_orig_output_pd [38;5;129;01mor[39;00m is_opt_output_pd) [38;5;129;01mand[39;00m (is_orig_output_array [38;5;129;01mor[39;00m is_opt_output_array)) [38;5;129;01mor[39;00m (is_orig_output_array [38;5;129;01mand[39;00m is_opt_output_array):

[0;31mAssertionError[0m:

        <Iteration>: 1/1

Repairing the last generated code
Code: ### cell 8 ###

data.corr()
Reason: The numeric_only parameter isn’t supported by cudf’s corr, so dropping it lets the cudf implementation run on the GPU. cudf.DataFrame.corr() automatically operates on numeric columns and matches the original behavior.
Parsed response: ### cell 8 ###

data.corr()
Try 1: calling rewrite agent for cell 8 took 10.948545455932617 seconds.
Executing rewritten code... ### cell 8 ###

data.corr()
HAHA rewritten pre-checkpoint path:  /home/dias-benchmarks/notebooks/roopacalistus/retail-supermarket-store-analysis/src/annotated/checkpoints/post_cell_7.pickle
Running rewritten cell notebook
An unexpected error occurred Execution failed in cell %%RecordEvent
%%time
### cell 8 ###

data.corr(): could not convert string to float: 'Second Class'
Rewritten time: inf ms
Could not rewrite the cell. Continuing to next cell...
========================================================
After rewriting cell  8
Rewritten pre-checkpoint path: /home/dias-benchmarks/notebooks/roopacalistus/retail-supermarket-store-analysis/src/annotated/checkpoints/post_cell_8.pickle
Pre-checkpoint path: /home/dias-benchmarks/notebooks/roopacalistus/retail-supermarket-store-analysis/src/annotated/checkpoints/post_cell_8.pickle
========================================================
Cell 8 rewriting took 207.23494291305542 seconds.
Getting original timing for cell 9
HAHA original checkpoint path:  /home/dias-benchmarks/notebooks/roopacalistus/retail-supermarket-store-analysis/src/annotated/checkpoints/post_cell_8.pickle
HAHA setting initially best_rewritten_post_checkpoint_path:  /home/dias-benchmarks/notebooks/roopacalistus/retail-supermarket-store-analysis/src/annotated/checkpoints/post_cell_9.pickle
========================================================
Rewriting cell 9... Try 0...
Manager agent prompt:
        <Original Code>:
        ### cell 9 ###

data["Ship Mode"].value_counts()
        <Profiling data>:
                             Function  GPU calls  CPU calls
0       DataFrame.__getitem__          1          0
1  IndexOpsMixin.value_counts          1          0
2             Series.__repr__          1          0
3        NDFrame._repr_latex_          0          1

        <Execution time>: 77.2
        <Active vars>: []

        <Future vars>: ['data']

        <Iteration>: 0/3

==========Running the manager agent to decide the next step==========
Choice: new
Reason: The code is simple and involves counting values. It could potentially be optimized using GPU acceleration libraries like cuDF for enhanced performance. Since there's no rewritten code provided, we'll focus on optimizing the original code in this iteration.
Generating new code from the original code
Prompt:
        <Original Code>:
        ### cell 9 ###

data["Ship Mode"].value_counts()
        <Profiling data>:
                             Function  GPU calls  CPU calls
0       DataFrame.__getitem__          1          0
1  IndexOpsMixin.value_counts          1          0
2             Series.__repr__          1          0
3        NDFrame._repr_latex_          0          1

        <Execution time>: 77.2
        <Active vars>: []

        <Future vars>: ['data']

        <Iteration>: 0/3

Code: done
Reason: The `value_counts` operation on a cudf-backed Series already runs fully on the GPU, so no changes are needed.
No Modifications made to the original code
Try 0: calling rewrite agent for cell 9 took 6.077056169509888 seconds.
There is no need to rewrite the cell.
Could not rewrite the cell. Continuing to next cell...
========================================================
After rewriting cell  9
Rewritten pre-checkpoint path: /home/dias-benchmarks/notebooks/roopacalistus/retail-supermarket-store-analysis/src/annotated/checkpoints/post_cell_9.pickle
Pre-checkpoint path: /home/dias-benchmarks/notebooks/roopacalistus/retail-supermarket-store-analysis/src/annotated/checkpoints/post_cell_9.pickle
========================================================
Cell 9 rewriting took 49.48283410072327 seconds.
Getting original timing for cell 10
HAHA original checkpoint path:  /home/dias-benchmarks/notebooks/roopacalistus/retail-supermarket-store-analysis/src/annotated/checkpoints/post_cell_9.pickle
HAHA setting initially best_rewritten_post_checkpoint_path:  /home/dias-benchmarks/notebooks/roopacalistus/retail-supermarket-store-analysis/src/annotated/checkpoints/post_cell_10.pickle
========================================================
Rewriting cell 10... Try 0...
Manager agent prompt:
        <Original Code>:
        ### cell 10 ###

data["Segment"].value_counts()
        <Profiling data>:
                             Function  GPU calls  CPU calls
0       DataFrame.__getitem__          1          0
1  IndexOpsMixin.value_counts          1          0
2             Series.__repr__          1          0
3        NDFrame._repr_latex_          0          1

        <Execution time>: 76.3
        <Active vars>: []

        <Future vars>: ['data']

        <Iteration>: 0/3

==========Running the manager agent to decide the next step==========
Choice: new
Reason: The original code can be optimized. We should explore alternatives or more efficient methods for counting values using cudf or similar GPU-accelerated libraries.
Generating new code from the original code
Prompt:
        <Original Code>:
        ### cell 10 ###

data["Segment"].value_counts()
        <Profiling data>:
                             Function  GPU calls  CPU calls
0       DataFrame.__getitem__          1          0
1  IndexOpsMixin.value_counts          1          0
2             Series.__repr__          1          0
3        NDFrame._repr_latex_          0          1

        <Execution time>: 76.3
        <Active vars>: []

        <Future vars>: ['data']

        <Iteration>: 0/3

Code: done
Reason: The `value_counts` operation is already executed on the GPU via cuDF and there are no CPU-bound operations to eliminate or further optimize in this cell.
No Modifications made to the original code
Try 0: calling rewrite agent for cell 10 took 14.776151180267334 seconds.
There is no need to rewrite the cell.
Could not rewrite the cell. Continuing to next cell...
========================================================
After rewriting cell  10
Rewritten pre-checkpoint path: /home/dias-benchmarks/notebooks/roopacalistus/retail-supermarket-store-analysis/src/annotated/checkpoints/post_cell_10.pickle
Pre-checkpoint path: /home/dias-benchmarks/notebooks/roopacalistus/retail-supermarket-store-analysis/src/annotated/checkpoints/post_cell_10.pickle
========================================================
Cell 10 rewriting took 57.87476682662964 seconds.
Getting original timing for cell 11
HAHA original checkpoint path:  /home/dias-benchmarks/notebooks/roopacalistus/retail-supermarket-store-analysis/src/annotated/checkpoints/post_cell_10.pickle
HAHA setting initially best_rewritten_post_checkpoint_path:  /home/dias-benchmarks/notebooks/roopacalistus/retail-supermarket-store-analysis/src/annotated/checkpoints/post_cell_11.pickle
========================================================
Rewriting cell 11... Try 0...
Manager agent prompt:
        <Original Code>:
        ### cell 11 ###

data["Category"].value_counts()
        <Profiling data>:
                             Function  GPU calls  CPU calls
0       DataFrame.__getitem__          1          0
1  IndexOpsMixin.value_counts          1          0
2             Series.__repr__          1          0
3        NDFrame._repr_latex_          0          1

        <Execution time>: 79.7
        <Active vars>: []

        <Future vars>: ['data']

        <Iteration>: 0/3

==========Running the manager agent to decide the next step==========
Choice: new
Reason: Since there is no rewritten code provided and improvements might be possible despite the use of cudf, I will attempt to optimize the original code for potential performance gains.
Generating new code from the original code
Prompt:
        <Original Code>:
        ### cell 11 ###

data["Category"].value_counts()
        <Profiling data>:
                             Function  GPU calls  CPU calls
0       DataFrame.__getitem__          1          0
1  IndexOpsMixin.value_counts          1          0
2             Series.__repr__          1          0
3        NDFrame._repr_latex_          0          1

        <Execution time>: 79.7
        <Active vars>: []

        <Future vars>: ['data']

        <Iteration>: 0/3

Code: done
Reason: The operation is already fully GPU-accelerated under cudf (vectorized value_counts on the ‘Category’ column); no changes are needed.
No Modifications made to the original code
Try 0: calling rewrite agent for cell 11 took 6.898367643356323 seconds.
There is no need to rewrite the cell.
Could not rewrite the cell. Continuing to next cell...
========================================================
After rewriting cell  11
Rewritten pre-checkpoint path: /home/dias-benchmarks/notebooks/roopacalistus/retail-supermarket-store-analysis/src/annotated/checkpoints/post_cell_11.pickle
Pre-checkpoint path: /home/dias-benchmarks/notebooks/roopacalistus/retail-supermarket-store-analysis/src/annotated/checkpoints/post_cell_11.pickle
========================================================
Cell 11 rewriting took 50.29318618774414 seconds.
Getting original timing for cell 12
HAHA original checkpoint path:  /home/dias-benchmarks/notebooks/roopacalistus/retail-supermarket-store-analysis/src/annotated/checkpoints/post_cell_11.pickle
HAHA setting initially best_rewritten_post_checkpoint_path:  /home/dias-benchmarks/notebooks/roopacalistus/retail-supermarket-store-analysis/src/annotated/checkpoints/post_cell_12.pickle
========================================================
Rewriting cell 12... Try 0...
Manager agent prompt:
        <Original Code>:
        ### cell 12 ###

data["Sub-Category"].value_counts()

        <Profiling data>:
                             Function  GPU calls  CPU calls
0       DataFrame.__getitem__          1          0
1  IndexOpsMixin.value_counts          1          0
2             Series.__repr__          1          0
3        NDFrame._repr_latex_          0          1

        <Execution time>: 80.6
        <Active vars>: []

        <Future vars>: ['data']

        <Iteration>: 0/3

==========Running the manager agent to decide the next step==========
Choice: new
Reason: The original code can potentially be optimized for performance, possibly by leveraging GPU capabilities with libraries like cuDF.
Generating new code from the original code
Prompt:
        <Original Code>:
        ### cell 12 ###

data["Sub-Category"].value_counts()

        <Profiling data>:
                             Function  GPU calls  CPU calls
0       DataFrame.__getitem__          1          0
1  IndexOpsMixin.value_counts          1          0
2             Series.__repr__          1          0
3        NDFrame._repr_latex_          0          1

        <Execution time>: 80.6
        <Active vars>: []

        <Future vars>: ['data']

        <Iteration>: 0/3

Code: done
Reason: The `value_counts()` call is already executed on the GPU via cuDF and is fully vectorized, so no further optimization is needed.
No Modifications made to the original code
Try 0: calling rewrite agent for cell 12 took 8.46387767791748 seconds.
There is no need to rewrite the cell.
Could not rewrite the cell. Continuing to next cell...
========================================================
After rewriting cell  12
Rewritten pre-checkpoint path: /home/dias-benchmarks/notebooks/roopacalistus/retail-supermarket-store-analysis/src/annotated/checkpoints/post_cell_12.pickle
Pre-checkpoint path: /home/dias-benchmarks/notebooks/roopacalistus/retail-supermarket-store-analysis/src/annotated/checkpoints/post_cell_12.pickle
========================================================
Cell 12 rewriting took 51.842421531677246 seconds.
Getting original timing for cell 13
HAHA original checkpoint path:  /home/dias-benchmarks/notebooks/roopacalistus/retail-supermarket-store-analysis/src/annotated/checkpoints/post_cell_12.pickle
HAHA setting initially best_rewritten_post_checkpoint_path:  /home/dias-benchmarks/notebooks/roopacalistus/retail-supermarket-store-analysis/src/annotated/checkpoints/post_cell_13.pickle
========================================================
Rewriting cell 13... Try 0...
Manager agent prompt:
        <Original Code>:
        ### cell 13 ###

st_profit=data.groupby(["State"])["Profit"].sum().nlargest(20)
        <Profiling data>:
                               Function  GPU calls  CPU calls
0             DataFrame.groupby          1          0
1  DataFrameGroupBy.__getitem__          1          0
2                   GroupBy.sum          1          0
3               Series.nlargest          1          0

        <Execution time>: 70.6
        <Active vars>: ['st_profit']

        <Future vars>: ['data']

        <Iteration>: 0/3

==========Running the manager agent to decide the next step==========
Choice: new
Reason: The original code can be optimized further even though it's using groupby and sum operations. Consideration for additional optimization through alternative approaches or using more efficient APIs is possible.
Generating new code from the original code
Prompt:
        <Original Code>:
        ### cell 13 ###

st_profit=data.groupby(["State"])["Profit"].sum().nlargest(20)
        <Profiling data>:
                               Function  GPU calls  CPU calls
0             DataFrame.groupby          1          0
1  DataFrameGroupBy.__getitem__          1          0
2                   GroupBy.sum          1          0
3               Series.nlargest          1          0

        <Execution time>: 70.6
        <Active vars>: ['st_profit']

        <Future vars>: ['data']

        <Iteration>: 0/3

Code: done
Reason: The code is already using GPU-accelerated cuDF operations for groupby, sum, and nlargest, so no further optimization is needed.
No Modifications made to the original code
Try 0: calling rewrite agent for cell 13 took 6.927845239639282 seconds.
There is no need to rewrite the cell.
Could not rewrite the cell. Continuing to next cell...
========================================================
After rewriting cell  13
Rewritten pre-checkpoint path: /home/dias-benchmarks/notebooks/roopacalistus/retail-supermarket-store-analysis/src/annotated/checkpoints/post_cell_13.pickle
Pre-checkpoint path: /home/dias-benchmarks/notebooks/roopacalistus/retail-supermarket-store-analysis/src/annotated/checkpoints/post_cell_13.pickle
========================================================
Cell 13 rewriting took 49.55247974395752 seconds.
Getting original timing for cell 14
HAHA original checkpoint path:  /home/dias-benchmarks/notebooks/roopacalistus/retail-supermarket-store-analysis/src/annotated/checkpoints/post_cell_13.pickle
HAHA setting initially best_rewritten_post_checkpoint_path:  /home/dias-benchmarks/notebooks/roopacalistus/retail-supermarket-store-analysis/src/annotated/checkpoints/post_cell_14.pickle
========================================================
Rewriting cell 14... Try 0...
Manager agent prompt:
        <Original Code>:
        ### cell 14 ###

st_profit
        <Profiling data>:
                       Function  GPU calls  CPU calls
0       Series.__repr__          1          0
1  NDFrame._repr_latex_          0          1

        <Execution time>: 0.00668
        <Active vars>: []

        <Future vars>: ['data']

        <Iteration>: 0/3

==========Running the manager agent to decide the next step==========
Choice: new
Reason: The purpose of the code is to inspect or print the data using `__repr__`. Therefore, no meaningful optimization can be made.
Generating new code from the original code
Prompt:
        <Original Code>:
        ### cell 14 ###

st_profit
        <Profiling data>:
                       Function  GPU calls  CPU calls
0       Series.__repr__          1          0
1  NDFrame._repr_latex_          0          1

        <Execution time>: 0.00668
        <Active vars>: []

        <Future vars>: ['data']

        <Iteration>: 0/3

Code: done
Reason: This cell only outputs the `st_profit` Series. It already invokes GPU-based repr with no CPU-bound operations to optimize, so no changes are needed.
No Modifications made to the original code
Try 0: calling rewrite agent for cell 14 took 5.47078013420105 seconds.
There is no need to rewrite the cell.
Could not rewrite the cell. Continuing to next cell...
========================================================
After rewriting cell  14
Rewritten pre-checkpoint path: /home/dias-benchmarks/notebooks/roopacalistus/retail-supermarket-store-analysis/src/annotated/checkpoints/post_cell_14.pickle
Pre-checkpoint path: /home/dias-benchmarks/notebooks/roopacalistus/retail-supermarket-store-analysis/src/annotated/checkpoints/post_cell_14.pickle
========================================================
Cell 14 rewriting took 48.80422616004944 seconds.
Getting original timing for cell 15
HAHA original checkpoint path:  /home/dias-benchmarks/notebooks/roopacalistus/retail-supermarket-store-analysis/src/annotated/checkpoints/post_cell_14.pickle
HAHA setting initially best_rewritten_post_checkpoint_path:  /home/dias-benchmarks/notebooks/roopacalistus/retail-supermarket-store-analysis/src/annotated/checkpoints/post_cell_15.pickle
========================================================
Rewriting cell 15... Try 0...
Manager agent prompt:
        <Original Code>:
        ### cell 15 ###

data1= data.groupby("State")[["Sales","Profit"]].sum().sort_values(by="Sales", ascending=False)
# STEFANOS: Disable plotting
# data1[:].plot.bar(color = ["Green","Red"], figsize=(20,12))
# plt.title("Profit-Loss and Sales across States")
# plt.show()
        <Profiling data>:
                               Function  GPU calls  CPU calls
0             DataFrame.groupby          1          0
1  DataFrameGroupBy.__getitem__          1          0
2                   GroupBy.sum          1          0
3         DataFrame.sort_values          1          0

        <Execution time>: 80.8
        <Active vars>: []

        <Future vars>: ['data']

        <Iteration>: 0/3

==========Running the manager agent to decide the next step==========
Choice: new
Reason: No rewritten code exists and there may still be optimization opportunities, especially using cuDF APIs for GPU acceleration.
Generating new code from the original code
Prompt:
        <Original Code>:
        ### cell 15 ###

data1= data.groupby("State")[["Sales","Profit"]].sum().sort_values(by="Sales", ascending=False)
# STEFANOS: Disable plotting
# data1[:].plot.bar(color = ["Green","Red"], figsize=(20,12))
# plt.title("Profit-Loss and Sales across States")
# plt.show()
        <Profiling data>:
                               Function  GPU calls  CPU calls
0             DataFrame.groupby          1          0
1  DataFrameGroupBy.__getitem__          1          0
2                   GroupBy.sum          1          0
3         DataFrame.sort_values          1          0

        <Execution time>: 80.8
        <Active vars>: []

        <Future vars>: ['data']

        <Iteration>: 0/3

Code: # Pre-select only the needed columns before grouping to reduce GPU memory footprint
data1 = data[["State", "Sales", "Profit"]]
             .groupby("State")
             .sum()
             .sort_values("Sales", ascending=False)

# STEFANOS: Disable plotting
# data1[:].plot.bar(color=["Green", "Red"], figsize=(20,12))
# plt.title("Profit-Loss and Sales across States")
# plt.show()
Reason: The original chain of groupby → sum → sort is already GPU‐accelerated under cudf. By pre-selecting just the `State`, `Sales`, and `Profit` columns before the groupby, we minimize data moved and processed on the GPU, slightly improving memory and compute efficiency. No CPU operations remain, so no further changes are needed.
Parsed response: # Pre-select only the needed columns before grouping to reduce GPU memory footprint
data1 = data[["State", "Sales", "Profit"]]
             .groupby("State")
             .sum()
             .sort_values("Sales", ascending=False)

# STEFANOS: Disable plotting
# data1[:].plot.bar(color=["Green", "Red"], figsize=(20,12))
# plt.title("Profit-Loss and Sales across States")
# plt.show()
Try 0: calling rewrite agent for cell 15 took 21.943512201309204 seconds.
Executing rewritten code... ### cell 15 ###

# Pre-select only the needed columns before grouping to reduce GPU memory footprint
data1 = data[["State", "Sales", "Profit"]]
             .groupby("State")
             .sum()
             .sort_values("Sales", ascending=False)

# STEFANOS: Disable plotting
# data1[:].plot.bar(color=["Green", "Red"], figsize=(20,12))
# plt.title("Profit-Loss and Sales across States")
# plt.show()
HAHA rewritten pre-checkpoint path:  /home/dias-benchmarks/notebooks/roopacalistus/retail-supermarket-store-analysis/src/annotated/checkpoints/post_cell_14.pickle
Running rewritten cell notebook
An unexpected error occurred An error occurred while executing the following cell:
------------------
%%RecordEvent
%%time
### cell 15 ###

# Pre-select only the needed columns before grouping to reduce GPU memory footprint
data1 = data[["State", "Sales", "Profit"]]
             .groupby("State")
             .sum()
             .sort_values("Sales", ascending=False)

# STEFANOS: Disable plotting
# data1[:].plot.bar(color=["Green", "Red"], figsize=(20,12))
# plt.title("Profit-Loss and Sales across States")
# plt.show()
------------------


Traceback [0;36m(most recent call last)[0m:

[0m  File [1;32m/opt/conda/envs/elastic/lib/python3.10/site-packages/IPython/core/interactiveshell.py:3378[0m in [1;35mrun_code[0m
    exec(code_obj, self.user_global_ns, self.user_ns)[0m

[0m  Cell [1;32mIn [4], line 1[0m
    get_ipython().run_cell_magic('RecordEvent', '', '%%time\n### cell 15 ###\n\n# Pre-select only the needed columns before grouping to reduce GPU memory footprint\ndata1 = data[["State", "Sales", "Profit"]]  \n             .groupby("State")  \n             .sum()  \n             .sort_values("Sales", ascending=False)\n\n# STEFANOS: Disable plotting\n# data1[:].plot.bar(color=["Green", "Red"], figsize=(20,12))\n# plt.title("Profit-Loss and Sales across States")\n# plt.show()\n')[0m

[0m  File [1;32m/opt/conda/envs/elastic/lib/python3.10/site-packages/IPython/core/interactiveshell.py:2362[0m in [1;35mrun_cell_magic[0m
    result = fn(*args, **kwargs)[0m

[0m  File [1;32m/home/ElasticNotebook/ElasticNotebook.py:269[0m in [1;35mRecordEvent[0m
    self.record_event(line, cell, track_column_info=False)[0m

[0m  File [1;32m/home/ElasticNotebook/ElasticNotebook.py:152[0m in [1;35mrecord_event[0m
    input_variables, function_defs = find_input_vars(cell, set(self.dependency_graph.variable_snapshots.keys()),[0m

[0m  File [1;32m/home/ElasticNotebook/elastic/core/notebook/find_input_vars.py:79[0m in [1;35mfind_input_vars[0m
    v1.visit(ast.parse(cell))[0m

[0;36m  File [0;32m/opt/conda/envs/elastic/lib/python3.10/ast.py:50[0;36m in [0;35mparse[0;36m
[0;31m    return compile(source, filename, mode, flags,[0;36m

[0;36m  File [0;32m<unknown>:5[0;36m[0m
[0;31m    .groupby("State")[0m
[0m    ^[0m
[0;31mIndentationError[0m[0;31m:[0m unexpected indent


Rewritten time: inf ms
========================================================
Rewriting cell 15... Try 1...
Manager agent prompt:
        <Original Code>:
        ### cell 15 ###

data1= data.groupby("State")[["Sales","Profit"]].sum().sort_values(by="Sales", ascending=False)
# STEFANOS: Disable plotting
# data1[:].plot.bar(color = ["Green","Red"], figsize=(20,12))
# plt.title("Profit-Loss and Sales across States")
# plt.show()
        <Profiling data>:
                               Function  GPU calls  CPU calls
0             DataFrame.groupby          1          0
1  DataFrameGroupBy.__getitem__          1          0
2                   GroupBy.sum          1          0
3         DataFrame.sort_values          1          0
        <Execution time>: 80.8
        <Active Vars>: []
        <Future Vars>: ['data']
        <Rewritten Code>:
        ### cell 15 ###

# Pre-select only the needed columns before grouping to reduce GPU memory footprint
data1 = data[["State", "Sales", "Profit"]]
             .groupby("State")
             .sum()
             .sort_values("Sales", ascending=False)

# STEFANOS: Disable plotting
# data1[:].plot.bar(color=["Green", "Red"], figsize=(20,12))
# plt.title("Profit-Loss and Sales across States")
# plt.show()
        <Profiling data>:
        None
        <Execution time>: inf
        <Execution output>: The rewritten code resulted in a runtime error. An error occurred while executing the following cell:
------------------
%%RecordEvent
%%time
### cell 15 ###

# Pre-select only the needed columns before grouping to reduce GPU memory footprint
data1 = data[["State", "Sales", "Profit"]]
             .groupby("State")
             .sum()
             .sort_values("Sales", ascending=False)

# STEFANOS: Disable plotting
# data1[:].plot.bar(color=["Green", "Red"], figsize=(20,12))
# plt.title("Profit-Loss and Sales across States")
# plt.show()
------------------


Traceback [0;36m(most recent call last)[0m:

[0m  File [1;32m/opt/conda/envs/elastic/lib/python3.10/site-packages/IPython/core/interactiveshell.py:3378[0m in [1;35mrun_code[0m
    exec(code_obj, self.user_global_ns, self.user_ns)[0m

[0m  Cell [1;32mIn [4], line 1[0m
    get_ipython().run_cell_magic('RecordEvent', '', '%%time\n### cell 15 ###\n\n# Pre-select only the needed columns before grouping to reduce GPU memory footprint\ndata1 = data[["State", "Sales", "Profit"]]  \n             .groupby("State")  \n             .sum()  \n             .sort_values("Sales", ascending=False)\n\n# STEFANOS: Disable plotting\n# data1[:].plot.bar(color=["Green", "Red"], figsize=(20,12))\n# plt.title("Profit-Loss and Sales across States")\n# plt.show()\n')[0m

[0m  File [1;32m/opt/conda/envs/elastic/lib/python3.10/site-packages/IPython/core/interactiveshell.py:2362[0m in [1;35mrun_cell_magic[0m
    result = fn(*args, **kwargs)[0m

[0m  File [1;32m/home/ElasticNotebook/ElasticNotebook.py:269[0m in [1;35mRecordEvent[0m
    self.record_event(line, cell, track_column_info=False)[0m

[0m  File [1;32m/home/ElasticNotebook/ElasticNotebook.py:152[0m in [1;35mrecord_event[0m
    input_variables, function_defs = find_input_vars(cell, set(self.dependency_graph.variable_snapshots.keys()),[0m

[0m  File [1;32m/home/ElasticNotebook/elastic/core/notebook/find_input_vars.py:79[0m in [1;35mfind_input_vars[0m
    v1.visit(ast.parse(cell))[0m

[0;36m  File [0;32m/opt/conda/envs/elastic/lib/python3.10/ast.py:50[0;36m in [0;35mparse[0;36m
[0;31m    return compile(source, filename, mode, flags,[0;36m

[0;36m  File [0;32m<unknown>:5[0;36m[0m
[0;31m    .groupby("State")[0m
[0m    ^[0m
[0;31mIndentationError[0m[0;31m:[0m unexpected indent


        <Iteration>: 1/1

==========Running the manager agent to decide the next step==========
Choice: repair
Reason: The rewritten code has a syntax error due to misaligned indentation, leading to a runtime error. It needs to be corrected for further execution.
Code fixer prompt:
        <Original Code>:
        ### cell 15 ###

data1= data.groupby("State")[["Sales","Profit"]].sum().sort_values(by="Sales", ascending=False)
# STEFANOS: Disable plotting
# data1[:].plot.bar(color = ["Green","Red"], figsize=(20,12))
# plt.title("Profit-Loss and Sales across States")
# plt.show()
        <Profiling data>:
                               Function  GPU calls  CPU calls
0             DataFrame.groupby          1          0
1  DataFrameGroupBy.__getitem__          1          0
2                   GroupBy.sum          1          0
3         DataFrame.sort_values          1          0
        <Execution time>: 80.8
        <Active Vars>: []
        <Future Vars>: ['data']
        <Rewritten Code>:
        ### cell 15 ###

# Pre-select only the needed columns before grouping to reduce GPU memory footprint
data1 = data[["State", "Sales", "Profit"]]
             .groupby("State")
             .sum()
             .sort_values("Sales", ascending=False)

# STEFANOS: Disable plotting
# data1[:].plot.bar(color=["Green", "Red"], figsize=(20,12))
# plt.title("Profit-Loss and Sales across States")
# plt.show()
        <Profiling data>:
        None
        <Execution time>: inf
        <Execution output>: The rewritten code resulted in a runtime error. An error occurred while executing the following cell:
------------------
%%RecordEvent
%%time
### cell 15 ###

# Pre-select only the needed columns before grouping to reduce GPU memory footprint
data1 = data[["State", "Sales", "Profit"]]
             .groupby("State")
             .sum()
             .sort_values("Sales", ascending=False)

# STEFANOS: Disable plotting
# data1[:].plot.bar(color=["Green", "Red"], figsize=(20,12))
# plt.title("Profit-Loss and Sales across States")
# plt.show()
------------------


Traceback [0;36m(most recent call last)[0m:

[0m  File [1;32m/opt/conda/envs/elastic/lib/python3.10/site-packages/IPython/core/interactiveshell.py:3378[0m in [1;35mrun_code[0m
    exec(code_obj, self.user_global_ns, self.user_ns)[0m

[0m  Cell [1;32mIn [4], line 1[0m
    get_ipython().run_cell_magic('RecordEvent', '', '%%time\n### cell 15 ###\n\n# Pre-select only the needed columns before grouping to reduce GPU memory footprint\ndata1 = data[["State", "Sales", "Profit"]]  \n             .groupby("State")  \n             .sum()  \n             .sort_values("Sales", ascending=False)\n\n# STEFANOS: Disable plotting\n# data1[:].plot.bar(color=["Green", "Red"], figsize=(20,12))\n# plt.title("Profit-Loss and Sales across States")\n# plt.show()\n')[0m

[0m  File [1;32m/opt/conda/envs/elastic/lib/python3.10/site-packages/IPython/core/interactiveshell.py:2362[0m in [1;35mrun_cell_magic[0m
    result = fn(*args, **kwargs)[0m

[0m  File [1;32m/home/ElasticNotebook/ElasticNotebook.py:269[0m in [1;35mRecordEvent[0m
    self.record_event(line, cell, track_column_info=False)[0m

[0m  File [1;32m/home/ElasticNotebook/ElasticNotebook.py:152[0m in [1;35mrecord_event[0m
    input_variables, function_defs = find_input_vars(cell, set(self.dependency_graph.variable_snapshots.keys()),[0m

[0m  File [1;32m/home/ElasticNotebook/elastic/core/notebook/find_input_vars.py:79[0m in [1;35mfind_input_vars[0m
    v1.visit(ast.parse(cell))[0m

[0;36m  File [0;32m/opt/conda/envs/elastic/lib/python3.10/ast.py:50[0;36m in [0;35mparse[0;36m
[0;31m    return compile(source, filename, mode, flags,[0;36m

[0;36m  File [0;32m<unknown>:5[0;36m[0m
[0;31m    .groupby("State")[0m
[0m    ^[0m
[0;31mIndentationError[0m[0;31m:[0m unexpected indent


        <Iteration>: 1/1

Repairing the last generated code
Code: ### cell 15 ###
# Pre-select only the needed columns before grouping to reduce GPU memory footprint
# Wrap the chained calls in parentheses to avoid indentation errors
data1 = (
    data[["State", "Sales", "Profit"]]
    .groupby("State")
    .sum()
    .sort_values("Sales", ascending=False)
)

# STEFANOS: Disable plotting
# data1[:].plot.bar(color=["Green", "Red"], figsize=(20,12))
# plt.title("Profit-Loss and Sales across States")
# plt.show()
Reason: Fixed the IndentationError by wrapping the multi-line method chain in parentheses, ensuring proper continuation without unexpected indents. This keeps the logic the same and remains fully GPU-compatible under the cudf.pandas extension.
Parsed response: ### cell 15 ###
# Pre-select only the needed columns before grouping to reduce GPU memory footprint
# Wrap the chained calls in parentheses to avoid indentation errors
data1 = (
    data[["State", "Sales", "Profit"]]
    .groupby("State")
    .sum()
    .sort_values("Sales", ascending=False)
)

# STEFANOS: Disable plotting
# data1[:].plot.bar(color=["Green", "Red"], figsize=(20,12))
# plt.title("Profit-Loss and Sales across States")
# plt.show()
Try 1: calling rewrite agent for cell 15 took 8.586059331893921 seconds.
Executing rewritten code... ### cell 15 ###
# Pre-select only the needed columns before grouping to reduce GPU memory footprint
# Wrap the chained calls in parentheses to avoid indentation errors
data1 = (
    data[["State", "Sales", "Profit"]]
    .groupby("State")
    .sum()
    .sort_values("Sales", ascending=False)
)

# STEFANOS: Disable plotting
# data1[:].plot.bar(color=["Green", "Red"], figsize=(20,12))
# plt.title("Profit-Loss and Sales across States")
# plt.show()
HAHA rewritten pre-checkpoint path:  /home/dias-benchmarks/notebooks/roopacalistus/retail-supermarket-store-analysis/src/annotated/checkpoints/post_cell_14.pickle
Running rewritten cell notebook
Finished executing the rewritten code.
Try 1: executing the rewritten code for cell 15 took 35.05100202560425 seconds.
Rewritten time: 74.9 ms
The rewritten code is correct. Profiling cudf...
HAHA rewritten pre-checkpoint path:  /home/dias-benchmarks/notebooks/roopacalistus/retail-supermarket-store-analysis/src/annotated/checkpoints/post_cell_14.pickle
Try 1: cudf profiling the rewritten code for cell 15 took 8.581229448318481 seconds.
gpu_calls_orig_perc: 1.0, gpu_calls_opt_perc: 1.0
orig_time: 80.8, opt_time: 74.9
Both the call ratio and the time are better.
Rewritten code took 74.9ms. The previous fastest solution took 80.8ms.
Previous best solution num GPU and CPU calls:  4 0
New solution num GPU and CPU calls:  4 0
Accepted the rewritten code.
Setting best_rewritten_post_checkpoint_path to  /home/dias-benchmarks/notebooks/roopacalistus/retail-supermarket-store-analysis/src/rewritten/o4_mini_high/checkpoints/post_cell_15.pickle
========================================================
After rewriting cell  15
Rewritten pre-checkpoint path: /home/dias-benchmarks/notebooks/roopacalistus/retail-supermarket-store-analysis/src/rewritten/o4_mini_high/checkpoints/post_cell_15.pickle
Pre-checkpoint path: /home/dias-benchmarks/notebooks/roopacalistus/retail-supermarket-store-analysis/src/annotated/checkpoints/post_cell_15.pickle
========================================================
Cell 15 rewriting took 135.76045894622803 seconds.
Getting original timing for cell 16
HAHA original checkpoint path:  /home/dias-benchmarks/notebooks/roopacalistus/retail-supermarket-store-analysis/src/annotated/checkpoints/post_cell_15.pickle
HAHA setting initially best_rewritten_post_checkpoint_path:  /home/dias-benchmarks/notebooks/roopacalistus/retail-supermarket-store-analysis/src/annotated/checkpoints/post_cell_16.pickle
========================================================
Rewriting cell 16... Try 0...
Manager agent prompt:
        <Original Code>:
        ### cell 16 ###

data1= data.groupby("Region")[["Sales","Profit"]].sum().sort_values(by="Sales", ascending=False)
# STEFANOS: Disable plotting
# data1[:].plot.bar(color = ["Blue","Red"], figsize=(10,7))
# plt.title("Profit-Loss and Sales across Region")
# plt.show()
        <Profiling data>:
                               Function  GPU calls  CPU calls
0             DataFrame.groupby          1          0
1  DataFrameGroupBy.__getitem__          1          0
2                   GroupBy.sum          1          0
3         DataFrame.sort_values          1          0

        <Execution time>: 75.1
        <Active vars>: []

        <Future vars>: []

        <Iteration>: 0/3

==========Running the manager agent to decide the next step==========
Choice: new
Reason: There is no rewritten code provided, so we will attempt to optimize the original code.
Generating new code from the original code
Prompt:
        <Original Code>:
        ### cell 16 ###

data1= data.groupby("Region")[["Sales","Profit"]].sum().sort_values(by="Sales", ascending=False)
# STEFANOS: Disable plotting
# data1[:].plot.bar(color = ["Blue","Red"], figsize=(10,7))
# plt.title("Profit-Loss and Sales across Region")
# plt.show()
        <Profiling data>:
                               Function  GPU calls  CPU calls
0             DataFrame.groupby          1          0
1  DataFrameGroupBy.__getitem__          1          0
2                   GroupBy.sum          1          0
3         DataFrame.sort_values          1          0

        <Execution time>: 75.1
        <Active vars>: []

        <Future vars>: []

        <Iteration>: 0/3

Code: done
Reason: All operations (groupby, sum, sort_values) are executed on the GPU via cudf with no CPU calls or Python loops; no further optimization needed.
No Modifications made to the original code
Try 0: calling rewrite agent for cell 16 took 7.22573184967041 seconds.
There is no need to rewrite the cell.
Could not rewrite the cell. Continuing to next cell...
========================================================
After rewriting cell  16
Rewritten pre-checkpoint path: /home/dias-benchmarks/notebooks/roopacalistus/retail-supermarket-store-analysis/src/annotated/checkpoints/post_cell_16.pickle
Pre-checkpoint path: /home/dias-benchmarks/notebooks/roopacalistus/retail-supermarket-store-analysis/src/annotated/checkpoints/post_cell_16.pickle
========================================================
Cell 16 rewriting took 50.95208168029785 seconds.
Rewrote notebook in 1219.6721155643463 seconds
