Annotated notebook saved to /home/dias-benchmarks/notebooks/mpwolke/just-you-wait-rishi-sunak/src/cell_exec_info.ipynb
Executing code: import sys, os
sys.path.insert(0, os.path.abspath('/home/ElasticNotebook'))
%load_ext ElasticNotebook
from elastic.core.common.pandas import compare_df
import pickle
import cudf
Executing code: %%RecordEventWithColumnInfo
# This Python 3 environment comes with many helpful analytics libraries installed
# It is defined by the kaggle/python Docker image: https://github.com/kaggle/docker-python
# For example, here's several helpful packages to load
import numpy as np # linear algebra
import os
# STEFANOS: Conditionally import Modin Pandas
if "IREWR_WITH_MODIN" in os.environ and os.environ["IREWR_WITH_MODIN"] == "True":
    # STEFANOS: Import Modin Pandas
    import os
    os.environ["MODIN_ENGINE"] = "ray"
    import ray
    ray.init(num_cpus=int(os.environ['MODIN_CPUS']), runtime_env={'env_vars': {'__MODIN_AUTOIMPORT_PANDAS__': '1'}})
    import modin.pandas as pd
else:
    # STEFANOS: Import regular Pandas
    import pandas as pd
import seaborn as sns
import matplotlib.pyplot as plt

#Ignore warnings
import warnings
warnings.filterwarnings('ignore')

# Input data files are available in the read-only "../input/" directory
# For example, running this (by clicking run or pressing Shift+Enter) will list all files under the input directory

import os
for dirname, _, filenames in os.walk('/home/dias-benchmarks/notebooks/mpwolke/just-you-wait-rishi-sunak/input'):
    for filename in filenames:
        print(os.path.join(dirname, filename))

# You can write up to 20GB to the current directory (/kaggle/working/) that gets preserved as output when you create a version using "Save & Run All"
# You can also write temporary files to /kaggle/temp/, but they won't be saved outside of the current session
Executing code: %%RecordEventWithColumnInfo
import re
import string

import nltk
from nltk.probability import FreqDist
from nltk.stem import WordNetLemmatizer
from nltk.corpus import stopwords
from nltk.stem import SnowballStemmer
from nltk import pos_tag
from nltk.stem import WordNetLemmatizer
from nltk.tokenize import word_tokenize

# STEFANOS: Unneeded
# from wordcloud import WordCloud
from tqdm.auto import tqdm
import matplotlib.style as style
import time
style.use('fivethirtyeight')
nltk.download('punkt_tab')
nltk.download('stopwords')
nltk.download('wordnet')
Executing code: %%RecordEventWithColumnInfo
### cell 0 ###


train = pd.read_parquet('/home/dias-benchmarks/notebooks/mpwolke/just-you-wait-rishi-sunak/input/latest-elected-uk-prime-minister-rishi-sunak/uk_pm.parquet')
Executing code: %%RecordEventWithColumnInfo
### cell 1 ###

train.head()
Executing code: %%RecordEventWithColumnInfo
### cell 2 ###

df = pd.read_csv("/home/dias-benchmarks/notebooks/mpwolke/just-you-wait-rishi-sunak/input/latest-elected-uk-prime-minister-rishi-sunak/uk_pm.csv", delimiter=',', encoding='utf8')
pd.set_option('display.max_columns', None)
df.tail()
Executing code: %%RecordEventWithColumnInfo
### cell 3 ###

#Code by Leon Wolber https://www.kaggle.com/leonwolber/reddit-nlp-topic-modeling-prediction

print(len(train[train['likecount'] < 500]), 'tweets with less than 500 dislikes')
print(len(train[train['likecount'] > 500]), 'tweets with more than 500 dislikes')
Executing code: %%RecordEventWithColumnInfo
### cell 4 ###

#Code by Leon Wolber https://www.kaggle.com/leonwolber/reddit-nlp-topic-modeling-prediction

# video with the most comments

train[train['likecount'] == train['likecount'].max()]['text'].iloc[0]
Executing code: %%RecordEventWithColumnInfo
### cell 5 ###

#Code by Leon Wolber https://www.kaggle.com/leonwolber/reddit-nlp-topic-modeling-prediction

def remove_line_breaks(text):
    text = text.replace('\r', ' ').replace('\n', ' ')
    return text

#remove punctuation
def remove_punctuation(text):
    re_replacements = re.compile("__[A-Z]+__")  # such as __NAME__, __LINK__
    re_punctuation = re.compile("[%s]" % re.escape(string.punctuation))
    '''Escape all the characters in pattern except ASCII letters and numbers'''
    tokens = word_tokenize(text)
    tokens_zero_punctuation = []
    for token in tokens:
        if not re_replacements.match(token):
            token = re_punctuation.sub(" ", token)
        tokens_zero_punctuation.append(token)
    return ' '.join(tokens_zero_punctuation)

def remove_special_characters(text):
    text = re.sub('[^a-zA-z0-9\s]', '', text)
    return text

def lowercase(text):
    text_low = [token.lower() for token in word_tokenize(text)]
    return ' '.join(text_low)

def remove_stopwords(text):
    stop = set(stopwords.words('english'))
    word_tokens = nltk.word_tokenize(text)
    text = " ".join([word for word in word_tokens if word not in stop])
    return text

#remobe one character words
def remove_one_character_words(text):
    '''Remove words from dataset that contain only 1 character'''
    text_high_use = [token for token in word_tokenize(text) if len(token)>1]
    return ' '.join(text_high_use)

#%%
# Stemming with 'Snowball stemmer" package
def stem(text):
    stemmer = nltk.stem.snowball.SnowballStemmer('english')
    text_stemmed = [stemmer.stem(token) for token in word_tokenize(text)]
    return ' '.join(text_stemmed)

def lemma(text):
    wordnet_lemmatizer = WordNetLemmatizer()
    word_tokens = nltk.word_tokenize(text)
    text_lemma = " ".join([wordnet_lemmatizer.lemmatize(word) for word in word_tokens])
    return ' '.join(text_lemma)


#break sentences to individual word list
def sentence_word(text):
    word_tokens = nltk.word_tokenize(text)
    return word_tokens
#break paragraphs to sentence token
def paragraph_sentence(text):
    sent_token = nltk.sent_tokenize(text)
    return sent_token


def tokenize(text):
    """Return a list of words in a text."""
    return re.findall(r'\w+', text)

def remove_numbers(text):
    no_nums = re.sub(r'\d+', '', text)
    return ''.join(no_nums)



def clean_text(text):
    _steps = [
    remove_line_breaks,
    remove_one_character_words,
    remove_special_characters,
    lowercase,
    remove_punctuation,
    remove_stopwords,
    stem,
    remove_numbers
]
    for step in _steps:
        text=step(text)
    return text
#%%
Executing code: %%RecordEventWithColumnInfo
### cell 6 ###

#https://stackoverflow.com/questions/55557004/getting-attributeerror-float-object-has-no-attribute-replace-error-while
#To avoid with tqdm AttributeError: 'float' object has no attribute

train["text"] = train["text"].astype(str)
train["text"] = [x.replace(':',' ') for x in train["text"]]
Executing code: %%RecordEventWithColumnInfo
### cell 7 ###

train['clean_text'] = pd.Series([clean_text(i) for i in tqdm(train['text'])])
Executing code: %%RecordEventWithColumnInfo
### cell 8 ###

words = train["clean_text"].values
Executing code: %%RecordEventWithColumnInfo
### cell 9 ###

#Code by Leon Wolber https://www.kaggle.com/leonwolber/reddit-nlp-topic-modeling-prediction

ls = []

for i in words:
    ls.append(str(i))
Executing code: %%RecordEventWithColumnInfo
### cell 10 ###

ls[:5]
Executing code: # STEFANOS: Disable plotting
# #Code by Leon Wolber https://www.kaggle.com/leonwolber/reddit-nlp-topic-modeling-prediction

# # The wordcloud
# plt.figure(figsize=(16,13))
# wc = WordCloud(background_color="lightblue", colormap='Set2', max_words=1000, max_font_size= 200,  width=1600, height=800)
# wc.generate(" ".join(ls))
# plt.title("Most discussed terms", fontsize=20)
# plt.imshow(wc.recolor( colormap= 'Set2' , random_state=17), alpha=0.98, interpolation="bilinear", )
# plt.axis('off')
Executing code: %%RecordEventWithColumnInfo
### cell 11 ###

#Code by Leon Wolber https://www.kaggle.com/leonwolber/reddit-nlp-topic-modeling-prediction

most_pop = train.sort_values('likecount', ascending =False)[['text', 'likecount']].head(12)

most_pop['target1'] = most_pop['likecount']/1000
Executing code: # STEFANOS: Disable plotting

# #Code by Leon Wolber https://www.kaggle.com/leonwolber/reddit-nlp-topic-modeling-prediction

# plt.figure(figsize = (30,35))

# sns.barplot(data = most_pop, y = 'text', x = 'target1', color = 'c')
# plt.xticks(fontsize=50, rotation=0)
# plt.yticks(fontsize=50, rotation=0)
# plt.xlabel('Votes in Thousands', fontsize = 21)
# plt.ylabel('')
# plt.title('Most popular tweets', fontsize = 50);
Executing code: %%RecordEventWithColumnInfo
### cell 12 ###

import collections.abc
#gensim aliases to be done manually.
collections.Iterable = collections.abc.Iterable
collections.Mapping = collections.abc.Mapping
collections.MutableSet = collections.abc.MutableSet
collections.MutableMapping = collections.abc.MutableMapping
import gensim
from gensim.utils import simple_preprocess
from gensim.parsing.preprocessing import STOPWORDS
from nltk.stem import WordNetLemmatizer, SnowballStemmer
from nltk.stem.porter import *
import numpy as np
np.random.seed(2018)
import nltk
Executing code: %%RecordEventWithColumnInfo
### cell 13 ###

stemmer = SnowballStemmer('english')
Executing code: # STEFANOS: Disable. Connects to net.
# nltk.download('wordnet')
Executing code: %%RecordEventWithColumnInfo
### cell 14 ###

#Code by Leon Wolber https://www.kaggle.com/leonwolber/reddit-nlp-topic-modeling-prediction

def lemmatize_stemming(text):
    return stemmer.stem(WordNetLemmatizer().lemmatize(text, pos='v'))

def preprocess(text):
    result = []
    for token in gensim.utils.simple_preprocess(text):
        if token not in gensim.parsing.preprocessing.STOPWORDS and len(token) > 3:
            result.append(lemmatize_stemming(token))
    return result
Executing code: %%RecordEventWithColumnInfo
### cell 15 ###

train['text'].iloc[2]
Executing code: %%RecordEventWithColumnInfo
### cell 16 ###

import nltk
# STEFANOS: Disable. Connects to net.
# nltk.download('omw-1.4')
Executing code: %%RecordEventWithColumnInfo
### cell 17 ###

#Code by Leon Wolber https://www.kaggle.com/leonwolber/reddit-nlp-topic-modeling-prediction

doc_sample = train['text'].iloc[1]
print('original document: ')

words = []

for word in doc_sample.split(' '):
    words.append(word)


print(words)
print('\n\n tokenized and lemmatized document: ')
print(preprocess(doc_sample))
Executing code: %%RecordEventWithColumnInfo
### cell 18 ###

train['text'] = train['text'].astype(str)
Executing code: %%RecordEventWithColumnInfo
### cell 19 ###

#Code by Leon Wolber https://www.kaggle.com/leonwolber/reddit-nlp-topic-modeling-prediction

words = []

for i in train['text']:
        words.append(i.split(' '))
Executing code: %%RecordEventWithColumnInfo
### cell 20 ###

#Code by Leon Wolber https://www.kaggle.com/leonwolber/reddit-nlp-topic-modeling-prediction

dictionary = gensim.corpora.Dictionary(words)

count = 0
for k, v in dictionary.iteritems():
    print(k, v)
    count += 1
    if count > 10:
        break
Executing code: %%RecordEventWithColumnInfo
### cell 21 ###

bow_corpus = [dictionary.doc2bow(doc) for doc in words]
bow_corpus[4310]
Executing code: %%RecordEventWithColumnInfo
### cell 22 ###

#Code by Leon Wolber https://www.kaggle.com/leonwolber/reddit-nlp-topic-modeling-prediction

bow_doc_4310 = bow_corpus[4310]

for i in range(len(bow_doc_4310)):
    print("Word {} (\"{}\") appears {} time.".format(bow_doc_4310[i][0],
                                               dictionary[bow_doc_4310[i][0]],
bow_doc_4310[i][1]))
Executing code: # STEFANOS: Disable the rest. It's ML.
Executing code: %PrintCellInfo cell_exec_info
Executing code: %reset -f
Executing code: %reload_ext ElasticNotebook
Ran small notebook to get cell exec info in 185.5102767944336 seconds
Getting cudf profile information...
Annotated notebook saved to /home/dias-benchmarks/notebooks/mpwolke/just-you-wait-rishi-sunak/src/cudf_profile.ipynb
