Running: python main.py /home/dias-benchmarks/notebooks/dataranch/supermarket-sales-prediction-xgboost-fastai/src/bench.ipynb /home/dias-benchmarks/notebooks/dataranch/supermarket-sales-prediction-xgboost-fastai/src/small_bench.ipynb
Annotated notebook saved to /home/dias-benchmarks/notebooks/dataranch/supermarket-sales-prediction-xgboost-fastai/src/cell_exec_info.ipynb
Executing code: import sys, os
sys.path.insert(0, os.path.abspath('/home/ElasticNotebook'))
%load_ext ElasticNotebook
from elastic.core.common.pandas import compare_df, convert_col
import pickle
import cudf
Executing code: %%RecordEventWithColumnInfo
import warnings
warnings.filterwarnings('ignore')
Executing code: # STEFANOS: Disable pip install
# !pip install lazypredict
# !pip install --upgrade pandas
# !pip install fast-tabnet
# !pip install fastai
# !pip install pandas-profiling
Executing code: %%RecordEventWithColumnInfo
#A program that takes a csv and trains models on it. Streamlined model selection.
#==============================================================================

# STEFANOS: Disable unneeded modules
# #LazyPredict
# import lazypredict
# from lazypredict.Supervised import LazyRegressor
# from lazypredict.Supervised import LazyClassifier
# #Baysian Optimization
# from bayes_opt import BayesianOptimization
#Pandas stack
import os
# STEFANOS: Conditionally import Modin Pandas
if "IREWR_WITH_MODIN" in os.environ and os.environ["IREWR_WITH_MODIN"] == "True":
    # STEFANOS: Import Modin Pandas
    import os
    os.environ["MODIN_ENGINE"] = "ray"
    import ray
    ray.init(num_cpus=int(os.environ['MODIN_CPUS']), runtime_env={'env_vars': {'__MODIN_AUTOIMPORT_PANDAS__': '1'}})
    import modin.pandas as pd
else:
    # STEFANOS: Import regular Pandas
    import pandas as pd
# import pandas_profiling
import numpy as np
# STEFANOS: Disable unneeded modules
# #FastAI
# from fastai.tabular.all import *
# from fastai.tabular.core import *
# #Plots
# import matplotlib.pyplot as plt
# import seaborn as sns
#System
import os
import sys
import traceback
#Fit an xgboost model
# STEFANOS: Disable unneeded modules
# from xgboost import XGBRegressor
# from xgboost import XGBClassifier
# from xgboost import plot_importance
# from sklearn.metrics import mean_squared_error
# from sklearn.metrics import roc_auc_score
#Random
import random

#TabNet
# from fast_tabnet.core import *

import shutil
Executing code: # STEFANOS: Disable matplotlib inline
# %matplotlib inline
Executing code: # For Styling
# STEFANOS: Disbale plotting
# plt.style.use('seaborn-bright')
Executing code: %%RecordEventWithColumnInfo
#Project Variables
#===================================================================================================
PROJECT_NAME = 'superstore'
VARIABLE_FILES = False
#Maximum amount of rows to take

## -- STEFANOS -- Remove sample

# SAMPLE_COUNT = 4000
FASTAI_LEARNING_RATE = 1e-1
AUTO_ADJUST_LEARNING_RATE = False
#Set to True automatically infer if variables are categorical or continuous
ENABLE_BREAKPOINT = True
#When trying to declare a column a continuous variable, if it fails, convert it to a categorical variable
CONVERT_TO_CAT = False
REGRESSOR = True
SEP_DOLLAR = False
SEP_COMMA = True
SHUFFLE_DATA = True
Executing code: %%RecordEventWithColumnInfo
### cell 0 ###

PARAM_DIR = "/home/dias-benchmarks/notebooks/dataranch/supermarket-sales-prediction-xgboost-fastai/input/superstore"
df = pd.read_csv("/home/dias-benchmarks/notebooks/dataranch/supermarket-sales-prediction-xgboost-fastai/input/superstore/SampleSuperstore.csv")
Executing code: %%RecordEventWithColumnInfo
### cell 1 ###

df
Executing code: %%RecordEventWithColumnInfo
### cell 2 ###

factor = 1
df = pd.concat([df]*factor)
df.info()
Executing code: %%RecordEventWithColumnInfo
### cell 3 ###

if SEP_DOLLAR:
    #For every column in df_copy, if the column contains a $, make a new column with the value without the $
    for col in df_copy.columns:
        if '$' in df[col].to_string():
            df[col + '_no_dollar'] = df[col].str.replace('$', '').str.replace(',', '')
            #Try to convert this new column to a numeric type
            try:
                df[col + '_no_dollar'] = df[col + '_no_dollar'].apply(pd.to_numeric, errors='coerce').dropna()
            except Exception:
                print(f'{col} can not be converted to a float!')


if SEP_COMMA:
    #For every column in df_copy, if the column contains a %, make a new column with the value without the %
    for col in df.columns:
        if '%' in df[col].to_string() or ',' in df[col].to_string():
            df[col + '_processed'] = df[col].apply(str).str.replace('%', '').str.replace(',', '')
            #Try to convert this new column to a numeric type
            try:
                df[col + '_processed'] = df[col + '_processed'].apply(pd.to_numeric, errors='coerce').dropna()
            except Exception:
                print(f'{col} can not be converted to a float!')
Executing code: %%RecordEventWithColumnInfo
### cell 4 ###

df
Executing code: %%RecordEventWithColumnInfo
### cell 5 ###

df.isna().sum()
Executing code: %%RecordEventWithColumnInfo
### cell 6 ###

# STEFANOS: Disable plotting
# sns.heatmap(df.corr())
_ = df.select_dtypes(include=['number']).corr()
Executing code: %%RecordEventWithColumnInfo
### cell 7 ###

# STEFANOS: Disable plotting
# df.head().style.background_gradient(cmap = "inferno")
df.head()
Executing code: %%RecordEventWithColumnInfo
### cell 8 ###

# STEFANOS: Disable plotting
# df.describe().T.style.background_gradient(cmap = "viridis")
df.describe().T
Executing code: %%RecordEventWithColumnInfo
### cell 9 ###

df.columns
Executing code: %%RecordEventWithColumnInfo
### cell 10 ###

target = ''
target_str = ''
targets = []

#Loop through every possible target column (Continuous)
for i in range(len(df.columns)-1, 0, -1):
    try:
        df[df.columns[i]] = df[df.columns[i]].apply(pd.to_numeric, errors='coerce').dropna()
        target = df.columns[i]
        target_str = target.replace('/', '-')
    except:
        continue
    print(f'Target Variable: {target}')

    #===================================================================================================

    #Create project config files if they don't exist.
    if not os.path.exists(PARAM_DIR):
        #create param_dir
        os.makedirs(PARAM_DIR)
    if not os.path.exists(f'{PARAM_DIR}/cats.txt'):
        #create param_dir
        with open(f'{PARAM_DIR}/cats.txt', 'w') as f:
            f.write('')
    if not os.path.exists(f'{PARAM_DIR}/conts.txt'):
        #create param_dir
        with open(f'{PARAM_DIR}/conts.txt', 'w') as f:
            f.write('')
    if not os.path.exists(f'{PARAM_DIR}/cols_to_delete.txt'):
        with open(f'{PARAM_DIR}/cols_to_delete.txt', 'w') as f:
            f.write('')

    df = df.drop_duplicates()
    if SHUFFLE_DATA:
        df = df.sample(frac=1).reset_index(drop=True)

    # workaround for fastai/pytorch bug where bool is treated as object and thus erroring out.
    for n in df:
        if pd.api.types.is_bool_dtype(df[n]):
            df[n] = df[n].astype('uint8')

    with open(f'{PARAM_DIR}/cols_to_delete.txt', 'r') as f:
        cols_to_delete = f.read().splitlines()
    for col in cols_to_delete:
        try:
            del(df[col])
        except:
            pass

    try:
        df = df.fillna(0)
    except:
        pass


    #Auto detect categorical and continuous variables
    #==============================================================================
    likely_cat = {}
    for var in df.columns:
        likely_cat[var] = 1.*df[var].nunique()/df[var].count() < 0.05 #or some other threshold

    cats = [var for var in df.columns if likely_cat[var]]
    conts = [var for var in df.columns if not likely_cat[var]]

    #remove target from lists
    try:
        conts.remove(target)
        cats.remove(target)
    except:
        pass
    #Convert target to float
    df[target] = df[target].apply(pd.to_numeric, errors='coerce').dropna()

    if VARIABLE_FILES == True:
        with open(f'{PARAM_DIR}/cats.txt', 'r') as f:
            cats = f.read().splitlines()

        with open(f'{PARAM_DIR}/conts.txt', 'r') as f:
            conts = f.read().splitlines()

    for var in conts:
        try:
            df[var] = df[var].apply(pd.to_numeric, errors='coerce').dropna()
        except:
            print(f'Could not convert {var} to float.')
            pass

    if ENABLE_BREAKPOINT == True:
        cont_list = []
        for cont in conts:
            focus_cont = cont
            cont_list.append(cont)
        for var in cont_list:
            try:
                df[var] = df[var].apply(pd.to_numeric, errors='coerce').dropna()
            except:
                print(f'Could not convert {var} to float.')
                cont_list.remove(var)
                if CONVERT_TO_CAT == True:
                    cats.append(var)
                pass
Executing code: # out_dir = f'./{PROJECT_NAME}'
# xgb_feature_importance_csvs = []

# for file in os.listdir(out_dir):
#     if 'xgb_feature_importance' in file and '.csv' in file:
#         xgb_feature_importance_csvs.append(pd.read_csv(os.path.join(out_dir, file)))

# xgb_feature_importance = pd.concat(xgb_feature_importance_csvs,axis=0)
# xgb_feature_importance.rename(columns={'Unnamed: 0': 'feature'}, inplace=True)
# print(xgb_feature_importance.head())
# xgb_feature_importance.groupby('feature')['importance'].mean().sort_values(ascending=False).plot(kind='bar', title='XGBoost Overall Feature Importance', figsize=(20, 10))
Executing code: %%RecordEventWithColumnInfo
### cell 11 ###

df.isna().sum()
Executing code: %PrintCellInfo cell_exec_info
Executing code: %reset -f
Executing code: %reload_ext ElasticNotebook
Ran small notebook to get cell exec info in 9.093835830688477 seconds
Annotated notebook saved to /home/dias-benchmarks/notebooks/dataranch/supermarket-sales-prediction-xgboost-fastai/src/cpu_to_gpu_cost_model_inputs.ipynb
Executing code: import sys, os
sys.path.insert(0, os.path.abspath('/home/ElasticNotebook'))
%load_ext ElasticNotebook
from elastic.core.common.pandas import compare_df, convert_col
import pickle
import cudf
Executing code: import warnings
warnings.filterwarnings('ignore')
Executing code: # STEFANOS: Disable pip install
# !pip install lazypredict
# !pip install --upgrade pandas
# !pip install fast-tabnet
# !pip install fastai
# !pip install pandas-profiling
Executing code: #A program that takes a csv and trains models on it. Streamlined model selection.
#==============================================================================

# STEFANOS: Disable unneeded modules
# #LazyPredict
# import lazypredict
# from lazypredict.Supervised import LazyRegressor
# from lazypredict.Supervised import LazyClassifier
# #Baysian Optimization
# from bayes_opt import BayesianOptimization
#Pandas stack
import os
# STEFANOS: Conditionally import Modin Pandas
if "IREWR_WITH_MODIN" in os.environ and os.environ["IREWR_WITH_MODIN"] == "True":
    # STEFANOS: Import Modin Pandas
    import os
    os.environ["MODIN_ENGINE"] = "ray"
    import ray
    ray.init(num_cpus=int(os.environ['MODIN_CPUS']), runtime_env={'env_vars': {'__MODIN_AUTOIMPORT_PANDAS__': '1'}})
    import modin.pandas as pd
else:
    # STEFANOS: Import regular Pandas
    import pandas as pd
# import pandas_profiling
import numpy as np
# STEFANOS: Disable unneeded modules
# #FastAI
# from fastai.tabular.all import *
# from fastai.tabular.core import *
# #Plots
# import matplotlib.pyplot as plt
# import seaborn as sns
#System
import os
import sys
import traceback
#Fit an xgboost model
# STEFANOS: Disable unneeded modules
# from xgboost import XGBRegressor
# from xgboost import XGBClassifier
# from xgboost import plot_importance
# from sklearn.metrics import mean_squared_error
# from sklearn.metrics import roc_auc_score
#Random
import random

#TabNet
# from fast_tabnet.core import *

import shutil
Executing code: # STEFANOS: Disable matplotlib inline
# %matplotlib inline
Executing code: # For Styling
# STEFANOS: Disbale plotting
# plt.style.use('seaborn-bright')
Executing code: #Project Variables
#===================================================================================================
PROJECT_NAME = 'superstore'
VARIABLE_FILES = False
#Maximum amount of rows to take

## -- STEFANOS -- Remove sample

# SAMPLE_COUNT = 4000
FASTAI_LEARNING_RATE = 1e-1
AUTO_ADJUST_LEARNING_RATE = False
#Set to True automatically infer if variables are categorical or continuous
ENABLE_BREAKPOINT = True
#When trying to declare a column a continuous variable, if it fails, convert it to a categorical variable
CONVERT_TO_CAT = False
REGRESSOR = True
SEP_DOLLAR = False
SEP_COMMA = True
SHUFFLE_DATA = True
Executing code: %%time
### cell 0 ###

PARAM_DIR = "/home/dias-benchmarks/notebooks/dataranch/supermarket-sales-prediction-xgboost-fastai/input/superstore"
df = pd.read_csv("/home/dias-benchmarks/notebooks/dataranch/supermarket-sales-prediction-xgboost-fastai/input/superstore/SampleSuperstore.csv")
Executing code: %%time
### cell 1 ###

df
Executing code: %%time
### cell 2 ###

factor = 50
df = pd.concat([df]*factor)
df.info()
Executing code: %%time
### cell 3 ###

if SEP_DOLLAR:
    #For every column in df_copy, if the column contains a $, make a new column with the value without the $
    for col in df_copy.columns:
        if '$' in df[col].to_string():
            df[col + '_no_dollar'] = df[col].str.replace('$', '').str.replace(',', '')
            #Try to convert this new column to a numeric type
            try:
                df[col + '_no_dollar'] = df[col + '_no_dollar'].apply(pd.to_numeric, errors='coerce').dropna()
            except Exception:
                print(f'{col} can not be converted to a float!')


if SEP_COMMA:
    #For every column in df_copy, if the column contains a %, make a new column with the value without the %
    for col in df.columns:
        if '%' in df[col].to_string() or ',' in df[col].to_string():
            df[col + '_processed'] = df[col].apply(str).str.replace('%', '').str.replace(',', '')
            #Try to convert this new column to a numeric type
            try:
                df[col + '_processed'] = df[col + '_processed'].apply(pd.to_numeric, errors='coerce').dropna()
            except Exception:
                print(f'{col} can not be converted to a float!')
Executing code: %%time
### cell 4 ###

df
Executing code: %%time
### cell 5 ###

df.isna().sum()
Executing code: %%time
### cell 6 ###

# STEFANOS: Disable plotting
# sns.heatmap(df.corr())
_ = df.select_dtypes(include=['number']).corr()
Executing code: %%time
### cell 7 ###

# STEFANOS: Disable plotting
# df.head().style.background_gradient(cmap = "inferno")
df.head()
Executing code: %%time
### cell 8 ###

# STEFANOS: Disable plotting
# df.describe().T.style.background_gradient(cmap = "viridis")
df.describe().T
Executing code: %%time
### cell 9 ###

df.columns
Executing code: %%time
### cell 10 ###

target = ''
target_str = ''
targets = []

#Loop through every possible target column (Continuous)
for i in range(len(df.columns)-1, 0, -1):
    try:
        df[df.columns[i]] = df[df.columns[i]].apply(pd.to_numeric, errors='coerce').dropna()
        target = df.columns[i]
        target_str = target.replace('/', '-')
    except:
        continue
    print(f'Target Variable: {target}')

    #===================================================================================================

    #Create project config files if they don't exist.
    if not os.path.exists(PARAM_DIR):
        #create param_dir
        os.makedirs(PARAM_DIR)
    if not os.path.exists(f'{PARAM_DIR}/cats.txt'):
        #create param_dir
        with open(f'{PARAM_DIR}/cats.txt', 'w') as f:
            f.write('')
    if not os.path.exists(f'{PARAM_DIR}/conts.txt'):
        #create param_dir
        with open(f'{PARAM_DIR}/conts.txt', 'w') as f:
            f.write('')
    if not os.path.exists(f'{PARAM_DIR}/cols_to_delete.txt'):
        with open(f'{PARAM_DIR}/cols_to_delete.txt', 'w') as f:
            f.write('')

    df = df.drop_duplicates()
    if SHUFFLE_DATA:
        df = df.sample(frac=1).reset_index(drop=True)

    # workaround for fastai/pytorch bug where bool is treated as object and thus erroring out.
    for n in df:
        if pd.api.types.is_bool_dtype(df[n]):
            df[n] = df[n].astype('uint8')

    with open(f'{PARAM_DIR}/cols_to_delete.txt', 'r') as f:
        cols_to_delete = f.read().splitlines()
    for col in cols_to_delete:
        try:
            del(df[col])
        except:
            pass

    try:
        df = df.fillna(0)
    except:
        pass


    #Auto detect categorical and continuous variables
    #==============================================================================
    likely_cat = {}
    for var in df.columns:
        likely_cat[var] = 1.*df[var].nunique()/df[var].count() < 0.05 #or some other threshold

    cats = [var for var in df.columns if likely_cat[var]]
    conts = [var for var in df.columns if not likely_cat[var]]

    #remove target from lists
    try:
        conts.remove(target)
        cats.remove(target)
    except:
        pass
    #Convert target to float
    df[target] = df[target].apply(pd.to_numeric, errors='coerce').dropna()

    if VARIABLE_FILES == True:
        with open(f'{PARAM_DIR}/cats.txt', 'r') as f:
            cats = f.read().splitlines()

        with open(f'{PARAM_DIR}/conts.txt', 'r') as f:
            conts = f.read().splitlines()

    for var in conts:
        try:
            df[var] = df[var].apply(pd.to_numeric, errors='coerce').dropna()
        except:
            print(f'Could not convert {var} to float.')
            pass

    if ENABLE_BREAKPOINT == True:
        cont_list = []
        for cont in conts:
            focus_cont = cont
            cont_list.append(cont)
        for var in cont_list:
            try:
                df[var] = df[var].apply(pd.to_numeric, errors='coerce').dropna()
            except:
                print(f'Could not convert {var} to float.')
                cont_list.remove(var)
                if CONVERT_TO_CAT == True:
                    cats.append(var)
                pass
Executing code: %%time
### cell 11 ###

df.isna().sum()
Executing code: %reset -f
Executing code: %reload_ext ElasticNotebook
Annotated notebook saved to /home/dias-benchmarks/notebooks/dataranch/supermarket-sales-prediction-xgboost-fastai/src/gpu_to_cpu_cost_model_inputs.ipynb
Executing code: %load_ext cudf.pandas
Executing code: import sys, os
sys.path.insert(0, os.path.abspath('/home/ElasticNotebook'))
%load_ext ElasticNotebook
from elastic.core.common.pandas import compare_df, convert_col
import pickle
import cudf
Executing code: import warnings
warnings.filterwarnings('ignore')
Executing code: # STEFANOS: Disable pip install
# !pip install lazypredict
# !pip install --upgrade pandas
# !pip install fast-tabnet
# !pip install fastai
# !pip install pandas-profiling
Executing code: #A program that takes a csv and trains models on it. Streamlined model selection.
#==============================================================================

# STEFANOS: Disable unneeded modules
# #LazyPredict
# import lazypredict
# from lazypredict.Supervised import LazyRegressor
# from lazypredict.Supervised import LazyClassifier
# #Baysian Optimization
# from bayes_opt import BayesianOptimization
#Pandas stack
import os
# STEFANOS: Conditionally import Modin Pandas
if "IREWR_WITH_MODIN" in os.environ and os.environ["IREWR_WITH_MODIN"] == "True":
    # STEFANOS: Import Modin Pandas
    import os
    os.environ["MODIN_ENGINE"] = "ray"
    import ray
    ray.init(num_cpus=int(os.environ['MODIN_CPUS']), runtime_env={'env_vars': {'__MODIN_AUTOIMPORT_PANDAS__': '1'}})
    import modin.pandas as pd
else:
    # STEFANOS: Import regular Pandas
    import pandas as pd
# import pandas_profiling
import numpy as np
# STEFANOS: Disable unneeded modules
# #FastAI
# from fastai.tabular.all import *
# from fastai.tabular.core import *
# #Plots
# import matplotlib.pyplot as plt
# import seaborn as sns
#System
import os
import sys
import traceback
#Fit an xgboost model
# STEFANOS: Disable unneeded modules
# from xgboost import XGBRegressor
# from xgboost import XGBClassifier
# from xgboost import plot_importance
# from sklearn.metrics import mean_squared_error
# from sklearn.metrics import roc_auc_score
#Random
import random

#TabNet
# from fast_tabnet.core import *

import shutil
Executing code: # STEFANOS: Disable matplotlib inline
# %matplotlib inline
Executing code: # For Styling
# STEFANOS: Disbale plotting
# plt.style.use('seaborn-bright')
Executing code: #Project Variables
#===================================================================================================
PROJECT_NAME = 'superstore'
VARIABLE_FILES = False
#Maximum amount of rows to take

## -- STEFANOS -- Remove sample

# SAMPLE_COUNT = 4000
FASTAI_LEARNING_RATE = 1e-1
AUTO_ADJUST_LEARNING_RATE = False
#Set to True automatically infer if variables are categorical or continuous
ENABLE_BREAKPOINT = True
#When trying to declare a column a continuous variable, if it fails, convert it to a categorical variable
CONVERT_TO_CAT = False
REGRESSOR = True
SEP_DOLLAR = False
SEP_COMMA = True
SHUFFLE_DATA = True
Executing code: %%time
### cell 0 ###

PARAM_DIR = "/home/dias-benchmarks/notebooks/dataranch/supermarket-sales-prediction-xgboost-fastai/input/superstore"
df = pd.read_csv("/home/dias-benchmarks/notebooks/dataranch/supermarket-sales-prediction-xgboost-fastai/input/superstore/SampleSuperstore.csv")
Executing code: %%time
### cell 1 ###

df
Executing code: %%time
### cell 2 ###

factor = 50
df = pd.concat([df]*factor)
df.info()
Executing code: %%time
### cell 3 ###

if SEP_DOLLAR:
    #For every column in df_copy, if the column contains a $, make a new column with the value without the $
    for col in df_copy.columns:
        if '$' in df[col].to_string():
            df[col + '_no_dollar'] = df[col].str.replace('$', '').str.replace(',', '')
            #Try to convert this new column to a numeric type
            try:
                df[col + '_no_dollar'] = df[col + '_no_dollar'].apply(pd.to_numeric, errors='coerce').dropna()
            except Exception:
                print(f'{col} can not be converted to a float!')


if SEP_COMMA:
    #For every column in df_copy, if the column contains a %, make a new column with the value without the %
    for col in df.columns:
        if '%' in df[col].to_string() or ',' in df[col].to_string():
            df[col + '_processed'] = df[col].apply(str).str.replace('%', '').str.replace(',', '')
            #Try to convert this new column to a numeric type
            try:
                df[col + '_processed'] = df[col + '_processed'].apply(pd.to_numeric, errors='coerce').dropna()
            except Exception:
                print(f'{col} can not be converted to a float!')
Executing code: %%time
### cell 4 ###

df
Executing code: %%time
### cell 5 ###

df.isna().sum()
Executing code: %%time
### cell 6 ###

# STEFANOS: Disable plotting
# sns.heatmap(df.corr())
_ = df.select_dtypes(include=['number']).corr()
Executing code: %%time
### cell 7 ###

# STEFANOS: Disable plotting
# df.head().style.background_gradient(cmap = "inferno")
df.head()
Executing code: %%time
### cell 8 ###

# STEFANOS: Disable plotting
# df.describe().T.style.background_gradient(cmap = "viridis")
df.describe().T
Executing code: %%time
### cell 9 ###

df.columns
Executing code: %%time
### cell 10 ###

target = ''
target_str = ''
targets = []

#Loop through every possible target column (Continuous)
for i in range(len(df.columns)-1, 0, -1):
    try:
        df[df.columns[i]] = df[df.columns[i]].apply(pd.to_numeric, errors='coerce').dropna()
        target = df.columns[i]
        target_str = target.replace('/', '-')
    except:
        continue
    print(f'Target Variable: {target}')

    #===================================================================================================

    #Create project config files if they don't exist.
    if not os.path.exists(PARAM_DIR):
        #create param_dir
        os.makedirs(PARAM_DIR)
    if not os.path.exists(f'{PARAM_DIR}/cats.txt'):
        #create param_dir
        with open(f'{PARAM_DIR}/cats.txt', 'w') as f:
            f.write('')
    if not os.path.exists(f'{PARAM_DIR}/conts.txt'):
        #create param_dir
        with open(f'{PARAM_DIR}/conts.txt', 'w') as f:
            f.write('')
    if not os.path.exists(f'{PARAM_DIR}/cols_to_delete.txt'):
        with open(f'{PARAM_DIR}/cols_to_delete.txt', 'w') as f:
            f.write('')

    df = df.drop_duplicates()
    if SHUFFLE_DATA:
        df = df.sample(frac=1).reset_index(drop=True)

    # workaround for fastai/pytorch bug where bool is treated as object and thus erroring out.
    for n in df:
        if pd.api.types.is_bool_dtype(df[n]):
            df[n] = df[n].astype('uint8')

    with open(f'{PARAM_DIR}/cols_to_delete.txt', 'r') as f:
        cols_to_delete = f.read().splitlines()
    for col in cols_to_delete:
        try:
            del(df[col])
        except:
            pass

    try:
        df = df.fillna(0)
    except:
        pass


    #Auto detect categorical and continuous variables
    #==============================================================================
    likely_cat = {}
    for var in df.columns:
        likely_cat[var] = 1.*df[var].nunique()/df[var].count() < 0.05 #or some other threshold

    cats = [var for var in df.columns if likely_cat[var]]
    conts = [var for var in df.columns if not likely_cat[var]]

    #remove target from lists
    try:
        conts.remove(target)
        cats.remove(target)
    except:
        pass
    #Convert target to float
    df[target] = df[target].apply(pd.to_numeric, errors='coerce').dropna()

    if VARIABLE_FILES == True:
        with open(f'{PARAM_DIR}/cats.txt', 'r') as f:
            cats = f.read().splitlines()

        with open(f'{PARAM_DIR}/conts.txt', 'r') as f:
            conts = f.read().splitlines()

    for var in conts:
        try:
            df[var] = df[var].apply(pd.to_numeric, errors='coerce').dropna()
        except:
            print(f'Could not convert {var} to float.')
            pass

    if ENABLE_BREAKPOINT == True:
        cont_list = []
        for cont in conts:
            focus_cont = cont
            cont_list.append(cont)
        for var in cont_list:
            try:
                df[var] = df[var].apply(pd.to_numeric, errors='coerce').dropna()
            except:
                print(f'Could not convert {var} to float.')
                cont_list.remove(var)
                if CONVERT_TO_CAT == True:
                    cats.append(var)
                pass
Executing code: %%time
### cell 11 ###

df.isna().sum()
Executing code: %reset -f
Executing code: %reload_ext ElasticNotebook
❌ Failed (1) on /home/dias-benchmarks/notebooks/dataranch/supermarket-sales-prediction-xgboost-fastai/src/bench.ipynb:
