Annotated notebook saved to /home/dias-benchmarks/new_notebooks/us-birth/annotated.ipynb
Executing code: %reset -f
Executing code: %reload_ext ElasticNotebook
Executing code: %load_ext cudf.pandas
Executing code: import sys, os
sys.path.insert(0, os.path.abspath('/home/ElasticNotebook'))
%load_ext ElasticNotebook
from elastic.core.common.pandas import compare_df
import pickle
import cudf
Executing code: %%RecordEvent
# %load_ext cudf.pandas
#Importing all necessary libraries

import numpy as np
import pandas as pd
import seaborn as sns
# %matplotlib inline
import matplotlib.pyplot as plt
import time
Executing code: %%RecordEvent
%%time
### cell 0 ###

#Alternatively you can use this code to get the dataset
# url = "https://raw.githubusercontent.com/jakevdp/data-CDCbirths/master/births.csv"
birth_data = pd.read_csv("/home/dias-benchmarks/new_notebooks/us-birth/births.csv")
birth_data.sample(5, random_state=0)
Executing code: %%RecordEvent
%%time
### cell 1 ###

factor = 500
birth_data = pd.concat([birth_data] * factor)
Executing code: %%RecordEvent
%%time
### cell 2 ###

birth_data.shape, birth_data.info()
Executing code: %%RecordEvent
%%time
### cell 3 ###

birth_data = birth_data.fillna(0)
birth_data['day'] = birth_data['day'].astype(int)
birth_data.info()
Executing code: %%RecordEvent
%%time
### cell 4 ###

birth_data.sample(5, random_state=0)
Executing code: %%RecordEvent
%%time
### cell 5 ###

#Code to add the decade column
birth_data['decade'] = 10 * (birth_data['year'] // 10)
birth_data.head()
Executing code: %%RecordEvent
%%time
### cell 6 ###

#take a look at male and female births as a function of decade
birth_data.pivot_table('births', index='decade', columns='gender', aggfunc='sum')
Executing code: # %matplotlib inline
# import matplotlib.pyplot as plt
# plt.rcParams["figure.figsize"] = (10,6)
# sns.set()  # use Seaborn styles
# birth_data.pivot_table('births', index='year', columns='gender', aggfunc='sum').plot()
# plt.ylabel('total births per year')
# plt.title("Distribution Of Births Over Decades")
Executing code: # %matplotlib inline
# #import matplotlib.pyplot as plt
# plt.rcParams["figure.figsize"] = (10,6)
# sns.set()  # use Seaborn styles
# birth_data.pivot_table('births', index='year', columns='gender', aggfunc='mean').plot()
# plt.ylabel('Mean births per year')
# plt.title("Distribution Of Mean Births Over Decades")
Executing code: %%RecordEvent
%%time
### cell 7 ###

#Code to present male and female mean(births) against decade numericaly
birth_data.pivot_table('births', index='decade', columns='gender', aggfunc='mean')
Executing code: # #Boxplot for births
# #% matplotlib inline
# #import matplotlib.pyplot as plt
# sns.boxplot(y = 'births', data = birth_data)
# plt.title('Box plot - Total births')
Executing code: # #boxplot of births by decade
# fig, ax = plt.subplots(figsize=(10, 8))
# sns.boxplot(x = 'decade', y = 'births', data = birth_data, ax = ax)
# plt.title('Box plot - Total births over decade')
# plt.show()
Executing code: %Checkpoint /home/dias-benchmarks/new_notebooks/us-birth/annotated/checkpoints/pre_cell_8.pickle
Checkpointing took 0.0008845329284667969 seconds.
========================================================
Cell  8
Rewritten pre-checkpoint path: /home/dias-benchmarks/new_notebooks/us-birth/annotated/checkpoints/pre_cell_8.pickle
Pre-checkpoint path: /home/dias-benchmarks/new_notebooks/us-birth/annotated/checkpoints/pre_cell_8.pickle
Small rewritten pre-checkpoint path: /home/dias-benchmarks/new_notebooks/us-birth/small_bench/checkpoints/pre_cell_8.pickle
========================================================
Getting original timing for cell 8
HAHA original checkpoint path:  /home/dias-benchmarks/new_notebooks/us-birth/annotated/checkpoints/pre_cell_8.pickle
Setting initially best_rewritten_post_checkpoint_path:  /home/dias-benchmarks/new_notebooks/us-birth/annotated/checkpoints/post_cell_8.pickle
Setting initially best_small_rewritten_post_checkpoint_path:  /home/dias-benchmarks/new_notebooks/us-birth/small_bench/checkpoints/pre_cell_9.pickle
========================================================
Rewriting cell 8... Try 0...
Manager agent prompt:
        <Original Code>:
        ### cell 8 ###

years2check = [1988, 1989]

for year in years2check:
  yearly_data = birth_data[birth_data['year'] == year]
  print("Births data for - ", year)
  print(yearly_data)
        <Profiling data>:
        Empty DataFrame
Columns: []
Index: []

        <Execution time>: 61.8
        <Active vars>: []

        <Future vars>: ['birth_data']

        <Iteration>: 1/5

==========Running the manager agent to decide the next step==========
Choice: new
Reason: The purpose of the code is primarily printing, which cannot be optimized for performance, but since there is no rewritten code yet, I will explore creating a new version for better execution efficiency. Also, given that optimization is needed within 5 iterations, starting fresh is still viable.
Generating new code from the original code
Prompt:
        <Original Code>:
        ### cell 8 ###

years2check = [1988, 1989]

for year in years2check:
  yearly_data = birth_data[birth_data['year'] == year]
  print("Births data for - ", year)
  print(yearly_data)
        <Profiling data>:
        Empty DataFrame
Columns: []
Index: []

        <Execution time>: 61.8
        <Active vars>: []

        <Future vars>: ['birth_data']

        <Iteration>: 1/5

Code: years2check = [1988, 1989]
# Perform one GPU‐accelerated filter to limit to the years of interest
subset = birth_data[birth_data["year"].isin(years2check)]
# Iterate in the original order, slicing only the much smaller subset
for year in years2check:
    print(f"Births data for - {year}")
    print(subset[subset["year"] == year])
Reason: The original code scanned the entire DataFrame twice (once per year). By using a single `.isin()` filter we scan the full DataFrame only once on the GPU. Subsequent year‐by‐year slices are taken from the much smaller `subset`, reducing data movement and CPU overhead while preserving the original output order.
Parsed response: years2check = [1988, 1989]
# Perform one GPU‐accelerated filter to limit to the years of interest
subset = birth_data[birth_data["year"].isin(years2check)]
# Iterate in the original order, slicing only the much smaller subset
for year in years2check:
    print(f"Births data for - {year}")
    print(subset[subset["year"] == year])
Try 0: calling rewrite agent for cell 8 took 36.499260663986206 seconds.
Executing rewritten code... ### cell 8 ###

years2check = [1988, 1989]
# Perform one GPU‐accelerated filter to limit to the years of interest
subset = birth_data[birth_data["year"].isin(years2check)]
# Iterate in the original order, slicing only the much smaller subset
for year in years2check:
    print(f"Births data for - {year}")
    print(subset[subset["year"] == year])
HAHA rewritten pre-checkpoint path:  /home/dias-benchmarks/new_notebooks/us-birth/annotated/checkpoints/pre_cell_8.pickle
Running rewritten cell notebook
Finished executing the rewritten code.
Try 0: executing the rewritten code for cell 8 took 17.761310338974 seconds.
Rewritten time: 82.3 ms
Checkpointing the rewritten cell for small notebook...
The rewritten code is correct. Profiling cudf...
HAHA small rewritten pre-checkpoint path:  /home/dias-benchmarks/new_notebooks/us-birth/small_bench/checkpoints/pre_cell_8.pickle
Try 0: cudf profiling the rewritten code for cell 8 took 6.913323163986206 seconds.
gpu_calls_orig_perc: 0, gpu_calls_opt_perc: 1.0
orig_time: 61.8, opt_time: 82.3
Ratio improves.
Improvement in percentage makes up for the slowdown.
Rewritten code took 82.3ms. The previous fastest solution took 61.8ms.
Previous best solution num GPU and CPU calls:  0 0
New solution num GPU and CPU calls:  11 0
Accepted the rewritten code.
Setting best_rewritten_post_checkpoint_path to  /home/dias-benchmarks/new_notebooks/us-birth/rewritten/q20_rewrite/checkpoints/post_cell_8_try_0.pickle
Setting best_small_rewritten_post_checkpoint_path to  /home/dias-benchmarks/new_notebooks/us-birth/rewritten/q20_small_rewrite/checkpoints/post_cell_8_try_0.pickle
========================================================
Rewriting cell 8... Try 1...
Manager agent prompt:
        <Original Code>:
        ### cell 8 ###

years2check = [1988, 1989]

for year in years2check:
  yearly_data = birth_data[birth_data['year'] == year]
  print("Births data for - ", year)
  print(yearly_data)
        <Profiling data>:
        Empty DataFrame
Columns: []
Index: []
        <Execution time>: 61.8
        <Active Vars>: []
        <Future Vars>: ['birth_data']
        <Rewritten Code>:
        ### cell 8 ###

years2check = [1988, 1989]
# Perform one GPU‐accelerated filter to limit to the years of interest
subset = birth_data[birth_data["year"].isin(years2check)]
# Iterate in the original order, slicing only the much smaller subset
for year in years2check:
    print(f"Births data for - {year}")
    print(subset[subset["year"] == year])
        <Profiling data>:
                        Function  GPU calls  CPU calls
0  DataFrame.__getitem__          6          0
1            Series.isin          1          0
2        OpsMixin.__eq__          2          0
3         object.__str__          2          0
        <Execution time>: 82.3
        <Execution output>: Rewritten time: 82.3 ms
Original time: 61.8 ms
        <Iteration>: 2/5

==========Running the manager agent to decide the next step==========
Choice: optimize
Reason: The rewritten code is slower than the original. It could potentially benefit from further optimization using more efficient filtering or processing techniques.
Code optimizer prompt:
        <Original Code>:
        ### cell 8 ###

years2check = [1988, 1989]
# Perform one GPU‐accelerated filter to limit to the years of interest
subset = birth_data[birth_data["year"].isin(years2check)]
# Iterate in the original order, slicing only the much smaller subset
for year in years2check:
    print(f"Births data for - {year}")
    print(subset[subset["year"] == year])
        <Profiling data>:
                        Function  GPU calls  CPU calls
0  DataFrame.__getitem__          6          0
1            Series.isin          1          0
2        OpsMixin.__eq__          2          0
3         object.__str__          2          0

        <Execution time>: 82.3
        <Active vars>: []

        <Future vars>: ['birth_data']

        <Iteration>: 2/5

Optimizing the last generated code
Parsed response: years2check = [1988, 1989]
# One GPU‐accelerated filter to limit to the years of interest
subset = birth_data[birth_data["year"].isin(years2check)]
# Group once by year on the GPU, then print in the original order
grouped = {int(k): v for k, v in subset.groupby("year")}
for year in years2check:
    print(f"Births data for - {year}")
    print(grouped[year])
Try 1: calling rewrite agent for cell 8 took 29.387495517730713 seconds.
Executing rewritten code... ### cell 8 ###

years2check = [1988, 1989]
# One GPU‐accelerated filter to limit to the years of interest
subset = birth_data[birth_data["year"].isin(years2check)]
# Group once by year on the GPU, then print in the original order
grouped = {int(k): v for k, v in subset.groupby("year")}
for year in years2check:
    print(f"Births data for - {year}")
    print(grouped[year])
HAHA rewritten pre-checkpoint path:  /home/dias-benchmarks/new_notebooks/us-birth/annotated/checkpoints/pre_cell_8.pickle
Running rewritten cell notebook
Finished executing the rewritten code.
Try 1: executing the rewritten code for cell 8 took 18.561272859573364 seconds.
Rewritten time: 115.0 ms
Checkpointing the rewritten cell for small notebook...
The rewritten code is correct. Profiling cudf...
HAHA small rewritten pre-checkpoint path:  /home/dias-benchmarks/new_notebooks/us-birth/small_bench/checkpoints/pre_cell_8.pickle
Try 1: cudf profiling the rewritten code for cell 8 took 7.243184804916382 seconds.
gpu_calls_orig_perc: 1.0, gpu_calls_opt_perc: 1.0
orig_time: 82.3, opt_time: 115.0
Ratio improves.
Improvement in percentage does not make up for the slowdown.
Rewritten code took 115.0ms. The previous fastest solution took 61.8ms.
Previous best solution num GPU and CPU calls:  11 0
New solution num GPU and CPU calls:  7 0
========================================================
Rewriting cell 8... Try 2...
Manager agent prompt:
        <Original Code>:
        ### cell 8 ###

years2check = [1988, 1989]

for year in years2check:
  yearly_data = birth_data[birth_data['year'] == year]
  print("Births data for - ", year)
  print(yearly_data)
        <Profiling data>:
        Empty DataFrame
Columns: []
Index: []
        <Execution time>: 61.8
        <Active Vars>: []
        <Future Vars>: ['birth_data']
        <Rewritten Code>:
        ### cell 8 ###

years2check = [1988, 1989]
# One GPU‐accelerated filter to limit to the years of interest
subset = birth_data[birth_data["year"].isin(years2check)]
# Group once by year on the GPU, then print in the original order
grouped = {int(k): v for k, v in subset.groupby("year")}
for year in years2check:
    print(f"Births data for - {year}")
    print(grouped[year])
        <Profiling data>:
                        Function  GPU calls  CPU calls
0  DataFrame.__getitem__          2          0
1            Series.isin          1          0
2      DataFrame.groupby          1          0
3   BaseGroupBy.__iter__          1          0
4         object.__str__          2          0
        <Execution time>: 115.0
        <Execution output>: Rewritten time: 115.0 ms
Original time: 61.8 ms
        <Iteration>: 3/5

==========Running the manager agent to decide the next step==========
Choice: new
Reason: The rewritten code is slower than the original code, and there may be more efficient ways to optimize the original code further. Since we are still in the iterative process, it's worth trying a new optimization approach.
Generating new code from the original code
Prompt:
        <Original Code>:
        ### cell 8 ###

years2check = [1988, 1989]

for year in years2check:
  yearly_data = birth_data[birth_data['year'] == year]
  print("Births data for - ", year)
  print(yearly_data)
        <Profiling data>:
        Empty DataFrame
Columns: []
Index: []

        <Execution time>: 61.8
        <Active vars>: []

        <Future vars>: ['birth_data']

        <Iteration>: 3/5

Code: years2check = [1988, 1989]
# Filter once using a GPU‐friendly isin and then group by year
filtered = birth_data[birth_data["year"].isin(years2check)]
for year, yearly_data in filtered.groupby("year"):
    print("Births data for - ", year)
    print(yearly_data)
Reason: By using .isin we scan the GPU data only once instead of twice, and grouping by year lets us split into yearly_data without repeated filters. This reduces GPU work and minimizes CPU–GPU communication.
Parsed response: years2check = [1988, 1989]
# Filter once using a GPU‐friendly isin and then group by year
filtered = birth_data[birth_data["year"].isin(years2check)]
for year, yearly_data in filtered.groupby("year"):
    print("Births data for - ", year)
    print(yearly_data)
Try 2: calling rewrite agent for cell 8 took 19.095284700393677 seconds.
Executing rewritten code... ### cell 8 ###

years2check = [1988, 1989]
# Filter once using a GPU‐friendly isin and then group by year
filtered = birth_data[birth_data["year"].isin(years2check)]
for year, yearly_data in filtered.groupby("year"):
    print("Births data for - ", year)
    print(yearly_data)
HAHA rewritten pre-checkpoint path:  /home/dias-benchmarks/new_notebooks/us-birth/annotated/checkpoints/pre_cell_8.pickle
Running rewritten cell notebook
Finished executing the rewritten code.
Try 2: executing the rewritten code for cell 8 took 18.877256393432617 seconds.
Rewritten time: 111.0 ms
Checkpointing the rewritten cell for small notebook...
The rewritten code is correct. Profiling cudf...
HAHA small rewritten pre-checkpoint path:  /home/dias-benchmarks/new_notebooks/us-birth/small_bench/checkpoints/pre_cell_8.pickle
Try 2: cudf profiling the rewritten code for cell 8 took 7.526026248931885 seconds.
gpu_calls_orig_perc: 1.0, gpu_calls_opt_perc: 1.0
orig_time: 82.3, opt_time: 111.0
Ratio improves.
Improvement in percentage does not make up for the slowdown.
Rewritten code took 111.0ms. The previous fastest solution took 61.8ms.
Previous best solution num GPU and CPU calls:  11 0
New solution num GPU and CPU calls:  7 0
========================================================
Rewriting cell 8... Try 3...
Manager agent prompt:
        <Original Code>:
        ### cell 8 ###

years2check = [1988, 1989]

for year in years2check:
  yearly_data = birth_data[birth_data['year'] == year]
  print("Births data for - ", year)
  print(yearly_data)
        <Profiling data>:
        Empty DataFrame
Columns: []
Index: []
        <Execution time>: 61.8
        <Active Vars>: []
        <Future Vars>: ['birth_data']
        <Rewritten Code>:
        ### cell 8 ###

years2check = [1988, 1989]
# Filter once using a GPU‐friendly isin and then group by year
filtered = birth_data[birth_data["year"].isin(years2check)]
for year, yearly_data in filtered.groupby("year"):
    print("Births data for - ", year)
    print(yearly_data)
        <Profiling data>:
                        Function  GPU calls  CPU calls
0  DataFrame.__getitem__          2          0
1            Series.isin          1          0
2      DataFrame.groupby          1          0
3   BaseGroupBy.__iter__          1          0
4         object.__str__          2          0
        <Execution time>: 111.0
        <Execution output>: Rewritten time: 111.0 ms
Original time: 61.8 ms
        <Iteration>: 4/5

==========Running the manager agent to decide the next step==========
Choice: new
Reason: The rewritten code is slower than the original, indicating the optimization was not successful. Since we are in the 4th iteration out of 5 and the improvement isn't satisfactory, it's best to attempt a new optimization on the original code with a different approach.
Generating new code from the original code
Prompt:
        <Original Code>:
        ### cell 8 ###

years2check = [1988, 1989]

for year in years2check:
  yearly_data = birth_data[birth_data['year'] == year]
  print("Births data for - ", year)
  print(yearly_data)
        <Profiling data>:
        Empty DataFrame
Columns: []
Index: []

        <Execution time>: 61.8
        <Active vars>: []

        <Future vars>: ['birth_data']

        <Iteration>: 4/5

Code: years2check = [1988, 1989]

# Build a single mask for all years of interest in one GPU operation
mask = birth_data['year'].isin(years2check)
selected = birth_data[mask]

# Split the filtered DataFrame by year on the GPU and print
for year, yearly_data in selected.groupby('year'):
    print(f"Births data for - {year}")
    print(yearly_data)
Reason: Replaced two separate boolean‐indexing calls inside the loop with a single .isin() mask (one GPU kernel) and then a groupby to split by year. This minimizes repeated kernel launches and avoids Python‐level looping over the full DataFrame for each year.
Parsed response: years2check = [1988, 1989]

# Build a single mask for all years of interest in one GPU operation
mask = birth_data['year'].isin(years2check)
selected = birth_data[mask]

# Split the filtered DataFrame by year on the GPU and print
for year, yearly_data in selected.groupby('year'):
    print(f"Births data for - {year}")
    print(yearly_data)
Try 3: calling rewrite agent for cell 8 took 21.103088855743408 seconds.
Executing rewritten code... ### cell 8 ###

years2check = [1988, 1989]

# Build a single mask for all years of interest in one GPU operation
mask = birth_data['year'].isin(years2check)
selected = birth_data[mask]

# Split the filtered DataFrame by year on the GPU and print
for year, yearly_data in selected.groupby('year'):
    print(f"Births data for - {year}")
    print(yearly_data)
HAHA rewritten pre-checkpoint path:  /home/dias-benchmarks/new_notebooks/us-birth/annotated/checkpoints/pre_cell_8.pickle
Running rewritten cell notebook
Finished executing the rewritten code.
Try 3: executing the rewritten code for cell 8 took 19.21652579307556 seconds.
Rewritten time: 129.0 ms
Checkpointing the rewritten cell for small notebook...
The rewritten code is correct. Profiling cudf...
HAHA small rewritten pre-checkpoint path:  /home/dias-benchmarks/new_notebooks/us-birth/small_bench/checkpoints/pre_cell_8.pickle
Try 3: cudf profiling the rewritten code for cell 8 took 7.414543390274048 seconds.
gpu_calls_orig_perc: 1.0, gpu_calls_opt_perc: 1.0
orig_time: 82.3, opt_time: 129.0
Ratio improves.
Improvement in percentage does not make up for the slowdown.
Rewritten code took 129.0ms. The previous fastest solution took 61.8ms.
Previous best solution num GPU and CPU calls:  11 0
New solution num GPU and CPU calls:  7 0
========================================================
Rewriting cell 8... Try 4...
Manager agent prompt:
        <Original Code>:
        ### cell 8 ###

years2check = [1988, 1989]

for year in years2check:
  yearly_data = birth_data[birth_data['year'] == year]
  print("Births data for - ", year)
  print(yearly_data)
        <Profiling data>:
        Empty DataFrame
Columns: []
Index: []
        <Execution time>: 61.8
        <Active Vars>: []
        <Future Vars>: ['birth_data']
        <Rewritten Code>:
        ### cell 8 ###

years2check = [1988, 1989]

# Build a single mask for all years of interest in one GPU operation
mask = birth_data['year'].isin(years2check)
selected = birth_data[mask]

# Split the filtered DataFrame by year on the GPU and print
for year, yearly_data in selected.groupby('year'):
    print(f"Births data for - {year}")
    print(yearly_data)
        <Profiling data>:
                        Function  GPU calls  CPU calls
0  DataFrame.__getitem__          2          0
1            Series.isin          1          0
2      DataFrame.groupby          1          0
3   BaseGroupBy.__iter__          1          0
4         object.__str__          2          0
        <Execution time>: 129.0
        <Execution output>: Rewritten time: 129.0 ms
Original time: 61.8 ms
        <Iteration>: 5/5

==========Running the manager agent to decide the next step==========
Choice: done
Reason: The rewritten code is less efficient than the original, and the task is primarily focused on printing, which cannot be further optimized meaningfully. Additionally, the iteration limit has been reached.
Code is already optimized
Try 4: calling rewrite agent for cell 8 took 1.3724348545074463 seconds.
========================================================
After rewriting cell  8
Rewritten pre-checkpoint path: /home/dias-benchmarks/new_notebooks/us-birth/rewritten/q20_rewrite/checkpoints/post_cell_8_try_0.pickle
Pre-checkpoint path: /home/dias-benchmarks/new_notebooks/us-birth/annotated/checkpoints/post_cell_8.pickle
========================================================
Cell 8 rewriting took 271.99256682395935 seconds.
Getting original timing for cell 9
HAHA original checkpoint path:  /home/dias-benchmarks/new_notebooks/us-birth/annotated/checkpoints/post_cell_8.pickle
Setting initially best_rewritten_post_checkpoint_path:  /home/dias-benchmarks/new_notebooks/us-birth/annotated/checkpoints/post_cell_9.pickle
Setting initially best_small_rewritten_post_checkpoint_path:  /home/dias-benchmarks/new_notebooks/us-birth/small_bench/checkpoints/pre_cell_10.pickle
========================================================
Rewriting cell 9... Try 0...
Manager agent prompt:
        <Original Code>:
        ### cell 9 ###

#Descriptive summary before removing outliers
birth_data.describe()
        <Profiling data>:
                     Function  GPU calls  CPU calls
0    NDFrame.describe          1          0
1  DataFrame.__repr__          1          0

        <Execution time>: 359.0
        <Active vars>: []

        <Future vars>: ['birth_data']

        <Iteration>: 1/5

==========Running the manager agent to decide the next step==========
Choice: new
Reason: The code is primarily for descriptive statistics using `describe()`, which can't be optimized further. There is no rewritten code, hence we'll attempt to optimize or improve the original code in some other way in the next iteration.
Generating new code from the original code
Prompt:
        <Original Code>:
        ### cell 9 ###

#Descriptive summary before removing outliers
birth_data.describe()
        <Profiling data>:
                     Function  GPU calls  CPU calls
0    NDFrame.describe          1          0
1  DataFrame.__repr__          1          0

        <Execution time>: 359.0
        <Active vars>: []

        <Future vars>: ['birth_data']

        <Iteration>: 1/5

Code: done
Reason: `birth_data.describe()` already uses the GPU-accelerated cudf implementation (no CPU calls detected). No further optimizations are needed for this cell.
No Modifications made to the original code
Try 0: calling rewrite agent for cell 9 took 11.829062461853027 seconds.
There is no need to rewrite the cell.
Could not rewrite the cell. Continuing to next cell...
========================================================
After rewriting cell  9
Rewritten pre-checkpoint path: /home/dias-benchmarks/new_notebooks/us-birth/annotated/checkpoints/post_cell_9.pickle
Pre-checkpoint path: /home/dias-benchmarks/new_notebooks/us-birth/annotated/checkpoints/post_cell_9.pickle
========================================================
Cell 9 rewriting took 33.90402579307556 seconds.
Getting original timing for cell 10
HAHA original checkpoint path:  /home/dias-benchmarks/new_notebooks/us-birth/annotated/checkpoints/post_cell_9.pickle
Setting initially best_rewritten_post_checkpoint_path:  /home/dias-benchmarks/new_notebooks/us-birth/annotated/checkpoints/post_cell_10.pickle
Setting initially best_small_rewritten_post_checkpoint_path:  /home/dias-benchmarks/new_notebooks/us-birth/small_bench/checkpoints/pre_cell_11.pickle
========================================================
Rewriting cell 10... Try 0...
Manager agent prompt:
        <Original Code>:
        ### cell 10 ###



# Assuming 'birth_data' is a cuDF DataFrame
# For example:
# data = np.random.normal(loc=4000, scale=500, size=10000)
# birth_data = cudf.DataFrame({'births': data})

# 1. Your original setup code is fine
#    (Use .to_numpy() to transfer data to the CPU for the numpy function)
quartiles = np.percentile(birth_data['births'].to_numpy(), [25, 50, 75])
mu = quartiles[1]
sig = 0.74 * (quartiles[2] - quartiles[0])

# 2. Pre-calculate the final boundary values
lower_bound = mu - 5 * sig
upper_bound = mu + 5 * sig

# 3. Create the query string using an f-string
#    This injects the *values* of lower_bound and upper_bound into the string
query_string = f"(births > {lower_bound}) & (births < {upper_bound})"

# 4. Use the generated string in the query() method
births = birth_data.query(query_string)

# The rest of your code works as expected
birth_data.shape, births.sample(5, random_state=0)
        <Profiling data>:
                         Function  GPU calls  CPU calls
0   DataFrame.__getitem__          1          0
1  IndexOpsMixin.to_numpy          1          0
2                 ndarray          3          0
3         ndarray.flatten          1          0
4       ndarray.partition          1          0
5     ndarray.__getitem__          5          0
6         ndarray.__mul__          0          2
7         DataFrame.query          0          1
8          NDFrame.sample          1          0
9      DataFrame.__repr__          1          0

        <Execution time>: 6080.0
        <Active vars>: ['births']

        <Future vars>: []

        <Iteration>: 1/5

==========Running the manager agent to decide the next step==========
Choice: optimize
Reason: The original code uses cudf but utilizes to_numpy, which transfers data to the CPU. This can be optimized to keep all operations on the GPU, eliminating the need for data transfer between the GPU and CPU. We have 4 iterations left, so further optimization is possible.
