Annotated notebook saved to /home/dias-benchmarks/new_notebooks/us-birth/annotated.ipynb
Executing code: %reset -f
Executing code: %reload_ext ElasticNotebook
Executing code: %load_ext cudf.pandas
Executing code: import sys, os
sys.path.insert(0, os.path.abspath('/home/ElasticNotebook'))
%load_ext ElasticNotebook
from elastic.core.common.pandas import compare_df
import pickle
import cudf
Executing code: %%RecordEvent
# %load_ext cudf.pandas
#Importing all necessary libraries

import numpy as np
import pandas as pd
import seaborn as sns
# %matplotlib inline
import matplotlib.pyplot as plt
import time
Executing code: %%RecordEvent
%%time
### cell 0 ###

#Alternatively you can use this code to get the dataset
# url = "https://raw.githubusercontent.com/jakevdp/data-CDCbirths/master/births.csv"
birth_data = pd.read_csv("/home/dias-benchmarks/new_notebooks/us-birth/births.csv")
birth_data.sample(5, random_state=0)
Executing code: %%RecordEvent
%%time
### cell 1 ###

factor = 500
birth_data = pd.concat([birth_data] * factor)
Executing code: %%RecordEvent
%%time
### cell 2 ###

birth_data.shape, birth_data.info()
Executing code: %%RecordEvent
%%time
### cell 3 ###

birth_data = birth_data.fillna(0)
birth_data['day'] = birth_data['day'].astype(int)
birth_data.info()
Executing code: %%RecordEvent
%%time
### cell 4 ###

birth_data.sample(5, random_state=0)
Executing code: %Checkpoint /home/dias-benchmarks/new_notebooks/us-birth/annotated/checkpoints/pre_cell_5.pickle
Checkpointing took 0.0008504390716552734 seconds.
========================================================
Cell  5
Rewritten pre-checkpoint path: /home/dias-benchmarks/new_notebooks/us-birth/annotated/checkpoints/pre_cell_5.pickle
Pre-checkpoint path: /home/dias-benchmarks/new_notebooks/us-birth/annotated/checkpoints/pre_cell_5.pickle
Small rewritten pre-checkpoint path: /home/dias-benchmarks/new_notebooks/us-birth/small_bench/checkpoints/pre_cell_5.pickle
========================================================
Getting original timing for cell 5
HAHA original checkpoint path:  /home/dias-benchmarks/new_notebooks/us-birth/annotated/checkpoints/pre_cell_5.pickle
Setting initially best_rewritten_post_checkpoint_path:  /home/dias-benchmarks/new_notebooks/us-birth/annotated/checkpoints/post_cell_5.pickle
Setting initially best_small_rewritten_post_checkpoint_path:  /home/dias-benchmarks/new_notebooks/us-birth/small_bench/checkpoints/pre_cell_6.pickle
========================================================
Rewriting cell 5... Try 0...
Manager agent prompt:
        <Original Code>:
        ### cell 5 ###

#Code to add the decade column
birth_data['decade'] = 10 * (birth_data['year'] // 10)
birth_data.head()
        <Profiling data>:
                        Function  GPU calls  CPU calls
0  DataFrame.__getitem__          1          0
1  OpsMixin.__floordiv__          1          0
2      OpsMixin.__rmul__          1          0
3  DataFrame.__setitem__          1          0
4           NDFrame.head          1          0
5     DataFrame.__repr__          1          0

        <Execution time>: 13.9
        <Active vars>: ['birth_data']

        <Future vars>: []

        <Iteration>: 1/5

==========Running the manager agent to decide the next step==========
Choice: new
Reason: The original code is very simple and focuses on adding a column based on integer division and multiplication. Although simple, given the number of iterations left we can explore if using libraries like cuDF can further optimize the performance on systems with GPU support.
Generating new code from the original code
Prompt:
        <Original Code>:
        ### cell 5 ###

#Code to add the decade column
birth_data['decade'] = 10 * (birth_data['year'] // 10)
birth_data.head()
        <Profiling data>:
                        Function  GPU calls  CPU calls
0  DataFrame.__getitem__          1          0
1  OpsMixin.__floordiv__          1          0
2      OpsMixin.__rmul__          1          0
3  DataFrame.__setitem__          1          0
4           NDFrame.head          1          0
5     DataFrame.__repr__          1          0

        <Execution time>: 13.9
        <Active vars>: ['birth_data']

        <Future vars>: []

        <Iteration>: 1/5

Code: done
Reason: The existing code is already fully vectorized and executed on the GPU with no CPU-bound operations, so no further optimization is necessary.
No Modifications made to the original code
Try 0: calling rewrite agent for cell 5 took 10.915611505508423 seconds.
There is no need to rewrite the cell.
Could not rewrite the cell. Continuing to next cell...
========================================================
After rewriting cell  5
Rewritten pre-checkpoint path: /home/dias-benchmarks/new_notebooks/us-birth/annotated/checkpoints/post_cell_5.pickle
Pre-checkpoint path: /home/dias-benchmarks/new_notebooks/us-birth/annotated/checkpoints/post_cell_5.pickle
========================================================
Cell 5 rewriting took 36.193032026290894 seconds.
Getting original timing for cell 6
HAHA original checkpoint path:  /home/dias-benchmarks/new_notebooks/us-birth/annotated/checkpoints/post_cell_5.pickle
Setting initially best_rewritten_post_checkpoint_path:  /home/dias-benchmarks/new_notebooks/us-birth/annotated/checkpoints/post_cell_6.pickle
Setting initially best_small_rewritten_post_checkpoint_path:  /home/dias-benchmarks/new_notebooks/us-birth/small_bench/checkpoints/pre_cell_7.pickle
========================================================
Rewriting cell 6... Try 0...
Manager agent prompt:
        <Original Code>:
        ### cell 6 ###

#take a look at male and female births as a function of decade
birth_data.pivot_table('births', index='decade', columns='gender', aggfunc='sum')
        <Profiling data>:
                        Function  GPU calls  CPU calls
0  DataFrame.pivot_table          0          1
1     DataFrame.__repr__          1          0

        <Execution time>: 1760.0
        <Active vars>: []

        <Future vars>: ['birth_data']

        <Iteration>: 1/5

==========Running the manager agent to decide the next step==========
Choice: new
Reason: The original code using `pivot_table` can potentially be optimized with alternative approaches or libraries that are more efficient, particularly if it involves large datasets. Since there is no rewritten code, we should optimize the original code by generating a new, more efficient version.
Generating new code from the original code
Prompt:
        <Original Code>:
        ### cell 6 ###

#take a look at male and female births as a function of decade
birth_data.pivot_table('births', index='decade', columns='gender', aggfunc='sum')
        <Profiling data>:
                        Function  GPU calls  CPU calls
0  DataFrame.pivot_table          0          1
1     DataFrame.__repr__          1          0

        <Execution time>: 1760.0
        <Active vars>: []

        <Future vars>: ['birth_data']

        <Iteration>: 1/5

Code: #take a look at male and female births as a function of decade
birth_data.groupby(['decade', 'gender'])['births'].sum().unstack(fill_value=0)
Reason: cudf.pandas’ pivot_table currently falls back to the CPU. Replacing it with a GPU-backed groupby + unstack uses cudf’s GPU implementations for both the aggregation and the reshape, eliminating the CPU-bound pivot_table call.
Parsed response: #take a look at male and female births as a function of decade
birth_data.groupby(['decade', 'gender'])['births'].sum().unstack(fill_value=0)
Try 0: calling rewrite agent for cell 6 took 11.490423679351807 seconds.
Executing rewritten code... ### cell 6 ###

#take a look at male and female births as a function of decade
birth_data.groupby(['decade', 'gender'])['births'].sum().unstack(fill_value=0)
HAHA rewritten pre-checkpoint path:  /home/dias-benchmarks/new_notebooks/us-birth/annotated/checkpoints/post_cell_5.pickle
Running rewritten cell notebook
Finished executing the rewritten code.
Try 0: executing the rewritten code for cell 6 took 18.400590896606445 seconds.
Rewritten time: 196.0 ms
Checkpointing the rewritten cell for small notebook...
The rewritten code is correct. Profiling cudf...
HAHA small rewritten pre-checkpoint path:  /home/dias-benchmarks/new_notebooks/us-birth/small_bench/checkpoints/pre_cell_6.pickle
Try 0: cudf profiling the rewritten code for cell 6 took 7.885181188583374 seconds.
gpu_calls_orig_perc: 0.5, gpu_calls_opt_perc: 0.8
orig_time: 1760.0, opt_time: 196.0
Both the call ratio and the time are better.
Rewritten code took 196.0ms. The previous fastest solution took 1760.0ms.
Previous best solution num GPU and CPU calls:  1 1
New solution num GPU and CPU calls:  4 1
Accepted the rewritten code.
Setting best_rewritten_post_checkpoint_path to  /home/dias-benchmarks/new_notebooks/us-birth/rewritten/q20_rewrite/checkpoints/post_cell_6_try_0.pickle
Setting best_small_rewritten_post_checkpoint_path to  /home/dias-benchmarks/new_notebooks/us-birth/rewritten/q20_small_rewrite/checkpoints/post_cell_6_try_0.pickle
========================================================
Rewriting cell 6... Try 1...
Manager agent prompt:
        <Original Code>:
        ### cell 6 ###

#take a look at male and female births as a function of decade
birth_data.pivot_table('births', index='decade', columns='gender', aggfunc='sum')
        <Profiling data>:
                        Function  GPU calls  CPU calls
0  DataFrame.pivot_table          0          1
1     DataFrame.__repr__          1          0
        <Execution time>: 1760.0
        <Active Vars>: []
        <Future Vars>: ['birth_data']
        <Rewritten Code>:
        ### cell 6 ###

#take a look at male and female births as a function of decade
birth_data.groupby(['decade', 'gender'])['births'].sum().unstack(fill_value=0)
        <Profiling data>:
                               Function  GPU calls  CPU calls
0             DataFrame.groupby          1          0
1  DataFrameGroupBy.__getitem__          1          0
2                   GroupBy.sum          1          0
3                Series.unstack          0          1
4            DataFrame.__repr__          1          0
        <Execution time>: 196.0
        <Execution output>: Rewritten time: 196.0 ms
Original time: 1760.0 ms
        <Iteration>: 2/5

==========Running the manager agent to decide the next step==========
Choice: optimize
Reason: The rewritten code is already significantly more efficient as it utilizes groupby rather than pivot_table, but there is still room for potential optimization or improvement by considering alternative libraries like cuDF if the data size is large enough to justify it.
Code optimizer prompt:
        <Original Code>:
        ### cell 6 ###

#take a look at male and female births as a function of decade
birth_data.groupby(['decade', 'gender'])['births'].sum().unstack(fill_value=0)
        <Profiling data>:
                               Function  GPU calls  CPU calls
0             DataFrame.groupby          1          0
1  DataFrameGroupBy.__getitem__          1          0
2                   GroupBy.sum          1          0
3                Series.unstack          0          1
4            DataFrame.__repr__          1          0

        <Execution time>: 196.0
        <Active vars>: []

        <Future vars>: ['birth_data']

        <Iteration>: 2/5

Optimizing the last generated code
Parsed response: birth_data.pivot_table(
    index='decade',
    columns='gender',
    values='births',
    aggfunc='sum',
    fill_value=0
)
Try 1: calling rewrite agent for cell 6 took 17.27904987335205 seconds.
Executing rewritten code... ### cell 6 ###

birth_data.pivot_table(
    index='decade',
    columns='gender',
    values='births',
    aggfunc='sum',
    fill_value=0
)
HAHA rewritten pre-checkpoint path:  /home/dias-benchmarks/new_notebooks/us-birth/annotated/checkpoints/post_cell_5.pickle
Running rewritten cell notebook
Finished executing the rewritten code.
Try 1: executing the rewritten code for cell 6 took 25.50100040435791 seconds.
Rewritten time: 1740.0 ms
Checkpointing the rewritten cell for small notebook...
The rewritten code is correct. Profiling cudf...
HAHA small rewritten pre-checkpoint path:  /home/dias-benchmarks/new_notebooks/us-birth/small_bench/checkpoints/pre_cell_6.pickle
Try 1: cudf profiling the rewritten code for cell 6 took 7.457736492156982 seconds.
gpu_calls_orig_perc: 0.8, gpu_calls_opt_perc: 0.5
orig_time: 196.0, opt_time: 1740.0
Both the call ratio and the time are worse.
Rewritten code took 1740.0ms. The previous fastest solution took 1760.0ms.
Previous best solution num GPU and CPU calls:  4 1
New solution num GPU and CPU calls:  1 1
========================================================
Rewriting cell 6... Try 2...
Manager agent prompt:
        <Original Code>:
        ### cell 6 ###

#take a look at male and female births as a function of decade
birth_data.pivot_table('births', index='decade', columns='gender', aggfunc='sum')
        <Profiling data>:
                        Function  GPU calls  CPU calls
0  DataFrame.pivot_table          0          1
1     DataFrame.__repr__          1          0
        <Execution time>: 1760.0
        <Active Vars>: []
        <Future Vars>: ['birth_data']
        <Rewritten Code>:
        ### cell 6 ###

birth_data.pivot_table(
    index='decade',
    columns='gender',
    values='births',
    aggfunc='sum',
    fill_value=0
)
        <Profiling data>:
                        Function  GPU calls  CPU calls
0  DataFrame.pivot_table          0          1
1     DataFrame.__repr__          1          0
        <Execution time>: 1740.0
        <Execution output>: Rewritten time: 1740.0 ms
Original time: 1760.0 ms
        <Iteration>: 3/5

==========Running the manager agent to decide the next step==========
Choice: new
Reason: The execution time reduction is minimal, and no GPU calls are utilized. Since there might be more efficient methods or API alternatives, we should try to generate a new code for further optimization.
Generating new code from the original code
Prompt:
        <Original Code>:
        ### cell 6 ###

#take a look at male and female births as a function of decade
birth_data.pivot_table('births', index='decade', columns='gender', aggfunc='sum')
        <Profiling data>:
                        Function  GPU calls  CPU calls
0  DataFrame.pivot_table          0          1
1     DataFrame.__repr__          1          0

        <Execution time>: 1760.0
        <Active vars>: []

        <Future vars>: ['birth_data']

        <Iteration>: 3/5

Code: # Cell 6 – optimized for cuDF
i = birth_data.groupby(["decade","gender"])["births"].sum().unstack()
i
Reason: Replaced the CPU‐based DataFrame.pivot_table with a GPU‐accelerated groupby+sum followed by unstack to produce the same decade×gender table while eliminating the pivot_table CPU call.
Parsed response: # Cell 6 – optimized for cuDF
i = birth_data.groupby(["decade","gender"])["births"].sum().unstack()
i
Try 2: calling rewrite agent for cell 6 took 15.47356390953064 seconds.
Executing rewritten code... ### cell 6 ###

# Cell 6 – optimized for cuDF
i = birth_data.groupby(["decade","gender"])["births"].sum().unstack()
i
HAHA rewritten pre-checkpoint path:  /home/dias-benchmarks/new_notebooks/us-birth/annotated/checkpoints/post_cell_5.pickle
Running rewritten cell notebook
Finished executing the rewritten code.
Try 2: executing the rewritten code for cell 6 took 18.10949444770813 seconds.
Rewritten time: 198.0 ms
Checkpointing the rewritten cell for small notebook...
The rewritten code is correct. Profiling cudf...
HAHA small rewritten pre-checkpoint path:  /home/dias-benchmarks/new_notebooks/us-birth/small_bench/checkpoints/pre_cell_6.pickle
Try 2: cudf profiling the rewritten code for cell 6 took 9.02220892906189 seconds.
gpu_calls_orig_perc: 0.8, gpu_calls_opt_perc: 0.8
orig_time: 196.0, opt_time: 198.0
Ratio improves.
Improvement in percentage does not make up for the slowdown.
Rewritten code took 198.0ms. The previous fastest solution took 1760.0ms.
Previous best solution num GPU and CPU calls:  4 1
New solution num GPU and CPU calls:  4 1
========================================================
Rewriting cell 6... Try 3...
Manager agent prompt:
        <Original Code>:
        ### cell 6 ###

#take a look at male and female births as a function of decade
birth_data.pivot_table('births', index='decade', columns='gender', aggfunc='sum')
        <Profiling data>:
                        Function  GPU calls  CPU calls
0  DataFrame.pivot_table          0          1
1     DataFrame.__repr__          1          0
        <Execution time>: 1760.0
        <Active Vars>: []
        <Future Vars>: ['birth_data']
        <Rewritten Code>:
        ### cell 6 ###

# Cell 6 – optimized for cuDF
i = birth_data.groupby(["decade","gender"])["births"].sum().unstack()
i
        <Profiling data>:
                               Function  GPU calls  CPU calls
0             DataFrame.groupby          1          0
1  DataFrameGroupBy.__getitem__          1          0
2                   GroupBy.sum          1          0
3                Series.unstack          0          1
4            DataFrame.__repr__          1          0
        <Execution time>: 198.0
        <Execution output>: Rewritten time: 198.0 ms
Original time: 1760.0 ms
        <Iteration>: 4/5

==========Running the manager agent to decide the next step==========
Choice: done
Reason: The rewritten code is already significantly optimized, achieving a much faster execution time compared to the original. Additional optimization opportunities with alternative APIs are not evident given the task at hand.
Code is already optimized
Try 3: calling rewrite agent for cell 6 took 1.8806328773498535 seconds.
========================================================
After rewriting cell  6
Rewritten pre-checkpoint path: /home/dias-benchmarks/new_notebooks/us-birth/rewritten/q20_rewrite/checkpoints/post_cell_6_try_0.pickle
Pre-checkpoint path: /home/dias-benchmarks/new_notebooks/us-birth/annotated/checkpoints/post_cell_6.pickle
========================================================
Cell 6 rewriting took 191.97963666915894 seconds.
Getting original timing for cell 7
HAHA original checkpoint path:  /home/dias-benchmarks/new_notebooks/us-birth/annotated/checkpoints/post_cell_6.pickle
Setting initially best_rewritten_post_checkpoint_path:  /home/dias-benchmarks/new_notebooks/us-birth/annotated/checkpoints/post_cell_7.pickle
Setting initially best_small_rewritten_post_checkpoint_path:  /home/dias-benchmarks/new_notebooks/us-birth/small_bench/checkpoints/pre_cell_8.pickle
========================================================
Rewriting cell 7... Try 0...
Manager agent prompt:
        <Original Code>:
        ### cell 7 ###

#Code to present male and female mean(births) against decade numericaly
birth_data.pivot_table('births', index='decade', columns='gender', aggfunc='mean')
        <Profiling data>:
                        Function  GPU calls  CPU calls
0  DataFrame.pivot_table          0          1
1     DataFrame.__repr__          1          0

        <Execution time>: 1770.0
        <Active vars>: []

        <Future vars>: ['birth_data']

        <Iteration>: 1/5

==========Running the manager agent to decide the next step==========
Choice: new
Reason: The original code can be optimized further by utilizing GPU-accelerated libraries such as cuDF or Dask for the pivot table operation. Since there is no rewritten code yet, we will focus on optimizing the original code.
Generating new code from the original code
Prompt:
        <Original Code>:
        ### cell 7 ###

#Code to present male and female mean(births) against decade numericaly
birth_data.pivot_table('births', index='decade', columns='gender', aggfunc='mean')
        <Profiling data>:
                        Function  GPU calls  CPU calls
0  DataFrame.pivot_table          0          1
1     DataFrame.__repr__          1          0

        <Execution time>: 1770.0
        <Active vars>: []

        <Future vars>: ['birth_data']

        <Iteration>: 1/5

Code: birth_data.groupby(['decade', 'gender'])['births'].mean().unstack('gender')
Reason: Replaced the CPU‐bound pivot_table with a fully GPU‐accelerated groupby + unstack, which computes the same decade × gender mean births without falling back to a CPU implementation.
Parsed response: birth_data.groupby(['decade', 'gender'])['births'].mean().unstack('gender')
Try 0: calling rewrite agent for cell 7 took 10.80985951423645 seconds.
Executing rewritten code... ### cell 7 ###

birth_data.groupby(['decade', 'gender'])['births'].mean().unstack('gender')
HAHA rewritten pre-checkpoint path:  /home/dias-benchmarks/new_notebooks/us-birth/rewritten/q20_rewrite/checkpoints/post_cell_6_try_0.pickle
Running rewritten cell notebook
Finished executing the rewritten code.
Try 0: executing the rewritten code for cell 7 took 19.309317350387573 seconds.
Rewritten time: 198.0 ms
Checkpointing the rewritten cell for small notebook...
The rewritten code is correct. Profiling cudf...
HAHA small rewritten pre-checkpoint path:  /home/dias-benchmarks/new_notebooks/us-birth/rewritten/q20_small_rewrite/checkpoints/post_cell_6_try_0.pickle
Try 0: cudf profiling the rewritten code for cell 7 took 7.6228156089782715 seconds.
gpu_calls_orig_perc: 0.5, gpu_calls_opt_perc: 0.8
orig_time: 1770.0, opt_time: 198.0
Both the call ratio and the time are better.
Rewritten code took 198.0ms. The previous fastest solution took 1770.0ms.
Previous best solution num GPU and CPU calls:  1 1
New solution num GPU and CPU calls:  4 1
Accepted the rewritten code.
Setting best_rewritten_post_checkpoint_path to  /home/dias-benchmarks/new_notebooks/us-birth/rewritten/q20_rewrite/checkpoints/post_cell_7_try_0.pickle
Setting best_small_rewritten_post_checkpoint_path to  /home/dias-benchmarks/new_notebooks/us-birth/rewritten/q20_small_rewrite/checkpoints/post_cell_7_try_0.pickle
========================================================
Rewriting cell 7... Try 1...
Manager agent prompt:
        <Original Code>:
        ### cell 7 ###

#Code to present male and female mean(births) against decade numericaly
birth_data.pivot_table('births', index='decade', columns='gender', aggfunc='mean')
        <Profiling data>:
                        Function  GPU calls  CPU calls
0  DataFrame.pivot_table          0          1
1     DataFrame.__repr__          1          0
        <Execution time>: 1770.0
        <Active Vars>: []
        <Future Vars>: ['birth_data']
        <Rewritten Code>:
        ### cell 7 ###

birth_data.groupby(['decade', 'gender'])['births'].mean().unstack('gender')
        <Profiling data>:
                               Function  GPU calls  CPU calls
0             DataFrame.groupby          1          0
1  DataFrameGroupBy.__getitem__          1          0
2                  GroupBy.mean          1          0
3                Series.unstack          0          1
4            DataFrame.__repr__          1          0
        <Execution time>: 198.0
        <Execution output>: Rewritten time: 198.0 ms
Original time: 1770.0 ms
        <Iteration>: 2/5

==========Running the manager agent to decide the next step==========
Choice: optimize
Reason: Despite the rewritten code being significantly faster, there may still be further optimizations possible using alternative APIs or more efficient methods within the same framework.
Code optimizer prompt:
        <Original Code>:
        ### cell 7 ###

birth_data.groupby(['decade', 'gender'])['births'].mean().unstack('gender')
        <Profiling data>:
                               Function  GPU calls  CPU calls
0             DataFrame.groupby          1          0
1  DataFrameGroupBy.__getitem__          1          0
2                  GroupBy.mean          1          0
3                Series.unstack          0          1
4            DataFrame.__repr__          1          0

        <Execution time>: 198.0
        <Active vars>: []

        <Future vars>: ['birth_data']

        <Iteration>: 2/5

Optimizing the last generated code
Parsed response: birth_data.pivot_table(
    index='decade',
    columns='gender',
    values='births',
    aggfunc='mean'
)
Try 1: calling rewrite agent for cell 7 took 9.873573303222656 seconds.
Executing rewritten code... ### cell 7 ###

birth_data.pivot_table(
    index='decade',
    columns='gender',
    values='births',
    aggfunc='mean'
)
HAHA rewritten pre-checkpoint path:  /home/dias-benchmarks/new_notebooks/us-birth/rewritten/q20_rewrite/checkpoints/post_cell_6_try_0.pickle
Running rewritten cell notebook
Finished executing the rewritten code.
Try 1: executing the rewritten code for cell 7 took 26.159125566482544 seconds.
Rewritten time: 1750.0 ms
Checkpointing the rewritten cell for small notebook...
The rewritten code is correct. Profiling cudf...
HAHA small rewritten pre-checkpoint path:  /home/dias-benchmarks/new_notebooks/us-birth/rewritten/q20_small_rewrite/checkpoints/post_cell_6_try_0.pickle
Try 1: cudf profiling the rewritten code for cell 7 took 7.566176652908325 seconds.
gpu_calls_orig_perc: 0.8, gpu_calls_opt_perc: 0.5
orig_time: 198.0, opt_time: 1750.0
Both the call ratio and the time are worse.
Rewritten code took 1750.0ms. The previous fastest solution took 1770.0ms.
Previous best solution num GPU and CPU calls:  4 1
New solution num GPU and CPU calls:  1 1
========================================================
Rewriting cell 7... Try 2...
Manager agent prompt:
        <Original Code>:
        ### cell 7 ###

#Code to present male and female mean(births) against decade numericaly
birth_data.pivot_table('births', index='decade', columns='gender', aggfunc='mean')
        <Profiling data>:
                        Function  GPU calls  CPU calls
0  DataFrame.pivot_table          0          1
1     DataFrame.__repr__          1          0
        <Execution time>: 1770.0
        <Active Vars>: []
        <Future Vars>: ['birth_data']
        <Rewritten Code>:
        ### cell 7 ###

birth_data.pivot_table(
    index='decade',
    columns='gender',
    values='births',
    aggfunc='mean'
)
        <Profiling data>:
                        Function  GPU calls  CPU calls
0  DataFrame.pivot_table          0          1
1     DataFrame.__repr__          1          0
        <Execution time>: 1750.0
        <Execution output>: Rewritten time: 1750.0 ms
Original time: 1770.0 ms
        <Iteration>: 3/5

==========Running the manager agent to decide the next step==========
Choice: optimize
Reason: The rewritten code is already slightly optimized by making its parameters explicit, but it still relies on CPU calls. We should attempt further optimization to leverage GPU capabilities if possible, considering cudf or similar alternatives, as there are iterations left.
Code optimizer prompt:
        <Original Code>:
        ### cell 7 ###

birth_data.pivot_table(
    index='decade',
    columns='gender',
    values='births',
    aggfunc='mean'
)
        <Profiling data>:
                        Function  GPU calls  CPU calls
0  DataFrame.pivot_table          0          1
1     DataFrame.__repr__          1          0

        <Execution time>: 1750.0
        <Active vars>: []

        <Future vars>: ['birth_data']

        <Iteration>: 3/5

Optimizing the last generated code
Parsed response: birth_data.groupby(['decade', 'gender'])['births']
          .mean()
          .unstack(level='gender')
Try 2: calling rewrite agent for cell 7 took 12.33511757850647 seconds.
Executing rewritten code... ### cell 7 ###

birth_data.groupby(['decade', 'gender'])['births']
          .mean()
          .unstack(level='gender')
HAHA rewritten pre-checkpoint path:  /home/dias-benchmarks/new_notebooks/us-birth/rewritten/q20_rewrite/checkpoints/post_cell_6_try_0.pickle
Running rewritten cell notebook
An unexpected error occurred An error occurred while executing the following cell:
------------------
%%RecordEvent
%%time
### cell 7 ###

birth_data.groupby(['decade', 'gender'])['births']
          .mean()
          .unstack(level='gender')
------------------


Traceback [0;36m(most recent call last)[0m:

[0m  File [1;32m~/.local/lib/python3.10/site-packages/IPython/core/interactiveshell.py:3378[0m in [1;35mrun_code[0m
    exec(code_obj, self.user_global_ns, self.user_ns)[0m

[0m  Cell [1;32mIn [4], line 1[0m
    get_ipython().run_cell_magic('RecordEvent', '', "%%time\n### cell 7 ###\n\nbirth_data.groupby(['decade', 'gender'])['births']\n          .mean()\n          .unstack(level='gender')\n")[0m

[0m  File [1;32m~/.local/lib/python3.10/site-packages/IPython/core/interactiveshell.py:2362[0m in [1;35mrun_cell_magic[0m
    result = fn(*args, **kwargs)[0m

[0m  File [1;32m/home/ElasticNotebook/ElasticNotebook.py:271[0m in [1;35mRecordEvent[0m
    self.record_event(line, cell, track_column_info=False)[0m

[0m  File [1;32m/home/ElasticNotebook/ElasticNotebook.py:152[0m in [1;35mrecord_event[0m
    input_variables, function_defs = find_input_vars(cell, set(self.dependency_graph.variable_snapshots.keys()),[0m

[0m  File [1;32m/home/ElasticNotebook/elastic/core/notebook/find_input_vars.py:80[0m in [1;35mfind_input_vars[0m
    v1.visit(ast.parse(cell))[0m

[0;36m  File [0;32m/opt/conda/envs/rapids-25.02/lib/python3.10/ast.py:50[0;36m in [0;35mparse[0;36m
[0;31m    return compile(source, filename, mode, flags,[0;36m

[0;36m  File [0;32m<unknown>:4[0;36m[0m
[0;31m    .mean()[0m
[0m    ^[0m
[0;31mIndentationError[0m[0;31m:[0m unexpected indent


Rewritten time: inf ms
Checkpointing the rewritten cell for small notebook...
========================================================
Rewriting cell 7... Try 3...
Manager agent prompt:
        <Original Code>:
        ### cell 7 ###

#Code to present male and female mean(births) against decade numericaly
birth_data.pivot_table('births', index='decade', columns='gender', aggfunc='mean')
        <Profiling data>:
                        Function  GPU calls  CPU calls
0  DataFrame.pivot_table          0          1
1     DataFrame.__repr__          1          0
        <Execution time>: 1770.0
        <Active Vars>: []
        <Future Vars>: ['birth_data']
        <Rewritten Code>:
        ### cell 7 ###

birth_data.groupby(['decade', 'gender'])['births']
          .mean()
          .unstack(level='gender')
        <Profiling data>:
                        Function  GPU calls  CPU calls
0  DataFrame.pivot_table          0          1
1     DataFrame.__repr__          1          0
        <Execution time>: inf
        <Execution output>: The rewritten code resulted in a runtime error. An error occurred while executing the following cell:
------------------
%%RecordEvent
%%time
### cell 7 ###

birth_data.groupby(['decade', 'gender'])['births']
          .mean()
          .unstack(level='gender')
------------------


Traceback [0;36m(most recent call last)[0m:

[0m  File [1;32m~/.local/lib/python3.10/site-packages/IPython/core/interactiveshell.py:3378[0m in [1;35mrun_code[0m
    exec(code_obj, self.user_global_ns, self.user_ns)[0m

[0m  Cell [1;32mIn [4], line 1[0m
    get_ipython().run_cell_magic('RecordEvent', '', "%%time\n### cell 7 ###\n\nbirth_data.groupby(['decade', 'gender'])['births']\n          .mean()\n          .unstack(level='gender')\n")[0m

[0m  File [1;32m~/.local/lib/python3.10/site-packages/IPython/core/interactiveshell.py:2362[0m in [1;35mrun_cell_magic[0m
    result = fn(*args, **kwargs)[0m

[0m  File [1;32m/home/ElasticNotebook/ElasticNotebook.py:271[0m in [1;35mRecordEvent[0m
    self.record_event(line, cell, track_column_info=False)[0m

[0m  File [1;32m/home/ElasticNotebook/ElasticNotebook.py:152[0m in [1;35mrecord_event[0m
    input_variables, function_defs = find_input_vars(cell, set(self.dependency_graph.variable_snapshots.keys()),[0m

[0m  File [1;32m/home/ElasticNotebook/elastic/core/notebook/find_input_vars.py:80[0m in [1;35mfind_input_vars[0m
    v1.visit(ast.parse(cell))[0m

[0;36m  File [0;32m/opt/conda/envs/rapids-25.02/lib/python3.10/ast.py:50[0;36m in [0;35mparse[0;36m
[0;31m    return compile(source, filename, mode, flags,[0;36m

[0;36m  File [0;32m<unknown>:4[0;36m[0m
[0;31m    .mean()[0m
[0m    ^[0m
[0;31mIndentationError[0m[0;31m:[0m unexpected indent


        <Iteration>: 4/5

==========Running the manager agent to decide the next step==========
Choice: repair
Reason: The rewritten code resulted in a runtime error due to an indentation issue, and there is one iteration left to fix this problem.
Code fixer prompt:
        <Original Code>:
        ### cell 7 ###

#Code to present male and female mean(births) against decade numericaly
birth_data.pivot_table('births', index='decade', columns='gender', aggfunc='mean')
        <Profiling data>:
                        Function  GPU calls  CPU calls
0  DataFrame.pivot_table          0          1
1     DataFrame.__repr__          1          0
        <Execution time>: 1770.0
        <Active Vars>: []
        <Future Vars>: ['birth_data']
        <Rewritten Code>:
        ### cell 7 ###

birth_data.groupby(['decade', 'gender'])['births']
          .mean()
          .unstack(level='gender')
        <Profiling data>:
                        Function  GPU calls  CPU calls
0  DataFrame.pivot_table          0          1
1     DataFrame.__repr__          1          0
        <Execution time>: inf
        <Execution output>: The rewritten code resulted in a runtime error. An error occurred while executing the following cell:
------------------
%%RecordEvent
%%time
### cell 7 ###

birth_data.groupby(['decade', 'gender'])['births']
          .mean()
          .unstack(level='gender')
------------------


Traceback [0;36m(most recent call last)[0m:

[0m  File [1;32m~/.local/lib/python3.10/site-packages/IPython/core/interactiveshell.py:3378[0m in [1;35mrun_code[0m
    exec(code_obj, self.user_global_ns, self.user_ns)[0m

[0m  Cell [1;32mIn [4], line 1[0m
    get_ipython().run_cell_magic('RecordEvent', '', "%%time\n### cell 7 ###\n\nbirth_data.groupby(['decade', 'gender'])['births']\n          .mean()\n          .unstack(level='gender')\n")[0m

[0m  File [1;32m~/.local/lib/python3.10/site-packages/IPython/core/interactiveshell.py:2362[0m in [1;35mrun_cell_magic[0m
    result = fn(*args, **kwargs)[0m

[0m  File [1;32m/home/ElasticNotebook/ElasticNotebook.py:271[0m in [1;35mRecordEvent[0m
    self.record_event(line, cell, track_column_info=False)[0m

[0m  File [1;32m/home/ElasticNotebook/ElasticNotebook.py:152[0m in [1;35mrecord_event[0m
    input_variables, function_defs = find_input_vars(cell, set(self.dependency_graph.variable_snapshots.keys()),[0m

[0m  File [1;32m/home/ElasticNotebook/elastic/core/notebook/find_input_vars.py:80[0m in [1;35mfind_input_vars[0m
    v1.visit(ast.parse(cell))[0m

[0;36m  File [0;32m/opt/conda/envs/rapids-25.02/lib/python3.10/ast.py:50[0;36m in [0;35mparse[0;36m
[0;31m    return compile(source, filename, mode, flags,[0;36m

[0;36m  File [0;32m<unknown>:4[0;36m[0m
[0;31m    .mean()[0m
[0m    ^[0m
[0;31mIndentationError[0m[0;31m:[0m unexpected indent


        <Iteration>: 4/5

Repairing the last generated code
Code: ### cell 7 ###
# Code to present male and female mean(births) against decade numerically
birth_data.groupby(['decade', 'gender'])['births'].mean().unstack(level='gender')
Reason: Fixed the indentation error by chaining the groupby, mean, and unstack calls on a single line while preserving the original semantics.
Parsed response: ### cell 7 ###
# Code to present male and female mean(births) against decade numerically
birth_data.groupby(['decade', 'gender'])['births'].mean().unstack(level='gender')
Try 3: calling rewrite agent for cell 7 took 22.997440576553345 seconds.
Executing rewritten code... ### cell 7 ###
# Code to present male and female mean(births) against decade numerically
birth_data.groupby(['decade', 'gender'])['births'].mean().unstack(level='gender')
HAHA rewritten pre-checkpoint path:  /home/dias-benchmarks/new_notebooks/us-birth/rewritten/q20_rewrite/checkpoints/post_cell_6_try_0.pickle
Running rewritten cell notebook
Finished executing the rewritten code.
Try 3: executing the rewritten code for cell 7 took 17.951289892196655 seconds.
Rewritten time: 197.0 ms
Checkpointing the rewritten cell for small notebook...
The rewritten code is correct. Profiling cudf...
HAHA small rewritten pre-checkpoint path:  /home/dias-benchmarks/new_notebooks/us-birth/rewritten/q20_small_rewrite/checkpoints/post_cell_6_try_0.pickle
Try 3: cudf profiling the rewritten code for cell 7 took 6.9244489669799805 seconds.
gpu_calls_orig_perc: 0.8, gpu_calls_opt_perc: 0.8
orig_time: 198.0, opt_time: 197.0
Both the call ratio and the time are better.
Rewritten code took 197.0ms. The previous fastest solution took 1770.0ms.
Previous best solution num GPU and CPU calls:  4 1
New solution num GPU and CPU calls:  4 1
Accepted the rewritten code.
Setting best_rewritten_post_checkpoint_path to  /home/dias-benchmarks/new_notebooks/us-birth/rewritten/q20_rewrite/checkpoints/post_cell_7_try_3.pickle
Setting best_small_rewritten_post_checkpoint_path to  /home/dias-benchmarks/new_notebooks/us-birth/rewritten/q20_small_rewrite/checkpoints/post_cell_7_try_3.pickle
========================================================
Rewriting cell 7... Try 4...
Manager agent prompt:
        <Original Code>:
        ### cell 7 ###

#Code to present male and female mean(births) against decade numericaly
birth_data.pivot_table('births', index='decade', columns='gender', aggfunc='mean')
        <Profiling data>:
                        Function  GPU calls  CPU calls
0  DataFrame.pivot_table          0          1
1     DataFrame.__repr__          1          0
        <Execution time>: 1770.0
        <Active Vars>: []
        <Future Vars>: ['birth_data']
        <Rewritten Code>:
        ### cell 7 ###
# Code to present male and female mean(births) against decade numerically
birth_data.groupby(['decade', 'gender'])['births'].mean().unstack(level='gender')
        <Profiling data>:
                               Function  GPU calls  CPU calls
0             DataFrame.groupby          1          0
1  DataFrameGroupBy.__getitem__          1          0
2                  GroupBy.mean          1          0
3                Series.unstack          0          1
4            DataFrame.__repr__          1          0
        <Execution time>: 197.0
        <Execution output>: Rewritten time: 197.0 ms
Original time: 1770.0 ms
        <Iteration>: 5/5

==========Running the manager agent to decide the next step==========
Choice: done
Reason: The rewritten code is significantly optimized with the execution time reduced from 1770.0 ms to 197.0 ms. No further optimization is needed as the process is complete at iteration 5/5.
Code is already optimized
Try 4: calling rewrite agent for cell 7 took 1.614365816116333 seconds.
========================================================
After rewriting cell  7
Rewritten pre-checkpoint path: /home/dias-benchmarks/new_notebooks/us-birth/rewritten/q20_rewrite/checkpoints/post_cell_7_try_3.pickle
Pre-checkpoint path: /home/dias-benchmarks/new_notebooks/us-birth/annotated/checkpoints/post_cell_7.pickle
========================================================
Cell 7 rewriting took 216.21937108039856 seconds.
Getting original timing for cell 8
HAHA original checkpoint path:  /home/dias-benchmarks/new_notebooks/us-birth/annotated/checkpoints/post_cell_7.pickle
