Annotated notebook saved to /home/dias-benchmarks/new_notebooks/us-birth/cell_exec_info.ipynb
Executing code: import sys, os
sys.path.insert(0, os.path.abspath('/home/ElasticNotebook'))
%load_ext ElasticNotebook
from elastic.core.common.pandas import compare_df
import pickle
import cudf
Executing code: %%RecordEventWithColumnInfo
# %load_ext cudf.pandas
#Importing all necessary libraries

import numpy as np
import pandas as pd
import seaborn as sns
# %matplotlib inline
import matplotlib.pyplot as plt
import time
Executing code: %%RecordEventWithColumnInfo
### cell 0 ###

#Alternatively you can use this code to get the dataset
# url = "https://raw.githubusercontent.com/jakevdp/data-CDCbirths/master/births.csv"
birth_data = pd.read_csv("/home/dias-benchmarks/new_notebooks/us-birth/births.csv")
birth_data.sample(5, random_state=0)
Executing code: %%RecordEventWithColumnInfo
### cell 1 ###

factor = 50
birth_data = pd.concat([birth_data] * factor)
Executing code: %%RecordEventWithColumnInfo
### cell 2 ###

birth_data.shape, birth_data.info()
Executing code: %%RecordEventWithColumnInfo
### cell 3 ###

birth_data = birth_data.fillna(0)
birth_data['day'] = birth_data['day'].astype(int)
birth_data.info()
Executing code: %%RecordEventWithColumnInfo
### cell 4 ###

birth_data.sample(5, random_state=0)
Executing code: %%RecordEventWithColumnInfo
### cell 5 ###

#Code to add the decade column
birth_data['decade'] = 10 * (birth_data['year'] // 10)
birth_data.head()
Executing code: %%RecordEventWithColumnInfo
### cell 6 ###

#take a look at male and female births as a function of decade
birth_data.pivot_table('births', index='decade', columns='gender', aggfunc='sum')
Executing code: # %matplotlib inline
# import matplotlib.pyplot as plt
# plt.rcParams["figure.figsize"] = (10,6)
# sns.set()  # use Seaborn styles
# birth_data.pivot_table('births', index='year', columns='gender', aggfunc='sum').plot()
# plt.ylabel('total births per year')
# plt.title("Distribution Of Births Over Decades")
Executing code: # %matplotlib inline
# #import matplotlib.pyplot as plt
# plt.rcParams["figure.figsize"] = (10,6)
# sns.set()  # use Seaborn styles
# birth_data.pivot_table('births', index='year', columns='gender', aggfunc='mean').plot()
# plt.ylabel('Mean births per year')
# plt.title("Distribution Of Mean Births Over Decades")
Executing code: %%RecordEventWithColumnInfo
### cell 7 ###

#Code to present male and female mean(births) against decade numericaly
birth_data.pivot_table('births', index='decade', columns='gender', aggfunc='mean')
Executing code: # #Boxplot for births
# #% matplotlib inline
# #import matplotlib.pyplot as plt
# sns.boxplot(y = 'births', data = birth_data)
# plt.title('Box plot - Total births')
Executing code: # #boxplot of births by decade
# fig, ax = plt.subplots(figsize=(10, 8))
# sns.boxplot(x = 'decade', y = 'births', data = birth_data, ax = ax)
# plt.title('Box plot - Total births over decade')
# plt.show()
Executing code: %%RecordEventWithColumnInfo
### cell 8 ###

%%time
years2check = [1988, 1989]

for year in years2check:
  yearly_data = birth_data[birth_data['year'] == year]
  print("Births data for - ", year)
  print(yearly_data)
Executing code: %%RecordEventWithColumnInfo
### cell 9 ###

#Descriptive summary before removing outliers
birth_data.describe()
Executing code: %%RecordEventWithColumnInfo
### cell 10 ###



# Assuming 'birth_data' is a cuDF DataFrame
# For example:
# data = np.random.normal(loc=4000, scale=500, size=10000)
# birth_data = cudf.DataFrame({'births': data})

# 1. Your original setup code is fine
#    (Use .to_numpy() to transfer data to the CPU for the numpy function)
quartiles = np.percentile(birth_data['births'].to_numpy(), [25, 50, 75])
mu = quartiles[1]
sig = 0.74 * (quartiles[2] - quartiles[0])

# 2. Pre-calculate the final boundary values
lower_bound = mu - 5 * sig
upper_bound = mu + 5 * sig

# 3. Create the query string using an f-string
#    This injects the *values* of lower_bound and upper_bound into the string
query_string = f"(births > {lower_bound}) & (births < {upper_bound})"

# 4. Use the generated string in the query() method
births = birth_data.query(query_string)

# The rest of your code works as expected
birth_data.shape, births.sample(5, random_state=0)
Executing code: # #Code to remove outliers or actualy to consider one part of the data
# quartiles = np.percentile(birth_data['births'], [25, 50, 75])
# mu = quartiles[1]
# sig = 0.74 * (quartiles[2] - quartiles[0])
# births = birth_data.query('(births > mu - 5 * sig) & (births < mu + 5 * sig)')
# print(births.shape)
# births.sample(5)
Executing code: %%RecordEventWithColumnInfo
### cell 11 ###

#Descriptive summary after removal of outliers
births.describe()
Executing code: %%RecordEventWithColumnInfo
### cell 12 ###

births.year.unique()
Executing code: %%RecordEventWithColumnInfo
### cell 13 ###

# create a datetime index from the year, month, day
births.index = pd.to_datetime(10000 * births.year + 100 * births.month + births.day, format='%Y%m%d')
births.head()
Executing code: %%RecordEventWithColumnInfo
### cell 14 ###

#Creating another column 'dayofweek' using dayofweek attribute of pandas DatetimeIndex
births['dayofweek'] = births.index.dayofweek
births.head()
Executing code: %%RecordEventWithColumnInfo
### cell 15 ###

mapping = {0: 'Monday', 1: 'Tuesady', 2: 'Wednesday', 3: 'Thursday', 4: 'Friday', 5: 'Saturday', 6: 'Sunday'}
births['dayofweek'] = births['dayofweek'].map(mapping)
Executing code: %%RecordEventWithColumnInfo
### cell 16 ###

births.head()
Executing code: # # plot for births by week days over decades
# %matplotlib inline
# import matplotlib.pyplot as plt
# plt.rcParams["figure.figsize"] = (10,6)
# sns.set()  # use Seaborn styles
# births.pivot_table('births', index='dayofweek', columns='decade', aggfunc='mean').plot()
# plt.ylabel('mean births by day')
# plt.title("Trend Of Mean Births Along Week Days Over Decades ")
Executing code: %%RecordEventWithColumnInfo
### cell 17 ###

births_by_date = births.pivot_table('births', [births.index.month, births.index.day])
births_by_date.sample(10, random_state=0)
Executing code: %%RecordEventWithColumnInfo
### cell 18 ###

births_by_date.shape
Executing code: %%RecordEventWithColumnInfo
### cell 19 ###

#Creating index like timeseries
# births_by_date.index = [pd.datetime(2020, month, day) for (month, day) in births_by_date.index]
# births_by_date.head()
births_by_date.index = [
    pd.Timestamp(2020, month, day)
    for (month, day) in births_by_date.index
]
births_by_date.head()
Executing code: # # Plot the results
# fig, ax = plt.subplots(figsize=(12, 6))
# births_by_date.plot(ax=ax)
Executing code: %PrintCellInfo cell_exec_info
Executing code: %reset -f
Executing code: %reload_ext ElasticNotebook
Ran small notebook to get cell exec info in 16.340863943099976 seconds
Getting cudf profile information...
Annotated notebook saved to /home/dias-benchmarks/new_notebooks/us-birth/cudf_profile.ipynb
Done getting cudf profile information.
Ran small notebook to get cudf profile info in 74.94567275047302 seconds
Annotated notebook saved to /home/dias-benchmarks/new_notebooks/us-birth/annotated.ipynb
Executing code: %reset -f
Executing code: %reload_ext ElasticNotebook
Executing code: %load_ext cudf.pandas
Executing code: import sys, os
sys.path.insert(0, os.path.abspath('/home/ElasticNotebook'))
%load_ext ElasticNotebook
from elastic.core.common.pandas import compare_df
import pickle
import cudf
Executing code: %%RecordEvent
# %load_ext cudf.pandas
#Importing all necessary libraries

import numpy as np
import pandas as pd
import seaborn as sns
# %matplotlib inline
import matplotlib.pyplot as plt
import time
Executing code: %Checkpoint /home/dias-benchmarks/new_notebooks/us-birth/annotated/checkpoints/pre_cell_0.pickle
Checkpointing took 0.0007941722869873047 seconds.
========================================================
Cell  0
Rewritten pre-checkpoint path: /home/dias-benchmarks/new_notebooks/us-birth/annotated/checkpoints/pre_cell_0.pickle
Pre-checkpoint path: /home/dias-benchmarks/new_notebooks/us-birth/annotated/checkpoints/pre_cell_0.pickle
Small rewritten pre-checkpoint path: /home/dias-benchmarks/new_notebooks/us-birth/small_bench/checkpoints/pre_cell_0.pickle
========================================================
Getting original timing for cell 0
HAHA original checkpoint path:  /home/dias-benchmarks/new_notebooks/us-birth/annotated/checkpoints/pre_cell_0.pickle
Setting initially best_rewritten_post_checkpoint_path:  /home/dias-benchmarks/new_notebooks/us-birth/annotated/checkpoints/post_cell_0.pickle
Setting initially best_small_rewritten_post_checkpoint_path:  /home/dias-benchmarks/new_notebooks/us-birth/small_bench/checkpoints/pre_cell_1.pickle
========================================================
Rewriting cell 0... Try 0...
Manager agent prompt:
        <Original Code>:
        ### cell 0 ###

#Alternatively you can use this code to get the dataset
# url = "https://raw.githubusercontent.com/jakevdp/data-CDCbirths/master/births.csv"
birth_data = pd.read_csv("/home/dias-benchmarks/new_notebooks/us-birth/births.csv")
birth_data.sample(5, random_state=0)
        <Profiling data>:
                     Function  GPU calls  CPU calls
0            read_csv          1          0
1      NDFrame.sample          1          0
2  DataFrame.__repr__          1          0

        <Execution time>: 273.0
        <Active vars>: ['birth_data']

        <Future vars>: []

        <Iteration>: 1/5

==========Running the manager agent to decide the next step==========
Choice: new
Reason: There is no rewritten code provided, so optimizing the original code from scratch is needed.
Generating new code from the original code
Prompt:
        <Original Code>:
        ### cell 0 ###

#Alternatively you can use this code to get the dataset
# url = "https://raw.githubusercontent.com/jakevdp/data-CDCbirths/master/births.csv"
birth_data = pd.read_csv("/home/dias-benchmarks/new_notebooks/us-birth/births.csv")
birth_data.sample(5, random_state=0)
        <Profiling data>:
                     Function  GPU calls  CPU calls
0            read_csv          1          0
1      NDFrame.sample          1          0
2  DataFrame.__repr__          1          0

        <Execution time>: 273.0
        <Active vars>: ['birth_data']

        <Future vars>: []

        <Iteration>: 1/5

Code: done
Reason: The cell is already using GPU-accelerated operations for both read_csv and sample via the cudf.pandas extension, with no loops or CPU-bound operations to optimize.
No Modifications made to the original code
Try 0: calling rewrite agent for cell 0 took 10.208507537841797 seconds.
There is no need to rewrite the cell.
Could not rewrite the cell. Continuing to next cell...
========================================================
After rewriting cell  0
Rewritten pre-checkpoint path: /home/dias-benchmarks/new_notebooks/us-birth/annotated/checkpoints/post_cell_0.pickle
Pre-checkpoint path: /home/dias-benchmarks/new_notebooks/us-birth/annotated/checkpoints/post_cell_0.pickle
========================================================
Cell 0 rewriting took 19.74809217453003 seconds.
Getting original timing for cell 1
HAHA original checkpoint path:  /home/dias-benchmarks/new_notebooks/us-birth/annotated/checkpoints/post_cell_0.pickle
Setting initially best_rewritten_post_checkpoint_path:  /home/dias-benchmarks/new_notebooks/us-birth/annotated/checkpoints/post_cell_1.pickle
Setting initially best_small_rewritten_post_checkpoint_path:  /home/dias-benchmarks/new_notebooks/us-birth/small_bench/checkpoints/pre_cell_2.pickle
========================================================
Rewriting cell 1... Try 0...
Manager agent prompt:
        <Original Code>:
        ### cell 1 ###

factor = 500
birth_data = pd.concat([birth_data] * factor)
        <Profiling data>:
          Function  GPU calls  CPU calls
0   concat          1          0

        <Execution time>: 218.0
        <Active vars>: ['birth_data']

        <Future vars>: []

        <Iteration>: 1/5

==========Running the manager agent to decide the next step==========
Choice: new
Reason: There is no rewritten code provided. We should attempt to optimize the original code to enhance performance by using GPU acceleration with libraries like cuDF.
Generating new code from the original code
Prompt:
        <Original Code>:
        ### cell 1 ###

factor = 500
birth_data = pd.concat([birth_data] * factor)
        <Profiling data>:
          Function  GPU calls  CPU calls
0   concat          1          0

        <Execution time>: 218.0
        <Active vars>: ['birth_data']

        <Future vars>: []

        <Iteration>: 1/5

Code: factor = 500
# Use a single GPU gather to replicate rows instead of concat
birth_data = birth_data.take(birth_data.index.repeat(factor))
Reason: Replacing pd.concat of 500 repeats with a single .take on the repeated index performs one vectorized GPU gather, avoiding the overhead of stitching together many DataFrames and significantly speeding up the row-replication step.
Parsed response: factor = 500
# Use a single GPU gather to replicate rows instead of concat
birth_data = birth_data.take(birth_data.index.repeat(factor))
Try 0: calling rewrite agent for cell 1 took 18.515212774276733 seconds.
Executing rewritten code... ### cell 1 ###

factor = 500
# Use a single GPU gather to replicate rows instead of concat
birth_data = birth_data.take(birth_data.index.repeat(factor))
HAHA rewritten pre-checkpoint path:  /home/dias-benchmarks/new_notebooks/us-birth/annotated/checkpoints/post_cell_0.pickle
Running rewritten cell notebook
An unexpected error occurred An error occurred while executing the following cell:
------------------
birth_data_opt = birth_data
%LoadCheckpoint /home/dias-benchmarks/new_notebooks/us-birth/annotated/checkpoints/post_cell_1.pickle
assert compare_df(birth_data_opt, birth_data)

import numpy as np
import cudf
from elastic.core.common.pandas import is_type_styler
is_orig_output_pd = isinstance(orig_output, (pd.Series, pd.DataFrame, pd.Index))
is_opt_output_pd = isinstance(opt_output, (pd.Series, pd.DataFrame, pd.Index))
is_orig_output_array = isinstance(orig_output, (cudf.pandas._wrappers.numpy.ndarray, np.ndarray))
is_opt_output_array = isinstance(opt_output, (cudf.pandas._wrappers.numpy.ndarray, np.ndarray))
is_orig_output_styler = is_type_styler(type(orig_output))
is_opt_output_styler = is_type_styler(type(opt_output))
if is_orig_output_styler and is_opt_output_styler:
    assert orig_output.to_html() == opt_output.to_html()
elif is_orig_output_styler:
    assert orig_output.to_html() == opt_output.to_html()
elif is_opt_output_styler:
    assert opt_output.to_html() == orig_output

if is_orig_output_pd and is_opt_output_pd:
    assert orig_output.equals(opt_output)
# TODO(jie): this is a hack.
elif ((is_orig_output_pd or is_opt_output_pd) and (is_orig_output_array or is_opt_output_array)) or (is_orig_output_array and is_opt_output_array):
    assert list(orig_output) == list(opt_output)
else:
    assert orig_output == opt_output

------------------

----- stdout -----
trying: ['plt']
me:  0
trying: ['birth_data']
----- stdout -----
me:  3
trying: ['pd']
me:  0
trying: ['sns']
me:  0
trying: ['orig_output']
me:  4
trying: ['factor']
me:  3
trying: ['np']
me:  0
trying: ['time']
me:  0
Declaring variable plt
Declaring variable pd
Declaring variable sns
Declaring variable np
Declaring variable time
Declaring variable birth_data
Declaring variable factor
Declaring variable orig_output
------------------

[0;31m---------------------------------------------------------------------------[0m
[0;31mValueError[0m                                Traceback (most recent call last)
Cell [0;32mIn [9], line 3[0m
[1;32m      1[0m birth_data_opt [38;5;241m=[39m birth_data
[1;32m      2[0m get_ipython()[38;5;241m.[39mrun_line_magic([38;5;124m'[39m[38;5;124mLoadCheckpoint[39m[38;5;124m'[39m, [38;5;124m'[39m[38;5;124m/home/dias-benchmarks/new_notebooks/us-birth/annotated/checkpoints/post_cell_1.pickle[39m[38;5;124m'[39m)
[0;32m----> 3[0m [38;5;28;01massert[39;00m [43mcompare_df[49m[43m([49m[43mbirth_data_opt[49m[43m,[49m[43m [49m[43mbirth_data[49m[43m)[49m
[1;32m      5[0m [38;5;28;01mimport[39;00m[38;5;250m [39m[38;5;21;01mnumpy[39;00m[38;5;250m [39m[38;5;28;01mas[39;00m[38;5;250m [39m[38;5;21;01mnp[39;00m
[1;32m      6[0m [38;5;28;01mimport[39;00m[38;5;250m [39m[38;5;21;01mcudf[39;00m

File [0;32m/home/ElasticNotebook/elastic/core/common/pandas.py:89[0m, in [0;36mcompare_df[0;34m(df1, df2)[0m
[1;32m     86[0m         [38;5;28;01mraise[39;00m [38;5;167;01mValueError[39;00m([38;5;124mf[39m[38;5;124m"[39m[38;5;124mData type mismatch: [39m[38;5;132;01m{[39;00mdf1[38;5;241m.[39mdtype[38;5;132;01m}[39;00m[38;5;124m vs [39m[38;5;132;01m{[39;00mdf2[38;5;241m.[39mdtype[38;5;132;01m}[39;00m[38;5;124m"[39m)
[1;32m     88[0m [38;5;28;01mif[39;00m hash_obj(df1[38;5;241m.[39mvalues) [38;5;241m!=[39m hash_obj(df2[38;5;241m.[39mvalues):
[0;32m---> 89[0m     [38;5;28;01mraise[39;00m [38;5;167;01mValueError[39;00m([38;5;124mf[39m[38;5;124m"[39m[38;5;124mContent of df1 and df2 do not match[39m[38;5;124m"[39m)
[1;32m     91[0m [38;5;28;01mif[39;00m hash_obj(df1[38;5;241m.[39mindex[38;5;241m.[39mvalues) [38;5;241m!=[39m hash_obj(df2[38;5;241m.[39mindex[38;5;241m.[39mvalues):
[1;32m     92[0m     [38;5;28;01mraise[39;00m [38;5;167;01mValueError[39;00m([38;5;124m"[39m[38;5;124mIndex of df1 and df2 do not match[39m[38;5;124m"[39m)

[0;31mValueError[0m: Content of df1 and df2 do not match

Rewritten time: inf ms
Checkpointing the rewritten cell for small notebook...
========================================================
Rewriting cell 1... Try 1...
Manager agent prompt:
        <Original Code>:
        ### cell 1 ###

factor = 500
birth_data = pd.concat([birth_data] * factor)
        <Profiling data>:
          Function  GPU calls  CPU calls
0   concat          1          0
        <Execution time>: 218.0
        <Active Vars>: ['birth_data']
        <Future Vars>: []
        <Rewritten Code>:
        ### cell 1 ###

factor = 500
# Use a single GPU gather to replicate rows instead of concat
birth_data = birth_data.take(birth_data.index.repeat(factor))
        <Profiling data>:
        None
        <Execution time>: inf
        <Execution output>: The rewritten code resulted in a runtime error. An error occurred while executing the following cell:
------------------
birth_data_opt = birth_data
%LoadCheckpoint /home/dias-benchmarks/new_notebooks/us-birth/annotated/checkpoints/post_cell_1.pickle
assert compare_df(birth_data_opt, birth_data)

import numpy as np
import cudf
from elastic.core.common.pandas import is_type_styler
is_orig_output_pd = isinstance(orig_output, (pd.Series, pd.DataFrame, pd.Index))
is_opt_output_pd = isinstance(opt_output, (pd.Series, pd.DataFrame, pd.Index))
is_orig_output_array = isinstance(orig_output, (cudf.pandas._wrappers.numpy.ndarray, np.ndarray))
is_opt_output_array = isinstance(opt_output, (cudf.pandas._wrappers.numpy.ndarray, np.ndarray))
is_orig_output_styler = is_type_styler(type(orig_output))
is_opt_output_styler = is_type_styler(type(opt_output))
if is_orig_output_styler and is_opt_output_styler:
    assert orig_output.to_html() == opt_output.to_html()
elif is_orig_output_styler:
    assert orig_output.to_html() == opt_output.to_html()
elif is_opt_output_styler:
    assert opt_output.to_html() == orig_output

if is_orig_output_pd and is_opt_output_pd:
    assert orig_output.equals(opt_output)
# TODO(jie): this is a hack.
elif ((is_orig_output_pd or is_opt_output_pd) and (is_orig_output_array or is_opt_output_array)) or (is_orig_output_array and is_opt_output_array):
    assert list(orig_output) == list(opt_output)
else:
    assert orig_output == opt_output

------------------

----- stdout -----
trying: ['plt']
me:  0
trying: ['birth_data']
----- stdout -----
me:  3
trying: ['pd']
me:  0
trying: ['sns']
me:  0
trying: ['orig_output']
me:  4
trying: ['factor']
me:  3
trying: ['np']
me:  0
trying: ['time']
me:  0
Declaring variable plt
Declaring variable pd
Declaring variable sns
Declaring variable np
Declaring variable time
Declaring variable birth_data
Declaring variable factor
Declaring variable orig_output
------------------

[0;31m---------------------------------------------------------------------------[0m
[0;31mValueError[0m                                Traceback (most recent call last)
Cell [0;32mIn [9], line 3[0m
[1;32m      1[0m birth_data_opt [38;5;241m=[39m birth_data
[1;32m      2[0m get_ipython()[38;5;241m.[39mrun_line_magic([38;5;124m'[39m[38;5;124mLoadCheckpoint[39m[38;5;124m'[39m, [38;5;124m'[39m[38;5;124m/home/dias-benchmarks/new_notebooks/us-birth/annotated/checkpoints/post_cell_1.pickle[39m[38;5;124m'[39m)
[0;32m----> 3[0m [38;5;28;01massert[39;00m [43mcompare_df[49m[43m([49m[43mbirth_data_opt[49m[43m,[49m[43m [49m[43mbirth_data[49m[43m)[49m
[1;32m      5[0m [38;5;28;01mimport[39;00m[38;5;250m [39m[38;5;21;01mnumpy[39;00m[38;5;250m [39m[38;5;28;01mas[39;00m[38;5;250m [39m[38;5;21;01mnp[39;00m
[1;32m      6[0m [38;5;28;01mimport[39;00m[38;5;250m [39m[38;5;21;01mcudf[39;00m

File [0;32m/home/ElasticNotebook/elastic/core/common/pandas.py:89[0m, in [0;36mcompare_df[0;34m(df1, df2)[0m
[1;32m     86[0m         [38;5;28;01mraise[39;00m [38;5;167;01mValueError[39;00m([38;5;124mf[39m[38;5;124m"[39m[38;5;124mData type mismatch: [39m[38;5;132;01m{[39;00mdf1[38;5;241m.[39mdtype[38;5;132;01m}[39;00m[38;5;124m vs [39m[38;5;132;01m{[39;00mdf2[38;5;241m.[39mdtype[38;5;132;01m}[39;00m[38;5;124m"[39m)
[1;32m     88[0m [38;5;28;01mif[39;00m hash_obj(df1[38;5;241m.[39mvalues) [38;5;241m!=[39m hash_obj(df2[38;5;241m.[39mvalues):
[0;32m---> 89[0m     [38;5;28;01mraise[39;00m [38;5;167;01mValueError[39;00m([38;5;124mf[39m[38;5;124m"[39m[38;5;124mContent of df1 and df2 do not match[39m[38;5;124m"[39m)
[1;32m     91[0m [38;5;28;01mif[39;00m hash_obj(df1[38;5;241m.[39mindex[38;5;241m.[39mvalues) [38;5;241m!=[39m hash_obj(df2[38;5;241m.[39mindex[38;5;241m.[39mvalues):
[1;32m     92[0m     [38;5;28;01mraise[39;00m [38;5;167;01mValueError[39;00m([38;5;124m"[39m[38;5;124mIndex of df1 and df2 do not match[39m[38;5;124m"[39m)

[0;31mValueError[0m: Content of df1 and df2 do not match

        <Iteration>: 2/5

==========Running the manager agent to decide the next step==========
Choice: repair
Reason: The rewritten code resulted in a runtime error, indicating the need for further investigation and fixes to resolve the issues.
Code fixer prompt:
        <Original Code>:
        ### cell 1 ###

factor = 500
birth_data = pd.concat([birth_data] * factor)
        <Profiling data>:
          Function  GPU calls  CPU calls
0   concat          1          0
        <Execution time>: 218.0
        <Active Vars>: ['birth_data']
        <Future Vars>: []
        <Rewritten Code>:
        ### cell 1 ###

factor = 500
# Use a single GPU gather to replicate rows instead of concat
birth_data = birth_data.take(birth_data.index.repeat(factor))
        <Profiling data>:
        None
        <Execution time>: inf
        <Execution output>: The rewritten code resulted in a runtime error. An error occurred while executing the following cell:
------------------
birth_data_opt = birth_data
%LoadCheckpoint /home/dias-benchmarks/new_notebooks/us-birth/annotated/checkpoints/post_cell_1.pickle
assert compare_df(birth_data_opt, birth_data)

import numpy as np
import cudf
from elastic.core.common.pandas import is_type_styler
is_orig_output_pd = isinstance(orig_output, (pd.Series, pd.DataFrame, pd.Index))
is_opt_output_pd = isinstance(opt_output, (pd.Series, pd.DataFrame, pd.Index))
is_orig_output_array = isinstance(orig_output, (cudf.pandas._wrappers.numpy.ndarray, np.ndarray))
is_opt_output_array = isinstance(opt_output, (cudf.pandas._wrappers.numpy.ndarray, np.ndarray))
is_orig_output_styler = is_type_styler(type(orig_output))
is_opt_output_styler = is_type_styler(type(opt_output))
if is_orig_output_styler and is_opt_output_styler:
    assert orig_output.to_html() == opt_output.to_html()
elif is_orig_output_styler:
    assert orig_output.to_html() == opt_output.to_html()
elif is_opt_output_styler:
    assert opt_output.to_html() == orig_output

if is_orig_output_pd and is_opt_output_pd:
    assert orig_output.equals(opt_output)
# TODO(jie): this is a hack.
elif ((is_orig_output_pd or is_opt_output_pd) and (is_orig_output_array or is_opt_output_array)) or (is_orig_output_array and is_opt_output_array):
    assert list(orig_output) == list(opt_output)
else:
    assert orig_output == opt_output

------------------

----- stdout -----
trying: ['plt']
me:  0
trying: ['birth_data']
----- stdout -----
me:  3
trying: ['pd']
me:  0
trying: ['sns']
me:  0
trying: ['orig_output']
me:  4
trying: ['factor']
me:  3
trying: ['np']
me:  0
trying: ['time']
me:  0
Declaring variable plt
Declaring variable pd
Declaring variable sns
Declaring variable np
Declaring variable time
Declaring variable birth_data
Declaring variable factor
Declaring variable orig_output
------------------

[0;31m---------------------------------------------------------------------------[0m
[0;31mValueError[0m                                Traceback (most recent call last)
Cell [0;32mIn [9], line 3[0m
[1;32m      1[0m birth_data_opt [38;5;241m=[39m birth_data
[1;32m      2[0m get_ipython()[38;5;241m.[39mrun_line_magic([38;5;124m'[39m[38;5;124mLoadCheckpoint[39m[38;5;124m'[39m, [38;5;124m'[39m[38;5;124m/home/dias-benchmarks/new_notebooks/us-birth/annotated/checkpoints/post_cell_1.pickle[39m[38;5;124m'[39m)
[0;32m----> 3[0m [38;5;28;01massert[39;00m [43mcompare_df[49m[43m([49m[43mbirth_data_opt[49m[43m,[49m[43m [49m[43mbirth_data[49m[43m)[49m
[1;32m      5[0m [38;5;28;01mimport[39;00m[38;5;250m [39m[38;5;21;01mnumpy[39;00m[38;5;250m [39m[38;5;28;01mas[39;00m[38;5;250m [39m[38;5;21;01mnp[39;00m
[1;32m      6[0m [38;5;28;01mimport[39;00m[38;5;250m [39m[38;5;21;01mcudf[39;00m

File [0;32m/home/ElasticNotebook/elastic/core/common/pandas.py:89[0m, in [0;36mcompare_df[0;34m(df1, df2)[0m
[1;32m     86[0m         [38;5;28;01mraise[39;00m [38;5;167;01mValueError[39;00m([38;5;124mf[39m[38;5;124m"[39m[38;5;124mData type mismatch: [39m[38;5;132;01m{[39;00mdf1[38;5;241m.[39mdtype[38;5;132;01m}[39;00m[38;5;124m vs [39m[38;5;132;01m{[39;00mdf2[38;5;241m.[39mdtype[38;5;132;01m}[39;00m[38;5;124m"[39m)
[1;32m     88[0m [38;5;28;01mif[39;00m hash_obj(df1[38;5;241m.[39mvalues) [38;5;241m!=[39m hash_obj(df2[38;5;241m.[39mvalues):
[0;32m---> 89[0m     [38;5;28;01mraise[39;00m [38;5;167;01mValueError[39;00m([38;5;124mf[39m[38;5;124m"[39m[38;5;124mContent of df1 and df2 do not match[39m[38;5;124m"[39m)
[1;32m     91[0m [38;5;28;01mif[39;00m hash_obj(df1[38;5;241m.[39mindex[38;5;241m.[39mvalues) [38;5;241m!=[39m hash_obj(df2[38;5;241m.[39mindex[38;5;241m.[39mvalues):
[1;32m     92[0m     [38;5;28;01mraise[39;00m [38;5;167;01mValueError[39;00m([38;5;124m"[39m[38;5;124mIndex of df1 and df2 do not match[39m[38;5;124m"[39m)

[0;31mValueError[0m: Content of df1 and df2 do not match

        <Iteration>: 2/5

Repairing the last generated code
Code: ### cell 1 ###

factor = 500
# replicate rows block-wise to match pd.concat semantics
birth_data = birth_data.loc[list(birth_data.index) * factor]
Reason: The original .take(repeat) approach was repeating each row consecutively, whereas pd.concat replicates the entire DataFrame in blocks. By multiplying the list of original indices by the factor and using .loc, we preserve the block-wise order and duplicate the index exactly as pd.concat does. This restores semantic equivalence and satisfies the assertion without altering unrelated code.
Parsed response: ### cell 1 ###

factor = 500
# replicate rows block-wise to match pd.concat semantics
birth_data = birth_data.loc[list(birth_data.index) * factor]
Try 1: calling rewrite agent for cell 1 took 64.83243322372437 seconds.
Executing rewritten code... ### cell 1 ###

factor = 500
# replicate rows block-wise to match pd.concat semantics
birth_data = birth_data.loc[list(birth_data.index) * factor]
HAHA rewritten pre-checkpoint path:  /home/dias-benchmarks/new_notebooks/us-birth/annotated/checkpoints/post_cell_0.pickle
Running rewritten cell notebook
Finished executing the rewritten code.
Try 1: executing the rewritten code for cell 1 took 35.89839434623718 seconds.
Rewritten time: 10500.0 ms
Checkpointing the rewritten cell for small notebook...
The rewritten code is correct. Profiling cudf...
HAHA small rewritten pre-checkpoint path:  /home/dias-benchmarks/new_notebooks/us-birth/small_bench/checkpoints/pre_cell_1.pickle
Try 1: cudf profiling the rewritten code for cell 1 took 242.83586859703064 seconds.
gpu_calls_orig_perc: 1.0, gpu_calls_opt_perc: 0.8
orig_time: 218.0, opt_time: 10500.0
Both the call ratio and the time are worse.
Rewritten code took 10500.0ms. The previous fastest solution took 218.0ms.
Previous best solution num GPU and CPU calls:  1 0
New solution num GPU and CPU calls:  4 1
========================================================
Rewriting cell 1... Try 2...
Manager agent prompt:
        <Original Code>:
        ### cell 1 ###

factor = 500
birth_data = pd.concat([birth_data] * factor)
        <Profiling data>:
          Function  GPU calls  CPU calls
0   concat          1          0
        <Execution time>: 218.0
        <Active Vars>: ['birth_data']
        <Future Vars>: []
        <Rewritten Code>:
        ### cell 1 ###

factor = 500
# replicate rows block-wise to match pd.concat semantics
birth_data = birth_data.loc[list(birth_data.index) * factor]
        <Profiling data>:
                               Function  GPU calls  CPU calls
0                     DataFrame          2          0
1           RangeIndex.__iter__          0          1
2            RangeIndex.__len__          1          0
3  _LocationIndexer.__getitem__          1          0
        <Execution time>: 10500.0
        <Execution output>: Rewritten time: 10500.0 ms
Original time: 218.0 ms
        <Iteration>: 3/5

==========Running the manager agent to decide the next step==========
Choice: new
Reason: The rewritten code is significantly slower than the original. We should attempt to find a different optimization approach for the original code.
Generating new code from the original code
Prompt:
        <Original Code>:
        ### cell 1 ###

factor = 500
birth_data = pd.concat([birth_data] * factor)
        <Profiling data>:
          Function  GPU calls  CPU calls
0   concat          1          0

        <Execution time>: 218.0
        <Active vars>: ['birth_data']

        <Future vars>: []

        <Iteration>: 3/5

Code: factor = 500
# instead of concatenating 500 copies, repeat the index and do one gather on the GPU
birth_data = birth_data.loc[birth_data.index.repeat(factor)]
Reason: Using .index.repeat plus a single .loc selection avoids building and concatenating a 500-element list of DataFrames; it issues one GPU‐side gather and is much faster than repeated concat.
Parsed response: factor = 500
# instead of concatenating 500 copies, repeat the index and do one gather on the GPU
birth_data = birth_data.loc[birth_data.index.repeat(factor)]
Try 2: calling rewrite agent for cell 1 took 29.137632846832275 seconds.
Executing rewritten code... ### cell 1 ###

factor = 500
# instead of concatenating 500 copies, repeat the index and do one gather on the GPU
birth_data = birth_data.loc[birth_data.index.repeat(factor)]
HAHA rewritten pre-checkpoint path:  /home/dias-benchmarks/new_notebooks/us-birth/annotated/checkpoints/post_cell_0.pickle
Running rewritten cell notebook
An unexpected error occurred An error occurred while executing the following cell:
------------------
birth_data_opt = birth_data
%LoadCheckpoint /home/dias-benchmarks/new_notebooks/us-birth/annotated/checkpoints/post_cell_1.pickle
assert compare_df(birth_data_opt, birth_data)

import numpy as np
import cudf
from elastic.core.common.pandas import is_type_styler
is_orig_output_pd = isinstance(orig_output, (pd.Series, pd.DataFrame, pd.Index))
is_opt_output_pd = isinstance(opt_output, (pd.Series, pd.DataFrame, pd.Index))
is_orig_output_array = isinstance(orig_output, (cudf.pandas._wrappers.numpy.ndarray, np.ndarray))
is_opt_output_array = isinstance(opt_output, (cudf.pandas._wrappers.numpy.ndarray, np.ndarray))
is_orig_output_styler = is_type_styler(type(orig_output))
is_opt_output_styler = is_type_styler(type(opt_output))
if is_orig_output_styler and is_opt_output_styler:
    assert orig_output.to_html() == opt_output.to_html()
elif is_orig_output_styler:
    assert orig_output.to_html() == opt_output.to_html()
elif is_opt_output_styler:
    assert opt_output.to_html() == orig_output

if is_orig_output_pd and is_opt_output_pd:
    assert orig_output.equals(opt_output)
# TODO(jie): this is a hack.
elif ((is_orig_output_pd or is_opt_output_pd) and (is_orig_output_array or is_opt_output_array)) or (is_orig_output_array and is_opt_output_array):
    assert list(orig_output) == list(opt_output)
else:
    assert orig_output == opt_output

------------------

----- stdout -----
trying: ['plt']
me:  0
trying: ['birth_data']
----- stdout -----
me:  3
trying: ['pd']
me:  0
trying: ['sns']
me:  0
trying: ['orig_output']
me:  4
trying: ['factor']
me:  3
trying: ['np']
me:  0
trying: ['time']
me:  0
Declaring variable plt
Declaring variable pd
Declaring variable sns
Declaring variable np
Declaring variable time
Declaring variable birth_data
Declaring variable factor
Declaring variable orig_output
------------------

[0;31m---------------------------------------------------------------------------[0m
[0;31mValueError[0m                                Traceback (most recent call last)
Cell [0;32mIn [9], line 3[0m
[1;32m      1[0m birth_data_opt [38;5;241m=[39m birth_data
[1;32m      2[0m get_ipython()[38;5;241m.[39mrun_line_magic([38;5;124m'[39m[38;5;124mLoadCheckpoint[39m[38;5;124m'[39m, [38;5;124m'[39m[38;5;124m/home/dias-benchmarks/new_notebooks/us-birth/annotated/checkpoints/post_cell_1.pickle[39m[38;5;124m'[39m)
[0;32m----> 3[0m [38;5;28;01massert[39;00m [43mcompare_df[49m[43m([49m[43mbirth_data_opt[49m[43m,[49m[43m [49m[43mbirth_data[49m[43m)[49m
[1;32m      5[0m [38;5;28;01mimport[39;00m[38;5;250m [39m[38;5;21;01mnumpy[39;00m[38;5;250m [39m[38;5;28;01mas[39;00m[38;5;250m [39m[38;5;21;01mnp[39;00m
[1;32m      6[0m [38;5;28;01mimport[39;00m[38;5;250m [39m[38;5;21;01mcudf[39;00m

File [0;32m/home/ElasticNotebook/elastic/core/common/pandas.py:89[0m, in [0;36mcompare_df[0;34m(df1, df2)[0m
[1;32m     86[0m         [38;5;28;01mraise[39;00m [38;5;167;01mValueError[39;00m([38;5;124mf[39m[38;5;124m"[39m[38;5;124mData type mismatch: [39m[38;5;132;01m{[39;00mdf1[38;5;241m.[39mdtype[38;5;132;01m}[39;00m[38;5;124m vs [39m[38;5;132;01m{[39;00mdf2[38;5;241m.[39mdtype[38;5;132;01m}[39;00m[38;5;124m"[39m)
[1;32m     88[0m [38;5;28;01mif[39;00m hash_obj(df1[38;5;241m.[39mvalues) [38;5;241m!=[39m hash_obj(df2[38;5;241m.[39mvalues):
[0;32m---> 89[0m     [38;5;28;01mraise[39;00m [38;5;167;01mValueError[39;00m([38;5;124mf[39m[38;5;124m"[39m[38;5;124mContent of df1 and df2 do not match[39m[38;5;124m"[39m)
[1;32m     91[0m [38;5;28;01mif[39;00m hash_obj(df1[38;5;241m.[39mindex[38;5;241m.[39mvalues) [38;5;241m!=[39m hash_obj(df2[38;5;241m.[39mindex[38;5;241m.[39mvalues):
[1;32m     92[0m     [38;5;28;01mraise[39;00m [38;5;167;01mValueError[39;00m([38;5;124m"[39m[38;5;124mIndex of df1 and df2 do not match[39m[38;5;124m"[39m)

[0;31mValueError[0m: Content of df1 and df2 do not match

Rewritten time: inf ms
Checkpointing the rewritten cell for small notebook...
========================================================
Rewriting cell 1... Try 3...
Manager agent prompt:
        <Original Code>:
        ### cell 1 ###

factor = 500
birth_data = pd.concat([birth_data] * factor)
        <Profiling data>:
          Function  GPU calls  CPU calls
0   concat          1          0
        <Execution time>: 218.0
        <Active Vars>: ['birth_data']
        <Future Vars>: []
        <Rewritten Code>:
        ### cell 1 ###

factor = 500
# instead of concatenating 500 copies, repeat the index and do one gather on the GPU
birth_data = birth_data.loc[birth_data.index.repeat(factor)]
        <Profiling data>:
                               Function  GPU calls  CPU calls
0                     DataFrame          2          0
1           RangeIndex.__iter__          0          1
2            RangeIndex.__len__          1          0
3  _LocationIndexer.__getitem__          1          0
        <Execution time>: inf
        <Execution output>: The rewritten code resulted in a runtime error. An error occurred while executing the following cell:
------------------
birth_data_opt = birth_data
%LoadCheckpoint /home/dias-benchmarks/new_notebooks/us-birth/annotated/checkpoints/post_cell_1.pickle
assert compare_df(birth_data_opt, birth_data)

import numpy as np
import cudf
from elastic.core.common.pandas import is_type_styler
is_orig_output_pd = isinstance(orig_output, (pd.Series, pd.DataFrame, pd.Index))
is_opt_output_pd = isinstance(opt_output, (pd.Series, pd.DataFrame, pd.Index))
is_orig_output_array = isinstance(orig_output, (cudf.pandas._wrappers.numpy.ndarray, np.ndarray))
is_opt_output_array = isinstance(opt_output, (cudf.pandas._wrappers.numpy.ndarray, np.ndarray))
is_orig_output_styler = is_type_styler(type(orig_output))
is_opt_output_styler = is_type_styler(type(opt_output))
if is_orig_output_styler and is_opt_output_styler:
    assert orig_output.to_html() == opt_output.to_html()
elif is_orig_output_styler:
    assert orig_output.to_html() == opt_output.to_html()
elif is_opt_output_styler:
    assert opt_output.to_html() == orig_output

if is_orig_output_pd and is_opt_output_pd:
    assert orig_output.equals(opt_output)
# TODO(jie): this is a hack.
elif ((is_orig_output_pd or is_opt_output_pd) and (is_orig_output_array or is_opt_output_array)) or (is_orig_output_array and is_opt_output_array):
    assert list(orig_output) == list(opt_output)
else:
    assert orig_output == opt_output

------------------

----- stdout -----
trying: ['plt']
me:  0
trying: ['birth_data']
----- stdout -----
me:  3
trying: ['pd']
me:  0
trying: ['sns']
me:  0
trying: ['orig_output']
me:  4
trying: ['factor']
me:  3
trying: ['np']
me:  0
trying: ['time']
me:  0
Declaring variable plt
Declaring variable pd
Declaring variable sns
Declaring variable np
Declaring variable time
Declaring variable birth_data
Declaring variable factor
Declaring variable orig_output
------------------

[0;31m---------------------------------------------------------------------------[0m
[0;31mValueError[0m                                Traceback (most recent call last)
Cell [0;32mIn [9], line 3[0m
[1;32m      1[0m birth_data_opt [38;5;241m=[39m birth_data
[1;32m      2[0m get_ipython()[38;5;241m.[39mrun_line_magic([38;5;124m'[39m[38;5;124mLoadCheckpoint[39m[38;5;124m'[39m, [38;5;124m'[39m[38;5;124m/home/dias-benchmarks/new_notebooks/us-birth/annotated/checkpoints/post_cell_1.pickle[39m[38;5;124m'[39m)
[0;32m----> 3[0m [38;5;28;01massert[39;00m [43mcompare_df[49m[43m([49m[43mbirth_data_opt[49m[43m,[49m[43m [49m[43mbirth_data[49m[43m)[49m
[1;32m      5[0m [38;5;28;01mimport[39;00m[38;5;250m [39m[38;5;21;01mnumpy[39;00m[38;5;250m [39m[38;5;28;01mas[39;00m[38;5;250m [39m[38;5;21;01mnp[39;00m
[1;32m      6[0m [38;5;28;01mimport[39;00m[38;5;250m [39m[38;5;21;01mcudf[39;00m

File [0;32m/home/ElasticNotebook/elastic/core/common/pandas.py:89[0m, in [0;36mcompare_df[0;34m(df1, df2)[0m
[1;32m     86[0m         [38;5;28;01mraise[39;00m [38;5;167;01mValueError[39;00m([38;5;124mf[39m[38;5;124m"[39m[38;5;124mData type mismatch: [39m[38;5;132;01m{[39;00mdf1[38;5;241m.[39mdtype[38;5;132;01m}[39;00m[38;5;124m vs [39m[38;5;132;01m{[39;00mdf2[38;5;241m.[39mdtype[38;5;132;01m}[39;00m[38;5;124m"[39m)
[1;32m     88[0m [38;5;28;01mif[39;00m hash_obj(df1[38;5;241m.[39mvalues) [38;5;241m!=[39m hash_obj(df2[38;5;241m.[39mvalues):
[0;32m---> 89[0m     [38;5;28;01mraise[39;00m [38;5;167;01mValueError[39;00m([38;5;124mf[39m[38;5;124m"[39m[38;5;124mContent of df1 and df2 do not match[39m[38;5;124m"[39m)
[1;32m     91[0m [38;5;28;01mif[39;00m hash_obj(df1[38;5;241m.[39mindex[38;5;241m.[39mvalues) [38;5;241m!=[39m hash_obj(df2[38;5;241m.[39mindex[38;5;241m.[39mvalues):
[1;32m     92[0m     [38;5;28;01mraise[39;00m [38;5;167;01mValueError[39;00m([38;5;124m"[39m[38;5;124mIndex of df1 and df2 do not match[39m[38;5;124m"[39m)

[0;31mValueError[0m: Content of df1 and df2 do not match

        <Iteration>: 4/5

==========Running the manager agent to decide the next step==========
Choice: repair
Reason: The rewritten code led to a runtime error, so repairing the code is the best step to ensure it functions correctly.
Code fixer prompt:
        <Original Code>:
        ### cell 1 ###

factor = 500
birth_data = pd.concat([birth_data] * factor)
        <Profiling data>:
          Function  GPU calls  CPU calls
0   concat          1          0
        <Execution time>: 218.0
        <Active Vars>: ['birth_data']
        <Future Vars>: []
        <Rewritten Code>:
        ### cell 1 ###

factor = 500
# instead of concatenating 500 copies, repeat the index and do one gather on the GPU
birth_data = birth_data.loc[birth_data.index.repeat(factor)]
        <Profiling data>:
                               Function  GPU calls  CPU calls
0                     DataFrame          2          0
1           RangeIndex.__iter__          0          1
2            RangeIndex.__len__          1          0
3  _LocationIndexer.__getitem__          1          0
        <Execution time>: inf
        <Execution output>: The rewritten code resulted in a runtime error. An error occurred while executing the following cell:
------------------
birth_data_opt = birth_data
%LoadCheckpoint /home/dias-benchmarks/new_notebooks/us-birth/annotated/checkpoints/post_cell_1.pickle
assert compare_df(birth_data_opt, birth_data)

import numpy as np
import cudf
from elastic.core.common.pandas import is_type_styler
is_orig_output_pd = isinstance(orig_output, (pd.Series, pd.DataFrame, pd.Index))
is_opt_output_pd = isinstance(opt_output, (pd.Series, pd.DataFrame, pd.Index))
is_orig_output_array = isinstance(orig_output, (cudf.pandas._wrappers.numpy.ndarray, np.ndarray))
is_opt_output_array = isinstance(opt_output, (cudf.pandas._wrappers.numpy.ndarray, np.ndarray))
is_orig_output_styler = is_type_styler(type(orig_output))
is_opt_output_styler = is_type_styler(type(opt_output))
if is_orig_output_styler and is_opt_output_styler:
    assert orig_output.to_html() == opt_output.to_html()
elif is_orig_output_styler:
    assert orig_output.to_html() == opt_output.to_html()
elif is_opt_output_styler:
    assert opt_output.to_html() == orig_output

if is_orig_output_pd and is_opt_output_pd:
    assert orig_output.equals(opt_output)
# TODO(jie): this is a hack.
elif ((is_orig_output_pd or is_opt_output_pd) and (is_orig_output_array or is_opt_output_array)) or (is_orig_output_array and is_opt_output_array):
    assert list(orig_output) == list(opt_output)
else:
    assert orig_output == opt_output

------------------

----- stdout -----
trying: ['plt']
me:  0
trying: ['birth_data']
----- stdout -----
me:  3
trying: ['pd']
me:  0
trying: ['sns']
me:  0
trying: ['orig_output']
me:  4
trying: ['factor']
me:  3
trying: ['np']
me:  0
trying: ['time']
me:  0
Declaring variable plt
Declaring variable pd
Declaring variable sns
Declaring variable np
Declaring variable time
Declaring variable birth_data
Declaring variable factor
Declaring variable orig_output
------------------

[0;31m---------------------------------------------------------------------------[0m
[0;31mValueError[0m                                Traceback (most recent call last)
Cell [0;32mIn [9], line 3[0m
[1;32m      1[0m birth_data_opt [38;5;241m=[39m birth_data
[1;32m      2[0m get_ipython()[38;5;241m.[39mrun_line_magic([38;5;124m'[39m[38;5;124mLoadCheckpoint[39m[38;5;124m'[39m, [38;5;124m'[39m[38;5;124m/home/dias-benchmarks/new_notebooks/us-birth/annotated/checkpoints/post_cell_1.pickle[39m[38;5;124m'[39m)
[0;32m----> 3[0m [38;5;28;01massert[39;00m [43mcompare_df[49m[43m([49m[43mbirth_data_opt[49m[43m,[49m[43m [49m[43mbirth_data[49m[43m)[49m
[1;32m      5[0m [38;5;28;01mimport[39;00m[38;5;250m [39m[38;5;21;01mnumpy[39;00m[38;5;250m [39m[38;5;28;01mas[39;00m[38;5;250m [39m[38;5;21;01mnp[39;00m
[1;32m      6[0m [38;5;28;01mimport[39;00m[38;5;250m [39m[38;5;21;01mcudf[39;00m

File [0;32m/home/ElasticNotebook/elastic/core/common/pandas.py:89[0m, in [0;36mcompare_df[0;34m(df1, df2)[0m
[1;32m     86[0m         [38;5;28;01mraise[39;00m [38;5;167;01mValueError[39;00m([38;5;124mf[39m[38;5;124m"[39m[38;5;124mData type mismatch: [39m[38;5;132;01m{[39;00mdf1[38;5;241m.[39mdtype[38;5;132;01m}[39;00m[38;5;124m vs [39m[38;5;132;01m{[39;00mdf2[38;5;241m.[39mdtype[38;5;132;01m}[39;00m[38;5;124m"[39m)
[1;32m     88[0m [38;5;28;01mif[39;00m hash_obj(df1[38;5;241m.[39mvalues) [38;5;241m!=[39m hash_obj(df2[38;5;241m.[39mvalues):
[0;32m---> 89[0m     [38;5;28;01mraise[39;00m [38;5;167;01mValueError[39;00m([38;5;124mf[39m[38;5;124m"[39m[38;5;124mContent of df1 and df2 do not match[39m[38;5;124m"[39m)
[1;32m     91[0m [38;5;28;01mif[39;00m hash_obj(df1[38;5;241m.[39mindex[38;5;241m.[39mvalues) [38;5;241m!=[39m hash_obj(df2[38;5;241m.[39mindex[38;5;241m.[39mvalues):
[1;32m     92[0m     [38;5;28;01mraise[39;00m [38;5;167;01mValueError[39;00m([38;5;124m"[39m[38;5;124mIndex of df1 and df2 do not match[39m[38;5;124m"[39m)

[0;31mValueError[0m: Content of df1 and df2 do not match

        <Iteration>: 4/5

Repairing the last generated code
Code: ### cell 1 ###
factor = 500
# replicate the entire DataFrame in blocks via one GPU gather
# build a single index array [0,1,…,n-1,0,1,…,n-1,…] and .take it
birth_data = birth_data.take(
    np.tile(np.arange(len(birth_data)), factor)
)
Reason: Using .loc(birth_data.index.repeat(factor)) was grouping each row 500× (0,0,1,1,2,2…), but pd.concat([…]*factor) produces blocks of the full DataFrame (0,1,2…,0,1,2…,…). By tiling the range(len) and then calling .take once, we perform exactly the same block-wise repetition in a single GPU gather and preserve the original order and content.
Parsed response: ### cell 1 ###
factor = 500
# replicate the entire DataFrame in blocks via one GPU gather
# build a single index array [0,1,…,n-1,0,1,…,n-1,…] and .take it
birth_data = birth_data.take(
    np.tile(np.arange(len(birth_data)), factor)
)
Try 3: calling rewrite agent for cell 1 took 59.506895780563354 seconds.
Executing rewritten code... ### cell 1 ###
factor = 500
# replicate the entire DataFrame in blocks via one GPU gather
# build a single index array [0,1,…,n-1,0,1,…,n-1,…] and .take it
birth_data = birth_data.take(
    np.tile(np.arange(len(birth_data)), factor)
)
HAHA rewritten pre-checkpoint path:  /home/dias-benchmarks/new_notebooks/us-birth/annotated/checkpoints/post_cell_0.pickle
Running rewritten cell notebook
Finished executing the rewritten code.
Try 3: executing the rewritten code for cell 1 took 25.415157079696655 seconds.
Rewritten time: 67.5 ms
Checkpointing the rewritten cell for small notebook...
The rewritten code is correct. Profiling cudf...
HAHA small rewritten pre-checkpoint path:  /home/dias-benchmarks/new_notebooks/us-birth/small_bench/checkpoints/pre_cell_1.pickle
Try 3: cudf profiling the rewritten code for cell 1 took 7.22674036026001 seconds.
gpu_calls_orig_perc: 1.0, gpu_calls_opt_perc: 1.0
orig_time: 218.0, opt_time: 67.5
Both the call ratio and the time are better.
Rewritten code took 67.5ms. The previous fastest solution took 218.0ms.
Previous best solution num GPU and CPU calls:  1 0
New solution num GPU and CPU calls:  2 0
Accepted the rewritten code.
Setting best_rewritten_post_checkpoint_path to  /home/dias-benchmarks/new_notebooks/us-birth/rewritten/q20_rewrite/checkpoints/post_cell_1_try_3.pickle
Setting best_small_rewritten_post_checkpoint_path to  /home/dias-benchmarks/new_notebooks/us-birth/rewritten/q20_small_rewrite/checkpoints/post_cell_1_try_3.pickle
========================================================
Rewriting cell 1... Try 4...
Manager agent prompt:
        <Original Code>:
        ### cell 1 ###

factor = 500
birth_data = pd.concat([birth_data] * factor)
        <Profiling data>:
          Function  GPU calls  CPU calls
0   concat          1          0
        <Execution time>: 218.0
        <Active Vars>: ['birth_data']
        <Future Vars>: []
        <Rewritten Code>:
        ### cell 1 ###
factor = 500
# replicate the entire DataFrame in blocks via one GPU gather
# build a single index array [0,1,…,n-1,0,1,…,n-1,…] and .take it
birth_data = birth_data.take(
    np.tile(np.arange(len(birth_data)), factor)
)
        <Profiling data>:
                    Function  GPU calls  CPU calls
0  DataFrame.__len__          1          0
1       NDFrame.take          1          0
        <Execution time>: 67.5
        <Execution output>: Rewritten time: 67.5 ms
Original time: 218.0 ms
        <Iteration>: 5/5

==========Running the manager agent to decide the next step==========
Choice: done
Reason: The rewritten code is significantly optimized using GPU with the `.take()` method, improving execution time from 218.0 ms to 67.5 ms. No further optimization is necessary.
Code is already optimized
Try 4: calling rewrite agent for cell 1 took 1.4650135040283203 seconds.
========================================================
After rewriting cell  1
Rewritten pre-checkpoint path: /home/dias-benchmarks/new_notebooks/us-birth/rewritten/q20_rewrite/checkpoints/post_cell_1_try_3.pickle
Pre-checkpoint path: /home/dias-benchmarks/new_notebooks/us-birth/annotated/checkpoints/post_cell_1.pickle
========================================================
Cell 1 rewriting took 577.8066945075989 seconds.
Getting original timing for cell 2
HAHA original checkpoint path:  /home/dias-benchmarks/new_notebooks/us-birth/annotated/checkpoints/post_cell_1.pickle
Setting initially best_rewritten_post_checkpoint_path:  /home/dias-benchmarks/new_notebooks/us-birth/annotated/checkpoints/post_cell_2.pickle
Setting initially best_small_rewritten_post_checkpoint_path:  /home/dias-benchmarks/new_notebooks/us-birth/small_bench/checkpoints/pre_cell_3.pickle
========================================================
Rewriting cell 2... Try 0...
Manager agent prompt:
        <Original Code>:
        ### cell 2 ###

birth_data.shape, birth_data.info()
        <Profiling data>:
                 Function  GPU calls  CPU calls
0       DataFrame          1          0
1  DataFrame.info          1          0

        <Execution time>: 17.0
        <Active vars>: []

        <Future vars>: ['birth_data']

        <Iteration>: 1/5

==========Running the manager agent to decide the next step==========
Choice: done
Reason: The code's primary purpose is to display the DataFrame's shape and info. This is a debugging operation and doesn't require optimization.
Code is already optimized
Try 0: calling rewrite agent for cell 2 took 1.563258171081543 seconds.
There is no need to rewrite the cell.
Could not rewrite the cell. Continuing to next cell...
========================================================
After rewriting cell  2
Rewritten pre-checkpoint path: /home/dias-benchmarks/new_notebooks/us-birth/annotated/checkpoints/post_cell_2.pickle
Pre-checkpoint path: /home/dias-benchmarks/new_notebooks/us-birth/annotated/checkpoints/post_cell_2.pickle
========================================================
Cell 2 rewriting took 20.700528860092163 seconds.
Getting original timing for cell 3
HAHA original checkpoint path:  /home/dias-benchmarks/new_notebooks/us-birth/annotated/checkpoints/post_cell_2.pickle
Setting initially best_rewritten_post_checkpoint_path:  /home/dias-benchmarks/new_notebooks/us-birth/annotated/checkpoints/post_cell_3.pickle
Setting initially best_small_rewritten_post_checkpoint_path:  /home/dias-benchmarks/new_notebooks/us-birth/small_bench/checkpoints/pre_cell_4.pickle
========================================================
Rewriting cell 3... Try 0...
Manager agent prompt:
        <Original Code>:
        ### cell 3 ###

birth_data = birth_data.fillna(0)
birth_data['day'] = birth_data['day'].astype(int)
birth_data.info()
        <Profiling data>:
                        Function  GPU calls  CPU calls
0         NDFrame.fillna          1          0
1  DataFrame.__getitem__          1          0
2         NDFrame.astype          1          0
3  DataFrame.__setitem__          1          0
4         DataFrame.info          1          0

        <Execution time>: 27.4
        <Active vars>: ['birth_data']

        <Future vars>: []

        <Iteration>: 1/5

==========Running the manager agent to decide the next step==========
Choice: new
Reason: The original code does not have a rewritten alternative, and the execution involves simple data manipulation that can be optimized further, potentially with more efficient methods or libraries.
Generating new code from the original code
Prompt:
        <Original Code>:
        ### cell 3 ###

birth_data = birth_data.fillna(0)
birth_data['day'] = birth_data['day'].astype(int)
birth_data.info()
        <Profiling data>:
                        Function  GPU calls  CPU calls
0         NDFrame.fillna          1          0
1  DataFrame.__getitem__          1          0
2         NDFrame.astype          1          0
3  DataFrame.__setitem__          1          0
4         DataFrame.info          1          0

        <Execution time>: 27.4
        <Active vars>: ['birth_data']

        <Future vars>: []

        <Iteration>: 1/5

Code: # Chain fillna and astype into a single pipeline to cut down on intermediate GPU operations
birth_data = birth_data.fillna(0).astype({ 'day': 'int64' })
birth_data.info()
Reason: By combining fillna and the cast of the 'day' column into one chained operation, we eliminate separate __getitem__ and __setitem__ calls. This reduces the total number of GPU calls from 5 to 3 while remaining semantically equivalent.
Parsed response: # Chain fillna and astype into a single pipeline to cut down on intermediate GPU operations
birth_data = birth_data.fillna(0).astype({ 'day': 'int64' })
birth_data.info()
Try 0: calling rewrite agent for cell 3 took 24.610980987548828 seconds.
Executing rewritten code... ### cell 3 ###

# Chain fillna and astype into a single pipeline to cut down on intermediate GPU operations
birth_data = birth_data.fillna(0).astype({ 'day': 'int64' })
birth_data.info()
HAHA rewritten pre-checkpoint path:  /home/dias-benchmarks/new_notebooks/us-birth/annotated/checkpoints/post_cell_2.pickle
Running rewritten cell notebook
Finished executing the rewritten code.
Try 0: executing the rewritten code for cell 3 took 27.6711745262146 seconds.
Rewritten time: 28.9 ms
Checkpointing the rewritten cell for small notebook...
The rewritten code is correct. Profiling cudf...
HAHA small rewritten pre-checkpoint path:  /home/dias-benchmarks/new_notebooks/us-birth/small_bench/checkpoints/pre_cell_3.pickle
Try 0: cudf profiling the rewritten code for cell 3 took 6.683006286621094 seconds.
gpu_calls_orig_perc: 1.0, gpu_calls_opt_perc: 1.0
orig_time: 27.4, opt_time: 28.9
Ratio improves.
Improvement in percentage does not make up for the slowdown.
Rewritten code took 28.9ms. The previous fastest solution took 27.4ms.
Previous best solution num GPU and CPU calls:  5 0
New solution num GPU and CPU calls:  3 0
========================================================
Rewriting cell 3... Try 1...
Manager agent prompt:
        <Original Code>:
        ### cell 3 ###

birth_data = birth_data.fillna(0)
birth_data['day'] = birth_data['day'].astype(int)
birth_data.info()
        <Profiling data>:
                        Function  GPU calls  CPU calls
0         NDFrame.fillna          1          0
1  DataFrame.__getitem__          1          0
2         NDFrame.astype          1          0
3  DataFrame.__setitem__          1          0
4         DataFrame.info          1          0
        <Execution time>: 27.4
        <Active Vars>: ['birth_data']
        <Future Vars>: []
        <Rewritten Code>:
        ### cell 3 ###

# Chain fillna and astype into a single pipeline to cut down on intermediate GPU operations
birth_data = birth_data.fillna(0).astype({ 'day': 'int64' })
birth_data.info()
        <Profiling data>:
                 Function  GPU calls  CPU calls
0  NDFrame.fillna          1          0
1  NDFrame.astype          1          0
2  DataFrame.info          1          0
        <Execution time>: 28.9
        <Execution output>: Rewritten time: 28.9 ms
Original time: 27.4 ms
        <Iteration>: 2/5

==========Running the manager agent to decide the next step==========
Choice: done
Reason: The rewritten code is already optimized by chaining operations together. The primary purpose of the last line is to print out information, which cannot be further optimized. Given there are no additional alternative optimizations available and the nature of the operations, no further action is needed.
Code is already optimized
Try 1: calling rewrite agent for cell 3 took 1.7028400897979736 seconds.
Could not rewrite the cell. Continuing to next cell...
========================================================
After rewriting cell  3
Rewritten pre-checkpoint path: /home/dias-benchmarks/new_notebooks/us-birth/annotated/checkpoints/post_cell_3.pickle
Pre-checkpoint path: /home/dias-benchmarks/new_notebooks/us-birth/annotated/checkpoints/post_cell_3.pickle
========================================================
Cell 3 rewriting took 90.36990022659302 seconds.
Getting original timing for cell 4
HAHA original checkpoint path:  /home/dias-benchmarks/new_notebooks/us-birth/annotated/checkpoints/post_cell_3.pickle
Setting initially best_rewritten_post_checkpoint_path:  /home/dias-benchmarks/new_notebooks/us-birth/annotated/checkpoints/post_cell_4.pickle
Setting initially best_small_rewritten_post_checkpoint_path:  /home/dias-benchmarks/new_notebooks/us-birth/small_bench/checkpoints/pre_cell_5.pickle
========================================================
Rewriting cell 4... Try 0...
Manager agent prompt:
        <Original Code>:
        ### cell 4 ###

birth_data.sample(5, random_state=0)
        <Profiling data>:
                     Function  GPU calls  CPU calls
0      NDFrame.sample          1          0
1  DataFrame.__repr__          1          0

        <Execution time>: 177.0
        <Active vars>: []

        <Future vars>: ['birth_data']

        <Iteration>: 1/5

==========Running the manager agent to decide the next step==========
Choice: done
Reason: The code is used for sampling, which is primarily for inspection and doesn't require optimization.
Code is already optimized
Try 0: calling rewrite agent for cell 4 took 1.3472216129302979 seconds.
There is no need to rewrite the cell.
Could not rewrite the cell. Continuing to next cell...
========================================================
After rewriting cell  4
Rewritten pre-checkpoint path: /home/dias-benchmarks/new_notebooks/us-birth/annotated/checkpoints/post_cell_4.pickle
Pre-checkpoint path: /home/dias-benchmarks/new_notebooks/us-birth/annotated/checkpoints/post_cell_4.pickle
========================================================
Cell 4 rewriting took 20.210849285125732 seconds.
Getting original timing for cell 5
HAHA original checkpoint path:  /home/dias-benchmarks/new_notebooks/us-birth/annotated/checkpoints/post_cell_4.pickle
Setting initially best_rewritten_post_checkpoint_path:  /home/dias-benchmarks/new_notebooks/us-birth/annotated/checkpoints/post_cell_5.pickle
Setting initially best_small_rewritten_post_checkpoint_path:  /home/dias-benchmarks/new_notebooks/us-birth/small_bench/checkpoints/pre_cell_6.pickle
========================================================
Rewriting cell 5... Try 0...
Manager agent prompt:
        <Original Code>:
        ### cell 5 ###

#Code to add the decade column
birth_data['decade'] = 10 * (birth_data['year'] // 10)
birth_data.head()
        <Profiling data>:
                        Function  GPU calls  CPU calls
0  DataFrame.__getitem__          1          0
1  OpsMixin.__floordiv__          1          0
2      OpsMixin.__rmul__          1          0
3  DataFrame.__setitem__          1          0
4           NDFrame.head          1          0
5     DataFrame.__repr__          1          0

        <Execution time>: 16.2
        <Active vars>: ['birth_data']

        <Future vars>: []

        <Iteration>: 1/5

==========Running the manager agent to decide the next step==========
Choice: optimize
Reason: The code is simple and can potentially be optimized using efficient cudf operations or vectorized computations. It's worth exploring further optimizations at this stage as we have more iterations left.
