Command: python -u main.py adidas-retail-eda-data-visualization
Started: Sun Mar 29 06:00:20 PM PDT 2026
Annotated notebook saved to /scratch/jieq/pandax/dias_notebooks/saisandeepjallepalli/adidas-retail-eda-data-visualization/src/cell_exec_info.ipynb
Executing code: import sys, os
%load_ext ElasticNotebook
from elastic.core.common.pandas import compare_df, convert_col
import pickle
Executing code: %%RecordEventWithColumnInfo
from pathlib import Path
# This Python 3 environment comes with many helpful analytics libraries installed
# It is defined by the kaggle/python Docker image: https://github.com/kaggle/docker-python
# For example, here's several helpful packages to load

import numpy as np # linear algebra
import os
from utils.benchmarks import BENCHMARKS_TO_PATHS
if "IREWR_WITH_MODIN" in os.environ and os.environ["IREWR_WITH_MODIN"] == "True":
    import os
    os.environ["MODIN_ENGINE"] = "ray"
    import ray
    ray.init(num_cpus=int(os.environ['MODIN_CPUS']), runtime_env={'env_vars': {'__MODIN_AUTOIMPORT_PANDAS__': '1'}})
    import modin.pandas as pd
else:
    import pandas as pd
import matplotlib.pyplot as plt
import seaborn as sns
import time
sns.set()

# Input data files are available in the read-only "../input/" directory
# For example, running this (by clicking run or pressing Shift+Enter) will list all files under the input directory

import os
for dirname, _, filenames in os.walk('/kaggle/input'):
    for filename in filenames:
        print(os.path.join(dirname, filename))

# You can write up to 20GB to the current directory (/kaggle/working/) that gets preserved as output when you create a version using "Save & Run All" 
# You can also write temporary files to /kaggle/temp/, but they won't be saved outside of the current session
Executing code: %%RecordEventWithColumnInfo
### cell 0 ###

df = pd.read_csv(Path(BENCHMARKS_TO_PATHS[benchmark_name]).parent / "input" / "adidas-us-retail-products-dataset" / "adidas.csv")
factor = 10
df = pd.concat([df]*factor)
df.info()
Traceback (most recent call last):
  File "/scratch/jieq/pandax/main.py", line 315, in <module>
    asyncio.run(main())
  File "/scratch/jieq/conda-envs/rapids-26.02/lib/python3.10/asyncio/runners.py", line 44, in run
    return loop.run_until_complete(main)
  File "/scratch/jieq/conda-envs/rapids-26.02/lib/python3.10/asyncio/base_events.py", line 649, in run_until_complete
    return future.result()
  File "/scratch/jieq/pandax/main.py", line 119, in main
    cell_exec_info = get_cell_exec_info(small_notebook_path, shell)
  File "/scratch/jieq/pandax/utils/schedule.py", line 67, in get_cell_exec_info
    execute_cell(cell, shell)
  File "/scratch/jieq/pandax/utils/execution.py", line 193, in execute_cell
    return execute_code(cell.source, shell)
  File "/scratch/jieq/pandax/utils/execution.py", line 187, in execute_code
    raise Exception(f"Error in code execution: {captured_output}")
Exception: Error in code execution: [0;31m---------------------------------------------------------------------------[0m
[0;31mNameError[0m                                 Traceback (most recent call last)
Cell [0;32mIn[1], line 3[0m
[1;32m      1[0m [38;5;66;03m### cell 0 ###[39;00m
[0;32m----> 3[0m df [38;5;241m=[39m pd[38;5;241m.[39mread_csv(Path(BENCHMARKS_TO_PATHS[[43mbenchmark_name[49m])[38;5;241m.[39mparent [38;5;241m/[39m [38;5;124m"[39m[38;5;124minput[39m[38;5;124m"[39m [38;5;241m/[39m [38;5;124m"[39m[38;5;124madidas-us-retail-products-dataset[39m[38;5;124m"[39m [38;5;241m/[39m [38;5;124m"[39m[38;5;124madidas.csv[39m[38;5;124m"[39m)
[1;32m      4[0m factor [38;5;241m=[39m [38;5;241m10[39m
[1;32m      5[0m df [38;5;241m=[39m pd[38;5;241m.[39mconcat([df][38;5;241m*[39mfactor)

[0;31mNameError[0m: name 'benchmark_name' is not defined

Status: FAILED (exit 1)
Finished: Sun Mar 29 06:00:26 PM PDT 2026

